2025/04/21 10:09:50 Received {c3 n1 {"type":"init","node_id":"n1","node_ids":["n0","n1","n2","n3","n4"],"msg_id":1}}
2025/04/21 10:09:50 Node n1 initialized
2025/04/21 10:09:50 Sent {"src":"n1","dest":"c3","body":{"in_reply_to":1,"type":"init_ok"}}
2025/04/21 10:09:50 Received {c6 n1 {"type":"topology","topology":{"n0":["n3","n1"],"n1":["n4","n2","n0"],"n2":["n1"],"n3":["n0","n4"],"n4":["n1","n3"]},"msg_id":1}}
2025/04/21 10:09:50 Sent {"src":"n1","dest":"c6","body":{"in_reply_to":1,"msg_id":1,"type":"topology_ok"}}
2025/04/21 10:09:51 Received {n0 n1 {"data_id":"c10_1","message":0,"msg_id":2,"seen_nodes":["n0","n3","n1"],"type":"gossip"}}
2025/04/21 10:09:51 Sent {"src":"n1","dest":"n4","body":{"data_id":"c10_1","message":0,"msg_id":1,"seen_nodes":["n1","n0","n3","n4"],"type":"gossip"}}
2025/04/21 10:09:51 Sent {"src":"n1","dest":"n2","body":{"data_id":"c10_1","message":0,"msg_id":2,"seen_nodes":["n1","n0","n3","n4","n2"],"type":"gossip"}}
2025/04/21 10:09:51 Sent {"src":"n1","dest":"n0","body":{"already_seen":false,"in_reply_to":2,"msg_id":4,"seen_nodes":["n1","n0","n3","n4","n2"],"type":"gossip_ok"}}
2025/04/21 10:09:51 Received {c11 n1 {"type":"broadcast","message":1,"msg_id":1}}
2025/04/21 10:09:51 Sent {"src":"n1","dest":"n4","body":{"data_id":"c11_1","message":1,"msg_id":3,"seen_nodes":["n1","n4"],"type":"gossip"}}
2025/04/21 10:09:51 Sent {"src":"n1","dest":"n2","body":{"data_id":"c11_1","message":1,"msg_id":4,"seen_nodes":["n1","n4","n2"],"type":"gossip"}}
2025/04/21 10:09:51 Sent {"src":"n1","dest":"n0","body":{"data_id":"c11_1","message":1,"msg_id":5,"seen_nodes":["n1","n4","n2","n0"],"type":"gossip"}}
2025/04/21 10:09:51 Sent {"src":"n1","dest":"c11","body":{"in_reply_to":1,"msg_id":8,"type":"broadcast_ok"}}
2025/04/21 10:09:51 Received {n4 n1 {"data_id":"c14_1","message":3,"msg_id":1,"seen_nodes":["n4","n1"],"type":"gossip"}}
2025/04/21 10:09:51 Sent {"src":"n1","dest":"n2","body":{"data_id":"c14_1","message":3,"msg_id":6,"seen_nodes":["n1","n4","n2"],"type":"gossip"}}
2025/04/21 10:09:51 Received {c11 n1 {"type":"read","msg_id":2}}
2025/04/21 10:09:51 Sent {"src":"n1","dest":"n0","body":{"data_id":"c14_1","message":3,"msg_id":7,"seen_nodes":["n1","n4","n2","n0"],"type":"gossip"}}
2025/04/21 10:09:51 Sent {"src":"n1","dest":"n4","body":{"already_seen":false,"in_reply_to":1,"msg_id":11,"seen_nodes":["n1","n4","n2","n0"],"type":"gossip_ok"}}
2025/04/21 10:09:51 Sent {"src":"n1","dest":"c11","body":{"in_reply_to":2,"messages":[1,3,0],"msg_id":12,"type":"read_ok"}}
2025/04/21 10:09:52 Received {n0 n1 {"data_id":"c10_3","message":4,"msg_id":4,"seen_nodes":["n0","n3","n1"],"type":"gossip"}}
2025/04/21 10:09:52 Sent {"src":"n1","dest":"n4","body":{"data_id":"c10_3","message":4,"msg_id":8,"seen_nodes":["n1","n0","n3","n4"],"type":"gossip"}}
2025/04/21 10:09:52 Sent {"src":"n1","dest":"n2","body":{"data_id":"c10_3","message":4,"msg_id":9,"seen_nodes":["n1","n0","n3","n4","n2"],"type":"gossip"}}
2025/04/21 10:09:52 Sent {"src":"n1","dest":"n0","body":{"already_seen":false,"in_reply_to":4,"msg_id":15,"seen_nodes":["n1","n0","n3","n4","n2"],"type":"gossip_ok"}}
2025/04/21 10:09:52 Received {n2 n1 {"data_id":"c12_2","message":5,"msg_id":1,"seen_nodes":["n2","n1"],"type":"gossip"}}
2025/04/21 10:09:52 Received {c11 n1 {"type":"read","msg_id":3}}
2025/04/21 10:09:52 Sent {"src":"n1","dest":"n4","body":{"data_id":"c12_2","message":5,"msg_id":10,"seen_nodes":["n1","n2","n4"],"type":"gossip"}}
2025/04/21 10:09:52 Sent {"src":"n1","dest":"n0","body":{"data_id":"c12_2","message":5,"msg_id":11,"seen_nodes":["n1","n2","n4","n0"],"type":"gossip"}}
2025/04/21 10:09:52 Sent {"src":"n1","dest":"n2","body":{"already_seen":false,"in_reply_to":1,"msg_id":18,"seen_nodes":["n1","n2","n4","n0"],"type":"gossip_ok"}}
2025/04/21 10:09:52 Sent {"src":"n1","dest":"c11","body":{"in_reply_to":3,"messages":[1,3,4,5,0],"msg_id":19,"type":"read_ok"}}
2025/04/21 10:09:52 Received {n4 n1 {"data_id":"c14_2","message":6,"msg_id":3,"seen_nodes":["n4","n1"],"type":"gossip"}}
2025/04/21 10:09:52 Received {c11 n1 {"type":"broadcast","message":9,"msg_id":4}}
2025/04/21 10:09:52 Sent {"src":"n1","dest":"n2","body":{"data_id":"c14_2","message":6,"msg_id":12,"seen_nodes":["n1","n4","n2"],"type":"gossip"}}
2025/04/21 10:09:52 Sent {"src":"n1","dest":"n0","body":{"data_id":"c14_2","message":6,"msg_id":13,"seen_nodes":["n1","n4","n2","n0"],"type":"gossip"}}
2025/04/21 10:09:52 Sent {"src":"n1","dest":"n4","body":{"already_seen":false,"in_reply_to":3,"msg_id":22,"seen_nodes":["n1","n4","n2","n0"],"type":"gossip_ok"}}
2025/04/21 10:09:52 Sent {"src":"n1","dest":"n4","body":{"data_id":"c11_4","message":9,"msg_id":14,"seen_nodes":["n1","n4"],"type":"gossip"}}
2025/04/21 10:09:52 Sent {"src":"n1","dest":"n2","body":{"data_id":"c11_4","message":9,"msg_id":15,"seen_nodes":["n1","n4","n2"],"type":"gossip"}}
2025/04/21 10:09:52 Sent {"src":"n1","dest":"n0","body":{"data_id":"c11_4","message":9,"msg_id":16,"seen_nodes":["n1","n4","n2","n0"],"type":"gossip"}}
2025/04/21 10:09:52 Sent {"src":"n1","dest":"c11","body":{"in_reply_to":4,"msg_id":26,"type":"broadcast_ok"}}
2025/04/21 10:09:52 Received {c11 n1 {"type":"broadcast","message":10,"msg_id":5}}
2025/04/21 10:09:52 Sent {"src":"n1","dest":"n4","body":{"data_id":"c11_5","message":10,"msg_id":17,"seen_nodes":["n1","n4"],"type":"gossip"}}
2025/04/21 10:09:52 Sent {"src":"n1","dest":"n2","body":{"data_id":"c11_5","message":10,"msg_id":18,"seen_nodes":["n1","n4","n2"],"type":"gossip"}}
2025/04/21 10:09:52 Sent {"src":"n1","dest":"n0","body":{"data_id":"c11_5","message":10,"msg_id":19,"seen_nodes":["n1","n4","n2","n0"],"type":"gossip"}}
2025/04/21 10:09:52 Sent {"src":"n1","dest":"c11","body":{"in_reply_to":5,"msg_id":30,"type":"broadcast_ok"}}
2025/04/21 10:09:53 Received {n4 n1 {"already_seen":false,"in_reply_to":1,"msg_id":9,"seen_nodes":["n4","n1","n0","n3"],"type":"gossip_ok"}}
2025/04/21 10:09:53 Received {c11 n1 {"type":"read","msg_id":6}}
2025/04/21 10:09:53 Received {n2 n1 {"already_seen":false,"in_reply_to":2,"msg_id":6,"seen_nodes":["n2","n1","n0","n3","n4"],"type":"gossip_ok"}}
2025/04/21 10:09:53 Sent {"src":"n1","dest":"c11","body":{"in_reply_to":6,"messages":[5,6,9,10,0,1,3,4],"msg_id":31,"type":"read_ok"}}
2025/04/21 10:09:53 Received {n4 n1 {"data_id":"c14_4","message":8,"msg_id":5,"seen_nodes":["n4","n1"],"type":"gossip"}}
2025/04/21 10:09:53 Sent {"src":"n1","dest":"n2","body":{"data_id":"c14_4","message":8,"msg_id":20,"seen_nodes":["n1","n4","n2"],"type":"gossip"}}
2025/04/21 10:09:53 Sent {"src":"n1","dest":"n0","body":{"data_id":"c14_4","message":8,"msg_id":21,"seen_nodes":["n1","n4","n2","n0"],"type":"gossip"}}
2025/04/21 10:09:53 Sent {"src":"n1","dest":"n4","body":{"already_seen":false,"in_reply_to":5,"msg_id":34,"seen_nodes":["n1","n4","n2","n0"],"type":"gossip_ok"}}
2025/04/21 10:09:53 Received {n2 n1 {"already_seen":false,"in_reply_to":4,"msg_id":8,"seen_nodes":["n2","n1","n4"],"type":"gossip_ok"}}
2025/04/21 10:09:53 Received {n0 n1 {"data_id":"c13_1","message":2,"msg_id":5,"seen_nodes":["n0","n3","n1"],"type":"gossip"}}
2025/04/21 10:09:53 Received {n4 n1 {"already_seen":false,"in_reply_to":3,"msg_id":15,"seen_nodes":["n4","n1","n3"],"type":"gossip_ok"}}
2025/04/21 10:09:53 Sent {"src":"n1","dest":"n4","body":{"data_id":"c13_1","message":2,"msg_id":22,"seen_nodes":["n1","n0","n3","n4"],"type":"gossip"}}
2025/04/21 10:09:53 Sent {"src":"n1","dest":"n2","body":{"data_id":"c13_1","message":2,"msg_id":23,"seen_nodes":["n1","n0","n3","n4","n2"],"type":"gossip"}}
2025/04/21 10:09:53 Sent {"src":"n1","dest":"n0","body":{"already_seen":false,"in_reply_to":5,"msg_id":37,"seen_nodes":["n1","n0","n3","n4","n2"],"type":"gossip_ok"}}
2025/04/21 10:09:53 Received {n4 n1 {"data_id":"c13_1","message":2,"msg_id":8,"seen_nodes":["n4","n3","n0","n1"],"type":"gossip"}}
2025/04/21 10:09:53 Sent {"src":"n1","dest":"n4","body":{"already_seen":true,"in_reply_to":8,"msg_id":38,"seen_nodes":["n1","n0","n3","n4","n2"],"type":"gossip_ok"}}
2025/04/21 10:09:53 Received {n0 n1 {"already_seen":false,"in_reply_to":5,"msg_id":13,"seen_nodes":["n0","n1","n4","n2","n3"],"type":"gossip_ok"}}
2025/04/21 10:09:53 Received {n2 n1 {"already_seen":false,"in_reply_to":6,"msg_id":9,"seen_nodes":["n2","n1","n4"],"type":"gossip_ok"}}
2025/04/21 10:09:53 Received {c11 n1 {"type":"read","msg_id":7}}
2025/04/21 10:09:53 Sent {"src":"n1","dest":"c11","body":{"in_reply_to":7,"messages":[2,1,3,4,10,8,0,5,6,9],"msg_id":39,"type":"read_ok"}}
2025/04/21 10:09:53 Received {n2 n1 {"data_id":"c12_5","message":14,"msg_id":2,"seen_nodes":["n2","n1"],"type":"gossip"}}
2025/04/21 10:09:53 Sent {"src":"n1","dest":"n4","body":{"data_id":"c12_5","message":14,"msg_id":24,"seen_nodes":["n1","n2","n4"],"type":"gossip"}}
2025/04/21 10:09:53 Sent {"src":"n1","dest":"n0","body":{"data_id":"c12_5","message":14,"msg_id":25,"seen_nodes":["n1","n2","n4","n0"],"type":"gossip"}}
2025/04/21 10:09:53 Received {n0 n1 {"data_id":"c10_5","message":13,"msg_id":8,"seen_nodes":["n0","n3","n1"],"type":"gossip"}}
2025/04/21 10:09:53 Sent {"src":"n1","dest":"n2","body":{"already_seen":false,"in_reply_to":2,"msg_id":42,"seen_nodes":["n1","n2","n4","n0"],"type":"gossip_ok"}}
2025/04/21 10:09:53 Sent {"src":"n1","dest":"n4","body":{"data_id":"c10_5","message":13,"msg_id":26,"seen_nodes":["n1","n0","n3","n4"],"type":"gossip"}}
2025/04/21 10:09:53 Sent {"src":"n1","dest":"n2","body":{"data_id":"c10_5","message":13,"msg_id":27,"seen_nodes":["n1","n0","n3","n4","n2"],"type":"gossip"}}
2025/04/21 10:09:53 Sent {"src":"n1","dest":"n0","body":{"already_seen":false,"in_reply_to":8,"msg_id":45,"seen_nodes":["n1","n0","n3","n4","n2"],"type":"gossip_ok"}}
2025/04/21 10:09:53 Received {n0 n1 {"already_seen":true,"in_reply_to":7,"msg_id":18,"seen_nodes":["n0","n3","n4","n1"],"type":"gossip_ok"}}
2025/04/21 10:09:54 Received {n4 n1 {"data_id":"c10_3","message":4,"msg_id":9,"seen_nodes":["n4","n3","n0","n1"],"type":"gossip"}}
2025/04/21 10:09:54 Received {c11 n1 {"type":"read","msg_id":8}}
2025/04/21 10:09:54 Sent {"src":"n1","dest":"c11","body":{"in_reply_to":8,"messages":[8,14,0,5,6,9,2,13,1,3,4,10],"msg_id":46,"type":"read_ok"}}
2025/04/21 10:09:54 Received {n0 n1 {"data_id":"c13_2","message":7,"msg_id":9,"seen_nodes":["n0","n3","n1"],"type":"gossip"}}
2025/04/21 10:09:54 Sent {"src":"n1","dest":"n4","body":{"already_seen":true,"in_reply_to":9,"msg_id":47,"seen_nodes":["n1","n0","n3","n4","n2"],"type":"gossip_ok"}}
2025/04/21 10:09:54 Sent {"src":"n1","dest":"n4","body":{"data_id":"c13_2","message":7,"msg_id":28,"seen_nodes":["n1","n0","n3","n4"],"type":"gossip"}}
2025/04/21 10:09:54 Received {n2 n1 {"already_seen":false,"in_reply_to":9,"msg_id":12,"seen_nodes":["n2","n1","n0","n3","n4"],"type":"gossip_ok"}}
2025/04/21 10:09:54 Sent {"src":"n1","dest":"n2","body":{"data_id":"c13_2","message":7,"msg_id":29,"seen_nodes":["n1","n0","n3","n4","n2"],"type":"gossip"}}
2025/04/21 10:09:54 Sent {"src":"n1","dest":"n0","body":{"already_seen":false,"in_reply_to":9,"msg_id":50,"seen_nodes":["n1","n0","n3","n4","n2"],"type":"gossip_ok"}}
2025/04/21 10:09:54 Received {n4 n1 {"already_seen":true,"in_reply_to":8,"msg_id":21,"seen_nodes":["n4","n3","n0","n1"],"type":"gossip_ok"}}
2025/04/21 10:09:54 Received {n4 n1 {"data_id":"c13_2","message":7,"msg_id":10,"seen_nodes":["n4","n3","n0","n1"],"type":"gossip"}}
2025/04/21 10:09:54 Sent {"src":"n1","dest":"n4","body":{"already_seen":true,"in_reply_to":10,"msg_id":51,"seen_nodes":["n1","n0","n3","n4","n2"],"type":"gossip_ok"}}
2025/04/21 10:09:54 Received {n0 n1 {"already_seen":false,"in_reply_to":11,"msg_id":22,"seen_nodes":["n0","n1","n2","n4","n3"],"type":"gossip_ok"}}
2025/04/21 10:09:54 Received {c11 n1 {"type":"read","msg_id":9}}
2025/04/21 10:09:54 Sent {"src":"n1","dest":"c11","body":{"in_reply_to":9,"messages":[14,0,5,6,9,8,13,7,1,3,4,10,2],"msg_id":52,"type":"read_ok"}}
2025/04/21 10:09:54 Received {n4 n1 {"already_seen":false,"in_reply_to":10,"msg_id":25,"seen_nodes":["n4","n1","n2","n3"],"type":"gossip_ok"}}
2025/04/21 10:09:54 Received {n2 n1 {"already_seen":false,"in_reply_to":12,"msg_id":14,"seen_nodes":["n2","n1","n4"],"type":"gossip_ok"}}
2025/04/21 10:09:54 Received {c11 n1 {"type":"broadcast","message":20,"msg_id":10}}
2025/04/21 10:09:54 Received {n2 n1 {"data_id":"c12_7","message":16,"msg_id":3,"seen_nodes":["n2","n1"],"type":"gossip"}}
2025/04/21 10:09:54 Sent {"src":"n1","dest":"n4","body":{"data_id":"c11_10","message":20,"msg_id":30,"seen_nodes":["n1","n4"],"type":"gossip"}}
2025/04/21 10:09:54 Sent {"src":"n1","dest":"n2","body":{"data_id":"c11_10","message":20,"msg_id":32,"seen_nodes":["n1","n4","n2"],"type":"gossip"}}
2025/04/21 10:09:54 Sent {"src":"n1","dest":"n4","body":{"data_id":"c12_7","message":16,"msg_id":31,"seen_nodes":["n1","n2","n4"],"type":"gossip"}}
2025/04/21 10:09:54 Sent {"src":"n1","dest":"n0","body":{"data_id":"c12_7","message":16,"msg_id":34,"seen_nodes":["n1","n2","n4","n0"],"type":"gossip"}}
2025/04/21 10:09:54 Sent {"src":"n1","dest":"n2","body":{"already_seen":false,"in_reply_to":3,"msg_id":58,"seen_nodes":["n1","n2","n4","n0"],"type":"gossip_ok"}}
2025/04/21 10:09:54 Sent {"src":"n1","dest":"n0","body":{"data_id":"c11_10","message":20,"msg_id":33,"seen_nodes":["n1","n4","n2","n0"],"type":"gossip"}}
2025/04/21 10:09:54 Sent {"src":"n1","dest":"c11","body":{"in_reply_to":10,"msg_id":59,"type":"broadcast_ok"}}
2025/04/21 10:09:54 Received {n0 n1 {"already_seen":false,"in_reply_to":13,"msg_id":24,"seen_nodes":["n0","n1","n4","n2","n3"],"type":"gossip_ok"}}
2025/04/21 10:09:54 Received {n2 n1 {"already_seen":false,"in_reply_to":15,"msg_id":17,"seen_nodes":["n2","n1","n4"],"type":"gossip_ok"}}
2025/04/21 10:09:54 Received {n4 n1 {"already_seen":false,"in_reply_to":14,"msg_id":28,"seen_nodes":["n4","n1","n3"],"type":"gossip_ok"}}
2025/04/21 10:09:54 Received {n0 n1 {"already_seen":false,"in_reply_to":16,"msg_id":28,"seen_nodes":["n0","n1","n4","n2","n3"],"type":"gossip_ok"}}
2025/04/21 10:09:54 Received {n2 n1 {"already_seen":false,"in_reply_to":18,"msg_id":18,"seen_nodes":["n2","n1","n4"],"type":"gossip_ok"}}
2025/04/21 10:09:54 Received {n0 n1 {"already_seen":false,"in_reply_to":19,"msg_id":30,"seen_nodes":["n0","n1","n4","n2","n3"],"type":"gossip_ok"}}
2025/04/21 10:09:54 Received {n4 n1 {"already_seen":false,"in_reply_to":17,"msg_id":30,"seen_nodes":["n4","n1","n3"],"type":"gossip_ok"}}
2025/04/21 10:09:54 Received {n0 n1 {"data_id":"c13_4","message":11,"msg_id":14,"seen_nodes":["n0","n3","n1"],"type":"gossip"}}
2025/04/21 10:09:54 Received {n4 n1 {"data_id":"c13_4","message":11,"msg_id":14,"seen_nodes":["n4","n3","n0","n1"],"type":"gossip"}}
2025/04/21 10:09:54 Sent {"src":"n1","dest":"n4","body":{"already_seen":true,"in_reply_to":14,"msg_id":60,"seen_nodes":["n1","n0","n3"],"type":"gossip_ok"}}
2025/04/21 10:09:54 Sent {"src":"n1","dest":"n4","body":{"data_id":"c13_4","message":11,"msg_id":35,"seen_nodes":["n1","n0","n3","n4"],"type":"gossip"}}
2025/04/21 10:09:54 Sent {"src":"n1","dest":"n2","body":{"data_id":"c13_4","message":11,"msg_id":36,"seen_nodes":["n1","n0","n3","n4","n2"],"type":"gossip"}}
2025/04/21 10:09:54 Sent {"src":"n1","dest":"n0","body":{"already_seen":false,"in_reply_to":14,"msg_id":63,"seen_nodes":["n1","n0","n3","n4","n2"],"type":"gossip_ok"}}
2025/04/21 10:09:54 Received {n0 n1 {"data_id":"c13_5","message":12,"msg_id":15,"seen_nodes":["n0","n3","n1"],"type":"gossip"}}
2025/04/21 10:09:54 Received {c11 n1 {"type":"broadcast","message":21,"msg_id":11}}
2025/04/21 10:09:54 Received {n4 n1 {"data_id":"c13_5","message":12,"msg_id":15,"seen_nodes":["n4","n3","n0","n1"],"type":"gossip"}}
2025/04/21 10:09:54 Sent {"src":"n1","dest":"n4","body":{"data_id":"c11_11","message":21,"msg_id":38,"seen_nodes":["n1","n4"],"type":"gossip"}}
2025/04/21 10:09:54 Sent {"src":"n1","dest":"n2","body":{"data_id":"c11_11","message":21,"msg_id":39,"seen_nodes":["n1","n4","n2"],"type":"gossip"}}
2025/04/21 10:09:54 Sent {"src":"n1","dest":"n0","body":{"data_id":"c11_11","message":21,"msg_id":40,"seen_nodes":["n1","n4","n2","n0"],"type":"gossip"}}
2025/04/21 10:09:54 Sent {"src":"n1","dest":"c11","body":{"in_reply_to":11,"msg_id":68,"type":"broadcast_ok"}}
2025/04/21 10:09:54 Sent {"src":"n1","dest":"n4","body":{"data_id":"c13_5","message":12,"msg_id":37,"seen_nodes":["n1","n0","n3","n4"],"type":"gossip"}}
2025/04/21 10:09:54 Sent {"src":"n1","dest":"n4","body":{"already_seen":true,"in_reply_to":15,"msg_id":69,"seen_nodes":["n1","n0","n3","n4"],"type":"gossip_ok"}}
2025/04/21 10:09:54 Sent {"src":"n1","dest":"n2","body":{"data_id":"c13_5","message":12,"msg_id":41,"seen_nodes":["n1","n0","n3","n4","n2"],"type":"gossip"}}
2025/04/21 10:09:54 Sent {"src":"n1","dest":"n0","body":{"already_seen":false,"in_reply_to":15,"msg_id":71,"seen_nodes":["n1","n0","n3","n4","n2"],"type":"gossip_ok"}}
2025/04/21 10:09:54 Received {c11 n1 {"type":"broadcast","message":22,"msg_id":12}}
2025/04/21 10:09:54 Sent {"src":"n1","dest":"n4","body":{"data_id":"c11_12","message":22,"msg_id":42,"seen_nodes":["n1","n4"],"type":"gossip"}}
2025/04/21 10:09:54 Sent {"src":"n1","dest":"n2","body":{"data_id":"c11_12","message":22,"msg_id":43,"seen_nodes":["n1","n4","n2"],"type":"gossip"}}
2025/04/21 10:09:54 Sent {"src":"n1","dest":"n0","body":{"data_id":"c11_12","message":22,"msg_id":44,"seen_nodes":["n1","n4","n2","n0"],"type":"gossip"}}
2025/04/21 10:09:54 Sent {"src":"n1","dest":"c11","body":{"in_reply_to":12,"msg_id":75,"type":"broadcast_ok"}}
2025/04/21 10:09:55 Received {n2 n1 {"already_seen":false,"in_reply_to":20,"msg_id":20,"seen_nodes":["n2","n1","n4"],"type":"gossip_ok"}}
2025/04/21 10:09:55 Received {c11 n1 {"type":"broadcast","message":23,"msg_id":13}}
2025/04/21 10:09:55 Received {n2 n1 {"data_id":"c12_9","message":17,"msg_id":4,"seen_nodes":["n2","n1"],"type":"gossip"}}
2025/04/21 10:09:55 Received {n0 n1 {"data_id":"c10_7","message":19,"msg_id":17,"seen_nodes":["n0","n3","n1"],"type":"gossip"}}
2025/04/21 10:09:55 Sent {"src":"n1","dest":"n4","body":{"data_id":"c12_9","message":17,"msg_id":46,"seen_nodes":["n1","n2","n4"],"type":"gossip"}}
2025/04/21 10:09:55 Received {n4 n1 {"data_id":"c13_6","message":15,"msg_id":16,"seen_nodes":["n4","n3","n0","n1"],"type":"gossip"}}
2025/04/21 10:09:55 Sent {"src":"n1","dest":"n0","body":{"data_id":"c12_9","message":17,"msg_id":47,"seen_nodes":["n1","n2","n4","n0"],"type":"gossip"}}
2025/04/21 10:09:55 Sent {"src":"n1","dest":"n2","body":{"already_seen":false,"in_reply_to":4,"msg_id":79,"seen_nodes":["n1","n2","n4","n0"],"type":"gossip_ok"}}
2025/04/21 10:09:55 Sent {"src":"n1","dest":"n4","body":{"data_id":"c11_13","message":23,"msg_id":45,"seen_nodes":["n1","n4"],"type":"gossip"}}
2025/04/21 10:09:55 Received {n0 n1 {"already_seen":true,"in_reply_to":21,"msg_id":39,"seen_nodes":["n0","n3","n4","n1"],"type":"gossip_ok"}}
2025/04/21 10:09:55 Sent {"src":"n1","dest":"n2","body":{"data_id":"c11_13","message":23,"msg_id":48,"seen_nodes":["n1","n4","n2"],"type":"gossip"}}
2025/04/21 10:09:55 Sent {"src":"n1","dest":"n0","body":{"data_id":"c11_13","message":23,"msg_id":50,"seen_nodes":["n1","n4","n2","n0"],"type":"gossip"}}
2025/04/21 10:09:55 Sent {"src":"n1","dest":"c11","body":{"in_reply_to":13,"msg_id":83,"type":"broadcast_ok"}}
2025/04/21 10:09:55 Sent {"src":"n1","dest":"n4","body":{"data_id":"c10_7","message":19,"msg_id":49,"seen_nodes":["n1","n0","n3","n4"],"type":"gossip"}}
2025/04/21 10:09:55 Sent {"src":"n1","dest":"n2","body":{"data_id":"c13_6","message":15,"msg_id":51,"seen_nodes":["n1","n4","n3","n0","n2"],"type":"gossip"}}
2025/04/21 10:09:55 Sent {"src":"n1","dest":"n4","body":{"already_seen":false,"in_reply_to":16,"msg_id":86,"seen_nodes":["n1","n4","n3","n0","n2"],"type":"gossip_ok"}}
2025/04/21 10:09:55 Received {n0 n1 {"data_id":"c13_6","message":15,"msg_id":18,"seen_nodes":["n0","n3","n1"],"type":"gossip"}}
2025/04/21 10:09:55 Sent {"src":"n1","dest":"n2","body":{"data_id":"c10_7","message":19,"msg_id":52,"seen_nodes":["n1","n0","n3","n4","n2"],"type":"gossip"}}
2025/04/21 10:09:55 Sent {"src":"n1","dest":"n0","body":{"already_seen":false,"in_reply_to":17,"msg_id":87,"seen_nodes":["n1","n0","n3","n4","n2"],"type":"gossip_ok"}}
2025/04/21 10:09:55 Sent {"src":"n1","dest":"n0","body":{"already_seen":true,"in_reply_to":18,"msg_id":88,"seen_nodes":["n1","n4","n3","n0","n2"],"type":"gossip_ok"}}
2025/04/21 10:09:55 Received {n4 n1 {"already_seen":true,"in_reply_to":22,"msg_id":38,"seen_nodes":["n4","n3","n0","n1"],"type":"gossip_ok"}}
2025/04/21 10:09:55 Received {n2 n1 {"already_seen":false,"in_reply_to":23,"msg_id":23,"seen_nodes":["n2","n1","n0","n3","n4"],"type":"gossip_ok"}}
2025/04/21 10:09:55 Received {n0 n1 {"data_id":"c13_7","message":18,"msg_id":20,"seen_nodes":["n0","n3","n1"],"type":"gossip"}}
2025/04/21 10:09:55 Received {c11 n1 {"type":"broadcast","message":29,"msg_id":14}}
2025/04/21 10:09:55 Received {n2 n1 {"data_id":"c12_10","message":25,"msg_id":5,"seen_nodes":["n2","n1"],"type":"gossip"}}
2025/04/21 10:09:55 Sent {"src":"n1","dest":"n4","body":{"data_id":"c13_7","message":18,"msg_id":53,"seen_nodes":["n1","n0","n3","n4"],"type":"gossip"}}
2025/04/21 10:09:55 Received {n4 n1 {"data_id":"c13_7","message":18,"msg_id":17,"seen_nodes":["n4","n3","n0","n1"],"type":"gossip"}}
2025/04/21 10:09:55 Sent {"src":"n1","dest":"n2","body":{"data_id":"c13_7","message":18,"msg_id":54,"seen_nodes":["n1","n0","n3","n4","n2"],"type":"gossip"}}
2025/04/21 10:09:55 Sent {"src":"n1","dest":"n0","body":{"already_seen":false,"in_reply_to":20,"msg_id":92,"seen_nodes":["n1","n0","n3","n4","n2"],"type":"gossip_ok"}}
2025/04/21 10:09:55 Sent {"src":"n1","dest":"n4","body":{"data_id":"c12_10","message":25,"msg_id":55,"seen_nodes":["n1","n2","n4"],"type":"gossip"}}
2025/04/21 10:09:55 Received {n0 n1 {"data_id":"c10_8","message":24,"msg_id":21,"seen_nodes":["n0","n3","n1"],"type":"gossip"}}
2025/04/21 10:09:55 Sent {"src":"n1","dest":"n0","body":{"data_id":"c12_10","message":25,"msg_id":56,"seen_nodes":["n1","n2","n4","n0"],"type":"gossip"}}
2025/04/21 10:09:55 Sent {"src":"n1","dest":"n2","body":{"already_seen":false,"in_reply_to":5,"msg_id":95,"seen_nodes":["n1","n2","n4","n0"],"type":"gossip_ok"}}
2025/04/21 10:09:55 Sent {"src":"n1","dest":"n4","body":{"data_id":"c11_14","message":29,"msg_id":57,"seen_nodes":["n1","n4"],"type":"gossip"}}
2025/04/21 10:09:55 Received {n2 n1 {"already_seen":false,"in_reply_to":27,"msg_id":26,"seen_nodes":["n2","n1","n0","n3","n4"],"type":"gossip_ok"}}
2025/04/21 10:09:55 Sent {"src":"n1","dest":"n4","body":{"already_seen":true,"in_reply_to":17,"msg_id":96,"seen_nodes":["n1","n0","n3","n4","n2"],"type":"gossip_ok"}}
2025/04/21 10:09:55 Sent {"src":"n1","dest":"n2","body":{"data_id":"c11_14","message":29,"msg_id":58,"seen_nodes":["n1","n4","n2"],"type":"gossip"}}
2025/04/21 10:09:55 Sent {"src":"n1","dest":"n0","body":{"data_id":"c11_14","message":29,"msg_id":59,"seen_nodes":["n1","n4","n2","n0"],"type":"gossip"}}
2025/04/21 10:09:55 Sent {"src":"n1","dest":"n4","body":{"data_id":"c10_8","message":24,"msg_id":60,"seen_nodes":["n1","n0","n3","n4"],"type":"gossip"}}
2025/04/21 10:09:55 Sent {"src":"n1","dest":"c11","body":{"in_reply_to":14,"msg_id":100,"type":"broadcast_ok"}}
2025/04/21 10:09:55 Sent {"src":"n1","dest":"n2","body":{"data_id":"c10_8","message":24,"msg_id":61,"seen_nodes":["n1","n0","n3","n4","n2"],"type":"gossip"}}
2025/04/21 10:09:55 Sent {"src":"n1","dest":"n0","body":{"already_seen":false,"in_reply_to":21,"msg_id":102,"seen_nodes":["n1","n0","n3","n4","n2"],"type":"gossip_ok"}}
2025/04/21 10:09:55 Received {n4 n1 {"already_seen":false,"in_reply_to":24,"msg_id":43,"seen_nodes":["n4","n1","n2","n3"],"type":"gossip_ok"}}
2025/04/21 10:09:55 Received {n0 n1 {"already_seen":false,"in_reply_to":25,"msg_id":49,"seen_nodes":["n0","n1","n2","n4","n3"],"type":"gossip_ok"}}
2025/04/21 10:09:55 Received {n4 n1 {"already_seen":false,"in_reply_to":26,"msg_id":44,"seen_nodes":["n4","n1","n0","n3"],"type":"gossip_ok"}}
2025/04/21 10:09:56 Received {n4 n1 {"data_id":"c14_9","message":27,"msg_id":19,"seen_nodes":["n4","n1"],"type":"gossip"}}
2025/04/21 10:09:56 Received {c11 n1 {"type":"broadcast","message":31,"msg_id":15}}
2025/04/21 10:09:56 Received {n4 n1 {"already_seen":true,"in_reply_to":28,"msg_id":49,"seen_nodes":["n4","n3","n0","n1"],"type":"gossip_ok"}}
2025/04/21 10:09:56 Sent {"src":"n1","dest":"n4","body":{"data_id":"c11_15","message":31,"msg_id":63,"seen_nodes":["n1","n4"],"type":"gossip"}}
2025/04/21 10:09:56 Sent {"src":"n1","dest":"n2","body":{"data_id":"c11_15","message":31,"msg_id":64,"seen_nodes":["n1","n4","n2"],"type":"gossip"}}
2025/04/21 10:09:56 Sent {"src":"n1","dest":"n0","body":{"data_id":"c11_15","message":31,"msg_id":65,"seen_nodes":["n1","n4","n2","n0"],"type":"gossip"}}
2025/04/21 10:09:56 Sent {"src":"n1","dest":"c11","body":{"in_reply_to":15,"msg_id":107,"type":"broadcast_ok"}}
2025/04/21 10:09:56 Sent {"src":"n1","dest":"n2","body":{"data_id":"c14_9","message":27,"msg_id":62,"seen_nodes":["n1","n4","n2"],"type":"gossip"}}
2025/04/21 10:09:56 Sent {"src":"n1","dest":"n0","body":{"data_id":"c14_9","message":27,"msg_id":66,"seen_nodes":["n1","n4","n2","n0"],"type":"gossip"}}
2025/04/21 10:09:56 Sent {"src":"n1","dest":"n4","body":{"already_seen":false,"in_reply_to":19,"msg_id":109,"seen_nodes":["n1","n4","n2","n0"],"type":"gossip_ok"}}
2025/04/21 10:09:56 Received {n2 n1 {"data_id":"c12_11","message":26,"msg_id":6,"seen_nodes":["n2","n1"],"type":"gossip"}}
2025/04/21 10:09:56 Received {n2 n1 {"already_seen":false,"in_reply_to":29,"msg_id":27,"seen_nodes":["n2","n1","n0","n3","n4"],"type":"gossip_ok"}}
2025/04/21 10:09:56 Sent {"src":"n1","dest":"n4","body":{"data_id":"c12_11","message":26,"msg_id":67,"seen_nodes":["n1","n2","n4"],"type":"gossip"}}
2025/04/21 10:09:56 Sent {"src":"n1","dest":"n0","body":{"data_id":"c12_11","message":26,"msg_id":68,"seen_nodes":["n1","n2","n4","n0"],"type":"gossip"}}
2025/04/21 10:09:56 Sent {"src":"n1","dest":"n2","body":{"already_seen":false,"in_reply_to":6,"msg_id":112,"seen_nodes":["n1","n2","n4","n0"],"type":"gossip_ok"}}
2025/04/21 10:09:56 Received {n4 n1 {"data_id":"c14_10","message":28,"msg_id":21,"seen_nodes":["n4","n1"],"type":"gossip"}}
2025/04/21 10:09:56 Received {c11 n1 {"type":"read","msg_id":16}}
2025/04/21 10:09:56 Received {n4 n1 {"already_seen":false,"in_reply_to":30,"msg_id":53,"seen_nodes":["n4","n1","n3"],"type":"gossip_ok"}}
2025/04/21 10:09:56 Sent {"src":"n1","dest":"n2","body":{"data_id":"c14_10","message":28,"msg_id":69,"seen_nodes":["n1","n4","n2"],"type":"gossip"}}
2025/04/21 10:09:56 Received {n2 n1 {"already_seen":false,"in_reply_to":32,"msg_id":30,"seen_nodes":["n2","n1","n4"],"type":"gossip_ok"}}
2025/04/21 10:09:56 Sent {"src":"n1","dest":"c11","body":{"in_reply_to":16,"messages":[3,7,17,26,0,9,20,19,25,24,10,2,11,14,18,29,5,6,8,23,1,4,13,22,27,16,21,28,12,15,31],"msg_id":114,"type":"read_ok"}}
2025/04/21 10:09:56 Sent {"src":"n1","dest":"n0","body":{"data_id":"c14_10","message":28,"msg_id":70,"seen_nodes":["n1","n4","n2","n0"],"type":"gossip"}}
2025/04/21 10:09:56 Sent {"src":"n1","dest":"n4","body":{"already_seen":false,"in_reply_to":21,"msg_id":116,"seen_nodes":["n1","n4","n2","n0"],"type":"gossip_ok"}}
2025/04/21 10:09:56 Received {n4 n1 {"already_seen":false,"in_reply_to":31,"msg_id":55,"seen_nodes":["n4","n1","n2","n3"],"type":"gossip_ok"}}
2025/04/21 10:09:56 Received {n0 n1 {"already_seen":false,"in_reply_to":34,"msg_id":53,"seen_nodes":["n0","n1","n2","n4","n3"],"type":"gossip_ok"}}
2025/04/21 10:09:56 Received {n0 n1 {"already_seen":false,"in_reply_to":33,"msg_id":54,"seen_nodes":["n0","n1","n4","n2","n3"],"type":"gossip_ok"}}
2025/04/21 10:09:56 Received {n4 n1 {"already_seen":true,"in_reply_to":35,"msg_id":57,"seen_nodes":["n4","n3","n0","n1"],"type":"gossip_ok"}}
2025/04/21 10:09:56 Received {c11 n1 {"type":"broadcast","message":32,"msg_id":17}}
2025/04/21 10:09:56 Received {n2 n1 {"already_seen":false,"in_reply_to":36,"msg_id":32,"seen_nodes":["n2","n1","n0","n3","n4"],"type":"gossip_ok"}}
2025/04/21 10:09:56 Sent {"src":"n1","dest":"n4","body":{"data_id":"c11_17","message":32,"msg_id":71,"seen_nodes":["n1","n4"],"type":"gossip"}}
2025/04/21 10:09:56 Sent {"src":"n1","dest":"n2","body":{"data_id":"c11_17","message":32,"msg_id":72,"seen_nodes":["n1","n4","n2"],"type":"gossip"}}
2025/04/21 10:09:56 Sent {"src":"n1","dest":"n0","body":{"data_id":"c11_17","message":32,"msg_id":73,"seen_nodes":["n1","n4","n2","n0"],"type":"gossip"}}
2025/04/21 10:09:56 Sent {"src":"n1","dest":"c11","body":{"in_reply_to":17,"msg_id":120,"type":"broadcast_ok"}}
2025/04/21 10:09:56 Received {n2 n1 {"already_seen":false,"in_reply_to":39,"msg_id":33,"seen_nodes":["n2","n1","n4"],"type":"gossip_ok"}}
2025/04/21 10:09:56 Received {n4 n1 {"already_seen":false,"in_reply_to":38,"msg_id":59,"seen_nodes":["n4","n1","n3"],"type":"gossip_ok"}}
2025/04/21 10:09:56 Received {n0 n1 {"already_seen":false,"in_reply_to":40,"msg_id":57,"seen_nodes":["n0","n1","n4","n2","n3"],"type":"gossip_ok"}}
2025/04/21 10:09:56 Received {n4 n1 {"already_seen":true,"in_reply_to":37,"msg_id":60,"seen_nodes":["n4","n3","n0","n1"],"type":"gossip_ok"}}
2025/04/21 10:09:56 Received {n2 n1 {"already_seen":false,"in_reply_to":41,"msg_id":34,"seen_nodes":["n2","n1","n0","n3","n4"],"type":"gossip_ok"}}
2025/04/21 10:09:56 Received {n2 n1 {"already_seen":false,"in_reply_to":43,"msg_id":35,"seen_nodes":["n2","n1","n4"],"type":"gossip_ok"}}
2025/04/21 10:09:56 Received {n4 n1 {"already_seen":false,"in_reply_to":42,"msg_id":62,"seen_nodes":["n4","n1","n3"],"type":"gossip_ok"}}
2025/04/21 10:09:56 Received {n0 n1 {"already_seen":false,"in_reply_to":44,"msg_id":60,"seen_nodes":["n0","n1","n4","n2","n3"],"type":"gossip_ok"}}
2025/04/21 10:09:57 Received {n0 n1 {"already_seen":false,"in_reply_to":47,"msg_id":63,"seen_nodes":["n0","n1","n2","n4","n3"],"type":"gossip_ok"}}
2025/04/21 10:09:57 Received {c11 n1 {"type":"broadcast","message":34,"msg_id":18}}
2025/04/21 10:09:57 Received {n4 n1 {"already_seen":false,"in_reply_to":46,"msg_id":64,"seen_nodes":["n4","n1","n2","n3"],"type":"gossip_ok"}}
2025/04/21 10:09:57 Received {n0 n1 {"data_id":"c10_12","message":30,"msg_id":29,"seen_nodes":["n0","n3","n1"],"type":"gossip"}}
2025/04/21 10:09:57 Received {n4 n1 {"already_seen":false,"in_reply_to":45,"msg_id":67,"seen_nodes":["n4","n1","n3"],"type":"gossip_ok"}}
2025/04/21 10:09:57 Received {n2 n1 {"already_seen":false,"in_reply_to":48,"msg_id":37,"seen_nodes":["n2","n1","n4"],"type":"gossip_ok"}}
2025/04/21 10:09:57 Sent {"src":"n1","dest":"n4","body":{"data_id":"c11_18","message":34,"msg_id":74,"seen_nodes":["n1","n4"],"type":"gossip"}}
2025/04/21 10:09:57 Sent {"src":"n1","dest":"n2","body":{"data_id":"c11_18","message":34,"msg_id":76,"seen_nodes":["n1","n4","n2"],"type":"gossip"}}
2025/04/21 10:09:57 Sent {"src":"n1","dest":"n0","body":{"data_id":"c11_18","message":34,"msg_id":77,"seen_nodes":["n1","n4","n2","n0"],"type":"gossip"}}
2025/04/21 10:09:57 Sent {"src":"n1","dest":"c11","body":{"in_reply_to":18,"msg_id":125,"type":"broadcast_ok"}}
2025/04/21 10:09:57 Sent {"src":"n1","dest":"n4","body":{"data_id":"c10_12","message":30,"msg_id":75,"seen_nodes":["n1","n0","n3","n4"],"type":"gossip"}}
2025/04/21 10:09:57 Sent {"src":"n1","dest":"n2","body":{"data_id":"c10_12","message":30,"msg_id":78,"seen_nodes":["n1","n0","n3","n4","n2"],"type":"gossip"}}
2025/04/21 10:09:57 Sent {"src":"n1","dest":"n0","body":{"already_seen":false,"in_reply_to":29,"msg_id":127,"seen_nodes":["n1","n0","n3","n4","n2"],"type":"gossip_ok"}}
2025/04/21 10:09:57 Received {n4 n1 {"already_seen":false,"in_reply_to":49,"msg_id":68,"seen_nodes":["n4","n1","n0","n3"],"type":"gossip_ok"}}
2025/04/21 10:09:57 Received {n0 n1 {"already_seen":false,"in_reply_to":50,"msg_id":67,"seen_nodes":["n0","n1","n4","n2","n3"],"type":"gossip_ok"}}
2025/04/21 10:09:57 Received {n2 n1 {"already_seen":false,"in_reply_to":52,"msg_id":38,"seen_nodes":["n2","n1","n0","n3","n4"],"type":"gossip_ok"}}
2025/04/21 10:09:57 Received {n2 n1 {"already_seen":false,"in_reply_to":51,"msg_id":39,"seen_nodes":["n2","n1","n4","n3","n0"],"type":"gossip_ok"}}
2025/04/21 10:09:57 Received {n4 n1 {"already_seen":true,"in_reply_to":53,"msg_id":69,"seen_nodes":["n4","n3","n0","n1"],"type":"gossip_ok"}}
2025/04/21 10:09:57 Received {c11 n1 {"type":"broadcast","message":40,"msg_id":19}}
2025/04/21 10:09:57 Received {n2 n1 {"already_seen":false,"in_reply_to":58,"msg_id":40,"seen_nodes":["n2","n1","n4"],"type":"gossip_ok"}}
2025/04/21 10:09:57 Received {n4 n1 {"already_seen":false,"in_reply_to":55,"msg_id":74,"seen_nodes":["n4","n1","n2","n3"],"type":"gossip_ok"}}
2025/04/21 10:09:57 Received {n0 n1 {"already_seen":false,"in_reply_to":56,"msg_id":71,"seen_nodes":["n0","n1","n2","n4","n3"],"type":"gossip_ok"}}
2025/04/21 10:09:57 Received {n4 n1 {"data_id":"c14_12","message":33,"msg_id":29,"seen_nodes":["n4","n1"],"type":"gossip"}}
2025/04/21 10:09:57 Received {n0 n1 {"already_seen":false,"in_reply_to":59,"msg_id":72,"seen_nodes":["n0","n1","n4","n2","n3"],"type":"gossip_ok"}}
2025/04/21 10:09:57 Sent {"src":"n1","dest":"n4","body":{"data_id":"c11_19","message":40,"msg_id":79,"seen_nodes":["n1","n4"],"type":"gossip"}}
2025/04/21 10:09:57 Received {n4 n1 {"already_seen":false,"in_reply_to":57,"msg_id":77,"seen_nodes":["n4","n1","n3"],"type":"gossip_ok"}}
2025/04/21 10:09:57 Sent {"src":"n1","dest":"n2","body":{"data_id":"c11_19","message":40,"msg_id":80,"seen_nodes":["n1","n4","n2"],"type":"gossip"}}
2025/04/21 10:09:57 Sent {"src":"n1","dest":"n0","body":{"data_id":"c11_19","message":40,"msg_id":81,"seen_nodes":["n1","n4","n2","n0"],"type":"gossip"}}
2025/04/21 10:09:57 Sent {"src":"n1","dest":"c11","body":{"in_reply_to":19,"msg_id":132,"type":"broadcast_ok"}}
2025/04/21 10:09:57 Sent {"src":"n1","dest":"n2","body":{"data_id":"c14_12","message":33,"msg_id":82,"seen_nodes":["n1","n4","n2"],"type":"gossip"}}
2025/04/21 10:09:57 Sent {"src":"n1","dest":"n0","body":{"data_id":"c14_12","message":33,"msg_id":83,"seen_nodes":["n1","n4","n2","n0"],"type":"gossip"}}
2025/04/21 10:09:57 Received {n4 n1 {"already_seen":false,"in_reply_to":60,"msg_id":73,"seen_nodes":["n4","n1","n0","n3"],"type":"gossip_ok"}}
2025/04/21 10:09:57 Sent {"src":"n1","dest":"n4","body":{"already_seen":false,"in_reply_to":29,"msg_id":134,"seen_nodes":["n1","n4","n2","n0"],"type":"gossip_ok"}}
2025/04/21 10:09:58 Received {n4 n1 {"already_seen":false,"in_reply_to":63,"msg_id":79,"seen_nodes":["n4","n1","n3"],"type":"gossip_ok"}}
2025/04/21 10:09:58 Received {c11 n1 {"type":"broadcast","message":42,"msg_id":20}}
2025/04/21 10:09:58 Received {n0 n1 {"already_seen":false,"in_reply_to":65,"msg_id":74,"seen_nodes":["n0","n1","n4","n2","n3"],"type":"gossip_ok"}}
2025/04/21 10:09:58 Received {n0 n1 {"data_id":"c10_14","message":35,"msg_id":36,"seen_nodes":["n0","n3","n1"],"type":"gossip"}}
2025/04/21 10:09:58 Received {n0 n1 {"already_seen":false,"in_reply_to":66,"msg_id":80,"seen_nodes":["n0","n1","n4","n2","n3"],"type":"gossip_ok"}}
2025/04/21 10:09:58 Received {n0 n1 {"already_seen":false,"in_reply_to":68,"msg_id":81,"seen_nodes":["n0","n1","n2","n4","n3"],"type":"gossip_ok"}}
2025/04/21 10:09:58 Sent {"src":"n1","dest":"n4","body":{"data_id":"c11_20","message":42,"msg_id":84,"seen_nodes":["n1","n4"],"type":"gossip"}}
2025/04/21 10:09:58 Sent {"src":"n1","dest":"n4","body":{"data_id":"c10_14","message":35,"msg_id":85,"seen_nodes":["n1","n0","n3","n4"],"type":"gossip"}}
2025/04/21 10:09:58 Sent {"src":"n1","dest":"n2","body":{"data_id":"c10_14","message":35,"msg_id":87,"seen_nodes":["n1","n0","n3","n4","n2"],"type":"gossip"}}
2025/04/21 10:09:58 Sent {"src":"n1","dest":"n0","body":{"already_seen":false,"in_reply_to":36,"msg_id":139,"seen_nodes":["n1","n0","n3","n4","n2"],"type":"gossip_ok"}}
2025/04/21 10:09:58 Sent {"src":"n1","dest":"n2","body":{"data_id":"c11_20","message":42,"msg_id":86,"seen_nodes":["n1","n4","n2"],"type":"gossip"}}
2025/04/21 10:09:58 Sent {"src":"n1","dest":"n0","body":{"data_id":"c11_20","message":42,"msg_id":88,"seen_nodes":["n1","n4","n2","n0"],"type":"gossip"}}
2025/04/21 10:09:58 Sent {"src":"n1","dest":"c11","body":{"in_reply_to":20,"msg_id":141,"type":"broadcast_ok"}}
2025/04/21 10:09:58 Received {n4 n1 {"already_seen":false,"in_reply_to":67,"msg_id":81,"seen_nodes":["n4","n1","n2","n3"],"type":"gossip_ok"}}
2025/04/21 10:09:58 Received {n0 n1 {"already_seen":false,"in_reply_to":70,"msg_id":84,"seen_nodes":["n0","n1","n4","n2","n3"],"type":"gossip_ok"}}
2025/04/21 10:09:58 Received {c11 n1 {"type":"read","msg_id":21}}
2025/04/21 10:09:58 Received {n4 n1 {"data_id":"c14_13","message":36,"msg_id":35,"seen_nodes":["n4","n1"],"type":"gossip"}}
2025/04/21 10:09:58 Sent {"src":"n1","dest":"n2","body":{"data_id":"c14_13","message":36,"msg_id":89,"seen_nodes":["n1","n4","n2"],"type":"gossip"}}
2025/04/21 10:09:58 Sent {"src":"n1","dest":"c11","body":{"in_reply_to":21,"messages":[22,27,42,35,16,21,12,15,31,28,40,3,7,17,0,9,20,26,32,30,10,2,11,19,25,24,33,5,6,8,14,18,29,34,1,4,13,23],"msg_id":142,"type":"read_ok"}}
2025/04/21 10:09:58 Sent {"src":"n1","dest":"n0","body":{"data_id":"c14_13","message":36,"msg_id":90,"seen_nodes":["n1","n4","n2","n0"],"type":"gossip"}}
2025/04/21 10:09:58 Sent {"src":"n1","dest":"n4","body":{"already_seen":false,"in_reply_to":35,"msg_id":145,"seen_nodes":["n1","n4","n2","n0"],"type":"gossip_ok"}}
2025/04/21 10:09:58 Received {n0 n1 {"already_seen":false,"in_reply_to":73,"msg_id":86,"seen_nodes":["n0","n1","n4","n2","n3"],"type":"gossip_ok"}}
2025/04/21 10:09:58 Received {c11 n1 {"type":"read","msg_id":22}}
2025/04/21 10:09:58 Received {n4 n1 {"already_seen":false,"in_reply_to":71,"msg_id":86,"seen_nodes":["n4","n1","n3"],"type":"gossip_ok"}}
2025/04/21 10:09:58 Sent {"src":"n1","dest":"c11","body":{"in_reply_to":22,"messages":[17,3,7,20,26,32,30,0,9,11,19,25,24,33,36,10,2,8,14,18,29,34,5,6,13,23,1,4,42,35,22,27,16,21,31,28,40,12,15],"msg_id":146,"type":"read_ok"}}
2025/04/21 10:09:58 Received {n4 n1 {"data_id":"c14_14","message":37,"msg_id":38,"seen_nodes":["n4","n1"],"type":"gossip"}}
2025/04/21 10:09:58 Sent {"src":"n1","dest":"n2","body":{"data_id":"c14_14","message":37,"msg_id":91,"seen_nodes":["n1","n4","n2"],"type":"gossip"}}
2025/04/21 10:09:58 Sent {"src":"n1","dest":"n0","body":{"data_id":"c14_14","message":37,"msg_id":92,"seen_nodes":["n1","n4","n2","n0"],"type":"gossip"}}
2025/04/21 10:09:58 Sent {"src":"n1","dest":"n4","body":{"already_seen":false,"in_reply_to":38,"msg_id":149,"seen_nodes":["n1","n4","n2","n0"],"type":"gossip_ok"}}
2025/04/21 10:09:58 Received {n4 n1 {"data_id":"c14_15","message":38,"msg_id":40,"seen_nodes":["n4","n1"],"type":"gossip"}}
2025/04/21 10:09:58 Sent {"src":"n1","dest":"n2","body":{"data_id":"c14_15","message":38,"msg_id":93,"seen_nodes":["n1","n4","n2"],"type":"gossip"}}
2025/04/21 10:09:58 Sent {"src":"n1","dest":"n0","body":{"data_id":"c14_15","message":38,"msg_id":94,"seen_nodes":["n1","n4","n2","n0"],"type":"gossip"}}
2025/04/21 10:09:58 Sent {"src":"n1","dest":"n4","body":{"already_seen":false,"in_reply_to":40,"msg_id":152,"seen_nodes":["n1","n4","n2","n0"],"type":"gossip_ok"}}
2025/04/21 10:09:59 Received {n4 n1 {"already_seen":false,"in_reply_to":74,"msg_id":94,"seen_nodes":["n4","n1","n3"],"type":"gossip_ok"}}
2025/04/21 10:09:59 Received {c11 n1 {"type":"broadcast","message":44,"msg_id":23}}
2025/04/21 10:09:59 Received {n0 n1 {"already_seen":false,"in_reply_to":77,"msg_id":89,"seen_nodes":["n0","n1","n4","n2","n3"],"type":"gossip_ok"}}
2025/04/21 10:09:59 Received {n4 n1 {"already_seen":false,"in_reply_to":75,"msg_id":95,"seen_nodes":["n4","n1","n0","n3"],"type":"gossip_ok"}}
2025/04/21 10:09:59 Received {n0 n1 {"data_id":"c10_16","message":39,"msg_id":42,"seen_nodes":["n0","n3","n1"],"type":"gossip"}}
2025/04/21 10:09:59 Received {n4 n1 {"data_id":"c14_16","message":41,"msg_id":43,"seen_nodes":["n4","n1"],"type":"gossip"}}
2025/04/21 10:09:59 Sent {"src":"n1","dest":"n4","body":{"data_id":"c10_16","message":39,"msg_id":96,"seen_nodes":["n1","n0","n3","n4"],"type":"gossip"}}
2025/04/21 10:09:59 Sent {"src":"n1","dest":"n2","body":{"data_id":"c10_16","message":39,"msg_id":97,"seen_nodes":["n1","n0","n3","n4","n2"],"type":"gossip"}}
2025/04/21 10:09:59 Sent {"src":"n1","dest":"n0","body":{"already_seen":false,"in_reply_to":42,"msg_id":157,"seen_nodes":["n1","n0","n3","n4","n2"],"type":"gossip_ok"}}
2025/04/21 10:09:59 Sent {"src":"n1","dest":"n4","body":{"data_id":"c11_23","message":44,"msg_id":95,"seen_nodes":["n1","n4"],"type":"gossip"}}
2025/04/21 10:09:59 Sent {"src":"n1","dest":"n2","body":{"data_id":"c11_23","message":44,"msg_id":99,"seen_nodes":["n1","n4","n2"],"type":"gossip"}}
2025/04/21 10:09:59 Sent {"src":"n1","dest":"n0","body":{"data_id":"c11_23","message":44,"msg_id":100,"seen_nodes":["n1","n4","n2","n0"],"type":"gossip"}}
2025/04/21 10:09:59 Sent {"src":"n1","dest":"n2","body":{"data_id":"c14_16","message":41,"msg_id":98,"seen_nodes":["n1","n4","n2"],"type":"gossip"}}
2025/04/21 10:09:59 Sent {"src":"n1","dest":"c11","body":{"in_reply_to":23,"msg_id":160,"type":"broadcast_ok"}}
2025/04/21 10:09:59 Sent {"src":"n1","dest":"n0","body":{"data_id":"c14_16","message":41,"msg_id":101,"seen_nodes":["n1","n4","n2","n0"],"type":"gossip"}}
2025/04/21 10:09:59 Sent {"src":"n1","dest":"n4","body":{"already_seen":false,"in_reply_to":43,"msg_id":162,"seen_nodes":["n1","n4","n2","n0"],"type":"gossip_ok"}}
2025/04/21 10:09:59 Received {n4 n1 {"already_seen":false,"in_reply_to":79,"msg_id":100,"seen_nodes":["n4","n1","n3"],"type":"gossip_ok"}}
2025/04/21 10:09:59 Received {c11 n1 {"type":"broadcast","message":50,"msg_id":24}}
2025/04/21 10:09:59 Received {n0 n1 {"already_seen":false,"in_reply_to":81,"msg_id":93,"seen_nodes":["n0","n1","n4","n2","n3"],"type":"gossip_ok"}}
2025/04/21 10:09:59 Received {n0 n1 {"already_seen":false,"in_reply_to":83,"msg_id":97,"seen_nodes":["n0","n1","n4","n2","n3"],"type":"gossip_ok"}}
2025/04/21 10:09:59 Received {n0 n1 {"data_id":"c10_17","message":43,"msg_id":46,"seen_nodes":["n0","n3","n1"],"type":"gossip"}}
2025/04/21 10:09:59 Sent {"src":"n1","dest":"n4","body":{"data_id":"c11_24","message":50,"msg_id":102,"seen_nodes":["n1","n4"],"type":"gossip"}}
2025/04/21 10:09:59 Sent {"src":"n1","dest":"n2","body":{"data_id":"c11_24","message":50,"msg_id":104,"seen_nodes":["n1","n4","n2"],"type":"gossip"}}
2025/04/21 10:09:59 Sent {"src":"n1","dest":"n4","body":{"data_id":"c10_17","message":43,"msg_id":103,"seen_nodes":["n1","n0","n3","n4"],"type":"gossip"}}
2025/04/21 10:09:59 Sent {"src":"n1","dest":"n2","body":{"data_id":"c10_17","message":43,"msg_id":106,"seen_nodes":["n1","n0","n3","n4","n2"],"type":"gossip"}}
2025/04/21 10:09:59 Sent {"src":"n1","dest":"n0","body":{"data_id":"c11_24","message":50,"msg_id":105,"seen_nodes":["n1","n4","n2","n0"],"type":"gossip"}}
2025/04/21 10:09:59 Sent {"src":"n1","dest":"c11","body":{"in_reply_to":24,"msg_id":169,"type":"broadcast_ok"}}
2025/04/21 10:09:59 Sent {"src":"n1","dest":"n0","body":{"already_seen":false,"in_reply_to":46,"msg_id":168,"seen_nodes":["n1","n0","n3","n4","n2"],"type":"gossip_ok"}}
2025/04/21 10:10:00 Received {n4 n1 {"already_seen":false,"in_reply_to":84,"msg_id":103,"seen_nodes":["n4","n1","n3"],"type":"gossip_ok"}}
2025/04/21 10:10:00 Received {c11 n1 {"type":"broadcast","message":51,"msg_id":25}}
2025/04/21 10:10:00 Received {n4 n1 {"already_seen":false,"in_reply_to":85,"msg_id":105,"seen_nodes":["n4","n1","n0","n3"],"type":"gossip_ok"}}
2025/04/21 10:10:00 Received {n0 n1 {"data_id":"c10_18","message":45,"msg_id":49,"seen_nodes":["n0","n3","n1"],"type":"gossip"}}
2025/04/21 10:10:00 Received {n0 n1 {"already_seen":false,"in_reply_to":88,"msg_id":101,"seen_nodes":["n0","n1","n4","n2","n3"],"type":"gossip_ok"}}
2025/04/21 10:10:00 Sent {"src":"n1","dest":"n4","body":{"data_id":"c10_18","message":45,"msg_id":107,"seen_nodes":["n1","n0","n3","n4"],"type":"gossip"}}
2025/04/21 10:10:00 Sent {"src":"n1","dest":"n2","body":{"data_id":"c10_18","message":45,"msg_id":109,"seen_nodes":["n1","n0","n3","n4","n2"],"type":"gossip"}}
2025/04/21 10:10:00 Sent {"src":"n1","dest":"n0","body":{"already_seen":false,"in_reply_to":49,"msg_id":173,"seen_nodes":["n1","n0","n3","n4","n2"],"type":"gossip_ok"}}
2025/04/21 10:10:00 Sent {"src":"n1","dest":"n4","body":{"data_id":"c11_25","message":51,"msg_id":108,"seen_nodes":["n1","n4"],"type":"gossip"}}
2025/04/21 10:10:00 Sent {"src":"n1","dest":"n2","body":{"data_id":"c11_25","message":51,"msg_id":110,"seen_nodes":["n1","n4","n2"],"type":"gossip"}}
2025/04/21 10:10:00 Sent {"src":"n1","dest":"n0","body":{"data_id":"c11_25","message":51,"msg_id":111,"seen_nodes":["n1","n4","n2","n0"],"type":"gossip"}}
2025/04/21 10:10:00 Sent {"src":"n1","dest":"c11","body":{"in_reply_to":25,"msg_id":176,"type":"broadcast_ok"}}
2025/04/21 10:10:00 Received {n4 n1 {"data_id":"c14_19","message":46,"msg_id":47,"seen_nodes":["n4","n1"],"type":"gossip"}}
2025/04/21 10:10:00 Received {c11 n1 {"type":"read","msg_id":26}}
2025/04/21 10:10:00 Received {n0 n1 {"already_seen":false,"in_reply_to":90,"msg_id":106,"seen_nodes":["n0","n1","n4","n2","n3"],"type":"gossip_ok"}}
2025/04/21 10:10:00 Sent {"src":"n1","dest":"n2","body":{"data_id":"c14_19","message":46,"msg_id":112,"seen_nodes":["n1","n4","n2"],"type":"gossip"}}
2025/04/21 10:10:00 Sent {"src":"n1","dest":"n0","body":{"data_id":"c14_19","message":46,"msg_id":113,"seen_nodes":["n1","n4","n2","n0"],"type":"gossip"}}
2025/04/21 10:10:00 Sent {"src":"n1","dest":"n4","body":{"already_seen":false,"in_reply_to":47,"msg_id":180,"seen_nodes":["n1","n4","n2","n0"],"type":"gossip_ok"}}
2025/04/21 10:10:00 Sent {"src":"n1","dest":"c11","body":{"in_reply_to":26,"messages":[3,7,17,44,41,50,46,0,9,20,26,32,30,43,36,10,2,11,19,25,24,33,38,39,5,6,8,14,18,29,34,1,4,13,23,22,27,42,35,37,51,16,21,45,12,15,31,28,40],"msg_id":178,"type":"read_ok"}}
2025/04/21 10:10:00 Received {n0 n1 {"data_id":"c10_20","message":47,"msg_id":53,"seen_nodes":["n0","n3","n1"],"type":"gossip"}}
2025/04/21 10:10:00 Received {c11 n1 {"type":"broadcast","message":52,"msg_id":27}}
2025/04/21 10:10:00 Received {n0 n1 {"already_seen":false,"in_reply_to":92,"msg_id":111,"seen_nodes":["n0","n1","n4","n2","n3"],"type":"gossip_ok"}}
2025/04/21 10:10:00 Sent {"src":"n1","dest":"n4","body":{"data_id":"c11_27","message":52,"msg_id":115,"seen_nodes":["n1","n4"],"type":"gossip"}}
2025/04/21 10:10:00 Sent {"src":"n1","dest":"n2","body":{"data_id":"c11_27","message":52,"msg_id":116,"seen_nodes":["n1","n4","n2"],"type":"gossip"}}
2025/04/21 10:10:00 Sent {"src":"n1","dest":"n0","body":{"data_id":"c11_27","message":52,"msg_id":117,"seen_nodes":["n1","n4","n2","n0"],"type":"gossip"}}
2025/04/21 10:10:00 Sent {"src":"n1","dest":"c11","body":{"in_reply_to":27,"msg_id":185,"type":"broadcast_ok"}}
2025/04/21 10:10:00 Sent {"src":"n1","dest":"n4","body":{"data_id":"c10_20","message":47,"msg_id":114,"seen_nodes":["n1","n0","n3","n4"],"type":"gossip"}}
2025/04/21 10:10:00 Sent {"src":"n1","dest":"n2","body":{"data_id":"c10_20","message":47,"msg_id":118,"seen_nodes":["n1","n0","n3","n4","n2"],"type":"gossip"}}
2025/04/21 10:10:00 Sent {"src":"n1","dest":"n0","body":{"already_seen":false,"in_reply_to":53,"msg_id":187,"seen_nodes":["n1","n0","n3","n4","n2"],"type":"gossip_ok"}}
2025/04/21 10:10:00 Received {n0 n1 {"already_seen":false,"in_reply_to":94,"msg_id":113,"seen_nodes":["n0","n1","n4","n2","n3"],"type":"gossip_ok"}}
2025/04/21 10:10:01 Received {n4 n1 {"already_seen":false,"in_reply_to":96,"msg_id":109,"seen_nodes":["n4","n1","n0","n3"],"type":"gossip_ok"}}
2025/04/21 10:10:01 Received {c11 n1 {"type":"broadcast","message":53,"msg_id":28}}
2025/04/21 10:10:01 Received {n0 n1 {"data_id":"c10_21","message":49,"msg_id":56,"seen_nodes":["n0","n3","n1"],"type":"gossip"}}
2025/04/21 10:10:01 Received {n0 n1 {"already_seen":false,"in_reply_to":100,"msg_id":118,"seen_nodes":["n0","n1","n4","n2","n3"],"type":"gossip_ok"}}
2025/04/21 10:10:01 Received {n0 n1 {"already_seen":false,"in_reply_to":101,"msg_id":120,"seen_nodes":["n0","n1","n4","n2","n3"],"type":"gossip_ok"}}
2025/04/21 10:10:01 Received {n4 n1 {"already_seen":false,"in_reply_to":95,"msg_id":112,"seen_nodes":["n4","n1","n3"],"type":"gossip_ok"}}
2025/04/21 10:10:01 Sent {"src":"n1","dest":"n4","body":{"data_id":"c10_21","message":49,"msg_id":119,"seen_nodes":["n1","n0","n3","n4"],"type":"gossip"}}
2025/04/21 10:10:01 Sent {"src":"n1","dest":"n4","body":{"data_id":"c11_28","message":53,"msg_id":121,"seen_nodes":["n1","n4"],"type":"gossip"}}
2025/04/21 10:10:01 Sent {"src":"n1","dest":"n2","body":{"data_id":"c11_28","message":53,"msg_id":122,"seen_nodes":["n1","n4","n2"],"type":"gossip"}}
2025/04/21 10:10:01 Sent {"src":"n1","dest":"n0","body":{"data_id":"c11_28","message":53,"msg_id":123,"seen_nodes":["n1","n4","n2","n0"],"type":"gossip"}}
2025/04/21 10:10:01 Sent {"src":"n1","dest":"c11","body":{"in_reply_to":28,"msg_id":193,"type":"broadcast_ok"}}
2025/04/21 10:10:01 Sent {"src":"n1","dest":"n2","body":{"data_id":"c10_21","message":49,"msg_id":120,"seen_nodes":["n1","n0","n3","n4","n2"],"type":"gossip"}}
2025/04/21 10:10:01 Sent {"src":"n1","dest":"n0","body":{"already_seen":false,"in_reply_to":56,"msg_id":194,"seen_nodes":["n1","n0","n3","n4","n2"],"type":"gossip_ok"}}
2025/04/21 10:10:01 Received {c11 n1 {"type":"read","msg_id":29}}
2025/04/21 10:10:01 Sent {"src":"n1","dest":"c11","body":{"in_reply_to":29,"messages":[25,24,38,34,39,5,8,29,4,53,22,51,49,40,12,44,41,30,0,9,20,19,33,36,10,2,11,47,6,14,18,23,1,13,37,27,42,35,16,21,45,28,15,31,50,3,7,17,26,32,43,46,52],"msg_id":195,"type":"read_ok"}}
2025/04/21 10:10:01 Received {c11 n1 {"type":"read","msg_id":30}}
2025/04/21 10:10:01 Sent {"src":"n1","dest":"c11","body":{"in_reply_to":30,"messages":[27,42,35,37,16,21,45,15,31,28,3,7,17,50,43,46,26,32,52,25,24,38,5,8,29,34,39,4,22,51,49,53,12,40,44,41,0,9,20,30,33,36,10,2,11,19,47,6,14,18,1,13,23],"msg_id":196,"type":"read_ok"}}
2025/04/21 10:10:01 Received {c11 n1 {"type":"read","msg_id":31}}
2025/04/21 10:10:01 Sent {"src":"n1","dest":"c11","body":{"in_reply_to":31,"messages":[15,31,28,50,3,7,17,32,43,46,26,52,25,24,38,39,5,8,29,34,4,22,51,49,53,40,12,41,44,30,0,9,20,33,36,10,2,11,19,47,6,14,18,1,13,23,27,42,35,37,16,21,45],"msg_id":197,"type":"read_ok"}}
2025/04/21 10:10:01 Received {c11 n1 {"type":"read","msg_id":32}}
2025/04/21 10:10:01 Sent {"src":"n1","dest":"c11","body":{"in_reply_to":32,"messages":[40,12,41,44,30,0,9,20,33,36,10,2,11,19,47,6,14,18,1,13,23,27,42,35,37,16,21,45,15,31,28,50,3,7,17,32,43,46,26,52,25,24,38,39,5,8,29,34,4,22,51,49,53],"msg_id":198,"type":"read_ok"}}
2025/04/21 10:10:02 Received {c11 n1 {"type":"broadcast","message":55,"msg_id":33}}
2025/04/21 10:10:02 Sent {"src":"n1","dest":"n4","body":{"data_id":"c11_33","message":55,"msg_id":124,"seen_nodes":["n1","n4"],"type":"gossip"}}
2025/04/21 10:10:02 Sent {"src":"n1","dest":"n2","body":{"data_id":"c11_33","message":55,"msg_id":125,"seen_nodes":["n1","n4","n2"],"type":"gossip"}}
2025/04/21 10:10:02 Sent {"src":"n1","dest":"n0","body":{"data_id":"c11_33","message":55,"msg_id":126,"seen_nodes":["n1","n4","n2","n0"],"type":"gossip"}}
2025/04/21 10:10:02 Sent {"src":"n1","dest":"c11","body":{"in_reply_to":33,"msg_id":202,"type":"broadcast_ok"}}
2025/04/21 10:10:02 Received {c11 n1 {"type":"read","msg_id":34}}
2025/04/21 10:10:02 Sent {"src":"n1","dest":"c11","body":{"in_reply_to":34,"messages":[16,21,45,28,15,31,50,3,7,17,26,32,43,46,52,25,24,38,34,39,55,5,8,29,4,53,22,51,49,40,12,44,41,30,0,9,20,19,33,36,10,2,11,47,6,14,18,1,13,23,37,27,42,35],"msg_id":203,"type":"read_ok"}}
2025/04/21 10:10:02 Received {c11 n1 {"type":"broadcast","message":56,"msg_id":35}}
2025/04/21 10:10:02 Sent {"src":"n1","dest":"n4","body":{"data_id":"c11_35","message":56,"msg_id":127,"seen_nodes":["n1","n4"],"type":"gossip"}}
2025/04/21 10:10:02 Sent {"src":"n1","dest":"n2","body":{"data_id":"c11_35","message":56,"msg_id":128,"seen_nodes":["n1","n4","n2"],"type":"gossip"}}
2025/04/21 10:10:02 Sent {"src":"n1","dest":"n0","body":{"data_id":"c11_35","message":56,"msg_id":129,"seen_nodes":["n1","n4","n2","n0"],"type":"gossip"}}
2025/04/21 10:10:02 Sent {"src":"n1","dest":"c11","body":{"in_reply_to":35,"msg_id":207,"type":"broadcast_ok"}}
2025/04/21 10:10:02 Received {c11 n1 {"type":"broadcast","message":57,"msg_id":36}}
2025/04/21 10:10:02 Sent {"src":"n1","dest":"n4","body":{"data_id":"c11_36","message":57,"msg_id":130,"seen_nodes":["n1","n4"],"type":"gossip"}}
2025/04/21 10:10:02 Sent {"src":"n1","dest":"n2","body":{"data_id":"c11_36","message":57,"msg_id":131,"seen_nodes":["n1","n4","n2"],"type":"gossip"}}
2025/04/21 10:10:02 Sent {"src":"n1","dest":"n0","body":{"data_id":"c11_36","message":57,"msg_id":132,"seen_nodes":["n1","n4","n2","n0"],"type":"gossip"}}
2025/04/21 10:10:02 Sent {"src":"n1","dest":"c11","body":{"in_reply_to":36,"msg_id":211,"type":"broadcast_ok"}}
2025/04/21 10:10:02 Received {c11 n1 {"type":"broadcast","message":58,"msg_id":37}}
2025/04/21 10:10:02 Sent {"src":"n1","dest":"n4","body":{"data_id":"c11_37","message":58,"msg_id":133,"seen_nodes":["n1","n4"],"type":"gossip"}}
2025/04/21 10:10:02 Sent {"src":"n1","dest":"n2","body":{"data_id":"c11_37","message":58,"msg_id":134,"seen_nodes":["n1","n4","n2"],"type":"gossip"}}
2025/04/21 10:10:02 Sent {"src":"n1","dest":"n0","body":{"data_id":"c11_37","message":58,"msg_id":135,"seen_nodes":["n1","n4","n2","n0"],"type":"gossip"}}
2025/04/21 10:10:02 Sent {"src":"n1","dest":"c11","body":{"in_reply_to":37,"msg_id":215,"type":"broadcast_ok"}}
2025/04/21 10:10:02 Received {c11 n1 {"type":"broadcast","message":59,"msg_id":38}}
2025/04/21 10:10:02 Sent {"src":"n1","dest":"n4","body":{"data_id":"c11_38","message":59,"msg_id":136,"seen_nodes":["n1","n4"],"type":"gossip"}}
2025/04/21 10:10:02 Sent {"src":"n1","dest":"n2","body":{"data_id":"c11_38","message":59,"msg_id":137,"seen_nodes":["n1","n4","n2"],"type":"gossip"}}
2025/04/21 10:10:02 Sent {"src":"n1","dest":"n0","body":{"data_id":"c11_38","message":59,"msg_id":138,"seen_nodes":["n1","n4","n2","n0"],"type":"gossip"}}
2025/04/21 10:10:02 Sent {"src":"n1","dest":"c11","body":{"in_reply_to":38,"msg_id":219,"type":"broadcast_ok"}}
2025/04/21 10:10:02 Received {c11 n1 {"type":"broadcast","message":60,"msg_id":39}}
2025/04/21 10:10:02 Sent {"src":"n1","dest":"n4","body":{"data_id":"c11_39","message":60,"msg_id":139,"seen_nodes":["n1","n4"],"type":"gossip"}}
2025/04/21 10:10:02 Sent {"src":"n1","dest":"n2","body":{"data_id":"c11_39","message":60,"msg_id":140,"seen_nodes":["n1","n4","n2"],"type":"gossip"}}
2025/04/21 10:10:02 Sent {"src":"n1","dest":"n0","body":{"data_id":"c11_39","message":60,"msg_id":141,"seen_nodes":["n1","n4","n2","n0"],"type":"gossip"}}
2025/04/21 10:10:02 Sent {"src":"n1","dest":"c11","body":{"in_reply_to":39,"msg_id":223,"type":"broadcast_ok"}}
2025/04/21 10:10:02 Received {c11 n1 {"type":"broadcast","message":61,"msg_id":40}}
2025/04/21 10:10:02 Sent {"src":"n1","dest":"n4","body":{"data_id":"c11_40","message":61,"msg_id":142,"seen_nodes":["n1","n4"],"type":"gossip"}}
2025/04/21 10:10:02 Sent {"src":"n1","dest":"n2","body":{"data_id":"c11_40","message":61,"msg_id":143,"seen_nodes":["n1","n4","n2"],"type":"gossip"}}
2025/04/21 10:10:02 Sent {"src":"n1","dest":"n0","body":{"data_id":"c11_40","message":61,"msg_id":144,"seen_nodes":["n1","n4","n2","n0"],"type":"gossip"}}
2025/04/21 10:10:02 Sent {"src":"n1","dest":"c11","body":{"in_reply_to":40,"msg_id":227,"type":"broadcast_ok"}}
2025/04/21 10:10:02 Received {c11 n1 {"type":"read","msg_id":41}}
2025/04/21 10:10:02 Sent {"src":"n1","dest":"c11","body":{"in_reply_to":41,"messages":[22,51,49,53,57,12,40,44,41,61,0,9,20,30,59,10,2,11,19,33,36,47,6,14,18,1,13,23,27,42,35,37,16,21,45,15,31,28,3,7,17,50,58,26,32,43,46,52,25,24,38,5,8,29,34,39,55,4,56,60],"msg_id":228,"type":"read_ok"}}
2025/04/21 10:10:02 Received {c11 n1 {"type":"read","msg_id":42}}
2025/04/21 10:10:02 Sent {"src":"n1","dest":"c11","body":{"in_reply_to":42,"messages":[44,41,61,0,9,20,30,47,59,10,2,11,19,33,36,6,14,18,1,13,23,27,42,35,37,16,21,45,15,31,28,3,7,17,50,58,26,32,43,46,52,25,24,38,5,8,29,34,39,55,4,56,60,22,51,49,53,57,12,40],"msg_id":229,"type":"read_ok"}}
2025/04/21 10:10:03 Received {c11 n1 {"type":"read","msg_id":43}}
2025/04/21 10:10:03 Sent {"src":"n1","dest":"c11","body":{"in_reply_to":43,"messages":[31,28,15,7,17,50,58,3,32,43,46,52,26,24,38,25,8,29,34,39,55,5,56,60,4,51,49,53,57,22,40,12,41,61,44,9,20,30,0,2,11,19,33,36,47,59,10,14,18,6,13,23,1,42,35,37,27,21,45,16],"msg_id":230,"type":"read_ok"}}
2025/04/21 10:10:03 Received {c11 n1 {"type":"read","msg_id":44}}
2025/04/21 10:10:03 Sent {"src":"n1","dest":"c11","body":{"in_reply_to":44,"messages":[1,13,23,37,27,42,35,16,21,45,15,31,28,50,58,3,7,17,46,52,26,32,43,25,24,38,34,39,55,5,8,29,4,56,60,53,57,22,51,49,12,40,44,41,61,30,0,9,20,19,33,36,47,59,10,2,11,6,14,18],"msg_id":231,"type":"read_ok"}}
2025/04/21 10:10:03 Received {c11 n1 {"type":"read","msg_id":45}}
2025/04/21 10:10:03 Sent {"src":"n1","dest":"c11","body":{"in_reply_to":45,"messages":[6,14,18,1,13,23,27,42,35,37,16,21,45,15,31,28,3,7,17,50,58,26,32,43,46,52,25,24,38,5,8,29,34,39,55,4,56,60,22,51,49,53,57,12,40,44,41,61,0,9,20,30,10,2,11,19,33,36,47,59],"msg_id":232,"type":"read_ok"}}
2025/04/21 10:10:03 Received {c11 n1 {"type":"broadcast","message":62,"msg_id":46}}
2025/04/21 10:10:03 Sent {"src":"n1","dest":"n4","body":{"data_id":"c11_46","message":62,"msg_id":145,"seen_nodes":["n1","n4"],"type":"gossip"}}
2025/04/21 10:10:03 Sent {"src":"n1","dest":"n2","body":{"data_id":"c11_46","message":62,"msg_id":146,"seen_nodes":["n1","n4","n2"],"type":"gossip"}}
2025/04/21 10:10:03 Sent {"src":"n1","dest":"n0","body":{"data_id":"c11_46","message":62,"msg_id":147,"seen_nodes":["n1","n4","n2","n0"],"type":"gossip"}}
2025/04/21 10:10:03 Sent {"src":"n1","dest":"c11","body":{"in_reply_to":46,"msg_id":236,"type":"broadcast_ok"}}
2025/04/21 10:10:03 Received {c11 n1 {"type":"read","msg_id":47}}
2025/04/21 10:10:03 Sent {"src":"n1","dest":"c11","body":{"in_reply_to":47,"messages":[29,34,39,55,5,8,60,4,56,49,53,57,22,51,12,40,61,44,41,20,30,0,9,11,19,33,36,47,59,10,2,18,62,6,14,23,1,13,35,37,27,42,45,16,21,28,15,31,17,50,58,3,7,43,46,52,26,32,38,25,24],"msg_id":237,"type":"read_ok"}}
2025/04/21 10:10:03 Received {c11 n1 {"type":"broadcast","message":63,"msg_id":48}}
2025/04/21 10:10:03 Sent {"src":"n1","dest":"n4","body":{"data_id":"c11_48","message":63,"msg_id":148,"seen_nodes":["n1","n4"],"type":"gossip"}}
2025/04/21 10:10:03 Sent {"src":"n1","dest":"n2","body":{"data_id":"c11_48","message":63,"msg_id":149,"seen_nodes":["n1","n4","n2"],"type":"gossip"}}
2025/04/21 10:10:03 Sent {"src":"n1","dest":"n0","body":{"data_id":"c11_48","message":63,"msg_id":150,"seen_nodes":["n1","n4","n2","n0"],"type":"gossip"}}
2025/04/21 10:10:03 Sent {"src":"n1","dest":"c11","body":{"in_reply_to":48,"msg_id":241,"type":"broadcast_ok"}}
2025/04/21 10:10:03 Received {c11 n1 {"type":"read","msg_id":49}}
2025/04/21 10:10:03 Sent {"src":"n1","dest":"c11","body":{"in_reply_to":49,"messages":[40,12,41,61,44,9,20,30,0,2,11,19,33,36,47,59,10,14,18,62,6,13,23,1,42,35,37,27,21,45,16,31,28,15,7,17,50,58,3,32,43,46,52,26,24,38,25,8,29,34,39,55,63,5,56,60,4,51,49,53,57,22],"msg_id":242,"type":"read_ok"}}
2025/04/21 10:10:03 Received {c11 n1 {"type":"broadcast","message":64,"msg_id":50}}
2025/04/21 10:10:03 Sent {"src":"n1","dest":"n4","body":{"data_id":"c11_50","message":64,"msg_id":151,"seen_nodes":["n1","n4"],"type":"gossip"}}
2025/04/21 10:10:03 Sent {"src":"n1","dest":"n2","body":{"data_id":"c11_50","message":64,"msg_id":152,"seen_nodes":["n1","n4","n2"],"type":"gossip"}}
2025/04/21 10:10:03 Sent {"src":"n1","dest":"n0","body":{"data_id":"c11_50","message":64,"msg_id":153,"seen_nodes":["n1","n4","n2","n0"],"type":"gossip"}}
2025/04/21 10:10:03 Sent {"src":"n1","dest":"c11","body":{"in_reply_to":50,"msg_id":246,"type":"broadcast_ok"}}
2025/04/21 10:10:03 Received {c11 n1 {"type":"broadcast","message":65,"msg_id":51}}
2025/04/21 10:10:03 Sent {"src":"n1","dest":"n4","body":{"data_id":"c11_51","message":65,"msg_id":154,"seen_nodes":["n1","n4"],"type":"gossip"}}
2025/04/21 10:10:03 Sent {"src":"n1","dest":"n2","body":{"data_id":"c11_51","message":65,"msg_id":155,"seen_nodes":["n1","n4","n2"],"type":"gossip"}}
2025/04/21 10:10:03 Sent {"src":"n1","dest":"n0","body":{"data_id":"c11_51","message":65,"msg_id":156,"seen_nodes":["n1","n4","n2","n0"],"type":"gossip"}}
2025/04/21 10:10:03 Sent {"src":"n1","dest":"c11","body":{"in_reply_to":51,"msg_id":250,"type":"broadcast_ok"}}
2025/04/21 10:10:03 Received {c11 n1 {"type":"read","msg_id":52}}
2025/04/21 10:10:03 Sent {"src":"n1","dest":"c11","body":{"in_reply_to":52,"messages":[16,21,45,15,31,28,3,7,17,50,58,65,26,32,43,46,52,25,24,38,63,5,8,29,34,39,55,4,56,60,22,51,49,53,57,12,40,44,41,61,0,9,20,30,47,59,10,2,11,19,33,36,6,14,18,62,1,13,23,64,27,42,35,37],"msg_id":251,"type":"read_ok"}}
2025/04/21 10:10:03 Received {c11 n1 {"type":"read","msg_id":53}}
2025/04/21 10:10:03 Sent {"src":"n1","dest":"c11","body":{"in_reply_to":53,"messages":[44,41,61,0,9,20,30,33,36,47,59,10,2,11,19,6,14,18,62,1,13,23,64,27,42,35,37,16,21,45,15,31,28,58,65,3,7,17,50,52,26,32,43,46,25,24,38,39,55,63,5,8,29,34,4,56,60,57,22,51,49,53,12,40],"msg_id":252,"type":"read_ok"}}
2025/04/21 10:10:04 Received {c11 n1 {"type":"broadcast","message":66,"msg_id":54}}
2025/04/21 10:10:04 Sent {"src":"n1","dest":"n4","body":{"data_id":"c11_54","message":66,"msg_id":157,"seen_nodes":["n1","n4"],"type":"gossip"}}
2025/04/21 10:10:04 Sent {"src":"n1","dest":"n2","body":{"data_id":"c11_54","message":66,"msg_id":158,"seen_nodes":["n1","n4","n2"],"type":"gossip"}}
2025/04/21 10:10:04 Sent {"src":"n1","dest":"n0","body":{"data_id":"c11_54","message":66,"msg_id":159,"seen_nodes":["n1","n4","n2","n0"],"type":"gossip"}}
2025/04/21 10:10:04 Sent {"src":"n1","dest":"c11","body":{"in_reply_to":54,"msg_id":256,"type":"broadcast_ok"}}
2025/04/21 10:10:04 Received {c11 n1 {"type":"read","msg_id":55}}
2025/04/21 10:10:04 Sent {"src":"n1","dest":"c11","body":{"in_reply_to":55,"messages":[25,24,38,39,55,63,5,8,29,34,4,56,60,57,22,51,49,53,12,40,44,41,61,66,0,9,20,30,33,36,47,59,10,2,11,19,6,14,18,62,1,13,23,64,27,42,35,37,16,21,45,15,31,28,58,65,3,7,17,50,52,26,32,43,46],"msg_id":257,"type":"read_ok"}}
2025/04/21 10:10:04 Received {c11 n1 {"type":"read","msg_id":56}}
2025/04/21 10:10:04 Sent {"src":"n1","dest":"c11","body":{"in_reply_to":56,"messages":[58,65,3,7,17,50,52,26,32,43,46,25,24,38,39,55,63,5,8,29,34,4,56,60,57,22,51,49,53,12,40,44,41,61,66,0,9,20,30,33,36,47,59,10,2,11,19,6,14,18,62,1,13,23,64,27,42,35,37,16,21,45,15,31,28],"msg_id":258,"type":"read_ok"}}
2025/04/21 10:10:04 Received {c11 n1 {"type":"broadcast","message":67,"msg_id":57}}
2025/04/21 10:10:04 Sent {"src":"n1","dest":"n4","body":{"data_id":"c11_57","message":67,"msg_id":160,"seen_nodes":["n1","n4"],"type":"gossip"}}
2025/04/21 10:10:04 Sent {"src":"n1","dest":"n2","body":{"data_id":"c11_57","message":67,"msg_id":161,"seen_nodes":["n1","n4","n2"],"type":"gossip"}}
2025/04/21 10:10:04 Sent {"src":"n1","dest":"n0","body":{"data_id":"c11_57","message":67,"msg_id":162,"seen_nodes":["n1","n4","n2","n0"],"type":"gossip"}}
2025/04/21 10:10:04 Sent {"src":"n1","dest":"c11","body":{"in_reply_to":57,"msg_id":262,"type":"broadcast_ok"}}
2025/04/21 10:10:04 Received {c11 n1 {"type":"broadcast","message":68,"msg_id":58}}
2025/04/21 10:10:04 Sent {"src":"n1","dest":"n4","body":{"data_id":"c11_58","message":68,"msg_id":163,"seen_nodes":["n1","n4"],"type":"gossip"}}
2025/04/21 10:10:04 Sent {"src":"n1","dest":"n2","body":{"data_id":"c11_58","message":68,"msg_id":164,"seen_nodes":["n1","n4","n2"],"type":"gossip"}}
2025/04/21 10:10:04 Sent {"src":"n1","dest":"n0","body":{"data_id":"c11_58","message":68,"msg_id":165,"seen_nodes":["n1","n4","n2","n0"],"type":"gossip"}}
2025/04/21 10:10:04 Sent {"src":"n1","dest":"c11","body":{"in_reply_to":58,"msg_id":266,"type":"broadcast_ok"}}
2025/04/21 10:10:04 Received {c11 n1 {"type":"broadcast","message":69,"msg_id":59}}
2025/04/21 10:10:04 Sent {"src":"n1","dest":"n4","body":{"data_id":"c11_59","message":69,"msg_id":166,"seen_nodes":["n1","n4"],"type":"gossip"}}
2025/04/21 10:10:04 Sent {"src":"n1","dest":"n2","body":{"data_id":"c11_59","message":69,"msg_id":167,"seen_nodes":["n1","n4","n2"],"type":"gossip"}}
2025/04/21 10:10:04 Sent {"src":"n1","dest":"n0","body":{"data_id":"c11_59","message":69,"msg_id":168,"seen_nodes":["n1","n4","n2","n0"],"type":"gossip"}}
2025/04/21 10:10:04 Sent {"src":"n1","dest":"c11","body":{"in_reply_to":59,"msg_id":270,"type":"broadcast_ok"}}
2025/04/21 10:10:04 Received {c11 n1 {"type":"broadcast","message":70,"msg_id":60}}
2025/04/21 10:10:04 Sent {"src":"n1","dest":"n4","body":{"data_id":"c11_60","message":70,"msg_id":169,"seen_nodes":["n1","n4"],"type":"gossip"}}
2025/04/21 10:10:04 Sent {"src":"n1","dest":"n2","body":{"data_id":"c11_60","message":70,"msg_id":170,"seen_nodes":["n1","n4","n2"],"type":"gossip"}}
2025/04/21 10:10:04 Sent {"src":"n1","dest":"n0","body":{"data_id":"c11_60","message":70,"msg_id":171,"seen_nodes":["n1","n4","n2","n0"],"type":"gossip"}}
2025/04/21 10:10:04 Sent {"src":"n1","dest":"c11","body":{"in_reply_to":60,"msg_id":274,"type":"broadcast_ok"}}
2025/04/21 10:10:04 Received {c11 n1 {"type":"broadcast","message":71,"msg_id":61}}
2025/04/21 10:10:04 Sent {"src":"n1","dest":"n4","body":{"data_id":"c11_61","message":71,"msg_id":172,"seen_nodes":["n1","n4"],"type":"gossip"}}
2025/04/21 10:10:04 Sent {"src":"n1","dest":"n2","body":{"data_id":"c11_61","message":71,"msg_id":173,"seen_nodes":["n1","n4","n2"],"type":"gossip"}}
2025/04/21 10:10:04 Sent {"src":"n1","dest":"n0","body":{"data_id":"c11_61","message":71,"msg_id":174,"seen_nodes":["n1","n4","n2","n0"],"type":"gossip"}}
2025/04/21 10:10:04 Sent {"src":"n1","dest":"c11","body":{"in_reply_to":61,"msg_id":278,"type":"broadcast_ok"}}
2025/04/21 10:10:04 Received {c11 n1 {"type":"read","msg_id":62}}
2025/04/21 10:10:04 Sent {"src":"n1","dest":"c11","body":{"in_reply_to":62,"messages":[1,13,23,64,27,42,35,37,16,21,45,15,31,28,70,65,3,7,17,50,58,68,26,32,43,46,52,25,24,38,55,63,71,5,8,29,34,39,4,56,60,69,22,51,49,53,57,12,40,44,41,61,66,67,0,9,20,30,36,47,59,10,2,11,19,33,6,14,18,62],"msg_id":279,"type":"read_ok"}}
2025/04/21 10:10:05 Received {c11 n1 {"type":"broadcast","message":72,"msg_id":63}}
2025/04/21 10:10:05 Sent {"src":"n1","dest":"n4","body":{"data_id":"c11_63","message":72,"msg_id":175,"seen_nodes":["n1","n4"],"type":"gossip"}}
2025/04/21 10:10:05 Sent {"src":"n1","dest":"n2","body":{"data_id":"c11_63","message":72,"msg_id":176,"seen_nodes":["n1","n4","n2"],"type":"gossip"}}
2025/04/21 10:10:05 Sent {"src":"n1","dest":"n0","body":{"data_id":"c11_63","message":72,"msg_id":177,"seen_nodes":["n1","n4","n2","n0"],"type":"gossip"}}
2025/04/21 10:10:05 Sent {"src":"n1","dest":"c11","body":{"in_reply_to":63,"msg_id":283,"type":"broadcast_ok"}}
2025/04/21 10:10:05 Received {c11 n1 {"type":"read","msg_id":64}}
2025/04/21 10:10:05 Sent {"src":"n1","dest":"c11","body":{"in_reply_to":64,"messages":[57,22,51,49,53,12,40,72,67,44,41,61,66,0,9,20,30,33,36,47,59,10,2,11,19,6,14,18,62,1,13,23,64,27,42,35,37,16,21,45,15,31,28,70,58,65,3,7,17,50,52,68,26,32,43,46,25,24,38,39,55,63,71,5,8,29,34,4,56,60,69],"msg_id":284,"type":"read_ok"}}
2025/04/21 10:10:05 Received {c11 n1 {"type":"read","msg_id":65}}
2025/04/21 10:10:05 Sent {"src":"n1","dest":"c11","body":{"in_reply_to":65,"messages":[46,52,68,26,32,43,25,24,38,34,39,55,63,71,5,8,29,69,4,56,60,53,57,22,51,49,12,40,72,66,67,44,41,61,30,0,9,20,19,33,36,47,59,10,2,11,62,6,14,18,64,1,13,23,37,27,42,35,16,21,45,70,15,31,28,50,58,65,3,7,17],"msg_id":285,"type":"read_ok"}}
2025/04/21 10:10:05 Received {c11 n1 {"type":"read","msg_id":66}}
2025/04/21 10:10:05 Sent {"src":"n1","dest":"c11","body":{"in_reply_to":66,"messages":[25,24,38,5,8,29,34,39,55,63,71,4,56,60,69,22,51,49,53,57,12,40,72,44,41,61,66,67,0,9,20,30,10,2,11,19,33,36,47,59,6,14,18,62,1,13,23,64,27,42,35,37,16,21,45,15,31,28,70,3,7,17,50,58,65,26,32,43,46,52,68],"msg_id":286,"type":"read_ok"}}
2025/04/21 10:10:05 Received {c11 n1 {"type":"broadcast","message":73,"msg_id":67}}
2025/04/21 10:10:05 Sent {"src":"n1","dest":"n4","body":{"data_id":"c11_67","message":73,"msg_id":178,"seen_nodes":["n1","n4"],"type":"gossip"}}
2025/04/21 10:10:05 Sent {"src":"n1","dest":"n2","body":{"data_id":"c11_67","message":73,"msg_id":179,"seen_nodes":["n1","n4","n2"],"type":"gossip"}}
2025/04/21 10:10:05 Sent {"src":"n1","dest":"n0","body":{"data_id":"c11_67","message":73,"msg_id":180,"seen_nodes":["n1","n4","n2","n0"],"type":"gossip"}}
2025/04/21 10:10:05 Sent {"src":"n1","dest":"c11","body":{"in_reply_to":67,"msg_id":290,"type":"broadcast_ok"}}
2025/04/21 10:10:05 Received {c11 n1 {"type":"broadcast","message":74,"msg_id":68}}
2025/04/21 10:10:05 Sent {"src":"n1","dest":"n4","body":{"data_id":"c11_68","message":74,"msg_id":181,"seen_nodes":["n1","n4"],"type":"gossip"}}
2025/04/21 10:10:05 Sent {"src":"n1","dest":"n2","body":{"data_id":"c11_68","message":74,"msg_id":182,"seen_nodes":["n1","n4","n2"],"type":"gossip"}}
2025/04/21 10:10:05 Sent {"src":"n1","dest":"n0","body":{"data_id":"c11_68","message":74,"msg_id":183,"seen_nodes":["n1","n4","n2","n0"],"type":"gossip"}}
2025/04/21 10:10:05 Sent {"src":"n1","dest":"c11","body":{"in_reply_to":68,"msg_id":294,"type":"broadcast_ok"}}
2025/04/21 10:10:05 Received {c11 n1 {"type":"read","msg_id":69}}
2025/04/21 10:10:05 Sent {"src":"n1","dest":"c11","body":{"in_reply_to":69,"messages":[12,40,72,44,41,61,66,67,0,9,20,30,36,47,59,10,2,11,19,33,74,6,14,18,62,1,13,23,64,27,42,35,37,16,21,45,73,15,31,28,70,65,3,7,17,50,58,68,26,32,43,46,52,25,24,38,55,63,71,5,8,29,34,39,4,56,60,69,22,51,49,53,57],"msg_id":295,"type":"read_ok"}}
2025/04/21 10:10:05 Received {c11 n1 {"type":"read","msg_id":70}}
2025/04/21 10:10:05 Sent {"src":"n1","dest":"c11","body":{"in_reply_to":70,"messages":[22,51,49,53,57,12,40,72,44,41,61,66,67,0,9,20,30,10,2,11,19,33,36,47,59,74,6,14,18,62,1,13,23,64,27,42,35,37,16,21,45,73,15,31,28,70,3,7,17,50,58,65,26,32,43,46,52,68,25,24,38,5,8,29,34,39,55,63,71,4,56,60,69],"msg_id":296,"type":"read_ok"}}
2025/04/21 10:10:06 Received {c11 n1 {"type":"broadcast","message":76,"msg_id":71}}
2025/04/21 10:10:06 Sent {"src":"n1","dest":"n4","body":{"data_id":"c11_71","message":76,"msg_id":184,"seen_nodes":["n1","n4"],"type":"gossip"}}
2025/04/21 10:10:06 Sent {"src":"n1","dest":"n2","body":{"data_id":"c11_71","message":76,"msg_id":185,"seen_nodes":["n1","n4","n2"],"type":"gossip"}}
2025/04/21 10:10:06 Sent {"src":"n1","dest":"n0","body":{"data_id":"c11_71","message":76,"msg_id":186,"seen_nodes":["n1","n4","n2","n0"],"type":"gossip"}}
2025/04/21 10:10:06 Sent {"src":"n1","dest":"c11","body":{"in_reply_to":71,"msg_id":300,"type":"broadcast_ok"}}
2025/04/21 10:10:06 Received {c11 n1 {"type":"read","msg_id":72}}
2025/04/21 10:10:06 Sent {"src":"n1","dest":"c11","body":{"in_reply_to":72,"messages":[73,16,21,45,70,15,31,28,50,58,65,3,7,17,46,52,68,26,32,43,25,24,38,34,39,55,63,71,5,8,29,69,4,56,60,53,57,22,51,49,12,40,72,66,67,76,44,41,61,30,0,9,20,19,33,36,47,59,10,2,11,74,62,6,14,18,64,1,13,23,37,27,42,35],"msg_id":301,"type":"read_ok"}}
2025/04/21 10:10:06 Received {c11 n1 {"type":"read","msg_id":73}}
2025/04/21 10:10:06 Sent {"src":"n1","dest":"c11","body":{"in_reply_to":73,"messages":[51,49,53,57,22,40,72,12,41,61,66,67,76,44,9,20,30,0,2,11,19,33,36,47,59,10,74,14,18,62,6,13,23,64,1,42,35,37,27,21,45,73,16,31,28,70,15,7,17,50,58,65,3,32,43,46,52,68,26,24,38,25,8,29,34,39,55,63,71,5,56,60,69,4],"msg_id":302,"type":"read_ok"}}
2025/04/21 10:10:06 Received {c11 n1 {"type":"broadcast","message":77,"msg_id":74}}
2025/04/21 10:10:06 Sent {"src":"n1","dest":"n4","body":{"data_id":"c11_74","message":77,"msg_id":187,"seen_nodes":["n1","n4"],"type":"gossip"}}
2025/04/21 10:10:06 Sent {"src":"n1","dest":"n2","body":{"data_id":"c11_74","message":77,"msg_id":188,"seen_nodes":["n1","n4","n2"],"type":"gossip"}}
2025/04/21 10:10:06 Sent {"src":"n1","dest":"n0","body":{"data_id":"c11_74","message":77,"msg_id":189,"seen_nodes":["n1","n4","n2","n0"],"type":"gossip"}}
2025/04/21 10:10:06 Sent {"src":"n1","dest":"c11","body":{"in_reply_to":74,"msg_id":306,"type":"broadcast_ok"}}
2025/04/21 10:10:06 Received {c11 n1 {"type":"broadcast","message":78,"msg_id":75}}
2025/04/21 10:10:06 Sent {"src":"n1","dest":"n4","body":{"data_id":"c11_75","message":78,"msg_id":190,"seen_nodes":["n1","n4"],"type":"gossip"}}
2025/04/21 10:10:06 Sent {"src":"n1","dest":"n2","body":{"data_id":"c11_75","message":78,"msg_id":191,"seen_nodes":["n1","n4","n2"],"type":"gossip"}}
2025/04/21 10:10:06 Sent {"src":"n1","dest":"n0","body":{"data_id":"c11_75","message":78,"msg_id":192,"seen_nodes":["n1","n4","n2","n0"],"type":"gossip"}}
2025/04/21 10:10:06 Sent {"src":"n1","dest":"c11","body":{"in_reply_to":75,"msg_id":310,"type":"broadcast_ok"}}
2025/04/21 10:10:06 Received {c11 n1 {"type":"read","msg_id":76}}
2025/04/21 10:10:06 Sent {"src":"n1","dest":"c11","body":{"in_reply_to":76,"messages":[27,42,35,37,16,21,45,73,15,31,28,70,3,7,17,50,58,65,26,32,43,46,52,68,25,24,38,5,8,29,34,39,55,63,71,4,56,60,69,22,51,49,53,57,12,40,72,44,41,61,66,67,76,0,9,20,30,10,2,11,19,33,36,47,59,74,77,78,6,14,18,62,1,13,23,64],"msg_id":311,"type":"read_ok"}}
2025/04/21 10:10:06 Received {c11 n1 {"type":"broadcast","message":79,"msg_id":77}}
2025/04/21 10:10:06 Sent {"src":"n1","dest":"n4","body":{"data_id":"c11_77","message":79,"msg_id":193,"seen_nodes":["n1","n4"],"type":"gossip"}}
2025/04/21 10:10:06 Sent {"src":"n1","dest":"n2","body":{"data_id":"c11_77","message":79,"msg_id":194,"seen_nodes":["n1","n4","n2"],"type":"gossip"}}
2025/04/21 10:10:06 Sent {"src":"n1","dest":"n0","body":{"data_id":"c11_77","message":79,"msg_id":195,"seen_nodes":["n1","n4","n2","n0"],"type":"gossip"}}
2025/04/21 10:10:06 Sent {"src":"n1","dest":"c11","body":{"in_reply_to":77,"msg_id":315,"type":"broadcast_ok"}}
2025/04/21 10:10:06 Received {c11 n1 {"type":"broadcast","message":80,"msg_id":78}}
2025/04/21 10:10:06 Sent {"src":"n1","dest":"n4","body":{"data_id":"c11_78","message":80,"msg_id":196,"seen_nodes":["n1","n4"],"type":"gossip"}}
2025/04/21 10:10:06 Sent {"src":"n1","dest":"n2","body":{"data_id":"c11_78","message":80,"msg_id":197,"seen_nodes":["n1","n4","n2"],"type":"gossip"}}
2025/04/21 10:10:06 Sent {"src":"n1","dest":"n0","body":{"data_id":"c11_78","message":80,"msg_id":198,"seen_nodes":["n1","n4","n2","n0"],"type":"gossip"}}
2025/04/21 10:10:06 Sent {"src":"n1","dest":"c11","body":{"in_reply_to":78,"msg_id":319,"type":"broadcast_ok"}}
2025/04/21 10:10:06 Received {c11 n1 {"type":"read","msg_id":79}}
2025/04/21 10:10:06 Sent {"src":"n1","dest":"c11","body":{"in_reply_to":79,"messages":[12,40,72,79,44,41,61,66,67,76,0,9,20,30,47,59,10,2,11,19,33,36,74,77,78,6,14,18,62,80,1,13,23,64,27,42,35,37,16,21,45,73,15,31,28,70,3,7,17,50,58,65,26,32,43,46,52,68,25,24,38,63,71,5,8,29,34,39,55,4,56,60,69,22,51,49,53,57],"msg_id":320,"type":"read_ok"}}
2025/04/21 10:10:06 Received {c11 n1 {"type":"read","msg_id":80}}
2025/04/21 10:10:06 Sent {"src":"n1","dest":"c11","body":{"in_reply_to":80,"messages":[12,40,72,79,44,41,61,66,67,76,0,9,20,30,47,59,10,2,11,19,33,36,74,77,78,6,14,18,62,80,1,13,23,64,27,42,35,37,16,21,45,73,15,31,28,70,3,7,17,50,58,65,26,32,43,46,52,68,25,24,38,63,71,5,8,29,34,39,55,4,56,60,69,22,51,49,53,57],"msg_id":321,"type":"read_ok"}}
2025/04/21 10:10:07 Received {c11 n1 {"type":"broadcast","message":81,"msg_id":81}}
2025/04/21 10:10:07 Sent {"src":"n1","dest":"n4","body":{"data_id":"c11_81","message":81,"msg_id":199,"seen_nodes":["n1","n4"],"type":"gossip"}}
2025/04/21 10:10:07 Sent {"src":"n1","dest":"n2","body":{"data_id":"c11_81","message":81,"msg_id":200,"seen_nodes":["n1","n4","n2"],"type":"gossip"}}
2025/04/21 10:10:07 Sent {"src":"n1","dest":"n0","body":{"data_id":"c11_81","message":81,"msg_id":201,"seen_nodes":["n1","n4","n2","n0"],"type":"gossip"}}
2025/04/21 10:10:07 Sent {"src":"n1","dest":"c11","body":{"in_reply_to":81,"msg_id":325,"type":"broadcast_ok"}}
2025/04/21 10:10:07 Received {c11 n1 {"type":"broadcast","message":83,"msg_id":82}}
2025/04/21 10:10:07 Sent {"src":"n1","dest":"n4","body":{"data_id":"c11_82","message":83,"msg_id":202,"seen_nodes":["n1","n4"],"type":"gossip"}}
2025/04/21 10:10:07 Sent {"src":"n1","dest":"n2","body":{"data_id":"c11_82","message":83,"msg_id":203,"seen_nodes":["n1","n4","n2"],"type":"gossip"}}
2025/04/21 10:10:07 Sent {"src":"n1","dest":"n0","body":{"data_id":"c11_82","message":83,"msg_id":204,"seen_nodes":["n1","n4","n2","n0"],"type":"gossip"}}
2025/04/21 10:10:07 Sent {"src":"n1","dest":"c11","body":{"in_reply_to":82,"msg_id":329,"type":"broadcast_ok"}}
2025/04/21 10:10:07 Received {c11 n1 {"type":"read","msg_id":83}}
2025/04/21 10:10:07 Sent {"src":"n1","dest":"c11","body":{"in_reply_to":83,"messages":[3,7,17,50,58,65,26,32,43,46,52,68,25,24,38,63,71,5,8,29,34,39,55,4,56,60,69,22,51,49,53,57,81,12,40,72,79,44,41,61,66,67,76,0,9,20,30,47,59,10,2,11,19,33,36,74,77,78,6,14,18,62,80,1,13,23,64,27,42,35,37,16,21,45,73,15,31,28,70,83],"msg_id":330,"type":"read_ok"}}
2025/04/21 10:10:07 Received {c11 n1 {"type":"read","msg_id":84}}
2025/04/21 10:10:07 Sent {"src":"n1","dest":"c11","body":{"in_reply_to":84,"messages":[6,14,18,62,80,1,13,23,64,27,42,35,37,16,21,45,73,15,31,28,70,83,3,7,17,50,58,65,26,32,43,46,52,68,25,24,38,63,71,5,8,29,34,39,55,4,56,60,69,22,51,49,53,57,81,12,40,72,79,44,41,61,66,67,76,0,9,20,30,47,59,10,2,11,19,33,36,74,77,78],"msg_id":331,"type":"read_ok"}}
2025/04/21 10:10:07 Received {c11 n1 {"type":"read","msg_id":85}}
2025/04/21 10:10:07 Sent {"src":"n1","dest":"c11","body":{"in_reply_to":85,"messages":[40,72,12,41,61,66,67,76,79,44,9,20,30,0,2,11,19,33,36,47,59,10,77,78,74,14,18,62,80,6,13,23,64,1,42,35,37,27,21,45,73,16,31,28,70,83,15,7,17,50,58,65,3,32,43,46,52,68,26,24,38,25,8,29,34,39,55,63,71,5,56,60,69,4,51,49,53,57,22,81],"msg_id":332,"type":"read_ok"}}
2025/04/21 10:10:07 Received {c11 n1 {"type":"read","msg_id":86}}
2025/04/21 10:10:07 Sent {"src":"n1","dest":"c11","body":{"in_reply_to":86,"messages":[25,24,38,34,39,55,63,71,5,8,29,69,4,56,60,53,57,22,51,49,81,12,40,72,66,67,76,79,44,41,61,30,0,9,20,19,33,36,47,59,10,2,11,74,77,78,62,80,6,14,18,64,1,13,23,37,27,42,35,73,16,21,45,70,83,15,31,28,50,58,65,3,7,17,46,52,68,26,32,43],"msg_id":333,"type":"read_ok"}}
2025/04/21 10:10:07 Received {c11 n1 {"type":"broadcast","message":84,"msg_id":87}}
2025/04/21 10:10:07 Sent {"src":"n1","dest":"n4","body":{"data_id":"c11_87","message":84,"msg_id":205,"seen_nodes":["n1","n4"],"type":"gossip"}}
2025/04/21 10:10:07 Sent {"src":"n1","dest":"n2","body":{"data_id":"c11_87","message":84,"msg_id":206,"seen_nodes":["n1","n4","n2"],"type":"gossip"}}
2025/04/21 10:10:07 Sent {"src":"n1","dest":"n0","body":{"data_id":"c11_87","message":84,"msg_id":207,"seen_nodes":["n1","n4","n2","n0"],"type":"gossip"}}
2025/04/21 10:10:07 Sent {"src":"n1","dest":"c11","body":{"in_reply_to":87,"msg_id":337,"type":"broadcast_ok"}}
2025/04/21 10:10:07 Received {c11 n1 {"type":"broadcast","message":85,"msg_id":88}}
2025/04/21 10:10:07 Sent {"src":"n1","dest":"n4","body":{"data_id":"c11_88","message":85,"msg_id":208,"seen_nodes":["n1","n4"],"type":"gossip"}}
2025/04/21 10:10:07 Sent {"src":"n1","dest":"n2","body":{"data_id":"c11_88","message":85,"msg_id":209,"seen_nodes":["n1","n4","n2"],"type":"gossip"}}
2025/04/21 10:10:07 Sent {"src":"n1","dest":"n0","body":{"data_id":"c11_88","message":85,"msg_id":210,"seen_nodes":["n1","n4","n2","n0"],"type":"gossip"}}
2025/04/21 10:10:07 Sent {"src":"n1","dest":"c11","body":{"in_reply_to":88,"msg_id":341,"type":"broadcast_ok"}}
2025/04/21 10:10:08 Received {c11 n1 {"type":"read","msg_id":89}}
2025/04/21 10:10:08 Sent {"src":"n1","dest":"c11","body":{"in_reply_to":89,"messages":[55,63,71,5,8,29,34,39,4,56,60,69,85,22,51,49,53,57,81,12,40,72,76,79,44,41,61,66,67,0,9,20,30,36,47,59,10,2,11,19,33,74,77,78,84,6,14,18,62,80,1,13,23,64,27,42,35,37,16,21,45,73,15,31,28,70,83,65,3,7,17,50,58,68,26,32,43,46,52,25,24,38],"msg_id":342,"type":"read_ok"}}
2025/04/21 10:10:08 Received {c11 n1 {"type":"read","msg_id":90}}
2025/04/21 10:10:08 Sent {"src":"n1","dest":"c11","body":{"in_reply_to":90,"messages":[12,40,72,66,67,76,79,44,41,61,30,0,9,20,19,33,36,47,59,10,2,11,84,74,77,78,62,80,6,14,18,64,1,13,23,37,27,42,35,73,16,21,45,70,83,15,31,28,50,58,65,3,7,17,46,52,68,26,32,43,25,24,38,34,39,55,63,71,5,8,29,69,85,4,56,60,53,57,22,51,49,81],"msg_id":343,"type":"read_ok"}}
2025/04/21 10:10:08 Received {c11 n1 {"type":"read","msg_id":91}}
2025/04/21 10:10:08 Sent {"src":"n1","dest":"c11","body":{"in_reply_to":91,"messages":[27,42,35,37,16,21,45,73,15,31,28,70,83,3,7,17,50,58,65,26,32,43,46,52,68,25,24,38,63,71,5,8,29,34,39,55,4,56,60,69,85,22,51,49,53,57,81,12,40,72,79,44,41,61,66,67,76,0,9,20,30,47,59,10,2,11,19,33,36,74,77,78,84,6,14,18,62,80,1,13,23,64],"msg_id":344,"type":"read_ok"}}
2025/04/21 10:10:08 Received {c11 n1 {"type":"broadcast","message":86,"msg_id":92}}
2025/04/21 10:10:08 Sent {"src":"n1","dest":"n4","body":{"data_id":"c11_92","message":86,"msg_id":211,"seen_nodes":["n1","n4"],"type":"gossip"}}
2025/04/21 10:10:08 Sent {"src":"n1","dest":"n2","body":{"data_id":"c11_92","message":86,"msg_id":212,"seen_nodes":["n1","n4","n2"],"type":"gossip"}}
2025/04/21 10:10:08 Sent {"src":"n1","dest":"n0","body":{"data_id":"c11_92","message":86,"msg_id":213,"seen_nodes":["n1","n4","n2","n0"],"type":"gossip"}}
2025/04/21 10:10:08 Sent {"src":"n1","dest":"c11","body":{"in_reply_to":92,"msg_id":348,"type":"broadcast_ok"}}
2025/04/21 10:10:08 Received {c11 n1 {"type":"read","msg_id":93}}
2025/04/21 10:10:08 Sent {"src":"n1","dest":"c11","body":{"in_reply_to":93,"messages":[15,31,28,70,83,86,3,7,17,50,58,65,26,32,43,46,52,68,25,24,38,63,71,5,8,29,34,39,55,4,56,60,69,85,22,51,49,53,57,81,12,40,72,79,44,41,61,66,67,76,0,9,20,30,47,59,10,2,11,19,33,36,74,77,78,84,6,14,18,62,80,1,13,23,64,27,42,35,37,16,21,45,73],"msg_id":349,"type":"read_ok"}}
2025/04/21 10:10:08 Received {c11 n1 {"type":"read","msg_id":94}}
2025/04/21 10:10:08 Sent {"src":"n1","dest":"c11","body":{"in_reply_to":94,"messages":[12,40,72,76,79,44,41,61,66,67,0,9,20,30,36,47,59,10,2,11,19,33,74,77,78,84,6,14,18,62,80,1,13,23,64,27,42,35,37,16,21,45,73,86,15,31,28,70,83,65,3,7,17,50,58,68,26,32,43,46,52,25,24,38,55,63,71,5,8,29,34,39,4,56,60,69,85,22,51,49,53,57,81],"msg_id":350,"type":"read_ok"}}
2025/04/21 10:10:08 Received {c11 n1 {"type":"read","msg_id":95}}
2025/04/21 10:10:08 Sent {"src":"n1","dest":"c11","body":{"in_reply_to":95,"messages":[73,16,21,45,70,83,86,15,31,28,50,58,65,3,7,17,46,52,68,26,32,43,25,24,38,34,39,55,63,71,5,8,29,69,85,4,56,60,53,57,22,51,49,81,12,40,72,66,67,76,79,44,41,61,30,0,9,20,19,33,36,47,59,10,2,11,84,74,77,78,62,80,6,14,18,64,1,13,23,37,27,42,35],"msg_id":351,"type":"read_ok"}}
2025/04/21 10:10:08 Received {c11 n1 {"type":"broadcast","message":87,"msg_id":96}}
2025/04/21 10:10:08 Sent {"src":"n1","dest":"n4","body":{"data_id":"c11_96","message":87,"msg_id":214,"seen_nodes":["n1","n4"],"type":"gossip"}}
2025/04/21 10:10:08 Sent {"src":"n1","dest":"n2","body":{"data_id":"c11_96","message":87,"msg_id":215,"seen_nodes":["n1","n4","n2"],"type":"gossip"}}
2025/04/21 10:10:08 Sent {"src":"n1","dest":"n0","body":{"data_id":"c11_96","message":87,"msg_id":216,"seen_nodes":["n1","n4","n2","n0"],"type":"gossip"}}
2025/04/21 10:10:08 Sent {"src":"n1","dest":"c11","body":{"in_reply_to":96,"msg_id":355,"type":"broadcast_ok"}}
2025/04/21 10:10:08 Received {c11 n1 {"type":"read","msg_id":97}}
2025/04/21 10:10:08 Sent {"src":"n1","dest":"c11","body":{"in_reply_to":97,"messages":[6,14,18,62,80,1,13,23,64,27,42,35,37,16,21,45,73,15,31,28,70,83,86,3,7,17,50,58,65,26,32,43,46,52,68,25,24,38,71,5,8,29,34,39,55,63,4,56,60,69,85,22,51,49,53,57,81,12,40,72,87,44,41,61,66,67,76,79,0,9,20,30,59,10,2,11,19,33,36,47,74,77,78,84],"msg_id":356,"type":"read_ok"}}
2025/04/21 10:10:08 Received {c11 n1 {"type":"read","msg_id":98}}
2025/04/21 10:10:08 Sent {"src":"n1","dest":"c11","body":{"in_reply_to":98,"messages":[25,24,38,5,8,29,34,39,55,63,71,4,56,60,69,85,22,51,49,53,57,81,12,40,72,87,44,41,61,66,67,76,79,0,9,20,30,10,2,11,19,33,36,47,59,74,77,78,84,6,14,18,62,80,1,13,23,64,27,42,35,37,16,21,45,73,15,31,28,70,83,86,3,7,17,50,58,65,26,32,43,46,52,68],"msg_id":357,"type":"read_ok"}}
2025/04/21 10:10:08 Received {c11 n1 {"type":"read","msg_id":99}}
2025/04/21 10:10:08 Sent {"src":"n1","dest":"c11","body":{"in_reply_to":99,"messages":[38,25,24,29,34,39,55,63,71,5,8,60,69,85,4,56,49,53,57,22,51,81,72,87,12,40,61,66,67,76,79,44,41,20,30,0,9,11,19,33,36,47,59,10,2,78,84,74,77,18,62,80,6,14,23,64,1,13,35,37,27,42,45,73,16,21,28,70,83,86,15,31,17,50,58,65,3,7,43,46,52,68,26,32],"msg_id":358,"type":"read_ok"}}
2025/04/21 10:10:09 Received {c11 n1 {"type":"read","msg_id":100}}
2025/04/21 10:10:09 Sent {"src":"n1","dest":"c11","body":{"in_reply_to":100,"messages":[79,44,41,61,66,67,76,0,9,20,30,47,59,10,2,11,19,33,36,74,77,78,84,6,14,18,62,80,1,13,23,64,27,42,35,37,16,21,45,73,15,31,28,70,83,86,3,7,17,50,58,65,26,32,43,46,52,68,25,24,38,63,71,5,8,29,34,39,55,4,56,60,69,85,22,51,49,53,57,81,12,40,72,87],"msg_id":359,"type":"read_ok"}}
2025/04/21 10:10:09 Received {c11 n1 {"type":"broadcast","message":88,"msg_id":101}}
2025/04/21 10:10:09 Sent {"src":"n1","dest":"n4","body":{"data_id":"c11_101","message":88,"msg_id":217,"seen_nodes":["n1","n4"],"type":"gossip"}}
2025/04/21 10:10:09 Sent {"src":"n1","dest":"n2","body":{"data_id":"c11_101","message":88,"msg_id":218,"seen_nodes":["n1","n4","n2"],"type":"gossip"}}
2025/04/21 10:10:09 Sent {"src":"n1","dest":"n0","body":{"data_id":"c11_101","message":88,"msg_id":219,"seen_nodes":["n1","n4","n2","n0"],"type":"gossip"}}
2025/04/21 10:10:09 Sent {"src":"n1","dest":"c11","body":{"in_reply_to":101,"msg_id":363,"type":"broadcast_ok"}}
2025/04/21 10:10:09 Received {c11 n1 {"type":"read","msg_id":102}}
2025/04/21 10:10:09 Sent {"src":"n1","dest":"c11","body":{"in_reply_to":102,"messages":[81,88,72,87,12,40,61,66,67,76,79,44,41,20,30,0,9,11,19,33,36,47,59,10,2,78,84,74,77,18,62,80,6,14,23,64,1,13,35,37,27,42,45,73,16,21,28,70,83,86,15,31,17,50,58,65,3,7,43,46,52,68,26,32,38,25,24,29,34,39,55,63,71,5,8,60,69,85,4,56,49,53,57,22,51],"msg_id":364,"type":"read_ok"}}
2025/04/21 10:10:09 Received {c11 n1 {"type":"broadcast","message":89,"msg_id":103}}
2025/04/21 10:10:09 Sent {"src":"n1","dest":"n4","body":{"data_id":"c11_103","message":89,"msg_id":220,"seen_nodes":["n1","n4"],"type":"gossip"}}
2025/04/21 10:10:09 Sent {"src":"n1","dest":"n2","body":{"data_id":"c11_103","message":89,"msg_id":221,"seen_nodes":["n1","n4","n2"],"type":"gossip"}}
2025/04/21 10:10:09 Sent {"src":"n1","dest":"n0","body":{"data_id":"c11_103","message":89,"msg_id":222,"seen_nodes":["n1","n4","n2","n0"],"type":"gossip"}}
2025/04/21 10:10:09 Sent {"src":"n1","dest":"c11","body":{"in_reply_to":103,"msg_id":368,"type":"broadcast_ok"}}
2025/04/21 10:10:09 Received {c11 n1 {"type":"read","msg_id":104}}
2025/04/21 10:10:09 Sent {"src":"n1","dest":"c11","body":{"in_reply_to":104,"messages":[81,88,87,12,40,72,66,67,76,79,44,41,61,30,0,9,20,19,33,36,47,59,10,2,11,84,74,77,78,62,80,6,14,18,64,1,13,23,37,27,42,35,73,16,21,45,70,83,86,15,31,28,50,58,65,3,7,17,46,52,68,26,32,43,25,24,38,34,39,55,63,71,5,8,29,69,85,89,4,56,60,53,57,22,51,49],"msg_id":369,"type":"read_ok"}}
2025/04/21 10:10:09 Received {c11 n1 {"type":"broadcast","message":91,"msg_id":105}}
2025/04/21 10:10:09 Sent {"src":"n1","dest":"n4","body":{"data_id":"c11_105","message":91,"msg_id":223,"seen_nodes":["n1","n4"],"type":"gossip"}}
2025/04/21 10:10:09 Sent {"src":"n1","dest":"n2","body":{"data_id":"c11_105","message":91,"msg_id":224,"seen_nodes":["n1","n4","n2"],"type":"gossip"}}
2025/04/21 10:10:09 Sent {"src":"n1","dest":"n0","body":{"data_id":"c11_105","message":91,"msg_id":225,"seen_nodes":["n1","n4","n2","n0"],"type":"gossip"}}
2025/04/21 10:10:09 Sent {"src":"n1","dest":"c11","body":{"in_reply_to":105,"msg_id":373,"type":"broadcast_ok"}}
2025/04/21 10:10:09 Received {c11 n1 {"type":"broadcast","message":92,"msg_id":106}}
2025/04/21 10:10:09 Sent {"src":"n1","dest":"n4","body":{"data_id":"c11_106","message":92,"msg_id":226,"seen_nodes":["n1","n4"],"type":"gossip"}}
2025/04/21 10:10:09 Sent {"src":"n1","dest":"n2","body":{"data_id":"c11_106","message":92,"msg_id":227,"seen_nodes":["n1","n4","n2"],"type":"gossip"}}
2025/04/21 10:10:09 Sent {"src":"n1","dest":"n0","body":{"data_id":"c11_106","message":92,"msg_id":228,"seen_nodes":["n1","n4","n2","n0"],"type":"gossip"}}
2025/04/21 10:10:09 Sent {"src":"n1","dest":"c11","body":{"in_reply_to":106,"msg_id":377,"type":"broadcast_ok"}}
2025/04/21 10:10:09 Received {c11 n1 {"type":"read","msg_id":107}}
2025/04/21 10:10:09 Sent {"src":"n1","dest":"c11","body":{"in_reply_to":107,"messages":[22,51,49,53,57,81,88,12,40,72,87,76,79,44,41,61,66,67,0,9,20,30,36,47,59,10,2,11,19,33,74,77,78,84,91,6,14,18,62,80,1,13,23,64,27,42,35,37,16,21,45,73,86,15,31,28,70,83,65,3,7,17,50,58,68,92,26,32,43,46,52,25,24,38,55,63,71,5,8,29,34,39,89,4,56,60,69,85],"msg_id":378,"type":"read_ok"}}
2025/04/21 10:10:09 Received {c11 n1 {"type":"broadcast","message":93,"msg_id":108}}
2025/04/21 10:10:09 Sent {"src":"n1","dest":"n4","body":{"data_id":"c11_108","message":93,"msg_id":229,"seen_nodes":["n1","n4"],"type":"gossip"}}
2025/04/21 10:10:09 Sent {"src":"n1","dest":"n2","body":{"data_id":"c11_108","message":93,"msg_id":230,"seen_nodes":["n1","n4","n2"],"type":"gossip"}}
2025/04/21 10:10:09 Sent {"src":"n1","dest":"n0","body":{"data_id":"c11_108","message":93,"msg_id":231,"seen_nodes":["n1","n4","n2","n0"],"type":"gossip"}}
2025/04/21 10:10:09 Sent {"src":"n1","dest":"c11","body":{"in_reply_to":108,"msg_id":382,"type":"broadcast_ok"}}
2025/04/21 10:10:10 Received {c11 n1 {"type":"broadcast","message":94,"msg_id":109}}
2025/04/21 10:10:10 Sent {"src":"n1","dest":"n4","body":{"data_id":"c11_109","message":94,"msg_id":232,"seen_nodes":["n1","n4"],"type":"gossip"}}
2025/04/21 10:10:10 Sent {"src":"n1","dest":"n2","body":{"data_id":"c11_109","message":94,"msg_id":233,"seen_nodes":["n1","n4","n2"],"type":"gossip"}}
2025/04/21 10:10:10 Sent {"src":"n1","dest":"n0","body":{"data_id":"c11_109","message":94,"msg_id":234,"seen_nodes":["n1","n4","n2","n0"],"type":"gossip"}}
2025/04/21 10:10:10 Sent {"src":"n1","dest":"c11","body":{"in_reply_to":109,"msg_id":386,"type":"broadcast_ok"}}
2025/04/21 10:10:10 Received {c11 n1 {"type":"broadcast","message":95,"msg_id":110}}
2025/04/21 10:10:10 Sent {"src":"n1","dest":"n4","body":{"data_id":"c11_110","message":95,"msg_id":235,"seen_nodes":["n1","n4"],"type":"gossip"}}
2025/04/21 10:10:10 Sent {"src":"n1","dest":"n2","body":{"data_id":"c11_110","message":95,"msg_id":236,"seen_nodes":["n1","n4","n2"],"type":"gossip"}}
2025/04/21 10:10:10 Sent {"src":"n1","dest":"n0","body":{"data_id":"c11_110","message":95,"msg_id":237,"seen_nodes":["n1","n4","n2","n0"],"type":"gossip"}}
2025/04/21 10:10:10 Sent {"src":"n1","dest":"c11","body":{"in_reply_to":110,"msg_id":390,"type":"broadcast_ok"}}
2025/04/21 10:10:10 Received {c11 n1 {"type":"broadcast","message":96,"msg_id":111}}
2025/04/21 10:10:10 Sent {"src":"n1","dest":"n4","body":{"data_id":"c11_111","message":96,"msg_id":238,"seen_nodes":["n1","n4"],"type":"gossip"}}
2025/04/21 10:10:10 Sent {"src":"n1","dest":"n2","body":{"data_id":"c11_111","message":96,"msg_id":239,"seen_nodes":["n1","n4","n2"],"type":"gossip"}}
2025/04/21 10:10:10 Sent {"src":"n1","dest":"n0","body":{"data_id":"c11_111","message":96,"msg_id":240,"seen_nodes":["n1","n4","n2","n0"],"type":"gossip"}}
2025/04/21 10:10:10 Sent {"src":"n1","dest":"c11","body":{"in_reply_to":111,"msg_id":394,"type":"broadcast_ok"}}
2025/04/21 10:10:10 Received {c11 n1 {"type":"broadcast","message":97,"msg_id":112}}
2025/04/21 10:10:10 Sent {"src":"n1","dest":"n4","body":{"data_id":"c11_112","message":97,"msg_id":241,"seen_nodes":["n1","n4"],"type":"gossip"}}
2025/04/21 10:10:10 Sent {"src":"n1","dest":"n2","body":{"data_id":"c11_112","message":97,"msg_id":242,"seen_nodes":["n1","n4","n2"],"type":"gossip"}}
2025/04/21 10:10:10 Sent {"src":"n1","dest":"n0","body":{"data_id":"c11_112","message":97,"msg_id":243,"seen_nodes":["n1","n4","n2","n0"],"type":"gossip"}}
2025/04/21 10:10:10 Sent {"src":"n1","dest":"c11","body":{"in_reply_to":112,"msg_id":398,"type":"broadcast_ok"}}
2025/04/21 10:10:10 Received {c11 n1 {"type":"read","msg_id":113}}
2025/04/21 10:10:10 Sent {"src":"n1","dest":"c11","body":{"in_reply_to":113,"messages":[27,42,35,37,16,21,45,73,15,31,28,70,83,86,3,7,17,50,58,65,26,32,43,46,52,68,92,25,24,38,97,71,5,8,29,34,39,55,63,94,4,56,60,69,85,89,22,51,49,53,57,81,88,12,40,72,87,95,44,41,61,66,67,76,79,0,9,20,30,93,59,10,2,11,19,33,36,47,74,77,78,84,91,6,14,18,62,80,1,13,23,64,96],"msg_id":399,"type":"read_ok"}}
2025/04/21 10:10:24 Received {c11 n1 {"type":"read","msg_id":114}}
2025/04/21 10:10:24 Sent {"src":"n1","dest":"c11","body":{"in_reply_to":114,"messages":[17,50,58,65,3,7,43,46,52,68,92,26,32,38,97,25,24,29,34,39,55,63,71,5,8,94,60,69,85,89,4,56,49,53,57,22,51,81,88,72,87,12,40,61,66,67,76,79,95,44,41,20,30,93,0,9,11,19,33,36,47,59,10,2,78,84,91,74,77,18,62,80,6,14,23,64,96,1,13,35,37,27,42,45,73,16,21,28,70,83,86,15,31],"msg_id":400,"type":"read_ok"}}
