2025/04/21 10:09:50 Received {c1 n2 {"type":"init","node_id":"n2","node_ids":["n0","n1","n2","n3","n4"],"msg_id":1}}
2025/04/21 10:09:50 Node n2 initialized
2025/04/21 10:09:50 Sent {"src":"n2","dest":"c1","body":{"in_reply_to":1,"type":"init_ok"}}
2025/04/21 10:09:50 Received {c7 n2 {"type":"topology","topology":{"n0":["n3","n1"],"n1":["n4","n2","n0"],"n2":["n1"],"n3":["n0","n4"],"n4":["n1","n3"]},"msg_id":1}}
2025/04/21 10:09:50 Sent {"src":"n2","dest":"c7","body":{"in_reply_to":1,"msg_id":1,"type":"topology_ok"}}
2025/04/21 10:09:50 Received {c12 n2 {"type":"read","msg_id":1}}
2025/04/21 10:09:50 Sent {"src":"n2","dest":"c12","body":{"in_reply_to":1,"messages":[],"msg_id":2,"type":"read_ok"}}
2025/04/21 10:09:51 Received {c12 n2 {"type":"broadcast","message":5,"msg_id":2}}
2025/04/21 10:09:51 Sent {"src":"n2","dest":"n1","body":{"data_id":"c12_2","message":5,"msg_id":1,"seen_nodes":["n2","n1"],"type":"gossip"}}
2025/04/21 10:09:51 Sent {"src":"n2","dest":"c12","body":{"in_reply_to":2,"msg_id":4,"type":"broadcast_ok"}}
2025/04/21 10:09:51 Received {c12 n2 {"type":"read","msg_id":3}}
2025/04/21 10:09:51 Sent {"src":"n2","dest":"c12","body":{"in_reply_to":3,"messages":[5],"msg_id":5,"type":"read_ok"}}
2025/04/21 10:09:52 Received {n1 n2 {"data_id":"c10_1","message":0,"msg_id":2,"seen_nodes":["n1","n0","n3","n4","n2"],"type":"gossip"}}
2025/04/21 10:09:52 Received {c12 n2 {"type":"read","msg_id":4}}
2025/04/21 10:09:52 Sent {"src":"n2","dest":"n1","body":{"already_seen":false,"in_reply_to":2,"msg_id":6,"seen_nodes":["n2","n1","n0","n3","n4"],"type":"gossip_ok"}}
2025/04/21 10:09:52 Sent {"src":"n2","dest":"c12","body":{"in_reply_to":4,"messages":[5,0],"msg_id":7,"type":"read_ok"}}
2025/04/21 10:09:52 Received {n1 n2 {"data_id":"c11_1","message":1,"msg_id":4,"seen_nodes":["n1","n4","n2"],"type":"gossip"}}
2025/04/21 10:09:52 Sent {"src":"n2","dest":"n1","body":{"already_seen":false,"in_reply_to":4,"msg_id":8,"seen_nodes":["n2","n1","n4"],"type":"gossip_ok"}}
2025/04/21 10:09:52 Received {n1 n2 {"data_id":"c14_1","message":3,"msg_id":6,"seen_nodes":["n1","n4","n2"],"type":"gossip"}}
2025/04/21 10:09:52 Sent {"src":"n2","dest":"n1","body":{"already_seen":false,"in_reply_to":6,"msg_id":9,"seen_nodes":["n2","n1","n4"],"type":"gossip_ok"}}
2025/04/21 10:09:52 Received {c12 n2 {"type":"broadcast","message":14,"msg_id":5}}
2025/04/21 10:09:52 Sent {"src":"n2","dest":"n1","body":{"data_id":"c12_5","message":14,"msg_id":2,"seen_nodes":["n2","n1"],"type":"gossip"}}
2025/04/21 10:09:52 Sent {"src":"n2","dest":"c12","body":{"in_reply_to":5,"msg_id":11,"type":"broadcast_ok"}}
2025/04/21 10:09:53 Received {n1 n2 {"data_id":"c10_3","message":4,"msg_id":9,"seen_nodes":["n1","n0","n3","n4","n2"],"type":"gossip"}}
2025/04/21 10:09:53 Received {c12 n2 {"type":"read","msg_id":6}}
2025/04/21 10:09:53 Sent {"src":"n2","dest":"n1","body":{"already_seen":false,"in_reply_to":9,"msg_id":12,"seen_nodes":["n2","n1","n0","n3","n4"],"type":"gossip_ok"}}
2025/04/21 10:09:53 Sent {"src":"n2","dest":"c12","body":{"in_reply_to":6,"messages":[5,0,1,3,14,4],"msg_id":13,"type":"read_ok"}}
2025/04/21 10:09:53 Received {n1 n2 {"already_seen":false,"in_reply_to":1,"msg_id":18,"seen_nodes":["n1","n2","n4","n0"],"type":"gossip_ok"}}
2025/04/21 10:09:53 Received {n1 n2 {"data_id":"c14_2","message":6,"msg_id":12,"seen_nodes":["n1","n4","n2"],"type":"gossip"}}
2025/04/21 10:09:53 Sent {"src":"n2","dest":"n1","body":{"already_seen":false,"in_reply_to":12,"msg_id":14,"seen_nodes":["n2","n1","n4"],"type":"gossip_ok"}}
2025/04/21 10:09:53 Received {c12 n2 {"type":"broadcast","message":16,"msg_id":7}}
2025/04/21 10:09:53 Sent {"src":"n2","dest":"n1","body":{"data_id":"c12_7","message":16,"msg_id":3,"seen_nodes":["n2","n1"],"type":"gossip"}}
2025/04/21 10:09:53 Sent {"src":"n2","dest":"c12","body":{"in_reply_to":7,"msg_id":16,"type":"broadcast_ok"}}
2025/04/21 10:09:53 Received {n1 n2 {"data_id":"c11_4","message":9,"msg_id":15,"seen_nodes":["n1","n4","n2"],"type":"gossip"}}
2025/04/21 10:09:53 Sent {"src":"n2","dest":"n1","body":{"already_seen":false,"in_reply_to":15,"msg_id":17,"seen_nodes":["n2","n1","n4"],"type":"gossip_ok"}}
2025/04/21 10:09:53 Received {n1 n2 {"data_id":"c11_5","message":10,"msg_id":18,"seen_nodes":["n1","n4","n2"],"type":"gossip"}}
2025/04/21 10:09:53 Sent {"src":"n2","dest":"n1","body":{"already_seen":false,"in_reply_to":18,"msg_id":18,"seen_nodes":["n2","n1","n4"],"type":"gossip_ok"}}
2025/04/21 10:09:53 Received {c12 n2 {"type":"read","msg_id":8}}
2025/04/21 10:09:53 Sent {"src":"n2","dest":"c12","body":{"in_reply_to":8,"messages":[14,4,9,10,0,1,3,5,6,16],"msg_id":19,"type":"read_ok"}}
2025/04/21 10:09:54 Received {n1 n2 {"data_id":"c14_4","message":8,"msg_id":20,"seen_nodes":["n1","n4","n2"],"type":"gossip"}}
2025/04/21 10:09:54 Received {c12 n2 {"type":"broadcast","message":17,"msg_id":9}}
2025/04/21 10:09:54 Sent {"src":"n2","dest":"n1","body":{"already_seen":false,"in_reply_to":20,"msg_id":20,"seen_nodes":["n2","n1","n4"],"type":"gossip_ok"}}
2025/04/21 10:09:54 Sent {"src":"n2","dest":"n1","body":{"data_id":"c12_9","message":17,"msg_id":4,"seen_nodes":["n2","n1"],"type":"gossip"}}
2025/04/21 10:09:54 Sent {"src":"n2","dest":"c12","body":{"in_reply_to":9,"msg_id":22,"type":"broadcast_ok"}}
2025/04/21 10:09:54 Received {n1 n2 {"data_id":"c13_1","message":2,"msg_id":23,"seen_nodes":["n1","n0","n3","n4","n2"],"type":"gossip"}}
2025/04/21 10:09:54 Sent {"src":"n2","dest":"n1","body":{"already_seen":false,"in_reply_to":23,"msg_id":23,"seen_nodes":["n2","n1","n0","n3","n4"],"type":"gossip_ok"}}
2025/04/21 10:09:54 Received {n1 n2 {"already_seen":false,"in_reply_to":2,"msg_id":42,"seen_nodes":["n1","n2","n4","n0"],"type":"gossip_ok"}}
2025/04/21 10:09:54 Received {c12 n2 {"type":"broadcast","message":25,"msg_id":10}}
2025/04/21 10:09:54 Received {n1 n2 {"data_id":"c10_5","message":13,"msg_id":27,"seen_nodes":["n1","n0","n3","n4","n2"],"type":"gossip"}}
2025/04/21 10:09:54 Sent {"src":"n2","dest":"n1","body":{"data_id":"c12_10","message":25,"msg_id":5,"seen_nodes":["n2","n1"],"type":"gossip"}}
2025/04/21 10:09:54 Sent {"src":"n2","dest":"c12","body":{"in_reply_to":10,"msg_id":25,"type":"broadcast_ok"}}
2025/04/21 10:09:54 Sent {"src":"n2","dest":"n1","body":{"already_seen":false,"in_reply_to":27,"msg_id":26,"seen_nodes":["n2","n1","n0","n3","n4"],"type":"gossip_ok"}}
2025/04/21 10:09:55 Received {n1 n2 {"data_id":"c13_2","message":7,"msg_id":29,"seen_nodes":["n1","n0","n3","n4","n2"],"type":"gossip"}}
2025/04/21 10:09:55 Received {c12 n2 {"type":"broadcast","message":26,"msg_id":11}}
2025/04/21 10:09:55 Sent {"src":"n2","dest":"n1","body":{"data_id":"c12_11","message":26,"msg_id":6,"seen_nodes":["n2","n1"],"type":"gossip"}}
2025/04/21 10:09:55 Sent {"src":"n2","dest":"c12","body":{"in_reply_to":11,"msg_id":29,"type":"broadcast_ok"}}
2025/04/21 10:09:55 Sent {"src":"n2","dest":"n1","body":{"already_seen":false,"in_reply_to":29,"msg_id":27,"seen_nodes":["n2","n1","n0","n3","n4"],"type":"gossip_ok"}}
2025/04/21 10:09:55 Received {n1 n2 {"data_id":"c11_10","message":20,"msg_id":32,"seen_nodes":["n1","n4","n2"],"type":"gossip"}}
2025/04/21 10:09:55 Received {c12 n2 {"type":"read","msg_id":12}}
2025/04/21 10:09:55 Received {n1 n2 {"already_seen":false,"in_reply_to":3,"msg_id":58,"seen_nodes":["n1","n2","n4","n0"],"type":"gossip_ok"}}
2025/04/21 10:09:55 Sent {"src":"n2","dest":"n1","body":{"already_seen":false,"in_reply_to":32,"msg_id":30,"seen_nodes":["n2","n1","n4"],"type":"gossip_ok"}}
2025/04/21 10:09:55 Sent {"src":"n2","dest":"c12","body":{"in_reply_to":12,"messages":[1,14,25,7,5,26,20,0,3,4,9,10,6,16,8,17,2,13],"msg_id":31,"type":"read_ok"}}
2025/04/21 10:09:55 Received {n1 n2 {"data_id":"c13_4","message":11,"msg_id":36,"seen_nodes":["n1","n0","n3","n4","n2"],"type":"gossip"}}
2025/04/21 10:09:55 Sent {"src":"n2","dest":"n1","body":{"already_seen":false,"in_reply_to":36,"msg_id":32,"seen_nodes":["n2","n1","n0","n3","n4"],"type":"gossip_ok"}}
2025/04/21 10:09:55 Received {n1 n2 {"data_id":"c11_11","message":21,"msg_id":39,"seen_nodes":["n1","n4","n2"],"type":"gossip"}}
2025/04/21 10:09:55 Sent {"src":"n2","dest":"n1","body":{"already_seen":false,"in_reply_to":39,"msg_id":33,"seen_nodes":["n2","n1","n4"],"type":"gossip_ok"}}
2025/04/21 10:09:55 Received {n1 n2 {"data_id":"c13_5","message":12,"msg_id":41,"seen_nodes":["n1","n0","n3","n4","n2"],"type":"gossip"}}
2025/04/21 10:09:55 Sent {"src":"n2","dest":"n1","body":{"already_seen":false,"in_reply_to":41,"msg_id":34,"seen_nodes":["n2","n1","n0","n3","n4"],"type":"gossip_ok"}}
2025/04/21 10:09:55 Received {n1 n2 {"data_id":"c11_12","message":22,"msg_id":43,"seen_nodes":["n1","n4","n2"],"type":"gossip"}}
2025/04/21 10:09:55 Sent {"src":"n2","dest":"n1","body":{"already_seen":false,"in_reply_to":43,"msg_id":35,"seen_nodes":["n2","n1","n4"],"type":"gossip_ok"}}
2025/04/21 10:09:56 Received {n1 n2 {"already_seen":false,"in_reply_to":4,"msg_id":79,"seen_nodes":["n1","n2","n4","n0"],"type":"gossip_ok"}}
2025/04/21 10:09:56 Received {c12 n2 {"type":"read","msg_id":13}}
2025/04/21 10:09:56 Received {n1 n2 {"data_id":"c11_13","message":23,"msg_id":48,"seen_nodes":["n1","n4","n2"],"type":"gossip"}}
2025/04/21 10:09:56 Sent {"src":"n2","dest":"c12","body":{"in_reply_to":13,"messages":[4,9,10,0,3,8,17,2,13,21,6,16,25,7,12,22,1,14,20,11,5,26],"msg_id":36,"type":"read_ok"}}
2025/04/21 10:09:56 Sent {"src":"n2","dest":"n1","body":{"already_seen":false,"in_reply_to":48,"msg_id":37,"seen_nodes":["n2","n1","n4"],"type":"gossip_ok"}}
2025/04/21 10:09:56 Received {n1 n2 {"data_id":"c13_6","message":15,"msg_id":51,"seen_nodes":["n1","n4","n3","n0","n2"],"type":"gossip"}}
2025/04/21 10:09:56 Received {n1 n2 {"data_id":"c10_7","message":19,"msg_id":52,"seen_nodes":["n1","n0","n3","n4","n2"],"type":"gossip"}}
2025/04/21 10:09:56 Sent {"src":"n2","dest":"n1","body":{"already_seen":false,"in_reply_to":52,"msg_id":38,"seen_nodes":["n2","n1","n0","n3","n4"],"type":"gossip_ok"}}
2025/04/21 10:09:56 Sent {"src":"n2","dest":"n1","body":{"already_seen":false,"in_reply_to":51,"msg_id":39,"seen_nodes":["n2","n1","n4","n3","n0"],"type":"gossip_ok"}}
2025/04/21 10:09:56 Received {n1 n2 {"data_id":"c13_7","message":18,"msg_id":54,"seen_nodes":["n1","n0","n3","n4","n2"],"type":"gossip"}}
2025/04/21 10:09:56 Received {c12 n2 {"type":"read","msg_id":14}}
2025/04/21 10:09:56 Received {n1 n2 {"already_seen":false,"in_reply_to":5,"msg_id":95,"seen_nodes":["n1","n2","n4","n0"],"type":"gossip_ok"}}
2025/04/21 10:09:56 Received {n1 n2 {"data_id":"c11_14","message":29,"msg_id":58,"seen_nodes":["n1","n4","n2"],"type":"gossip"}}
2025/04/21 10:09:56 Sent {"src":"n2","dest":"n1","body":{"already_seen":false,"in_reply_to":58,"msg_id":40,"seen_nodes":["n2","n1","n4"],"type":"gossip_ok"}}
panic: runtime error: index out of range [26] with length 26

goroutine 62 [running]:
main.(*DataStore).Read(0x5e7c20)
	/home/divi/git/fly.io/maelstrom_broadcast.go:67 +0x119
main.main.maelstromRead.func4({{0xc00010f098, 0x3}, {0xc00010f09c, 0x2}, {0xc000110360, 0x1b, 0x20}})
	/home/divi/git/fly.io/maelstrom_broadcast.go:189 +0xed
github.com/jepsen-io/maelstrom/demo/go.(*Node).handleMessage(0xc0000d6000, 0x0?, {{0xc00010f098, 0x3}, {0xc00010f09c, 0x2}, {0xc000110360, 0x1b, 0x20}})
	/home/divi/go/pkg/mod/github.com/jepsen-io/maelstrom/demo/go@v0.0.0-20250204203845-8263d1dd2b7a/node.go:151 +0x8d
github.com/jepsen-io/maelstrom/demo/go.(*Node).Run.func2()
	/home/divi/go/pkg/mod/github.com/jepsen-io/maelstrom/demo/go@v0.0.0-20250204203845-8263d1dd2b7a/node.go:129 +0x77
created by github.com/jepsen-io/maelstrom/demo/go.(*Node).Run in goroutine 1
	/home/divi/go/pkg/mod/github.com/jepsen-io/maelstrom/demo/go@v0.0.0-20250204203845-8263d1dd2b7a/node.go:127 +0x4f8
