2025/04/21 10:09:50 Received {c2 n4 {"type":"init","node_id":"n4","node_ids":["n0","n1","n2","n3","n4"],"msg_id":1}}
2025/04/21 10:09:50 Node n4 initialized
2025/04/21 10:09:50 Sent {"src":"n4","dest":"c2","body":{"in_reply_to":1,"type":"init_ok"}}
2025/04/21 10:09:50 Received {c9 n4 {"type":"topology","topology":{"n0":["n3","n1"],"n1":["n4","n2","n0"],"n2":["n1"],"n3":["n0","n4"],"n4":["n1","n3"]},"msg_id":1}}
2025/04/21 10:09:50 Sent {"src":"n4","dest":"c9","body":{"in_reply_to":1,"msg_id":1,"type":"topology_ok"}}
2025/04/21 10:09:50 Received {c14 n4 {"type":"broadcast","message":3,"msg_id":1}}
2025/04/21 10:09:50 Sent {"src":"n4","dest":"n1","body":{"data_id":"c14_1","message":3,"msg_id":1,"seen_nodes":["n4","n1"],"type":"gossip"}}
2025/04/21 10:09:50 Sent {"src":"n4","dest":"n3","body":{"data_id":"c14_1","message":3,"msg_id":2,"seen_nodes":["n4","n1","n3"],"type":"gossip"}}
2025/04/21 10:09:50 Sent {"src":"n4","dest":"c14","body":{"in_reply_to":1,"msg_id":4,"type":"broadcast_ok"}}
2025/04/21 10:09:51 Received {c14 n4 {"type":"broadcast","message":6,"msg_id":2}}
2025/04/21 10:09:51 Sent {"src":"n4","dest":"n1","body":{"data_id":"c14_2","message":6,"msg_id":3,"seen_nodes":["n4","n1"],"type":"gossip"}}
2025/04/21 10:09:51 Sent {"src":"n4","dest":"n3","body":{"data_id":"c14_2","message":6,"msg_id":4,"seen_nodes":["n4","n1","n3"],"type":"gossip"}}
2025/04/21 10:09:51 Sent {"src":"n4","dest":"c14","body":{"in_reply_to":2,"msg_id":7,"type":"broadcast_ok"}}
2025/04/21 10:09:51 Received {c14 n4 {"type":"read","msg_id":3}}
2025/04/21 10:09:51 Sent {"src":"n4","dest":"c14","body":{"in_reply_to":3,"messages":[3,6],"msg_id":8,"type":"read_ok"}}
2025/04/21 10:09:52 Received {n1 n4 {"data_id":"c10_1","message":0,"msg_id":1,"seen_nodes":["n1","n0","n3","n4"],"type":"gossip"}}
2025/04/21 10:09:52 Received {c14 n4 {"type":"broadcast","message":8,"msg_id":4}}
2025/04/21 10:09:52 Sent {"src":"n4","dest":"n1","body":{"already_seen":false,"in_reply_to":1,"msg_id":9,"seen_nodes":["n4","n1","n0","n3"],"type":"gossip_ok"}}
2025/04/21 10:09:52 Sent {"src":"n4","dest":"n1","body":{"data_id":"c14_4","message":8,"msg_id":5,"seen_nodes":["n4","n1"],"type":"gossip"}}
2025/04/21 10:09:52 Sent {"src":"n4","dest":"n3","body":{"data_id":"c14_4","message":8,"msg_id":6,"seen_nodes":["n4","n1","n3"],"type":"gossip"}}
2025/04/21 10:09:52 Received {n3 n4 {"data_id":"c10_1","message":0,"msg_id":1,"seen_nodes":["n3","n0","n4"],"type":"gossip"}}
2025/04/21 10:09:52 Sent {"src":"n4","dest":"c14","body":{"in_reply_to":4,"msg_id":12,"type":"broadcast_ok"}}
2025/04/21 10:09:52 Sent {"src":"n4","dest":"n3","body":{"already_seen":true,"in_reply_to":1,"msg_id":13,"seen_nodes":["n4","n1","n0","n3"],"type":"gossip_ok"}}
2025/04/21 10:09:52 Received {n1 n4 {"data_id":"c11_1","message":1,"msg_id":3,"seen_nodes":["n1","n4"],"type":"gossip"}}
2025/04/21 10:09:52 Sent {"src":"n4","dest":"n3","body":{"data_id":"c11_1","message":1,"msg_id":7,"seen_nodes":["n4","n1","n3"],"type":"gossip"}}
2025/04/21 10:09:52 Sent {"src":"n4","dest":"n1","body":{"already_seen":false,"in_reply_to":3,"msg_id":15,"seen_nodes":["n4","n1","n3"],"type":"gossip_ok"}}
2025/04/21 10:09:52 Received {n3 n4 {"data_id":"c13_1","message":2,"msg_id":3,"seen_nodes":["n3","n0","n4"],"type":"gossip"}}
2025/04/21 10:09:52 Sent {"src":"n4","dest":"n1","body":{"data_id":"c13_1","message":2,"msg_id":8,"seen_nodes":["n4","n3","n0","n1"],"type":"gossip"}}
2025/04/21 10:09:52 Sent {"src":"n4","dest":"n3","body":{"already_seen":false,"in_reply_to":3,"msg_id":17,"seen_nodes":["n4","n3","n0","n1"],"type":"gossip_ok"}}
2025/04/21 10:09:52 Received {n3 n4 {"already_seen":false,"in_reply_to":2,"msg_id":8,"seen_nodes":["n3","n4","n1","n0"],"type":"gossip_ok"}}
2025/04/21 10:09:52 Received {c14 n4 {"type":"read","msg_id":5}}
2025/04/21 10:09:52 Sent {"src":"n4","dest":"c14","body":{"in_reply_to":5,"messages":[2,3,6,0,8,1],"msg_id":18,"type":"read_ok"}}
2025/04/21 10:09:52 Received {n1 n4 {"already_seen":false,"in_reply_to":1,"msg_id":11,"seen_nodes":["n1","n4","n2","n0"],"type":"gossip_ok"}}
2025/04/21 10:09:53 Received {n3 n4 {"data_id":"c10_3","message":4,"msg_id":5,"seen_nodes":["n3","n0","n4"],"type":"gossip"}}
2025/04/21 10:09:53 Sent {"src":"n4","dest":"n1","body":{"data_id":"c10_3","message":4,"msg_id":9,"seen_nodes":["n4","n3","n0","n1"],"type":"gossip"}}
2025/04/21 10:09:53 Sent {"src":"n4","dest":"n3","body":{"already_seen":false,"in_reply_to":5,"msg_id":20,"seen_nodes":["n4","n3","n0","n1"],"type":"gossip_ok"}}
2025/04/21 10:09:53 Received {n1 n4 {"data_id":"c10_3","message":4,"msg_id":8,"seen_nodes":["n1","n0","n3","n4"],"type":"gossip"}}
2025/04/21 10:09:53 Sent {"src":"n4","dest":"n1","body":{"already_seen":true,"in_reply_to":8,"msg_id":21,"seen_nodes":["n4","n3","n0","n1"],"type":"gossip_ok"}}
2025/04/21 10:09:53 Received {n3 n4 {"data_id":"c13_2","message":7,"msg_id":7,"seen_nodes":["n3","n0","n4"],"type":"gossip"}}
2025/04/21 10:09:53 Sent {"src":"n4","dest":"n1","body":{"data_id":"c13_2","message":7,"msg_id":10,"seen_nodes":["n4","n3","n0","n1"],"type":"gossip"}}
2025/04/21 10:09:53 Sent {"src":"n4","dest":"n3","body":{"already_seen":false,"in_reply_to":7,"msg_id":23,"seen_nodes":["n4","n3","n0","n1"],"type":"gossip_ok"}}
2025/04/21 10:09:53 Received {n1 n4 {"data_id":"c12_2","message":5,"msg_id":10,"seen_nodes":["n1","n2","n4"],"type":"gossip"}}
2025/04/21 10:09:53 Sent {"src":"n4","dest":"n3","body":{"data_id":"c12_2","message":5,"msg_id":11,"seen_nodes":["n4","n1","n2","n3"],"type":"gossip"}}
2025/04/21 10:09:53 Sent {"src":"n4","dest":"n1","body":{"already_seen":false,"in_reply_to":10,"msg_id":25,"seen_nodes":["n4","n1","n2","n3"],"type":"gossip_ok"}}
2025/04/21 10:09:53 Received {n1 n4 {"already_seen":false,"in_reply_to":3,"msg_id":22,"seen_nodes":["n1","n4","n2","n0"],"type":"gossip_ok"}}
2025/04/21 10:09:53 Received {c14 n4 {"type":"read","msg_id":6}}
2025/04/21 10:09:53 Sent {"src":"n4","dest":"c14","body":{"in_reply_to":6,"messages":[3,8,1,7,5,6,0,2,4],"msg_id":26,"type":"read_ok"}}
2025/04/21 10:09:53 Received {n1 n4 {"data_id":"c11_4","message":9,"msg_id":14,"seen_nodes":["n1","n4"],"type":"gossip"}}
2025/04/21 10:09:53 Sent {"src":"n4","dest":"n3","body":{"data_id":"c11_4","message":9,"msg_id":12,"seen_nodes":["n4","n1","n3"],"type":"gossip"}}
2025/04/21 10:09:53 Sent {"src":"n4","dest":"n1","body":{"already_seen":false,"in_reply_to":14,"msg_id":28,"seen_nodes":["n4","n1","n3"],"type":"gossip_ok"}}
2025/04/21 10:09:53 Received {n3 n4 {"already_seen":false,"in_reply_to":4,"msg_id":15,"seen_nodes":["n3","n4","n1","n0"],"type":"gossip_ok"}}
2025/04/21 10:09:53 Received {n1 n4 {"data_id":"c11_5","message":10,"msg_id":17,"seen_nodes":["n1","n4"],"type":"gossip"}}
2025/04/21 10:09:53 Sent {"src":"n4","dest":"n3","body":{"data_id":"c11_5","message":10,"msg_id":13,"seen_nodes":["n4","n1","n3"],"type":"gossip"}}
2025/04/21 10:09:53 Sent {"src":"n4","dest":"n1","body":{"already_seen":false,"in_reply_to":17,"msg_id":30,"seen_nodes":["n4","n1","n3"],"type":"gossip_ok"}}
2025/04/21 10:09:53 Received {n3 n4 {"data_id":"c13_4","message":11,"msg_id":10,"seen_nodes":["n3","n0","n4"],"type":"gossip"}}
2025/04/21 10:09:53 Sent {"src":"n4","dest":"n1","body":{"data_id":"c13_4","message":11,"msg_id":14,"seen_nodes":["n4","n3","n0","n1"],"type":"gossip"}}
2025/04/21 10:09:53 Sent {"src":"n4","dest":"n3","body":{"already_seen":false,"in_reply_to":10,"msg_id":32,"seen_nodes":["n4","n3","n0","n1"],"type":"gossip_ok"}}
2025/04/21 10:09:53 Received {n3 n4 {"data_id":"c13_5","message":12,"msg_id":12,"seen_nodes":["n3","n0","n4"],"type":"gossip"}}
2025/04/21 10:09:53 Sent {"src":"n4","dest":"n1","body":{"data_id":"c13_5","message":12,"msg_id":15,"seen_nodes":["n4","n3","n0","n1"],"type":"gossip"}}
2025/04/21 10:09:53 Sent {"src":"n4","dest":"n3","body":{"already_seen":false,"in_reply_to":12,"msg_id":34,"seen_nodes":["n4","n3","n0","n1"],"type":"gossip_ok"}}
2025/04/21 10:09:54 Received {n3 n4 {"already_seen":false,"in_reply_to":6,"msg_id":24,"seen_nodes":["n3","n4","n1","n0"],"type":"gossip_ok"}}
2025/04/21 10:09:54 Received {c14 n4 {"type":"read","msg_id":7}}
2025/04/21 10:09:54 Received {n1 n4 {"already_seen":false,"in_reply_to":5,"msg_id":34,"seen_nodes":["n1","n4","n2","n0"],"type":"gossip_ok"}}
2025/04/21 10:09:54 Received {n3 n4 {"data_id":"c13_6","message":15,"msg_id":15,"seen_nodes":["n3","n0","n4"],"type":"gossip"}}
2025/04/21 10:09:54 Sent {"src":"n4","dest":"c14","body":{"in_reply_to":7,"messages":[11,12,6,0,2,4,5,10,3,8,1,7,9],"msg_id":35,"type":"read_ok"}}
2025/04/21 10:09:54 Sent {"src":"n4","dest":"n1","body":{"data_id":"c13_6","message":15,"msg_id":16,"seen_nodes":["n4","n3","n0","n1"],"type":"gossip"}}
2025/04/21 10:09:54 Sent {"src":"n4","dest":"n3","body":{"already_seen":false,"in_reply_to":15,"msg_id":37,"seen_nodes":["n4","n3","n0","n1"],"type":"gossip_ok"}}
2025/04/21 10:09:54 Received {n1 n4 {"data_id":"c13_1","message":2,"msg_id":22,"seen_nodes":["n1","n0","n3","n4"],"type":"gossip"}}
2025/04/21 10:09:54 Sent {"src":"n4","dest":"n1","body":{"already_seen":true,"in_reply_to":22,"msg_id":38,"seen_nodes":["n4","n3","n0","n1"],"type":"gossip_ok"}}
2025/04/21 10:09:54 Received {n3 n4 {"already_seen":false,"in_reply_to":7,"msg_id":29,"seen_nodes":["n3","n4","n1","n0"],"type":"gossip_ok"}}
2025/04/21 10:09:54 Received {n1 n4 {"already_seen":true,"in_reply_to":8,"msg_id":38,"seen_nodes":["n1","n0","n3","n4","n2"],"type":"gossip_ok"}}
2025/04/21 10:09:54 Received {n3 n4 {"data_id":"c13_7","message":18,"msg_id":18,"seen_nodes":["n3","n0","n4"],"type":"gossip"}}
2025/04/21 10:09:54 Received {c14 n4 {"type":"read","msg_id":8}}
2025/04/21 10:09:54 Sent {"src":"n4","dest":"n1","body":{"data_id":"c13_7","message":18,"msg_id":17,"seen_nodes":["n4","n3","n0","n1"],"type":"gossip"}}
2025/04/21 10:09:54 Sent {"src":"n4","dest":"n3","body":{"already_seen":false,"in_reply_to":18,"msg_id":40,"seen_nodes":["n4","n3","n0","n1"],"type":"gossip_ok"}}
2025/04/21 10:09:54 Sent {"src":"n4","dest":"c14","body":{"in_reply_to":8,"messages":[8,1,9,18,3,4,5,2,10,15,7,0,11,12,6],"msg_id":41,"type":"read_ok"}}
2025/04/21 10:09:54 Received {n1 n4 {"data_id":"c12_5","message":14,"msg_id":24,"seen_nodes":["n1","n2","n4"],"type":"gossip"}}
2025/04/21 10:09:54 Received {n1 n4 {"data_id":"c10_5","message":13,"msg_id":26,"seen_nodes":["n1","n0","n3","n4"],"type":"gossip"}}
2025/04/21 10:09:54 Received {n3 n4 {"data_id":"c10_5","message":13,"msg_id":19,"seen_nodes":["n3","n0","n4"],"type":"gossip"}}
2025/04/21 10:09:54 Sent {"src":"n4","dest":"n3","body":{"data_id":"c12_5","message":14,"msg_id":18,"seen_nodes":["n4","n1","n2","n3"],"type":"gossip"}}
2025/04/21 10:09:54 Sent {"src":"n4","dest":"n1","body":{"already_seen":false,"in_reply_to":24,"msg_id":43,"seen_nodes":["n4","n1","n2","n3"],"type":"gossip_ok"}}
2025/04/21 10:09:54 Sent {"src":"n4","dest":"n1","body":{"already_seen":false,"in_reply_to":26,"msg_id":44,"seen_nodes":["n4","n1","n0","n3"],"type":"gossip_ok"}}
2025/04/21 10:09:54 Sent {"src":"n4","dest":"n3","body":{"already_seen":true,"in_reply_to":19,"msg_id":45,"seen_nodes":["n4","n1","n0","n3"],"type":"gossip_ok"}}
2025/04/21 10:09:55 Received {n1 n4 {"already_seen":true,"in_reply_to":9,"msg_id":47,"seen_nodes":["n1","n0","n3","n4","n2"],"type":"gossip_ok"}}
2025/04/21 10:09:55 Received {c14 n4 {"type":"broadcast","message":27,"msg_id":9}}
2025/04/21 10:09:55 Sent {"src":"n4","dest":"n1","body":{"data_id":"c14_9","message":27,"msg_id":19,"seen_nodes":["n4","n1"],"type":"gossip"}}
2025/04/21 10:09:55 Sent {"src":"n4","dest":"n3","body":{"data_id":"c14_9","message":27,"msg_id":20,"seen_nodes":["n4","n1","n3"],"type":"gossip"}}
2025/04/21 10:09:55 Sent {"src":"n4","dest":"c14","body":{"in_reply_to":9,"msg_id":48,"type":"broadcast_ok"}}
2025/04/21 10:09:55 Received {n1 n4 {"data_id":"c13_2","message":7,"msg_id":28,"seen_nodes":["n1","n0","n3","n4"],"type":"gossip"}}
2025/04/21 10:09:55 Sent {"src":"n4","dest":"n1","body":{"already_seen":true,"in_reply_to":28,"msg_id":49,"seen_nodes":["n4","n3","n0","n1"],"type":"gossip_ok"}}
2025/04/21 10:09:55 Received {n1 n4 {"already_seen":true,"in_reply_to":10,"msg_id":51,"seen_nodes":["n1","n0","n3","n4","n2"],"type":"gossip_ok"}}
2025/04/21 10:09:55 Received {n1 n4 {"data_id":"c11_10","message":20,"msg_id":30,"seen_nodes":["n1","n4"],"type":"gossip"}}
2025/04/21 10:09:55 Received {c14 n4 {"type":"broadcast","message":28,"msg_id":10}}
2025/04/21 10:09:55 Received {n1 n4 {"data_id":"c12_7","message":16,"msg_id":31,"seen_nodes":["n1","n2","n4"],"type":"gossip"}}
2025/04/21 10:09:55 Sent {"src":"n4","dest":"n1","body":{"data_id":"c14_10","message":28,"msg_id":21,"seen_nodes":["n4","n1"],"type":"gossip"}}
2025/04/21 10:09:55 Sent {"src":"n4","dest":"n3","body":{"data_id":"c11_10","message":20,"msg_id":22,"seen_nodes":["n4","n1","n3"],"type":"gossip"}}
2025/04/21 10:09:55 Sent {"src":"n4","dest":"n1","body":{"already_seen":false,"in_reply_to":30,"msg_id":53,"seen_nodes":["n4","n1","n3"],"type":"gossip_ok"}}
2025/04/21 10:09:55 Sent {"src":"n4","dest":"n3","body":{"data_id":"c12_7","message":16,"msg_id":23,"seen_nodes":["n4","n1","n2","n3"],"type":"gossip"}}
2025/04/21 10:09:55 Sent {"src":"n4","dest":"n1","body":{"already_seen":false,"in_reply_to":31,"msg_id":55,"seen_nodes":["n4","n1","n2","n3"],"type":"gossip_ok"}}
2025/04/21 10:09:55 Sent {"src":"n4","dest":"n3","body":{"data_id":"c14_10","message":28,"msg_id":24,"seen_nodes":["n4","n1","n3"],"type":"gossip"}}
2025/04/21 10:09:55 Sent {"src":"n4","dest":"c14","body":{"in_reply_to":10,"msg_id":56,"type":"broadcast_ok"}}
2025/04/21 10:09:55 Received {n1 n4 {"already_seen":true,"in_reply_to":14,"msg_id":60,"seen_nodes":["n1","n0","n3"],"type":"gossip_ok"}}
2025/04/21 10:09:55 Received {n1 n4 {"data_id":"c13_4","message":11,"msg_id":35,"seen_nodes":["n1","n0","n3","n4"],"type":"gossip"}}
2025/04/21 10:09:55 Sent {"src":"n4","dest":"n1","body":{"already_seen":true,"in_reply_to":35,"msg_id":57,"seen_nodes":["n4","n3","n0","n1"],"type":"gossip_ok"}}
2025/04/21 10:09:55 Received {n1 n4 {"data_id":"c11_11","message":21,"msg_id":38,"seen_nodes":["n1","n4"],"type":"gossip"}}
2025/04/21 10:09:55 Sent {"src":"n4","dest":"n3","body":{"data_id":"c11_11","message":21,"msg_id":25,"seen_nodes":["n4","n1","n3"],"type":"gossip"}}
2025/04/21 10:09:55 Sent {"src":"n4","dest":"n1","body":{"already_seen":false,"in_reply_to":38,"msg_id":59,"seen_nodes":["n4","n1","n3"],"type":"gossip_ok"}}
2025/04/21 10:09:55 Received {n1 n4 {"data_id":"c13_5","message":12,"msg_id":37,"seen_nodes":["n1","n0","n3","n4"],"type":"gossip"}}
2025/04/21 10:09:55 Sent {"src":"n4","dest":"n1","body":{"already_seen":true,"in_reply_to":37,"msg_id":60,"seen_nodes":["n4","n3","n0","n1"],"type":"gossip_ok"}}
2025/04/21 10:09:55 Received {n1 n4 {"already_seen":true,"in_reply_to":15,"msg_id":69,"seen_nodes":["n1","n0","n3","n4"],"type":"gossip_ok"}}
2025/04/21 10:09:55 Received {n1 n4 {"data_id":"c11_12","message":22,"msg_id":42,"seen_nodes":["n1","n4"],"type":"gossip"}}
2025/04/21 10:09:55 Sent {"src":"n4","dest":"n3","body":{"data_id":"c11_12","message":22,"msg_id":26,"seen_nodes":["n4","n1","n3"],"type":"gossip"}}
2025/04/21 10:09:55 Sent {"src":"n4","dest":"n1","body":{"already_seen":false,"in_reply_to":42,"msg_id":62,"seen_nodes":["n4","n1","n3"],"type":"gossip_ok"}}
2025/04/21 10:09:56 Received {n1 n4 {"data_id":"c12_9","message":17,"msg_id":46,"seen_nodes":["n1","n2","n4"],"type":"gossip"}}
2025/04/21 10:09:56 Received {c14 n4 {"type":"read","msg_id":11}}
2025/04/21 10:09:56 Received {n1 n4 {"data_id":"c11_13","message":23,"msg_id":45,"seen_nodes":["n1","n4"],"type":"gossip"}}
2025/04/21 10:09:56 Sent {"src":"n4","dest":"n3","body":{"data_id":"c12_9","message":17,"msg_id":27,"seen_nodes":["n4","n1","n2","n3"],"type":"gossip"}}
2025/04/21 10:09:56 Sent {"src":"n4","dest":"n1","body":{"already_seen":false,"in_reply_to":46,"msg_id":64,"seen_nodes":["n4","n1","n2","n3"],"type":"gossip_ok"}}
2025/04/21 10:09:56 Sent {"src":"n4","dest":"c14","body":{"in_reply_to":11,"messages":[18,27,17,3,8,1,9,16,21,2,4,5,14,22,7,10,15,20,13,28,6,0,11,12],"msg_id":65,"type":"read_ok"}}
2025/04/21 10:09:56 Sent {"src":"n4","dest":"n3","body":{"data_id":"c11_13","message":23,"msg_id":28,"seen_nodes":["n4","n1","n3"],"type":"gossip"}}
2025/04/21 10:09:56 Sent {"src":"n4","dest":"n1","body":{"already_seen":false,"in_reply_to":45,"msg_id":67,"seen_nodes":["n4","n1","n3"],"type":"gossip_ok"}}
2025/04/21 10:09:56 Received {n1 n4 {"data_id":"c10_7","message":19,"msg_id":49,"seen_nodes":["n1","n0","n3","n4"],"type":"gossip"}}
2025/04/21 10:09:56 Received {n1 n4 {"already_seen":false,"in_reply_to":16,"msg_id":86,"seen_nodes":["n1","n4","n3","n0","n2"],"type":"gossip_ok"}}
2025/04/21 10:09:56 Sent {"src":"n4","dest":"n1","body":{"already_seen":false,"in_reply_to":49,"msg_id":68,"seen_nodes":["n4","n1","n0","n3"],"type":"gossip_ok"}}
2025/04/21 10:09:56 Received {n1 n4 {"data_id":"c13_7","message":18,"msg_id":53,"seen_nodes":["n1","n0","n3","n4"],"type":"gossip"}}
2025/04/21 10:09:56 Received {c14 n4 {"type":"broadcast","message":33,"msg_id":12}}
2025/04/21 10:09:56 Received {n1 n4 {"data_id":"c12_10","message":25,"msg_id":55,"seen_nodes":["n1","n2","n4"],"type":"gossip"}}
2025/04/21 10:09:56 Received {n1 n4 {"data_id":"c11_14","message":29,"msg_id":57,"seen_nodes":["n1","n4"],"type":"gossip"}}
2025/04/21 10:09:56 Received {n1 n4 {"already_seen":true,"in_reply_to":17,"msg_id":96,"seen_nodes":["n1","n0","n3","n4","n2"],"type":"gossip_ok"}}
2025/04/21 10:09:56 Sent {"src":"n4","dest":"n1","body":{"already_seen":true,"in_reply_to":53,"msg_id":69,"seen_nodes":["n4","n3","n0","n1"],"type":"gossip_ok"}}
2025/04/21 10:09:56 Received {n1 n4 {"data_id":"c10_8","message":24,"msg_id":60,"seen_nodes":["n1","n0","n3","n4"],"type":"gossip"}}
2025/04/21 10:09:56 Sent {"src":"n4","dest":"n3","body":{"data_id":"c12_10","message":25,"msg_id":30,"seen_nodes":["n4","n1","n2","n3"],"type":"gossip"}}
2025/04/21 10:09:56 Sent {"src":"n4","dest":"n1","body":{"already_seen":false,"in_reply_to":55,"msg_id":74,"seen_nodes":["n4","n1","n2","n3"],"type":"gossip_ok"}}
2025/04/21 10:09:56 Sent {"src":"n4","dest":"n1","body":{"data_id":"c14_12","message":33,"msg_id":29,"seen_nodes":["n4","n1"],"type":"gossip"}}
2025/04/21 10:09:56 Sent {"src":"n4","dest":"n3","body":{"data_id":"c14_12","message":33,"msg_id":31,"seen_nodes":["n4","n1","n3"],"type":"gossip"}}
2025/04/21 10:09:56 Sent {"src":"n4","dest":"c14","body":{"in_reply_to":12,"msg_id":76,"type":"broadcast_ok"}}
2025/04/21 10:09:56 Sent {"src":"n4","dest":"n3","body":{"data_id":"c11_14","message":29,"msg_id":32,"seen_nodes":["n4","n1","n3"],"type":"gossip"}}
2025/04/21 10:09:56 Sent {"src":"n4","dest":"n1","body":{"already_seen":false,"in_reply_to":57,"msg_id":77,"seen_nodes":["n4","n1","n3"],"type":"gossip_ok"}}
2025/04/21 10:09:56 Sent {"src":"n4","dest":"n1","body":{"already_seen":false,"in_reply_to":60,"msg_id":73,"seen_nodes":["n4","n1","n0","n3"],"type":"gossip_ok"}}
2025/04/21 10:09:57 Received {n1 n4 {"data_id":"c11_15","message":31,"msg_id":63,"seen_nodes":["n1","n4"],"type":"gossip"}}
2025/04/21 10:09:57 Sent {"src":"n4","dest":"n3","body":{"data_id":"c11_15","message":31,"msg_id":33,"seen_nodes":["n4","n1","n3"],"type":"gossip"}}
2025/04/21 10:09:57 Sent {"src":"n4","dest":"n1","body":{"already_seen":false,"in_reply_to":63,"msg_id":79,"seen_nodes":["n4","n1","n3"],"type":"gossip_ok"}}
2025/04/21 10:09:57 Received {n1 n4 {"already_seen":false,"in_reply_to":19,"msg_id":109,"seen_nodes":["n1","n4","n2","n0"],"type":"gossip_ok"}}
2025/04/21 10:09:57 Received {n1 n4 {"data_id":"c12_11","message":26,"msg_id":67,"seen_nodes":["n1","n2","n4"],"type":"gossip"}}
2025/04/21 10:09:57 Sent {"src":"n4","dest":"n3","body":{"data_id":"c12_11","message":26,"msg_id":34,"seen_nodes":["n4","n1","n2","n3"],"type":"gossip"}}
2025/04/21 10:09:57 Sent {"src":"n4","dest":"n1","body":{"already_seen":false,"in_reply_to":67,"msg_id":81,"seen_nodes":["n4","n1","n2","n3"],"type":"gossip_ok"}}
2025/04/21 10:09:57 Received {n1 n4 {"already_seen":false,"in_reply_to":21,"msg_id":116,"seen_nodes":["n1","n4","n2","n0"],"type":"gossip_ok"}}
2025/04/21 10:09:57 Received {c14 n4 {"type":"broadcast","message":36,"msg_id":13}}
2025/04/21 10:09:57 Sent {"src":"n4","dest":"n1","body":{"data_id":"c14_13","message":36,"msg_id":35,"seen_nodes":["n4","n1"],"type":"gossip"}}
2025/04/21 10:09:57 Sent {"src":"n4","dest":"n3","body":{"data_id":"c14_13","message":36,"msg_id":36,"seen_nodes":["n4","n1","n3"],"type":"gossip"}}
2025/04/21 10:09:57 Sent {"src":"n4","dest":"c14","body":{"in_reply_to":13,"msg_id":84,"type":"broadcast_ok"}}
2025/04/21 10:09:57 Received {n1 n4 {"data_id":"c11_17","message":32,"msg_id":71,"seen_nodes":["n1","n4"],"type":"gossip"}}
2025/04/21 10:09:57 Sent {"src":"n4","dest":"n3","body":{"data_id":"c11_17","message":32,"msg_id":37,"seen_nodes":["n4","n1","n3"],"type":"gossip"}}
2025/04/21 10:09:57 Sent {"src":"n4","dest":"n1","body":{"already_seen":false,"in_reply_to":71,"msg_id":86,"seen_nodes":["n4","n1","n3"],"type":"gossip_ok"}}
2025/04/21 10:09:57 Received {c14 n4 {"type":"broadcast","message":37,"msg_id":14}}
2025/04/21 10:09:57 Sent {"src":"n4","dest":"n1","body":{"data_id":"c14_14","message":37,"msg_id":38,"seen_nodes":["n4","n1"],"type":"gossip"}}
2025/04/21 10:09:57 Sent {"src":"n4","dest":"n3","body":{"data_id":"c14_14","message":37,"msg_id":39,"seen_nodes":["n4","n1","n3"],"type":"gossip"}}
2025/04/21 10:09:57 Sent {"src":"n4","dest":"c14","body":{"in_reply_to":14,"msg_id":89,"type":"broadcast_ok"}}
2025/04/21 10:09:57 Received {c14 n4 {"type":"broadcast","message":38,"msg_id":15}}
2025/04/21 10:09:57 Sent {"src":"n4","dest":"n1","body":{"data_id":"c14_15","message":38,"msg_id":40,"seen_nodes":["n4","n1"],"type":"gossip"}}
2025/04/21 10:09:57 Sent {"src":"n4","dest":"n3","body":{"data_id":"c14_15","message":38,"msg_id":41,"seen_nodes":["n4","n1","n3"],"type":"gossip"}}
2025/04/21 10:09:57 Sent {"src":"n4","dest":"c14","body":{"in_reply_to":15,"msg_id":92,"type":"broadcast_ok"}}
2025/04/21 10:09:58 Received {n1 n4 {"data_id":"c11_18","message":34,"msg_id":74,"seen_nodes":["n1","n4"],"type":"gossip"}}
2025/04/21 10:09:58 Received {c14 n4 {"type":"broadcast","message":41,"msg_id":16}}
2025/04/21 10:09:58 Received {n1 n4 {"data_id":"c10_12","message":30,"msg_id":75,"seen_nodes":["n1","n0","n3","n4"],"type":"gossip"}}
2025/04/21 10:09:58 Sent {"src":"n4","dest":"n3","body":{"data_id":"c11_18","message":34,"msg_id":42,"seen_nodes":["n4","n1","n3"],"type":"gossip"}}
2025/04/21 10:09:58 Sent {"src":"n4","dest":"n1","body":{"already_seen":false,"in_reply_to":74,"msg_id":94,"seen_nodes":["n4","n1","n3"],"type":"gossip_ok"}}
2025/04/21 10:09:58 Sent {"src":"n4","dest":"n1","body":{"already_seen":false,"in_reply_to":75,"msg_id":95,"seen_nodes":["n4","n1","n0","n3"],"type":"gossip_ok"}}
2025/04/21 10:09:58 Sent {"src":"n4","dest":"n1","body":{"data_id":"c14_16","message":41,"msg_id":43,"seen_nodes":["n4","n1"],"type":"gossip"}}
2025/04/21 10:09:58 Sent {"src":"n4","dest":"n3","body":{"data_id":"c14_16","message":41,"msg_id":44,"seen_nodes":["n4","n1","n3"],"type":"gossip"}}
2025/04/21 10:09:58 Sent {"src":"n4","dest":"c14","body":{"in_reply_to":16,"msg_id":98,"type":"broadcast_ok"}}
2025/04/21 10:09:58 Received {n1 n4 {"data_id":"c11_19","message":40,"msg_id":79,"seen_nodes":["n1","n4"],"type":"gossip"}}
2025/04/21 10:09:58 Received {c14 n4 {"type":"read","msg_id":17}}
2025/04/21 10:09:58 Received {n1 n4 {"already_seen":false,"in_reply_to":29,"msg_id":134,"seen_nodes":["n1","n4","n2","n0"],"type":"gossip_ok"}}
2025/04/21 10:09:58 Sent {"src":"n4","dest":"n3","body":{"data_id":"c11_19","message":40,"msg_id":45,"seen_nodes":["n4","n1","n3"],"type":"gossip"}}
2025/04/21 10:09:58 Sent {"src":"n4","dest":"n1","body":{"already_seen":false,"in_reply_to":79,"msg_id":100,"seen_nodes":["n4","n1","n3"],"type":"gossip_ok"}}
2025/04/21 10:09:58 Sent {"src":"n4","dest":"c14","body":{"in_reply_to":17,"messages":[22,23,24,40,0,11,12,28,19,34,41,8,9,18,27,14,16,21,32,7,10,15,20,38,6,13,33,37,36,3,1,17,26,29,31,30,2,4,5,25],"msg_id":101,"type":"read_ok"}}
2025/04/21 10:09:59 Received {n1 n4 {"data_id":"c11_20","message":42,"msg_id":84,"seen_nodes":["n1","n4"],"type":"gossip"}}
2025/04/21 10:09:59 Received {c14 n4 {"type":"read","msg_id":18}}
2025/04/21 10:09:59 Received {n1 n4 {"data_id":"c10_14","message":35,"msg_id":85,"seen_nodes":["n1","n0","n3","n4"],"type":"gossip"}}
2025/04/21 10:09:59 Sent {"src":"n4","dest":"n3","body":{"data_id":"c11_20","message":42,"msg_id":46,"seen_nodes":["n4","n1","n3"],"type":"gossip"}}
2025/04/21 10:09:59 Sent {"src":"n4","dest":"n1","body":{"already_seen":false,"in_reply_to":84,"msg_id":103,"seen_nodes":["n4","n1","n3"],"type":"gossip_ok"}}
2025/04/21 10:09:59 Sent {"src":"n4","dest":"n1","body":{"already_seen":false,"in_reply_to":85,"msg_id":105,"seen_nodes":["n4","n1","n0","n3"],"type":"gossip_ok"}}
2025/04/21 10:09:59 Sent {"src":"n4","dest":"c14","body":{"in_reply_to":18,"messages":[22,23,24,28,40,0,11,12,27,19,34,41,8,9,18,14,16,21,20,32,42,7,10,15,37,38,6,13,33,26,36,3,1,17,25,29,31,30,2,4,5],"msg_id":104,"type":"read_ok"}}
2025/04/21 10:09:59 Received {n1 n4 {"already_seen":false,"in_reply_to":35,"msg_id":145,"seen_nodes":["n1","n4","n2","n0"],"type":"gossip_ok"}}
2025/04/21 10:09:59 Received {c14 n4 {"type":"broadcast","message":46,"msg_id":19}}
2025/04/21 10:09:59 Sent {"src":"n4","dest":"n1","body":{"data_id":"c14_19","message":46,"msg_id":47,"seen_nodes":["n4","n1"],"type":"gossip"}}
2025/04/21 10:09:59 Sent {"src":"n4","dest":"n3","body":{"data_id":"c14_19","message":46,"msg_id":48,"seen_nodes":["n4","n1","n3"],"type":"gossip"}}
2025/04/21 10:09:59 Sent {"src":"n4","dest":"c14","body":{"in_reply_to":19,"msg_id":108,"type":"broadcast_ok"}}
2025/04/21 10:09:59 Received {n1 n4 {"already_seen":false,"in_reply_to":38,"msg_id":149,"seen_nodes":["n1","n4","n2","n0"],"type":"gossip_ok"}}
2025/04/21 10:09:59 Received {n1 n4 {"already_seen":false,"in_reply_to":40,"msg_id":152,"seen_nodes":["n1","n4","n2","n0"],"type":"gossip_ok"}}
2025/04/21 10:10:00 Received {n1 n4 {"data_id":"c10_16","message":39,"msg_id":96,"seen_nodes":["n1","n0","n3","n4"],"type":"gossip"}}
2025/04/21 10:10:00 Received {c14 n4 {"type":"read","msg_id":20}}
2025/04/21 10:10:00 Received {n1 n4 {"data_id":"c11_23","message":44,"msg_id":95,"seen_nodes":["n1","n4"],"type":"gossip"}}
2025/04/21 10:10:00 Received {n1 n4 {"already_seen":false,"in_reply_to":43,"msg_id":162,"seen_nodes":["n1","n4","n2","n0"],"type":"gossip_ok"}}
2025/04/21 10:10:00 Sent {"src":"n4","dest":"n1","body":{"already_seen":false,"in_reply_to":96,"msg_id":109,"seen_nodes":["n4","n1","n0","n3"],"type":"gossip_ok"}}
2025/04/21 10:10:00 Sent {"src":"n4","dest":"n3","body":{"data_id":"c11_23","message":44,"msg_id":49,"seen_nodes":["n4","n1","n3"],"type":"gossip"}}
2025/04/21 10:10:00 Sent {"src":"n4","dest":"c14","body":{"in_reply_to":20,"messages":[41,8,9,18,27,19,34,14,16,21,35,7,10,15,20,32,42,6,13,33,37,38,3,1,17,26,36,30,2,4,5,25,29,31,22,23,24,39,0,11,12,28,40,46],"msg_id":110,"type":"read_ok"}}
2025/04/21 10:10:00 Sent {"src":"n4","dest":"n1","body":{"already_seen":false,"in_reply_to":95,"msg_id":112,"seen_nodes":["n4","n1","n3"],"type":"gossip_ok"}}
2025/04/21 10:10:00 Received {n1 n4 {"data_id":"c11_24","message":50,"msg_id":102,"seen_nodes":["n1","n4"],"type":"gossip"}}
2025/04/21 10:10:00 Received {c14 n4 {"type":"read","msg_id":21}}
2025/04/21 10:10:00 Received {n1 n4 {"data_id":"c10_17","message":43,"msg_id":103,"seen_nodes":["n1","n0","n3","n4"],"type":"gossip"}}
fatal error: concurrent map iteration and map write

goroutine 132 [running]:
main.(*DataStore).Read(0x5e7c20)
	/home/divi/git/fly.io/maelstrom_broadcast.go:66 +0xaa
main.main.maelstromRead.func4({{0xc00011fd70, 0x3}, {0xc00011fd74, 0x2}, {0xc000138400, 0x1b, 0x20}})
	/home/divi/git/fly.io/maelstrom_broadcast.go:189 +0xed
github.com/jepsen-io/maelstrom/demo/go.(*Node).handleMessage(0xc0001ac000, 0x0?, {{0xc00011fd70, 0x3}, {0xc00011fd74, 0x2}, {0xc000138400, 0x1b, 0x20}})
	/home/divi/go/pkg/mod/github.com/jepsen-io/maelstrom/demo/go@v0.0.0-20250204203845-8263d1dd2b7a/node.go:151 +0x8d
github.com/jepsen-io/maelstrom/demo/go.(*Node).Run.func2()
	/home/divi/go/pkg/mod/github.com/jepsen-io/maelstrom/demo/go@v0.0.0-20250204203845-8263d1dd2b7a/node.go:129 +0x77
created by github.com/jepsen-io/maelstrom/demo/go.(*Node).Run in goroutine 1
	/home/divi/go/pkg/mod/github.com/jepsen-io/maelstrom/demo/go@v0.0.0-20250204203845-8263d1dd2b7a/node.go:127 +0x4f8

goroutine 1 [syscall]:
syscall.Syscall(0x0, 0x0, 0xc0001ae0d1, 0xf2f)
	/usr/local/go/src/syscall/syscall_linux.go:73 +0x25
syscall.read(0xc000180060?, {0xc0001ae0d1?, 0x5e83a0?, 0x0?})
	/usr/local/go/src/syscall/zsyscall_linux_amd64.go:736 +0x38
syscall.Read(...)
	/usr/local/go/src/syscall/syscall_unix.go:183
internal/poll.ignoringEINTRIO(...)
	/usr/local/go/src/internal/poll/fd_unix.go:745
internal/poll.(*FD).Read(0xc000180060, {0xc0001ae0d1, 0xf2f, 0xf2f})
	/usr/local/go/src/internal/poll/fd_unix.go:161 +0x2ae
os.(*File).read(...)
	/usr/local/go/src/os/file_posix.go:29
os.(*File).Read(0xc00019a018, {0xc0001ae0d1?, 0xc0001568c0?, 0xc0001b9d60?})
	/usr/local/go/src/os/file.go:124 +0x52
bufio.(*Scanner).Scan(0xc0001b9e18)
	/usr/local/go/src/bufio/scan.go:219 +0x81e
github.com/jepsen-io/maelstrom/demo/go.(*Node).Run(0xc0001ac000)
	/home/divi/go/pkg/mod/github.com/jepsen-io/maelstrom/demo/go@v0.0.0-20250204203845-8263d1dd2b7a/node.go:79 +0x85
main.main()
	/home/divi/git/fly.io/main.go:18 +0x2a5

goroutine 133 [runnable]:
encoding/json.(*scanner).pushParseState(0xc0001e7348, 0x7b, 0x0, 0x2)
	/usr/local/go/src/encoding/json/scanner.go:179 +0x59
encoding/json.stateBeginValue(0x88?, 0x40?)
	/usr/local/go/src/encoding/json/scanner.go:222 +0x1fa
encoding/json.checkValid({0xc0001568c0, 0x61, 0x70?}, 0xc0001e7348)
	/usr/local/go/src/encoding/json/scanner.go:35 +0x9d
encoding/json.Unmarshal({0xc0001568c0, 0x61, 0x70}, {0x4e1780, 0xc0001cebd0})
	/usr/local/go/src/encoding/json/decode.go:102 +0x54
main.main.maelstromGossip.func6({{0xc00011fda0, 0x2}, {0xc00011fda2, 0x2}, {0xc0001568c0, 0x61, 0x70}})
	/home/divi/git/fly.io/maelstrom_broadcast.go:149 +0xb4
github.com/jepsen-io/maelstrom/demo/go.(*Node).handleMessage(0xc0001ac000, 0x0?, {{0xc00011fda0, 0x2}, {0xc00011fda2, 0x2}, {0xc0001568c0, 0x61, 0x70}})
	/home/divi/go/pkg/mod/github.com/jepsen-io/maelstrom/demo/go@v0.0.0-20250204203845-8263d1dd2b7a/node.go:151 +0x8d
github.com/jepsen-io/maelstrom/demo/go.(*Node).Run.func2()
	/home/divi/go/pkg/mod/github.com/jepsen-io/maelstrom/demo/go@v0.0.0-20250204203845-8263d1dd2b7a/node.go:129 +0x77
created by github.com/jepsen-io/maelstrom/demo/go.(*Node).Run in goroutine 1
	/home/divi/go/pkg/mod/github.com/jepsen-io/maelstrom/demo/go@v0.0.0-20250204203845-8263d1dd2b7a/node.go:127 +0x4f8

goroutine 131 [runnable]:
bytes.(*Buffer).Write(0xc000204080?, {0xc000218008?, 0x8?, 0xf8?})
	/usr/local/go/src/bytes/buffer.go:175 +0xe7
encoding/json.stringEncoder(0xc000204080, {0x4e5ca0?, 0xc00015c5b0?, 0xc0000a9970?}, {0xc2?, 0x45?})
	/usr/local/go/src/encoding/json/encode.go:590 +0x3dd
encoding/json.structEncoder.encode({{{0xc00019e908, 0x8, 0x8}, 0xc0001a0990, 0xc0001a09c0}}, 0xc000204080, {0x4fb8a0?, 0xc00015c5b0?, 0xc000163f80?}, {0x0, ...})
	/usr/local/go/src/encoding/json/encode.go:715 +0x21e
encoding/json.(*encodeState).reflectValue(0xc000204080, {0x4fb8a0?, 0xc00015c5b0?, 0x7737e8d6eb28?}, {0x80?, 0x3f?})
	/usr/local/go/src/encoding/json/encode.go:322 +0x73
encoding/json.(*encodeState).marshal(0x7737e8d6ee48?, {0x4fb8a0?, 0xc00015c5b0?}, {0x18?, 0xdf?})
	/usr/local/go/src/encoding/json/encode.go:298 +0xbd
encoding/json.Marshal({0x4fb8a0, 0xc00015c5b0})
	/usr/local/go/src/encoding/json/encode.go:164 +0xbe
github.com/jepsen-io/maelstrom/demo/go.(*Node).RPC(0xc0001ac000, {0xc000196462, 0x2}, {0x4fb8a0, 0xc00015c5b0}, 0xc000201120)
	/home/divi/go/pkg/mod/github.com/jepsen-io/maelstrom/demo/go@v0.0.0-20250204203845-8263d1dd2b7a/node.go:249 +0x108
main.Gossip(0xc0001ac000, 0xc000220190)
	/home/divi/git/fly.io/maelstrom_broadcast.go:98 +0x1cd
main.main.maelstromGossip.func6({{0xc00011fd30, 0x2}, {0xc00011fd32, 0x2}, {0xc000155200, 0x57, 0x60}})
	/home/divi/git/fly.io/maelstrom_broadcast.go:167 +0x136
github.com/jepsen-io/maelstrom/demo/go.(*Node).handleMessage(0xc0001ac000, 0x0?, {{0xc00011fd30, 0x2}, {0xc00011fd32, 0x2}, {0xc000155200, 0x57, 0x60}})
	/home/divi/go/pkg/mod/github.com/jepsen-io/maelstrom/demo/go@v0.0.0-20250204203845-8263d1dd2b7a/node.go:151 +0x8d
github.com/jepsen-io/maelstrom/demo/go.(*Node).Run.func2()
	/home/divi/go/pkg/mod/github.com/jepsen-io/maelstrom/demo/go@v0.0.0-20250204203845-8263d1dd2b7a/node.go:129 +0x77
created by github.com/jepsen-io/maelstrom/demo/go.(*Node).Run in goroutine 1
	/home/divi/go/pkg/mod/github.com/jepsen-io/maelstrom/demo/go@v0.0.0-20250204203845-8263d1dd2b7a/node.go:127 +0x4f8
