2025/04/21 10:05:43 Received {c3 n2 {"type":"init","node_id":"n2","node_ids":["n0","n1","n2","n3","n4"],"msg_id":1}}
2025/04/21 10:05:43 Node n2 initialized
2025/04/21 10:05:43 Sent {"src":"n2","dest":"c3","body":{"in_reply_to":1,"type":"init_ok"}}
2025/04/21 10:05:43 Received {c6 n2 {"type":"topology","topology":{"n0":["n3","n1"],"n1":["n4","n2","n0"],"n2":["n1"],"n3":["n0","n4"],"n4":["n1","n3"]},"msg_id":1}}
2025/04/21 10:05:43 Sent {"src":"n2","dest":"c6","body":{"in_reply_to":1,"msg_id":1,"type":"topology_ok"}}
2025/04/21 10:05:43 Received {c12 n2 {"type":"read","msg_id":1}}
2025/04/21 10:05:43 Sent {"src":"n2","dest":"c12","body":{"in_reply_to":1,"messages":[],"msg_id":2,"type":"read_ok"}}
2025/04/21 10:05:44 Received {n1 n2 {"data_id":"c10_2","message":0,"msg_id":2,"seen_nodes":["n1","n0","n3","n4","n2"],"type":"gossip"}}
2025/04/21 10:05:44 Sent {"src":"n2","dest":"n1","body":{"already_seen":false,"in_reply_to":2,"msg_id":3,"seen_nodes":["n2","n1","n0","n3","n4"],"type":"gossip_ok"}}
2025/04/21 10:05:44 Received {n1 n2 {"data_id":"c10_3","message":1,"msg_id":4,"seen_nodes":["n1","n0","n3","n4","n2"],"type":"gossip"}}
2025/04/21 10:05:44 Sent {"src":"n2","dest":"n1","body":{"already_seen":false,"in_reply_to":4,"msg_id":4,"seen_nodes":["n2","n1","n0","n3","n4"],"type":"gossip_ok"}}
2025/04/21 10:05:44 Received {n1 n2 {"data_id":"c11_2","message":2,"msg_id":6,"seen_nodes":["n1","n4","n2"],"type":"gossip"}}
2025/04/21 10:05:44 Sent {"src":"n2","dest":"n1","body":{"already_seen":false,"in_reply_to":6,"msg_id":5,"seen_nodes":["n2","n1","n4"],"type":"gossip_ok"}}
2025/04/21 10:05:44 Received {c12 n2 {"type":"read","msg_id":2}}
2025/04/21 10:05:44 Sent {"src":"n2","dest":"c12","body":{"in_reply_to":2,"messages":[2,0,1],"msg_id":6,"type":"read_ok"}}
2025/04/21 10:05:44 Received {n1 n2 {"data_id":"c13_2","message":3,"msg_id":8,"seen_nodes":["n1","n4","n3","n0","n2"],"type":"gossip"}}
2025/04/21 10:05:44 Sent {"src":"n2","dest":"n1","body":{"already_seen":false,"in_reply_to":8,"msg_id":7,"seen_nodes":["n2","n1","n4","n3","n0"],"type":"gossip_ok"}}
2025/04/21 10:05:45 Received {c12 n2 {"type":"broadcast","message":4,"msg_id":3}}
2025/04/21 10:05:45 Sent {"src":"n2","dest":"n1","body":{"data_id":"c12_3","message":4,"msg_id":1,"seen_nodes":["n2","n1"],"type":"gossip"}}
2025/04/21 10:05:45 Sent {"src":"n2","dest":"c12","body":{"in_reply_to":3,"msg_id":9,"type":"broadcast_ok"}}
2025/04/21 10:05:45 Received {n1 n2 {"already_seen":false,"in_reply_to":1,"msg_id":21,"seen_nodes":["n1","n2","n4","n0"],"type":"gossip_ok"}}
2025/04/21 10:05:45 Received {n1 n2 {"data_id":"c14_3","message":5,"msg_id":11,"seen_nodes":["n1","n4","n2"],"type":"gossip"}}
2025/04/21 10:05:45 Sent {"src":"n2","dest":"n1","body":{"already_seen":false,"in_reply_to":11,"msg_id":10,"seen_nodes":["n2","n1","n4"],"type":"gossip_ok"}}
2025/04/21 10:05:45 Received {n1 n2 {"data_id":"c10_7","message":6,"msg_id":14,"seen_nodes":["n1","n0","n3","n4","n2"],"type":"gossip"}}
2025/04/21 10:05:45 Sent {"src":"n2","dest":"n1","body":{"already_seen":false,"in_reply_to":14,"msg_id":11,"seen_nodes":["n2","n1","n0","n3","n4"],"type":"gossip_ok"}}
2025/04/21 10:05:46 Received {c12 n2 {"type":"broadcast","message":7,"msg_id":4}}
2025/04/21 10:05:46 Sent {"src":"n2","dest":"n1","body":{"data_id":"c12_4","message":7,"msg_id":2,"seen_nodes":["n2","n1"],"type":"gossip"}}
2025/04/21 10:05:46 Sent {"src":"n2","dest":"c12","body":{"in_reply_to":4,"msg_id":13,"type":"broadcast_ok"}}
2025/04/21 10:05:46 Received {n1 n2 {"already_seen":false,"in_reply_to":2,"msg_id":32,"seen_nodes":["n1","n2","n4","n0"],"type":"gossip_ok"}}
2025/04/21 10:05:46 Received {n1 n2 {"data_id":"c14_4","message":8,"msg_id":17,"seen_nodes":["n1","n4","n2"],"type":"gossip"}}
2025/04/21 10:05:46 Sent {"src":"n2","dest":"n1","body":{"already_seen":false,"in_reply_to":17,"msg_id":14,"seen_nodes":["n2","n1","n4"],"type":"gossip_ok"}}
2025/04/21 10:05:46 Received {n1 n2 {"data_id":"c10_8","message":9,"msg_id":20,"seen_nodes":["n1","n0","n3","n4","n2"],"type":"gossip"}}
2025/04/21 10:05:46 Sent {"src":"n2","dest":"n1","body":{"already_seen":false,"in_reply_to":20,"msg_id":15,"seen_nodes":["n2","n1","n0","n3","n4"],"type":"gossip_ok"}}
2025/04/21 10:05:46 Received {c12 n2 {"type":"read","msg_id":5}}
2025/04/21 10:05:46 Sent {"src":"n2","dest":"c12","body":{"in_reply_to":5,"messages":[0,2,6,5,7,8,9,1,3,4],"msg_id":16,"type":"read_ok"}}
2025/04/21 10:05:46 Received {n1 n2 {"data_id":"c13_5","message":10,"msg_id":22,"seen_nodes":["n1","n0","n3","n4","n2"],"type":"gossip"}}
2025/04/21 10:05:46 Sent {"src":"n2","dest":"n1","body":{"already_seen":false,"in_reply_to":22,"msg_id":17,"seen_nodes":["n2","n1","n0","n3","n4"],"type":"gossip_ok"}}
2025/04/21 10:05:47 Received {n1 n2 {"data_id":"c11_6","message":11,"msg_id":24,"seen_nodes":["n1","n4","n2"],"type":"gossip"}}
2025/04/21 10:05:47 Sent {"src":"n2","dest":"n1","body":{"already_seen":false,"in_reply_to":24,"msg_id":18,"seen_nodes":["n2","n1","n4"],"type":"gossip_ok"}}
2025/04/21 10:05:47 Received {c12 n2 {"type":"broadcast","message":12,"msg_id":6}}
2025/04/21 10:05:47 Sent {"src":"n2","dest":"n1","body":{"data_id":"c12_6","message":12,"msg_id":3,"seen_nodes":["n2","n1"],"type":"gossip"}}
2025/04/21 10:05:47 Sent {"src":"n2","dest":"c12","body":{"in_reply_to":6,"msg_id":20,"type":"broadcast_ok"}}
2025/04/21 10:05:47 Received {n1 n2 {"already_seen":false,"in_reply_to":3,"msg_id":51,"seen_nodes":["n1","n2","n4","n0"],"type":"gossip_ok"}}
2025/04/21 10:05:47 Received {n1 n2 {"data_id":"c13_6","message":13,"msg_id":29,"seen_nodes":["n1","n0","n3","n4","n2"],"type":"gossip"}}
2025/04/21 10:05:47 Sent {"src":"n2","dest":"n1","body":{"already_seen":false,"in_reply_to":29,"msg_id":21,"seen_nodes":["n2","n1","n0","n3","n4"],"type":"gossip_ok"}}
2025/04/21 10:05:47 Received {n1 n2 {"data_id":"c10_12","message":14,"msg_id":31,"seen_nodes":["n1","n0","n3","n4","n2"],"type":"gossip"}}
2025/04/21 10:05:47 Sent {"src":"n2","dest":"n1","body":{"already_seen":false,"in_reply_to":31,"msg_id":22,"seen_nodes":["n2","n1","n0","n3","n4"],"type":"gossip_ok"}}
2025/04/21 10:05:47 Received {n1 n2 {"data_id":"c10_13","message":15,"msg_id":33,"seen_nodes":["n1","n0","n3","n4","n2"],"type":"gossip"}}
2025/04/21 10:05:47 Sent {"src":"n2","dest":"n1","body":{"already_seen":false,"in_reply_to":33,"msg_id":23,"seen_nodes":["n2","n1","n0","n3","n4"],"type":"gossip_ok"}}
2025/04/21 10:05:47 Received {n1 n2 {"data_id":"c11_7","message":16,"msg_id":35,"seen_nodes":["n1","n4","n2"],"type":"gossip"}}
2025/04/21 10:05:47 Sent {"src":"n2","dest":"n1","body":{"already_seen":false,"in_reply_to":35,"msg_id":24,"seen_nodes":["n2","n1","n4"],"type":"gossip_ok"}}
2025/04/21 10:05:47 Received {c12 n2 {"type":"broadcast","message":17,"msg_id":7}}
2025/04/21 10:05:47 Sent {"src":"n2","dest":"n1","body":{"data_id":"c12_7","message":17,"msg_id":4,"seen_nodes":["n2","n1"],"type":"gossip"}}
2025/04/21 10:05:47 Sent {"src":"n2","dest":"c12","body":{"in_reply_to":7,"msg_id":26,"type":"broadcast_ok"}}
2025/04/21 10:05:47 Received {n1 n2 {"already_seen":false,"in_reply_to":4,"msg_id":69,"seen_nodes":["n1","n2","n4","n0"],"type":"gossip_ok"}}
2025/04/21 10:05:48 Received {n1 n2 {"data_id":"c14_7","message":18,"msg_id":39,"seen_nodes":["n1","n4","n2"],"type":"gossip"}}
2025/04/21 10:05:48 Sent {"src":"n2","dest":"n1","body":{"already_seen":false,"in_reply_to":39,"msg_id":27,"seen_nodes":["n2","n1","n4"],"type":"gossip_ok"}}
2025/04/21 10:05:48 Received {n1 n2 {"data_id":"c10_14","message":19,"msg_id":42,"seen_nodes":["n1","n0","n3","n4","n2"],"type":"gossip"}}
2025/04/21 10:05:48 Sent {"src":"n2","dest":"n1","body":{"already_seen":false,"in_reply_to":42,"msg_id":28,"seen_nodes":["n2","n1","n0","n3","n4"],"type":"gossip_ok"}}
2025/04/21 10:05:48 Received {c12 n2 {"type":"broadcast","message":20,"msg_id":8}}
2025/04/21 10:05:48 Sent {"src":"n2","dest":"n1","body":{"data_id":"c12_8","message":20,"msg_id":5,"seen_nodes":["n2","n1"],"type":"gossip"}}
2025/04/21 10:05:48 Sent {"src":"n2","dest":"c12","body":{"in_reply_to":8,"msg_id":30,"type":"broadcast_ok"}}
2025/04/21 10:05:48 Received {n1 n2 {"already_seen":false,"in_reply_to":5,"msg_id":80,"seen_nodes":["n1","n2","n4","n0"],"type":"gossip_ok"}}
2025/04/21 10:05:48 Received {n1 n2 {"data_id":"c14_8","message":21,"msg_id":45,"seen_nodes":["n1","n4","n2"],"type":"gossip"}}
2025/04/21 10:05:48 Sent {"src":"n2","dest":"n1","body":{"already_seen":false,"in_reply_to":45,"msg_id":31,"seen_nodes":["n2","n1","n4"],"type":"gossip_ok"}}
2025/04/21 10:05:49 Received {n1 n2 {"data_id":"c11_9","message":22,"msg_id":48,"seen_nodes":["n1","n4","n2"],"type":"gossip"}}
2025/04/21 10:05:49 Sent {"src":"n2","dest":"n1","body":{"already_seen":false,"in_reply_to":48,"msg_id":32,"seen_nodes":["n2","n1","n4"],"type":"gossip_ok"}}
2025/04/21 10:05:49 Received {c12 n2 {"type":"read","msg_id":9}}
2025/04/21 10:05:49 Sent {"src":"n2","dest":"c12","body":{"in_reply_to":9,"messages":[2,10,11,16,22,3,4,5,7,12,14,15,20,0,6,13,19,21,1,8,9,17,18],"msg_id":33,"type":"read_ok"}}
2025/04/21 10:05:49 Received {n1 n2 {"data_id":"c13_9","message":23,"msg_id":51,"seen_nodes":["n1","n0","n3","n4","n2"],"type":"gossip"}}
2025/04/21 10:05:49 Sent {"src":"n2","dest":"n1","body":{"already_seen":false,"in_reply_to":51,"msg_id":34,"seen_nodes":["n2","n1","n0","n3","n4"],"type":"gossip_ok"}}
2025/04/21 10:05:49 Received {n1 n2 {"data_id":"c10_18","message":24,"msg_id":53,"seen_nodes":["n1","n0","n3","n4","n2"],"type":"gossip"}}
2025/04/21 10:05:49 Sent {"src":"n2","dest":"n1","body":{"already_seen":false,"in_reply_to":53,"msg_id":35,"seen_nodes":["n2","n1","n0","n3","n4"],"type":"gossip_ok"}}
2025/04/21 10:05:49 Received {n1 n2 {"data_id":"c11_10","message":25,"msg_id":55,"seen_nodes":["n1","n4","n2"],"type":"gossip"}}
2025/04/21 10:05:49 Sent {"src":"n2","dest":"n1","body":{"already_seen":false,"in_reply_to":55,"msg_id":36,"seen_nodes":["n2","n1","n4"],"type":"gossip_ok"}}
2025/04/21 10:05:49 Received {c12 n2 {"type":"broadcast","message":26,"msg_id":10}}
2025/04/21 10:05:49 Sent {"src":"n2","dest":"n1","body":{"data_id":"c12_10","message":26,"msg_id":6,"seen_nodes":["n2","n1"],"type":"gossip"}}
2025/04/21 10:05:49 Sent {"src":"n2","dest":"c12","body":{"in_reply_to":10,"msg_id":38,"type":"broadcast_ok"}}
2025/04/21 10:05:49 Received {n1 n2 {"already_seen":false,"in_reply_to":6,"msg_id":102,"seen_nodes":["n1","n2","n4","n0"],"type":"gossip_ok"}}
2025/04/21 10:05:50 Received {n1 n2 {"data_id":"c14_10","message":27,"msg_id":59,"seen_nodes":["n1","n4","n2"],"type":"gossip"}}
2025/04/21 10:05:50 Sent {"src":"n2","dest":"n1","body":{"already_seen":false,"in_reply_to":59,"msg_id":39,"seen_nodes":["n2","n1","n4"],"type":"gossip_ok"}}
2025/04/21 10:05:50 Received {n1 n2 {"data_id":"c10_21","message":28,"msg_id":62,"seen_nodes":["n1","n0","n3","n4","n2"],"type":"gossip"}}
2025/04/21 10:05:50 Sent {"src":"n2","dest":"n1","body":{"already_seen":false,"in_reply_to":62,"msg_id":40,"seen_nodes":["n2","n1","n0","n3","n4"],"type":"gossip_ok"}}
2025/04/21 10:05:50 Received {c12 n2 {"type":"read","msg_id":11}}
2025/04/21 10:05:50 Sent {"src":"n2","dest":"c12","body":{"in_reply_to":11,"messages":[23,24,26,27,11,16,22,12,14,20,3,4,7,0,6,28,9,18,25,2,10,5,15,13,19,21,1,8,17],"msg_id":41,"type":"read_ok"}}
2025/04/21 10:05:50 Received {n1 n2 {"data_id":"c13_11","message":29,"msg_id":64,"seen_nodes":["n1","n0","n3","n4","n2"],"type":"gossip"}}
2025/04/21 10:05:50 Sent {"src":"n2","dest":"n1","body":{"already_seen":false,"in_reply_to":64,"msg_id":42,"seen_nodes":["n2","n1","n0","n3","n4"],"type":"gossip_ok"}}
2025/04/21 10:05:51 Received {n1 n2 {"data_id":"c11_12","message":30,"msg_id":66,"seen_nodes":["n1","n4","n2"],"type":"gossip"}}
2025/04/21 10:05:51 Sent {"src":"n2","dest":"n1","body":{"already_seen":false,"in_reply_to":66,"msg_id":43,"seen_nodes":["n2","n1","n4"],"type":"gossip_ok"}}
2025/04/21 10:05:51 Received {c12 n2 {"type":"broadcast","message":31,"msg_id":12}}
2025/04/21 10:05:51 Sent {"src":"n2","dest":"n1","body":{"data_id":"c12_12","message":31,"msg_id":7,"seen_nodes":["n2","n1"],"type":"gossip"}}
2025/04/21 10:05:51 Sent {"src":"n2","dest":"c12","body":{"in_reply_to":12,"msg_id":45,"type":"broadcast_ok"}}
2025/04/21 10:05:51 Received {n1 n2 {"already_seen":false,"in_reply_to":7,"msg_id":121,"seen_nodes":["n1","n2","n4","n0"],"type":"gossip_ok"}}
2025/04/21 10:05:51 Received {n1 n2 {"data_id":"c10_24","message":32,"msg_id":71,"seen_nodes":["n1","n0","n3","n4","n2"],"type":"gossip"}}
2025/04/21 10:05:51 Sent {"src":"n2","dest":"n1","body":{"already_seen":false,"in_reply_to":71,"msg_id":46,"seen_nodes":["n2","n1","n0","n3","n4"],"type":"gossip_ok"}}
2025/04/21 10:05:51 Received {c12 n2 {"type":"broadcast","message":33,"msg_id":13}}
2025/04/21 10:05:51 Sent {"src":"n2","dest":"n1","body":{"data_id":"c12_13","message":33,"msg_id":8,"seen_nodes":["n2","n1"],"type":"gossip"}}
2025/04/21 10:05:51 Sent {"src":"n2","dest":"c12","body":{"in_reply_to":13,"msg_id":48,"type":"broadcast_ok"}}
2025/04/21 10:05:51 Received {n1 n2 {"already_seen":false,"in_reply_to":8,"msg_id":129,"seen_nodes":["n1","n2","n4","n0"],"type":"gossip_ok"}}
2025/04/21 10:05:51 Received {n1 n2 {"data_id":"c13_13","message":34,"msg_id":75,"seen_nodes":["n1","n0","n3","n4","n2"],"type":"gossip"}}
2025/04/21 10:05:51 Sent {"src":"n2","dest":"n1","body":{"already_seen":false,"in_reply_to":75,"msg_id":49,"seen_nodes":["n2","n1","n0","n3","n4"],"type":"gossip_ok"}}
2025/04/21 10:05:52 Received {n1 n2 {"data_id":"c14_13","message":35,"msg_id":76,"seen_nodes":["n1","n4","n2"],"type":"gossip"}}
2025/04/21 10:05:52 Sent {"src":"n2","dest":"n1","body":{"already_seen":false,"in_reply_to":76,"msg_id":50,"seen_nodes":["n2","n1","n4"],"type":"gossip_ok"}}
2025/04/21 10:05:52 Received {n1 n2 {"data_id":"c10_26","message":36,"msg_id":79,"seen_nodes":["n1","n0","n3","n4","n2"],"type":"gossip"}}
2025/04/21 10:05:52 Sent {"src":"n2","dest":"n1","body":{"already_seen":false,"in_reply_to":79,"msg_id":51,"seen_nodes":["n2","n1","n0","n3","n4"],"type":"gossip_ok"}}
2025/04/21 10:05:52 Received {n1 n2 {"data_id":"c11_14","message":37,"msg_id":81,"seen_nodes":["n1","n4","n2"],"type":"gossip"}}
2025/04/21 10:05:52 Sent {"src":"n2","dest":"n1","body":{"already_seen":false,"in_reply_to":81,"msg_id":52,"seen_nodes":["n2","n1","n4"],"type":"gossip_ok"}}
2025/04/21 10:05:52 Received {c12 n2 {"type":"broadcast","message":38,"msg_id":14}}
2025/04/21 10:05:52 Sent {"src":"n2","dest":"n1","body":{"data_id":"c12_14","message":38,"msg_id":9,"seen_nodes":["n2","n1"],"type":"gossip"}}
2025/04/21 10:05:52 Sent {"src":"n2","dest":"c12","body":{"in_reply_to":14,"msg_id":54,"type":"broadcast_ok"}}
2025/04/21 10:05:52 Received {n1 n2 {"already_seen":false,"in_reply_to":9,"msg_id":146,"seen_nodes":["n1","n2","n4","n0"],"type":"gossip_ok"}}
2025/04/21 10:05:52 Received {n1 n2 {"data_id":"c10_28","message":39,"msg_id":86,"seen_nodes":["n1","n0","n3","n4","n2"],"type":"gossip"}}
2025/04/21 10:05:52 Sent {"src":"n2","dest":"n1","body":{"already_seen":false,"in_reply_to":86,"msg_id":55,"seen_nodes":["n2","n1","n0","n3","n4"],"type":"gossip_ok"}}
2025/04/21 10:05:53 Received {n1 n2 {"data_id":"c10_29","message":40,"msg_id":88,"seen_nodes":["n1","n0","n3","n4","n2"],"type":"gossip"}}
2025/04/21 10:05:53 Sent {"src":"n2","dest":"n1","body":{"already_seen":false,"in_reply_to":88,"msg_id":56,"seen_nodes":["n2","n1","n0","n3","n4"],"type":"gossip_ok"}}
2025/04/21 10:05:53 Received {n1 n2 {"data_id":"c11_15","message":41,"msg_id":90,"seen_nodes":["n1","n4","n2"],"type":"gossip"}}
2025/04/21 10:05:53 Sent {"src":"n2","dest":"n1","body":{"already_seen":false,"in_reply_to":90,"msg_id":57,"seen_nodes":["n2","n1","n4"],"type":"gossip_ok"}}
2025/04/21 10:05:53 Received {c12 n2 {"type":"broadcast","message":42,"msg_id":15}}
2025/04/21 10:05:53 Sent {"src":"n2","dest":"n1","body":{"data_id":"c12_15","message":42,"msg_id":10,"seen_nodes":["n2","n1"],"type":"gossip"}}
2025/04/21 10:05:53 Sent {"src":"n2","dest":"c12","body":{"in_reply_to":15,"msg_id":59,"type":"broadcast_ok"}}
2025/04/21 10:05:53 Received {n1 n2 {"already_seen":false,"in_reply_to":10,"msg_id":161,"seen_nodes":["n1","n2","n4","n0"],"type":"gossip_ok"}}
2025/04/21 10:05:53 Received {n1 n2 {"data_id":"c13_15","message":43,"msg_id":95,"seen_nodes":["n1","n0","n3","n4","n2"],"type":"gossip"}}
2025/04/21 10:05:53 Sent {"src":"n2","dest":"n1","body":{"already_seen":false,"in_reply_to":95,"msg_id":60,"seen_nodes":["n2","n1","n0","n3","n4"],"type":"gossip_ok"}}
2025/04/21 10:05:54 Received {c12 n2 {"type":"read","msg_id":16}}
2025/04/21 10:05:54 Sent {"src":"n2","dest":"c12","body":{"in_reply_to":16,"messages":[0,6,39,9,18,25,28,2,10,35,5,15,31,42,43,13,19,21,33,38,41,1,8,17,30,32,36,27,29,11,16,22,23,24,26,34,37,40,3,4,7,12,14,20],"msg_id":61,"type":"read_ok"}}
2025/04/21 10:05:54 Received {n1 n2 {"data_id":"c14_16","message":44,"msg_id":96,"seen_nodes":["n1","n4","n2"],"type":"gossip"}}
2025/04/21 10:05:54 Sent {"src":"n2","dest":"n1","body":{"already_seen":false,"in_reply_to":96,"msg_id":62,"seen_nodes":["n2","n1","n4"],"type":"gossip_ok"}}
2025/04/21 10:05:54 Received {n1 n2 {"data_id":"c10_32","message":45,"msg_id":99,"seen_nodes":["n1","n0","n3","n4","n2"],"type":"gossip"}}
2025/04/21 10:05:54 Sent {"src":"n2","dest":"n1","body":{"already_seen":false,"in_reply_to":99,"msg_id":63,"seen_nodes":["n2","n1","n0","n3","n4"],"type":"gossip_ok"}}
2025/04/21 10:05:54 Received {n1 n2 {"data_id":"c11_17","message":46,"msg_id":101,"seen_nodes":["n1","n4","n2"],"type":"gossip"}}
2025/04/21 10:05:54 Sent {"src":"n2","dest":"n1","body":{"already_seen":false,"in_reply_to":101,"msg_id":64,"seen_nodes":["n2","n1","n4"],"type":"gossip_ok"}}
2025/04/21 10:05:54 Received {n1 n2 {"data_id":"c11_18","message":47,"msg_id":104,"seen_nodes":["n1","n4","n2"],"type":"gossip"}}
2025/04/21 10:05:54 Sent {"src":"n2","dest":"n1","body":{"already_seen":false,"in_reply_to":104,"msg_id":65,"seen_nodes":["n2","n1","n4"],"type":"gossip_ok"}}
2025/04/21 10:05:54 Received {c12 n2 {"type":"broadcast","message":48,"msg_id":17}}
2025/04/21 10:05:54 Sent {"src":"n2","dest":"n1","body":{"data_id":"c12_17","message":48,"msg_id":11,"seen_nodes":["n2","n1"],"type":"gossip"}}
2025/04/21 10:05:54 Sent {"src":"n2","dest":"c12","body":{"in_reply_to":17,"msg_id":67,"type":"broadcast_ok"}}
2025/04/21 10:05:54 Received {n1 n2 {"already_seen":false,"in_reply_to":11,"msg_id":184,"seen_nodes":["n1","n2","n4","n0"],"type":"gossip_ok"}}
2025/04/21 10:05:54 Received {n1 n2 {"data_id":"c13_17","message":49,"msg_id":109,"seen_nodes":["n1","n0","n3","n4","n2"],"type":"gossip"}}
2025/04/21 10:05:54 Sent {"src":"n2","dest":"n1","body":{"already_seen":false,"in_reply_to":109,"msg_id":68,"seen_nodes":["n2","n1","n0","n3","n4"],"type":"gossip_ok"}}
2025/04/21 10:05:54 Received {n1 n2 {"data_id":"c14_17","message":50,"msg_id":110,"seen_nodes":["n1","n4","n2"],"type":"gossip"}}
2025/04/21 10:05:54 Sent {"src":"n2","dest":"n1","body":{"already_seen":false,"in_reply_to":110,"msg_id":69,"seen_nodes":["n2","n1","n4"],"type":"gossip_ok"}}
2025/04/21 10:05:55 Received {n1 n2 {"data_id":"c10_34","message":51,"msg_id":113,"seen_nodes":["n1","n0","n3","n4","n2"],"type":"gossip"}}
2025/04/21 10:05:55 Sent {"src":"n2","dest":"n1","body":{"already_seen":false,"in_reply_to":113,"msg_id":70,"seen_nodes":["n2","n1","n0","n3","n4"],"type":"gossip_ok"}}
2025/04/21 10:05:55 Received {n1 n2 {"data_id":"c11_19","message":52,"msg_id":115,"seen_nodes":["n1","n4","n2"],"type":"gossip"}}
2025/04/21 10:05:55 Sent {"src":"n2","dest":"n1","body":{"already_seen":false,"in_reply_to":115,"msg_id":71,"seen_nodes":["n2","n1","n4"],"type":"gossip_ok"}}
2025/04/21 10:05:55 Received {c12 n2 {"type":"read","msg_id":18}}
2025/04/21 10:05:55 Sent {"src":"n2","dest":"c12","body":{"in_reply_to":18,"messages":[51,1,8,17,16,26,27,45,4,7,12,14,39,44,25,49,35,5,13,21,33,30,32,36,41,29,11,22,23,24,34,37,50,3,20,40,0,6,48,9,18,28,46,47,52,2,10,15,31,42,43,19,38],"msg_id":72,"type":"read_ok"}}
2025/04/21 10:05:55 Received {n1 n2 {"data_id":"c13_18","message":53,"msg_id":118,"seen_nodes":["n1","n0","n3","n4","n2"],"type":"gossip"}}
2025/04/21 10:05:55 Sent {"src":"n2","dest":"n1","body":{"already_seen":false,"in_reply_to":118,"msg_id":73,"seen_nodes":["n2","n1","n0","n3","n4"],"type":"gossip_ok"}}
2025/04/21 10:05:55 Received {n1 n2 {"data_id":"c14_18","message":54,"msg_id":119,"seen_nodes":["n1","n4","n2"],"type":"gossip"}}
2025/04/21 10:05:55 Sent {"src":"n2","dest":"n1","body":{"already_seen":false,"in_reply_to":119,"msg_id":74,"seen_nodes":["n2","n1","n4"],"type":"gossip_ok"}}
2025/04/21 10:05:55 Received {n1 n2 {"data_id":"c11_20","message":55,"msg_id":122,"seen_nodes":["n1","n4","n2"],"type":"gossip"}}
2025/04/21 10:05:55 Sent {"src":"n2","dest":"n1","body":{"already_seen":false,"in_reply_to":122,"msg_id":75,"seen_nodes":["n2","n1","n4"],"type":"gossip_ok"}}
2025/04/21 10:05:56 Received {c12 n2 {"type":"broadcast","message":56,"msg_id":19}}
2025/04/21 10:05:56 Sent {"src":"n2","dest":"n1","body":{"data_id":"c12_19","message":56,"msg_id":12,"seen_nodes":["n2","n1"],"type":"gossip"}}
2025/04/21 10:05:56 Sent {"src":"n2","dest":"c12","body":{"in_reply_to":19,"msg_id":77,"type":"broadcast_ok"}}
2025/04/21 10:05:56 Received {n1 n2 {"already_seen":false,"in_reply_to":12,"msg_id":213,"seen_nodes":["n1","n2","n4","n0"],"type":"gossip_ok"}}
2025/04/21 10:05:56 Received {n1 n2 {"data_id":"c14_19","message":57,"msg_id":126,"seen_nodes":["n1","n4","n2"],"type":"gossip"}}
2025/04/21 10:05:56 Sent {"src":"n2","dest":"n1","body":{"already_seen":false,"in_reply_to":126,"msg_id":78,"seen_nodes":["n2","n1","n4"],"type":"gossip_ok"}}
2025/04/21 10:05:56 Received {n1 n2 {"data_id":"c11_22","message":58,"msg_id":129,"seen_nodes":["n1","n4","n2"],"type":"gossip"}}
2025/04/21 10:05:56 Sent {"src":"n2","dest":"n1","body":{"already_seen":false,"in_reply_to":129,"msg_id":79,"seen_nodes":["n2","n1","n4"],"type":"gossip_ok"}}
2025/04/21 10:05:56 Received {c12 n2 {"type":"read","msg_id":20}}
2025/04/21 10:05:56 Sent {"src":"n2","dest":"c12","body":{"in_reply_to":20,"messages":[5,13,21,33,54,30,32,36,41,11,22,23,24,29,34,37,50,3,20,40,0,6,48,53,9,18,28,46,47,52,2,10,15,31,42,43,55,19,38,1,8,17,51,16,26,27,45,4,7,12,14,57,58,39,44,25,49,35,56],"msg_id":80,"type":"read_ok"}}
2025/04/21 10:05:57 Received {c12 n2 {"type":"broadcast","message":59,"msg_id":21}}
2025/04/21 10:05:57 Sent {"src":"n2","dest":"n1","body":{"data_id":"c12_21","message":59,"msg_id":13,"seen_nodes":["n2","n1"],"type":"gossip"}}
2025/04/21 10:05:57 Sent {"src":"n2","dest":"c12","body":{"in_reply_to":21,"msg_id":82,"type":"broadcast_ok"}}
2025/04/21 10:05:57 Received {n1 n2 {"already_seen":false,"in_reply_to":13,"msg_id":225,"seen_nodes":["n1","n2","n4","n0"],"type":"gossip_ok"}}
2025/04/21 10:05:57 Received {n1 n2 {"data_id":"c14_21","message":60,"msg_id":133,"seen_nodes":["n1","n4","n2"],"type":"gossip"}}
2025/04/21 10:05:57 Sent {"src":"n2","dest":"n1","body":{"already_seen":false,"in_reply_to":133,"msg_id":83,"seen_nodes":["n2","n1","n4"],"type":"gossip_ok"}}
2025/04/21 10:05:57 Received {n1 n2 {"data_id":"c10_40","message":61,"msg_id":136,"seen_nodes":["n1","n0","n3","n4","n2"],"type":"gossip"}}
2025/04/21 10:05:57 Sent {"src":"n2","dest":"n1","body":{"already_seen":false,"in_reply_to":136,"msg_id":84,"seen_nodes":["n2","n1","n0","n3","n4"],"type":"gossip_ok"}}
2025/04/21 10:05:57 Received {c12 n2 {"type":"read","msg_id":22}}
2025/04/21 10:05:57 Sent {"src":"n2","dest":"c12","body":{"in_reply_to":22,"messages":[0,6,48,53,9,18,28,46,47,52,2,10,15,31,42,43,55,19,38,1,8,17,51,16,26,27,45,59,60,4,7,12,14,57,58,61,39,44,25,49,35,56,5,13,21,33,54,30,32,36,41,37,50,11,22,23,24,29,34,3,20,40],"msg_id":85,"type":"read_ok"}}
2025/04/21 10:05:58 Received {n1 n2 {"data_id":"c13_22","message":62,"msg_id":138,"seen_nodes":["n1","n0","n3","n4","n2"],"type":"gossip"}}
2025/04/21 10:05:58 Sent {"src":"n2","dest":"n1","body":{"already_seen":false,"in_reply_to":138,"msg_id":86,"seen_nodes":["n2","n1","n0","n3","n4"],"type":"gossip_ok"}}
2025/04/21 10:05:58 Received {n1 n2 {"data_id":"c14_22","message":63,"msg_id":139,"seen_nodes":["n1","n4","n2"],"type":"gossip"}}
2025/04/21 10:05:58 Sent {"src":"n2","dest":"n1","body":{"already_seen":false,"in_reply_to":139,"msg_id":87,"seen_nodes":["n2","n1","n4"],"type":"gossip_ok"}}
2025/04/21 10:05:58 Received {n1 n2 {"data_id":"c10_42","message":64,"msg_id":142,"seen_nodes":["n1","n0","n3","n4","n2"],"type":"gossip"}}
2025/04/21 10:05:58 Sent {"src":"n2","dest":"n1","body":{"already_seen":false,"in_reply_to":142,"msg_id":88,"seen_nodes":["n2","n1","n0","n3","n4"],"type":"gossip_ok"}}
2025/04/21 10:05:58 Received {c12 n2 {"type":"read","msg_id":23}}
2025/04/21 10:05:58 Sent {"src":"n2","dest":"c12","body":{"in_reply_to":23,"messages":[3,20,40,0,6,48,53,9,18,28,46,47,52,2,10,15,31,42,43,55,19,38,1,8,17,51,16,26,27,45,63,59,60,4,7,12,14,57,58,61,64,39,44,25,49,35,56,5,13,21,33,54,30,32,36,41,37,50,11,22,23,24,29,34,62],"msg_id":89,"type":"read_ok"}}
2025/04/21 10:05:58 Received {n1 n2 {"data_id":"c13_23","message":65,"msg_id":144,"seen_nodes":["n1","n0","n3","n4","n2"],"type":"gossip"}}
2025/04/21 10:05:58 Sent {"src":"n2","dest":"n1","body":{"already_seen":false,"in_reply_to":144,"msg_id":90,"seen_nodes":["n2","n1","n0","n3","n4"],"type":"gossip_ok"}}
2025/04/21 10:05:58 Received {n1 n2 {"data_id":"c14_23","message":66,"msg_id":145,"seen_nodes":["n1","n4","n2"],"type":"gossip"}}
2025/04/21 10:05:58 Sent {"src":"n2","dest":"n1","body":{"already_seen":false,"in_reply_to":145,"msg_id":91,"seen_nodes":["n2","n1","n4"],"type":"gossip_ok"}}
2025/04/21 10:05:59 Received {n1 n2 {"data_id":"c11_26","message":67,"msg_id":148,"seen_nodes":["n1","n4","n2"],"type":"gossip"}}
2025/04/21 10:05:59 Sent {"src":"n2","dest":"n1","body":{"already_seen":false,"in_reply_to":148,"msg_id":92,"seen_nodes":["n2","n1","n4"],"type":"gossip_ok"}}
2025/04/21 10:05:59 Received {c12 n2 {"type":"broadcast","message":68,"msg_id":24}}
2025/04/21 10:05:59 Sent {"src":"n2","dest":"n1","body":{"data_id":"c12_24","message":68,"msg_id":14,"seen_nodes":["n2","n1"],"type":"gossip"}}
2025/04/21 10:05:59 Sent {"src":"n2","dest":"c12","body":{"in_reply_to":24,"msg_id":94,"type":"broadcast_ok"}}
2025/04/21 10:05:59 Received {n1 n2 {"already_seen":false,"in_reply_to":14,"msg_id":259,"seen_nodes":["n1","n2","n4","n0"],"type":"gossip_ok"}}
2025/04/21 10:05:59 Received {n1 n2 {"data_id":"c13_24","message":69,"msg_id":152,"seen_nodes":["n1","n4","n3","n0","n2"],"type":"gossip"}}
2025/04/21 10:05:59 Sent {"src":"n2","dest":"n1","body":{"already_seen":false,"in_reply_to":152,"msg_id":95,"seen_nodes":["n2","n1","n4","n3","n0"],"type":"gossip_ok"}}
2025/04/21 10:05:59 Received {n1 n2 {"data_id":"c10_46","message":70,"msg_id":154,"seen_nodes":["n1","n0","n3","n4","n2"],"type":"gossip"}}
2025/04/21 10:05:59 Sent {"src":"n2","dest":"n1","body":{"already_seen":false,"in_reply_to":154,"msg_id":96,"seen_nodes":["n2","n1","n0","n3","n4"],"type":"gossip_ok"}}
2025/04/21 10:06:00 Received {c12 n2 {"type":"broadcast","message":71,"msg_id":25}}
2025/04/21 10:06:00 Sent {"src":"n2","dest":"n1","body":{"data_id":"c12_25","message":71,"msg_id":15,"seen_nodes":["n2","n1"],"type":"gossip"}}
2025/04/21 10:06:00 Sent {"src":"n2","dest":"c12","body":{"in_reply_to":25,"msg_id":98,"type":"broadcast_ok"}}
2025/04/21 10:06:00 Received {n1 n2 {"already_seen":false,"in_reply_to":15,"msg_id":269,"seen_nodes":["n1","n2","n4","n0"],"type":"gossip_ok"}}
2025/04/21 10:06:00 Received {n1 n2 {"data_id":"c13_25","message":72,"msg_id":158,"seen_nodes":["n1","n0","n3","n4","n2"],"type":"gossip"}}
2025/04/21 10:06:00 Sent {"src":"n2","dest":"n1","body":{"already_seen":false,"in_reply_to":158,"msg_id":99,"seen_nodes":["n2","n1","n0","n3","n4"],"type":"gossip_ok"}}
2025/04/21 10:06:00 Received {c12 n2 {"type":"broadcast","message":73,"msg_id":26}}
2025/04/21 10:06:00 Sent {"src":"n2","dest":"n1","body":{"data_id":"c12_26","message":73,"msg_id":16,"seen_nodes":["n2","n1"],"type":"gossip"}}
2025/04/21 10:06:00 Sent {"src":"n2","dest":"c12","body":{"in_reply_to":26,"msg_id":101,"type":"broadcast_ok"}}
2025/04/21 10:06:00 Received {n1 n2 {"already_seen":false,"in_reply_to":16,"msg_id":277,"seen_nodes":["n1","n2","n4","n0"],"type":"gossip_ok"}}
2025/04/21 10:06:00 Received {n1 n2 {"data_id":"c14_26","message":74,"msg_id":161,"seen_nodes":["n1","n4","n2"],"type":"gossip"}}
2025/04/21 10:06:00 Sent {"src":"n2","dest":"n1","body":{"already_seen":false,"in_reply_to":161,"msg_id":102,"seen_nodes":["n2","n1","n4"],"type":"gossip_ok"}}
2025/04/21 10:06:00 Received {n1 n2 {"data_id":"c10_50","message":75,"msg_id":164,"seen_nodes":["n1","n0","n3","n4","n2"],"type":"gossip"}}
2025/04/21 10:06:00 Sent {"src":"n2","dest":"n1","body":{"already_seen":false,"in_reply_to":164,"msg_id":103,"seen_nodes":["n2","n1","n0","n3","n4"],"type":"gossip_ok"}}
2025/04/21 10:06:01 Received {n1 n2 {"data_id":"c10_51","message":76,"msg_id":166,"seen_nodes":["n1","n0","n3","n4","n2"],"type":"gossip"}}
2025/04/21 10:06:01 Sent {"src":"n2","dest":"n1","body":{"already_seen":false,"in_reply_to":166,"msg_id":104,"seen_nodes":["n2","n1","n0","n3","n4"],"type":"gossip_ok"}}
2025/04/21 10:06:01 Received {n1 n2 {"data_id":"c11_29","message":77,"msg_id":168,"seen_nodes":["n1","n4","n2"],"type":"gossip"}}
2025/04/21 10:06:01 Sent {"src":"n2","dest":"n1","body":{"already_seen":false,"in_reply_to":168,"msg_id":105,"seen_nodes":["n2","n1","n4"],"type":"gossip_ok"}}
2025/04/21 10:06:01 Received {c12 n2 {"type":"read","msg_id":27}}
2025/04/21 10:06:01 Sent {"src":"n2","dest":"c12","body":{"in_reply_to":27,"messages":[39,44,65,25,49,75,35,56,5,74,76,13,21,33,54,30,32,36,41,50,11,22,23,24,29,34,37,62,66,72,77,3,20,40,0,6,48,53,9,18,28,46,47,52,73,2,10,15,31,42,43,55,19,38,1,8,17,51,67,70,71,16,26,27,45,63,68,69,60,4,7,12,14,57,58,59,61,64],"msg_id":106,"type":"read_ok"}}
2025/04/21 10:06:01 Received {n1 n2 {"data_id":"c14_27","message":78,"msg_id":170,"seen_nodes":["n1","n4","n2"],"type":"gossip"}}
2025/04/21 10:06:01 Sent {"src":"n2","dest":"n1","body":{"already_seen":false,"in_reply_to":170,"msg_id":107,"seen_nodes":["n2","n1","n4"],"type":"gossip_ok"}}
2025/04/21 10:06:01 Received {n1 n2 {"data_id":"c10_53","message":79,"msg_id":173,"seen_nodes":["n1","n0","n3","n4","n2"],"type":"gossip"}}
2025/04/21 10:06:01 Sent {"src":"n2","dest":"n1","body":{"already_seen":false,"in_reply_to":173,"msg_id":108,"seen_nodes":["n2","n1","n0","n3","n4"],"type":"gossip_ok"}}
2025/04/21 10:06:02 Received {c12 n2 {"type":"broadcast","message":80,"msg_id":28}}
2025/04/21 10:06:02 Sent {"src":"n2","dest":"n1","body":{"data_id":"c12_28","message":80,"msg_id":17,"seen_nodes":["n2","n1"],"type":"gossip"}}
2025/04/21 10:06:02 Sent {"src":"n2","dest":"c12","body":{"in_reply_to":28,"msg_id":110,"type":"broadcast_ok"}}
2025/04/21 10:06:02 Received {n1 n2 {"already_seen":false,"in_reply_to":17,"msg_id":303,"seen_nodes":["n1","n2","n4","n0"],"type":"gossip_ok"}}
2025/04/21 10:06:02 Received {n1 n2 {"data_id":"c13_28","message":81,"msg_id":177,"seen_nodes":["n1","n0","n3","n4","n2"],"type":"gossip"}}
2025/04/21 10:06:02 Sent {"src":"n2","dest":"n1","body":{"already_seen":false,"in_reply_to":177,"msg_id":111,"seen_nodes":["n2","n1","n0","n3","n4"],"type":"gossip_ok"}}
2025/04/21 10:06:02 Received {n1 n2 {"data_id":"c14_28","message":82,"msg_id":178,"seen_nodes":["n1","n4","n2"],"type":"gossip"}}
2025/04/21 10:06:02 Sent {"src":"n2","dest":"n1","body":{"already_seen":false,"in_reply_to":178,"msg_id":112,"seen_nodes":["n2","n1","n4"],"type":"gossip_ok"}}
2025/04/21 10:06:02 Received {n1 n2 {"data_id":"c10_55","message":83,"msg_id":181,"seen_nodes":["n1","n0","n3","n4","n2"],"type":"gossip"}}
2025/04/21 10:06:02 Sent {"src":"n2","dest":"n1","body":{"already_seen":false,"in_reply_to":181,"msg_id":113,"seen_nodes":["n2","n1","n0","n3","n4"],"type":"gossip_ok"}}
2025/04/21 10:06:02 Received {n1 n2 {"data_id":"c11_31","message":84,"msg_id":183,"seen_nodes":["n1","n4","n2"],"type":"gossip"}}
2025/04/21 10:06:02 Sent {"src":"n2","dest":"n1","body":{"already_seen":false,"in_reply_to":183,"msg_id":114,"seen_nodes":["n2","n1","n4"],"type":"gossip_ok"}}
2025/04/21 10:06:02 Received {c12 n2 {"type":"read","msg_id":29}}
2025/04/21 10:06:02 Sent {"src":"n2","dest":"c12","body":{"in_reply_to":29,"messages":[40,3,20,48,53,0,6,28,46,47,52,73,79,9,18,2,10,42,43,55,15,31,19,38,17,51,67,70,71,83,1,8,27,45,63,68,69,16,26,12,14,57,58,59,60,4,7,82,61,64,65,81,39,44,75,25,49,35,56,76,5,74,33,54,80,13,21,36,41,84,30,32,23,24,29,34,37,50,11,22,72,77,78,62,66],"msg_id":115,"type":"read_ok"}}
2025/04/21 10:06:02 Received {n1 n2 {"data_id":"c14_29","message":85,"msg_id":185,"seen_nodes":["n1","n4","n2"],"type":"gossip"}}
2025/04/21 10:06:02 Sent {"src":"n2","dest":"n1","body":{"already_seen":false,"in_reply_to":185,"msg_id":116,"seen_nodes":["n2","n1","n4"],"type":"gossip_ok"}}
2025/04/21 10:06:02 Received {n1 n2 {"data_id":"c10_57","message":86,"msg_id":188,"seen_nodes":["n1","n0","n3","n4","n2"],"type":"gossip"}}
2025/04/21 10:06:02 Sent {"src":"n2","dest":"n1","body":{"already_seen":false,"in_reply_to":188,"msg_id":117,"seen_nodes":["n2","n1","n0","n3","n4"],"type":"gossip_ok"}}
2025/04/21 10:06:03 Received {n1 n2 {"data_id":"c11_32","message":87,"msg_id":190,"seen_nodes":["n1","n4","n2"],"type":"gossip"}}
2025/04/21 10:06:03 Sent {"src":"n2","dest":"n1","body":{"already_seen":false,"in_reply_to":190,"msg_id":118,"seen_nodes":["n2","n1","n4"],"type":"gossip_ok"}}
2025/04/21 10:06:03 Received {c12 n2 {"type":"read","msg_id":30}}
2025/04/21 10:06:03 Sent {"src":"n2","dest":"c12","body":{"in_reply_to":30,"messages":[43,55,15,31,42,19,38,51,67,70,71,83,1,8,17,45,63,68,69,86,16,26,27,14,57,58,59,60,4,7,12,61,64,82,81,39,44,65,25,49,75,35,56,5,74,76,54,80,13,21,33,41,84,30,32,36,24,29,34,37,50,11,22,23,77,78,62,66,72,3,20,40,53,0,6,48,46,47,52,73,79,9,18,28,85,87,2,10],"msg_id":119,"type":"read_ok"}}
2025/04/21 10:06:03 Received {n1 n2 {"data_id":"c13_30","message":88,"msg_id":193,"seen_nodes":["n1","n0","n3","n4","n2"],"type":"gossip"}}
2025/04/21 10:06:03 Sent {"src":"n2","dest":"n1","body":{"already_seen":false,"in_reply_to":193,"msg_id":120,"seen_nodes":["n2","n1","n0","n3","n4"],"type":"gossip_ok"}}
2025/04/21 10:06:03 Received {n1 n2 {"data_id":"c14_30","message":89,"msg_id":194,"seen_nodes":["n1","n4","n2"],"type":"gossip"}}
2025/04/21 10:06:03 Sent {"src":"n2","dest":"n1","body":{"already_seen":false,"in_reply_to":194,"msg_id":121,"seen_nodes":["n2","n1","n4"],"type":"gossip_ok"}}
2025/04/21 10:06:03 Received {n1 n2 {"data_id":"c10_58","message":90,"msg_id":197,"seen_nodes":["n1","n0","n3","n4","n2"],"type":"gossip"}}
2025/04/21 10:06:03 Sent {"src":"n2","dest":"n1","body":{"already_seen":false,"in_reply_to":197,"msg_id":122,"seen_nodes":["n2","n1","n0","n3","n4"],"type":"gossip_ok"}}
2025/04/21 10:06:13 Received {c12 n2 {"type":"read","msg_id":31}}
2025/04/21 10:06:13 Sent {"src":"n2","dest":"c12","body":{"in_reply_to":31,"messages":[56,35,74,76,90,5,21,33,54,80,13,32,36,41,84,30,22,23,24,29,34,37,50,11,66,72,77,78,62,20,40,3,6,48,53,0,18,28,46,47,52,73,79,9,87,85,10,89,2,31,42,43,55,88,15,38,19,8,17,51,67,70,71,83,1,26,27,45,63,68,69,86,16,7,12,14,57,58,59,60,4,64,82,61,44,65,81,39,49,75,25],"msg_id":123,"type":"read_ok"}}
