2025/04/21 10:05:43 Received {c1 n3 {"type":"init","node_id":"n3","node_ids":["n0","n1","n2","n3","n4"],"msg_id":1}}
2025/04/21 10:05:43 Node n3 initialized
2025/04/21 10:05:43 Sent {"src":"n3","dest":"c1","body":{"in_reply_to":1,"type":"init_ok"}}
2025/04/21 10:05:43 Received {c8 n3 {"type":"topology","topology":{"n0":["n3","n1"],"n1":["n4","n2","n0"],"n2":["n1"],"n3":["n0","n4"],"n4":["n1","n3"]},"msg_id":1}}
2025/04/21 10:05:43 Sent {"src":"n3","dest":"c8","body":{"in_reply_to":1,"msg_id":1,"type":"topology_ok"}}
2025/04/21 10:05:44 Received {c13 n3 {"type":"read","msg_id":1}}
2025/04/21 10:05:44 Sent {"src":"n3","dest":"c13","body":{"in_reply_to":1,"messages":[],"msg_id":2,"type":"read_ok"}}
2025/04/21 10:05:44 Received {n0 n3 {"data_id":"c10_2","message":0,"msg_id":1,"seen_nodes":["n0","n3"],"type":"gossip"}}
2025/04/21 10:05:44 Sent {"src":"n3","dest":"n4","body":{"data_id":"c10_2","message":0,"msg_id":1,"seen_nodes":["n3","n0","n4"],"type":"gossip"}}
2025/04/21 10:05:44 Sent {"src":"n3","dest":"n0","body":{"already_seen":false,"in_reply_to":1,"msg_id":4,"seen_nodes":["n3","n0","n4"],"type":"gossip_ok"}}
2025/04/21 10:05:44 Received {n4 n3 {"already_seen":false,"in_reply_to":1,"msg_id":4,"seen_nodes":["n4","n3","n0","n1"],"type":"gossip_ok"}}
2025/04/21 10:05:44 Received {n0 n3 {"data_id":"c10_3","message":1,"msg_id":3,"seen_nodes":["n0","n3"],"type":"gossip"}}
2025/04/21 10:05:44 Sent {"src":"n3","dest":"n4","body":{"data_id":"c10_3","message":1,"msg_id":2,"seen_nodes":["n3","n0","n4"],"type":"gossip"}}
2025/04/21 10:05:44 Sent {"src":"n3","dest":"n0","body":{"already_seen":false,"in_reply_to":3,"msg_id":6,"seen_nodes":["n3","n0","n4"],"type":"gossip_ok"}}
2025/04/21 10:05:44 Received {n4 n3 {"already_seen":false,"in_reply_to":2,"msg_id":7,"seen_nodes":["n4","n3","n0","n1"],"type":"gossip_ok"}}
2025/04/21 10:05:44 Received {n4 n3 {"data_id":"c11_2","message":2,"msg_id":3,"seen_nodes":["n4","n1","n3"],"type":"gossip"}}
2025/04/21 10:05:44 Sent {"src":"n3","dest":"n0","body":{"data_id":"c11_2","message":2,"msg_id":3,"seen_nodes":["n3","n4","n1","n0"],"type":"gossip"}}
2025/04/21 10:05:44 Sent {"src":"n3","dest":"n4","body":{"already_seen":false,"in_reply_to":3,"msg_id":8,"seen_nodes":["n3","n4","n1","n0"],"type":"gossip_ok"}}
2025/04/21 10:05:44 Received {n0 n3 {"data_id":"c11_2","message":2,"msg_id":5,"seen_nodes":["n0","n1","n4","n2","n3"],"type":"gossip"}}
2025/04/21 10:05:44 Sent {"src":"n3","dest":"n0","body":{"already_seen":true,"in_reply_to":5,"msg_id":9,"seen_nodes":["n3","n4","n1","n0"],"type":"gossip_ok"}}
2025/04/21 10:05:44 Received {n0 n3 {"already_seen":true,"in_reply_to":3,"msg_id":11,"seen_nodes":["n0","n1","n4","n2","n3"],"type":"gossip_ok"}}
2025/04/21 10:05:44 Received {c13 n3 {"type":"broadcast","message":3,"msg_id":2}}
2025/04/21 10:05:44 Sent {"src":"n3","dest":"n0","body":{"data_id":"c13_2","message":3,"msg_id":4,"seen_nodes":["n3","n0"],"type":"gossip"}}
2025/04/21 10:05:44 Sent {"src":"n3","dest":"n4","body":{"data_id":"c13_2","message":3,"msg_id":5,"seen_nodes":["n3","n0","n4"],"type":"gossip"}}
2025/04/21 10:05:44 Sent {"src":"n3","dest":"c13","body":{"in_reply_to":2,"msg_id":12,"type":"broadcast_ok"}}
2025/04/21 10:05:44 Received {n4 n3 {"already_seen":false,"in_reply_to":5,"msg_id":12,"seen_nodes":["n4","n3","n0","n1"],"type":"gossip_ok"}}
2025/04/21 10:05:44 Received {n0 n3 {"already_seen":false,"in_reply_to":4,"msg_id":13,"seen_nodes":["n0","n3","n1"],"type":"gossip_ok"}}
2025/04/21 10:05:45 Received {n4 n3 {"data_id":"c12_3","message":4,"msg_id":5,"seen_nodes":["n4","n1","n2","n3"],"type":"gossip"}}
2025/04/21 10:05:45 Sent {"src":"n3","dest":"n0","body":{"data_id":"c12_3","message":4,"msg_id":6,"seen_nodes":["n3","n4","n1","n2","n0"],"type":"gossip"}}
2025/04/21 10:05:45 Sent {"src":"n3","dest":"n4","body":{"already_seen":false,"in_reply_to":5,"msg_id":14,"seen_nodes":["n3","n4","n1","n2","n0"],"type":"gossip_ok"}}
2025/04/21 10:05:45 Received {n0 n3 {"data_id":"c12_3","message":4,"msg_id":7,"seen_nodes":["n0","n1","n2","n4","n3"],"type":"gossip"}}
2025/04/21 10:05:45 Sent {"src":"n3","dest":"n0","body":{"already_seen":true,"in_reply_to":7,"msg_id":15,"seen_nodes":["n3","n4","n1","n2","n0"],"type":"gossip_ok"}}
2025/04/21 10:05:45 Received {n0 n3 {"already_seen":true,"in_reply_to":6,"msg_id":18,"seen_nodes":["n0","n1","n2","n4","n3"],"type":"gossip_ok"}}
2025/04/21 10:05:45 Received {c13 n3 {"type":"read","msg_id":3}}
2025/04/21 10:05:45 Sent {"src":"n3","dest":"c13","body":{"in_reply_to":3,"messages":[0,1,2,3,4],"msg_id":16,"type":"read_ok"}}
2025/04/21 10:05:45 Received {n4 n3 {"data_id":"c14_3","message":5,"msg_id":7,"seen_nodes":["n4","n1","n3"],"type":"gossip"}}
2025/04/21 10:05:45 Sent {"src":"n3","dest":"n0","body":{"data_id":"c14_3","message":5,"msg_id":7,"seen_nodes":["n3","n4","n1","n0"],"type":"gossip"}}
2025/04/21 10:05:45 Sent {"src":"n3","dest":"n4","body":{"already_seen":false,"in_reply_to":7,"msg_id":18,"seen_nodes":["n3","n4","n1","n0"],"type":"gossip_ok"}}
2025/04/21 10:05:45 Received {n0 n3 {"already_seen":false,"in_reply_to":7,"msg_id":19,"seen_nodes":["n0","n3","n4","n1"],"type":"gossip_ok"}}
2025/04/21 10:05:45 Received {n0 n3 {"data_id":"c10_7","message":6,"msg_id":8,"seen_nodes":["n0","n3"],"type":"gossip"}}
2025/04/21 10:05:45 Sent {"src":"n3","dest":"n4","body":{"data_id":"c10_7","message":6,"msg_id":8,"seen_nodes":["n3","n0","n4"],"type":"gossip"}}
2025/04/21 10:05:45 Sent {"src":"n3","dest":"n0","body":{"already_seen":false,"in_reply_to":8,"msg_id":20,"seen_nodes":["n3","n0","n4"],"type":"gossip_ok"}}
2025/04/21 10:05:45 Received {n4 n3 {"already_seen":false,"in_reply_to":8,"msg_id":20,"seen_nodes":["n4","n3","n0","n1"],"type":"gossip_ok"}}
2025/04/21 10:05:46 Received {n4 n3 {"data_id":"c12_4","message":7,"msg_id":9,"seen_nodes":["n4","n1","n2","n3"],"type":"gossip"}}
2025/04/21 10:05:46 Received {n0 n3 {"data_id":"c12_4","message":7,"msg_id":10,"seen_nodes":["n0","n1","n2","n4","n3"],"type":"gossip"}}
2025/04/21 10:05:46 Sent {"src":"n3","dest":"n0","body":{"data_id":"c12_4","message":7,"msg_id":9,"seen_nodes":["n3","n4","n1","n2","n0"],"type":"gossip"}}
2025/04/21 10:05:46 Sent {"src":"n3","dest":"n4","body":{"already_seen":false,"in_reply_to":9,"msg_id":22,"seen_nodes":["n3","n4","n1","n2","n0"],"type":"gossip_ok"}}
2025/04/21 10:05:46 Sent {"src":"n3","dest":"n0","body":{"already_seen":true,"in_reply_to":10,"msg_id":23,"seen_nodes":["n3","n4","n1","n2","n0"],"type":"gossip_ok"}}
2025/04/21 10:05:46 Received {n0 n3 {"already_seen":true,"in_reply_to":9,"msg_id":27,"seen_nodes":["n0","n1","n2","n4","n3"],"type":"gossip_ok"}}
2025/04/21 10:05:46 Received {c13 n3 {"type":"read","msg_id":4}}
2025/04/21 10:05:46 Sent {"src":"n3","dest":"c13","body":{"in_reply_to":4,"messages":[0,1,2,3,4,5,6,7],"msg_id":24,"type":"read_ok"}}
2025/04/21 10:05:46 Received {n4 n3 {"data_id":"c14_4","message":8,"msg_id":11,"seen_nodes":["n4","n1","n3"],"type":"gossip"}}
2025/04/21 10:05:46 Sent {"src":"n3","dest":"n0","body":{"data_id":"c14_4","message":8,"msg_id":10,"seen_nodes":["n3","n4","n1","n0"],"type":"gossip"}}
2025/04/21 10:05:46 Sent {"src":"n3","dest":"n4","body":{"already_seen":false,"in_reply_to":11,"msg_id":26,"seen_nodes":["n3","n4","n1","n0"],"type":"gossip_ok"}}
2025/04/21 10:05:46 Received {n0 n3 {"data_id":"c14_4","message":8,"msg_id":11,"seen_nodes":["n0","n1","n4","n2","n3"],"type":"gossip"}}
2025/04/21 10:05:46 Sent {"src":"n3","dest":"n0","body":{"already_seen":true,"in_reply_to":11,"msg_id":27,"seen_nodes":["n3","n4","n1","n0"],"type":"gossip_ok"}}
2025/04/21 10:05:46 Received {n0 n3 {"already_seen":true,"in_reply_to":10,"msg_id":30,"seen_nodes":["n0","n1","n4","n2","n3"],"type":"gossip_ok"}}
2025/04/21 10:05:46 Received {n0 n3 {"data_id":"c10_8","message":9,"msg_id":12,"seen_nodes":["n0","n3"],"type":"gossip"}}
2025/04/21 10:05:46 Sent {"src":"n3","dest":"n4","body":{"data_id":"c10_8","message":9,"msg_id":11,"seen_nodes":["n3","n0","n4"],"type":"gossip"}}
2025/04/21 10:05:46 Sent {"src":"n3","dest":"n0","body":{"already_seen":false,"in_reply_to":12,"msg_id":29,"seen_nodes":["n3","n0","n4"],"type":"gossip_ok"}}
2025/04/21 10:05:46 Received {n4 n3 {"already_seen":false,"in_reply_to":11,"msg_id":28,"seen_nodes":["n4","n3","n0","n1"],"type":"gossip_ok"}}
2025/04/21 10:05:46 Received {c13 n3 {"type":"broadcast","message":10,"msg_id":5}}
2025/04/21 10:05:46 Sent {"src":"n3","dest":"n0","body":{"data_id":"c13_5","message":10,"msg_id":12,"seen_nodes":["n3","n0"],"type":"gossip"}}
2025/04/21 10:05:46 Sent {"src":"n3","dest":"n4","body":{"data_id":"c13_5","message":10,"msg_id":13,"seen_nodes":["n3","n0","n4"],"type":"gossip"}}
2025/04/21 10:05:46 Sent {"src":"n3","dest":"c13","body":{"in_reply_to":5,"msg_id":32,"type":"broadcast_ok"}}
2025/04/21 10:05:46 Received {n0 n3 {"already_seen":false,"in_reply_to":12,"msg_id":36,"seen_nodes":["n0","n3","n1"],"type":"gossip_ok"}}
2025/04/21 10:05:46 Received {n4 n3 {"already_seen":false,"in_reply_to":13,"msg_id":31,"seen_nodes":["n4","n3","n0","n1"],"type":"gossip_ok"}}
2025/04/21 10:05:47 Received {n4 n3 {"data_id":"c11_6","message":11,"msg_id":14,"seen_nodes":["n4","n1","n3"],"type":"gossip"}}
2025/04/21 10:05:47 Sent {"src":"n3","dest":"n0","body":{"data_id":"c11_6","message":11,"msg_id":14,"seen_nodes":["n3","n4","n1","n0"],"type":"gossip"}}
2025/04/21 10:05:47 Sent {"src":"n3","dest":"n4","body":{"already_seen":false,"in_reply_to":14,"msg_id":34,"seen_nodes":["n3","n4","n1","n0"],"type":"gossip_ok"}}
2025/04/21 10:05:47 Received {n0 n3 {"data_id":"c11_6","message":11,"msg_id":15,"seen_nodes":["n0","n1","n4","n2","n3"],"type":"gossip"}}
2025/04/21 10:05:47 Sent {"src":"n3","dest":"n0","body":{"already_seen":true,"in_reply_to":15,"msg_id":35,"seen_nodes":["n3","n4","n1","n0"],"type":"gossip_ok"}}
2025/04/21 10:05:47 Received {n0 n3 {"already_seen":true,"in_reply_to":14,"msg_id":41,"seen_nodes":["n0","n1","n4","n2","n3"],"type":"gossip_ok"}}
2025/04/21 10:05:47 Received {n4 n3 {"data_id":"c12_6","message":12,"msg_id":15,"seen_nodes":["n4","n1","n2","n3"],"type":"gossip"}}
2025/04/21 10:05:47 Received {n0 n3 {"data_id":"c12_6","message":12,"msg_id":16,"seen_nodes":["n0","n1","n2","n4","n3"],"type":"gossip"}}
2025/04/21 10:05:47 Sent {"src":"n3","dest":"n0","body":{"data_id":"c12_6","message":12,"msg_id":15,"seen_nodes":["n3","n4","n1","n2","n0"],"type":"gossip"}}
2025/04/21 10:05:47 Sent {"src":"n3","dest":"n4","body":{"already_seen":false,"in_reply_to":15,"msg_id":37,"seen_nodes":["n3","n4","n1","n2","n0"],"type":"gossip_ok"}}
2025/04/21 10:05:47 Sent {"src":"n3","dest":"n0","body":{"already_seen":true,"in_reply_to":16,"msg_id":38,"seen_nodes":["n3","n4","n1","n2","n0"],"type":"gossip_ok"}}
2025/04/21 10:05:47 Received {n0 n3 {"already_seen":true,"in_reply_to":15,"msg_id":44,"seen_nodes":["n0","n1","n2","n4","n3"],"type":"gossip_ok"}}
2025/04/21 10:05:47 Received {c13 n3 {"type":"broadcast","message":13,"msg_id":6}}
2025/04/21 10:05:47 Sent {"src":"n3","dest":"n0","body":{"data_id":"c13_6","message":13,"msg_id":16,"seen_nodes":["n3","n0"],"type":"gossip"}}
2025/04/21 10:05:47 Sent {"src":"n3","dest":"n4","body":{"data_id":"c13_6","message":13,"msg_id":17,"seen_nodes":["n3","n0","n4"],"type":"gossip"}}
2025/04/21 10:05:47 Sent {"src":"n3","dest":"c13","body":{"in_reply_to":6,"msg_id":41,"type":"broadcast_ok"}}
2025/04/21 10:05:47 Received {n0 n3 {"already_seen":false,"in_reply_to":16,"msg_id":46,"seen_nodes":["n0","n3","n1"],"type":"gossip_ok"}}
2025/04/21 10:05:47 Received {n4 n3 {"already_seen":false,"in_reply_to":17,"msg_id":39,"seen_nodes":["n4","n3","n0","n1"],"type":"gossip_ok"}}
2025/04/21 10:05:47 Received {n0 n3 {"data_id":"c10_12","message":14,"msg_id":18,"seen_nodes":["n0","n3"],"type":"gossip"}}
2025/04/21 10:05:47 Sent {"src":"n3","dest":"n4","body":{"data_id":"c10_12","message":14,"msg_id":18,"seen_nodes":["n3","n0","n4"],"type":"gossip"}}
2025/04/21 10:05:47 Sent {"src":"n3","dest":"n0","body":{"already_seen":false,"in_reply_to":18,"msg_id":43,"seen_nodes":["n3","n0","n4"],"type":"gossip_ok"}}
2025/04/21 10:05:47 Received {n4 n3 {"already_seen":false,"in_reply_to":18,"msg_id":44,"seen_nodes":["n4","n3","n0","n1"],"type":"gossip_ok"}}
2025/04/21 10:05:47 Received {n0 n3 {"data_id":"c10_13","message":15,"msg_id":20,"seen_nodes":["n0","n3"],"type":"gossip"}}
2025/04/21 10:05:47 Sent {"src":"n3","dest":"n4","body":{"data_id":"c10_13","message":15,"msg_id":19,"seen_nodes":["n3","n0","n4"],"type":"gossip"}}
2025/04/21 10:05:47 Sent {"src":"n3","dest":"n0","body":{"already_seen":false,"in_reply_to":20,"msg_id":45,"seen_nodes":["n3","n0","n4"],"type":"gossip_ok"}}
2025/04/21 10:05:47 Received {n4 n3 {"already_seen":true,"in_reply_to":19,"msg_id":46,"seen_nodes":["n4","n1","n0","n3"],"type":"gossip_ok"}}
2025/04/21 10:05:47 Received {n4 n3 {"data_id":"c11_7","message":16,"msg_id":18,"seen_nodes":["n4","n1","n3"],"type":"gossip"}}
2025/04/21 10:05:47 Received {n0 n3 {"data_id":"c11_7","message":16,"msg_id":22,"seen_nodes":["n0","n1","n4","n2","n3"],"type":"gossip"}}
2025/04/21 10:05:47 Sent {"src":"n3","dest":"n0","body":{"data_id":"c11_7","message":16,"msg_id":20,"seen_nodes":["n3","n4","n1","n0"],"type":"gossip"}}
2025/04/21 10:05:47 Sent {"src":"n3","dest":"n4","body":{"already_seen":false,"in_reply_to":18,"msg_id":47,"seen_nodes":["n3","n4","n1","n0"],"type":"gossip_ok"}}
2025/04/21 10:05:47 Sent {"src":"n3","dest":"n0","body":{"already_seen":true,"in_reply_to":22,"msg_id":48,"seen_nodes":["n3","n4","n1","n0"],"type":"gossip_ok"}}
2025/04/21 10:05:47 Received {n0 n3 {"already_seen":true,"in_reply_to":20,"msg_id":55,"seen_nodes":["n0","n1","n4","n2","n3"],"type":"gossip_ok"}}
2025/04/21 10:05:47 Received {n0 n3 {"data_id":"c12_7","message":17,"msg_id":23,"seen_nodes":["n0","n1","n2","n4","n3"],"type":"gossip"}}
2025/04/21 10:05:47 Received {n4 n3 {"data_id":"c12_7","message":17,"msg_id":19,"seen_nodes":["n4","n1","n2","n3"],"type":"gossip"}}
2025/04/21 10:05:47 Sent {"src":"n3","dest":"n0","body":{"data_id":"c12_7","message":17,"msg_id":21,"seen_nodes":["n3","n4","n1","n2","n0"],"type":"gossip"}}
2025/04/21 10:05:47 Sent {"src":"n3","dest":"n4","body":{"already_seen":false,"in_reply_to":19,"msg_id":51,"seen_nodes":["n3","n4","n1","n2","n0"],"type":"gossip_ok"}}
2025/04/21 10:05:47 Sent {"src":"n3","dest":"n0","body":{"already_seen":true,"in_reply_to":23,"msg_id":50,"seen_nodes":["n3","n4","n1","n2","n0"],"type":"gossip_ok"}}
2025/04/21 10:05:47 Received {n0 n3 {"already_seen":true,"in_reply_to":21,"msg_id":58,"seen_nodes":["n0","n1","n2","n4","n3"],"type":"gossip_ok"}}
2025/04/21 10:05:48 Received {c13 n3 {"type":"read","msg_id":7}}
2025/04/21 10:05:48 Sent {"src":"n3","dest":"c13","body":{"in_reply_to":7,"messages":[3,8,9,10,17,0,1,2,4,5,6,12,14,7,11,13,15,16],"msg_id":52,"type":"read_ok"}}
2025/04/21 10:05:48 Received {n4 n3 {"data_id":"c14_7","message":18,"msg_id":21,"seen_nodes":["n4","n1","n3"],"type":"gossip"}}
2025/04/21 10:05:48 Sent {"src":"n3","dest":"n0","body":{"data_id":"c14_7","message":18,"msg_id":22,"seen_nodes":["n3","n4","n1","n0"],"type":"gossip"}}
2025/04/21 10:05:48 Sent {"src":"n3","dest":"n4","body":{"already_seen":false,"in_reply_to":21,"msg_id":54,"seen_nodes":["n3","n4","n1","n0"],"type":"gossip_ok"}}
2025/04/21 10:05:48 Received {n0 n3 {"already_seen":false,"in_reply_to":22,"msg_id":59,"seen_nodes":["n0","n3","n4","n1"],"type":"gossip_ok"}}
2025/04/21 10:05:48 Received {n0 n3 {"data_id":"c10_14","message":19,"msg_id":24,"seen_nodes":["n0","n3"],"type":"gossip"}}
2025/04/21 10:05:48 Sent {"src":"n3","dest":"n4","body":{"data_id":"c10_14","message":19,"msg_id":23,"seen_nodes":["n3","n0","n4"],"type":"gossip"}}
2025/04/21 10:05:48 Sent {"src":"n3","dest":"n0","body":{"already_seen":false,"in_reply_to":24,"msg_id":56,"seen_nodes":["n3","n0","n4"],"type":"gossip_ok"}}
2025/04/21 10:05:48 Received {n4 n3 {"already_seen":false,"in_reply_to":23,"msg_id":56,"seen_nodes":["n4","n3","n0","n1"],"type":"gossip_ok"}}
2025/04/21 10:05:48 Received {n4 n3 {"data_id":"c12_8","message":20,"msg_id":23,"seen_nodes":["n4","n1","n2","n3"],"type":"gossip"}}
2025/04/21 10:05:48 Received {n0 n3 {"data_id":"c12_8","message":20,"msg_id":26,"seen_nodes":["n0","n1","n2","n4","n3"],"type":"gossip"}}
2025/04/21 10:05:48 Sent {"src":"n3","dest":"n0","body":{"data_id":"c12_8","message":20,"msg_id":24,"seen_nodes":["n3","n4","n1","n2","n0"],"type":"gossip"}}
2025/04/21 10:05:48 Sent {"src":"n3","dest":"n0","body":{"already_seen":true,"in_reply_to":26,"msg_id":58,"seen_nodes":["n3","n4","n1","n2","n0"],"type":"gossip_ok"}}
2025/04/21 10:05:48 Sent {"src":"n3","dest":"n4","body":{"already_seen":false,"in_reply_to":23,"msg_id":59,"seen_nodes":["n3","n4","n1","n2","n0"],"type":"gossip_ok"}}
2025/04/21 10:05:48 Received {n0 n3 {"already_seen":true,"in_reply_to":24,"msg_id":67,"seen_nodes":["n0","n1","n2","n4","n3"],"type":"gossip_ok"}}
2025/04/21 10:05:48 Received {c13 n3 {"type":"read","msg_id":8}}
2025/04/21 10:05:48 Sent {"src":"n3","dest":"c13","body":{"in_reply_to":8,"messages":[12,14,18,16,7,11,13,15,17,20,3,8,9,10,5,6,19,0,1,2,4],"msg_id":60,"type":"read_ok"}}
2025/04/21 10:05:48 Received {n4 n3 {"data_id":"c14_8","message":21,"msg_id":25,"seen_nodes":["n4","n1","n3"],"type":"gossip"}}
2025/04/21 10:05:48 Sent {"src":"n3","dest":"n0","body":{"data_id":"c14_8","message":21,"msg_id":25,"seen_nodes":["n3","n4","n1","n0"],"type":"gossip"}}
2025/04/21 10:05:48 Sent {"src":"n3","dest":"n4","body":{"already_seen":false,"in_reply_to":25,"msg_id":62,"seen_nodes":["n3","n4","n1","n0"],"type":"gossip_ok"}}
2025/04/21 10:05:48 Received {n0 n3 {"data_id":"c14_8","message":21,"msg_id":27,"seen_nodes":["n0","n1","n4","n2","n3"],"type":"gossip"}}
2025/04/21 10:05:48 Sent {"src":"n3","dest":"n0","body":{"already_seen":true,"in_reply_to":27,"msg_id":63,"seen_nodes":["n3","n4","n1","n0"],"type":"gossip_ok"}}
2025/04/21 10:05:48 Received {n0 n3 {"already_seen":true,"in_reply_to":25,"msg_id":70,"seen_nodes":["n0","n1","n4","n2","n3"],"type":"gossip_ok"}}
2025/04/21 10:05:49 Received {n4 n3 {"data_id":"c11_9","message":22,"msg_id":26,"seen_nodes":["n4","n1","n3"],"type":"gossip"}}
2025/04/21 10:05:49 Received {n0 n3 {"data_id":"c11_9","message":22,"msg_id":28,"seen_nodes":["n0","n1","n4","n2","n3"],"type":"gossip"}}
2025/04/21 10:05:49 Sent {"src":"n3","dest":"n0","body":{"data_id":"c11_9","message":22,"msg_id":26,"seen_nodes":["n3","n4","n1","n0"],"type":"gossip"}}
2025/04/21 10:05:49 Sent {"src":"n3","dest":"n0","body":{"already_seen":true,"in_reply_to":28,"msg_id":65,"seen_nodes":["n3","n4","n1","n0"],"type":"gossip_ok"}}
2025/04/21 10:05:49 Sent {"src":"n3","dest":"n4","body":{"already_seen":false,"in_reply_to":26,"msg_id":66,"seen_nodes":["n3","n4","n1","n0"],"type":"gossip_ok"}}
2025/04/21 10:05:49 Received {n0 n3 {"already_seen":true,"in_reply_to":26,"msg_id":75,"seen_nodes":["n0","n1","n4","n2","n3"],"type":"gossip_ok"}}
2025/04/21 10:05:49 Received {c13 n3 {"type":"broadcast","message":23,"msg_id":9}}
2025/04/21 10:05:49 Sent {"src":"n3","dest":"n0","body":{"data_id":"c13_9","message":23,"msg_id":27,"seen_nodes":["n3","n0"],"type":"gossip"}}
2025/04/21 10:05:49 Sent {"src":"n3","dest":"n4","body":{"data_id":"c13_9","message":23,"msg_id":28,"seen_nodes":["n3","n0","n4"],"type":"gossip"}}
2025/04/21 10:05:49 Sent {"src":"n3","dest":"c13","body":{"in_reply_to":9,"msg_id":69,"type":"broadcast_ok"}}
2025/04/21 10:05:49 Received {n0 n3 {"already_seen":false,"in_reply_to":27,"msg_id":77,"seen_nodes":["n0","n3","n1"],"type":"gossip_ok"}}
2025/04/21 10:05:49 Received {n4 n3 {"already_seen":false,"in_reply_to":28,"msg_id":65,"seen_nodes":["n4","n3","n0","n1"],"type":"gossip_ok"}}
2025/04/21 10:05:49 Received {n0 n3 {"data_id":"c10_18","message":24,"msg_id":30,"seen_nodes":["n0","n3"],"type":"gossip"}}
2025/04/21 10:05:49 Sent {"src":"n3","dest":"n4","body":{"data_id":"c10_18","message":24,"msg_id":29,"seen_nodes":["n3","n0","n4"],"type":"gossip"}}
2025/04/21 10:05:49 Sent {"src":"n3","dest":"n0","body":{"already_seen":false,"in_reply_to":30,"msg_id":71,"seen_nodes":["n3","n0","n4"],"type":"gossip_ok"}}
2025/04/21 10:05:49 Received {n4 n3 {"already_seen":false,"in_reply_to":29,"msg_id":69,"seen_nodes":["n4","n3","n0","n1"],"type":"gossip_ok"}}
2025/04/21 10:05:49 Received {n4 n3 {"data_id":"c11_10","message":25,"msg_id":29,"seen_nodes":["n4","n1","n3"],"type":"gossip"}}
2025/04/21 10:05:49 Sent {"src":"n3","dest":"n0","body":{"data_id":"c11_10","message":25,"msg_id":30,"seen_nodes":["n3","n4","n1","n0"],"type":"gossip"}}
2025/04/21 10:05:49 Received {n0 n3 {"data_id":"c11_10","message":25,"msg_id":32,"seen_nodes":["n0","n1","n4","n2","n3"],"type":"gossip"}}
2025/04/21 10:05:49 Sent {"src":"n3","dest":"n4","body":{"already_seen":false,"in_reply_to":29,"msg_id":73,"seen_nodes":["n3","n4","n1","n0"],"type":"gossip_ok"}}
2025/04/21 10:05:49 Sent {"src":"n3","dest":"n0","body":{"already_seen":true,"in_reply_to":32,"msg_id":74,"seen_nodes":["n3","n4","n1","n0"],"type":"gossip_ok"}}
2025/04/21 10:05:49 Received {n0 n3 {"already_seen":true,"in_reply_to":30,"msg_id":84,"seen_nodes":["n0","n1","n4","n2","n3"],"type":"gossip_ok"}}
2025/04/21 10:05:49 Received {n4 n3 {"data_id":"c12_10","message":26,"msg_id":30,"seen_nodes":["n4","n1","n2","n3"],"type":"gossip"}}
2025/04/21 10:05:49 Received {n0 n3 {"data_id":"c12_10","message":26,"msg_id":33,"seen_nodes":["n0","n1","n2","n4","n3"],"type":"gossip"}}
2025/04/21 10:05:49 Sent {"src":"n3","dest":"n0","body":{"data_id":"c12_10","message":26,"msg_id":31,"seen_nodes":["n3","n4","n1","n2","n0"],"type":"gossip"}}
2025/04/21 10:05:49 Sent {"src":"n3","dest":"n0","body":{"already_seen":true,"in_reply_to":33,"msg_id":76,"seen_nodes":["n3","n4","n1","n2","n0"],"type":"gossip_ok"}}
2025/04/21 10:05:49 Sent {"src":"n3","dest":"n4","body":{"already_seen":false,"in_reply_to":30,"msg_id":77,"seen_nodes":["n3","n4","n1","n2","n0"],"type":"gossip_ok"}}
2025/04/21 10:05:49 Received {n0 n3 {"already_seen":true,"in_reply_to":31,"msg_id":87,"seen_nodes":["n0","n1","n2","n4","n3"],"type":"gossip_ok"}}
2025/04/21 10:05:50 Received {c13 n3 {"type":"read","msg_id":10}}
2025/04/21 10:05:50 Sent {"src":"n3","dest":"c13","body":{"in_reply_to":10,"messages":[8,10,20,4,5,26,2,14,18,21,25,12,23,13,9,17,3,1,6,19,0,22,11,15,16,24,7],"msg_id":78,"type":"read_ok"}}
2025/04/21 10:05:50 Received {n4 n3 {"data_id":"c14_10","message":27,"msg_id":32,"seen_nodes":["n4","n1","n3"],"type":"gossip"}}
2025/04/21 10:05:50 Sent {"src":"n3","dest":"n0","body":{"data_id":"c14_10","message":27,"msg_id":32,"seen_nodes":["n3","n4","n1","n0"],"type":"gossip"}}
2025/04/21 10:05:50 Sent {"src":"n3","dest":"n4","body":{"already_seen":false,"in_reply_to":32,"msg_id":80,"seen_nodes":["n3","n4","n1","n0"],"type":"gossip_ok"}}
2025/04/21 10:05:50 Received {n0 n3 {"already_seen":false,"in_reply_to":32,"msg_id":88,"seen_nodes":["n0","n3","n4","n1"],"type":"gossip_ok"}}
2025/04/21 10:05:50 Received {n0 n3 {"data_id":"c10_21","message":28,"msg_id":34,"seen_nodes":["n0","n3"],"type":"gossip"}}
2025/04/21 10:05:50 Sent {"src":"n3","dest":"n4","body":{"data_id":"c10_21","message":28,"msg_id":33,"seen_nodes":["n3","n0","n4"],"type":"gossip"}}
2025/04/21 10:05:50 Sent {"src":"n3","dest":"n0","body":{"already_seen":false,"in_reply_to":34,"msg_id":82,"seen_nodes":["n3","n0","n4"],"type":"gossip_ok"}}
2025/04/21 10:05:50 Received {n4 n3 {"already_seen":false,"in_reply_to":33,"msg_id":80,"seen_nodes":["n4","n3","n0","n1"],"type":"gossip_ok"}}
2025/04/21 10:05:50 Received {c13 n3 {"type":"broadcast","message":29,"msg_id":11}}
2025/04/21 10:05:50 Sent {"src":"n3","dest":"n0","body":{"data_id":"c13_11","message":29,"msg_id":34,"seen_nodes":["n3","n0"],"type":"gossip"}}
2025/04/21 10:05:50 Sent {"src":"n3","dest":"n4","body":{"data_id":"c13_11","message":29,"msg_id":35,"seen_nodes":["n3","n0","n4"],"type":"gossip"}}
2025/04/21 10:05:50 Sent {"src":"n3","dest":"c13","body":{"in_reply_to":11,"msg_id":85,"type":"broadcast_ok"}}
2025/04/21 10:05:50 Received {n0 n3 {"already_seen":false,"in_reply_to":34,"msg_id":95,"seen_nodes":["n0","n3","n1"],"type":"gossip_ok"}}
2025/04/21 10:05:50 Received {n4 n3 {"already_seen":false,"in_reply_to":35,"msg_id":82,"seen_nodes":["n4","n3","n0","n1"],"type":"gossip_ok"}}
2025/04/21 10:05:51 Received {n4 n3 {"data_id":"c11_12","message":30,"msg_id":35,"seen_nodes":["n4","n1","n3"],"type":"gossip"}}
2025/04/21 10:05:51 Sent {"src":"n3","dest":"n0","body":{"data_id":"c11_12","message":30,"msg_id":36,"seen_nodes":["n3","n4","n1","n0"],"type":"gossip"}}
2025/04/21 10:05:51 Sent {"src":"n3","dest":"n4","body":{"already_seen":false,"in_reply_to":35,"msg_id":87,"seen_nodes":["n3","n4","n1","n0"],"type":"gossip_ok"}}
2025/04/21 10:05:51 Received {n0 n3 {"data_id":"c11_12","message":30,"msg_id":37,"seen_nodes":["n0","n1","n4","n2","n3"],"type":"gossip"}}
2025/04/21 10:05:51 Sent {"src":"n3","dest":"n0","body":{"already_seen":true,"in_reply_to":37,"msg_id":88,"seen_nodes":["n3","n4","n1","n0"],"type":"gossip_ok"}}
2025/04/21 10:05:51 Received {n0 n3 {"already_seen":true,"in_reply_to":36,"msg_id":100,"seen_nodes":["n0","n1","n4","n2","n3"],"type":"gossip_ok"}}
2025/04/21 10:05:51 Received {n0 n3 {"data_id":"c12_12","message":31,"msg_id":38,"seen_nodes":["n0","n1","n2","n4","n3"],"type":"gossip"}}
2025/04/21 10:05:51 Received {n4 n3 {"data_id":"c12_12","message":31,"msg_id":36,"seen_nodes":["n4","n1","n2","n3"],"type":"gossip"}}
2025/04/21 10:05:51 Sent {"src":"n3","dest":"n0","body":{"already_seen":false,"in_reply_to":38,"msg_id":89,"seen_nodes":["n3","n0","n1","n2","n4"],"type":"gossip_ok"}}
2025/04/21 10:05:51 Sent {"src":"n3","dest":"n4","body":{"already_seen":true,"in_reply_to":36,"msg_id":90,"seen_nodes":["n3","n0","n1","n2","n4"],"type":"gossip_ok"}}
2025/04/21 10:05:51 Received {c13 n3 {"type":"read","msg_id":12}}
2025/04/21 10:05:51 Sent {"src":"n3","dest":"c13","body":{"in_reply_to":12,"messages":[2,4,5,26,29,12,14,18,21,25,13,23,27,30,3,9,17,0,1,6,19,28,22,7,11,15,16,24,31,8,10,20],"msg_id":91,"type":"read_ok"}}
2025/04/21 10:05:51 Received {n0 n3 {"data_id":"c10_24","message":32,"msg_id":39,"seen_nodes":["n0","n3"],"type":"gossip"}}
2025/04/21 10:05:51 Sent {"src":"n3","dest":"n4","body":{"data_id":"c10_24","message":32,"msg_id":37,"seen_nodes":["n3","n0","n4"],"type":"gossip"}}
2025/04/21 10:05:51 Sent {"src":"n3","dest":"n0","body":{"already_seen":false,"in_reply_to":39,"msg_id":93,"seen_nodes":["n3","n0","n4"],"type":"gossip_ok"}}
2025/04/21 10:05:51 Received {n4 n3 {"already_seen":false,"in_reply_to":37,"msg_id":92,"seen_nodes":["n4","n3","n0","n1"],"type":"gossip_ok"}}
2025/04/21 10:05:51 Received {n4 n3 {"data_id":"c12_13","message":33,"msg_id":38,"seen_nodes":["n4","n1","n2","n3"],"type":"gossip"}}
2025/04/21 10:05:51 Received {n0 n3 {"data_id":"c12_13","message":33,"msg_id":41,"seen_nodes":["n0","n1","n2","n4","n3"],"type":"gossip"}}
2025/04/21 10:05:51 Sent {"src":"n3","dest":"n0","body":{"data_id":"c12_13","message":33,"msg_id":38,"seen_nodes":["n3","n4","n1","n2","n0"],"type":"gossip"}}
2025/04/21 10:05:51 Sent {"src":"n3","dest":"n0","body":{"already_seen":true,"in_reply_to":41,"msg_id":95,"seen_nodes":["n3","n4","n1","n2","n0"],"type":"gossip_ok"}}
2025/04/21 10:05:51 Sent {"src":"n3","dest":"n4","body":{"already_seen":false,"in_reply_to":38,"msg_id":96,"seen_nodes":["n3","n4","n1","n2","n0"],"type":"gossip_ok"}}
2025/04/21 10:05:51 Received {n0 n3 {"already_seen":true,"in_reply_to":38,"msg_id":109,"seen_nodes":["n0","n1","n2","n4","n3"],"type":"gossip_ok"}}
2025/04/21 10:05:51 Received {c13 n3 {"type":"broadcast","message":34,"msg_id":13}}
2025/04/21 10:05:51 Sent {"src":"n3","dest":"n0","body":{"data_id":"c13_13","message":34,"msg_id":39,"seen_nodes":["n3","n0"],"type":"gossip"}}
2025/04/21 10:05:51 Sent {"src":"n3","dest":"n4","body":{"data_id":"c13_13","message":34,"msg_id":40,"seen_nodes":["n3","n0","n4"],"type":"gossip"}}
2025/04/21 10:05:51 Sent {"src":"n3","dest":"c13","body":{"in_reply_to":13,"msg_id":99,"type":"broadcast_ok"}}
2025/04/21 10:05:51 Received {n0 n3 {"already_seen":false,"in_reply_to":39,"msg_id":111,"seen_nodes":["n0","n3","n1"],"type":"gossip_ok"}}
2025/04/21 10:05:51 Received {n4 n3 {"already_seen":false,"in_reply_to":40,"msg_id":96,"seen_nodes":["n4","n3","n0","n1"],"type":"gossip_ok"}}
2025/04/21 10:05:52 Received {n4 n3 {"data_id":"c14_13","message":35,"msg_id":41,"seen_nodes":["n4","n1","n3"],"type":"gossip"}}
2025/04/21 10:05:52 Sent {"src":"n3","dest":"n0","body":{"data_id":"c14_13","message":35,"msg_id":41,"seen_nodes":["n3","n4","n1","n0"],"type":"gossip"}}
2025/04/21 10:05:52 Sent {"src":"n3","dest":"n4","body":{"already_seen":false,"in_reply_to":41,"msg_id":101,"seen_nodes":["n3","n4","n1","n0"],"type":"gossip_ok"}}
2025/04/21 10:05:52 Received {n0 n3 {"already_seen":false,"in_reply_to":41,"msg_id":112,"seen_nodes":["n0","n3","n4","n1"],"type":"gossip_ok"}}
2025/04/21 10:05:52 Received {n0 n3 {"data_id":"c10_26","message":36,"msg_id":43,"seen_nodes":["n0","n3"],"type":"gossip"}}
2025/04/21 10:05:52 Sent {"src":"n3","dest":"n4","body":{"data_id":"c10_26","message":36,"msg_id":42,"seen_nodes":["n3","n0","n4"],"type":"gossip"}}
2025/04/21 10:05:52 Sent {"src":"n3","dest":"n0","body":{"already_seen":false,"in_reply_to":43,"msg_id":103,"seen_nodes":["n3","n0","n4"],"type":"gossip_ok"}}
2025/04/21 10:05:52 Received {n4 n3 {"already_seen":true,"in_reply_to":42,"msg_id":102,"seen_nodes":["n4","n1","n0","n3"],"type":"gossip_ok"}}
2025/04/21 10:05:52 Received {n4 n3 {"data_id":"c11_14","message":37,"msg_id":42,"seen_nodes":["n4","n1","n3"],"type":"gossip"}}
2025/04/21 10:05:52 Received {n0 n3 {"data_id":"c11_14","message":37,"msg_id":45,"seen_nodes":["n0","n1","n4","n2","n3"],"type":"gossip"}}
2025/04/21 10:05:52 Sent {"src":"n3","dest":"n0","body":{"data_id":"c11_14","message":37,"msg_id":43,"seen_nodes":["n3","n4","n1","n0"],"type":"gossip"}}
2025/04/21 10:05:52 Sent {"src":"n3","dest":"n4","body":{"already_seen":false,"in_reply_to":42,"msg_id":105,"seen_nodes":["n3","n4","n1","n0"],"type":"gossip_ok"}}
2025/04/21 10:05:52 Sent {"src":"n3","dest":"n0","body":{"already_seen":true,"in_reply_to":45,"msg_id":106,"seen_nodes":["n3","n4","n1","n0"],"type":"gossip_ok"}}
2025/04/21 10:05:52 Received {n0 n3 {"already_seen":true,"in_reply_to":43,"msg_id":120,"seen_nodes":["n0","n1","n4","n2","n3"],"type":"gossip_ok"}}
2025/04/21 10:05:52 Received {n4 n3 {"data_id":"c12_14","message":38,"msg_id":43,"seen_nodes":["n4","n1","n2","n3"],"type":"gossip"}}
2025/04/21 10:05:52 Received {n0 n3 {"data_id":"c12_14","message":38,"msg_id":46,"seen_nodes":["n0","n1","n2","n4","n3"],"type":"gossip"}}
2025/04/21 10:05:52 Sent {"src":"n3","dest":"n0","body":{"data_id":"c12_14","message":38,"msg_id":44,"seen_nodes":["n3","n4","n1","n2","n0"],"type":"gossip"}}
2025/04/21 10:05:52 Sent {"src":"n3","dest":"n4","body":{"already_seen":false,"in_reply_to":43,"msg_id":109,"seen_nodes":["n3","n4","n1","n2","n0"],"type":"gossip_ok"}}
2025/04/21 10:05:52 Sent {"src":"n3","dest":"n0","body":{"already_seen":true,"in_reply_to":46,"msg_id":108,"seen_nodes":["n3","n4","n1","n2","n0"],"type":"gossip_ok"}}
2025/04/21 10:05:52 Received {n0 n3 {"already_seen":true,"in_reply_to":44,"msg_id":123,"seen_nodes":["n0","n1","n2","n4","n3"],"type":"gossip_ok"}}
2025/04/21 10:05:52 Received {c13 n3 {"type":"read","msg_id":14}}
2025/04/21 10:05:52 Sent {"src":"n3","dest":"c13","body":{"in_reply_to":14,"messages":[32,38,2,4,5,26,29,33,12,14,18,21,25,13,23,27,30,3,9,17,34,0,1,6,19,28,22,31,35,36,7,11,15,16,24,8,10,20,37],"msg_id":110,"type":"read_ok"}}
2025/04/21 10:05:52 Received {n0 n3 {"data_id":"c10_28","message":39,"msg_id":47,"seen_nodes":["n0","n3"],"type":"gossip"}}
2025/04/21 10:05:52 Sent {"src":"n3","dest":"n4","body":{"data_id":"c10_28","message":39,"msg_id":45,"seen_nodes":["n3","n0","n4"],"type":"gossip"}}
2025/04/21 10:05:52 Sent {"src":"n3","dest":"n0","body":{"already_seen":false,"in_reply_to":47,"msg_id":112,"seen_nodes":["n3","n0","n4"],"type":"gossip_ok"}}
2025/04/21 10:05:52 Received {n4 n3 {"already_seen":false,"in_reply_to":45,"msg_id":109,"seen_nodes":["n4","n3","n0","n1"],"type":"gossip_ok"}}
2025/04/21 10:05:53 Received {n0 n3 {"data_id":"c10_29","message":40,"msg_id":49,"seen_nodes":["n0","n3"],"type":"gossip"}}
2025/04/21 10:05:53 Sent {"src":"n3","dest":"n4","body":{"data_id":"c10_29","message":40,"msg_id":46,"seen_nodes":["n3","n0","n4"],"type":"gossip"}}
2025/04/21 10:05:53 Sent {"src":"n3","dest":"n0","body":{"already_seen":false,"in_reply_to":49,"msg_id":114,"seen_nodes":["n3","n0","n4"],"type":"gossip_ok"}}
2025/04/21 10:05:53 Received {n4 n3 {"already_seen":false,"in_reply_to":46,"msg_id":112,"seen_nodes":["n4","n3","n0","n1"],"type":"gossip_ok"}}
2025/04/21 10:05:53 Received {n4 n3 {"data_id":"c11_15","message":41,"msg_id":46,"seen_nodes":["n4","n1","n3"],"type":"gossip"}}
2025/04/21 10:05:53 Received {n0 n3 {"data_id":"c11_15","message":41,"msg_id":51,"seen_nodes":["n0","n1","n4","n2","n3"],"type":"gossip"}}
2025/04/21 10:05:53 Sent {"src":"n3","dest":"n0","body":{"already_seen":false,"in_reply_to":51,"msg_id":116,"seen_nodes":["n3","n0","n1","n4","n2"],"type":"gossip_ok"}}
2025/04/21 10:05:53 Sent {"src":"n3","dest":"n4","body":{"already_seen":true,"in_reply_to":46,"msg_id":115,"seen_nodes":["n3","n0","n1","n4","n2"],"type":"gossip_ok"}}
2025/04/21 10:05:53 Received {n0 n3 {"data_id":"c12_15","message":42,"msg_id":52,"seen_nodes":["n0","n1","n2","n4","n3"],"type":"gossip"}}
2025/04/21 10:05:53 Received {n4 n3 {"data_id":"c12_15","message":42,"msg_id":47,"seen_nodes":["n4","n1","n2","n3"],"type":"gossip"}}
2025/04/21 10:05:53 Sent {"src":"n3","dest":"n0","body":{"already_seen":false,"in_reply_to":52,"msg_id":117,"seen_nodes":["n3","n0","n1","n2","n4"],"type":"gossip_ok"}}
2025/04/21 10:05:53 Sent {"src":"n3","dest":"n4","body":{"already_seen":true,"in_reply_to":47,"msg_id":118,"seen_nodes":["n3","n0","n1","n2","n4"],"type":"gossip_ok"}}
2025/04/21 10:05:53 Received {c13 n3 {"type":"broadcast","message":43,"msg_id":15}}
2025/04/21 10:05:53 Sent {"src":"n3","dest":"n0","body":{"data_id":"c13_15","message":43,"msg_id":47,"seen_nodes":["n3","n0"],"type":"gossip"}}
2025/04/21 10:05:53 Sent {"src":"n3","dest":"n4","body":{"data_id":"c13_15","message":43,"msg_id":48,"seen_nodes":["n3","n0","n4"],"type":"gossip"}}
2025/04/21 10:05:53 Sent {"src":"n3","dest":"c13","body":{"in_reply_to":15,"msg_id":121,"type":"broadcast_ok"}}
2025/04/21 10:05:53 Received {n0 n3 {"already_seen":false,"in_reply_to":47,"msg_id":135,"seen_nodes":["n0","n3","n1"],"type":"gossip_ok"}}
2025/04/21 10:05:53 Received {n4 n3 {"already_seen":false,"in_reply_to":48,"msg_id":119,"seen_nodes":["n4","n3","n0","n1"],"type":"gossip_ok"}}
2025/04/21 10:05:54 Received {c13 n3 {"type":"read","msg_id":16}}
2025/04/21 10:05:54 Sent {"src":"n3","dest":"c13","body":{"in_reply_to":16,"messages":[14,18,21,25,33,40,12,23,27,30,41,13,9,17,34,3,1,6,19,28,42,0,22,11,15,16,24,31,35,36,7,43,39,10,20,37,8,4,5,26,29,32,38,2],"msg_id":122,"type":"read_ok"}}
2025/04/21 10:05:54 Received {n4 n3 {"data_id":"c14_16","message":44,"msg_id":50,"seen_nodes":["n4","n1","n3"],"type":"gossip"}}
2025/04/21 10:05:54 Sent {"src":"n3","dest":"n0","body":{"data_id":"c14_16","message":44,"msg_id":49,"seen_nodes":["n3","n4","n1","n0"],"type":"gossip"}}
2025/04/21 10:05:54 Sent {"src":"n3","dest":"n4","body":{"already_seen":false,"in_reply_to":50,"msg_id":124,"seen_nodes":["n3","n4","n1","n0"],"type":"gossip_ok"}}
2025/04/21 10:05:54 Received {n0 n3 {"data_id":"c14_16","message":44,"msg_id":54,"seen_nodes":["n0","n1","n4","n2","n3"],"type":"gossip"}}
2025/04/21 10:05:54 Received {n0 n3 {"already_seen":true,"in_reply_to":49,"msg_id":139,"seen_nodes":["n0","n1","n4","n2","n3"],"type":"gossip_ok"}}
2025/04/21 10:05:54 Sent {"src":"n3","dest":"n0","body":{"already_seen":true,"in_reply_to":54,"msg_id":125,"seen_nodes":["n3","n4","n1","n0"],"type":"gossip_ok"}}
2025/04/21 10:05:54 Received {n0 n3 {"data_id":"c10_32","message":45,"msg_id":55,"seen_nodes":["n0","n3"],"type":"gossip"}}
2025/04/21 10:05:54 Sent {"src":"n3","dest":"n4","body":{"data_id":"c10_32","message":45,"msg_id":50,"seen_nodes":["n3","n0","n4"],"type":"gossip"}}
2025/04/21 10:05:54 Sent {"src":"n3","dest":"n0","body":{"already_seen":false,"in_reply_to":55,"msg_id":127,"seen_nodes":["n3","n0","n4"],"type":"gossip_ok"}}
2025/04/21 10:05:54 Received {n4 n3 {"already_seen":false,"in_reply_to":50,"msg_id":127,"seen_nodes":["n4","n3","n0","n1"],"type":"gossip_ok"}}
2025/04/21 10:05:54 Received {n0 n3 {"data_id":"c11_17","message":46,"msg_id":57,"seen_nodes":["n0","n1","n4","n2","n3"],"type":"gossip"}}
2025/04/21 10:05:54 Received {n4 n3 {"data_id":"c11_17","message":46,"msg_id":52,"seen_nodes":["n4","n1","n3"],"type":"gossip"}}
2025/04/21 10:05:54 Sent {"src":"n3","dest":"n0","body":{"already_seen":false,"in_reply_to":57,"msg_id":128,"seen_nodes":["n3","n0","n1","n4","n2"],"type":"gossip_ok"}}
2025/04/21 10:05:54 Sent {"src":"n3","dest":"n4","body":{"already_seen":true,"in_reply_to":52,"msg_id":129,"seen_nodes":["n3","n0","n1","n4","n2"],"type":"gossip_ok"}}
2025/04/21 10:05:54 Received {n4 n3 {"data_id":"c11_18","message":47,"msg_id":53,"seen_nodes":["n4","n1","n3"],"type":"gossip"}}
2025/04/21 10:05:54 Received {n0 n3 {"data_id":"c11_18","message":47,"msg_id":58,"seen_nodes":["n0","n1","n4","n2","n3"],"type":"gossip"}}
2025/04/21 10:05:54 Sent {"src":"n3","dest":"n0","body":{"data_id":"c11_18","message":47,"msg_id":51,"seen_nodes":["n3","n4","n1","n0"],"type":"gossip"}}
2025/04/21 10:05:54 Sent {"src":"n3","dest":"n4","body":{"already_seen":false,"in_reply_to":53,"msg_id":132,"seen_nodes":["n3","n4","n1","n0"],"type":"gossip_ok"}}
2025/04/21 10:05:54 Sent {"src":"n3","dest":"n0","body":{"already_seen":true,"in_reply_to":58,"msg_id":131,"seen_nodes":["n3","n4","n1","n0"],"type":"gossip_ok"}}
2025/04/21 10:05:54 Received {n0 n3 {"already_seen":true,"in_reply_to":51,"msg_id":148,"seen_nodes":["n0","n1","n4","n2","n3"],"type":"gossip_ok"}}
2025/04/21 10:05:54 Received {n4 n3 {"data_id":"c12_17","message":48,"msg_id":54,"seen_nodes":["n4","n1","n2","n3"],"type":"gossip"}}
2025/04/21 10:05:54 Received {n0 n3 {"data_id":"c12_17","message":48,"msg_id":59,"seen_nodes":["n0","n1","n2","n4","n3"],"type":"gossip"}}
2025/04/21 10:05:54 Sent {"src":"n3","dest":"n0","body":{"data_id":"c12_17","message":48,"msg_id":52,"seen_nodes":["n3","n4","n1","n2","n0"],"type":"gossip"}}
2025/04/21 10:05:54 Sent {"src":"n3","dest":"n0","body":{"already_seen":true,"in_reply_to":59,"msg_id":134,"seen_nodes":["n3","n4","n1","n2","n0"],"type":"gossip_ok"}}
2025/04/21 10:05:54 Sent {"src":"n3","dest":"n4","body":{"already_seen":false,"in_reply_to":54,"msg_id":135,"seen_nodes":["n3","n4","n1","n2","n0"],"type":"gossip_ok"}}
2025/04/21 10:05:54 Received {n0 n3 {"already_seen":true,"in_reply_to":52,"msg_id":151,"seen_nodes":["n0","n1","n2","n4","n3"],"type":"gossip_ok"}}
2025/04/21 10:05:54 Received {c13 n3 {"type":"broadcast","message":49,"msg_id":17}}
2025/04/21 10:05:54 Sent {"src":"n3","dest":"n0","body":{"data_id":"c13_17","message":49,"msg_id":53,"seen_nodes":["n3","n0"],"type":"gossip"}}
2025/04/21 10:05:54 Sent {"src":"n3","dest":"n4","body":{"data_id":"c13_17","message":49,"msg_id":54,"seen_nodes":["n3","n0","n4"],"type":"gossip"}}
2025/04/21 10:05:54 Sent {"src":"n3","dest":"c13","body":{"in_reply_to":17,"msg_id":138,"type":"broadcast_ok"}}
2025/04/21 10:05:54 Received {n0 n3 {"already_seen":false,"in_reply_to":53,"msg_id":153,"seen_nodes":["n0","n3","n1"],"type":"gossip_ok"}}
2025/04/21 10:05:54 Received {n4 n3 {"already_seen":false,"in_reply_to":54,"msg_id":135,"seen_nodes":["n4","n3","n0","n1"],"type":"gossip_ok"}}
2025/04/21 10:05:54 Received {n4 n3 {"data_id":"c14_17","message":50,"msg_id":57,"seen_nodes":["n4","n1","n3"],"type":"gossip"}}
2025/04/21 10:05:54 Sent {"src":"n3","dest":"n0","body":{"data_id":"c14_17","message":50,"msg_id":55,"seen_nodes":["n3","n4","n1","n0"],"type":"gossip"}}
2025/04/21 10:05:54 Sent {"src":"n3","dest":"n4","body":{"already_seen":false,"in_reply_to":57,"msg_id":140,"seen_nodes":["n3","n4","n1","n0"],"type":"gossip_ok"}}
2025/04/21 10:05:54 Received {n0 n3 {"already_seen":false,"in_reply_to":55,"msg_id":154,"seen_nodes":["n0","n3","n4","n1"],"type":"gossip_ok"}}
2025/04/21 10:05:55 Received {n0 n3 {"data_id":"c10_34","message":51,"msg_id":61,"seen_nodes":["n0","n3"],"type":"gossip"}}
2025/04/21 10:05:55 Sent {"src":"n3","dest":"n4","body":{"data_id":"c10_34","message":51,"msg_id":56,"seen_nodes":["n3","n0","n4"],"type":"gossip"}}
2025/04/21 10:05:55 Sent {"src":"n3","dest":"n0","body":{"already_seen":false,"in_reply_to":61,"msg_id":142,"seen_nodes":["n3","n0","n4"],"type":"gossip_ok"}}
2025/04/21 10:05:55 Received {n4 n3 {"already_seen":false,"in_reply_to":56,"msg_id":142,"seen_nodes":["n4","n3","n0","n1"],"type":"gossip_ok"}}
2025/04/21 10:05:55 Received {n0 n3 {"data_id":"c11_19","message":52,"msg_id":63,"seen_nodes":["n0","n1","n4","n2","n3"],"type":"gossip"}}
2025/04/21 10:05:55 Received {n4 n3 {"data_id":"c11_19","message":52,"msg_id":59,"seen_nodes":["n4","n1","n3"],"type":"gossip"}}
2025/04/21 10:05:55 Sent {"src":"n3","dest":"n0","body":{"already_seen":false,"in_reply_to":63,"msg_id":143,"seen_nodes":["n3","n0","n1","n4","n2"],"type":"gossip_ok"}}
2025/04/21 10:05:55 Sent {"src":"n3","dest":"n4","body":{"already_seen":true,"in_reply_to":59,"msg_id":144,"seen_nodes":["n3","n0","n1","n4","n2"],"type":"gossip_ok"}}
2025/04/21 10:05:55 Received {c13 n3 {"type":"broadcast","message":53,"msg_id":18}}
2025/04/21 10:05:55 Sent {"src":"n3","dest":"n0","body":{"data_id":"c13_18","message":53,"msg_id":57,"seen_nodes":["n3","n0"],"type":"gossip"}}
2025/04/21 10:05:55 Sent {"src":"n3","dest":"n4","body":{"data_id":"c13_18","message":53,"msg_id":58,"seen_nodes":["n3","n0","n4"],"type":"gossip"}}
2025/04/21 10:05:55 Sent {"src":"n3","dest":"c13","body":{"in_reply_to":18,"msg_id":147,"type":"broadcast_ok"}}
2025/04/21 10:05:55 Received {n0 n3 {"already_seen":false,"in_reply_to":57,"msg_id":163,"seen_nodes":["n0","n3","n1"],"type":"gossip_ok"}}
2025/04/21 10:05:55 Received {n4 n3 {"already_seen":false,"in_reply_to":58,"msg_id":146,"seen_nodes":["n4","n3","n0","n1"],"type":"gossip_ok"}}
2025/04/21 10:05:55 Received {n4 n3 {"data_id":"c14_18","message":54,"msg_id":62,"seen_nodes":["n4","n1","n3"],"type":"gossip"}}
2025/04/21 10:05:55 Sent {"src":"n3","dest":"n0","body":{"data_id":"c14_18","message":54,"msg_id":59,"seen_nodes":["n3","n4","n1","n0"],"type":"gossip"}}
2025/04/21 10:05:55 Sent {"src":"n3","dest":"n4","body":{"already_seen":false,"in_reply_to":62,"msg_id":149,"seen_nodes":["n3","n4","n1","n0"],"type":"gossip_ok"}}
2025/04/21 10:05:55 Received {n0 n3 {"already_seen":false,"in_reply_to":59,"msg_id":164,"seen_nodes":["n0","n3","n4","n1"],"type":"gossip_ok"}}
2025/04/21 10:05:55 Received {n4 n3 {"data_id":"c11_20","message":55,"msg_id":63,"seen_nodes":["n4","n1","n3"],"type":"gossip"}}
2025/04/21 10:05:55 Received {n0 n3 {"data_id":"c11_20","message":55,"msg_id":65,"seen_nodes":["n0","n1","n4","n2","n3"],"type":"gossip"}}
2025/04/21 10:05:55 Sent {"src":"n3","dest":"n0","body":{"data_id":"c11_20","message":55,"msg_id":60,"seen_nodes":["n3","n4","n1","n0"],"type":"gossip"}}
2025/04/21 10:05:55 Sent {"src":"n3","dest":"n4","body":{"already_seen":false,"in_reply_to":63,"msg_id":152,"seen_nodes":["n3","n4","n1","n0"],"type":"gossip_ok"}}
2025/04/21 10:05:55 Sent {"src":"n3","dest":"n0","body":{"already_seen":true,"in_reply_to":65,"msg_id":151,"seen_nodes":["n3","n4","n1","n0"],"type":"gossip_ok"}}
2025/04/21 10:05:55 Received {n0 n3 {"already_seen":true,"in_reply_to":60,"msg_id":170,"seen_nodes":["n0","n1","n4","n2","n3"],"type":"gossip_ok"}}
2025/04/21 10:05:56 Received {n4 n3 {"data_id":"c12_19","message":56,"msg_id":64,"seen_nodes":["n4","n1","n2","n3"],"type":"gossip"}}
2025/04/21 10:05:56 Received {n0 n3 {"data_id":"c12_19","message":56,"msg_id":66,"seen_nodes":["n0","n1","n2","n4","n3"],"type":"gossip"}}
2025/04/21 10:05:56 Sent {"src":"n3","dest":"n0","body":{"data_id":"c12_19","message":56,"msg_id":61,"seen_nodes":["n3","n4","n1","n2","n0"],"type":"gossip"}}
2025/04/21 10:05:56 Sent {"src":"n3","dest":"n4","body":{"already_seen":false,"in_reply_to":64,"msg_id":154,"seen_nodes":["n3","n4","n1","n2","n0"],"type":"gossip_ok"}}
2025/04/21 10:05:56 Sent {"src":"n3","dest":"n0","body":{"already_seen":true,"in_reply_to":66,"msg_id":155,"seen_nodes":["n3","n4","n1","n2","n0"],"type":"gossip_ok"}}
2025/04/21 10:05:56 Received {n0 n3 {"already_seen":true,"in_reply_to":61,"msg_id":173,"seen_nodes":["n0","n1","n2","n4","n3"],"type":"gossip_ok"}}
2025/04/21 10:05:56 Received {c13 n3 {"type":"read","msg_id":19}}
2025/04/21 10:05:56 Sent {"src":"n3","dest":"c13","body":{"in_reply_to":19,"messages":[15,24,36,8,20,54,56,5,29,25,14,23,27,46,48,1,6,19,50,47,35,39,43,55,7,11,16,31,10,37,52,38,51,2,4,26,32,33,40,12,18,21,45,53,13,30,41,44,3,9,17,34,0,28,42,22,49],"msg_id":156,"type":"read_ok"}}
2025/04/21 10:05:56 Received {n4 n3 {"data_id":"c14_19","message":57,"msg_id":66,"seen_nodes":["n4","n1","n3"],"type":"gossip"}}
2025/04/21 10:05:56 Sent {"src":"n3","dest":"n0","body":{"data_id":"c14_19","message":57,"msg_id":62,"seen_nodes":["n3","n4","n1","n0"],"type":"gossip"}}
2025/04/21 10:05:56 Sent {"src":"n3","dest":"n4","body":{"already_seen":false,"in_reply_to":66,"msg_id":158,"seen_nodes":["n3","n4","n1","n0"],"type":"gossip_ok"}}
2025/04/21 10:05:56 Received {n0 n3 {"already_seen":false,"in_reply_to":62,"msg_id":174,"seen_nodes":["n0","n3","n4","n1"],"type":"gossip_ok"}}
2025/04/21 10:05:56 Received {n4 n3 {"data_id":"c11_22","message":58,"msg_id":67,"seen_nodes":["n4","n1","n3"],"type":"gossip"}}
2025/04/21 10:05:56 Received {n0 n3 {"data_id":"c11_22","message":58,"msg_id":67,"seen_nodes":["n0","n1","n4","n2","n3"],"type":"gossip"}}
2025/04/21 10:05:56 Sent {"src":"n3","dest":"n0","body":{"already_seen":true,"in_reply_to":67,"msg_id":159,"seen_nodes":["n3","n4","n1"],"type":"gossip_ok"}}
2025/04/21 10:05:56 Sent {"src":"n3","dest":"n0","body":{"data_id":"c11_22","message":58,"msg_id":63,"seen_nodes":["n3","n4","n1","n0"],"type":"gossip"}}
2025/04/21 10:05:56 Sent {"src":"n3","dest":"n4","body":{"already_seen":false,"in_reply_to":67,"msg_id":161,"seen_nodes":["n3","n4","n1","n0","n2"],"type":"gossip_ok"}}
2025/04/21 10:05:56 Received {n0 n3 {"already_seen":true,"in_reply_to":63,"msg_id":179,"seen_nodes":["n0","n1","n4","n2","n3"],"type":"gossip_ok"}}
2025/04/21 10:05:56 Received {c13 n3 {"type":"read","msg_id":20}}
2025/04/21 10:05:56 Sent {"src":"n3","dest":"c13","body":{"in_reply_to":20,"messages":[51,2,4,26,32,38,12,18,21,33,40,53,13,30,41,44,45,3,9,17,34,0,28,42,22,49,57,15,24,36,8,20,54,56,5,29,14,25,23,27,46,48,58,1,6,19,50,47,39,43,55,7,11,16,31,35,10,37,52],"msg_id":162,"type":"read_ok"}}
2025/04/21 10:05:57 Received {n4 n3 {"data_id":"c12_21","message":59,"msg_id":68,"seen_nodes":["n4","n1","n2","n3"],"type":"gossip"}}
2025/04/21 10:05:57 Received {n0 n3 {"data_id":"c12_21","message":59,"msg_id":68,"seen_nodes":["n0","n1","n2","n4","n3"],"type":"gossip"}}
2025/04/21 10:05:57 Sent {"src":"n3","dest":"n0","body":{"data_id":"c12_21","message":59,"msg_id":64,"seen_nodes":["n3","n4","n1","n2","n0"],"type":"gossip"}}
2025/04/21 10:05:57 Sent {"src":"n3","dest":"n4","body":{"already_seen":false,"in_reply_to":68,"msg_id":165,"seen_nodes":["n3","n4","n1","n2","n0"],"type":"gossip_ok"}}
2025/04/21 10:05:57 Sent {"src":"n3","dest":"n0","body":{"already_seen":true,"in_reply_to":68,"msg_id":164,"seen_nodes":["n3","n4","n1","n2","n0"],"type":"gossip_ok"}}
2025/04/21 10:05:57 Received {n0 n3 {"already_seen":true,"in_reply_to":64,"msg_id":184,"seen_nodes":["n0","n1","n2","n4","n3"],"type":"gossip_ok"}}
2025/04/21 10:05:57 Received {c13 n3 {"type":"read","msg_id":21}}
2025/04/21 10:05:57 Sent {"src":"n3","dest":"c13","body":{"in_reply_to":21,"messages":[1,6,19,50,47,7,11,16,31,35,39,43,55,10,37,52,2,4,26,32,38,51,59,12,18,21,33,40,13,30,41,44,45,53,3,9,17,34,0,28,42,22,49,57,15,24,36,8,20,54,56,5,29,14,25,23,27,46,48,58],"msg_id":166,"type":"read_ok"}}
2025/04/21 10:05:57 Received {n4 n3 {"data_id":"c14_21","message":60,"msg_id":70,"seen_nodes":["n4","n1","n3"],"type":"gossip"}}
2025/04/21 10:05:57 Sent {"src":"n3","dest":"n0","body":{"data_id":"c14_21","message":60,"msg_id":65,"seen_nodes":["n3","n4","n1","n0"],"type":"gossip"}}
2025/04/21 10:05:57 Sent {"src":"n3","dest":"n4","body":{"already_seen":false,"in_reply_to":70,"msg_id":168,"seen_nodes":["n3","n4","n1","n0"],"type":"gossip_ok"}}
2025/04/21 10:05:57 Received {n0 n3 {"already_seen":false,"in_reply_to":65,"msg_id":185,"seen_nodes":["n0","n3","n4","n1"],"type":"gossip_ok"}}
2025/04/21 10:05:57 Received {n0 n3 {"data_id":"c10_40","message":61,"msg_id":69,"seen_nodes":["n0","n3"],"type":"gossip"}}
2025/04/21 10:05:57 Sent {"src":"n3","dest":"n4","body":{"data_id":"c10_40","message":61,"msg_id":66,"seen_nodes":["n3","n0","n4"],"type":"gossip"}}
2025/04/21 10:05:57 Sent {"src":"n3","dest":"n0","body":{"already_seen":false,"in_reply_to":69,"msg_id":170,"seen_nodes":["n3","n0","n4"],"type":"gossip_ok"}}
2025/04/21 10:05:57 Received {n4 n3 {"already_seen":false,"in_reply_to":66,"msg_id":168,"seen_nodes":["n4","n3","n0","n1"],"type":"gossip_ok"}}
2025/04/21 10:05:58 Received {c13 n3 {"type":"broadcast","message":62,"msg_id":22}}
2025/04/21 10:05:58 Sent {"src":"n3","dest":"n0","body":{"data_id":"c13_22","message":62,"msg_id":67,"seen_nodes":["n3","n0"],"type":"gossip"}}
2025/04/21 10:05:58 Sent {"src":"n3","dest":"n4","body":{"data_id":"c13_22","message":62,"msg_id":68,"seen_nodes":["n3","n0","n4"],"type":"gossip"}}
2025/04/21 10:05:58 Sent {"src":"n3","dest":"c13","body":{"in_reply_to":22,"msg_id":173,"type":"broadcast_ok"}}
2025/04/21 10:05:58 Received {n0 n3 {"already_seen":false,"in_reply_to":67,"msg_id":192,"seen_nodes":["n0","n3","n1"],"type":"gossip_ok"}}
2025/04/21 10:05:58 Received {n4 n3 {"already_seen":false,"in_reply_to":68,"msg_id":170,"seen_nodes":["n4","n3","n0","n1"],"type":"gossip_ok"}}
2025/04/21 10:05:58 Received {n4 n3 {"data_id":"c14_22","message":63,"msg_id":74,"seen_nodes":["n4","n1","n3"],"type":"gossip"}}
2025/04/21 10:05:58 Sent {"src":"n3","dest":"n0","body":{"data_id":"c14_22","message":63,"msg_id":69,"seen_nodes":["n3","n4","n1","n0"],"type":"gossip"}}
2025/04/21 10:05:58 Sent {"src":"n3","dest":"n4","body":{"already_seen":false,"in_reply_to":74,"msg_id":175,"seen_nodes":["n3","n4","n1","n0"],"type":"gossip_ok"}}
2025/04/21 10:05:58 Received {n0 n3 {"data_id":"c14_22","message":63,"msg_id":72,"seen_nodes":["n0","n1","n4","n2","n3"],"type":"gossip"}}
2025/04/21 10:05:58 Received {n0 n3 {"already_seen":true,"in_reply_to":69,"msg_id":194,"seen_nodes":["n0","n1","n4","n2","n3"],"type":"gossip_ok"}}
2025/04/21 10:05:58 Sent {"src":"n3","dest":"n0","body":{"already_seen":true,"in_reply_to":72,"msg_id":176,"seen_nodes":["n3","n4","n1","n0"],"type":"gossip_ok"}}
2025/04/21 10:05:58 Received {n0 n3 {"data_id":"c10_42","message":64,"msg_id":73,"seen_nodes":["n0","n3"],"type":"gossip"}}
2025/04/21 10:05:58 Sent {"src":"n3","dest":"n4","body":{"data_id":"c10_42","message":64,"msg_id":70,"seen_nodes":["n3","n0","n4"],"type":"gossip"}}
2025/04/21 10:05:58 Sent {"src":"n3","dest":"n0","body":{"already_seen":false,"in_reply_to":73,"msg_id":178,"seen_nodes":["n3","n0","n4"],"type":"gossip_ok"}}
2025/04/21 10:05:58 Received {n4 n3 {"already_seen":false,"in_reply_to":70,"msg_id":177,"seen_nodes":["n4","n3","n0","n1"],"type":"gossip_ok"}}
2025/04/21 10:05:58 Received {c13 n3 {"type":"broadcast","message":65,"msg_id":23}}
2025/04/21 10:05:58 Sent {"src":"n3","dest":"n0","body":{"data_id":"c13_23","message":65,"msg_id":71,"seen_nodes":["n3","n0"],"type":"gossip"}}
2025/04/21 10:05:58 Sent {"src":"n3","dest":"n4","body":{"data_id":"c13_23","message":65,"msg_id":72,"seen_nodes":["n3","n0","n4"],"type":"gossip"}}
2025/04/21 10:05:58 Sent {"src":"n3","dest":"c13","body":{"in_reply_to":23,"msg_id":181,"type":"broadcast_ok"}}
2025/04/21 10:05:58 Received {n0 n3 {"already_seen":false,"in_reply_to":71,"msg_id":201,"seen_nodes":["n0","n3","n1"],"type":"gossip_ok"}}
2025/04/21 10:05:58 Received {n4 n3 {"already_seen":false,"in_reply_to":72,"msg_id":179,"seen_nodes":["n4","n3","n0","n1"],"type":"gossip_ok"}}
2025/04/21 10:05:58 Received {n4 n3 {"data_id":"c14_23","message":66,"msg_id":78,"seen_nodes":["n4","n1","n3"],"type":"gossip"}}
2025/04/21 10:05:58 Sent {"src":"n3","dest":"n0","body":{"data_id":"c14_23","message":66,"msg_id":73,"seen_nodes":["n3","n4","n1","n0"],"type":"gossip"}}
2025/04/21 10:05:58 Sent {"src":"n3","dest":"n4","body":{"already_seen":false,"in_reply_to":78,"msg_id":183,"seen_nodes":["n3","n4","n1","n0"],"type":"gossip_ok"}}
2025/04/21 10:05:58 Received {n0 n3 {"already_seen":false,"in_reply_to":73,"msg_id":202,"seen_nodes":["n0","n3","n4","n1"],"type":"gossip_ok"}}
2025/04/21 10:05:59 Received {n4 n3 {"data_id":"c11_26","message":67,"msg_id":79,"seen_nodes":["n4","n1","n3"],"type":"gossip"}}
2025/04/21 10:05:59 Received {n0 n3 {"data_id":"c11_26","message":67,"msg_id":76,"seen_nodes":["n0","n1","n4","n2","n3"],"type":"gossip"}}
2025/04/21 10:05:59 Sent {"src":"n3","dest":"n0","body":{"already_seen":false,"in_reply_to":76,"msg_id":184,"seen_nodes":["n3","n0","n1","n4","n2"],"type":"gossip_ok"}}
2025/04/21 10:05:59 Sent {"src":"n3","dest":"n4","body":{"already_seen":true,"in_reply_to":79,"msg_id":185,"seen_nodes":["n3","n0","n1","n4","n2"],"type":"gossip_ok"}}
2025/04/21 10:05:59 Received {n4 n3 {"data_id":"c12_24","message":68,"msg_id":80,"seen_nodes":["n4","n1","n2","n3"],"type":"gossip"}}
2025/04/21 10:05:59 Received {n0 n3 {"data_id":"c12_24","message":68,"msg_id":77,"seen_nodes":["n0","n1","n2","n4","n3"],"type":"gossip"}}
2025/04/21 10:05:59 Sent {"src":"n3","dest":"n0","body":{"data_id":"c12_24","message":68,"msg_id":74,"seen_nodes":["n3","n4","n1","n2","n0"],"type":"gossip"}}
2025/04/21 10:05:59 Sent {"src":"n3","dest":"n0","body":{"already_seen":true,"in_reply_to":77,"msg_id":187,"seen_nodes":["n3","n4","n1","n2","n0"],"type":"gossip_ok"}}
2025/04/21 10:05:59 Sent {"src":"n3","dest":"n4","body":{"already_seen":false,"in_reply_to":80,"msg_id":188,"seen_nodes":["n3","n4","n1","n2","n0"],"type":"gossip_ok"}}
2025/04/21 10:05:59 Received {n0 n3 {"already_seen":true,"in_reply_to":74,"msg_id":210,"seen_nodes":["n0","n1","n2","n4","n3"],"type":"gossip_ok"}}
2025/04/21 10:05:59 Received {c13 n3 {"type":"broadcast","message":69,"msg_id":24}}
2025/04/21 10:05:59 Sent {"src":"n3","dest":"n0","body":{"data_id":"c13_24","message":69,"msg_id":75,"seen_nodes":["n3","n0"],"type":"gossip"}}
2025/04/21 10:05:59 Sent {"src":"n3","dest":"n4","body":{"data_id":"c13_24","message":69,"msg_id":76,"seen_nodes":["n3","n0","n4"],"type":"gossip"}}
2025/04/21 10:05:59 Sent {"src":"n3","dest":"c13","body":{"in_reply_to":24,"msg_id":191,"type":"broadcast_ok"}}
2025/04/21 10:05:59 Received {n4 n3 {"already_seen":false,"in_reply_to":76,"msg_id":189,"seen_nodes":["n4","n3","n0","n1"],"type":"gossip_ok"}}
2025/04/21 10:05:59 Received {n0 n3 {"already_seen":false,"in_reply_to":75,"msg_id":212,"seen_nodes":["n0","n3","n1"],"type":"gossip_ok"}}
2025/04/21 10:05:59 Received {n0 n3 {"data_id":"c10_46","message":70,"msg_id":79,"seen_nodes":["n0","n3"],"type":"gossip"}}
2025/04/21 10:05:59 Sent {"src":"n3","dest":"n4","body":{"data_id":"c10_46","message":70,"msg_id":77,"seen_nodes":["n3","n0","n4"],"type":"gossip"}}
2025/04/21 10:05:59 Sent {"src":"n3","dest":"n0","body":{"already_seen":false,"in_reply_to":79,"msg_id":193,"seen_nodes":["n3","n0","n4"],"type":"gossip_ok"}}
2025/04/21 10:05:59 Received {n4 n3 {"already_seen":true,"in_reply_to":77,"msg_id":192,"seen_nodes":["n4","n1","n0","n3"],"type":"gossip_ok"}}
2025/04/21 10:06:00 Received {n0 n3 {"data_id":"c12_25","message":71,"msg_id":81,"seen_nodes":["n0","n1","n2","n4","n3"],"type":"gossip"}}
2025/04/21 10:06:00 Received {n4 n3 {"data_id":"c12_25","message":71,"msg_id":82,"seen_nodes":["n4","n1","n2","n3"],"type":"gossip"}}
2025/04/21 10:06:00 Sent {"src":"n3","dest":"n0","body":{"already_seen":false,"in_reply_to":81,"msg_id":194,"seen_nodes":["n3","n0","n1","n2","n4"],"type":"gossip_ok"}}
2025/04/21 10:06:00 Sent {"src":"n3","dest":"n4","body":{"already_seen":true,"in_reply_to":82,"msg_id":195,"seen_nodes":["n3","n0","n1","n2","n4"],"type":"gossip_ok"}}
2025/04/21 10:06:00 Received {c13 n3 {"type":"broadcast","message":72,"msg_id":25}}
2025/04/21 10:06:00 Sent {"src":"n3","dest":"n0","body":{"data_id":"c13_25","message":72,"msg_id":78,"seen_nodes":["n3","n0"],"type":"gossip"}}
2025/04/21 10:06:00 Sent {"src":"n3","dest":"n4","body":{"data_id":"c13_25","message":72,"msg_id":79,"seen_nodes":["n3","n0","n4"],"type":"gossip"}}
2025/04/21 10:06:00 Sent {"src":"n3","dest":"c13","body":{"in_reply_to":25,"msg_id":198,"type":"broadcast_ok"}}
2025/04/21 10:06:00 Received {n0 n3 {"already_seen":false,"in_reply_to":78,"msg_id":220,"seen_nodes":["n0","n3","n1"],"type":"gossip_ok"}}
2025/04/21 10:06:00 Received {n4 n3 {"already_seen":false,"in_reply_to":79,"msg_id":196,"seen_nodes":["n4","n3","n0","n1"],"type":"gossip_ok"}}
2025/04/21 10:06:00 Received {n4 n3 {"data_id":"c12_26","message":73,"msg_id":84,"seen_nodes":["n4","n1","n2","n3"],"type":"gossip"}}
2025/04/21 10:06:00 Received {n0 n3 {"data_id":"c12_26","message":73,"msg_id":83,"seen_nodes":["n0","n1","n2","n4","n3"],"type":"gossip"}}
2025/04/21 10:06:00 Sent {"src":"n3","dest":"n0","body":{"data_id":"c12_26","message":73,"msg_id":80,"seen_nodes":["n3","n4","n1","n2","n0"],"type":"gossip"}}
2025/04/21 10:06:00 Sent {"src":"n3","dest":"n0","body":{"already_seen":true,"in_reply_to":83,"msg_id":200,"seen_nodes":["n3","n4","n1","n2","n0"],"type":"gossip_ok"}}
2025/04/21 10:06:00 Sent {"src":"n3","dest":"n4","body":{"already_seen":false,"in_reply_to":84,"msg_id":201,"seen_nodes":["n3","n4","n1","n2","n0"],"type":"gossip_ok"}}
2025/04/21 10:06:00 Received {n0 n3 {"already_seen":true,"in_reply_to":80,"msg_id":225,"seen_nodes":["n0","n1","n2","n4","n3"],"type":"gossip_ok"}}
2025/04/21 10:06:00 Received {c13 n3 {"type":"read","msg_id":26}}
2025/04/21 10:06:00 Sent {"src":"n3","dest":"c13","body":{"in_reply_to":26,"messages":[47,35,39,43,55,7,11,16,31,10,37,52,38,51,59,63,2,4,26,32,40,62,12,18,21,33,45,53,70,13,30,41,44,3,9,17,34,73,0,28,42,68,22,49,57,64,15,24,36,69,72,8,20,54,56,5,29,60,61,14,25,66,65,23,27,46,48,58,67,71,1,6,19,50],"msg_id":202,"type":"read_ok"}}
2025/04/21 10:06:00 Received {n4 n3 {"data_id":"c14_26","message":74,"msg_id":86,"seen_nodes":["n4","n1","n3"],"type":"gossip"}}
2025/04/21 10:06:00 Sent {"src":"n3","dest":"n0","body":{"data_id":"c14_26","message":74,"msg_id":81,"seen_nodes":["n3","n4","n1","n0"],"type":"gossip"}}
2025/04/21 10:06:00 Sent {"src":"n3","dest":"n4","body":{"already_seen":false,"in_reply_to":86,"msg_id":204,"seen_nodes":["n3","n4","n1","n0"],"type":"gossip_ok"}}
2025/04/21 10:06:00 Received {n0 n3 {"already_seen":false,"in_reply_to":81,"msg_id":226,"seen_nodes":["n0","n3","n4","n1"],"type":"gossip_ok"}}
2025/04/21 10:06:00 Received {n0 n3 {"data_id":"c10_50","message":75,"msg_id":84,"seen_nodes":["n0","n3"],"type":"gossip"}}
2025/04/21 10:06:00 Sent {"src":"n3","dest":"n4","body":{"data_id":"c10_50","message":75,"msg_id":82,"seen_nodes":["n3","n0","n4"],"type":"gossip"}}
2025/04/21 10:06:00 Sent {"src":"n3","dest":"n0","body":{"already_seen":false,"in_reply_to":84,"msg_id":206,"seen_nodes":["n3","n0","n4"],"type":"gossip_ok"}}
2025/04/21 10:06:00 Received {n4 n3 {"already_seen":false,"in_reply_to":82,"msg_id":205,"seen_nodes":["n4","n3","n0","n1"],"type":"gossip_ok"}}
2025/04/21 10:06:01 Received {n0 n3 {"data_id":"c10_51","message":76,"msg_id":86,"seen_nodes":["n0","n3"],"type":"gossip"}}
2025/04/21 10:06:01 Sent {"src":"n3","dest":"n4","body":{"data_id":"c10_51","message":76,"msg_id":83,"seen_nodes":["n3","n0","n4"],"type":"gossip"}}
2025/04/21 10:06:01 Sent {"src":"n3","dest":"n0","body":{"already_seen":false,"in_reply_to":86,"msg_id":208,"seen_nodes":["n3","n0","n4"],"type":"gossip_ok"}}
2025/04/21 10:06:01 Received {n4 n3 {"already_seen":false,"in_reply_to":83,"msg_id":209,"seen_nodes":["n4","n3","n0","n1"],"type":"gossip_ok"}}
2025/04/21 10:06:01 Received {n4 n3 {"data_id":"c11_29","message":77,"msg_id":89,"seen_nodes":["n4","n1","n3"],"type":"gossip"}}
2025/04/21 10:06:01 Received {n0 n3 {"data_id":"c11_29","message":77,"msg_id":88,"seen_nodes":["n0","n1","n4","n2","n3"],"type":"gossip"}}
2025/04/21 10:06:01 Sent {"src":"n3","dest":"n0","body":{"data_id":"c11_29","message":77,"msg_id":84,"seen_nodes":["n3","n4","n1","n0"],"type":"gossip"}}
2025/04/21 10:06:01 Sent {"src":"n3","dest":"n4","body":{"already_seen":false,"in_reply_to":89,"msg_id":211,"seen_nodes":["n3","n4","n1","n0"],"type":"gossip_ok"}}
2025/04/21 10:06:01 Sent {"src":"n3","dest":"n0","body":{"already_seen":true,"in_reply_to":88,"msg_id":210,"seen_nodes":["n3","n4","n1","n0"],"type":"gossip_ok"}}
2025/04/21 10:06:01 Received {n0 n3 {"already_seen":true,"in_reply_to":84,"msg_id":236,"seen_nodes":["n0","n1","n4","n2","n3"],"type":"gossip_ok"}}
2025/04/21 10:06:01 Received {c13 n3 {"type":"read","msg_id":27}}
2025/04/21 10:06:01 Sent {"src":"n3","dest":"c13","body":{"in_reply_to":27,"messages":[58,67,76,77,1,6,19,50,71,47,39,43,55,7,11,16,31,35,10,37,52,75,51,59,63,2,4,26,32,38,62,12,18,21,33,40,53,70,13,30,41,44,45,3,9,17,34,0,28,42,68,73,22,49,57,64,15,24,36,69,74,8,20,54,56,72,5,29,60,61,14,25,66,23,27,46,48,65],"msg_id":212,"type":"read_ok"}}
2025/04/21 10:06:01 Received {n4 n3 {"data_id":"c14_27","message":78,"msg_id":91,"seen_nodes":["n4","n1","n3"],"type":"gossip"}}
2025/04/21 10:06:01 Sent {"src":"n3","dest":"n0","body":{"data_id":"c14_27","message":78,"msg_id":85,"seen_nodes":["n3","n4","n1","n0"],"type":"gossip"}}
2025/04/21 10:06:01 Sent {"src":"n3","dest":"n4","body":{"already_seen":false,"in_reply_to":91,"msg_id":214,"seen_nodes":["n3","n4","n1","n0"],"type":"gossip_ok"}}
2025/04/21 10:06:01 Received {n0 n3 {"data_id":"c14_27","message":78,"msg_id":89,"seen_nodes":["n0","n1","n4","n2","n3"],"type":"gossip"}}
2025/04/21 10:06:01 Received {n0 n3 {"already_seen":true,"in_reply_to":85,"msg_id":239,"seen_nodes":["n0","n1","n4","n2","n3"],"type":"gossip_ok"}}
2025/04/21 10:06:01 Sent {"src":"n3","dest":"n0","body":{"already_seen":true,"in_reply_to":89,"msg_id":215,"seen_nodes":["n3","n4","n1","n0"],"type":"gossip_ok"}}
2025/04/21 10:06:01 Received {n0 n3 {"data_id":"c10_53","message":79,"msg_id":90,"seen_nodes":["n0","n3"],"type":"gossip"}}
2025/04/21 10:06:01 Sent {"src":"n3","dest":"n4","body":{"data_id":"c10_53","message":79,"msg_id":86,"seen_nodes":["n3","n0","n4"],"type":"gossip"}}
2025/04/21 10:06:01 Sent {"src":"n3","dest":"n0","body":{"already_seen":false,"in_reply_to":90,"msg_id":217,"seen_nodes":["n3","n0","n4"],"type":"gossip_ok"}}
2025/04/21 10:06:01 Received {n4 n3 {"already_seen":false,"in_reply_to":86,"msg_id":217,"seen_nodes":["n4","n3","n0","n1"],"type":"gossip_ok"}}
2025/04/21 10:06:02 Received {n4 n3 {"data_id":"c12_28","message":80,"msg_id":93,"seen_nodes":["n4","n1","n2","n3"],"type":"gossip"}}
2025/04/21 10:06:02 Received {n0 n3 {"data_id":"c12_28","message":80,"msg_id":92,"seen_nodes":["n0","n1","n2","n4","n3"],"type":"gossip"}}
2025/04/21 10:06:02 Sent {"src":"n3","dest":"n0","body":{"already_seen":false,"in_reply_to":92,"msg_id":218,"seen_nodes":["n3","n0","n1","n2","n4"],"type":"gossip_ok"}}
2025/04/21 10:06:02 Sent {"src":"n3","dest":"n4","body":{"already_seen":true,"in_reply_to":93,"msg_id":219,"seen_nodes":["n3","n0","n1","n2","n4"],"type":"gossip_ok"}}
2025/04/21 10:06:02 Received {c13 n3 {"type":"broadcast","message":81,"msg_id":28}}
2025/04/21 10:06:02 Sent {"src":"n3","dest":"n0","body":{"data_id":"c13_28","message":81,"msg_id":87,"seen_nodes":["n3","n0"],"type":"gossip"}}
2025/04/21 10:06:02 Sent {"src":"n3","dest":"n4","body":{"data_id":"c13_28","message":81,"msg_id":88,"seen_nodes":["n3","n0","n4"],"type":"gossip"}}
2025/04/21 10:06:02 Sent {"src":"n3","dest":"c13","body":{"in_reply_to":28,"msg_id":222,"type":"broadcast_ok"}}
2025/04/21 10:06:02 Received {n0 n3 {"already_seen":false,"in_reply_to":87,"msg_id":247,"seen_nodes":["n0","n3","n1"],"type":"gossip_ok"}}
2025/04/21 10:06:02 Received {n4 n3 {"already_seen":false,"in_reply_to":88,"msg_id":221,"seen_nodes":["n4","n3","n0","n1"],"type":"gossip_ok"}}
2025/04/21 10:06:02 Received {n4 n3 {"data_id":"c14_28","message":82,"msg_id":96,"seen_nodes":["n4","n1","n3"],"type":"gossip"}}
2025/04/21 10:06:02 Sent {"src":"n3","dest":"n0","body":{"data_id":"c14_28","message":82,"msg_id":89,"seen_nodes":["n3","n4","n1","n0"],"type":"gossip"}}
2025/04/21 10:06:02 Sent {"src":"n3","dest":"n4","body":{"already_seen":false,"in_reply_to":96,"msg_id":224,"seen_nodes":["n3","n4","n1","n0"],"type":"gossip_ok"}}
2025/04/21 10:06:02 Received {n0 n3 {"data_id":"c14_28","message":82,"msg_id":94,"seen_nodes":["n0","n1","n4","n2","n3"],"type":"gossip"}}
2025/04/21 10:06:02 Received {n0 n3 {"already_seen":true,"in_reply_to":89,"msg_id":249,"seen_nodes":["n0","n1","n4","n2","n3"],"type":"gossip_ok"}}
2025/04/21 10:06:02 Sent {"src":"n3","dest":"n0","body":{"already_seen":true,"in_reply_to":94,"msg_id":225,"seen_nodes":["n3","n4","n1","n0"],"type":"gossip_ok"}}
2025/04/21 10:06:02 Received {n0 n3 {"data_id":"c10_55","message":83,"msg_id":95,"seen_nodes":["n0","n3"],"type":"gossip"}}
2025/04/21 10:06:02 Sent {"src":"n3","dest":"n4","body":{"data_id":"c10_55","message":83,"msg_id":90,"seen_nodes":["n3","n0","n4"],"type":"gossip"}}
2025/04/21 10:06:02 Sent {"src":"n3","dest":"n0","body":{"already_seen":false,"in_reply_to":95,"msg_id":227,"seen_nodes":["n3","n0","n4"],"type":"gossip_ok"}}
2025/04/21 10:06:02 Received {n4 n3 {"already_seen":false,"in_reply_to":90,"msg_id":227,"seen_nodes":["n4","n3","n0","n1"],"type":"gossip_ok"}}
2025/04/21 10:06:02 Received {n0 n3 {"data_id":"c11_31","message":84,"msg_id":97,"seen_nodes":["n0","n1","n4","n2","n3"],"type":"gossip"}}
2025/04/21 10:06:02 Received {n4 n3 {"data_id":"c11_31","message":84,"msg_id":98,"seen_nodes":["n4","n1","n3"],"type":"gossip"}}
2025/04/21 10:06:02 Sent {"src":"n3","dest":"n0","body":{"already_seen":false,"in_reply_to":97,"msg_id":228,"seen_nodes":["n3","n0","n1","n4","n2"],"type":"gossip_ok"}}
2025/04/21 10:06:02 Sent {"src":"n3","dest":"n4","body":{"already_seen":true,"in_reply_to":98,"msg_id":229,"seen_nodes":["n3","n0","n1","n4","n2"],"type":"gossip_ok"}}
2025/04/21 10:06:02 Received {c13 n3 {"type":"read","msg_id":29}}
2025/04/21 10:06:02 Sent {"src":"n3","dest":"c13","body":{"in_reply_to":29,"messages":[50,71,76,77,1,6,19,47,31,35,39,43,55,7,11,16,81,75,10,37,52,32,38,51,59,63,2,4,26,33,40,62,12,18,21,44,45,53,70,82,13,30,41,34,84,3,9,17,68,73,0,28,42,64,22,49,57,69,74,79,15,24,36,56,72,8,20,54,61,78,5,29,60,83,14,25,66,48,65,80,23,27,46,58,67],"msg_id":230,"type":"read_ok"}}
2025/04/21 10:06:02 Received {n4 n3 {"data_id":"c14_29","message":85,"msg_id":100,"seen_nodes":["n4","n1","n3"],"type":"gossip"}}
2025/04/21 10:06:02 Sent {"src":"n3","dest":"n0","body":{"data_id":"c14_29","message":85,"msg_id":91,"seen_nodes":["n3","n4","n1","n0"],"type":"gossip"}}
2025/04/21 10:06:02 Sent {"src":"n3","dest":"n4","body":{"already_seen":false,"in_reply_to":100,"msg_id":232,"seen_nodes":["n3","n4","n1","n0"],"type":"gossip_ok"}}
2025/04/21 10:06:02 Received {n0 n3 {"already_seen":false,"in_reply_to":91,"msg_id":257,"seen_nodes":["n0","n3","n4","n1"],"type":"gossip_ok"}}
2025/04/21 10:06:02 Received {n0 n3 {"data_id":"c10_57","message":86,"msg_id":98,"seen_nodes":["n0","n3"],"type":"gossip"}}
2025/04/21 10:06:02 Sent {"src":"n3","dest":"n4","body":{"data_id":"c10_57","message":86,"msg_id":92,"seen_nodes":["n3","n0","n4"],"type":"gossip"}}
2025/04/21 10:06:02 Sent {"src":"n3","dest":"n0","body":{"already_seen":false,"in_reply_to":98,"msg_id":234,"seen_nodes":["n3","n0","n4"],"type":"gossip_ok"}}
2025/04/21 10:06:02 Received {n4 n3 {"already_seen":true,"in_reply_to":92,"msg_id":235,"seen_nodes":["n4","n1","n0","n3"],"type":"gossip_ok"}}
2025/04/21 10:06:03 Received {n4 n3 {"data_id":"c11_32","message":87,"msg_id":101,"seen_nodes":["n4","n1","n3"],"type":"gossip"}}
2025/04/21 10:06:03 Received {n0 n3 {"data_id":"c11_32","message":87,"msg_id":100,"seen_nodes":["n0","n1","n4","n2","n3"],"type":"gossip"}}
2025/04/21 10:06:03 Sent {"src":"n3","dest":"n0","body":{"data_id":"c11_32","message":87,"msg_id":93,"seen_nodes":["n3","n4","n1","n0"],"type":"gossip"}}
2025/04/21 10:06:03 Sent {"src":"n3","dest":"n0","body":{"already_seen":true,"in_reply_to":100,"msg_id":236,"seen_nodes":["n3","n4","n1","n0"],"type":"gossip_ok"}}
2025/04/21 10:06:03 Sent {"src":"n3","dest":"n4","body":{"already_seen":false,"in_reply_to":101,"msg_id":237,"seen_nodes":["n3","n4","n1","n0"],"type":"gossip_ok"}}
2025/04/21 10:06:03 Received {n0 n3 {"already_seen":true,"in_reply_to":93,"msg_id":265,"seen_nodes":["n0","n1","n4","n2","n3"],"type":"gossip_ok"}}
2025/04/21 10:06:03 Received {c13 n3 {"type":"broadcast","message":88,"msg_id":30}}
2025/04/21 10:06:03 Sent {"src":"n3","dest":"n0","body":{"data_id":"c13_30","message":88,"msg_id":94,"seen_nodes":["n3","n0"],"type":"gossip"}}
2025/04/21 10:06:03 Sent {"src":"n3","dest":"n4","body":{"data_id":"c13_30","message":88,"msg_id":95,"seen_nodes":["n3","n0","n4"],"type":"gossip"}}
2025/04/21 10:06:03 Sent {"src":"n3","dest":"c13","body":{"in_reply_to":30,"msg_id":240,"type":"broadcast_ok"}}
2025/04/21 10:06:03 Received {n0 n3 {"already_seen":false,"in_reply_to":94,"msg_id":267,"seen_nodes":["n0","n3","n1"],"type":"gossip_ok"}}
2025/04/21 10:06:03 Received {n4 n3 {"already_seen":false,"in_reply_to":95,"msg_id":239,"seen_nodes":["n4","n3","n0","n1"],"type":"gossip_ok"}}
2025/04/21 10:06:03 Received {n4 n3 {"data_id":"c14_30","message":89,"msg_id":104,"seen_nodes":["n4","n1","n3"],"type":"gossip"}}
2025/04/21 10:06:03 Sent {"src":"n3","dest":"n0","body":{"data_id":"c14_30","message":89,"msg_id":96,"seen_nodes":["n3","n4","n1","n0"],"type":"gossip"}}
2025/04/21 10:06:03 Sent {"src":"n3","dest":"n4","body":{"already_seen":false,"in_reply_to":104,"msg_id":242,"seen_nodes":["n3","n4","n1","n0"],"type":"gossip_ok"}}
2025/04/21 10:06:03 Received {n0 n3 {"already_seen":false,"in_reply_to":96,"msg_id":268,"seen_nodes":["n0","n3","n4","n1"],"type":"gossip_ok"}}
2025/04/21 10:06:03 Received {n0 n3 {"data_id":"c10_58","message":90,"msg_id":102,"seen_nodes":["n0","n3"],"type":"gossip"}}
2025/04/21 10:06:03 Sent {"src":"n3","dest":"n4","body":{"data_id":"c10_58","message":90,"msg_id":97,"seen_nodes":["n3","n0","n4"],"type":"gossip"}}
2025/04/21 10:06:03 Sent {"src":"n3","dest":"n0","body":{"already_seen":false,"in_reply_to":102,"msg_id":244,"seen_nodes":["n3","n0","n4"],"type":"gossip_ok"}}
2025/04/21 10:06:03 Received {n4 n3 {"already_seen":false,"in_reply_to":97,"msg_id":246,"seen_nodes":["n4","n3","n0","n1"],"type":"gossip_ok"}}
2025/04/21 10:06:13 Received {c13 n3 {"type":"read","msg_id":31}}
2025/04/21 10:06:13 Sent {"src":"n3","dest":"c13","body":{"in_reply_to":31,"messages":[32,38,51,59,63,2,4,26,33,40,62,85,12,18,21,44,45,53,70,82,13,30,41,86,34,84,3,9,17,68,73,89,0,28,42,64,22,49,57,69,74,79,87,90,15,24,36,56,72,8,20,54,61,78,5,29,60,83,14,25,66,48,65,80,23,27,46,58,67,50,71,76,77,1,6,19,47,88,31,35,39,43,55,7,11,16,81,75,10,37,52],"msg_id":245,"type":"read_ok"}}
