2025/04/20 21:27:00 Received {c4 n0 {"type":"init","node_id":"n0","node_ids":["n0","n1","n2","n3","n4"],"msg_id":1}}
2025/04/20 21:27:00 Node n0 initialized
2025/04/20 21:27:00 Sent {"src":"n0","dest":"c4","body":{"in_reply_to":1,"type":"init_ok"}}
2025/04/20 21:27:00 Received {c6 n0 {"type":"topology","topology":{"n0":["n3","n1"],"n1":["n4","n2","n0"],"n2":["n1"],"n3":["n0","n4"],"n4":["n1","n3"]},"msg_id":1}}
2025/04/20 21:27:00 Sent {"src":"n0","dest":"c6","body":{"in_reply_to":1,"msg_id":1,"type":"topology_ok"}}
2025/04/20 21:27:00 Received {c10 n0 {"type":"read","msg_id":1}}
================================ []
2025/04/20 21:27:00 Sent {"src":"n0","dest":"c10","body":{"in_reply_to":1,"messages":[],"msg_id":2,"type":"read_ok"}}
2025/04/20 21:27:00 Received {n1 n0 {"message":0,"message_id":"c11_1","msg_id":3,"seen_nodes":["n1","n4","n2","n0"],"type":"gossip"}}
2025/04/20 21:27:00 Sent {"src":"n0","dest":"n1","body":{"already_seen":false,"in_reply_to":3,"msg_id":3,"seen_nodes":["n0","n1","n4","n2"],"type":"gossip_ok"}}
2025/04/20 21:27:00 Sent {"src":"n0","dest":"n3","body":{"message":0,"message_id":"c11_1","msg_id":1,"seen_nodes":["n0","n1","n4","n2","n3"],"type":"gossip"}}
2025/04/20 21:27:00 Received {n3 n0 {"already_seen":false,"in_reply_to":1,"msg_id":2,"seen_nodes":["n3","n0","n1","n4","n2"],"type":"gossip_ok"}}
2025/04/20 21:27:00 Received {n3 n0 {"message":1,"message_id":"c13_1","msg_id":1,"seen_nodes":["n3","n0"],"type":"gossip"}}
2025/04/20 21:27:00 Sent {"src":"n0","dest":"n3","body":{"already_seen":false,"in_reply_to":1,"msg_id":5,"seen_nodes":["n0","n3"],"type":"gossip_ok"}}
2025/04/20 21:27:00 Sent {"src":"n0","dest":"n1","body":{"message":1,"message_id":"c13_1","msg_id":2,"seen_nodes":["n0","n3","n1"],"type":"gossip"}}
2025/04/20 21:27:00 Received {n1 n0 {"already_seen":false,"in_reply_to":2,"msg_id":6,"seen_nodes":["n1","n0","n3"],"type":"gossip_ok"}}
2025/04/20 21:27:00 Received {c10 n0 {"type":"broadcast","message":2,"msg_id":2}}
2025/04/20 21:27:00 Sent {"src":"n0","dest":"n3","body":{"message":2,"message_id":"c10_2","msg_id":3,"seen_nodes":["n0","n3"],"type":"gossip"}}
2025/04/20 21:27:00 Sent {"src":"n0","dest":"n1","body":{"message":2,"message_id":"c10_2","msg_id":4,"seen_nodes":["n0","n3","n1"],"type":"gossip"}}
2025/04/20 21:27:00 Sent {"src":"n0","dest":"c10","body":{"in_reply_to":2,"msg_id":9,"type":"broadcast_ok"}}
2025/04/20 21:27:00 Received {n3 n0 {"already_seen":false,"in_reply_to":3,"msg_id":7,"seen_nodes":["n3","n0"],"type":"gossip_ok"}}
2025/04/20 21:27:00 Received {n1 n0 {"already_seen":false,"in_reply_to":4,"msg_id":10,"seen_nodes":["n1","n0","n3"],"type":"gossip_ok"}}
2025/04/20 21:27:00 Received {n1 n0 {"message":3,"message_id":"c11_3","msg_id":10,"seen_nodes":["n1","n4","n2","n0"],"type":"gossip"}}
2025/04/20 21:27:00 Sent {"src":"n0","dest":"n1","body":{"already_seen":false,"in_reply_to":10,"msg_id":10,"seen_nodes":["n0","n1","n4","n2"],"type":"gossip_ok"}}
2025/04/20 21:27:00 Sent {"src":"n0","dest":"n3","body":{"message":3,"message_id":"c11_3","msg_id":5,"seen_nodes":["n0","n1","n4","n2","n3"],"type":"gossip"}}
2025/04/20 21:27:00 Received {n3 n0 {"message":3,"message_id":"c11_3","msg_id":4,"seen_nodes":["n3","n4","n1","n0"],"type":"gossip"}}
2025/04/20 21:27:00 Sent {"src":"n0","dest":"n3","body":{"already_seen":true,"in_reply_to":4,"msg_id":12,"seen_nodes":["n0","n1","n4","n2","n3"],"type":"gossip_ok"}}
2025/04/20 21:27:00 Received {n3 n0 {"already_seen":true,"in_reply_to":5,"msg_id":11,"seen_nodes":["n3","n4","n1","n0"],"type":"gossip_ok"}}
2025/04/20 21:27:00 Received {n1 n0 {"message":4,"message_id":"c12_2","msg_id":12,"seen_nodes":["n1","n2","n4","n0"],"type":"gossip"}}
2025/04/20 21:27:00 Sent {"src":"n0","dest":"n1","body":{"already_seen":false,"in_reply_to":12,"msg_id":13,"seen_nodes":["n0","n1","n2","n4"],"type":"gossip_ok"}}
2025/04/20 21:27:00 Sent {"src":"n0","dest":"n3","body":{"message":4,"message_id":"c12_2","msg_id":6,"seen_nodes":["n0","n1","n2","n4","n3"],"type":"gossip"}}
2025/04/20 21:27:00 Received {n3 n0 {"already_seen":true,"in_reply_to":6,"msg_id":13,"seen_nodes":["n3","n4","n1","n2"],"type":"gossip_ok"}}
2025/04/20 21:27:01 Received {n3 n0 {"message":5,"message_id":"c14_2","msg_id":5,"seen_nodes":["n3","n4","n1","n0"],"type":"gossip"}}
2025/04/20 21:27:01 Sent {"src":"n0","dest":"n3","body":{"already_seen":false,"in_reply_to":5,"msg_id":15,"seen_nodes":["n0","n3","n4","n1"],"type":"gossip_ok"}}
2025/04/20 21:27:01 Received {n1 n0 {"message":5,"message_id":"c14_2","msg_id":14,"seen_nodes":["n1","n4","n2","n0"],"type":"gossip"}}
2025/04/20 21:27:01 Sent {"src":"n0","dest":"n1","body":{"already_seen":true,"in_reply_to":14,"msg_id":16,"seen_nodes":["n0","n3","n4","n1"],"type":"gossip_ok"}}
2025/04/20 21:27:01 Received {c10 n0 {"type":"broadcast","message":6,"msg_id":3}}
2025/04/20 21:27:01 Sent {"src":"n0","dest":"n3","body":{"message":6,"message_id":"c10_3","msg_id":7,"seen_nodes":["n0","n3"],"type":"gossip"}}
2025/04/20 21:27:01 Sent {"src":"n0","dest":"n1","body":{"message":6,"message_id":"c10_3","msg_id":8,"seen_nodes":["n0","n3","n1"],"type":"gossip"}}
2025/04/20 21:27:01 Sent {"src":"n0","dest":"c10","body":{"in_reply_to":3,"msg_id":19,"type":"broadcast_ok"}}
2025/04/20 21:27:01 Received {n3 n0 {"already_seen":false,"in_reply_to":7,"msg_id":17,"seen_nodes":["n3","n0"],"type":"gossip_ok"}}
2025/04/20 21:27:01 Received {n1 n0 {"already_seen":false,"in_reply_to":8,"msg_id":25,"seen_nodes":["n1","n0","n3"],"type":"gossip_ok"}}
2025/04/20 21:27:01 Received {c10 n0 {"type":"broadcast","message":7,"msg_id":4}}
2025/04/20 21:27:01 Sent {"src":"n0","dest":"n3","body":{"message":7,"message_id":"c10_4","msg_id":9,"seen_nodes":["n0","n3"],"type":"gossip"}}
2025/04/20 21:27:01 Sent {"src":"n0","dest":"n1","body":{"message":7,"message_id":"c10_4","msg_id":10,"seen_nodes":["n0","n3","n1"],"type":"gossip"}}
2025/04/20 21:27:01 Sent {"src":"n0","dest":"c10","body":{"in_reply_to":4,"msg_id":22,"type":"broadcast_ok"}}
2025/04/20 21:27:01 Received {n3 n0 {"already_seen":false,"in_reply_to":9,"msg_id":19,"seen_nodes":["n3","n0"],"type":"gossip_ok"}}
2025/04/20 21:27:01 Received {n1 n0 {"already_seen":false,"in_reply_to":10,"msg_id":28,"seen_nodes":["n1","n0","n3"],"type":"gossip_ok"}}
2025/04/20 21:27:01 Received {n1 n0 {"message":8,"message_id":"c12_3","msg_id":20,"seen_nodes":["n1","n2","n4","n0"],"type":"gossip"}}
2025/04/20 21:27:01 Sent {"src":"n0","dest":"n1","body":{"already_seen":false,"in_reply_to":20,"msg_id":23,"seen_nodes":["n0","n1","n2","n4"],"type":"gossip_ok"}}
2025/04/20 21:27:01 Sent {"src":"n0","dest":"n3","body":{"message":8,"message_id":"c12_3","msg_id":11,"seen_nodes":["n0","n1","n2","n4","n3"],"type":"gossip"}}
2025/04/20 21:27:01 Received {n3 n0 {"already_seen":false,"in_reply_to":11,"msg_id":21,"seen_nodes":["n3","n0","n1","n2","n4"],"type":"gossip_ok"}}
2025/04/20 21:27:01 Received {n3 n0 {"message":9,"message_id":"c13_3","msg_id":8,"seen_nodes":["n3","n0"],"type":"gossip"}}
2025/04/20 21:27:01 Sent {"src":"n0","dest":"n3","body":{"already_seen":false,"in_reply_to":8,"msg_id":25,"seen_nodes":["n0","n3"],"type":"gossip_ok"}}
2025/04/20 21:27:01 Sent {"src":"n0","dest":"n1","body":{"message":9,"message_id":"c13_3","msg_id":12,"seen_nodes":["n0","n3","n1"],"type":"gossip"}}
2025/04/20 21:27:01 Received {n1 n0 {"already_seen":true,"in_reply_to":12,"msg_id":38,"seen_nodes":["n1","n4","n3","n0","n2"],"type":"gossip_ok"}}
2025/04/20 21:27:01 Received {n3 n0 {"message":10,"message_id":"c14_3","msg_id":10,"seen_nodes":["n3","n4","n1","n0"],"type":"gossip"}}
2025/04/20 21:27:01 Received {n1 n0 {"message":10,"message_id":"c14_3","msg_id":23,"seen_nodes":["n1","n4","n2","n0"],"type":"gossip"}}
2025/04/20 21:27:01 Sent {"src":"n0","dest":"n3","body":{"already_seen":false,"in_reply_to":10,"msg_id":27,"seen_nodes":["n0","n3","n4","n1"],"type":"gossip_ok"}}
2025/04/20 21:27:01 Sent {"src":"n0","dest":"n1","body":{"already_seen":true,"in_reply_to":23,"msg_id":28,"seen_nodes":["n0","n3","n4","n1"],"type":"gossip_ok"}}
2025/04/20 21:27:01 Received {c10 n0 {"type":"read","msg_id":5}}
================================ [0 1 2 3 4 5 6 7 8 9 10]
2025/04/20 21:27:01 Sent {"src":"n0","dest":"c10","body":{"in_reply_to":5,"messages":[0,1,2,3,4,5,6,7,8,9,10],"msg_id":29,"type":"read_ok"}}
2025/04/20 21:27:01 Received {c10 n0 {"type":"broadcast","message":11,"msg_id":6}}
2025/04/20 21:27:01 Sent {"src":"n0","dest":"n3","body":{"message":11,"message_id":"c10_6","msg_id":13,"seen_nodes":["n0","n3"],"type":"gossip"}}
2025/04/20 21:27:01 Sent {"src":"n0","dest":"n1","body":{"message":11,"message_id":"c10_6","msg_id":14,"seen_nodes":["n0","n3","n1"],"type":"gossip"}}
2025/04/20 21:27:01 Sent {"src":"n0","dest":"c10","body":{"in_reply_to":6,"msg_id":32,"type":"broadcast_ok"}}
2025/04/20 21:27:01 Received {n3 n0 {"already_seen":false,"in_reply_to":13,"msg_id":28,"seen_nodes":["n3","n0"],"type":"gossip_ok"}}
2025/04/20 21:27:01 Received {n1 n0 {"already_seen":false,"in_reply_to":14,"msg_id":42,"seen_nodes":["n1","n0","n3"],"type":"gossip_ok"}}
2025/04/20 21:27:02 Received {c10 n0 {"type":"broadcast","message":12,"msg_id":7}}
2025/04/20 21:27:02 Sent {"src":"n0","dest":"n3","body":{"message":12,"message_id":"c10_7","msg_id":15,"seen_nodes":["n0","n3"],"type":"gossip"}}
2025/04/20 21:27:02 Sent {"src":"n0","dest":"n1","body":{"message":12,"message_id":"c10_7","msg_id":16,"seen_nodes":["n0","n3","n1"],"type":"gossip"}}
2025/04/20 21:27:02 Sent {"src":"n0","dest":"c10","body":{"in_reply_to":7,"msg_id":35,"type":"broadcast_ok"}}
2025/04/20 21:27:02 Received {n1 n0 {"already_seen":false,"in_reply_to":16,"msg_id":47,"seen_nodes":["n1","n0","n3"],"type":"gossip_ok"}}
2025/04/20 21:27:02 Received {n3 n0 {"already_seen":false,"in_reply_to":15,"msg_id":31,"seen_nodes":["n3","n0"],"type":"gossip_ok"}}
2025/04/20 21:27:02 Received {c10 n0 {"type":"read","msg_id":8}}
================================ [0 1 2 3 4 5 6 7 8 9 10 11 12]
2025/04/20 21:27:02 Sent {"src":"n0","dest":"c10","body":{"in_reply_to":8,"messages":[0,1,2,3,4,5,6,7,8,9,10,11,12],"msg_id":36,"type":"read_ok"}}
2025/04/20 21:27:02 Received {n1 n0 {"message":13,"message_id":"c11_6","msg_id":30,"seen_nodes":["n1","n4","n2","n0"],"type":"gossip"}}
2025/04/20 21:27:02 Sent {"src":"n0","dest":"n1","body":{"already_seen":false,"in_reply_to":30,"msg_id":37,"seen_nodes":["n0","n1","n4","n2"],"type":"gossip_ok"}}
2025/04/20 21:27:02 Sent {"src":"n0","dest":"n3","body":{"message":13,"message_id":"c11_6","msg_id":17,"seen_nodes":["n0","n1","n4","n2","n3"],"type":"gossip"}}
2025/04/20 21:27:02 Received {n3 n0 {"message":13,"message_id":"c11_6","msg_id":13,"seen_nodes":["n3","n4","n1","n0"],"type":"gossip"}}
2025/04/20 21:27:02 Sent {"src":"n0","dest":"n3","body":{"already_seen":true,"in_reply_to":13,"msg_id":39,"seen_nodes":["n0","n1","n4","n2","n3"],"type":"gossip_ok"}}
2025/04/20 21:27:02 Received {n3 n0 {"already_seen":true,"in_reply_to":17,"msg_id":35,"seen_nodes":["n3","n4","n1","n0"],"type":"gossip_ok"}}
2025/04/20 21:27:02 Received {n1 n0 {"message":14,"message_id":"c12_5","msg_id":32,"seen_nodes":["n1","n2","n4","n0"],"type":"gossip"}}
2025/04/20 21:27:02 Sent {"src":"n0","dest":"n1","body":{"already_seen":false,"in_reply_to":32,"msg_id":40,"seen_nodes":["n0","n1","n2","n4"],"type":"gossip_ok"}}
2025/04/20 21:27:02 Sent {"src":"n0","dest":"n3","body":{"message":14,"message_id":"c12_5","msg_id":18,"seen_nodes":["n0","n1","n2","n4","n3"],"type":"gossip"}}
2025/04/20 21:27:02 Received {n3 n0 {"already_seen":true,"in_reply_to":18,"msg_id":36,"seen_nodes":["n3","n4"],"type":"gossip_ok"}}
2025/04/20 21:27:02 Received {n3 n0 {"message":15,"message_id":"c13_5","msg_id":14,"seen_nodes":["n3","n0"],"type":"gossip"}}
2025/04/20 21:27:02 Sent {"src":"n0","dest":"n3","body":{"already_seen":false,"in_reply_to":14,"msg_id":42,"seen_nodes":["n0","n3"],"type":"gossip_ok"}}
2025/04/20 21:27:02 Sent {"src":"n0","dest":"n1","body":{"message":15,"message_id":"c13_5","msg_id":19,"seen_nodes":["n0","n3","n1"],"type":"gossip"}}
2025/04/20 21:27:02 Received {n1 n0 {"already_seen":true,"in_reply_to":19,"msg_id":59,"seen_nodes":["n1","n4","n3","n0"],"type":"gossip_ok"}}
2025/04/20 21:27:02 Received {n3 n0 {"message":16,"message_id":"c14_5","msg_id":16,"seen_nodes":["n3","n4","n1","n0"],"type":"gossip"}}
2025/04/20 21:27:02 Received {n1 n0 {"message":16,"message_id":"c14_5","msg_id":35,"seen_nodes":["n1","n4","n2","n0"],"type":"gossip"}}
2025/04/20 21:27:02 Sent {"src":"n0","dest":"n1","body":{"already_seen":true,"in_reply_to":35,"msg_id":44,"seen_nodes":["n0","n3","n4","n1"],"type":"gossip_ok"}}
2025/04/20 21:27:02 Sent {"src":"n0","dest":"n3","body":{"already_seen":false,"in_reply_to":16,"msg_id":45,"seen_nodes":["n0","n3","n4","n1"],"type":"gossip_ok"}}
2025/04/20 21:27:02 Received {c10 n0 {"type":"broadcast","message":17,"msg_id":9}}
2025/04/20 21:27:02 Sent {"src":"n0","dest":"n3","body":{"message":17,"message_id":"c10_9","msg_id":20,"seen_nodes":["n0","n3"],"type":"gossip"}}
2025/04/20 21:27:02 Sent {"src":"n0","dest":"n1","body":{"message":17,"message_id":"c10_9","msg_id":21,"seen_nodes":["n0","n3","n1"],"type":"gossip"}}
2025/04/20 21:27:02 Sent {"src":"n0","dest":"c10","body":{"in_reply_to":9,"msg_id":48,"type":"broadcast_ok"}}
2025/04/20 21:27:02 Received {n3 n0 {"already_seen":false,"in_reply_to":20,"msg_id":43,"seen_nodes":["n3","n0"],"type":"gossip_ok"}}
2025/04/20 21:27:02 Received {n1 n0 {"already_seen":false,"in_reply_to":21,"msg_id":64,"seen_nodes":["n1","n0","n3"],"type":"gossip_ok"}}
2025/04/20 21:27:03 Received {c10 n0 {"type":"broadcast","message":18,"msg_id":10}}
2025/04/20 21:27:03 Sent {"src":"n0","dest":"n3","body":{"message":18,"message_id":"c10_10","msg_id":22,"seen_nodes":["n0","n3"],"type":"gossip"}}
2025/04/20 21:27:03 Sent {"src":"n0","dest":"n1","body":{"message":18,"message_id":"c10_10","msg_id":23,"seen_nodes":["n0","n3","n1"],"type":"gossip"}}
2025/04/20 21:27:03 Sent {"src":"n0","dest":"c10","body":{"in_reply_to":10,"msg_id":51,"type":"broadcast_ok"}}
2025/04/20 21:27:03 Received {n3 n0 {"already_seen":false,"in_reply_to":22,"msg_id":45,"seen_nodes":["n3","n0"],"type":"gossip_ok"}}
2025/04/20 21:27:03 Received {n1 n0 {"already_seen":false,"in_reply_to":23,"msg_id":68,"seen_nodes":["n1","n0","n3"],"type":"gossip_ok"}}
2025/04/20 21:27:03 Received {n1 n0 {"message":19,"message_id":"c11_7","msg_id":42,"seen_nodes":["n1","n4","n2","n0"],"type":"gossip"}}
2025/04/20 21:27:03 Sent {"src":"n0","dest":"n1","body":{"already_seen":false,"in_reply_to":42,"msg_id":52,"seen_nodes":["n0","n1","n4","n2"],"type":"gossip_ok"}}
2025/04/20 21:27:03 Sent {"src":"n0","dest":"n3","body":{"message":19,"message_id":"c11_7","msg_id":24,"seen_nodes":["n0","n1","n4","n2","n3"],"type":"gossip"}}
2025/04/20 21:27:03 Received {n3 n0 {"message":19,"message_id":"c11_7","msg_id":19,"seen_nodes":["n3","n4","n1","n0"],"type":"gossip"}}
2025/04/20 21:27:03 Received {n3 n0 {"already_seen":true,"in_reply_to":24,"msg_id":49,"seen_nodes":["n3","n4","n1","n0"],"type":"gossip_ok"}}
2025/04/20 21:27:03 Sent {"src":"n0","dest":"n3","body":{"already_seen":true,"in_reply_to":19,"msg_id":54,"seen_nodes":["n0","n1","n4","n2","n3"],"type":"gossip_ok"}}
2025/04/20 21:27:03 Received {n1 n0 {"message":20,"message_id":"c12_6","msg_id":44,"seen_nodes":["n1","n2","n4","n0"],"type":"gossip"}}
2025/04/20 21:27:03 Sent {"src":"n0","dest":"n1","body":{"already_seen":false,"in_reply_to":44,"msg_id":55,"seen_nodes":["n0","n1","n2","n4"],"type":"gossip_ok"}}
2025/04/20 21:27:03 Sent {"src":"n0","dest":"n3","body":{"message":20,"message_id":"c12_6","msg_id":25,"seen_nodes":["n0","n1","n2","n4","n3"],"type":"gossip"}}
2025/04/20 21:27:03 Received {n3 n0 {"already_seen":true,"in_reply_to":25,"msg_id":50,"seen_nodes":["n3","n4"],"type":"gossip_ok"}}
2025/04/20 21:27:03 Received {n3 n0 {"message":21,"message_id":"c13_6","msg_id":20,"seen_nodes":["n3","n0"],"type":"gossip"}}
2025/04/20 21:27:03 Sent {"src":"n0","dest":"n3","body":{"already_seen":false,"in_reply_to":20,"msg_id":57,"seen_nodes":["n0","n3"],"type":"gossip_ok"}}
2025/04/20 21:27:03 Sent {"src":"n0","dest":"n1","body":{"message":21,"message_id":"c13_6","msg_id":26,"seen_nodes":["n0","n3","n1"],"type":"gossip"}}
2025/04/20 21:27:03 Received {n1 n0 {"already_seen":true,"in_reply_to":26,"msg_id":80,"seen_nodes":["n1","n4","n3","n0","n2"],"type":"gossip_ok"}}
2025/04/20 21:27:03 Received {n3 n0 {"message":22,"message_id":"c14_6","msg_id":22,"seen_nodes":["n3","n4","n1","n0"],"type":"gossip"}}
2025/04/20 21:27:03 Received {n1 n0 {"message":22,"message_id":"c14_6","msg_id":47,"seen_nodes":["n1","n4","n2","n0"],"type":"gossip"}}
2025/04/20 21:27:03 Sent {"src":"n0","dest":"n3","body":{"already_seen":false,"in_reply_to":22,"msg_id":59,"seen_nodes":["n0","n3","n4","n1"],"type":"gossip_ok"}}
2025/04/20 21:27:03 Sent {"src":"n0","dest":"n1","body":{"already_seen":true,"in_reply_to":47,"msg_id":60,"seen_nodes":["n0","n3","n4","n1"],"type":"gossip_ok"}}
2025/04/20 21:27:04 Received {c10 n0 {"type":"broadcast","message":23,"msg_id":11}}
2025/04/20 21:27:04 Sent {"src":"n0","dest":"n3","body":{"message":23,"message_id":"c10_11","msg_id":27,"seen_nodes":["n0","n3"],"type":"gossip"}}
2025/04/20 21:27:04 Sent {"src":"n0","dest":"n1","body":{"message":23,"message_id":"c10_11","msg_id":28,"seen_nodes":["n0","n3","n1"],"type":"gossip"}}
2025/04/20 21:27:04 Sent {"src":"n0","dest":"c10","body":{"in_reply_to":11,"msg_id":63,"type":"broadcast_ok"}}
2025/04/20 21:27:04 Received {n3 n0 {"already_seen":false,"in_reply_to":27,"msg_id":57,"seen_nodes":["n3","n0"],"type":"gossip_ok"}}
2025/04/20 21:27:04 Received {n1 n0 {"already_seen":false,"in_reply_to":28,"msg_id":84,"seen_nodes":["n1","n0","n3"],"type":"gossip_ok"}}
2025/04/20 21:27:04 Received {c10 n0 {"type":"broadcast","message":24,"msg_id":12}}
2025/04/20 21:27:04 Sent {"src":"n0","dest":"n3","body":{"message":24,"message_id":"c10_12","msg_id":29,"seen_nodes":["n0","n3"],"type":"gossip"}}
2025/04/20 21:27:04 Sent {"src":"n0","dest":"n1","body":{"message":24,"message_id":"c10_12","msg_id":30,"seen_nodes":["n0","n3","n1"],"type":"gossip"}}
2025/04/20 21:27:04 Sent {"src":"n0","dest":"c10","body":{"in_reply_to":12,"msg_id":66,"type":"broadcast_ok"}}
2025/04/20 21:27:04 Received {n1 n0 {"already_seen":false,"in_reply_to":30,"msg_id":87,"seen_nodes":["n1","n0","n3"],"type":"gossip_ok"}}
2025/04/20 21:27:04 Received {n3 n0 {"already_seen":false,"in_reply_to":29,"msg_id":59,"seen_nodes":["n3","n0"],"type":"gossip_ok"}}
2025/04/20 21:27:04 Received {n1 n0 {"message":25,"message_id":"c12_7","msg_id":53,"seen_nodes":["n1","n2","n4","n0"],"type":"gossip"}}
2025/04/20 21:27:04 Sent {"src":"n0","dest":"n1","body":{"already_seen":false,"in_reply_to":53,"msg_id":67,"seen_nodes":["n0","n1","n2","n4"],"type":"gossip_ok"}}
2025/04/20 21:27:04 Sent {"src":"n0","dest":"n3","body":{"message":25,"message_id":"c12_7","msg_id":31,"seen_nodes":["n0","n1","n2","n4","n3"],"type":"gossip"}}
2025/04/20 21:27:04 Received {n3 n0 {"already_seen":false,"in_reply_to":31,"msg_id":62,"seen_nodes":["n3","n0","n1","n2","n4"],"type":"gossip_ok"}}
2025/04/20 21:27:04 Received {n3 n0 {"message":26,"message_id":"c13_7","msg_id":25,"seen_nodes":["n3","n0"],"type":"gossip"}}
2025/04/20 21:27:04 Sent {"src":"n0","dest":"n3","body":{"already_seen":false,"in_reply_to":25,"msg_id":69,"seen_nodes":["n0","n3"],"type":"gossip_ok"}}
2025/04/20 21:27:04 Sent {"src":"n0","dest":"n1","body":{"message":26,"message_id":"c13_7","msg_id":32,"seen_nodes":["n0","n3","n1"],"type":"gossip"}}
2025/04/20 21:27:04 Received {n1 n0 {"already_seen":true,"in_reply_to":32,"msg_id":97,"seen_nodes":["n1","n4","n3","n0","n2"],"type":"gossip_ok"}}
2025/04/20 21:27:04 Received {n3 n0 {"message":27,"message_id":"c14_7","msg_id":27,"seen_nodes":["n3","n4","n1","n0"],"type":"gossip"}}
2025/04/20 21:27:04 Sent {"src":"n0","dest":"n3","body":{"already_seen":false,"in_reply_to":27,"msg_id":71,"seen_nodes":["n0","n3","n4","n1"],"type":"gossip_ok"}}
2025/04/20 21:27:04 Received {n1 n0 {"message":27,"message_id":"c14_7","msg_id":56,"seen_nodes":["n1","n4","n2","n0"],"type":"gossip"}}
2025/04/20 21:27:04 Sent {"src":"n0","dest":"n1","body":{"already_seen":true,"in_reply_to":56,"msg_id":72,"seen_nodes":["n0","n3","n4","n1"],"type":"gossip_ok"}}
2025/04/20 21:27:04 Received {c10 n0 {"type":"read","msg_id":13}}
================================ [0 1 2 3 4 5 6 7 8 9 10 11 12 13 14 15 16 17 18 19 20 21 22 23 24 25 26 27]
2025/04/20 21:27:04 Sent {"src":"n0","dest":"c10","body":{"in_reply_to":13,"messages":[0,1,2,3,4,5,6,7,8,9,10,11,12,13,14,15,16,17,18,19,20,21,22,23,24,25,26,27],"msg_id":73,"type":"read_ok"}}
2025/04/20 21:27:04 Received {c10 n0 {"type":"read","msg_id":14}}
================================ [0 1 2 3 4 5 6 7 8 9 10 11 12 13 14 15 16 17 18 19 20 21 22 23 24 25 26 27]
2025/04/20 21:27:04 Sent {"src":"n0","dest":"c10","body":{"in_reply_to":14,"messages":[0,1,2,3,4,5,6,7,8,9,10,11,12,13,14,15,16,17,18,19,20,21,22,23,24,25,26,27],"msg_id":74,"type":"read_ok"}}
2025/04/20 21:27:04 Received {n1 n0 {"message":28,"message_id":"c11_9","msg_id":59,"seen_nodes":["n1","n4","n2","n0"],"type":"gossip"}}
2025/04/20 21:27:04 Sent {"src":"n0","dest":"n1","body":{"already_seen":false,"in_reply_to":59,"msg_id":75,"seen_nodes":["n0","n1","n4","n2"],"type":"gossip_ok"}}
2025/04/20 21:27:04 Sent {"src":"n0","dest":"n3","body":{"message":28,"message_id":"c11_9","msg_id":33,"seen_nodes":["n0","n1","n4","n2","n3"],"type":"gossip"}}
2025/04/20 21:27:04 Received {n3 n0 {"already_seen":true,"in_reply_to":33,"msg_id":69,"seen_nodes":["n3","n4","n1"],"type":"gossip_ok"}}
2025/04/20 21:27:04 Received {n3 n0 {"message":28,"message_id":"c11_9","msg_id":28,"seen_nodes":["n3","n4","n1","n0"],"type":"gossip"}}
2025/04/20 21:27:04 Sent {"src":"n0","dest":"n3","body":{"already_seen":true,"in_reply_to":28,"msg_id":77,"seen_nodes":["n0","n1","n4","n2","n3"],"type":"gossip_ok"}}
2025/04/20 21:27:05 Received {n1 n0 {"message":29,"message_id":"c14_8","msg_id":61,"seen_nodes":["n1","n4","n2","n0"],"type":"gossip"}}
2025/04/20 21:27:05 Received {n3 n0 {"message":29,"message_id":"c14_8","msg_id":29,"seen_nodes":["n3","n4","n1","n0"],"type":"gossip"}}
2025/04/20 21:27:05 Sent {"src":"n0","dest":"n1","body":{"already_seen":false,"in_reply_to":61,"msg_id":78,"seen_nodes":["n0","n1","n4","n2"],"type":"gossip_ok"}}
2025/04/20 21:27:05 Sent {"src":"n0","dest":"n3","body":{"already_seen":true,"in_reply_to":29,"msg_id":79,"seen_nodes":["n0","n1","n4","n2"],"type":"gossip_ok"}}
2025/04/20 21:27:05 Sent {"src":"n0","dest":"n3","body":{"message":29,"message_id":"c14_8","msg_id":34,"seen_nodes":["n0","n1","n4","n2","n3"],"type":"gossip"}}
2025/04/20 21:27:05 Received {n3 n0 {"already_seen":true,"in_reply_to":34,"msg_id":74,"seen_nodes":["n3","n4","n1","n0","n2"],"type":"gossip_ok"}}
2025/04/20 21:27:05 Received {c10 n0 {"type":"read","msg_id":15}}
================================ [0 1 2 3 4 5 6 7 8 9 10 11 12 13 14 15 16 17 18 19 20 21 22 23 24 25 26 27 28 29]
2025/04/20 21:27:05 Sent {"src":"n0","dest":"c10","body":{"in_reply_to":15,"messages":[0,1,2,3,4,5,6,7,8,9,10,11,12,13,14,15,16,17,18,19,20,21,22,23,24,25,26,27,28,29],"msg_id":81,"type":"read_ok"}}
2025/04/20 21:27:05 Received {c10 n0 {"type":"read","msg_id":16}}
================================ [0 1 2 3 4 5 6 7 8 9 10 11 12 13 14 15 16 17 18 19 20 21 22 23 24 25 26 27 28 29]
2025/04/20 21:27:05 Sent {"src":"n0","dest":"c10","body":{"in_reply_to":16,"messages":[0,1,2,3,4,5,6,7,8,9,10,11,12,13,14,15,16,17,18,19,20,21,22,23,24,25,26,27,28,29],"msg_id":82,"type":"read_ok"}}
2025/04/20 21:27:05 Received {n1 n0 {"message":30,"message_id":"c11_10","msg_id":64,"seen_nodes":["n1","n4","n2","n0"],"type":"gossip"}}
2025/04/20 21:27:05 Sent {"src":"n0","dest":"n1","body":{"already_seen":false,"in_reply_to":64,"msg_id":83,"seen_nodes":["n0","n1","n4","n2"],"type":"gossip_ok"}}
2025/04/20 21:27:05 Sent {"src":"n0","dest":"n3","body":{"message":30,"message_id":"c11_10","msg_id":35,"seen_nodes":["n0","n1","n4","n2","n3"],"type":"gossip"}}
2025/04/20 21:27:05 Received {n3 n0 {"message":30,"message_id":"c11_10","msg_id":30,"seen_nodes":["n3","n4","n1","n0"],"type":"gossip"}}
2025/04/20 21:27:05 Sent {"src":"n0","dest":"n3","body":{"already_seen":true,"in_reply_to":30,"msg_id":85,"seen_nodes":["n0","n1","n4","n2","n3"],"type":"gossip_ok"}}
2025/04/20 21:27:05 Received {n3 n0 {"already_seen":true,"in_reply_to":35,"msg_id":77,"seen_nodes":["n3","n4","n1","n0"],"type":"gossip_ok"}}
2025/04/20 21:27:05 Received {c10 n0 {"type":"broadcast","message":31,"msg_id":17}}
2025/04/20 21:27:05 Sent {"src":"n0","dest":"n3","body":{"message":31,"message_id":"c10_17","msg_id":36,"seen_nodes":["n0","n3"],"type":"gossip"}}
2025/04/20 21:27:05 Sent {"src":"n0","dest":"n1","body":{"message":31,"message_id":"c10_17","msg_id":37,"seen_nodes":["n0","n3","n1"],"type":"gossip"}}
2025/04/20 21:27:05 Sent {"src":"n0","dest":"c10","body":{"in_reply_to":17,"msg_id":88,"type":"broadcast_ok"}}
2025/04/20 21:27:05 Received {n3 n0 {"already_seen":false,"in_reply_to":36,"msg_id":79,"seen_nodes":["n3","n0"],"type":"gossip_ok"}}
2025/04/20 21:27:05 Received {n1 n0 {"already_seen":false,"in_reply_to":37,"msg_id":112,"seen_nodes":["n1","n0","n3"],"type":"gossip_ok"}}
2025/04/20 21:27:05 Received {c10 n0 {"type":"read","msg_id":18}}
================================ [0 1 2 3 4 5 6 7 8 9 10 11 12 13 14 15 16 17 18 19 20 21 22 23 24 25 26 27 28 29 30 31]
2025/04/20 21:27:05 Sent {"src":"n0","dest":"c10","body":{"in_reply_to":18,"messages":[0,1,2,3,4,5,6,7,8,9,10,11,12,13,14,15,16,17,18,19,20,21,22,23,24,25,26,27,28,29,30,31],"msg_id":89,"type":"read_ok"}}
2025/04/20 21:27:05 Received {n1 n0 {"message":32,"message_id":"c11_11","msg_id":69,"seen_nodes":["n1","n4","n2","n0"],"type":"gossip"}}
2025/04/20 21:27:05 Sent {"src":"n0","dest":"n1","body":{"already_seen":false,"in_reply_to":69,"msg_id":90,"seen_nodes":["n0","n1","n4","n2"],"type":"gossip_ok"}}
2025/04/20 21:27:05 Sent {"src":"n0","dest":"n3","body":{"message":32,"message_id":"c11_11","msg_id":38,"seen_nodes":["n0","n1","n4","n2","n3"],"type":"gossip"}}
2025/04/20 21:27:05 Received {n3 n0 {"message":32,"message_id":"c11_11","msg_id":32,"seen_nodes":["n3","n4","n1","n0"],"type":"gossip"}}
2025/04/20 21:27:05 Received {n3 n0 {"already_seen":true,"in_reply_to":38,"msg_id":83,"seen_nodes":["n3","n4","n1","n0"],"type":"gossip_ok"}}
2025/04/20 21:27:05 Sent {"src":"n0","dest":"n3","body":{"already_seen":true,"in_reply_to":32,"msg_id":92,"seen_nodes":["n0","n1","n4","n2","n3"],"type":"gossip_ok"}}
2025/04/20 21:27:06 Received {n1 n0 {"message":33,"message_id":"c12_10","msg_id":71,"seen_nodes":["n1","n2","n4","n0"],"type":"gossip"}}
2025/04/20 21:27:06 Sent {"src":"n0","dest":"n1","body":{"already_seen":false,"in_reply_to":71,"msg_id":93,"seen_nodes":["n0","n1","n2","n4"],"type":"gossip_ok"}}
2025/04/20 21:27:06 Sent {"src":"n0","dest":"n3","body":{"message":33,"message_id":"c12_10","msg_id":39,"seen_nodes":["n0","n1","n2","n4","n3"],"type":"gossip"}}
2025/04/20 21:27:06 Received {n3 n0 {"already_seen":false,"in_reply_to":39,"msg_id":84,"seen_nodes":["n3","n0","n1","n2","n4"],"type":"gossip_ok"}}
2025/04/20 21:27:06 Received {n3 n0 {"message":34,"message_id":"c14_10","msg_id":33,"seen_nodes":["n3","n4","n1","n0"],"type":"gossip"}}
2025/04/20 21:27:06 Received {n1 n0 {"message":34,"message_id":"c14_10","msg_id":73,"seen_nodes":["n1","n4","n2","n0"],"type":"gossip"}}
2025/04/20 21:27:06 Sent {"src":"n0","dest":"n3","body":{"already_seen":false,"in_reply_to":33,"msg_id":95,"seen_nodes":["n0","n3","n4","n1"],"type":"gossip_ok"}}
2025/04/20 21:27:06 Sent {"src":"n0","dest":"n1","body":{"already_seen":true,"in_reply_to":73,"msg_id":96,"seen_nodes":["n0","n3","n4","n1"],"type":"gossip_ok"}}
2025/04/20 21:27:06 Received {c10 n0 {"type":"broadcast","message":35,"msg_id":19}}
2025/04/20 21:27:06 Sent {"src":"n0","dest":"n3","body":{"message":35,"message_id":"c10_19","msg_id":40,"seen_nodes":["n0","n3"],"type":"gossip"}}
2025/04/20 21:27:06 Sent {"src":"n0","dest":"n1","body":{"message":35,"message_id":"c10_19","msg_id":41,"seen_nodes":["n0","n3","n1"],"type":"gossip"}}
2025/04/20 21:27:06 Sent {"src":"n0","dest":"c10","body":{"in_reply_to":19,"msg_id":99,"type":"broadcast_ok"}}
2025/04/20 21:27:06 Received {n3 n0 {"already_seen":false,"in_reply_to":40,"msg_id":89,"seen_nodes":["n3","n0"],"type":"gossip_ok"}}
2025/04/20 21:27:06 Received {n1 n0 {"already_seen":false,"in_reply_to":41,"msg_id":126,"seen_nodes":["n1","n0","n3"],"type":"gossip_ok"}}
2025/04/20 21:27:06 Received {c10 n0 {"type":"read","msg_id":20}}
================================ [0 1 2 3 4 5 6 7 8 9 10 11 12 13 14 15 16 17 18 19 20 21 22 23 24 25 26 27 28 29 30 31 32 33 34 35]
2025/04/20 21:27:06 Sent {"src":"n0","dest":"c10","body":{"in_reply_to":20,"messages":[0,1,2,3,4,5,6,7,8,9,10,11,12,13,14,15,16,17,18,19,20,21,22,23,24,25,26,27,28,29,30,31,32,33,34,35],"msg_id":100,"type":"read_ok"}}
2025/04/20 21:27:06 Received {n3 n0 {"message":36,"message_id":"c13_11","msg_id":35,"seen_nodes":["n3","n0"],"type":"gossip"}}
2025/04/20 21:27:06 Sent {"src":"n0","dest":"n3","body":{"already_seen":false,"in_reply_to":35,"msg_id":101,"seen_nodes":["n0","n3"],"type":"gossip_ok"}}
2025/04/20 21:27:06 Sent {"src":"n0","dest":"n1","body":{"message":36,"message_id":"c13_11","msg_id":42,"seen_nodes":["n0","n3","n1"],"type":"gossip"}}
2025/04/20 21:27:06 Received {n1 n0 {"already_seen":false,"in_reply_to":42,"msg_id":130,"seen_nodes":["n1","n0","n3"],"type":"gossip_ok"}}
2025/04/20 21:27:06 Received {n3 n0 {"message":37,"message_id":"c14_11","msg_id":37,"seen_nodes":["n3","n4","n1","n0"],"type":"gossip"}}
2025/04/20 21:27:06 Received {n1 n0 {"message":37,"message_id":"c14_11","msg_id":79,"seen_nodes":["n1","n4","n2","n0"],"type":"gossip"}}
2025/04/20 21:27:06 Sent {"src":"n0","dest":"n3","body":{"already_seen":false,"in_reply_to":37,"msg_id":103,"seen_nodes":["n0","n3","n4","n1"],"type":"gossip_ok"}}
2025/04/20 21:27:06 Sent {"src":"n0","dest":"n1","body":{"already_seen":true,"in_reply_to":79,"msg_id":104,"seen_nodes":["n0","n3","n4","n1"],"type":"gossip_ok"}}
2025/04/20 21:27:06 Received {c10 n0 {"type":"broadcast","message":38,"msg_id":21}}
2025/04/20 21:27:06 Sent {"src":"n0","dest":"n3","body":{"message":38,"message_id":"c10_21","msg_id":43,"seen_nodes":["n0","n3"],"type":"gossip"}}
2025/04/20 21:27:06 Sent {"src":"n0","dest":"n1","body":{"message":38,"message_id":"c10_21","msg_id":44,"seen_nodes":["n0","n3","n1"],"type":"gossip"}}
2025/04/20 21:27:06 Sent {"src":"n0","dest":"c10","body":{"in_reply_to":21,"msg_id":107,"type":"broadcast_ok"}}
2025/04/20 21:27:06 Received {n1 n0 {"already_seen":false,"in_reply_to":44,"msg_id":137,"seen_nodes":["n1","n0","n3"],"type":"gossip_ok"}}
2025/04/20 21:27:06 Received {n3 n0 {"already_seen":false,"in_reply_to":43,"msg_id":96,"seen_nodes":["n3","n0"],"type":"gossip_ok"}}
2025/04/20 21:27:06 Received {c10 n0 {"type":"read","msg_id":22}}
================================ [0 1 2 3 4 5 6 7 8 9 10 11 12 13 14 15 16 17 18 19 20 21 22 23 24 25 26 27 28 29 30 31 32 33 34 35 36 37 38]
2025/04/20 21:27:06 Sent {"src":"n0","dest":"c10","body":{"in_reply_to":22,"messages":[0,1,2,3,4,5,6,7,8,9,10,11,12,13,14,15,16,17,18,19,20,21,22,23,24,25,26,27,28,29,30,31,32,33,34,35,36,37,38],"msg_id":108,"type":"read_ok"}}
2025/04/20 21:27:06 Received {n1 n0 {"message":39,"message_id":"c11_13","msg_id":84,"seen_nodes":["n1","n4","n2","n0"],"type":"gossip"}}
2025/04/20 21:27:06 Sent {"src":"n0","dest":"n1","body":{"already_seen":false,"in_reply_to":84,"msg_id":109,"seen_nodes":["n0","n1","n4","n2"],"type":"gossip_ok"}}
2025/04/20 21:27:06 Sent {"src":"n0","dest":"n3","body":{"message":39,"message_id":"c11_13","msg_id":45,"seen_nodes":["n0","n1","n4","n2","n3"],"type":"gossip"}}
2025/04/20 21:27:06 Received {n3 n0 {"already_seen":true,"in_reply_to":45,"msg_id":99,"seen_nodes":["n3","n4","n1"],"type":"gossip_ok"}}
2025/04/20 21:27:06 Received {n3 n0 {"message":39,"message_id":"c11_13","msg_id":39,"seen_nodes":["n3","n4","n1","n0"],"type":"gossip"}}
2025/04/20 21:27:06 Sent {"src":"n0","dest":"n3","body":{"already_seen":true,"in_reply_to":39,"msg_id":111,"seen_nodes":["n0","n1","n4","n2","n3"],"type":"gossip_ok"}}
2025/04/20 21:27:07 Received {n3 n0 {"message":40,"message_id":"c13_12","msg_id":40,"seen_nodes":["n3","n0"],"type":"gossip"}}
2025/04/20 21:27:07 Sent {"src":"n0","dest":"n3","body":{"already_seen":false,"in_reply_to":40,"msg_id":112,"seen_nodes":["n0","n3"],"type":"gossip_ok"}}
2025/04/20 21:27:07 Sent {"src":"n0","dest":"n1","body":{"message":40,"message_id":"c13_12","msg_id":46,"seen_nodes":["n0","n3","n1"],"type":"gossip"}}
2025/04/20 21:27:07 Received {n1 n0 {"already_seen":false,"in_reply_to":46,"msg_id":144,"seen_nodes":["n1","n0","n3"],"type":"gossip_ok"}}
2025/04/20 21:27:07 Received {n1 n0 {"message":41,"message_id":"c14_12","msg_id":88,"seen_nodes":["n1","n4","n2","n0"],"type":"gossip"}}
2025/04/20 21:27:07 Received {n3 n0 {"message":41,"message_id":"c14_12","msg_id":42,"seen_nodes":["n3","n4","n1","n0"],"type":"gossip"}}
2025/04/20 21:27:07 Sent {"src":"n0","dest":"n1","body":{"already_seen":true,"in_reply_to":88,"msg_id":114,"seen_nodes":["n0","n3"],"type":"gossip_ok"}}
2025/04/20 21:27:07 Sent {"src":"n0","dest":"n3","body":{"already_seen":false,"in_reply_to":42,"msg_id":115,"seen_nodes":["n0","n3","n4","n1"],"type":"gossip_ok"}}
2025/04/20 21:27:07 Received {c10 n0 {"type":"read","msg_id":23}}
================================ [0 1 2 3 4 5 6 7 8 9 10 11 12 13 14 15 16 17 18 19 20 21 22 23 24 25 26 27 28 29 30 31 32 33 34 35 36 37 38 39 40 41]
2025/04/20 21:27:07 Sent {"src":"n0","dest":"c10","body":{"in_reply_to":23,"messages":[0,1,2,3,4,5,6,7,8,9,10,11,12,13,14,15,16,17,18,19,20,21,22,23,24,25,26,27,28,29,30,31,32,33,34,35,36,37,38,39,40,41],"msg_id":116,"type":"read_ok"}}
2025/04/20 21:27:07 Received {c10 n0 {"type":"read","msg_id":24}}
================================ [0 1 2 3 4 5 6 7 8 9 10 11 12 13 14 15 16 17 18 19 20 21 22 23 24 25 26 27 28 29 30 31 32 33 34 35 36 37 38 39 40 41]
2025/04/20 21:27:07 Sent {"src":"n0","dest":"c10","body":{"in_reply_to":24,"messages":[0,1,2,3,4,5,6,7,8,9,10,11,12,13,14,15,16,17,18,19,20,21,22,23,24,25,26,27,28,29,30,31,32,33,34,35,36,37,38,39,40,41],"msg_id":117,"type":"read_ok"}}
2025/04/20 21:27:07 Received {n3 n0 {"message":42,"message_id":"c13_13","msg_id":43,"seen_nodes":["n3","n0"],"type":"gossip"}}
2025/04/20 21:27:07 Sent {"src":"n0","dest":"n3","body":{"already_seen":false,"in_reply_to":43,"msg_id":118,"seen_nodes":["n0","n3"],"type":"gossip_ok"}}
2025/04/20 21:27:07 Sent {"src":"n0","dest":"n1","body":{"message":42,"message_id":"c13_13","msg_id":47,"seen_nodes":["n0","n3","n1"],"type":"gossip"}}
2025/04/20 21:27:07 Received {n1 n0 {"already_seen":false,"in_reply_to":47,"msg_id":152,"seen_nodes":["n1","n0","n3"],"type":"gossip_ok"}}
2025/04/20 21:27:07 Received {n1 n0 {"message":43,"message_id":"c14_13","msg_id":92,"seen_nodes":["n1","n4","n2","n0"],"type":"gossip"}}
2025/04/20 21:27:07 Received {n3 n0 {"message":43,"message_id":"c14_13","msg_id":45,"seen_nodes":["n3","n4","n1","n0"],"type":"gossip"}}
2025/04/20 21:27:07 Sent {"src":"n0","dest":"n1","body":{"already_seen":false,"in_reply_to":92,"msg_id":120,"seen_nodes":["n0","n1","n4","n2"],"type":"gossip_ok"}}
2025/04/20 21:27:07 Sent {"src":"n0","dest":"n3","body":{"message":43,"message_id":"c14_13","msg_id":48,"seen_nodes":["n0","n1","n4","n2","n3"],"type":"gossip"}}
2025/04/20 21:27:07 Sent {"src":"n0","dest":"n3","body":{"already_seen":true,"in_reply_to":45,"msg_id":122,"seen_nodes":["n0","n1","n4","n2","n3"],"type":"gossip_ok"}}
2025/04/20 21:27:07 Received {n3 n0 {"already_seen":true,"in_reply_to":48,"msg_id":111,"seen_nodes":["n3","n4","n1","n0"],"type":"gossip_ok"}}
2025/04/20 21:27:08 Received {c10 n0 {"type":"broadcast","message":44,"msg_id":25}}
2025/04/20 21:27:08 Sent {"src":"n0","dest":"n3","body":{"message":44,"message_id":"c10_25","msg_id":49,"seen_nodes":["n0","n3"],"type":"gossip"}}
2025/04/20 21:27:08 Sent {"src":"n0","dest":"n1","body":{"message":44,"message_id":"c10_25","msg_id":50,"seen_nodes":["n0","n3","n1"],"type":"gossip"}}
2025/04/20 21:27:08 Sent {"src":"n0","dest":"c10","body":{"in_reply_to":25,"msg_id":125,"type":"broadcast_ok"}}
2025/04/20 21:27:08 Received {n1 n0 {"already_seen":false,"in_reply_to":50,"msg_id":159,"seen_nodes":["n1","n0","n3"],"type":"gossip_ok"}}
2025/04/20 21:27:08 Received {n3 n0 {"already_seen":false,"in_reply_to":49,"msg_id":112,"seen_nodes":["n3","n0"],"type":"gossip_ok"}}
2025/04/20 21:27:08 Received {c10 n0 {"type":"read","msg_id":26}}
================================ [0 1 2 3 4 5 6 7 8 9 10 11 12 13 14 15 16 17 18 19 20 21 22 23 24 25 26 27 28 29 30 31 32 33 34 35 36 37 38 39 40 41 42 43 44]
2025/04/20 21:27:08 Sent {"src":"n0","dest":"c10","body":{"in_reply_to":26,"messages":[0,1,2,3,4,5,6,7,8,9,10,11,12,13,14,15,16,17,18,19,20,21,22,23,24,25,26,27,28,29,30,31,32,33,34,35,36,37,38,39,40,41,42,43,44],"msg_id":126,"type":"read_ok"}}
2025/04/20 21:27:08 Received {n1 n0 {"message":45,"message_id":"c11_15","msg_id":97,"seen_nodes":["n1","n4","n2","n0"],"type":"gossip"}}
2025/04/20 21:27:08 Sent {"src":"n0","dest":"n1","body":{"already_seen":false,"in_reply_to":97,"msg_id":127,"seen_nodes":["n0","n1","n4","n2"],"type":"gossip_ok"}}
2025/04/20 21:27:08 Sent {"src":"n0","dest":"n3","body":{"message":45,"message_id":"c11_15","msg_id":51,"seen_nodes":["n0","n1","n4","n2","n3"],"type":"gossip"}}
2025/04/20 21:27:08 Received {n3 n0 {"already_seen":true,"in_reply_to":51,"msg_id":116,"seen_nodes":["n3","n4","n1","n0"],"type":"gossip_ok"}}
2025/04/20 21:27:08 Received {n3 n0 {"message":45,"message_id":"c11_15","msg_id":47,"seen_nodes":["n3","n4","n1","n0"],"type":"gossip"}}
2025/04/20 21:27:08 Sent {"src":"n0","dest":"n3","body":{"already_seen":true,"in_reply_to":47,"msg_id":129,"seen_nodes":["n0","n1","n4","n2","n3"],"type":"gossip_ok"}}
2025/04/20 21:27:08 Received {n1 n0 {"message":46,"message_id":"c12_14","msg_id":99,"seen_nodes":["n1","n2","n4","n0"],"type":"gossip"}}
2025/04/20 21:27:08 Sent {"src":"n0","dest":"n1","body":{"already_seen":false,"in_reply_to":99,"msg_id":130,"seen_nodes":["n0","n1","n2","n4"],"type":"gossip_ok"}}
2025/04/20 21:27:08 Sent {"src":"n0","dest":"n3","body":{"message":46,"message_id":"c12_14","msg_id":52,"seen_nodes":["n0","n1","n2","n4","n3"],"type":"gossip"}}
2025/04/20 21:27:08 Received {n3 n0 {"message":46,"message_id":"c12_14","msg_id":48,"seen_nodes":["n3","n4","n1","n2","n0"],"type":"gossip"}}
2025/04/20 21:27:08 Received {n3 n0 {"already_seen":true,"in_reply_to":52,"msg_id":119,"seen_nodes":["n3","n4","n1","n2","n0"],"type":"gossip_ok"}}
2025/04/20 21:27:08 Sent {"src":"n0","dest":"n3","body":{"already_seen":true,"in_reply_to":48,"msg_id":132,"seen_nodes":["n0","n1","n2","n4","n3"],"type":"gossip_ok"}}
2025/04/20 21:27:08 Received {c10 n0 {"type":"broadcast","message":47,"msg_id":27}}
2025/04/20 21:27:08 Sent {"src":"n0","dest":"n3","body":{"message":47,"message_id":"c10_27","msg_id":53,"seen_nodes":["n0","n3"],"type":"gossip"}}
2025/04/20 21:27:08 Sent {"src":"n0","dest":"n1","body":{"message":47,"message_id":"c10_27","msg_id":54,"seen_nodes":["n0","n3","n1"],"type":"gossip"}}
2025/04/20 21:27:08 Sent {"src":"n0","dest":"c10","body":{"in_reply_to":27,"msg_id":135,"type":"broadcast_ok"}}
2025/04/20 21:27:08 Received {n3 n0 {"already_seen":false,"in_reply_to":53,"msg_id":121,"seen_nodes":["n3","n0"],"type":"gossip_ok"}}
2025/04/20 21:27:08 Received {n1 n0 {"already_seen":false,"in_reply_to":54,"msg_id":169,"seen_nodes":["n1","n0","n3"],"type":"gossip_ok"}}
2025/04/20 21:27:08 Received {c10 n0 {"type":"broadcast","message":48,"msg_id":28}}
2025/04/20 21:27:08 Sent {"src":"n0","dest":"n3","body":{"message":48,"message_id":"c10_28","msg_id":55,"seen_nodes":["n0","n3"],"type":"gossip"}}
2025/04/20 21:27:08 Sent {"src":"n0","dest":"n1","body":{"message":48,"message_id":"c10_28","msg_id":56,"seen_nodes":["n0","n3","n1"],"type":"gossip"}}
2025/04/20 21:27:08 Sent {"src":"n0","dest":"c10","body":{"in_reply_to":28,"msg_id":138,"type":"broadcast_ok"}}
2025/04/20 21:27:08 Received {n3 n0 {"already_seen":false,"in_reply_to":55,"msg_id":123,"seen_nodes":["n3","n0"],"type":"gossip_ok"}}
2025/04/20 21:27:08 Received {n1 n0 {"already_seen":false,"in_reply_to":56,"msg_id":173,"seen_nodes":["n1","n0","n3"],"type":"gossip_ok"}}
2025/04/20 21:27:09 Received {n3 n0 {"message":49,"message_id":"c13_15","msg_id":51,"seen_nodes":["n3","n0"],"type":"gossip"}}
2025/04/20 21:27:09 Sent {"src":"n0","dest":"n3","body":{"already_seen":false,"in_reply_to":51,"msg_id":139,"seen_nodes":["n0","n3"],"type":"gossip_ok"}}
2025/04/20 21:27:09 Sent {"src":"n0","dest":"n1","body":{"message":49,"message_id":"c13_15","msg_id":57,"seen_nodes":["n0","n3","n1"],"type":"gossip"}}
2025/04/20 21:27:09 Received {n1 n0 {"already_seen":false,"in_reply_to":57,"msg_id":178,"seen_nodes":["n1","n0","n3"],"type":"gossip_ok"}}
2025/04/20 21:27:09 Received {n3 n0 {"message":50,"message_id":"c14_15","msg_id":53,"seen_nodes":["n3","n4","n1","n0"],"type":"gossip"}}
2025/04/20 21:27:09 Received {n1 n0 {"message":50,"message_id":"c14_15","msg_id":107,"seen_nodes":["n1","n4","n2","n0"],"type":"gossip"}}
2025/04/20 21:27:09 Sent {"src":"n0","dest":"n3","body":{"already_seen":false,"in_reply_to":53,"msg_id":141,"seen_nodes":["n0","n3","n4","n1"],"type":"gossip_ok"}}
2025/04/20 21:27:09 Sent {"src":"n0","dest":"n1","body":{"already_seen":true,"in_reply_to":107,"msg_id":142,"seen_nodes":["n0","n3","n4","n1"],"type":"gossip_ok"}}
2025/04/20 21:27:09 Received {c10 n0 {"type":"broadcast","message":51,"msg_id":29}}
2025/04/20 21:27:09 Sent {"src":"n0","dest":"n3","body":{"message":51,"message_id":"c10_29","msg_id":58,"seen_nodes":["n0","n3"],"type":"gossip"}}
2025/04/20 21:27:09 Sent {"src":"n0","dest":"n1","body":{"message":51,"message_id":"c10_29","msg_id":59,"seen_nodes":["n0","n3","n1"],"type":"gossip"}}
2025/04/20 21:27:09 Sent {"src":"n0","dest":"c10","body":{"in_reply_to":29,"msg_id":145,"type":"broadcast_ok"}}
2025/04/20 21:27:09 Received {n1 n0 {"already_seen":false,"in_reply_to":59,"msg_id":185,"seen_nodes":["n1","n0","n3"],"type":"gossip_ok"}}
2025/04/20 21:27:09 Received {n3 n0 {"already_seen":false,"in_reply_to":58,"msg_id":130,"seen_nodes":["n3","n0"],"type":"gossip_ok"}}
2025/04/20 21:27:09 Received {c10 n0 {"type":"read","msg_id":30}}
================================ [0 1 2 3 4 5 6 7 8 9 10 11 12 13 14 15 16 17 18 19 20 21 22 23 24 25 26 27 28 29 30 31 32 33 34 35 36 37 38 39 40 41 42 43 44 45 46 47 48 49 50 51]
2025/04/20 21:27:09 Sent {"src":"n0","dest":"c10","body":{"in_reply_to":30,"messages":[0,1,2,3,4,5,6,7,8,9,10,11,12,13,14,15,16,17,18,19,20,21,22,23,24,25,26,27,28,29,30,31,32,33,34,35,36,37,38,39,40,41,42,43,44,45,46,47,48,49,50,51],"msg_id":146,"type":"read_ok"}}
2025/04/20 21:27:09 Received {n1 n0 {"message":52,"message_id":"c11_17","msg_id":112,"seen_nodes":["n1","n4","n2","n0"],"type":"gossip"}}
2025/04/20 21:27:09 Sent {"src":"n0","dest":"n1","body":{"already_seen":false,"in_reply_to":112,"msg_id":147,"seen_nodes":["n0","n1","n4","n2"],"type":"gossip_ok"}}
2025/04/20 21:27:09 Sent {"src":"n0","dest":"n3","body":{"message":52,"message_id":"c11_17","msg_id":60,"seen_nodes":["n0","n1","n4","n2","n3"],"type":"gossip"}}
2025/04/20 21:27:09 Received {n3 n0 {"already_seen":true,"in_reply_to":60,"msg_id":133,"seen_nodes":["n3","n4","n1"],"type":"gossip_ok"}}
2025/04/20 21:27:09 Received {n3 n0 {"message":52,"message_id":"c11_17","msg_id":55,"seen_nodes":["n3","n4","n1","n0"],"type":"gossip"}}
2025/04/20 21:27:09 Sent {"src":"n0","dest":"n3","body":{"already_seen":true,"in_reply_to":55,"msg_id":149,"seen_nodes":["n0","n1","n4","n2","n3"],"type":"gossip_ok"}}
2025/04/20 21:27:09 Received {n1 n0 {"message":53,"message_id":"c12_16","msg_id":114,"seen_nodes":["n1","n2","n4","n0"],"type":"gossip"}}
2025/04/20 21:27:09 Sent {"src":"n0","dest":"n1","body":{"already_seen":false,"in_reply_to":114,"msg_id":150,"seen_nodes":["n0","n1","n2","n4"],"type":"gossip_ok"}}
2025/04/20 21:27:09 Sent {"src":"n0","dest":"n3","body":{"message":53,"message_id":"c12_16","msg_id":61,"seen_nodes":["n0","n1","n2","n4","n3"],"type":"gossip"}}
2025/04/20 21:27:09 Received {n3 n0 {"message":53,"message_id":"c12_16","msg_id":56,"seen_nodes":["n3","n4","n1","n2","n0"],"type":"gossip"}}
2025/04/20 21:27:09 Received {n3 n0 {"already_seen":true,"in_reply_to":61,"msg_id":136,"seen_nodes":["n3","n4","n1","n2"],"type":"gossip_ok"}}
2025/04/20 21:27:09 Sent {"src":"n0","dest":"n3","body":{"already_seen":true,"in_reply_to":56,"msg_id":152,"seen_nodes":["n0","n1","n2","n4","n3"],"type":"gossip_ok"}}
2025/04/20 21:27:09 Received {c10 n0 {"type":"read","msg_id":31}}
================================ [0 1 2 3 4 5 6 7 8 9 10 11 12 13 14 15 16 17 18 19 20 21 22 23 24 25 26 27 28 29 30 31 32 33 34 35 36 37 38 39 40 41 42 43 44 45 46 47 48 49 50 51 52 53]
2025/04/20 21:27:09 Sent {"src":"n0","dest":"c10","body":{"in_reply_to":31,"messages":[0,1,2,3,4,5,6,7,8,9,10,11,12,13,14,15,16,17,18,19,20,21,22,23,24,25,26,27,28,29,30,31,32,33,34,35,36,37,38,39,40,41,42,43,44,45,46,47,48,49,50,51,52,53],"msg_id":153,"type":"read_ok"}}
2025/04/20 21:27:09 Received {c10 n0 {"type":"read","msg_id":32}}
================================ [0 1 2 3 4 5 6 7 8 9 10 11 12 13 14 15 16 17 18 19 20 21 22 23 24 25 26 27 28 29 30 31 32 33 34 35 36 37 38 39 40 41 42 43 44 45 46 47 48 49 50 51 52 53]
2025/04/20 21:27:09 Sent {"src":"n0","dest":"c10","body":{"in_reply_to":32,"messages":[0,1,2,3,4,5,6,7,8,9,10,11,12,13,14,15,16,17,18,19,20,21,22,23,24,25,26,27,28,29,30,31,32,33,34,35,36,37,38,39,40,41,42,43,44,45,46,47,48,49,50,51,52,53],"msg_id":154,"type":"read_ok"}}
2025/04/20 21:27:10 Received {c10 n0 {"type":"broadcast","message":54,"msg_id":33}}
2025/04/20 21:27:10 Sent {"src":"n0","dest":"n3","body":{"message":54,"message_id":"c10_33","msg_id":62,"seen_nodes":["n0","n3"],"type":"gossip"}}
2025/04/20 21:27:10 Sent {"src":"n0","dest":"n1","body":{"message":54,"message_id":"c10_33","msg_id":63,"seen_nodes":["n0","n3","n1"],"type":"gossip"}}
2025/04/20 21:27:10 Sent {"src":"n0","dest":"c10","body":{"in_reply_to":33,"msg_id":157,"type":"broadcast_ok"}}
2025/04/20 21:27:10 Received {n3 n0 {"already_seen":false,"in_reply_to":62,"msg_id":140,"seen_nodes":["n3","n0"],"type":"gossip_ok"}}
2025/04/20 21:27:10 Received {n1 n0 {"already_seen":false,"in_reply_to":63,"msg_id":196,"seen_nodes":["n1","n0","n3"],"type":"gossip_ok"}}
2025/04/20 21:27:10 Received {c10 n0 {"type":"broadcast","message":55,"msg_id":34}}
2025/04/20 21:27:10 Sent {"src":"n0","dest":"n3","body":{"message":55,"message_id":"c10_34","msg_id":64,"seen_nodes":["n0","n3"],"type":"gossip"}}
2025/04/20 21:27:10 Sent {"src":"n0","dest":"n1","body":{"message":55,"message_id":"c10_34","msg_id":65,"seen_nodes":["n0","n3","n1"],"type":"gossip"}}
2025/04/20 21:27:10 Sent {"src":"n0","dest":"c10","body":{"in_reply_to":34,"msg_id":160,"type":"broadcast_ok"}}
2025/04/20 21:27:10 Received {n1 n0 {"already_seen":false,"in_reply_to":65,"msg_id":200,"seen_nodes":["n1","n0","n3"],"type":"gossip_ok"}}
2025/04/20 21:27:10 Received {n3 n0 {"already_seen":false,"in_reply_to":64,"msg_id":142,"seen_nodes":["n3","n0"],"type":"gossip_ok"}}
2025/04/20 21:27:10 Received {n1 n0 {"message":56,"message_id":"c11_19","msg_id":121,"seen_nodes":["n1","n4","n2","n0"],"type":"gossip"}}
2025/04/20 21:27:10 Sent {"src":"n0","dest":"n1","body":{"already_seen":false,"in_reply_to":121,"msg_id":161,"seen_nodes":["n0","n1","n4","n2"],"type":"gossip_ok"}}
2025/04/20 21:27:10 Sent {"src":"n0","dest":"n3","body":{"message":56,"message_id":"c11_19","msg_id":66,"seen_nodes":["n0","n1","n4","n2","n3"],"type":"gossip"}}
2025/04/20 21:27:10 Received {n3 n0 {"message":56,"message_id":"c11_19","msg_id":59,"seen_nodes":["n3","n4","n1","n0"],"type":"gossip"}}
2025/04/20 21:27:10 Received {n3 n0 {"already_seen":true,"in_reply_to":66,"msg_id":146,"seen_nodes":["n3","n4","n1","n0"],"type":"gossip_ok"}}
2025/04/20 21:27:10 Sent {"src":"n0","dest":"n3","body":{"already_seen":true,"in_reply_to":59,"msg_id":163,"seen_nodes":["n0","n1","n4","n2","n3"],"type":"gossip_ok"}}
2025/04/20 21:27:10 Received {n1 n0 {"message":57,"message_id":"c12_18","msg_id":123,"seen_nodes":["n1","n2","n4","n0"],"type":"gossip"}}
2025/04/20 21:27:10 Sent {"src":"n0","dest":"n1","body":{"already_seen":false,"in_reply_to":123,"msg_id":164,"seen_nodes":["n0","n1","n2","n4"],"type":"gossip_ok"}}
2025/04/20 21:27:10 Sent {"src":"n0","dest":"n3","body":{"message":57,"message_id":"c12_18","msg_id":67,"seen_nodes":["n0","n1","n2","n4","n3"],"type":"gossip"}}
2025/04/20 21:27:10 Received {n3 n0 {"already_seen":true,"in_reply_to":67,"msg_id":147,"seen_nodes":["n3","n4","n1","n2"],"type":"gossip_ok"}}
2025/04/20 21:27:10 Received {n3 n0 {"message":57,"message_id":"c12_18","msg_id":60,"seen_nodes":["n3","n4","n1","n2","n0"],"type":"gossip"}}
2025/04/20 21:27:10 Sent {"src":"n0","dest":"n3","body":{"already_seen":true,"in_reply_to":60,"msg_id":166,"seen_nodes":["n0","n1","n2","n4","n3"],"type":"gossip_ok"}}
2025/04/20 21:27:10 Received {n3 n0 {"message":58,"message_id":"c13_18","msg_id":61,"seen_nodes":["n3","n0"],"type":"gossip"}}
2025/04/20 21:27:10 Sent {"src":"n0","dest":"n3","body":{"already_seen":false,"in_reply_to":61,"msg_id":167,"seen_nodes":["n0","n3"],"type":"gossip_ok"}}
2025/04/20 21:27:10 Sent {"src":"n0","dest":"n1","body":{"message":58,"message_id":"c13_18","msg_id":68,"seen_nodes":["n0","n3","n1"],"type":"gossip"}}
2025/04/20 21:27:10 Received {n1 n0 {"already_seen":false,"in_reply_to":68,"msg_id":210,"seen_nodes":["n1","n0","n3"],"type":"gossip_ok"}}
2025/04/20 21:27:11 Received {n3 n0 {"message":59,"message_id":"c14_18","msg_id":63,"seen_nodes":["n3","n4","n1","n0"],"type":"gossip"}}
2025/04/20 21:27:11 Received {n1 n0 {"message":59,"message_id":"c14_18","msg_id":127,"seen_nodes":["n1","n4","n2","n0"],"type":"gossip"}}
2025/04/20 21:27:11 Sent {"src":"n0","dest":"n3","body":{"already_seen":false,"in_reply_to":63,"msg_id":169,"seen_nodes":["n0","n3","n4","n1"],"type":"gossip_ok"}}
2025/04/20 21:27:11 Sent {"src":"n0","dest":"n1","body":{"already_seen":true,"in_reply_to":127,"msg_id":170,"seen_nodes":["n0","n3","n4","n1"],"type":"gossip_ok"}}
2025/04/20 21:27:11 Received {c10 n0 {"type":"broadcast","message":60,"msg_id":35}}
2025/04/20 21:27:11 Sent {"src":"n0","dest":"n3","body":{"message":60,"message_id":"c10_35","msg_id":69,"seen_nodes":["n0","n3"],"type":"gossip"}}
2025/04/20 21:27:11 Sent {"src":"n0","dest":"n1","body":{"message":60,"message_id":"c10_35","msg_id":70,"seen_nodes":["n0","n3","n1"],"type":"gossip"}}
2025/04/20 21:27:11 Sent {"src":"n0","dest":"c10","body":{"in_reply_to":35,"msg_id":173,"type":"broadcast_ok"}}
2025/04/20 21:27:11 Received {n3 n0 {"already_seen":false,"in_reply_to":69,"msg_id":155,"seen_nodes":["n3","n0"],"type":"gossip_ok"}}
2025/04/20 21:27:11 Received {n1 n0 {"already_seen":false,"in_reply_to":70,"msg_id":217,"seen_nodes":["n1","n0","n3"],"type":"gossip_ok"}}
2025/04/20 21:27:11 Received {c10 n0 {"type":"read","msg_id":36}}
================================ [0 1 2 3 4 5 6 7 8 9 10 11 12 13 14 15 16 17 18 19 20 21 22 23 24 25 26 27 28 29 30 31 32 33 34 35 36 37 38 39 40 41 42 43 44 45 46 47 48 49 50 51 52 53 54 55 56 57 58 59 60]
2025/04/20 21:27:11 Sent {"src":"n0","dest":"c10","body":{"in_reply_to":36,"messages":[0,1,2,3,4,5,6,7,8,9,10,11,12,13,14,15,16,17,18,19,20,21,22,23,24,25,26,27,28,29,30,31,32,33,34,35,36,37,38,39,40,41,42,43,44,45,46,47,48,49,50,51,52,53,54,55,56,57,58,59,60],"msg_id":174,"type":"read_ok"}}
2025/04/20 21:27:11 Received {n3 n0 {"message":61,"message_id":"c14_19","msg_id":65,"seen_nodes":["n3","n4","n1","n0"],"type":"gossip"}}
2025/04/20 21:27:11 Received {n1 n0 {"message":61,"message_id":"c14_19","msg_id":131,"seen_nodes":["n1","n4","n2","n0"],"type":"gossip"}}
2025/04/20 21:27:11 Sent {"src":"n0","dest":"n3","body":{"already_seen":false,"in_reply_to":65,"msg_id":175,"seen_nodes":["n0","n3","n4","n1"],"type":"gossip_ok"}}
2025/04/20 21:27:11 Sent {"src":"n0","dest":"n1","body":{"already_seen":true,"in_reply_to":131,"msg_id":176,"seen_nodes":["n0","n3","n4","n1"],"type":"gossip_ok"}}
2025/04/20 21:27:11 Received {c10 n0 {"type":"read","msg_id":37}}
================================ [0 1 2 3 4 5 6 7 8 9 10 11 12 13 14 15 16 17 18 19 20 21 22 23 24 25 26 27 28 29 30 31 32 33 34 35 36 37 38 39 40 41 42 43 44 45 46 47 48 49 50 51 52 53 54 55 56 57 58 59 60 61]
2025/04/20 21:27:11 Sent {"src":"n0","dest":"c10","body":{"in_reply_to":37,"messages":[0,1,2,3,4,5,6,7,8,9,10,11,12,13,14,15,16,17,18,19,20,21,22,23,24,25,26,27,28,29,30,31,32,33,34,35,36,37,38,39,40,41,42,43,44,45,46,47,48,49,50,51,52,53,54,55,56,57,58,59,60,61],"msg_id":177,"type":"read_ok"}}
2025/04/20 21:27:11 Received {c10 n0 {"type":"broadcast","message":62,"msg_id":38}}
2025/04/20 21:27:11 Sent {"src":"n0","dest":"n3","body":{"message":62,"message_id":"c10_38","msg_id":71,"seen_nodes":["n0","n3"],"type":"gossip"}}
2025/04/20 21:27:11 Sent {"src":"n0","dest":"n1","body":{"message":62,"message_id":"c10_38","msg_id":72,"seen_nodes":["n0","n3","n1"],"type":"gossip"}}
2025/04/20 21:27:11 Sent {"src":"n0","dest":"c10","body":{"in_reply_to":38,"msg_id":180,"type":"broadcast_ok"}}
2025/04/20 21:27:11 Received {n3 n0 {"already_seen":false,"in_reply_to":71,"msg_id":160,"seen_nodes":["n3","n0"],"type":"gossip_ok"}}
2025/04/20 21:27:11 Received {n1 n0 {"already_seen":false,"in_reply_to":72,"msg_id":225,"seen_nodes":["n1","n0","n3"],"type":"gossip_ok"}}
2025/04/20 21:27:12 Received {n1 n0 {"message":63,"message_id":"c11_21","msg_id":136,"seen_nodes":["n1","n4","n2","n0"],"type":"gossip"}}
2025/04/20 21:27:12 Sent {"src":"n0","dest":"n1","body":{"already_seen":false,"in_reply_to":136,"msg_id":181,"seen_nodes":["n0","n1","n4","n2"],"type":"gossip_ok"}}
2025/04/20 21:27:12 Sent {"src":"n0","dest":"n3","body":{"message":63,"message_id":"c11_21","msg_id":73,"seen_nodes":["n0","n1","n4","n2","n3"],"type":"gossip"}}
2025/04/20 21:27:12 Received {n3 n0 {"already_seen":true,"in_reply_to":73,"msg_id":163,"seen_nodes":["n3","n4","n1"],"type":"gossip_ok"}}
2025/04/20 21:27:12 Received {n3 n0 {"message":63,"message_id":"c11_21","msg_id":67,"seen_nodes":["n3","n4","n1","n0"],"type":"gossip"}}
2025/04/20 21:27:12 Sent {"src":"n0","dest":"n3","body":{"already_seen":true,"in_reply_to":67,"msg_id":183,"seen_nodes":["n0","n1","n4","n2","n3"],"type":"gossip_ok"}}
2025/04/20 21:27:12 Received {n1 n0 {"message":64,"message_id":"c12_20","msg_id":138,"seen_nodes":["n1","n2","n4","n0"],"type":"gossip"}}
2025/04/20 21:27:12 Sent {"src":"n0","dest":"n1","body":{"already_seen":false,"in_reply_to":138,"msg_id":184,"seen_nodes":["n0","n1","n2","n4"],"type":"gossip_ok"}}
2025/04/20 21:27:12 Sent {"src":"n0","dest":"n3","body":{"message":64,"message_id":"c12_20","msg_id":74,"seen_nodes":["n0","n1","n2","n4","n3"],"type":"gossip"}}
2025/04/20 21:27:12 Received {n3 n0 {"already_seen":true,"in_reply_to":74,"msg_id":165,"seen_nodes":["n3","n4","n1","n2"],"type":"gossip_ok"}}
2025/04/20 21:27:12 Received {n3 n0 {"message":64,"message_id":"c12_20","msg_id":68,"seen_nodes":["n3","n4","n1","n2","n0"],"type":"gossip"}}
2025/04/20 21:27:12 Sent {"src":"n0","dest":"n3","body":{"already_seen":true,"in_reply_to":68,"msg_id":186,"seen_nodes":["n0","n1","n2","n4","n3"],"type":"gossip_ok"}}
2025/04/20 21:27:12 Received {n3 n0 {"message":65,"message_id":"c13_20","msg_id":69,"seen_nodes":["n3","n0"],"type":"gossip"}}
2025/04/20 21:27:12 Sent {"src":"n0","dest":"n3","body":{"already_seen":false,"in_reply_to":69,"msg_id":187,"seen_nodes":["n0","n3"],"type":"gossip_ok"}}
2025/04/20 21:27:12 Sent {"src":"n0","dest":"n1","body":{"message":65,"message_id":"c13_20","msg_id":75,"seen_nodes":["n0","n3","n1"],"type":"gossip"}}
2025/04/20 21:27:12 Received {n1 n0 {"already_seen":true,"in_reply_to":75,"msg_id":237,"seen_nodes":["n1","n4","n3","n0"],"type":"gossip_ok"}}
2025/04/20 21:27:12 Received {n3 n0 {"message":66,"message_id":"c14_20","msg_id":71,"seen_nodes":["n3","n4","n1","n0"],"type":"gossip"}}
2025/04/20 21:27:12 Received {n1 n0 {"message":66,"message_id":"c14_20","msg_id":141,"seen_nodes":["n1","n4","n2","n0"],"type":"gossip"}}
2025/04/20 21:27:12 Sent {"src":"n0","dest":"n3","body":{"already_seen":false,"in_reply_to":71,"msg_id":189,"seen_nodes":["n0","n3","n4","n1"],"type":"gossip_ok"}}
2025/04/20 21:27:12 Sent {"src":"n0","dest":"n1","body":{"already_seen":true,"in_reply_to":141,"msg_id":190,"seen_nodes":["n0","n3","n4","n1"],"type":"gossip_ok"}}
2025/04/20 21:27:12 Received {c10 n0 {"type":"read","msg_id":39}}
================================ [0 1 2 3 4 5 6 7 8 9 10 11 12 13 14 15 16 17 18 19 20 21 22 23 24 25 26 27 28 29 30 31 32 33 34 35 36 37 38 39 40 41 42 43 44 45 46 47 48 49 50 51 52 53 54 55 56 57 58 59 60 61 62 63 64 65 66]
2025/04/20 21:27:12 Sent {"src":"n0","dest":"c10","body":{"in_reply_to":39,"messages":[0,1,2,3,4,5,6,7,8,9,10,11,12,13,14,15,16,17,18,19,20,21,22,23,24,25,26,27,28,29,30,31,32,33,34,35,36,37,38,39,40,41,42,43,44,45,46,47,48,49,50,51,52,53,54,55,56,57,58,59,60,61,62,63,64,65,66],"msg_id":191,"type":"read_ok"}}
2025/04/20 21:27:12 Received {c10 n0 {"type":"broadcast","message":67,"msg_id":40}}
2025/04/20 21:27:12 Sent {"src":"n0","dest":"n3","body":{"message":67,"message_id":"c10_40","msg_id":76,"seen_nodes":["n0","n3"],"type":"gossip"}}
2025/04/20 21:27:12 Sent {"src":"n0","dest":"n1","body":{"message":67,"message_id":"c10_40","msg_id":77,"seen_nodes":["n0","n3","n1"],"type":"gossip"}}
2025/04/20 21:27:12 Sent {"src":"n0","dest":"c10","body":{"in_reply_to":40,"msg_id":194,"type":"broadcast_ok"}}
2025/04/20 21:27:12 Received {n3 n0 {"already_seen":false,"in_reply_to":76,"msg_id":173,"seen_nodes":["n3","n0"],"type":"gossip_ok"}}
2025/04/20 21:27:12 Received {n1 n0 {"already_seen":false,"in_reply_to":77,"msg_id":242,"seen_nodes":["n1","n0","n3"],"type":"gossip_ok"}}
2025/04/20 21:27:12 Received {n1 n0 {"message":68,"message_id":"c11_22","msg_id":146,"seen_nodes":["n1","n4","n2","n0"],"type":"gossip"}}
2025/04/20 21:27:12 Sent {"src":"n0","dest":"n1","body":{"already_seen":false,"in_reply_to":146,"msg_id":195,"seen_nodes":["n0","n1","n4","n2"],"type":"gossip_ok"}}
2025/04/20 21:27:12 Sent {"src":"n0","dest":"n3","body":{"message":68,"message_id":"c11_22","msg_id":78,"seen_nodes":["n0","n1","n4","n2","n3"],"type":"gossip"}}
2025/04/20 21:27:12 Received {n3 n0 {"already_seen":false,"in_reply_to":78,"msg_id":176,"seen_nodes":["n3","n0","n1","n4","n2"],"type":"gossip_ok"}}
2025/04/20 21:27:12 Received {n1 n0 {"message":69,"message_id":"c12_21","msg_id":148,"seen_nodes":["n1","n2","n4","n0"],"type":"gossip"}}
2025/04/20 21:27:12 Sent {"src":"n0","dest":"n1","body":{"already_seen":false,"in_reply_to":148,"msg_id":197,"seen_nodes":["n0","n1","n2","n4"],"type":"gossip_ok"}}
2025/04/20 21:27:12 Sent {"src":"n0","dest":"n3","body":{"message":69,"message_id":"c12_21","msg_id":79,"seen_nodes":["n0","n1","n2","n4","n3"],"type":"gossip"}}
2025/04/20 21:27:12 Received {n3 n0 {"already_seen":true,"in_reply_to":79,"msg_id":178,"seen_nodes":["n3","n4","n1","n2"],"type":"gossip_ok"}}
2025/04/20 21:27:12 Received {n3 n0 {"message":69,"message_id":"c12_21","msg_id":73,"seen_nodes":["n3","n4","n1","n2","n0"],"type":"gossip"}}
2025/04/20 21:27:12 Sent {"src":"n0","dest":"n3","body":{"already_seen":true,"in_reply_to":73,"msg_id":199,"seen_nodes":["n0","n1","n2","n4","n3"],"type":"gossip_ok"}}
2025/04/20 21:27:12 Received {n3 n0 {"message":70,"message_id":"c14_21","msg_id":74,"seen_nodes":["n3","n4","n1","n0"],"type":"gossip"}}
2025/04/20 21:27:12 Received {n1 n0 {"message":70,"message_id":"c14_21","msg_id":150,"seen_nodes":["n1","n4","n2","n0"],"type":"gossip"}}
2025/04/20 21:27:12 Sent {"src":"n0","dest":"n3","body":{"already_seen":false,"in_reply_to":74,"msg_id":200,"seen_nodes":["n0","n3","n4","n1"],"type":"gossip_ok"}}
2025/04/20 21:27:12 Sent {"src":"n0","dest":"n1","body":{"already_seen":true,"in_reply_to":150,"msg_id":201,"seen_nodes":["n0","n3","n4","n1"],"type":"gossip_ok"}}
2025/04/20 21:27:13 Received {c10 n0 {"type":"broadcast","message":71,"msg_id":41}}
2025/04/20 21:27:13 Sent {"src":"n0","dest":"n3","body":{"message":71,"message_id":"c10_41","msg_id":80,"seen_nodes":["n0","n3"],"type":"gossip"}}
2025/04/20 21:27:13 Sent {"src":"n0","dest":"n1","body":{"message":71,"message_id":"c10_41","msg_id":81,"seen_nodes":["n0","n3","n1"],"type":"gossip"}}
2025/04/20 21:27:13 Sent {"src":"n0","dest":"c10","body":{"in_reply_to":41,"msg_id":204,"type":"broadcast_ok"}}
2025/04/20 21:27:13 Received {n3 n0 {"already_seen":false,"in_reply_to":80,"msg_id":183,"seen_nodes":["n3","n0"],"type":"gossip_ok"}}
2025/04/20 21:27:13 Received {n1 n0 {"already_seen":false,"in_reply_to":81,"msg_id":256,"seen_nodes":["n1","n0","n3"],"type":"gossip_ok"}}
2025/04/20 21:27:13 Received {c10 n0 {"type":"read","msg_id":42}}
================================ [0 1 2 3 4 5 6 7 8 9 10 11 12 13 14 15 16 17 18 19 20 21 22 23 24 25 26 27 28 29 30 31 32 33 34 35 36 37 38 39 40 41 42 43 44 45 46 47 48 49 50 51 52 53 54 55 56 57 58 59 60 61 62 63 64 65 66 67 68 69 70 71]
2025/04/20 21:27:13 Sent {"src":"n0","dest":"c10","body":{"in_reply_to":42,"messages":[0,1,2,3,4,5,6,7,8,9,10,11,12,13,14,15,16,17,18,19,20,21,22,23,24,25,26,27,28,29,30,31,32,33,34,35,36,37,38,39,40,41,42,43,44,45,46,47,48,49,50,51,52,53,54,55,56,57,58,59,60,61,62,63,64,65,66,67,68,69,70,71],"msg_id":205,"type":"read_ok"}}
2025/04/20 21:27:13 Received {n1 n0 {"message":72,"message_id":"c12_22","msg_id":154,"seen_nodes":["n1","n2","n4","n0"],"type":"gossip"}}
2025/04/20 21:27:13 Sent {"src":"n0","dest":"n1","body":{"already_seen":false,"in_reply_to":154,"msg_id":206,"seen_nodes":["n0","n1","n2","n4"],"type":"gossip_ok"}}
2025/04/20 21:27:13 Sent {"src":"n0","dest":"n3","body":{"message":72,"message_id":"c12_22","msg_id":82,"seen_nodes":["n0","n1","n2","n4","n3"],"type":"gossip"}}
2025/04/20 21:27:13 Received {n3 n0 {"already_seen":false,"in_reply_to":82,"msg_id":185,"seen_nodes":["n3","n0","n1","n2","n4"],"type":"gossip_ok"}}
2025/04/20 21:27:13 Received {n3 n0 {"message":73,"message_id":"c14_22","msg_id":76,"seen_nodes":["n3","n4","n1","n0"],"type":"gossip"}}
2025/04/20 21:27:13 Received {n1 n0 {"message":73,"message_id":"c14_22","msg_id":156,"seen_nodes":["n1","n4","n2","n0"],"type":"gossip"}}
2025/04/20 21:27:13 Sent {"src":"n0","dest":"n1","body":{"already_seen":true,"in_reply_to":156,"msg_id":209,"seen_nodes":["n0","n3","n4","n1"],"type":"gossip_ok"}}
2025/04/20 21:27:13 Sent {"src":"n0","dest":"n3","body":{"already_seen":false,"in_reply_to":76,"msg_id":208,"seen_nodes":["n0","n3","n4","n1"],"type":"gossip_ok"}}
2025/04/20 21:27:13 Received {c10 n0 {"type":"broadcast","message":74,"msg_id":43}}
2025/04/20 21:27:13 Sent {"src":"n0","dest":"n3","body":{"message":74,"message_id":"c10_43","msg_id":83,"seen_nodes":["n0","n3"],"type":"gossip"}}
2025/04/20 21:27:13 Sent {"src":"n0","dest":"n1","body":{"message":74,"message_id":"c10_43","msg_id":84,"seen_nodes":["n0","n3","n1"],"type":"gossip"}}
2025/04/20 21:27:13 Sent {"src":"n0","dest":"c10","body":{"in_reply_to":43,"msg_id":212,"type":"broadcast_ok"}}
2025/04/20 21:27:13 Received {n1 n0 {"already_seen":false,"in_reply_to":84,"msg_id":267,"seen_nodes":["n1","n0","n3"],"type":"gossip_ok"}}
2025/04/20 21:27:13 Received {n3 n0 {"already_seen":false,"in_reply_to":83,"msg_id":190,"seen_nodes":["n3","n0"],"type":"gossip_ok"}}
2025/04/20 21:27:13 Received {c10 n0 {"type":"read","msg_id":44}}
================================ [0 1 2 3 4 5 6 7 8 9 10 11 12 13 14 15 16 17 18 19 20 21 22 23 24 25 26 27 28 29 30 31 32 33 34 35 36 37 38 39 40 41 42 43 44 45 46 47 48 49 50 51 52 53 54 55 56 57 58 59 60 61 62 63 64 65 66 67 68 69 70 71 72 73 74]
2025/04/20 21:27:13 Sent {"src":"n0","dest":"c10","body":{"in_reply_to":44,"messages":[0,1,2,3,4,5,6,7,8,9,10,11,12,13,14,15,16,17,18,19,20,21,22,23,24,25,26,27,28,29,30,31,32,33,34,35,36,37,38,39,40,41,42,43,44,45,46,47,48,49,50,51,52,53,54,55,56,57,58,59,60,61,62,63,64,65,66,67,68,69,70,71,72,73,74],"msg_id":213,"type":"read_ok"}}
2025/04/20 21:27:13 Received {n1 n0 {"message":75,"message_id":"c11_24","msg_id":161,"seen_nodes":["n1","n4","n2","n0"],"type":"gossip"}}
2025/04/20 21:27:13 Sent {"src":"n0","dest":"n1","body":{"already_seen":false,"in_reply_to":161,"msg_id":214,"seen_nodes":["n0","n1","n4","n2"],"type":"gossip_ok"}}
2025/04/20 21:27:13 Sent {"src":"n0","dest":"n3","body":{"message":75,"message_id":"c11_24","msg_id":85,"seen_nodes":["n0","n1","n4","n2","n3"],"type":"gossip"}}
2025/04/20 21:27:13 Received {n3 n0 {"already_seen":false,"in_reply_to":85,"msg_id":192,"seen_nodes":["n3","n0","n1","n4","n2"],"type":"gossip_ok"}}
2025/04/20 21:27:13 Received {n1 n0 {"message":76,"message_id":"c12_23","msg_id":163,"seen_nodes":["n1","n2","n4","n0"],"type":"gossip"}}
2025/04/20 21:27:13 Sent {"src":"n0","dest":"n1","body":{"already_seen":false,"in_reply_to":163,"msg_id":216,"seen_nodes":["n0","n1","n2","n4"],"type":"gossip_ok"}}
2025/04/20 21:27:13 Sent {"src":"n0","dest":"n3","body":{"message":76,"message_id":"c12_23","msg_id":86,"seen_nodes":["n0","n1","n2","n4","n3"],"type":"gossip"}}
2025/04/20 21:27:13 Received {n3 n0 {"already_seen":true,"in_reply_to":86,"msg_id":195,"seen_nodes":["n3","n4","n1","n2"],"type":"gossip_ok"}}
2025/04/20 21:27:13 Received {n3 n0 {"message":76,"message_id":"c12_23","msg_id":78,"seen_nodes":["n3","n4","n1","n2","n0"],"type":"gossip"}}
2025/04/20 21:27:13 Sent {"src":"n0","dest":"n3","body":{"already_seen":true,"in_reply_to":78,"msg_id":218,"seen_nodes":["n0","n1","n2","n4","n3"],"type":"gossip_ok"}}
2025/04/20 21:27:13 Received {n3 n0 {"message":77,"message_id":"c13_23","msg_id":79,"seen_nodes":["n3","n0"],"type":"gossip"}}
2025/04/20 21:27:13 Sent {"src":"n0","dest":"n3","body":{"already_seen":false,"in_reply_to":79,"msg_id":219,"seen_nodes":["n0","n3"],"type":"gossip_ok"}}
2025/04/20 21:27:13 Sent {"src":"n0","dest":"n1","body":{"message":77,"message_id":"c13_23","msg_id":87,"seen_nodes":["n0","n3","n1"],"type":"gossip"}}
2025/04/20 21:27:13 Received {n1 n0 {"already_seen":false,"in_reply_to":87,"msg_id":277,"seen_nodes":["n1","n0","n3"],"type":"gossip_ok"}}
2025/04/20 21:27:14 Received {n1 n0 {"message":78,"message_id":"c14_23","msg_id":167,"seen_nodes":["n1","n4","n2","n0"],"type":"gossip"}}
2025/04/20 21:27:14 Received {n3 n0 {"message":78,"message_id":"c14_23","msg_id":81,"seen_nodes":["n3","n4","n1","n0"],"type":"gossip"}}
2025/04/20 21:27:14 Sent {"src":"n0","dest":"n1","body":{"already_seen":false,"in_reply_to":167,"msg_id":221,"seen_nodes":["n0","n1","n4","n2"],"type":"gossip_ok"}}
2025/04/20 21:27:14 Sent {"src":"n0","dest":"n3","body":{"already_seen":true,"in_reply_to":81,"msg_id":222,"seen_nodes":["n0","n1","n4","n2"],"type":"gossip_ok"}}
2025/04/20 21:27:14 Sent {"src":"n0","dest":"n3","body":{"message":78,"message_id":"c14_23","msg_id":88,"seen_nodes":["n0","n1","n4","n2","n3"],"type":"gossip"}}
2025/04/20 21:27:14 Received {n3 n0 {"already_seen":true,"in_reply_to":88,"msg_id":202,"seen_nodes":["n3","n4","n1","n0","n2"],"type":"gossip_ok"}}
2025/04/20 21:27:14 Received {c10 n0 {"type":"broadcast","message":79,"msg_id":45}}
2025/04/20 21:27:14 Sent {"src":"n0","dest":"n3","body":{"message":79,"message_id":"c10_45","msg_id":89,"seen_nodes":["n0","n3"],"type":"gossip"}}
2025/04/20 21:27:14 Sent {"src":"n0","dest":"n1","body":{"message":79,"message_id":"c10_45","msg_id":90,"seen_nodes":["n0","n3","n1"],"type":"gossip"}}
2025/04/20 21:27:14 Sent {"src":"n0","dest":"c10","body":{"in_reply_to":45,"msg_id":226,"type":"broadcast_ok"}}
2025/04/20 21:27:14 Received {n3 n0 {"already_seen":false,"in_reply_to":89,"msg_id":203,"seen_nodes":["n3","n0"],"type":"gossip_ok"}}
2025/04/20 21:27:14 Received {n1 n0 {"already_seen":false,"in_reply_to":90,"msg_id":284,"seen_nodes":["n1","n0","n3"],"type":"gossip_ok"}}
2025/04/20 21:27:14 Received {c10 n0 {"type":"broadcast","message":80,"msg_id":46}}
2025/04/20 21:27:14 Sent {"src":"n0","dest":"n3","body":{"message":80,"message_id":"c10_46","msg_id":91,"seen_nodes":["n0","n3"],"type":"gossip"}}
2025/04/20 21:27:14 Sent {"src":"n0","dest":"n1","body":{"message":80,"message_id":"c10_46","msg_id":92,"seen_nodes":["n0","n3","n1"],"type":"gossip"}}
2025/04/20 21:27:14 Sent {"src":"n0","dest":"c10","body":{"in_reply_to":46,"msg_id":229,"type":"broadcast_ok"}}
2025/04/20 21:27:14 Received {n3 n0 {"already_seen":false,"in_reply_to":91,"msg_id":205,"seen_nodes":["n3","n0"],"type":"gossip_ok"}}
2025/04/20 21:27:14 Received {n1 n0 {"already_seen":false,"in_reply_to":92,"msg_id":288,"seen_nodes":["n1","n0","n3"],"type":"gossip_ok"}}
2025/04/20 21:27:14 Received {c10 n0 {"type":"broadcast","message":81,"msg_id":47}}
2025/04/20 21:27:14 Sent {"src":"n0","dest":"n3","body":{"message":81,"message_id":"c10_47","msg_id":93,"seen_nodes":["n0","n3"],"type":"gossip"}}
2025/04/20 21:27:14 Sent {"src":"n0","dest":"n1","body":{"message":81,"message_id":"c10_47","msg_id":94,"seen_nodes":["n0","n3","n1"],"type":"gossip"}}
2025/04/20 21:27:14 Sent {"src":"n0","dest":"c10","body":{"in_reply_to":47,"msg_id":232,"type":"broadcast_ok"}}
2025/04/20 21:27:14 Received {n1 n0 {"already_seen":false,"in_reply_to":94,"msg_id":293,"seen_nodes":["n1","n0","n3"],"type":"gossip_ok"}}
2025/04/20 21:27:14 Received {n3 n0 {"already_seen":false,"in_reply_to":93,"msg_id":208,"seen_nodes":["n3","n0"],"type":"gossip_ok"}}
2025/04/20 21:27:14 Received {c10 n0 {"type":"broadcast","message":82,"msg_id":48}}
2025/04/20 21:27:14 Sent {"src":"n0","dest":"n3","body":{"message":82,"message_id":"c10_48","msg_id":95,"seen_nodes":["n0","n3"],"type":"gossip"}}
2025/04/20 21:27:14 Sent {"src":"n0","dest":"n1","body":{"message":82,"message_id":"c10_48","msg_id":96,"seen_nodes":["n0","n3","n1"],"type":"gossip"}}
2025/04/20 21:27:14 Sent {"src":"n0","dest":"c10","body":{"in_reply_to":48,"msg_id":235,"type":"broadcast_ok"}}
2025/04/20 21:27:14 Received {n3 n0 {"already_seen":false,"in_reply_to":95,"msg_id":210,"seen_nodes":["n3","n0"],"type":"gossip_ok"}}
2025/04/20 21:27:14 Received {n1 n0 {"already_seen":false,"in_reply_to":96,"msg_id":296,"seen_nodes":["n1","n0","n3"],"type":"gossip_ok"}}
2025/04/20 21:27:15 Received {n1 n0 {"message":83,"message_id":"c11_26","msg_id":178,"seen_nodes":["n1","n4","n2","n0"],"type":"gossip"}}
2025/04/20 21:27:15 Sent {"src":"n0","dest":"n1","body":{"already_seen":false,"in_reply_to":178,"msg_id":236,"seen_nodes":["n0","n1","n4","n2"],"type":"gossip_ok"}}
2025/04/20 21:27:15 Sent {"src":"n0","dest":"n3","body":{"message":83,"message_id":"c11_26","msg_id":97,"seen_nodes":["n0","n1","n4","n2","n3"],"type":"gossip"}}
2025/04/20 21:27:15 Received {n3 n0 {"message":83,"message_id":"c11_26","msg_id":86,"seen_nodes":["n3","n4","n1","n0"],"type":"gossip"}}
2025/04/20 21:27:15 Received {n3 n0 {"already_seen":true,"in_reply_to":97,"msg_id":213,"seen_nodes":["n3","n4","n1"],"type":"gossip_ok"}}
2025/04/20 21:27:15 Sent {"src":"n0","dest":"n3","body":{"already_seen":true,"in_reply_to":86,"msg_id":238,"seen_nodes":["n0","n1","n4","n2","n3"],"type":"gossip_ok"}}
2025/04/20 21:27:15 Received {n1 n0 {"message":84,"message_id":"c12_25","msg_id":180,"seen_nodes":["n1","n2","n4","n0"],"type":"gossip"}}
2025/04/20 21:27:15 Sent {"src":"n0","dest":"n1","body":{"already_seen":false,"in_reply_to":180,"msg_id":239,"seen_nodes":["n0","n1","n2","n4"],"type":"gossip_ok"}}
2025/04/20 21:27:15 Sent {"src":"n0","dest":"n3","body":{"message":84,"message_id":"c12_25","msg_id":98,"seen_nodes":["n0","n1","n2","n4","n3"],"type":"gossip"}}
2025/04/20 21:27:15 Received {n3 n0 {"already_seen":false,"in_reply_to":98,"msg_id":215,"seen_nodes":["n3","n0","n1","n2","n4"],"type":"gossip_ok"}}
2025/04/20 21:27:15 Received {n3 n0 {"message":85,"message_id":"c13_25","msg_id":87,"seen_nodes":["n3","n0"],"type":"gossip"}}
2025/04/20 21:27:15 Sent {"src":"n0","dest":"n3","body":{"already_seen":false,"in_reply_to":87,"msg_id":241,"seen_nodes":["n0","n3"],"type":"gossip_ok"}}
2025/04/20 21:27:15 Sent {"src":"n0","dest":"n1","body":{"message":85,"message_id":"c13_25","msg_id":99,"seen_nodes":["n0","n3","n1"],"type":"gossip"}}
2025/04/20 21:27:15 Received {n1 n0 {"already_seen":false,"in_reply_to":99,"msg_id":307,"seen_nodes":["n1","n0","n3"],"type":"gossip_ok"}}
2025/04/20 21:27:15 Received {c10 n0 {"type":"broadcast","message":86,"msg_id":49}}
2025/04/20 21:27:15 Sent {"src":"n0","dest":"n3","body":{"message":86,"message_id":"c10_49","msg_id":100,"seen_nodes":["n0","n3"],"type":"gossip"}}
2025/04/20 21:27:15 Sent {"src":"n0","dest":"n1","body":{"message":86,"message_id":"c10_49","msg_id":101,"seen_nodes":["n0","n3","n1"],"type":"gossip"}}
2025/04/20 21:27:15 Sent {"src":"n0","dest":"c10","body":{"in_reply_to":49,"msg_id":245,"type":"broadcast_ok"}}
2025/04/20 21:27:15 Received {n3 n0 {"already_seen":false,"in_reply_to":100,"msg_id":220,"seen_nodes":["n3","n0"],"type":"gossip_ok"}}
2025/04/20 21:27:15 Received {n1 n0 {"already_seen":false,"in_reply_to":101,"msg_id":311,"seen_nodes":["n1","n0","n3"],"type":"gossip_ok"}}
2025/04/20 21:27:15 Received {c10 n0 {"type":"broadcast","message":87,"msg_id":50}}
2025/04/20 21:27:15 Sent {"src":"n0","dest":"n3","body":{"message":87,"message_id":"c10_50","msg_id":102,"seen_nodes":["n0","n3"],"type":"gossip"}}
2025/04/20 21:27:15 Sent {"src":"n0","dest":"n1","body":{"message":87,"message_id":"c10_50","msg_id":103,"seen_nodes":["n0","n3","n1"],"type":"gossip"}}
2025/04/20 21:27:15 Sent {"src":"n0","dest":"c10","body":{"in_reply_to":50,"msg_id":248,"type":"broadcast_ok"}}
2025/04/20 21:27:15 Received {n1 n0 {"already_seen":false,"in_reply_to":103,"msg_id":315,"seen_nodes":["n1","n0","n3"],"type":"gossip_ok"}}
2025/04/20 21:27:15 Received {n3 n0 {"already_seen":false,"in_reply_to":102,"msg_id":222,"seen_nodes":["n3","n0"],"type":"gossip_ok"}}
2025/04/20 21:27:15 Received {n1 n0 {"message":88,"message_id":"c11_27","msg_id":189,"seen_nodes":["n1","n4","n2","n0"],"type":"gossip"}}
2025/04/20 21:27:15 Sent {"src":"n0","dest":"n1","body":{"already_seen":false,"in_reply_to":189,"msg_id":249,"seen_nodes":["n0","n1","n4","n2"],"type":"gossip_ok"}}
2025/04/20 21:27:15 Sent {"src":"n0","dest":"n3","body":{"message":88,"message_id":"c11_27","msg_id":104,"seen_nodes":["n0","n1","n4","n2","n3"],"type":"gossip"}}
2025/04/20 21:27:15 Received {n3 n0 {"already_seen":false,"in_reply_to":104,"msg_id":224,"seen_nodes":["n3","n0","n1","n4","n2"],"type":"gossip_ok"}}
2025/04/20 21:27:15 Received {n1 n0 {"message":89,"message_id":"c12_26","msg_id":191,"seen_nodes":["n1","n2","n4","n0"],"type":"gossip"}}
2025/04/20 21:27:15 Sent {"src":"n0","dest":"n1","body":{"already_seen":false,"in_reply_to":191,"msg_id":251,"seen_nodes":["n0","n1","n2","n4"],"type":"gossip_ok"}}
2025/04/20 21:27:15 Sent {"src":"n0","dest":"n3","body":{"message":89,"message_id":"c12_26","msg_id":105,"seen_nodes":["n0","n1","n2","n4","n3"],"type":"gossip"}}
2025/04/20 21:27:15 Received {n3 n0 {"already_seen":true,"in_reply_to":105,"msg_id":227,"seen_nodes":["n3","n4","n1","n2"],"type":"gossip_ok"}}
2025/04/20 21:27:15 Received {n3 n0 {"message":89,"message_id":"c12_26","msg_id":91,"seen_nodes":["n3","n4","n1","n2","n0"],"type":"gossip"}}
2025/04/20 21:27:15 Sent {"src":"n0","dest":"n3","body":{"already_seen":true,"in_reply_to":91,"msg_id":253,"seen_nodes":["n0","n1","n2","n4","n3"],"type":"gossip_ok"}}
2025/04/20 21:27:16 Received {n3 n0 {"message":90,"message_id":"c13_26","msg_id":92,"seen_nodes":["n3","n0"],"type":"gossip"}}
2025/04/20 21:27:16 Sent {"src":"n0","dest":"n3","body":{"already_seen":false,"in_reply_to":92,"msg_id":254,"seen_nodes":["n0","n3"],"type":"gossip_ok"}}
2025/04/20 21:27:16 Sent {"src":"n0","dest":"n1","body":{"message":90,"message_id":"c13_26","msg_id":106,"seen_nodes":["n0","n3","n1"],"type":"gossip"}}
2025/04/20 21:27:16 Received {n1 n0 {"already_seen":false,"in_reply_to":106,"msg_id":325,"seen_nodes":["n1","n0","n3"],"type":"gossip_ok"}}
2025/04/20 21:27:16 Received {c10 n0 {"type":"broadcast","message":91,"msg_id":51}}
2025/04/20 21:27:16 Sent {"src":"n0","dest":"n3","body":{"message":91,"message_id":"c10_51","msg_id":107,"seen_nodes":["n0","n3"],"type":"gossip"}}
2025/04/20 21:27:16 Sent {"src":"n0","dest":"n1","body":{"message":91,"message_id":"c10_51","msg_id":108,"seen_nodes":["n0","n3","n1"],"type":"gossip"}}
2025/04/20 21:27:16 Sent {"src":"n0","dest":"c10","body":{"in_reply_to":51,"msg_id":258,"type":"broadcast_ok"}}
2025/04/20 21:27:16 Received {n3 n0 {"already_seen":false,"in_reply_to":107,"msg_id":232,"seen_nodes":["n3","n0"],"type":"gossip_ok"}}
2025/04/20 21:27:16 Received {n1 n0 {"already_seen":false,"in_reply_to":108,"msg_id":329,"seen_nodes":["n1","n0","n3"],"type":"gossip_ok"}}
2025/04/20 21:27:16 Received {c10 n0 {"type":"read","msg_id":52}}
================================ [0 1 2 3 4 5 6 7 8 9 10 11 12 13 14 15 16 17 18 19 20 21 22 23 24 25 26 27 28 29 30 31 32 33 34 35 36 37 38 39 40 41 42 43 44 45 46 47 48 49 50 51 52 53 54 55 56 57 58 59 60 61 62 63 64 65 66 67 68 69 70 71 72 73 74 75 76 77 78 79 80 81 82 83 84 85 86 87 88 89 90 91]
2025/04/20 21:27:16 Sent {"src":"n0","dest":"c10","body":{"in_reply_to":52,"messages":[0,1,2,3,4,5,6,7,8,9,10,11,12,13,14,15,16,17,18,19,20,21,22,23,24,25,26,27,28,29,30,31,32,33,34,35,36,37,38,39,40,41,42,43,44,45,46,47,48,49,50,51,52,53,54,55,56,57,58,59,60,61,62,63,64,65,66,67,68,69,70,71,72,73,74,75,76,77,78,79,80,81,82,83,84,85,86,87,88,89,90,91],"msg_id":259,"type":"read_ok"}}
2025/04/20 21:27:16 Received {n1 n0 {"message":92,"message_id":"c12_27","msg_id":197,"seen_nodes":["n1","n2","n4","n0"],"type":"gossip"}}
2025/04/20 21:27:16 Sent {"src":"n0","dest":"n1","body":{"already_seen":false,"in_reply_to":197,"msg_id":260,"seen_nodes":["n0","n1","n2","n4"],"type":"gossip_ok"}}
2025/04/20 21:27:16 Sent {"src":"n0","dest":"n3","body":{"message":92,"message_id":"c12_27","msg_id":109,"seen_nodes":["n0","n1","n2","n4","n3"],"type":"gossip"}}
2025/04/20 21:27:16 Received {n3 n0 {"already_seen":false,"in_reply_to":109,"msg_id":234,"seen_nodes":["n3","n0","n1","n2","n4"],"type":"gossip_ok"}}
2025/04/20 21:27:16 Received {n3 n0 {"message":93,"message_id":"c13_27","msg_id":95,"seen_nodes":["n3","n0"],"type":"gossip"}}
2025/04/20 21:27:16 Sent {"src":"n0","dest":"n3","body":{"already_seen":false,"in_reply_to":95,"msg_id":262,"seen_nodes":["n0","n3"],"type":"gossip_ok"}}
2025/04/20 21:27:16 Sent {"src":"n0","dest":"n1","body":{"message":93,"message_id":"c13_27","msg_id":110,"seen_nodes":["n0","n3","n1"],"type":"gossip"}}
2025/04/20 21:27:16 Received {n1 n0 {"already_seen":true,"in_reply_to":110,"msg_id":338,"seen_nodes":["n1","n4","n3","n0"],"type":"gossip_ok"}}
2025/04/20 21:27:16 Received {c10 n0 {"type":"broadcast","message":94,"msg_id":53}}
2025/04/20 21:27:16 Sent {"src":"n0","dest":"n3","body":{"message":94,"message_id":"c10_53","msg_id":111,"seen_nodes":["n0","n3"],"type":"gossip"}}
2025/04/20 21:27:16 Sent {"src":"n0","dest":"n1","body":{"message":94,"message_id":"c10_53","msg_id":112,"seen_nodes":["n0","n3","n1"],"type":"gossip"}}
2025/04/20 21:27:16 Sent {"src":"n0","dest":"c10","body":{"in_reply_to":53,"msg_id":266,"type":"broadcast_ok"}}
2025/04/20 21:27:16 Received {n1 n0 {"already_seen":false,"in_reply_to":112,"msg_id":340,"seen_nodes":["n1","n0","n3"],"type":"gossip_ok"}}
2025/04/20 21:27:16 Received {n3 n0 {"already_seen":false,"in_reply_to":111,"msg_id":239,"seen_nodes":["n3","n0"],"type":"gossip_ok"}}
2025/04/20 21:27:17 Received {c10 n0 {"type":"broadcast","message":95,"msg_id":54}}
2025/04/20 21:27:17 Sent {"src":"n0","dest":"n3","body":{"message":95,"message_id":"c10_54","msg_id":113,"seen_nodes":["n0","n3"],"type":"gossip"}}
2025/04/20 21:27:17 Sent {"src":"n0","dest":"n1","body":{"message":95,"message_id":"c10_54","msg_id":114,"seen_nodes":["n0","n3","n1"],"type":"gossip"}}
2025/04/20 21:27:17 Sent {"src":"n0","dest":"c10","body":{"in_reply_to":54,"msg_id":269,"type":"broadcast_ok"}}
2025/04/20 21:27:17 Received {n1 n0 {"already_seen":false,"in_reply_to":114,"msg_id":343,"seen_nodes":["n1","n0","n3"],"type":"gossip_ok"}}
2025/04/20 21:27:17 Received {n3 n0 {"already_seen":false,"in_reply_to":113,"msg_id":241,"seen_nodes":["n3","n0"],"type":"gossip_ok"}}
2025/04/20 21:27:17 Received {n1 n0 {"message":96,"message_id":"c11_29","msg_id":205,"seen_nodes":["n1","n4","n2","n0"],"type":"gossip"}}
2025/04/20 21:27:17 Sent {"src":"n0","dest":"n1","body":{"already_seen":false,"in_reply_to":205,"msg_id":270,"seen_nodes":["n0","n1","n4","n2"],"type":"gossip_ok"}}
2025/04/20 21:27:17 Sent {"src":"n0","dest":"n3","body":{"message":96,"message_id":"c11_29","msg_id":115,"seen_nodes":["n0","n1","n4","n2","n3"],"type":"gossip"}}
2025/04/20 21:27:17 Received {n3 n0 {"already_seen":false,"in_reply_to":115,"msg_id":243,"seen_nodes":["n3","n0","n1","n4","n2"],"type":"gossip_ok"}}
2025/04/20 21:27:17 Received {n3 n0 {"message":97,"message_id":"c13_28","msg_id":99,"seen_nodes":["n3","n0"],"type":"gossip"}}
2025/04/20 21:27:17 Sent {"src":"n0","dest":"n3","body":{"already_seen":false,"in_reply_to":99,"msg_id":272,"seen_nodes":["n0","n3"],"type":"gossip_ok"}}
2025/04/20 21:27:17 Sent {"src":"n0","dest":"n1","body":{"message":97,"message_id":"c13_28","msg_id":116,"seen_nodes":["n0","n3","n1"],"type":"gossip"}}
2025/04/20 21:27:17 Received {n1 n0 {"already_seen":false,"in_reply_to":116,"msg_id":350,"seen_nodes":["n1","n0","n3"],"type":"gossip_ok"}}
2025/04/20 21:27:17 Received {n3 n0 {"message":98,"message_id":"c14_28","msg_id":101,"seen_nodes":["n3","n4","n1","n0"],"type":"gossip"}}
2025/04/20 21:27:17 Received {n1 n0 {"message":98,"message_id":"c14_28","msg_id":209,"seen_nodes":["n1","n4","n2","n0"],"type":"gossip"}}
2025/04/20 21:27:17 Sent {"src":"n0","dest":"n3","body":{"already_seen":false,"in_reply_to":101,"msg_id":274,"seen_nodes":["n0","n3","n4","n1"],"type":"gossip_ok"}}
2025/04/20 21:27:17 Sent {"src":"n0","dest":"n1","body":{"already_seen":true,"in_reply_to":209,"msg_id":275,"seen_nodes":["n0","n3","n4","n1"],"type":"gossip_ok"}}
2025/04/20 21:27:17 Received {c10 n0 {"type":"read","msg_id":55}}
================================ [0 1 2 3 4 5 6 7 8 9 10 11 12 13 14 15 16 17 18 19 20 21 22 23 24 25 26 27 28 29 30 31 32 33 34 35 36 37 38 39 40 41 42 43 44 45 46 47 48 49 50 51 52 53 54 55 56 57 58 59 60 61 62 63 64 65 66 67 68 69 70 71 72 73 74 75 76 77 78 79 80 81 82 83 84 85 86 87 88 89 90 91 92 93 94 95 96 97 98]
2025/04/20 21:27:17 Sent {"src":"n0","dest":"c10","body":{"in_reply_to":55,"messages":[0,1,2,3,4,5,6,7,8,9,10,11,12,13,14,15,16,17,18,19,20,21,22,23,24,25,26,27,28,29,30,31,32,33,34,35,36,37,38,39,40,41,42,43,44,45,46,47,48,49,50,51,52,53,54,55,56,57,58,59,60,61,62,63,64,65,66,67,68,69,70,71,72,73,74,75,76,77,78,79,80,81,82,83,84,85,86,87,88,89,90,91,92,93,94,95,96,97,98],"msg_id":276,"type":"read_ok"}}
2025/04/20 21:27:17 Received {c10 n0 {"type":"broadcast","message":99,"msg_id":56}}
2025/04/20 21:27:17 Sent {"src":"n0","dest":"n3","body":{"message":99,"message_id":"c10_56","msg_id":117,"seen_nodes":["n0","n3"],"type":"gossip"}}
2025/04/20 21:27:17 Sent {"src":"n0","dest":"n1","body":{"message":99,"message_id":"c10_56","msg_id":118,"seen_nodes":["n0","n3","n1"],"type":"gossip"}}
2025/04/20 21:27:17 Sent {"src":"n0","dest":"c10","body":{"in_reply_to":56,"msg_id":279,"type":"broadcast_ok"}}
2025/04/20 21:27:17 Received {n1 n0 {"already_seen":false,"in_reply_to":118,"msg_id":357,"seen_nodes":["n1","n0","n3"],"type":"gossip_ok"}}
2025/04/20 21:27:17 Received {n3 n0 {"already_seen":false,"in_reply_to":117,"msg_id":250,"seen_nodes":["n3","n0"],"type":"gossip_ok"}}
2025/04/20 21:27:17 Received {n1 n0 {"message":100,"message_id":"c11_30","msg_id":214,"seen_nodes":["n1","n4","n2","n0"],"type":"gossip"}}
2025/04/20 21:27:17 Sent {"src":"n0","dest":"n1","body":{"already_seen":false,"in_reply_to":214,"msg_id":280,"seen_nodes":["n0","n1","n4","n2"],"type":"gossip_ok"}}
2025/04/20 21:27:17 Sent {"src":"n0","dest":"n3","body":{"message":100,"message_id":"c11_30","msg_id":119,"seen_nodes":["n0","n1","n4","n2","n3"],"type":"gossip"}}
2025/04/20 21:27:17 Received {n3 n0 {"already_seen":true,"in_reply_to":119,"msg_id":253,"seen_nodes":["n3","n4","n1"],"type":"gossip_ok"}}
2025/04/20 21:27:17 Received {n3 n0 {"message":100,"message_id":"c11_30","msg_id":103,"seen_nodes":["n3","n4","n1","n0"],"type":"gossip"}}
2025/04/20 21:27:17 Sent {"src":"n0","dest":"n3","body":{"already_seen":true,"in_reply_to":103,"msg_id":282,"seen_nodes":["n0","n1","n4","n2","n3"],"type":"gossip_ok"}}
2025/04/20 21:27:17 Received {n1 n0 {"message":101,"message_id":"c14_29","msg_id":216,"seen_nodes":["n1","n4","n2","n0"],"type":"gossip"}}
2025/04/20 21:27:17 Received {n3 n0 {"message":101,"message_id":"c14_29","msg_id":104,"seen_nodes":["n3","n4","n1","n0"],"type":"gossip"}}
2025/04/20 21:27:17 Sent {"src":"n0","dest":"n1","body":{"already_seen":false,"in_reply_to":216,"msg_id":284,"seen_nodes":["n0","n1","n4","n2"],"type":"gossip_ok"}}
2025/04/20 21:27:17 Sent {"src":"n0","dest":"n3","body":{"already_seen":true,"in_reply_to":104,"msg_id":283,"seen_nodes":["n0","n1","n4","n2"],"type":"gossip_ok"}}
2025/04/20 21:27:17 Sent {"src":"n0","dest":"n3","body":{"message":101,"message_id":"c14_29","msg_id":120,"seen_nodes":["n0","n1","n4","n2","n3"],"type":"gossip"}}
2025/04/20 21:27:17 Received {n3 n0 {"already_seen":true,"in_reply_to":120,"msg_id":258,"seen_nodes":["n3","n4","n1","n0","n2"],"type":"gossip_ok"}}
2025/04/20 21:27:17 Received {c10 n0 {"type":"read","msg_id":57}}
================================ [0 1 2 3 4 5 6 7 8 9 10 11 12 13 14 15 16 17 18 19 20 21 22 23 24 25 26 27 28 29 30 31 32 33 34 35 36 37 38 39 40 41 42 43 44 45 46 47 48 49 50 51 52 53 54 55 56 57 58 59 60 61 62 63 64 65 66 67 68 69 70 71 72 73 74 75 76 77 78 79 80 81 82 83 84 85 86 87 88 89 90 91 92 93 94 95 96 97 98 99 100 101]
2025/04/20 21:27:17 Sent {"src":"n0","dest":"c10","body":{"in_reply_to":57,"messages":[0,1,2,3,4,5,6,7,8,9,10,11,12,13,14,15,16,17,18,19,20,21,22,23,24,25,26,27,28,29,30,31,32,33,34,35,36,37,38,39,40,41,42,43,44,45,46,47,48,49,50,51,52,53,54,55,56,57,58,59,60,61,62,63,64,65,66,67,68,69,70,71,72,73,74,75,76,77,78,79,80,81,82,83,84,85,86,87,88,89,90,91,92,93,94,95,96,97,98,99,100,101],"msg_id":286,"type":"read_ok"}}
2025/04/20 21:27:17 Received {c10 n0 {"type":"broadcast","message":102,"msg_id":58}}
2025/04/20 21:27:17 Sent {"src":"n0","dest":"n3","body":{"message":102,"message_id":"c10_58","msg_id":121,"seen_nodes":["n0","n3"],"type":"gossip"}}
2025/04/20 21:27:17 Sent {"src":"n0","dest":"n1","body":{"message":102,"message_id":"c10_58","msg_id":122,"seen_nodes":["n0","n3","n1"],"type":"gossip"}}
2025/04/20 21:27:17 Sent {"src":"n0","dest":"c10","body":{"in_reply_to":58,"msg_id":289,"type":"broadcast_ok"}}
2025/04/20 21:27:17 Received {n1 n0 {"already_seen":false,"in_reply_to":122,"msg_id":367,"seen_nodes":["n1","n0","n3"],"type":"gossip_ok"}}
2025/04/20 21:27:17 Received {n3 n0 {"already_seen":false,"in_reply_to":121,"msg_id":259,"seen_nodes":["n3","n0"],"type":"gossip_ok"}}
2025/04/20 21:27:18 Received {c10 n0 {"type":"broadcast","message":103,"msg_id":59}}
2025/04/20 21:27:18 Sent {"src":"n0","dest":"n3","body":{"message":103,"message_id":"c10_59","msg_id":123,"seen_nodes":["n0","n3"],"type":"gossip"}}
2025/04/20 21:27:18 Sent {"src":"n0","dest":"n1","body":{"message":103,"message_id":"c10_59","msg_id":124,"seen_nodes":["n0","n3","n1"],"type":"gossip"}}
2025/04/20 21:27:18 Sent {"src":"n0","dest":"c10","body":{"in_reply_to":59,"msg_id":292,"type":"broadcast_ok"}}
2025/04/20 21:27:18 Received {n3 n0 {"already_seen":false,"in_reply_to":123,"msg_id":262,"seen_nodes":["n3","n0"],"type":"gossip_ok"}}
2025/04/20 21:27:18 Received {n1 n0 {"already_seen":false,"in_reply_to":124,"msg_id":372,"seen_nodes":["n1","n0","n3"],"type":"gossip_ok"}}
2025/04/20 21:27:18 Received {c10 n0 {"type":"broadcast","message":104,"msg_id":60}}
2025/04/20 21:27:18 Sent {"src":"n0","dest":"n3","body":{"message":104,"message_id":"c10_60","msg_id":125,"seen_nodes":["n0","n3"],"type":"gossip"}}
2025/04/20 21:27:18 Sent {"src":"n0","dest":"n1","body":{"message":104,"message_id":"c10_60","msg_id":126,"seen_nodes":["n0","n3","n1"],"type":"gossip"}}
2025/04/20 21:27:18 Sent {"src":"n0","dest":"c10","body":{"in_reply_to":60,"msg_id":295,"type":"broadcast_ok"}}
2025/04/20 21:27:18 Received {n1 n0 {"already_seen":false,"in_reply_to":126,"msg_id":376,"seen_nodes":["n1","n0","n3"],"type":"gossip_ok"}}
2025/04/20 21:27:18 Received {n3 n0 {"already_seen":false,"in_reply_to":125,"msg_id":264,"seen_nodes":["n3","n0"],"type":"gossip_ok"}}
2025/04/20 21:27:19 Received {n1 n0 {"message":105,"message_id":"c11_32","msg_id":225,"seen_nodes":["n1","n4","n2","n0"],"type":"gossip"}}
2025/04/20 21:27:19 Sent {"src":"n0","dest":"n1","body":{"already_seen":false,"in_reply_to":225,"msg_id":296,"seen_nodes":["n0","n1","n4","n2"],"type":"gossip_ok"}}
2025/04/20 21:27:19 Sent {"src":"n0","dest":"n3","body":{"message":105,"message_id":"c11_32","msg_id":127,"seen_nodes":["n0","n1","n4","n2","n3"],"type":"gossip"}}
2025/04/20 21:27:19 Received {n3 n0 {"already_seen":true,"in_reply_to":127,"msg_id":267,"seen_nodes":["n3","n4","n1"],"type":"gossip_ok"}}
2025/04/20 21:27:19 Received {n3 n0 {"message":105,"message_id":"c11_32","msg_id":108,"seen_nodes":["n3","n4","n1","n0"],"type":"gossip"}}
2025/04/20 21:27:19 Sent {"src":"n0","dest":"n3","body":{"already_seen":true,"in_reply_to":108,"msg_id":298,"seen_nodes":["n0","n1","n4","n2","n3"],"type":"gossip_ok"}}
2025/04/20 21:27:19 Received {n1 n0 {"message":106,"message_id":"c12_31","msg_id":227,"seen_nodes":["n1","n2","n4","n0"],"type":"gossip"}}
2025/04/20 21:27:19 Sent {"src":"n0","dest":"n1","body":{"already_seen":false,"in_reply_to":227,"msg_id":299,"seen_nodes":["n0","n1","n2","n4"],"type":"gossip_ok"}}
2025/04/20 21:27:19 Sent {"src":"n0","dest":"n3","body":{"message":106,"message_id":"c12_31","msg_id":128,"seen_nodes":["n0","n1","n2","n4","n3"],"type":"gossip"}}
2025/04/20 21:27:19 Received {n3 n0 {"message":106,"message_id":"c12_31","msg_id":109,"seen_nodes":["n3","n4","n1","n2","n0"],"type":"gossip"}}
2025/04/20 21:27:19 Received {n3 n0 {"already_seen":true,"in_reply_to":128,"msg_id":271,"seen_nodes":["n3","n4","n1","n2","n0"],"type":"gossip_ok"}}
2025/04/20 21:27:19 Sent {"src":"n0","dest":"n3","body":{"already_seen":true,"in_reply_to":109,"msg_id":301,"seen_nodes":["n0","n1","n2","n4","n3"],"type":"gossip_ok"}}
2025/04/20 21:27:19 Received {n3 n0 {"message":107,"message_id":"c13_31","msg_id":110,"seen_nodes":["n3","n0"],"type":"gossip"}}
2025/04/20 21:27:19 Sent {"src":"n0","dest":"n3","body":{"already_seen":false,"in_reply_to":110,"msg_id":302,"seen_nodes":["n0","n3"],"type":"gossip_ok"}}
2025/04/20 21:27:19 Sent {"src":"n0","dest":"n1","body":{"message":107,"message_id":"c13_31","msg_id":129,"seen_nodes":["n0","n3","n1"],"type":"gossip"}}
2025/04/20 21:27:19 Received {n1 n0 {"already_seen":true,"in_reply_to":129,"msg_id":387,"seen_nodes":["n1","n4","n3","n0"],"type":"gossip_ok"}}
2025/04/20 21:27:19 Received {n3 n0 {"message":108,"message_id":"c14_31","msg_id":112,"seen_nodes":["n3","n4","n1","n0"],"type":"gossip"}}
2025/04/20 21:27:19 Received {n1 n0 {"message":108,"message_id":"c14_31","msg_id":230,"seen_nodes":["n1","n4","n2","n0"],"type":"gossip"}}
2025/04/20 21:27:19 Sent {"src":"n0","dest":"n3","body":{"already_seen":false,"in_reply_to":112,"msg_id":304,"seen_nodes":["n0","n3","n4","n1"],"type":"gossip_ok"}}
2025/04/20 21:27:19 Sent {"src":"n0","dest":"n1","body":{"already_seen":true,"in_reply_to":230,"msg_id":305,"seen_nodes":["n0","n3","n4","n1"],"type":"gossip_ok"}}
2025/04/20 21:27:19 Received {c10 n0 {"type":"broadcast","message":109,"msg_id":61}}
2025/04/20 21:27:19 Sent {"src":"n0","dest":"n3","body":{"message":109,"message_id":"c10_61","msg_id":130,"seen_nodes":["n0","n3"],"type":"gossip"}}
2025/04/20 21:27:19 Sent {"src":"n0","dest":"n1","body":{"message":109,"message_id":"c10_61","msg_id":131,"seen_nodes":["n0","n3","n1"],"type":"gossip"}}
2025/04/20 21:27:19 Sent {"src":"n0","dest":"c10","body":{"in_reply_to":61,"msg_id":308,"type":"broadcast_ok"}}
2025/04/20 21:27:19 Received {n3 n0 {"already_seen":false,"in_reply_to":130,"msg_id":277,"seen_nodes":["n3","n0"],"type":"gossip_ok"}}
2025/04/20 21:27:19 Received {n1 n0 {"already_seen":false,"in_reply_to":131,"msg_id":392,"seen_nodes":["n1","n0","n3"],"type":"gossip_ok"}}
2025/04/20 21:27:19 Received {c10 n0 {"type":"read","msg_id":62}}
================================ [0 1 2 3 4 5 6 7 8 9 10 11 12 13 14 15 16 17 18 19 20 21 22 23 24 25 26 27 28 29 30 31 32 33 34 35 36 37 38 39 40 41 42 43 44 45 46 47 48 49 50 51 52 53 54 55 56 57 58 59 60 61 62 63 64 65 66 67 68 69 70 71 72 73 74 75 76 77 78 79 80 81 82 83 84 85 86 87 88 89 90 91 92 93 94 95 96 97 98 99 100 101 102 103 104 105 106 107 108 109]
2025/04/20 21:27:19 Sent {"src":"n0","dest":"c10","body":{"in_reply_to":62,"messages":[0,1,2,3,4,5,6,7,8,9,10,11,12,13,14,15,16,17,18,19,20,21,22,23,24,25,26,27,28,29,30,31,32,33,34,35,36,37,38,39,40,41,42,43,44,45,46,47,48,49,50,51,52,53,54,55,56,57,58,59,60,61,62,63,64,65,66,67,68,69,70,71,72,73,74,75,76,77,78,79,80,81,82,83,84,85,86,87,88,89,90,91,92,93,94,95,96,97,98,99,100,101,102,103,104,105,106,107,108,109],"msg_id":309,"type":"read_ok"}}
2025/04/20 21:27:19 Received {n1 n0 {"message":110,"message_id":"c11_33","msg_id":235,"seen_nodes":["n1","n4","n2","n0"],"type":"gossip"}}
2025/04/20 21:27:19 Sent {"src":"n0","dest":"n1","body":{"already_seen":false,"in_reply_to":235,"msg_id":310,"seen_nodes":["n0","n1","n4","n2"],"type":"gossip_ok"}}
2025/04/20 21:27:19 Sent {"src":"n0","dest":"n3","body":{"message":110,"message_id":"c11_33","msg_id":132,"seen_nodes":["n0","n1","n4","n2","n3"],"type":"gossip"}}
2025/04/20 21:27:19 Received {n3 n0 {"already_seen":true,"in_reply_to":132,"msg_id":280,"seen_nodes":["n3","n4","n1"],"type":"gossip_ok"}}
2025/04/20 21:27:20 Received {n1 n0 {"message":111,"message_id":"c12_32","msg_id":237,"seen_nodes":["n1","n2","n4","n0"],"type":"gossip"}}
2025/04/20 21:27:20 Sent {"src":"n0","dest":"n1","body":{"already_seen":false,"in_reply_to":237,"msg_id":312,"seen_nodes":["n0","n1","n2","n4"],"type":"gossip_ok"}}
2025/04/20 21:27:20 Sent {"src":"n0","dest":"n3","body":{"message":111,"message_id":"c12_32","msg_id":133,"seen_nodes":["n0","n1","n2","n4","n3"],"type":"gossip"}}
2025/04/20 21:27:20 Received {n3 n0 {"already_seen":true,"in_reply_to":133,"msg_id":282,"seen_nodes":["n3","n4","n1","n2"],"type":"gossip_ok"}}
2025/04/20 21:27:20 Received {n3 n0 {"message":111,"message_id":"c12_32","msg_id":114,"seen_nodes":["n3","n4","n1","n2","n0"],"type":"gossip"}}
2025/04/20 21:27:20 Sent {"src":"n0","dest":"n3","body":{"already_seen":true,"in_reply_to":114,"msg_id":314,"seen_nodes":["n0","n1","n2","n4","n3"],"type":"gossip_ok"}}
2025/04/20 21:27:30 Received {c10 n0 {"type":"read","msg_id":63}}
================================ [0 1 2 3 4 5 6 7 8 9 10 11 12 13 14 15 16 17 18 19 20 21 22 23 24 25 26 27 28 29 30 31 32 33 34 35 36 37 38 39 40 41 42 43 44 45 46 47 48 49 50 51 52 53 54 55 56 57 58 59 60 61 62 63 64 65 66 67 68 69 70 71 72 73 74 75 76 77 78 79 80 81 82 83 84 85 86 87 88 89 90 91 92 93 94 95 96 97 98 99 100 101 102 103 104 105 106 107 108 109 110 111]
2025/04/20 21:27:30 Sent {"src":"n0","dest":"c10","body":{"in_reply_to":63,"messages":[0,1,2,3,4,5,6,7,8,9,10,11,12,13,14,15,16,17,18,19,20,21,22,23,24,25,26,27,28,29,30,31,32,33,34,35,36,37,38,39,40,41,42,43,44,45,46,47,48,49,50,51,52,53,54,55,56,57,58,59,60,61,62,63,64,65,66,67,68,69,70,71,72,73,74,75,76,77,78,79,80,81,82,83,84,85,86,87,88,89,90,91,92,93,94,95,96,97,98,99,100,101,102,103,104,105,106,107,108,109,110,111],"msg_id":315,"type":"read_ok"}}
