2025/04/20 16:47:44 Received {c2 n3 {"type":"init","node_id":"n3","node_ids":["n1","n2","n3","n4","n5"],"msg_id":1}}
2025/04/20 16:47:44 Node n3 initialized
2025/04/20 16:47:44 Sent {"src":"n3","dest":"c2","body":{"in_reply_to":1,"type":"init_ok"}}
2025/04/20 16:47:44 Received {c10 n3 {"echo":"Please echo 58","type":"echo","msg_id":1}}
2025/04/20 16:47:44 Sent {"src":"n3","dest":"c10","body":{"echo":"Please echo 58","in_reply_to":1,"msg_id":1,"type":"echo_ok"}}
2025/04/20 16:47:44 Received {c10 n3 {"echo":"Please echo 90","type":"echo","msg_id":2}}
2025/04/20 16:47:44 Sent {"src":"n3","dest":"c10","body":{"echo":"Please echo 90","in_reply_to":2,"msg_id":2,"type":"echo_ok"}}
2025/04/20 16:47:45 Received {c10 n3 {"echo":"Please echo 9","type":"echo","msg_id":3}}
2025/04/20 16:47:45 Sent {"src":"n3","dest":"c10","body":{"echo":"Please echo 9","in_reply_to":3,"msg_id":3,"type":"echo_ok"}}
2025/04/20 16:47:46 Received {c10 n3 {"echo":"Please echo 0","type":"echo","msg_id":4}}
2025/04/20 16:47:46 Sent {"src":"n3","dest":"c10","body":{"echo":"Please echo 0","in_reply_to":4,"msg_id":4,"type":"echo_ok"}}
2025/04/20 16:47:47 Received {c10 n3 {"echo":"Please echo 87","type":"echo","msg_id":5}}
2025/04/20 16:47:47 Sent {"src":"n3","dest":"c10","body":{"echo":"Please echo 87","in_reply_to":5,"msg_id":5,"type":"echo_ok"}}
2025/04/20 16:47:49 Received {c10 n3 {"echo":"Please echo 4","type":"echo","msg_id":6}}
2025/04/20 16:47:49 Sent {"src":"n3","dest":"c10","body":{"echo":"Please echo 4","in_reply_to":6,"msg_id":6,"type":"echo_ok"}}
2025/04/20 16:47:51 Received {c10 n3 {"echo":"Please echo 71","type":"echo","msg_id":7}}
2025/04/20 16:47:51 Sent {"src":"n3","dest":"c10","body":{"echo":"Please echo 71","in_reply_to":7,"msg_id":7,"type":"echo_ok"}}
2025/04/20 16:47:51 Received {c10 n3 {"echo":"Please echo 57","type":"echo","msg_id":8}}
2025/04/20 16:47:51 Sent {"src":"n3","dest":"c10","body":{"echo":"Please echo 57","in_reply_to":8,"msg_id":8,"type":"echo_ok"}}
2025/04/20 16:47:51 Received {c10 n3 {"echo":"Please echo 24","type":"echo","msg_id":9}}
2025/04/20 16:47:51 Sent {"src":"n3","dest":"c10","body":{"echo":"Please echo 24","in_reply_to":9,"msg_id":9,"type":"echo_ok"}}
2025/04/20 16:47:52 Received {c10 n3 {"echo":"Please echo 113","type":"echo","msg_id":10}}
2025/04/20 16:47:52 Sent {"src":"n3","dest":"c10","body":{"echo":"Please echo 113","in_reply_to":10,"msg_id":10,"type":"echo_ok"}}
2025/04/20 16:47:52 Received {c10 n3 {"echo":"Please echo 56","type":"echo","msg_id":11}}
2025/04/20 16:47:52 Sent {"src":"n3","dest":"c10","body":{"echo":"Please echo 56","in_reply_to":11,"msg_id":11,"type":"echo_ok"}}
