2025/04/20 16:44:51 Received {c4 n1 {"type":"init","node_id":"n1","node_ids":["n1","n2","n3","n4","n5"],"msg_id":1}}
2025/04/20 16:44:51 Node n1 initialized
2025/04/20 16:44:51 Sent {"src":"n1","dest":"c4","body":{"in_reply_to":1,"type":"init_ok"}}
2025/04/20 16:44:53 Received {c13 n1 {"echo":"Please echo 0","type":"echo","msg_id":1}}
2025/04/20 16:44:53 Sent {"src":"n1","dest":"c13","body":{"echo":"Please echo 0","in_reply_to":1,"msg_id":1,"type":"echo_ok"}}
2025/04/20 16:44:54 Received {c13 n1 {"echo":"Please echo 38","type":"echo","msg_id":2}}
2025/04/20 16:44:54 Sent {"src":"n1","dest":"c13","body":{"echo":"Please echo 38","in_reply_to":2,"msg_id":2,"type":"echo_ok"}}
2025/04/20 16:44:57 Received {c13 n1 {"echo":"Please echo 40","type":"echo","msg_id":3}}
2025/04/20 16:44:57 Sent {"src":"n1","dest":"c13","body":{"echo":"Please echo 40","in_reply_to":3,"msg_id":3,"type":"echo_ok"}}
2025/04/20 16:44:58 Received {c13 n1 {"echo":"Please echo 4","type":"echo","msg_id":4}}
2025/04/20 16:44:58 Sent {"src":"n1","dest":"c13","body":{"echo":"Please echo 4","in_reply_to":4,"msg_id":4,"type":"echo_ok"}}
2025/04/20 16:44:58 Received {c13 n1 {"echo":"Please echo 117","type":"echo","msg_id":5}}
2025/04/20 16:44:58 Sent {"src":"n1","dest":"c13","body":{"echo":"Please echo 117","in_reply_to":5,"msg_id":5,"type":"echo_ok"}}
2025/04/20 16:44:59 Received {c13 n1 {"echo":"Please echo 101","type":"echo","msg_id":6}}
2025/04/20 16:44:59 Sent {"src":"n1","dest":"c13","body":{"echo":"Please echo 101","in_reply_to":6,"msg_id":6,"type":"echo_ok"}}
2025/04/20 16:45:00 Received {c13 n1 {"echo":"Please echo 101","type":"echo","msg_id":7}}
2025/04/20 16:45:00 Sent {"src":"n1","dest":"c13","body":{"echo":"Please echo 101","in_reply_to":7,"msg_id":7,"type":"echo_ok"}}
2025/04/20 16:45:00 Received {c13 n1 {"echo":"Please echo 49","type":"echo","msg_id":8}}
2025/04/20 16:45:00 Sent {"src":"n1","dest":"c13","body":{"echo":"Please echo 49","in_reply_to":8,"msg_id":8,"type":"echo_ok"}}
2025/04/20 16:45:01 Received {c13 n1 {"echo":"Please echo 101","type":"echo","msg_id":9}}
2025/04/20 16:45:01 Sent {"src":"n1","dest":"c13","body":{"echo":"Please echo 101","in_reply_to":9,"msg_id":9,"type":"echo_ok"}}
2025/04/20 16:45:01 Received {c13 n1 {"echo":"Please echo 36","type":"echo","msg_id":10}}
2025/04/20 16:45:01 Sent {"src":"n1","dest":"c13","body":{"echo":"Please echo 36","in_reply_to":10,"msg_id":10,"type":"echo_ok"}}
2025/04/20 16:45:01 Received {c13 n1 {"echo":"Please echo 48","type":"echo","msg_id":11}}
2025/04/20 16:45:01 Sent {"src":"n1","dest":"c13","body":{"echo":"Please echo 48","in_reply_to":11,"msg_id":11,"type":"echo_ok"}}
2025/04/20 16:45:01 Received {c13 n1 {"echo":"Please echo 27","type":"echo","msg_id":12}}
2025/04/20 16:45:01 Sent {"src":"n1","dest":"c13","body":{"echo":"Please echo 27","in_reply_to":12,"msg_id":12,"type":"echo_ok"}}
