2025/04/20 16:44:51 Received {c1 n2 {"type":"init","node_id":"n2","node_ids":["n1","n2","n3","n4","n5"],"msg_id":1}}
2025/04/20 16:44:51 Node n2 initialized
2025/04/20 16:44:51 Sent {"src":"n2","dest":"c1","body":{"in_reply_to":1,"type":"init_ok"}}
2025/04/20 16:44:52 Received {c11 n2 {"echo":"Please echo 58","type":"echo","msg_id":1}}
2025/04/20 16:44:52 Sent {"src":"n2","dest":"c11","body":{"echo":"Please echo 58","in_reply_to":1,"msg_id":1,"type":"echo_ok"}}
2025/04/20 16:44:55 Received {c11 n2 {"echo":"Please echo 55","type":"echo","msg_id":2}}
2025/04/20 16:44:55 Sent {"src":"n2","dest":"c11","body":{"echo":"Please echo 55","in_reply_to":2,"msg_id":2,"type":"echo_ok"}}
2025/04/20 16:44:55 Received {c11 n2 {"echo":"Please echo 75","type":"echo","msg_id":3}}
2025/04/20 16:44:55 Sent {"src":"n2","dest":"c11","body":{"echo":"Please echo 75","in_reply_to":3,"msg_id":3,"type":"echo_ok"}}
2025/04/20 16:44:57 Received {c11 n2 {"echo":"Please echo 4","type":"echo","msg_id":4}}
2025/04/20 16:44:57 Sent {"src":"n2","dest":"c11","body":{"echo":"Please echo 4","in_reply_to":4,"msg_id":4,"type":"echo_ok"}}
2025/04/20 16:44:58 Received {c11 n2 {"echo":"Please echo 59","type":"echo","msg_id":5}}
2025/04/20 16:44:58 Sent {"src":"n2","dest":"c11","body":{"echo":"Please echo 59","in_reply_to":5,"msg_id":5,"type":"echo_ok"}}
2025/04/20 16:44:59 Received {c11 n2 {"echo":"Please echo 19","type":"echo","msg_id":6}}
2025/04/20 16:44:59 Sent {"src":"n2","dest":"c11","body":{"echo":"Please echo 19","in_reply_to":6,"msg_id":6,"type":"echo_ok"}}
2025/04/20 16:44:59 Received {c11 n2 {"echo":"Please echo 56","type":"echo","msg_id":7}}
2025/04/20 16:44:59 Sent {"src":"n2","dest":"c11","body":{"echo":"Please echo 56","in_reply_to":7,"msg_id":7,"type":"echo_ok"}}
2025/04/20 16:44:59 Received {c11 n2 {"echo":"Please echo 72","type":"echo","msg_id":8}}
2025/04/20 16:44:59 Sent {"src":"n2","dest":"c11","body":{"echo":"Please echo 72","in_reply_to":8,"msg_id":8,"type":"echo_ok"}}
2025/04/20 16:45:00 Received {c11 n2 {"echo":"Please echo 46","type":"echo","msg_id":9}}
2025/04/20 16:45:00 Sent {"src":"n2","dest":"c11","body":{"echo":"Please echo 46","in_reply_to":9,"msg_id":9,"type":"echo_ok"}}
2025/04/20 16:45:00 Received {c11 n2 {"echo":"Please echo 74","type":"echo","msg_id":10}}
2025/04/20 16:45:00 Sent {"src":"n2","dest":"c11","body":{"echo":"Please echo 74","in_reply_to":10,"msg_id":10,"type":"echo_ok"}}
2025/04/20 16:45:01 Received {c11 n2 {"echo":"Please echo 33","type":"echo","msg_id":11}}
2025/04/20 16:45:01 Sent {"src":"n2","dest":"c11","body":{"echo":"Please echo 33","in_reply_to":11,"msg_id":11,"type":"echo_ok"}}
