2025/04/20 16:44:51 Received {c2 n5 {"type":"init","node_id":"n5","node_ids":["n1","n2","n3","n4","n5"],"msg_id":1}}
2025/04/20 16:44:51 Node n5 initialized
2025/04/20 16:44:51 Sent {"src":"n5","dest":"c2","body":{"in_reply_to":1,"type":"init_ok"}}
2025/04/20 16:44:51 Received {c10 n5 {"echo":"Please echo 94","type":"echo","msg_id":1}}
2025/04/20 16:44:51 Sent {"src":"n5","dest":"c10","body":{"echo":"Please echo 94","in_reply_to":1,"msg_id":1,"type":"echo_ok"}}
2025/04/20 16:44:52 Received {c10 n5 {"echo":"Please echo 91","type":"echo","msg_id":2}}
2025/04/20 16:44:52 Sent {"src":"n5","dest":"c10","body":{"echo":"Please echo 91","in_reply_to":2,"msg_id":2,"type":"echo_ok"}}
2025/04/20 16:44:53 Received {c10 n5 {"echo":"Please echo 84","type":"echo","msg_id":3}}
2025/04/20 16:44:53 Sent {"src":"n5","dest":"c10","body":{"echo":"Please echo 84","in_reply_to":3,"msg_id":3,"type":"echo_ok"}}
2025/04/20 16:44:53 Received {c10 n5 {"echo":"Please echo 25","type":"echo","msg_id":4}}
2025/04/20 16:44:53 Sent {"src":"n5","dest":"c10","body":{"echo":"Please echo 25","in_reply_to":4,"msg_id":4,"type":"echo_ok"}}
2025/04/20 16:44:53 Received {c10 n5 {"echo":"Please echo 105","type":"echo","msg_id":5}}
2025/04/20 16:44:53 Sent {"src":"n5","dest":"c10","body":{"echo":"Please echo 105","in_reply_to":5,"msg_id":5,"type":"echo_ok"}}
2025/04/20 16:44:53 Received {c10 n5 {"echo":"Please echo 104","type":"echo","msg_id":6}}
2025/04/20 16:44:53 Sent {"src":"n5","dest":"c10","body":{"echo":"Please echo 104","in_reply_to":6,"msg_id":6,"type":"echo_ok"}}
2025/04/20 16:44:53 Received {c10 n5 {"echo":"Please echo 126","type":"echo","msg_id":7}}
2025/04/20 16:44:53 Sent {"src":"n5","dest":"c10","body":{"echo":"Please echo 126","in_reply_to":7,"msg_id":7,"type":"echo_ok"}}
2025/04/20 16:44:54 Received {c10 n5 {"echo":"Please echo 101","type":"echo","msg_id":8}}
2025/04/20 16:44:54 Sent {"src":"n5","dest":"c10","body":{"echo":"Please echo 101","in_reply_to":8,"msg_id":8,"type":"echo_ok"}}
2025/04/20 16:44:54 Received {c10 n5 {"echo":"Please echo 104","type":"echo","msg_id":9}}
2025/04/20 16:44:54 Sent {"src":"n5","dest":"c10","body":{"echo":"Please echo 104","in_reply_to":9,"msg_id":9,"type":"echo_ok"}}
2025/04/20 16:44:56 Received {c10 n5 {"echo":"Please echo 1","type":"echo","msg_id":10}}
2025/04/20 16:44:56 Sent {"src":"n5","dest":"c10","body":{"echo":"Please echo 1","in_reply_to":10,"msg_id":10,"type":"echo_ok"}}
2025/04/20 16:44:56 Received {c10 n5 {"echo":"Please echo 63","type":"echo","msg_id":11}}
2025/04/20 16:44:56 Sent {"src":"n5","dest":"c10","body":{"echo":"Please echo 63","in_reply_to":11,"msg_id":11,"type":"echo_ok"}}
2025/04/20 16:44:58 Received {c10 n5 {"echo":"Please echo 58","type":"echo","msg_id":12}}
2025/04/20 16:44:58 Sent {"src":"n5","dest":"c10","body":{"echo":"Please echo 58","in_reply_to":12,"msg_id":12,"type":"echo_ok"}}
2025/04/20 16:44:59 Received {c10 n5 {"echo":"Please echo 1","type":"echo","msg_id":13}}
2025/04/20 16:44:59 Sent {"src":"n5","dest":"c10","body":{"echo":"Please echo 1","in_reply_to":13,"msg_id":13,"type":"echo_ok"}}
2025/04/20 16:45:00 Received {c10 n5 {"echo":"Please echo 82","type":"echo","msg_id":14}}
2025/04/20 16:45:00 Sent {"src":"n5","dest":"c10","body":{"echo":"Please echo 82","in_reply_to":14,"msg_id":14,"type":"echo_ok"}}
2025/04/20 16:45:01 Received {c10 n5 {"echo":"Please echo 71","type":"echo","msg_id":15}}
2025/04/20 16:45:01 Sent {"src":"n5","dest":"c10","body":{"echo":"Please echo 71","in_reply_to":15,"msg_id":15,"type":"echo_ok"}}
