2025/04/21 10:08:17 Received {c1 n3 {"type":"init","node_id":"n3","node_ids":["n0","n1","n2","n3","n4"],"msg_id":1}}
2025/04/21 10:08:17 Node n3 initialized
2025/04/21 10:08:17 Sent {"src":"n3","dest":"c1","body":{"in_reply_to":1,"type":"init_ok"}}
2025/04/21 10:08:17 Received {c8 n3 {"type":"topology","topology":{"n0":["n3","n1"],"n1":["n4","n2","n0"],"n2":["n1"],"n3":["n0","n4"],"n4":["n1","n3"]},"msg_id":1}}
2025/04/21 10:08:17 Sent {"src":"n3","dest":"c8","body":{"in_reply_to":1,"msg_id":1,"type":"topology_ok"}}
2025/04/21 10:08:17 Received {n0 n3 {"data_id":"c10_1","message":0,"msg_id":1,"seen_nodes":["n0","n3"],"type":"gossip"}}
2025/04/21 10:08:17 Sent {"src":"n3","dest":"n4","body":{"data_id":"c10_1","message":0,"msg_id":1,"seen_nodes":["n3","n0","n4"],"type":"gossip"}}
2025/04/21 10:08:17 Sent {"src":"n3","dest":"n0","body":{"already_seen":false,"in_reply_to":1,"msg_id":3,"seen_nodes":["n3","n0","n4"],"type":"gossip_ok"}}
2025/04/21 10:08:17 Received {n4 n3 {"already_seen":false,"in_reply_to":1,"msg_id":3,"seen_nodes":["n4","n3","n0","n1"],"type":"gossip_ok"}}
2025/04/21 10:08:17 Received {n0 n3 {"data_id":"c12_1","message":1,"msg_id":3,"seen_nodes":["n0","n1","n2","n4","n3"],"type":"gossip"}}
2025/04/21 10:08:17 Sent {"src":"n3","dest":"n0","body":{"already_seen":false,"in_reply_to":3,"msg_id":4,"seen_nodes":["n3","n0","n1","n2","n4"],"type":"gossip_ok"}}
2025/04/21 10:08:17 Received {n4 n3 {"data_id":"c12_1","message":1,"msg_id":2,"seen_nodes":["n4","n1","n2","n3"],"type":"gossip"}}
2025/04/21 10:08:17 Sent {"src":"n3","dest":"n4","body":{"already_seen":true,"in_reply_to":2,"msg_id":5,"seen_nodes":["n3","n0","n1","n2","n4"],"type":"gossip_ok"}}
2025/04/21 10:08:17 Received {c13 n3 {"type":"broadcast","message":2,"msg_id":1}}
2025/04/21 10:08:17 Sent {"src":"n3","dest":"n0","body":{"data_id":"c13_1","message":2,"msg_id":2,"seen_nodes":["n3","n0"],"type":"gossip"}}
2025/04/21 10:08:17 Sent {"src":"n3","dest":"n4","body":{"data_id":"c13_1","message":2,"msg_id":3,"seen_nodes":["n3","n0","n4"],"type":"gossip"}}
2025/04/21 10:08:17 Sent {"src":"n3","dest":"c13","body":{"in_reply_to":1,"msg_id":8,"type":"broadcast_ok"}}
2025/04/21 10:08:17 Received {n0 n3 {"already_seen":false,"in_reply_to":2,"msg_id":8,"seen_nodes":["n0","n3","n1"],"type":"gossip_ok"}}
2025/04/21 10:08:17 Received {n4 n3 {"already_seen":false,"in_reply_to":3,"msg_id":8,"seen_nodes":["n4","n3","n0","n1"],"type":"gossip_ok"}}
2025/04/21 10:08:17 Received {n4 n3 {"data_id":"c14_1","message":3,"msg_id":5,"seen_nodes":["n4","n1","n3"],"type":"gossip"}}
2025/04/21 10:08:17 Sent {"src":"n3","dest":"n0","body":{"data_id":"c14_1","message":3,"msg_id":4,"seen_nodes":["n3","n4","n1","n0"],"type":"gossip"}}
2025/04/21 10:08:17 Sent {"src":"n3","dest":"n4","body":{"already_seen":false,"in_reply_to":5,"msg_id":10,"seen_nodes":["n3","n4","n1","n0"],"type":"gossip_ok"}}
2025/04/21 10:08:17 Received {n0 n3 {"already_seen":false,"in_reply_to":4,"msg_id":9,"seen_nodes":["n0","n3","n4","n1"],"type":"gossip_ok"}}
2025/04/21 10:08:17 Received {n0 n3 {"data_id":"c10_2","message":4,"msg_id":5,"seen_nodes":["n0","n3"],"type":"gossip"}}
2025/04/21 10:08:17 Sent {"src":"n3","dest":"n4","body":{"data_id":"c10_2","message":4,"msg_id":5,"seen_nodes":["n3","n0","n4"],"type":"gossip"}}
2025/04/21 10:08:17 Sent {"src":"n3","dest":"n0","body":{"already_seen":false,"in_reply_to":5,"msg_id":12,"seen_nodes":["n3","n0","n4"],"type":"gossip_ok"}}
2025/04/21 10:08:17 Received {n4 n3 {"already_seen":false,"in_reply_to":5,"msg_id":14,"seen_nodes":["n4","n3","n0","n1"],"type":"gossip_ok"}}
2025/04/21 10:08:17 Received {n4 n3 {"data_id":"c11_2","message":5,"msg_id":7,"seen_nodes":["n4","n1","n3"],"type":"gossip"}}
2025/04/21 10:08:17 Received {n0 n3 {"data_id":"c11_2","message":5,"msg_id":7,"seen_nodes":["n0","n1","n4","n2","n3"],"type":"gossip"}}
2025/04/21 10:08:17 Sent {"src":"n3","dest":"n0","body":{"data_id":"c11_2","message":5,"msg_id":6,"seen_nodes":["n3","n4","n1","n0"],"type":"gossip"}}
2025/04/21 10:08:17 Sent {"src":"n3","dest":"n4","body":{"already_seen":false,"in_reply_to":7,"msg_id":14,"seen_nodes":["n3","n4","n1","n0"],"type":"gossip_ok"}}
2025/04/21 10:08:17 Sent {"src":"n3","dest":"n0","body":{"already_seen":true,"in_reply_to":7,"msg_id":15,"seen_nodes":["n3","n4","n1","n0"],"type":"gossip_ok"}}
2025/04/21 10:08:17 Received {n0 n3 {"already_seen":true,"in_reply_to":6,"msg_id":17,"seen_nodes":["n0","n1","n4","n2","n3"],"type":"gossip_ok"}}
2025/04/21 10:08:17 Received {n0 n3 {"data_id":"c12_2","message":6,"msg_id":8,"seen_nodes":["n0","n1","n2","n4","n3"],"type":"gossip"}}
2025/04/21 10:08:17 Received {n4 n3 {"data_id":"c12_2","message":6,"msg_id":8,"seen_nodes":["n4","n1","n2","n3"],"type":"gossip"}}
2025/04/21 10:08:17 Sent {"src":"n3","dest":"n0","body":{"already_seen":false,"in_reply_to":8,"msg_id":16,"seen_nodes":["n3","n0","n1","n2","n4"],"type":"gossip_ok"}}
2025/04/21 10:08:17 Sent {"src":"n3","dest":"n4","body":{"already_seen":true,"in_reply_to":8,"msg_id":17,"seen_nodes":["n3","n0","n1","n2","n4"],"type":"gossip_ok"}}
2025/04/21 10:08:17 Received {c13 n3 {"type":"broadcast","message":7,"msg_id":2}}
2025/04/21 10:08:17 Sent {"src":"n3","dest":"n0","body":{"data_id":"c13_2","message":7,"msg_id":7,"seen_nodes":["n3","n0"],"type":"gossip"}}
2025/04/21 10:08:17 Sent {"src":"n3","dest":"n4","body":{"data_id":"c13_2","message":7,"msg_id":8,"seen_nodes":["n3","n0","n4"],"type":"gossip"}}
2025/04/21 10:08:17 Sent {"src":"n3","dest":"c13","body":{"in_reply_to":2,"msg_id":20,"type":"broadcast_ok"}}
2025/04/21 10:08:17 Received {n4 n3 {"already_seen":false,"in_reply_to":8,"msg_id":21,"seen_nodes":["n4","n3","n0","n1"],"type":"gossip_ok"}}
2025/04/21 10:08:17 Received {n0 n3 {"already_seen":false,"in_reply_to":7,"msg_id":21,"seen_nodes":["n0","n3","n1"],"type":"gossip_ok"}}
2025/04/21 10:08:18 Received {n4 n3 {"data_id":"c11_3","message":8,"msg_id":10,"seen_nodes":["n4","n1","n3"],"type":"gossip"}}
2025/04/21 10:08:18 Received {n0 n3 {"data_id":"c11_3","message":8,"msg_id":10,"seen_nodes":["n0","n1","n4","n2","n3"],"type":"gossip"}}
2025/04/21 10:08:18 Sent {"src":"n3","dest":"n0","body":{"already_seen":true,"in_reply_to":10,"msg_id":21,"seen_nodes":["n3","n4","n1"],"type":"gossip_ok"}}
2025/04/21 10:08:18 Sent {"src":"n3","dest":"n0","body":{"data_id":"c11_3","message":8,"msg_id":9,"seen_nodes":["n3","n4","n1","n0"],"type":"gossip"}}
2025/04/21 10:08:18 Sent {"src":"n3","dest":"n4","body":{"already_seen":false,"in_reply_to":10,"msg_id":23,"seen_nodes":["n3","n4","n1","n0","n2"],"type":"gossip_ok"}}
2025/04/21 10:08:18 Received {n0 n3 {"already_seen":true,"in_reply_to":9,"msg_id":26,"seen_nodes":["n0","n1","n4","n2","n3"],"type":"gossip_ok"}}
2025/04/21 10:08:18 Received {n4 n3 {"data_id":"c12_3","message":9,"msg_id":11,"seen_nodes":["n4","n1","n2","n3"],"type":"gossip"}}
2025/04/21 10:08:18 Sent {"src":"n3","dest":"n0","body":{"data_id":"c12_3","message":9,"msg_id":10,"seen_nodes":["n3","n4","n1","n2","n0"],"type":"gossip"}}
2025/04/21 10:08:18 Sent {"src":"n3","dest":"n4","body":{"already_seen":false,"in_reply_to":11,"msg_id":25,"seen_nodes":["n3","n4","n1","n2","n0"],"type":"gossip_ok"}}
2025/04/21 10:08:18 Received {n0 n3 {"data_id":"c12_3","message":9,"msg_id":11,"seen_nodes":["n0","n1","n2","n4","n3"],"type":"gossip"}}
2025/04/21 10:08:18 Sent {"src":"n3","dest":"n0","body":{"already_seen":true,"in_reply_to":11,"msg_id":26,"seen_nodes":["n3","n4","n1","n2","n0"],"type":"gossip_ok"}}
2025/04/21 10:08:18 Received {n0 n3 {"already_seen":true,"in_reply_to":10,"msg_id":29,"seen_nodes":["n0","n1","n2","n4","n3"],"type":"gossip_ok"}}
2025/04/21 10:08:18 Received {c13 n3 {"type":"read","msg_id":3}}
2025/04/21 10:08:18 Sent {"src":"n3","dest":"c13","body":{"in_reply_to":3,"messages":[4,5,7,0,1,6,8,9,2,3],"msg_id":27,"type":"read_ok"}}
2025/04/21 10:08:18 Received {n4 n3 {"data_id":"c14_3","message":10,"msg_id":13,"seen_nodes":["n4","n1","n3"],"type":"gossip"}}
2025/04/21 10:08:18 Sent {"src":"n3","dest":"n0","body":{"data_id":"c14_3","message":10,"msg_id":11,"seen_nodes":["n3","n4","n1","n0"],"type":"gossip"}}
2025/04/21 10:08:18 Sent {"src":"n3","dest":"n4","body":{"already_seen":false,"in_reply_to":13,"msg_id":29,"seen_nodes":["n3","n4","n1","n0"],"type":"gossip_ok"}}
2025/04/21 10:08:18 Received {n0 n3 {"already_seen":false,"in_reply_to":11,"msg_id":30,"seen_nodes":["n0","n3","n4","n1"],"type":"gossip_ok"}}
2025/04/21 10:08:19 Received {c13 n3 {"type":"broadcast","message":11,"msg_id":4}}
2025/04/21 10:08:19 Sent {"src":"n3","dest":"n0","body":{"data_id":"c13_4","message":11,"msg_id":12,"seen_nodes":["n3","n0"],"type":"gossip"}}
2025/04/21 10:08:19 Sent {"src":"n3","dest":"n4","body":{"data_id":"c13_4","message":11,"msg_id":13,"seen_nodes":["n3","n0","n4"],"type":"gossip"}}
2025/04/21 10:08:19 Sent {"src":"n3","dest":"c13","body":{"in_reply_to":4,"msg_id":32,"type":"broadcast_ok"}}
2025/04/21 10:08:19 Received {n4 n3 {"already_seen":false,"in_reply_to":13,"msg_id":32,"seen_nodes":["n4","n3","n0","n1"],"type":"gossip_ok"}}
2025/04/21 10:08:19 Received {n0 n3 {"already_seen":false,"in_reply_to":12,"msg_id":35,"seen_nodes":["n0","n3","n1"],"type":"gossip_ok"}}
2025/04/21 10:08:19 Received {n4 n3 {"data_id":"c14_4","message":12,"msg_id":16,"seen_nodes":["n4","n1","n3"],"type":"gossip"}}
2025/04/21 10:08:19 Sent {"src":"n3","dest":"n0","body":{"data_id":"c14_4","message":12,"msg_id":14,"seen_nodes":["n3","n4","n1","n0"],"type":"gossip"}}
2025/04/21 10:08:19 Sent {"src":"n3","dest":"n4","body":{"already_seen":false,"in_reply_to":16,"msg_id":34,"seen_nodes":["n3","n4","n1","n0"],"type":"gossip_ok"}}
2025/04/21 10:08:19 Received {n0 n3 {"already_seen":false,"in_reply_to":14,"msg_id":36,"seen_nodes":["n0","n3","n4","n1"],"type":"gossip_ok"}}
2025/04/21 10:08:19 Received {n0 n3 {"data_id":"c10_9","message":13,"msg_id":13,"seen_nodes":["n0","n3"],"type":"gossip"}}
2025/04/21 10:08:19 Sent {"src":"n3","dest":"n4","body":{"data_id":"c10_9","message":13,"msg_id":15,"seen_nodes":["n3","n0","n4"],"type":"gossip"}}
2025/04/21 10:08:19 Sent {"src":"n3","dest":"n0","body":{"already_seen":false,"in_reply_to":13,"msg_id":36,"seen_nodes":["n3","n0","n4"],"type":"gossip_ok"}}
2025/04/21 10:08:19 Received {n4 n3 {"already_seen":false,"in_reply_to":15,"msg_id":38,"seen_nodes":["n4","n3","n0","n1"],"type":"gossip_ok"}}
2025/04/21 10:08:19 Received {n4 n3 {"data_id":"c11_5","message":14,"msg_id":18,"seen_nodes":["n4","n1","n3"],"type":"gossip"}}
2025/04/21 10:08:19 Received {n0 n3 {"data_id":"c11_5","message":14,"msg_id":15,"seen_nodes":["n0","n1","n4","n2","n3"],"type":"gossip"}}
2025/04/21 10:08:19 Sent {"src":"n3","dest":"n0","body":{"data_id":"c11_5","message":14,"msg_id":16,"seen_nodes":["n3","n4","n1","n0"],"type":"gossip"}}
2025/04/21 10:08:19 Sent {"src":"n3","dest":"n4","body":{"already_seen":false,"in_reply_to":18,"msg_id":39,"seen_nodes":["n3","n4","n1","n0"],"type":"gossip_ok"}}
2025/04/21 10:08:19 Sent {"src":"n3","dest":"n0","body":{"already_seen":true,"in_reply_to":15,"msg_id":38,"seen_nodes":["n3","n4","n1","n0"],"type":"gossip_ok"}}
2025/04/21 10:08:19 Received {n0 n3 {"already_seen":true,"in_reply_to":16,"msg_id":44,"seen_nodes":["n0","n1","n4","n2","n3"],"type":"gossip_ok"}}
2025/04/21 10:08:19 Received {c13 n3 {"type":"broadcast","message":15,"msg_id":5}}
2025/04/21 10:08:19 Sent {"src":"n3","dest":"n0","body":{"data_id":"c13_5","message":15,"msg_id":17,"seen_nodes":["n3","n0"],"type":"gossip"}}
2025/04/21 10:08:19 Sent {"src":"n3","dest":"n4","body":{"data_id":"c13_5","message":15,"msg_id":18,"seen_nodes":["n3","n0","n4"],"type":"gossip"}}
2025/04/21 10:08:19 Sent {"src":"n3","dest":"c13","body":{"in_reply_to":5,"msg_id":42,"type":"broadcast_ok"}}
2025/04/21 10:08:19 Received {n0 n3 {"already_seen":false,"in_reply_to":17,"msg_id":46,"seen_nodes":["n0","n3","n1"],"type":"gossip_ok"}}
2025/04/21 10:08:19 Received {n4 n3 {"already_seen":false,"in_reply_to":18,"msg_id":42,"seen_nodes":["n4","n3","n0","n1"],"type":"gossip_ok"}}
2025/04/21 10:08:19 Received {n4 n3 {"data_id":"c14_5","message":16,"msg_id":21,"seen_nodes":["n4","n1","n3"],"type":"gossip"}}
2025/04/21 10:08:19 Sent {"src":"n3","dest":"n0","body":{"data_id":"c14_5","message":16,"msg_id":19,"seen_nodes":["n3","n4","n1","n0"],"type":"gossip"}}
2025/04/21 10:08:19 Sent {"src":"n3","dest":"n4","body":{"already_seen":false,"in_reply_to":21,"msg_id":44,"seen_nodes":["n3","n4","n1","n0"],"type":"gossip_ok"}}
2025/04/21 10:08:19 Received {n0 n3 {"already_seen":false,"in_reply_to":19,"msg_id":47,"seen_nodes":["n0","n3","n4","n1"],"type":"gossip_ok"}}
2025/04/21 10:08:20 Received {n0 n3 {"data_id":"c10_11","message":17,"msg_id":17,"seen_nodes":["n0","n3"],"type":"gossip"}}
2025/04/21 10:08:20 Sent {"src":"n3","dest":"n4","body":{"data_id":"c10_11","message":17,"msg_id":20,"seen_nodes":["n3","n0","n4"],"type":"gossip"}}
2025/04/21 10:08:20 Sent {"src":"n3","dest":"n0","body":{"already_seen":false,"in_reply_to":17,"msg_id":46,"seen_nodes":["n3","n0","n4"],"type":"gossip_ok"}}
2025/04/21 10:08:20 Received {n4 n3 {"already_seen":false,"in_reply_to":20,"msg_id":49,"seen_nodes":["n4","n3","n0","n1"],"type":"gossip_ok"}}
2025/04/21 10:08:20 Received {n4 n3 {"data_id":"c11_6","message":18,"msg_id":23,"seen_nodes":["n4","n1","n3"],"type":"gossip"}}
2025/04/21 10:08:20 Received {n0 n3 {"data_id":"c11_6","message":18,"msg_id":19,"seen_nodes":["n0","n1","n4","n2","n3"],"type":"gossip"}}
2025/04/21 10:08:20 Sent {"src":"n3","dest":"n0","body":{"data_id":"c11_6","message":18,"msg_id":21,"seen_nodes":["n3","n4","n1","n0"],"type":"gossip"}}
2025/04/21 10:08:20 Sent {"src":"n3","dest":"n4","body":{"already_seen":false,"in_reply_to":23,"msg_id":48,"seen_nodes":["n3","n4","n1","n0"],"type":"gossip_ok"}}
2025/04/21 10:08:20 Sent {"src":"n3","dest":"n0","body":{"already_seen":true,"in_reply_to":19,"msg_id":49,"seen_nodes":["n3","n4","n1","n0"],"type":"gossip_ok"}}
2025/04/21 10:08:20 Received {n0 n3 {"already_seen":true,"in_reply_to":21,"msg_id":55,"seen_nodes":["n0","n1","n4","n2","n3"],"type":"gossip_ok"}}
2025/04/21 10:08:20 Received {c13 n3 {"type":"read","msg_id":6}}
2025/04/21 10:08:20 Sent {"src":"n3","dest":"c13","body":{"in_reply_to":6,"messages":[9,15,16,17,18,3,4,5,11,0,6,8,10,12,2,7,13,14,1],"msg_id":50,"type":"read_ok"}}
2025/04/21 10:08:20 Received {n4 n3 {"data_id":"c11_7","message":19,"msg_id":24,"seen_nodes":["n4","n1","n3"],"type":"gossip"}}
2025/04/21 10:08:20 Received {n0 n3 {"data_id":"c11_7","message":19,"msg_id":20,"seen_nodes":["n0","n1","n4","n2","n3"],"type":"gossip"}}
2025/04/21 10:08:20 Sent {"src":"n3","dest":"n0","body":{"data_id":"c11_7","message":19,"msg_id":22,"seen_nodes":["n3","n4","n1","n0"],"type":"gossip"}}
2025/04/21 10:08:20 Sent {"src":"n3","dest":"n4","body":{"already_seen":false,"in_reply_to":24,"msg_id":52,"seen_nodes":["n3","n4","n1","n0"],"type":"gossip_ok"}}
2025/04/21 10:08:20 Sent {"src":"n3","dest":"n0","body":{"already_seen":true,"in_reply_to":20,"msg_id":53,"seen_nodes":["n3","n4","n1","n0"],"type":"gossip_ok"}}
2025/04/21 10:08:20 Received {n0 n3 {"already_seen":true,"in_reply_to":22,"msg_id":60,"seen_nodes":["n0","n1","n4","n2","n3"],"type":"gossip_ok"}}
2025/04/21 10:08:20 Received {c13 n3 {"type":"read","msg_id":7}}
2025/04/21 10:08:20 Sent {"src":"n3","dest":"c13","body":{"in_reply_to":7,"messages":[14,1,7,13,16,17,18,3,9,15,11,19,0,4,5,10,12,2,6,8],"msg_id":54,"type":"read_ok"}}
2025/04/21 10:08:20 Received {n4 n3 {"data_id":"c14_7","message":20,"msg_id":26,"seen_nodes":["n4","n1","n3"],"type":"gossip"}}
2025/04/21 10:08:20 Sent {"src":"n3","dest":"n0","body":{"data_id":"c14_7","message":20,"msg_id":23,"seen_nodes":["n3","n4","n1","n0"],"type":"gossip"}}
2025/04/21 10:08:20 Sent {"src":"n3","dest":"n4","body":{"already_seen":false,"in_reply_to":26,"msg_id":56,"seen_nodes":["n3","n4","n1","n0"],"type":"gossip_ok"}}
2025/04/21 10:08:20 Received {n0 n3 {"data_id":"c10_14","message":21,"msg_id":21,"seen_nodes":["n0","n3"],"type":"gossip"}}
2025/04/21 10:08:20 Sent {"src":"n3","dest":"n4","body":{"data_id":"c10_14","message":21,"msg_id":24,"seen_nodes":["n3","n0","n4"],"type":"gossip"}}
2025/04/21 10:08:20 Sent {"src":"n3","dest":"n0","body":{"already_seen":false,"in_reply_to":21,"msg_id":58,"seen_nodes":["n3","n0","n4"],"type":"gossip_ok"}}
2025/04/21 10:08:20 Received {n0 n3 {"data_id":"c14_7","message":20,"msg_id":23,"seen_nodes":["n0","n1","n4","n2","n3"],"type":"gossip"}}
2025/04/21 10:08:20 Received {n0 n3 {"already_seen":true,"in_reply_to":23,"msg_id":64,"seen_nodes":["n0","n1","n4","n2"],"type":"gossip_ok"}}
2025/04/21 10:08:20 Sent {"src":"n3","dest":"n0","body":{"already_seen":true,"in_reply_to":23,"msg_id":59,"seen_nodes":["n3","n4","n1","n0"],"type":"gossip_ok"}}
2025/04/21 10:08:20 Received {n4 n3 {"already_seen":false,"in_reply_to":24,"msg_id":59,"seen_nodes":["n4","n3","n0","n1"],"type":"gossip_ok"}}
2025/04/21 10:08:21 Received {n4 n3 {"data_id":"c12_8","message":22,"msg_id":28,"seen_nodes":["n4","n1","n2","n3"],"type":"gossip"}}
2025/04/21 10:08:21 Received {n0 n3 {"data_id":"c12_8","message":22,"msg_id":24,"seen_nodes":["n0","n1","n2","n4","n3"],"type":"gossip"}}
2025/04/21 10:08:21 Sent {"src":"n3","dest":"n0","body":{"data_id":"c12_8","message":22,"msg_id":25,"seen_nodes":["n3","n4","n1","n2","n0"],"type":"gossip"}}
2025/04/21 10:08:21 Sent {"src":"n3","dest":"n4","body":{"already_seen":false,"in_reply_to":28,"msg_id":62,"seen_nodes":["n3","n4","n1","n2","n0"],"type":"gossip_ok"}}
2025/04/21 10:08:21 Sent {"src":"n3","dest":"n0","body":{"already_seen":true,"in_reply_to":24,"msg_id":61,"seen_nodes":["n3","n4","n1","n2","n0"],"type":"gossip_ok"}}
2025/04/21 10:08:21 Received {n0 n3 {"already_seen":true,"in_reply_to":25,"msg_id":70,"seen_nodes":["n0","n1","n2","n4","n3"],"type":"gossip_ok"}}
2025/04/21 10:08:21 Received {c13 n3 {"type":"read","msg_id":8}}
2025/04/21 10:08:21 Sent {"src":"n3","dest":"c13","body":{"in_reply_to":8,"messages":[19,0,4,5,11,12,2,6,8,10,21,22,1,7,13,14,17,18,20,3,9,15,16],"msg_id":63,"type":"read_ok"}}
2025/04/21 10:08:21 Received {n4 n3 {"data_id":"c14_8","message":23,"msg_id":30,"seen_nodes":["n4","n1","n3"],"type":"gossip"}}
2025/04/21 10:08:21 Sent {"src":"n3","dest":"n0","body":{"data_id":"c14_8","message":23,"msg_id":26,"seen_nodes":["n3","n4","n1","n0"],"type":"gossip"}}
2025/04/21 10:08:21 Sent {"src":"n3","dest":"n4","body":{"already_seen":false,"in_reply_to":30,"msg_id":65,"seen_nodes":["n3","n4","n1","n0"],"type":"gossip_ok"}}
2025/04/21 10:08:21 Received {n0 n3 {"already_seen":false,"in_reply_to":26,"msg_id":72,"seen_nodes":["n0","n3","n4","n1"],"type":"gossip_ok"}}
2025/04/21 10:08:21 Received {n0 n3 {"data_id":"c10_16","message":24,"msg_id":25,"seen_nodes":["n0","n3"],"type":"gossip"}}
2025/04/21 10:08:21 Sent {"src":"n3","dest":"n4","body":{"data_id":"c10_16","message":24,"msg_id":27,"seen_nodes":["n3","n0","n4"],"type":"gossip"}}
2025/04/21 10:08:21 Sent {"src":"n3","dest":"n0","body":{"already_seen":false,"in_reply_to":25,"msg_id":67,"seen_nodes":["n3","n0","n4"],"type":"gossip_ok"}}
2025/04/21 10:08:21 Received {n4 n3 {"already_seen":false,"in_reply_to":27,"msg_id":68,"seen_nodes":["n4","n3","n0","n1"],"type":"gossip_ok"}}
2025/04/21 10:08:21 Received {n4 n3 {"data_id":"c11_9","message":25,"msg_id":32,"seen_nodes":["n4","n1","n3"],"type":"gossip"}}
2025/04/21 10:08:21 Received {n0 n3 {"data_id":"c11_9","message":25,"msg_id":27,"seen_nodes":["n0","n1","n4","n2","n3"],"type":"gossip"}}
2025/04/21 10:08:21 Sent {"src":"n3","dest":"n0","body":{"data_id":"c11_9","message":25,"msg_id":28,"seen_nodes":["n3","n4","n1","n0"],"type":"gossip"}}
2025/04/21 10:08:21 Sent {"src":"n3","dest":"n0","body":{"already_seen":true,"in_reply_to":27,"msg_id":69,"seen_nodes":["n3","n4","n1","n0"],"type":"gossip_ok"}}
2025/04/21 10:08:21 Sent {"src":"n3","dest":"n4","body":{"already_seen":false,"in_reply_to":32,"msg_id":70,"seen_nodes":["n3","n4","n1","n0"],"type":"gossip_ok"}}
2025/04/21 10:08:21 Received {n0 n3 {"already_seen":true,"in_reply_to":28,"msg_id":79,"seen_nodes":["n0","n1","n4","n2","n3"],"type":"gossip_ok"}}
2025/04/21 10:08:22 Received {c13 n3 {"type":"broadcast","message":26,"msg_id":9}}
2025/04/21 10:08:22 Sent {"src":"n3","dest":"n0","body":{"data_id":"c13_9","message":26,"msg_id":29,"seen_nodes":["n3","n0"],"type":"gossip"}}
2025/04/21 10:08:22 Sent {"src":"n3","dest":"n4","body":{"data_id":"c13_9","message":26,"msg_id":30,"seen_nodes":["n3","n0","n4"],"type":"gossip"}}
2025/04/21 10:08:22 Sent {"src":"n3","dest":"c13","body":{"in_reply_to":9,"msg_id":73,"type":"broadcast_ok"}}
2025/04/21 10:08:22 Received {n4 n3 {"already_seen":false,"in_reply_to":30,"msg_id":72,"seen_nodes":["n4","n3","n0","n1"],"type":"gossip_ok"}}
2025/04/21 10:08:22 Received {n0 n3 {"already_seen":false,"in_reply_to":29,"msg_id":81,"seen_nodes":["n0","n3","n1"],"type":"gossip_ok"}}
2025/04/21 10:08:22 Received {n4 n3 {"data_id":"c14_9","message":27,"msg_id":35,"seen_nodes":["n4","n1","n3"],"type":"gossip"}}
2025/04/21 10:08:22 Sent {"src":"n3","dest":"n0","body":{"data_id":"c14_9","message":27,"msg_id":31,"seen_nodes":["n3","n4","n1","n0"],"type":"gossip"}}
2025/04/21 10:08:22 Sent {"src":"n3","dest":"n4","body":{"already_seen":false,"in_reply_to":35,"msg_id":75,"seen_nodes":["n3","n4","n1","n0"],"type":"gossip_ok"}}
2025/04/21 10:08:22 Received {n0 n3 {"already_seen":false,"in_reply_to":31,"msg_id":82,"seen_nodes":["n0","n3","n4","n1"],"type":"gossip_ok"}}
2025/04/21 10:08:22 Received {n0 n3 {"data_id":"c10_18","message":28,"msg_id":29,"seen_nodes":["n0","n3"],"type":"gossip"}}
2025/04/21 10:08:22 Sent {"src":"n3","dest":"n4","body":{"data_id":"c10_18","message":28,"msg_id":32,"seen_nodes":["n3","n0","n4"],"type":"gossip"}}
2025/04/21 10:08:22 Sent {"src":"n3","dest":"n0","body":{"already_seen":false,"in_reply_to":29,"msg_id":77,"seen_nodes":["n3","n0","n4"],"type":"gossip_ok"}}
2025/04/21 10:08:22 Received {n4 n3 {"already_seen":false,"in_reply_to":32,"msg_id":78,"seen_nodes":["n4","n3","n0","n1"],"type":"gossip_ok"}}
2025/04/21 10:08:22 Received {n0 n3 {"data_id":"c10_19","message":29,"msg_id":31,"seen_nodes":["n0","n3"],"type":"gossip"}}
2025/04/21 10:08:22 Sent {"src":"n3","dest":"n4","body":{"data_id":"c10_19","message":29,"msg_id":33,"seen_nodes":["n3","n0","n4"],"type":"gossip"}}
2025/04/21 10:08:22 Sent {"src":"n3","dest":"n0","body":{"already_seen":false,"in_reply_to":31,"msg_id":79,"seen_nodes":["n3","n0","n4"],"type":"gossip_ok"}}
2025/04/21 10:08:22 Received {n4 n3 {"already_seen":true,"in_reply_to":33,"msg_id":80,"seen_nodes":["n4","n1","n0","n3"],"type":"gossip_ok"}}
2025/04/21 10:08:22 Received {n0 n3 {"data_id":"c11_10","message":30,"msg_id":33,"seen_nodes":["n0","n1","n4","n2","n3"],"type":"gossip"}}
2025/04/21 10:08:22 Received {n4 n3 {"data_id":"c11_10","message":30,"msg_id":37,"seen_nodes":["n4","n1","n3"],"type":"gossip"}}
2025/04/21 10:08:22 Sent {"src":"n3","dest":"n0","body":{"already_seen":false,"in_reply_to":33,"msg_id":80,"seen_nodes":["n3","n0","n1","n4","n2"],"type":"gossip_ok"}}
2025/04/21 10:08:22 Sent {"src":"n3","dest":"n4","body":{"already_seen":true,"in_reply_to":37,"msg_id":81,"seen_nodes":["n3","n0","n1","n4","n2"],"type":"gossip_ok"}}
2025/04/21 10:08:22 Received {n0 n3 {"data_id":"c12_10","message":31,"msg_id":34,"seen_nodes":["n0","n1","n2","n4","n3"],"type":"gossip"}}
2025/04/21 10:08:22 Received {n4 n3 {"data_id":"c12_10","message":31,"msg_id":38,"seen_nodes":["n4","n1","n2","n3"],"type":"gossip"}}
2025/04/21 10:08:22 Sent {"src":"n3","dest":"n0","body":{"already_seen":false,"in_reply_to":34,"msg_id":82,"seen_nodes":["n3","n0","n1","n2","n4"],"type":"gossip_ok"}}
2025/04/21 10:08:22 Sent {"src":"n3","dest":"n4","body":{"already_seen":true,"in_reply_to":38,"msg_id":83,"seen_nodes":["n3","n0","n1","n2","n4"],"type":"gossip_ok"}}
2025/04/21 10:08:23 Received {c13 n3 {"type":"broadcast","message":32,"msg_id":10}}
2025/04/21 10:08:23 Sent {"src":"n3","dest":"n0","body":{"data_id":"c13_10","message":32,"msg_id":34,"seen_nodes":["n3","n0"],"type":"gossip"}}
2025/04/21 10:08:23 Sent {"src":"n3","dest":"n4","body":{"data_id":"c13_10","message":32,"msg_id":35,"seen_nodes":["n3","n0","n4"],"type":"gossip"}}
2025/04/21 10:08:23 Sent {"src":"n3","dest":"c13","body":{"in_reply_to":10,"msg_id":86,"type":"broadcast_ok"}}
2025/04/21 10:08:23 Received {n0 n3 {"already_seen":false,"in_reply_to":34,"msg_id":95,"seen_nodes":["n0","n3","n1"],"type":"gossip_ok"}}
2025/04/21 10:08:23 Received {n4 n3 {"already_seen":false,"in_reply_to":35,"msg_id":86,"seen_nodes":["n4","n3","n0","n1"],"type":"gossip_ok"}}
2025/04/21 10:08:23 Received {n4 n3 {"data_id":"c14_10","message":33,"msg_id":41,"seen_nodes":["n4","n1","n3"],"type":"gossip"}}
2025/04/21 10:08:23 Sent {"src":"n3","dest":"n0","body":{"data_id":"c14_10","message":33,"msg_id":36,"seen_nodes":["n3","n4","n1","n0"],"type":"gossip"}}
2025/04/21 10:08:23 Sent {"src":"n3","dest":"n4","body":{"already_seen":false,"in_reply_to":41,"msg_id":88,"seen_nodes":["n3","n4","n1","n0"],"type":"gossip_ok"}}
2025/04/21 10:08:23 Received {n0 n3 {"already_seen":false,"in_reply_to":36,"msg_id":96,"seen_nodes":["n0","n3","n4","n1"],"type":"gossip_ok"}}
2025/04/21 10:08:23 Received {n0 n3 {"data_id":"c10_21","message":34,"msg_id":36,"seen_nodes":["n0","n3"],"type":"gossip"}}
2025/04/21 10:08:23 Sent {"src":"n3","dest":"n4","body":{"data_id":"c10_21","message":34,"msg_id":37,"seen_nodes":["n3","n0","n4"],"type":"gossip"}}
2025/04/21 10:08:23 Sent {"src":"n3","dest":"n0","body":{"already_seen":false,"in_reply_to":36,"msg_id":90,"seen_nodes":["n3","n0","n4"],"type":"gossip_ok"}}
2025/04/21 10:08:23 Received {n4 n3 {"already_seen":false,"in_reply_to":37,"msg_id":92,"seen_nodes":["n4","n3","n0","n1"],"type":"gossip_ok"}}
2025/04/21 10:08:23 Received {c13 n3 {"type":"broadcast","message":35,"msg_id":11}}
2025/04/21 10:08:23 Sent {"src":"n3","dest":"n0","body":{"data_id":"c13_11","message":35,"msg_id":38,"seen_nodes":["n3","n0"],"type":"gossip"}}
2025/04/21 10:08:23 Sent {"src":"n3","dest":"n4","body":{"data_id":"c13_11","message":35,"msg_id":39,"seen_nodes":["n3","n0","n4"],"type":"gossip"}}
2025/04/21 10:08:23 Sent {"src":"n3","dest":"c13","body":{"in_reply_to":11,"msg_id":93,"type":"broadcast_ok"}}
2025/04/21 10:08:23 Received {n4 n3 {"already_seen":false,"in_reply_to":39,"msg_id":94,"seen_nodes":["n4","n3","n0","n1"],"type":"gossip_ok"}}
2025/04/21 10:08:23 Received {n0 n3 {"already_seen":false,"in_reply_to":38,"msg_id":103,"seen_nodes":["n0","n3","n1"],"type":"gossip_ok"}}
2025/04/21 10:08:24 Received {n0 n3 {"data_id":"c10_23","message":36,"msg_id":39,"seen_nodes":["n0","n3"],"type":"gossip"}}
2025/04/21 10:08:24 Sent {"src":"n3","dest":"n4","body":{"data_id":"c10_23","message":36,"msg_id":40,"seen_nodes":["n3","n0","n4"],"type":"gossip"}}
2025/04/21 10:08:24 Sent {"src":"n3","dest":"n0","body":{"already_seen":false,"in_reply_to":39,"msg_id":95,"seen_nodes":["n3","n0","n4"],"type":"gossip_ok"}}
2025/04/21 10:08:24 Received {n4 n3 {"already_seen":true,"in_reply_to":40,"msg_id":97,"seen_nodes":["n4","n1","n0","n3"],"type":"gossip_ok"}}
2025/04/21 10:08:24 Received {c13 n3 {"type":"broadcast","message":37,"msg_id":12}}
2025/04/21 10:08:24 Sent {"src":"n3","dest":"n0","body":{"data_id":"c13_12","message":37,"msg_id":41,"seen_nodes":["n3","n0"],"type":"gossip"}}
2025/04/21 10:08:24 Sent {"src":"n3","dest":"n4","body":{"data_id":"c13_12","message":37,"msg_id":42,"seen_nodes":["n3","n0","n4"],"type":"gossip"}}
2025/04/21 10:08:24 Sent {"src":"n3","dest":"c13","body":{"in_reply_to":12,"msg_id":98,"type":"broadcast_ok"}}
2025/04/21 10:08:24 Received {n0 n3 {"already_seen":false,"in_reply_to":41,"msg_id":109,"seen_nodes":["n0","n3","n1"],"type":"gossip_ok"}}
2025/04/21 10:08:24 Received {n4 n3 {"already_seen":false,"in_reply_to":42,"msg_id":99,"seen_nodes":["n4","n3","n0","n1"],"type":"gossip_ok"}}
2025/04/21 10:08:24 Received {n4 n3 {"data_id":"c14_12","message":38,"msg_id":46,"seen_nodes":["n4","n1","n3"],"type":"gossip"}}
2025/04/21 10:08:24 Sent {"src":"n3","dest":"n0","body":{"data_id":"c14_12","message":38,"msg_id":43,"seen_nodes":["n3","n4","n1","n0"],"type":"gossip"}}
2025/04/21 10:08:24 Sent {"src":"n3","dest":"n4","body":{"already_seen":false,"in_reply_to":46,"msg_id":100,"seen_nodes":["n3","n4","n1","n0"],"type":"gossip_ok"}}
2025/04/21 10:08:24 Received {n0 n3 {"already_seen":false,"in_reply_to":43,"msg_id":110,"seen_nodes":["n0","n3","n4","n1"],"type":"gossip_ok"}}
2025/04/21 10:08:25 Received {n4 n3 {"data_id":"c11_13","message":39,"msg_id":47,"seen_nodes":["n4","n1","n3"],"type":"gossip"}}
2025/04/21 10:08:25 Received {n0 n3 {"data_id":"c11_13","message":39,"msg_id":42,"seen_nodes":["n0","n1","n4","n2","n3"],"type":"gossip"}}
2025/04/21 10:08:25 Sent {"src":"n3","dest":"n0","body":{"already_seen":false,"in_reply_to":42,"msg_id":102,"seen_nodes":["n3","n0","n1","n4","n2"],"type":"gossip_ok"}}
2025/04/21 10:08:25 Sent {"src":"n3","dest":"n4","body":{"already_seen":true,"in_reply_to":47,"msg_id":101,"seen_nodes":["n3","n0","n1"],"type":"gossip_ok"}}
2025/04/21 10:08:25 Received {c13 n3 {"type":"read","msg_id":13}}
2025/04/21 10:08:25 Sent {"src":"n3","dest":"c13","body":{"in_reply_to":13,"messages":[25,0,4,5,19,8,30,31,38,33,1,13,21,22,29,35,36,15,17,18,24,37,11,26,27,28,23,34,39,2,6,10,12,7,14,32,3,9,16,20],"msg_id":103,"type":"read_ok"}}
2025/04/21 10:08:25 Received {n0 n3 {"data_id":"c10_27","message":40,"msg_id":43,"seen_nodes":["n0","n3"],"type":"gossip"}}
2025/04/21 10:08:25 Sent {"src":"n3","dest":"n4","body":{"data_id":"c10_27","message":40,"msg_id":44,"seen_nodes":["n3","n0","n4"],"type":"gossip"}}
2025/04/21 10:08:25 Sent {"src":"n3","dest":"n0","body":{"already_seen":false,"in_reply_to":43,"msg_id":105,"seen_nodes":["n3","n0","n4"],"type":"gossip_ok"}}
2025/04/21 10:08:25 Received {n4 n3 {"already_seen":false,"in_reply_to":44,"msg_id":108,"seen_nodes":["n4","n3","n0","n1"],"type":"gossip_ok"}}
2025/04/21 10:08:26 Received {c13 n3 {"type":"read","msg_id":14}}
2025/04/21 10:08:26 Sent {"src":"n3","dest":"c13","body":{"in_reply_to":14,"messages":[11,26,27,28,37,2,6,10,12,23,34,39,7,14,32,3,9,16,20,0,4,5,19,25,8,30,31,38,1,13,21,22,33,40,15,17,18,24,29,35,36],"msg_id":106,"type":"read_ok"}}
2025/04/21 10:08:26 Received {n0 n3 {"data_id":"c10_28","message":41,"msg_id":45,"seen_nodes":["n0","n3"],"type":"gossip"}}
2025/04/21 10:08:26 Sent {"src":"n3","dest":"n4","body":{"data_id":"c10_28","message":41,"msg_id":45,"seen_nodes":["n3","n0","n4"],"type":"gossip"}}
2025/04/21 10:08:26 Sent {"src":"n3","dest":"n0","body":{"already_seen":false,"in_reply_to":45,"msg_id":108,"seen_nodes":["n3","n0","n4"],"type":"gossip_ok"}}
2025/04/21 10:08:26 Received {n0 n3 {"data_id":"c10_29","message":42,"msg_id":47,"seen_nodes":["n0","n3"],"type":"gossip"}}
2025/04/21 10:08:26 Received {n4 n3 {"already_seen":false,"in_reply_to":45,"msg_id":112,"seen_nodes":["n4","n3","n0","n1"],"type":"gossip_ok"}}
2025/04/21 10:08:26 Sent {"src":"n3","dest":"n4","body":{"data_id":"c10_29","message":42,"msg_id":46,"seen_nodes":["n3","n0","n4"],"type":"gossip"}}
2025/04/21 10:08:26 Sent {"src":"n3","dest":"n0","body":{"already_seen":false,"in_reply_to":47,"msg_id":110,"seen_nodes":["n3","n0","n4"],"type":"gossip_ok"}}
2025/04/21 10:08:26 Received {n4 n3 {"data_id":"c11_15","message":43,"msg_id":50,"seen_nodes":["n4","n1","n3"],"type":"gossip"}}
2025/04/21 10:08:26 Received {n0 n3 {"data_id":"c11_15","message":43,"msg_id":49,"seen_nodes":["n0","n1","n4","n2","n3"],"type":"gossip"}}
2025/04/21 10:08:26 Received {n4 n3 {"already_seen":false,"in_reply_to":46,"msg_id":117,"seen_nodes":["n4","n3","n0","n1"],"type":"gossip_ok"}}
2025/04/21 10:08:26 Sent {"src":"n3","dest":"n0","body":{"already_seen":true,"in_reply_to":49,"msg_id":111,"seen_nodes":["n3","n4","n1"],"type":"gossip_ok"}}
2025/04/21 10:08:26 Sent {"src":"n3","dest":"n0","body":{"data_id":"c11_15","message":43,"msg_id":47,"seen_nodes":["n3","n4","n1","n0"],"type":"gossip"}}
2025/04/21 10:08:26 Sent {"src":"n3","dest":"n4","body":{"already_seen":false,"in_reply_to":50,"msg_id":113,"seen_nodes":["n3","n4","n1","n0","n2"],"type":"gossip_ok"}}
2025/04/21 10:08:26 Received {n0 n3 {"already_seen":true,"in_reply_to":47,"msg_id":128,"seen_nodes":["n0","n1","n4","n2","n3"],"type":"gossip_ok"}}
2025/04/21 10:08:26 Received {n4 n3 {"data_id":"c12_15","message":44,"msg_id":52,"seen_nodes":["n4","n1","n2","n3"],"type":"gossip"}}
2025/04/21 10:08:26 Received {n0 n3 {"data_id":"c12_15","message":44,"msg_id":50,"seen_nodes":["n0","n1","n2","n4","n3"],"type":"gossip"}}
2025/04/21 10:08:26 Sent {"src":"n3","dest":"n0","body":{"data_id":"c12_15","message":44,"msg_id":48,"seen_nodes":["n3","n4","n1","n2","n0"],"type":"gossip"}}
2025/04/21 10:08:26 Sent {"src":"n3","dest":"n4","body":{"already_seen":false,"in_reply_to":52,"msg_id":115,"seen_nodes":["n3","n4","n1","n2","n0"],"type":"gossip_ok"}}
2025/04/21 10:08:26 Sent {"src":"n3","dest":"n0","body":{"already_seen":true,"in_reply_to":50,"msg_id":116,"seen_nodes":["n3","n4","n1","n2","n0"],"type":"gossip_ok"}}
2025/04/21 10:08:26 Received {n0 n3 {"already_seen":true,"in_reply_to":48,"msg_id":131,"seen_nodes":["n0","n1","n2","n4","n3"],"type":"gossip_ok"}}
2025/04/21 10:08:26 Received {c13 n3 {"type":"broadcast","message":45,"msg_id":15}}
2025/04/21 10:08:26 Sent {"src":"n3","dest":"n0","body":{"data_id":"c13_15","message":45,"msg_id":49,"seen_nodes":["n3","n0"],"type":"gossip"}}
2025/04/21 10:08:26 Sent {"src":"n3","dest":"n4","body":{"data_id":"c13_15","message":45,"msg_id":50,"seen_nodes":["n3","n0","n4"],"type":"gossip"}}
2025/04/21 10:08:26 Sent {"src":"n3","dest":"c13","body":{"in_reply_to":15,"msg_id":119,"type":"broadcast_ok"}}
2025/04/21 10:08:26 Received {n0 n3 {"already_seen":false,"in_reply_to":49,"msg_id":133,"seen_nodes":["n0","n3","n1"],"type":"gossip_ok"}}
2025/04/21 10:08:26 Received {n4 n3 {"already_seen":false,"in_reply_to":50,"msg_id":121,"seen_nodes":["n4","n3","n0","n1"],"type":"gossip_ok"}}
2025/04/21 10:08:27 Received {n0 n3 {"data_id":"c10_30","message":46,"msg_id":52,"seen_nodes":["n0","n3"],"type":"gossip"}}
2025/04/21 10:08:27 Sent {"src":"n3","dest":"n4","body":{"data_id":"c10_30","message":46,"msg_id":51,"seen_nodes":["n3","n0","n4"],"type":"gossip"}}
2025/04/21 10:08:27 Sent {"src":"n3","dest":"n0","body":{"already_seen":false,"in_reply_to":52,"msg_id":121,"seen_nodes":["n3","n0","n4"],"type":"gossip_ok"}}
2025/04/21 10:08:27 Received {n4 n3 {"already_seen":true,"in_reply_to":51,"msg_id":125,"seen_nodes":["n4","n1","n0","n3"],"type":"gossip_ok"}}
2025/04/21 10:08:27 Received {n4 n3 {"data_id":"c11_16","message":47,"msg_id":54,"seen_nodes":["n4","n1","n3"],"type":"gossip"}}
2025/04/21 10:08:27 Received {n0 n3 {"data_id":"c11_16","message":47,"msg_id":54,"seen_nodes":["n0","n1","n4","n2","n3"],"type":"gossip"}}
2025/04/21 10:08:27 Sent {"src":"n3","dest":"n0","body":{"data_id":"c11_16","message":47,"msg_id":52,"seen_nodes":["n3","n4","n1","n0"],"type":"gossip"}}
2025/04/21 10:08:27 Sent {"src":"n3","dest":"n0","body":{"already_seen":true,"in_reply_to":54,"msg_id":123,"seen_nodes":["n3","n4","n1","n0"],"type":"gossip_ok"}}
2025/04/21 10:08:27 Sent {"src":"n3","dest":"n4","body":{"already_seen":false,"in_reply_to":54,"msg_id":124,"seen_nodes":["n3","n4","n1","n0"],"type":"gossip_ok"}}
2025/04/21 10:08:27 Received {n0 n3 {"already_seen":true,"in_reply_to":52,"msg_id":140,"seen_nodes":["n0","n1","n4","n2","n3"],"type":"gossip_ok"}}
2025/04/21 10:08:27 Received {n4 n3 {"data_id":"c12_16","message":48,"msg_id":55,"seen_nodes":["n4","n1","n2","n3"],"type":"gossip"}}
2025/04/21 10:08:27 Received {n0 n3 {"data_id":"c12_16","message":48,"msg_id":55,"seen_nodes":["n0","n1","n2","n4","n3"],"type":"gossip"}}
2025/04/21 10:08:27 Sent {"src":"n3","dest":"n0","body":{"data_id":"c12_16","message":48,"msg_id":53,"seen_nodes":["n3","n4","n1","n2","n0"],"type":"gossip"}}
2025/04/21 10:08:27 Sent {"src":"n3","dest":"n4","body":{"already_seen":false,"in_reply_to":55,"msg_id":127,"seen_nodes":["n3","n4","n1","n2","n0"],"type":"gossip_ok"}}
2025/04/21 10:08:27 Sent {"src":"n3","dest":"n0","body":{"already_seen":true,"in_reply_to":55,"msg_id":125,"seen_nodes":["n3","n4","n1","n2"],"type":"gossip_ok"}}
2025/04/21 10:08:27 Received {n0 n3 {"already_seen":true,"in_reply_to":53,"msg_id":143,"seen_nodes":["n0","n1","n2","n4","n3"],"type":"gossip_ok"}}
2025/04/21 10:08:27 Received {c13 n3 {"type":"broadcast","message":49,"msg_id":16}}
2025/04/21 10:08:27 Sent {"src":"n3","dest":"n0","body":{"data_id":"c13_16","message":49,"msg_id":54,"seen_nodes":["n3","n0"],"type":"gossip"}}
2025/04/21 10:08:27 Sent {"src":"n3","dest":"n4","body":{"data_id":"c13_16","message":49,"msg_id":55,"seen_nodes":["n3","n0","n4"],"type":"gossip"}}
2025/04/21 10:08:27 Sent {"src":"n3","dest":"c13","body":{"in_reply_to":16,"msg_id":130,"type":"broadcast_ok"}}
2025/04/21 10:08:27 Received {n4 n3 {"already_seen":false,"in_reply_to":55,"msg_id":131,"seen_nodes":["n4","n3","n0","n1"],"type":"gossip_ok"}}
2025/04/21 10:08:27 Received {n0 n3 {"already_seen":false,"in_reply_to":54,"msg_id":145,"seen_nodes":["n0","n3","n1"],"type":"gossip_ok"}}
2025/04/21 10:08:27 Received {n4 n3 {"data_id":"c14_16","message":50,"msg_id":58,"seen_nodes":["n4","n1","n3"],"type":"gossip"}}
2025/04/21 10:08:27 Sent {"src":"n3","dest":"n0","body":{"data_id":"c14_16","message":50,"msg_id":56,"seen_nodes":["n3","n4","n1","n0"],"type":"gossip"}}
2025/04/21 10:08:27 Sent {"src":"n3","dest":"n4","body":{"already_seen":false,"in_reply_to":58,"msg_id":132,"seen_nodes":["n3","n4","n1","n0"],"type":"gossip_ok"}}
2025/04/21 10:08:27 Received {n0 n3 {"already_seen":false,"in_reply_to":56,"msg_id":146,"seen_nodes":["n0","n3","n4","n1"],"type":"gossip_ok"}}
2025/04/21 10:08:28 Received {n0 n3 {"data_id":"c12_17","message":51,"msg_id":57,"seen_nodes":["n0","n1","n2","n4","n3"],"type":"gossip"}}
2025/04/21 10:08:28 Received {n4 n3 {"data_id":"c12_17","message":51,"msg_id":59,"seen_nodes":["n4","n1","n2","n3"],"type":"gossip"}}
2025/04/21 10:08:28 Sent {"src":"n3","dest":"n0","body":{"already_seen":false,"in_reply_to":57,"msg_id":133,"seen_nodes":["n3","n0","n1","n2","n4"],"type":"gossip_ok"}}
2025/04/21 10:08:28 Sent {"src":"n3","dest":"n4","body":{"already_seen":true,"in_reply_to":59,"msg_id":134,"seen_nodes":["n3","n0","n1","n2","n4"],"type":"gossip_ok"}}
2025/04/21 10:08:28 Received {c13 n3 {"type":"broadcast","message":52,"msg_id":17}}
2025/04/21 10:08:28 Sent {"src":"n3","dest":"n0","body":{"data_id":"c13_17","message":52,"msg_id":57,"seen_nodes":["n3","n0"],"type":"gossip"}}
2025/04/21 10:08:28 Sent {"src":"n3","dest":"n4","body":{"data_id":"c13_17","message":52,"msg_id":58,"seen_nodes":["n3","n0","n4"],"type":"gossip"}}
2025/04/21 10:08:28 Sent {"src":"n3","dest":"c13","body":{"in_reply_to":17,"msg_id":137,"type":"broadcast_ok"}}
2025/04/21 10:08:28 Received {n0 n3 {"already_seen":false,"in_reply_to":57,"msg_id":153,"seen_nodes":["n0","n3","n1"],"type":"gossip_ok"}}
2025/04/21 10:08:28 Received {n4 n3 {"already_seen":false,"in_reply_to":58,"msg_id":139,"seen_nodes":["n4","n3","n0","n1"],"type":"gossip_ok"}}
2025/04/21 10:08:28 Received {n4 n3 {"data_id":"c14_17","message":53,"msg_id":62,"seen_nodes":["n4","n1","n3"],"type":"gossip"}}
2025/04/21 10:08:28 Sent {"src":"n3","dest":"n0","body":{"data_id":"c14_17","message":53,"msg_id":59,"seen_nodes":["n3","n4","n1","n0"],"type":"gossip"}}
2025/04/21 10:08:28 Sent {"src":"n3","dest":"n4","body":{"already_seen":false,"in_reply_to":62,"msg_id":139,"seen_nodes":["n3","n4","n1","n0"],"type":"gossip_ok"}}
2025/04/21 10:08:28 Received {n0 n3 {"already_seen":false,"in_reply_to":59,"msg_id":154,"seen_nodes":["n0","n3","n4","n1"],"type":"gossip_ok"}}
2025/04/21 10:08:29 Received {n4 n3 {"data_id":"c12_18","message":54,"msg_id":63,"seen_nodes":["n4","n1","n2","n3"],"type":"gossip"}}
2025/04/21 10:08:29 Received {n0 n3 {"data_id":"c12_18","message":54,"msg_id":59,"seen_nodes":["n0","n1","n2","n4","n3"],"type":"gossip"}}
2025/04/21 10:08:29 Sent {"src":"n3","dest":"n0","body":{"data_id":"c12_18","message":54,"msg_id":60,"seen_nodes":["n3","n4","n1","n2","n0"],"type":"gossip"}}
2025/04/21 10:08:29 Sent {"src":"n3","dest":"n0","body":{"already_seen":true,"in_reply_to":59,"msg_id":141,"seen_nodes":["n3","n4","n1","n2","n0"],"type":"gossip_ok"}}
2025/04/21 10:08:29 Sent {"src":"n3","dest":"n4","body":{"already_seen":false,"in_reply_to":63,"msg_id":142,"seen_nodes":["n3","n4","n1","n2","n0"],"type":"gossip_ok"}}
2025/04/21 10:08:29 Received {c13 n3 {"type":"read","msg_id":18}}
2025/04/21 10:08:29 Sent {"src":"n3","dest":"c13","body":{"in_reply_to":18,"messages":[8,30,51,21,33,15,17,18,35,40,45,11,28,2,12,34,47,14,43,52,16,46,49,0,5,19,25,53,31,38,41,48,1,13,22,24,29,36,42,50,54,26,27,37,6,10,23,39,7,32,44,3,9,20,4],"msg_id":143,"type":"read_ok"}}
2025/04/21 10:08:29 Received {n0 n3 {"already_seen":true,"in_reply_to":60,"msg_id":160,"seen_nodes":["n0","n1","n2","n4","n3"],"type":"gossip_ok"}}
2025/04/21 10:08:29 Received {n4 n3 {"data_id":"c14_18","message":55,"msg_id":65,"seen_nodes":["n4","n1","n3"],"type":"gossip"}}
2025/04/21 10:08:29 Sent {"src":"n3","dest":"n0","body":{"data_id":"c14_18","message":55,"msg_id":61,"seen_nodes":["n3","n4","n1","n0"],"type":"gossip"}}
2025/04/21 10:08:29 Sent {"src":"n3","dest":"n4","body":{"already_seen":false,"in_reply_to":65,"msg_id":145,"seen_nodes":["n3","n4","n1","n0"],"type":"gossip_ok"}}
2025/04/21 10:08:29 Received {n0 n3 {"already_seen":false,"in_reply_to":61,"msg_id":161,"seen_nodes":["n0","n3","n4","n1"],"type":"gossip_ok"}}
2025/04/21 10:08:29 Received {n0 n3 {"data_id":"c10_36","message":56,"msg_id":60,"seen_nodes":["n0","n3"],"type":"gossip"}}
2025/04/21 10:08:29 Sent {"src":"n3","dest":"n4","body":{"data_id":"c10_36","message":56,"msg_id":62,"seen_nodes":["n3","n0","n4"],"type":"gossip"}}
2025/04/21 10:08:29 Sent {"src":"n3","dest":"n0","body":{"already_seen":false,"in_reply_to":60,"msg_id":147,"seen_nodes":["n3","n0","n4"],"type":"gossip_ok"}}
2025/04/21 10:08:29 Received {n4 n3 {"already_seen":false,"in_reply_to":62,"msg_id":151,"seen_nodes":["n4","n3","n0","n1"],"type":"gossip_ok"}}
2025/04/21 10:08:29 Received {c13 n3 {"type":"read","msg_id":19}}
2025/04/21 10:08:29 Sent {"src":"n3","dest":"c13","body":{"in_reply_to":19,"messages":[3,9,20,4,8,30,51,21,33,15,17,18,35,40,45,11,28,2,12,34,47,14,43,52,16,46,49,0,5,19,25,53,31,38,41,48,1,13,22,24,29,36,42,50,54,26,27,37,55,56,6,10,23,39,7,32,44],"msg_id":148,"type":"read_ok"}}
2025/04/21 10:08:29 Received {n4 n3 {"data_id":"c14_19","message":57,"msg_id":68,"seen_nodes":["n4","n1","n3"],"type":"gossip"}}
2025/04/21 10:08:29 Sent {"src":"n3","dest":"n0","body":{"data_id":"c14_19","message":57,"msg_id":63,"seen_nodes":["n3","n4","n1","n0"],"type":"gossip"}}
2025/04/21 10:08:29 Sent {"src":"n3","dest":"n4","body":{"already_seen":false,"in_reply_to":68,"msg_id":150,"seen_nodes":["n3","n4","n1","n0"],"type":"gossip_ok"}}
2025/04/21 10:08:29 Received {n0 n3 {"already_seen":false,"in_reply_to":63,"msg_id":167,"seen_nodes":["n0","n3","n4","n1"],"type":"gossip_ok"}}
2025/04/21 10:08:29 Received {n0 n3 {"data_id":"c10_38","message":58,"msg_id":62,"seen_nodes":["n0","n3"],"type":"gossip"}}
2025/04/21 10:08:29 Sent {"src":"n3","dest":"n4","body":{"data_id":"c10_38","message":58,"msg_id":64,"seen_nodes":["n3","n0","n4"],"type":"gossip"}}
2025/04/21 10:08:29 Sent {"src":"n3","dest":"n0","body":{"already_seen":false,"in_reply_to":62,"msg_id":152,"seen_nodes":["n3","n0","n4"],"type":"gossip_ok"}}
2025/04/21 10:08:29 Received {n4 n3 {"already_seen":false,"in_reply_to":64,"msg_id":157,"seen_nodes":["n4","n3","n0","n1"],"type":"gossip_ok"}}
2025/04/21 10:08:30 Received {c13 n3 {"type":"broadcast","message":59,"msg_id":20}}
2025/04/21 10:08:30 Sent {"src":"n3","dest":"n0","body":{"data_id":"c13_20","message":59,"msg_id":65,"seen_nodes":["n3","n0"],"type":"gossip"}}
2025/04/21 10:08:30 Sent {"src":"n3","dest":"n4","body":{"data_id":"c13_20","message":59,"msg_id":66,"seen_nodes":["n3","n0","n4"],"type":"gossip"}}
2025/04/21 10:08:30 Sent {"src":"n3","dest":"c13","body":{"in_reply_to":20,"msg_id":155,"type":"broadcast_ok"}}
2025/04/21 10:08:30 Received {n4 n3 {"already_seen":false,"in_reply_to":66,"msg_id":159,"seen_nodes":["n4","n3","n0","n1"],"type":"gossip_ok"}}
2025/04/21 10:08:30 Received {n0 n3 {"already_seen":false,"in_reply_to":65,"msg_id":174,"seen_nodes":["n0","n3","n1"],"type":"gossip_ok"}}
2025/04/21 10:08:30 Received {n4 n3 {"data_id":"c14_20","message":60,"msg_id":72,"seen_nodes":["n4","n1","n3"],"type":"gossip"}}
2025/04/21 10:08:30 Sent {"src":"n3","dest":"n0","body":{"data_id":"c14_20","message":60,"msg_id":67,"seen_nodes":["n3","n4","n1","n0"],"type":"gossip"}}
2025/04/21 10:08:30 Sent {"src":"n3","dest":"n4","body":{"already_seen":false,"in_reply_to":72,"msg_id":157,"seen_nodes":["n3","n4","n1","n0"],"type":"gossip_ok"}}
2025/04/21 10:08:30 Received {n0 n3 {"already_seen":true,"in_reply_to":67,"msg_id":175,"seen_nodes":["n0","n1"],"type":"gossip_ok"}}
2025/04/21 10:08:30 Received {n0 n3 {"data_id":"c14_20","message":60,"msg_id":65,"seen_nodes":["n0","n1","n4","n2","n3"],"type":"gossip"}}
2025/04/21 10:08:30 Sent {"src":"n3","dest":"n0","body":{"already_seen":true,"in_reply_to":65,"msg_id":158,"seen_nodes":["n3","n4","n1","n0"],"type":"gossip_ok"}}
2025/04/21 10:08:30 Received {n0 n3 {"data_id":"c10_40","message":61,"msg_id":66,"seen_nodes":["n0","n3"],"type":"gossip"}}
2025/04/21 10:08:30 Sent {"src":"n3","dest":"n4","body":{"data_id":"c10_40","message":61,"msg_id":68,"seen_nodes":["n3","n0","n4"],"type":"gossip"}}
2025/04/21 10:08:30 Sent {"src":"n3","dest":"n0","body":{"already_seen":false,"in_reply_to":66,"msg_id":160,"seen_nodes":["n3","n0","n4"],"type":"gossip_ok"}}
2025/04/21 10:08:30 Received {n4 n3 {"already_seen":false,"in_reply_to":68,"msg_id":165,"seen_nodes":["n4","n3","n0","n1"],"type":"gossip_ok"}}
2025/04/21 10:08:30 Received {n0 n3 {"data_id":"c10_41","message":62,"msg_id":68,"seen_nodes":["n0","n3"],"type":"gossip"}}
2025/04/21 10:08:30 Sent {"src":"n3","dest":"n4","body":{"data_id":"c10_41","message":62,"msg_id":69,"seen_nodes":["n3","n0","n4"],"type":"gossip"}}
2025/04/21 10:08:30 Sent {"src":"n3","dest":"n0","body":{"already_seen":false,"in_reply_to":68,"msg_id":162,"seen_nodes":["n3","n0","n4"],"type":"gossip_ok"}}
2025/04/21 10:08:30 Received {n4 n3 {"already_seen":false,"in_reply_to":69,"msg_id":168,"seen_nodes":["n4","n3","n0","n1"],"type":"gossip_ok"}}
2025/04/21 10:08:31 Received {n0 n3 {"data_id":"c11_21","message":63,"msg_id":70,"seen_nodes":["n0","n1","n4","n2","n3"],"type":"gossip"}}
2025/04/21 10:08:31 Received {n4 n3 {"data_id":"c11_21","message":63,"msg_id":75,"seen_nodes":["n4","n1","n3"],"type":"gossip"}}
2025/04/21 10:08:31 Sent {"src":"n3","dest":"n0","body":{"already_seen":false,"in_reply_to":70,"msg_id":163,"seen_nodes":["n3","n0","n1","n4","n2"],"type":"gossip_ok"}}
2025/04/21 10:08:31 Sent {"src":"n3","dest":"n4","body":{"already_seen":true,"in_reply_to":75,"msg_id":164,"seen_nodes":["n3","n0","n1","n4","n2"],"type":"gossip_ok"}}
2025/04/21 10:08:31 Received {n4 n3 {"data_id":"c12_21","message":64,"msg_id":76,"seen_nodes":["n4","n1","n2","n3"],"type":"gossip"}}
2025/04/21 10:08:31 Received {n0 n3 {"data_id":"c12_21","message":64,"msg_id":71,"seen_nodes":["n0","n1","n2","n4","n3"],"type":"gossip"}}
2025/04/21 10:08:31 Sent {"src":"n3","dest":"n0","body":{"data_id":"c12_21","message":64,"msg_id":70,"seen_nodes":["n3","n4","n1","n2","n0"],"type":"gossip"}}
2025/04/21 10:08:31 Sent {"src":"n3","dest":"n0","body":{"already_seen":true,"in_reply_to":71,"msg_id":166,"seen_nodes":["n3","n4","n1","n2","n0"],"type":"gossip_ok"}}
2025/04/21 10:08:31 Sent {"src":"n3","dest":"n4","body":{"already_seen":false,"in_reply_to":76,"msg_id":167,"seen_nodes":["n3","n4","n1","n2","n0"],"type":"gossip_ok"}}
2025/04/21 10:08:31 Received {n0 n3 {"already_seen":true,"in_reply_to":70,"msg_id":188,"seen_nodes":["n0","n1","n2","n4","n3"],"type":"gossip_ok"}}
2025/04/21 10:08:31 Received {c13 n3 {"type":"broadcast","message":65,"msg_id":21}}
2025/04/21 10:08:31 Sent {"src":"n3","dest":"n0","body":{"data_id":"c13_21","message":65,"msg_id":71,"seen_nodes":["n3","n0"],"type":"gossip"}}
2025/04/21 10:08:31 Sent {"src":"n3","dest":"n4","body":{"data_id":"c13_21","message":65,"msg_id":72,"seen_nodes":["n3","n0","n4"],"type":"gossip"}}
2025/04/21 10:08:31 Sent {"src":"n3","dest":"c13","body":{"in_reply_to":21,"msg_id":170,"type":"broadcast_ok"}}
2025/04/21 10:08:31 Received {n0 n3 {"already_seen":false,"in_reply_to":71,"msg_id":190,"seen_nodes":["n0","n3","n1"],"type":"gossip_ok"}}
2025/04/21 10:08:31 Received {n4 n3 {"already_seen":false,"in_reply_to":72,"msg_id":175,"seen_nodes":["n4","n3","n0","n1"],"type":"gossip_ok"}}
2025/04/21 10:08:31 Received {n0 n3 {"data_id":"c10_42","message":66,"msg_id":73,"seen_nodes":["n0","n3"],"type":"gossip"}}
2025/04/21 10:08:31 Sent {"src":"n3","dest":"n4","body":{"data_id":"c10_42","message":66,"msg_id":73,"seen_nodes":["n3","n0","n4"],"type":"gossip"}}
2025/04/21 10:08:31 Sent {"src":"n3","dest":"n0","body":{"already_seen":false,"in_reply_to":73,"msg_id":172,"seen_nodes":["n3","n0","n4"],"type":"gossip_ok"}}
2025/04/21 10:08:31 Received {n4 n3 {"already_seen":true,"in_reply_to":73,"msg_id":178,"seen_nodes":["n4","n1","n0","n3"],"type":"gossip_ok"}}
2025/04/21 10:08:31 Received {n4 n3 {"data_id":"c11_22","message":67,"msg_id":78,"seen_nodes":["n4","n1","n3"],"type":"gossip"}}
2025/04/21 10:08:31 Received {n0 n3 {"data_id":"c11_22","message":67,"msg_id":75,"seen_nodes":["n0","n1","n4","n2","n3"],"type":"gossip"}}
2025/04/21 10:08:31 Sent {"src":"n3","dest":"n0","body":{"data_id":"c11_22","message":67,"msg_id":74,"seen_nodes":["n3","n4","n1","n0"],"type":"gossip"}}
2025/04/21 10:08:31 Sent {"src":"n3","dest":"n4","body":{"already_seen":false,"in_reply_to":78,"msg_id":175,"seen_nodes":["n3","n4","n1","n0"],"type":"gossip_ok"}}
2025/04/21 10:08:31 Sent {"src":"n3","dest":"n0","body":{"already_seen":true,"in_reply_to":75,"msg_id":174,"seen_nodes":["n3","n4","n1","n0"],"type":"gossip_ok"}}
2025/04/21 10:08:31 Received {n0 n3 {"already_seen":true,"in_reply_to":74,"msg_id":197,"seen_nodes":["n0","n1","n4","n2","n3"],"type":"gossip_ok"}}
2025/04/21 10:08:31 Received {c13 n3 {"type":"read","msg_id":22}}
2025/04/21 10:08:31 Sent {"src":"n3","dest":"c13","body":{"in_reply_to":22,"messages":[14,43,52,58,16,46,49,25,53,60,66,0,5,19,48,57,31,38,41,61,1,13,22,42,50,54,24,29,36,55,56,26,27,37,39,62,6,10,23,7,32,44,3,9,20,4,59,65,67,8,30,51,21,33,35,40,45,15,17,18,11,28,63,47,64,2,12,34],"msg_id":176,"type":"read_ok"}}
2025/04/21 10:08:31 Received {n4 n3 {"data_id":"c14_22","message":68,"msg_id":80,"seen_nodes":["n4","n1","n3"],"type":"gossip"}}
2025/04/21 10:08:31 Sent {"src":"n3","dest":"n0","body":{"data_id":"c14_22","message":68,"msg_id":75,"seen_nodes":["n3","n4","n1","n0"],"type":"gossip"}}
2025/04/21 10:08:31 Sent {"src":"n3","dest":"n4","body":{"already_seen":false,"in_reply_to":80,"msg_id":178,"seen_nodes":["n3","n4","n1","n0"],"type":"gossip_ok"}}
2025/04/21 10:08:31 Received {n0 n3 {"data_id":"c10_44","message":69,"msg_id":76,"seen_nodes":["n0","n3"],"type":"gossip"}}
2025/04/21 10:08:31 Received {n0 n3 {"already_seen":false,"in_reply_to":75,"msg_id":199,"seen_nodes":["n0","n3","n4","n1"],"type":"gossip_ok"}}
2025/04/21 10:08:31 Sent {"src":"n3","dest":"n4","body":{"data_id":"c10_44","message":69,"msg_id":76,"seen_nodes":["n3","n0","n4"],"type":"gossip"}}
2025/04/21 10:08:31 Sent {"src":"n3","dest":"n0","body":{"already_seen":false,"in_reply_to":76,"msg_id":180,"seen_nodes":["n3","n0","n4"],"type":"gossip_ok"}}
2025/04/21 10:08:31 Received {n4 n3 {"already_seen":true,"in_reply_to":76,"msg_id":185,"seen_nodes":["n4","n1","n0","n3"],"type":"gossip_ok"}}
2025/04/21 10:08:31 Received {c13 n3 {"type":"broadcast","message":70,"msg_id":23}}
2025/04/21 10:08:31 Sent {"src":"n3","dest":"n0","body":{"data_id":"c13_23","message":70,"msg_id":77,"seen_nodes":["n3","n0"],"type":"gossip"}}
2025/04/21 10:08:31 Sent {"src":"n3","dest":"n4","body":{"data_id":"c13_23","message":70,"msg_id":78,"seen_nodes":["n3","n0","n4"],"type":"gossip"}}
2025/04/21 10:08:31 Sent {"src":"n3","dest":"c13","body":{"in_reply_to":23,"msg_id":183,"type":"broadcast_ok"}}
2025/04/21 10:08:31 Received {n0 n3 {"already_seen":false,"in_reply_to":77,"msg_id":205,"seen_nodes":["n0","n3","n1"],"type":"gossip_ok"}}
2025/04/21 10:08:31 Received {n4 n3 {"already_seen":false,"in_reply_to":78,"msg_id":187,"seen_nodes":["n4","n3","n0","n1"],"type":"gossip_ok"}}
2025/04/21 10:08:31 Received {n4 n3 {"data_id":"c14_23","message":71,"msg_id":83,"seen_nodes":["n4","n1","n3"],"type":"gossip"}}
2025/04/21 10:08:31 Sent {"src":"n3","dest":"n0","body":{"data_id":"c14_23","message":71,"msg_id":79,"seen_nodes":["n3","n4","n1","n0"],"type":"gossip"}}
2025/04/21 10:08:31 Sent {"src":"n3","dest":"n4","body":{"already_seen":false,"in_reply_to":83,"msg_id":185,"seen_nodes":["n3","n4","n1","n0"],"type":"gossip_ok"}}
2025/04/21 10:08:31 Received {n0 n3 {"already_seen":false,"in_reply_to":79,"msg_id":206,"seen_nodes":["n0","n3","n4","n1"],"type":"gossip_ok"}}
2025/04/21 10:08:32 Received {n0 n3 {"data_id":"c10_47","message":72,"msg_id":79,"seen_nodes":["n0","n3"],"type":"gossip"}}
2025/04/21 10:08:32 Sent {"src":"n3","dest":"n4","body":{"data_id":"c10_47","message":72,"msg_id":80,"seen_nodes":["n3","n0","n4"],"type":"gossip"}}
2025/04/21 10:08:32 Sent {"src":"n3","dest":"n0","body":{"already_seen":false,"in_reply_to":79,"msg_id":187,"seen_nodes":["n3","n0","n4"],"type":"gossip_ok"}}
2025/04/21 10:08:32 Received {n4 n3 {"already_seen":false,"in_reply_to":80,"msg_id":194,"seen_nodes":["n4","n3","n0","n1"],"type":"gossip_ok"}}
2025/04/21 10:08:32 Received {n0 n3 {"data_id":"c11_24","message":73,"msg_id":81,"seen_nodes":["n0","n1","n4","n2","n3"],"type":"gossip"}}
2025/04/21 10:08:32 Received {n4 n3 {"data_id":"c11_24","message":73,"msg_id":85,"seen_nodes":["n4","n1","n3"],"type":"gossip"}}
2025/04/21 10:08:32 Sent {"src":"n3","dest":"n0","body":{"already_seen":false,"in_reply_to":81,"msg_id":188,"seen_nodes":["n3","n0","n1","n4","n2"],"type":"gossip_ok"}}
2025/04/21 10:08:32 Sent {"src":"n3","dest":"n4","body":{"already_seen":true,"in_reply_to":85,"msg_id":189,"seen_nodes":["n3","n0","n1","n4","n2"],"type":"gossip_ok"}}
2025/04/21 10:08:32 Received {c13 n3 {"type":"read","msg_id":24}}
2025/04/21 10:08:32 Sent {"src":"n3","dest":"c13","body":{"in_reply_to":24,"messages":[9,20,3,59,68,4,30,51,65,67,8,33,73,21,17,18,35,40,45,15,28,63,11,12,34,47,64,69,2,43,52,14,46,49,58,71,16,5,19,25,53,60,66,0,38,41,48,57,72,31,13,22,61,1,29,36,42,50,54,24,27,37,55,56,26,10,23,39,62,6,32,44,70,7],"msg_id":190,"type":"read_ok"}}
2025/04/21 10:08:32 Received {n0 n3 {"data_id":"c10_48","message":74,"msg_id":82,"seen_nodes":["n0","n3"],"type":"gossip"}}
2025/04/21 10:08:32 Sent {"src":"n3","dest":"n4","body":{"data_id":"c10_48","message":74,"msg_id":81,"seen_nodes":["n3","n0","n4"],"type":"gossip"}}
2025/04/21 10:08:32 Sent {"src":"n3","dest":"n0","body":{"already_seen":false,"in_reply_to":82,"msg_id":192,"seen_nodes":["n3","n0","n4"],"type":"gossip_ok"}}
2025/04/21 10:08:32 Received {n0 n3 {"data_id":"c10_49","message":75,"msg_id":84,"seen_nodes":["n0","n3"],"type":"gossip"}}
2025/04/21 10:08:32 Sent {"src":"n3","dest":"n4","body":{"data_id":"c10_49","message":75,"msg_id":82,"seen_nodes":["n3","n0","n4"],"type":"gossip"}}
2025/04/21 10:08:32 Sent {"src":"n3","dest":"n0","body":{"already_seen":false,"in_reply_to":84,"msg_id":194,"seen_nodes":["n3","n0","n4"],"type":"gossip_ok"}}
2025/04/21 10:08:32 Received {n4 n3 {"already_seen":false,"in_reply_to":81,"msg_id":200,"seen_nodes":["n4","n3","n0","n1"],"type":"gossip_ok"}}
2025/04/21 10:08:32 Received {n4 n3 {"already_seen":true,"in_reply_to":82,"msg_id":202,"seen_nodes":["n4","n1","n0","n3"],"type":"gossip_ok"}}
2025/04/21 10:08:32 Received {c13 n3 {"type":"broadcast","message":76,"msg_id":25}}
2025/04/21 10:08:32 Sent {"src":"n3","dest":"n0","body":{"data_id":"c13_25","message":76,"msg_id":83,"seen_nodes":["n3","n0"],"type":"gossip"}}
2025/04/21 10:08:32 Sent {"src":"n3","dest":"n4","body":{"data_id":"c13_25","message":76,"msg_id":84,"seen_nodes":["n3","n0","n4"],"type":"gossip"}}
2025/04/21 10:08:32 Sent {"src":"n3","dest":"c13","body":{"in_reply_to":25,"msg_id":197,"type":"broadcast_ok"}}
2025/04/21 10:08:32 Received {n0 n3 {"already_seen":false,"in_reply_to":83,"msg_id":221,"seen_nodes":["n0","n3","n1"],"type":"gossip_ok"}}
2025/04/21 10:08:32 Received {n4 n3 {"already_seen":false,"in_reply_to":84,"msg_id":204,"seen_nodes":["n4","n3","n0","n1"],"type":"gossip_ok"}}
2025/04/21 10:08:33 Received {n4 n3 {"data_id":"c14_25","message":77,"msg_id":89,"seen_nodes":["n4","n1","n3"],"type":"gossip"}}
2025/04/21 10:08:33 Sent {"src":"n3","dest":"n0","body":{"data_id":"c14_25","message":77,"msg_id":85,"seen_nodes":["n3","n4","n1","n0"],"type":"gossip"}}
2025/04/21 10:08:33 Sent {"src":"n3","dest":"n4","body":{"already_seen":false,"in_reply_to":89,"msg_id":199,"seen_nodes":["n3","n4","n1","n0"],"type":"gossip_ok"}}
2025/04/21 10:08:33 Received {n0 n3 {"data_id":"c14_25","message":77,"msg_id":87,"seen_nodes":["n0","n1","n4","n2","n3"],"type":"gossip"}}
2025/04/21 10:08:33 Received {n0 n3 {"already_seen":true,"in_reply_to":85,"msg_id":224,"seen_nodes":["n0","n1","n4","n2","n3"],"type":"gossip_ok"}}
2025/04/21 10:08:33 Sent {"src":"n3","dest":"n0","body":{"already_seen":true,"in_reply_to":87,"msg_id":200,"seen_nodes":["n3","n4","n1","n0","n2"],"type":"gossip_ok"}}
2025/04/21 10:08:33 Received {n0 n3 {"data_id":"c10_50","message":78,"msg_id":88,"seen_nodes":["n0","n3"],"type":"gossip"}}
2025/04/21 10:08:33 Sent {"src":"n3","dest":"n4","body":{"data_id":"c10_50","message":78,"msg_id":86,"seen_nodes":["n3","n0","n4"],"type":"gossip"}}
2025/04/21 10:08:33 Sent {"src":"n3","dest":"n0","body":{"already_seen":false,"in_reply_to":88,"msg_id":202,"seen_nodes":["n3","n0","n4"],"type":"gossip_ok"}}
2025/04/21 10:08:33 Received {n4 n3 {"already_seen":true,"in_reply_to":86,"msg_id":209,"seen_nodes":["n4","n1","n0","n3"],"type":"gossip_ok"}}
2025/04/21 10:08:33 Received {n0 n3 {"data_id":"c10_51","message":79,"msg_id":90,"seen_nodes":["n0","n3"],"type":"gossip"}}
2025/04/21 10:08:33 Sent {"src":"n3","dest":"n4","body":{"data_id":"c10_51","message":79,"msg_id":87,"seen_nodes":["n3","n0","n4"],"type":"gossip"}}
2025/04/21 10:08:33 Sent {"src":"n3","dest":"n0","body":{"already_seen":false,"in_reply_to":90,"msg_id":204,"seen_nodes":["n3","n0","n4"],"type":"gossip_ok"}}
2025/04/21 10:08:33 Received {n4 n3 {"already_seen":false,"in_reply_to":87,"msg_id":212,"seen_nodes":["n4","n3","n0","n1"],"type":"gossip_ok"}}
2025/04/21 10:08:33 Received {n0 n3 {"data_id":"c11_26","message":80,"msg_id":92,"seen_nodes":["n0","n1","n4","n2","n3"],"type":"gossip"}}
2025/04/21 10:08:33 Received {n4 n3 {"data_id":"c11_26","message":80,"msg_id":91,"seen_nodes":["n4","n1","n3"],"type":"gossip"}}
2025/04/21 10:08:33 Sent {"src":"n3","dest":"n0","body":{"already_seen":false,"in_reply_to":92,"msg_id":205,"seen_nodes":["n3","n0","n1","n4","n2"],"type":"gossip_ok"}}
2025/04/21 10:08:33 Sent {"src":"n3","dest":"n4","body":{"already_seen":true,"in_reply_to":91,"msg_id":206,"seen_nodes":["n3","n0","n1","n4","n2"],"type":"gossip_ok"}}
2025/04/21 10:08:33 Received {c13 n3 {"type":"read","msg_id":26}}
2025/04/21 10:08:33 Sent {"src":"n3","dest":"c13","body":{"in_reply_to":26,"messages":[41,48,57,72,31,38,22,61,74,78,1,13,36,42,50,54,77,24,29,37,55,56,26,27,23,39,62,6,10,44,70,76,79,7,32,20,3,9,68,4,59,51,65,67,8,30,73,21,33,18,35,40,45,75,15,17,63,11,28,34,47,64,69,2,12,52,14,43,49,58,71,80,16,46,19,25,53,60,66,0,5],"msg_id":207,"type":"read_ok"}}
2025/04/21 10:08:33 Received {n4 n3 {"data_id":"c14_26","message":81,"msg_id":93,"seen_nodes":["n4","n1","n3"],"type":"gossip"}}
2025/04/21 10:08:33 Sent {"src":"n3","dest":"n0","body":{"data_id":"c14_26","message":81,"msg_id":88,"seen_nodes":["n3","n4","n1","n0"],"type":"gossip"}}
2025/04/21 10:08:33 Sent {"src":"n3","dest":"n4","body":{"already_seen":false,"in_reply_to":93,"msg_id":209,"seen_nodes":["n3","n4","n1","n0"],"type":"gossip_ok"}}
2025/04/21 10:08:33 Received {n0 n3 {"already_seen":false,"in_reply_to":88,"msg_id":233,"seen_nodes":["n0","n3","n4","n1"],"type":"gossip_ok"}}
2025/04/21 10:08:34 Received {n0 n3 {"data_id":"c10_53","message":82,"msg_id":93,"seen_nodes":["n0","n3"],"type":"gossip"}}
2025/04/21 10:08:34 Sent {"src":"n3","dest":"n4","body":{"data_id":"c10_53","message":82,"msg_id":89,"seen_nodes":["n3","n0","n4"],"type":"gossip"}}
2025/04/21 10:08:34 Sent {"src":"n3","dest":"n0","body":{"already_seen":false,"in_reply_to":93,"msg_id":211,"seen_nodes":["n3","n0","n4"],"type":"gossip_ok"}}
2025/04/21 10:08:34 Received {n4 n3 {"already_seen":true,"in_reply_to":89,"msg_id":219,"seen_nodes":["n4","n1","n0","n3"],"type":"gossip_ok"}}
2025/04/21 10:08:34 Received {c13 n3 {"type":"read","msg_id":27}}
2025/04/21 10:08:34 Sent {"src":"n3","dest":"c13","body":{"in_reply_to":27,"messages":[16,46,49,58,71,80,0,5,19,25,53,60,66,31,38,41,48,57,72,1,13,22,61,74,78,24,29,36,42,50,54,77,26,27,37,55,56,6,10,23,39,62,81,7,32,44,70,76,79,3,9,20,4,59,68,8,30,51,65,67,82,21,33,73,15,17,18,35,40,45,75,11,28,63,2,12,34,47,64,69,14,43,52],"msg_id":212,"type":"read_ok"}}
2025/04/21 10:08:34 Received {n4 n3 {"data_id":"c14_27","message":83,"msg_id":95,"seen_nodes":["n4","n1","n3"],"type":"gossip"}}
2025/04/21 10:08:34 Sent {"src":"n3","dest":"n0","body":{"data_id":"c14_27","message":83,"msg_id":90,"seen_nodes":["n3","n4","n1","n0"],"type":"gossip"}}
2025/04/21 10:08:34 Sent {"src":"n3","dest":"n4","body":{"already_seen":false,"in_reply_to":95,"msg_id":214,"seen_nodes":["n3","n4","n1","n0"],"type":"gossip_ok"}}
2025/04/21 10:08:34 Received {n0 n3 {"already_seen":false,"in_reply_to":90,"msg_id":239,"seen_nodes":["n0","n3","n4","n1"],"type":"gossip_ok"}}
2025/04/21 10:08:34 Received {n0 n3 {"data_id":"c10_54","message":84,"msg_id":95,"seen_nodes":["n0","n3"],"type":"gossip"}}
2025/04/21 10:08:34 Sent {"src":"n3","dest":"n4","body":{"data_id":"c10_54","message":84,"msg_id":91,"seen_nodes":["n3","n0","n4"],"type":"gossip"}}
2025/04/21 10:08:34 Sent {"src":"n3","dest":"n0","body":{"already_seen":false,"in_reply_to":95,"msg_id":216,"seen_nodes":["n3","n0","n4"],"type":"gossip_ok"}}
2025/04/21 10:08:34 Received {n4 n3 {"already_seen":false,"in_reply_to":91,"msg_id":225,"seen_nodes":["n4","n3","n0","n1"],"type":"gossip_ok"}}
2025/04/21 10:08:34 Received {n4 n3 {"data_id":"c12_28","message":85,"msg_id":97,"seen_nodes":["n4","n1","n2","n3"],"type":"gossip"}}
2025/04/21 10:08:34 Received {n0 n3 {"data_id":"c12_28","message":85,"msg_id":97,"seen_nodes":["n0","n1","n2","n4","n3"],"type":"gossip"}}
2025/04/21 10:08:34 Sent {"src":"n3","dest":"n0","body":{"data_id":"c12_28","message":85,"msg_id":92,"seen_nodes":["n3","n4","n1","n2","n0"],"type":"gossip"}}
2025/04/21 10:08:34 Sent {"src":"n3","dest":"n4","body":{"already_seen":false,"in_reply_to":97,"msg_id":219,"seen_nodes":["n3","n4","n1","n2","n0"],"type":"gossip_ok"}}
2025/04/21 10:08:34 Sent {"src":"n3","dest":"n0","body":{"already_seen":true,"in_reply_to":97,"msg_id":218,"seen_nodes":["n3","n4","n1","n2","n0"],"type":"gossip_ok"}}
2025/04/21 10:08:34 Received {n0 n3 {"already_seen":true,"in_reply_to":92,"msg_id":247,"seen_nodes":["n0","n1","n2","n4","n3"],"type":"gossip_ok"}}
2025/04/21 10:08:34 Received {c13 n3 {"type":"read","msg_id":28}}
2025/04/21 10:08:34 Sent {"src":"n3","dest":"c13","body":{"in_reply_to":28,"messages":[21,33,73,85,15,17,18,35,40,45,75,11,28,63,84,2,12,34,47,64,69,14,43,52,16,46,49,58,71,80,0,5,19,25,53,60,66,31,38,41,48,57,72,1,13,22,61,74,78,24,29,36,42,50,54,77,26,27,37,55,56,6,10,23,39,62,81,7,32,44,70,76,79,3,9,20,83,4,59,68,8,30,51,65,67,82],"msg_id":220,"type":"read_ok"}}
2025/04/21 10:08:35 Received {n4 n3 {"data_id":"c12_29","message":86,"msg_id":98,"seen_nodes":["n4","n1","n2","n3"],"type":"gossip"}}
2025/04/21 10:08:35 Received {n0 n3 {"data_id":"c12_29","message":86,"msg_id":98,"seen_nodes":["n0","n1","n2","n4","n3"],"type":"gossip"}}
2025/04/21 10:08:35 Sent {"src":"n3","dest":"n0","body":{"already_seen":false,"in_reply_to":98,"msg_id":221,"seen_nodes":["n3","n0","n1","n2","n4"],"type":"gossip_ok"}}
2025/04/21 10:08:35 Sent {"src":"n3","dest":"n4","body":{"already_seen":true,"in_reply_to":98,"msg_id":222,"seen_nodes":["n3","n0","n1","n2","n4"],"type":"gossip_ok"}}
2025/04/21 10:08:35 Received {c13 n3 {"type":"read","msg_id":29}}
2025/04/21 10:08:35 Sent {"src":"n3","dest":"c13","body":{"in_reply_to":29,"messages":[65,67,82,8,30,51,21,33,73,35,40,45,75,85,15,17,18,84,11,28,63,47,64,69,2,12,34,86,14,43,52,58,71,80,16,46,49,25,53,60,66,0,5,19,48,57,72,31,38,41,61,74,78,1,13,22,42,50,54,77,24,29,36,55,56,26,27,37,39,62,81,6,10,23,70,76,79,7,32,44,83,3,9,20,4,59,68],"msg_id":223,"type":"read_ok"}}
2025/04/21 10:08:35 Received {n4 n3 {"data_id":"c14_29","message":87,"msg_id":100,"seen_nodes":["n4","n1","n3"],"type":"gossip"}}
2025/04/21 10:08:35 Sent {"src":"n3","dest":"n0","body":{"data_id":"c14_29","message":87,"msg_id":93,"seen_nodes":["n3","n4","n1","n0"],"type":"gossip"}}
2025/04/21 10:08:35 Sent {"src":"n3","dest":"n4","body":{"already_seen":false,"in_reply_to":100,"msg_id":225,"seen_nodes":["n3","n4","n1","n0"],"type":"gossip_ok"}}
2025/04/21 10:08:35 Received {n0 n3 {"already_seen":false,"in_reply_to":93,"msg_id":252,"seen_nodes":["n0","n3","n4","n1"],"type":"gossip_ok"}}
2025/04/21 10:08:35 Received {n0 n3 {"data_id":"c10_59","message":88,"msg_id":99,"seen_nodes":["n0","n3"],"type":"gossip"}}
2025/04/21 10:08:35 Sent {"src":"n3","dest":"n4","body":{"data_id":"c10_59","message":88,"msg_id":94,"seen_nodes":["n3","n0","n4"],"type":"gossip"}}
2025/04/21 10:08:35 Sent {"src":"n3","dest":"n0","body":{"already_seen":false,"in_reply_to":99,"msg_id":227,"seen_nodes":["n3","n0","n4"],"type":"gossip_ok"}}
2025/04/21 10:08:35 Received {n4 n3 {"already_seen":false,"in_reply_to":94,"msg_id":235,"seen_nodes":["n4","n3","n0","n1"],"type":"gossip_ok"}}
2025/04/21 10:08:35 Received {c13 n3 {"type":"read","msg_id":30}}
2025/04/21 10:08:35 Sent {"src":"n3","dest":"c13","body":{"in_reply_to":30,"messages":[1,13,22,61,74,78,24,29,36,42,50,54,77,26,27,37,55,56,6,10,23,39,62,81,7,32,44,70,76,79,3,9,20,83,87,4,59,68,8,30,51,65,67,82,21,33,73,15,17,18,35,40,45,75,85,11,28,63,84,2,12,34,47,64,69,14,43,52,86,88,16,46,49,58,71,80,0,5,19,25,53,60,66,31,38,41,48,57,72],"msg_id":228,"type":"read_ok"}}
2025/04/21 10:08:35 Received {n4 n3 {"data_id":"c14_30","message":89,"msg_id":103,"seen_nodes":["n4","n1","n3"],"type":"gossip"}}
2025/04/21 10:08:35 Sent {"src":"n3","dest":"n0","body":{"data_id":"c14_30","message":89,"msg_id":95,"seen_nodes":["n3","n4","n1","n0"],"type":"gossip"}}
2025/04/21 10:08:35 Sent {"src":"n3","dest":"n4","body":{"already_seen":false,"in_reply_to":103,"msg_id":230,"seen_nodes":["n3","n4","n1","n0"],"type":"gossip_ok"}}
2025/04/21 10:08:36 Received {n0 n3 {"already_seen":false,"in_reply_to":95,"msg_id":258,"seen_nodes":["n0","n3","n4","n1"],"type":"gossip_ok"}}
2025/04/21 10:08:36 Received {n0 n3 {"data_id":"c10_61","message":90,"msg_id":101,"seen_nodes":["n0","n3"],"type":"gossip"}}
2025/04/21 10:08:36 Sent {"src":"n3","dest":"n4","body":{"data_id":"c10_61","message":90,"msg_id":96,"seen_nodes":["n3","n0","n4"],"type":"gossip"}}
2025/04/21 10:08:36 Sent {"src":"n3","dest":"n0","body":{"already_seen":false,"in_reply_to":101,"msg_id":232,"seen_nodes":["n3","n0","n4"],"type":"gossip_ok"}}
2025/04/21 10:08:36 Received {n4 n3 {"already_seen":false,"in_reply_to":96,"msg_id":242,"seen_nodes":["n4","n3","n0","n1"],"type":"gossip_ok"}}
2025/04/21 10:08:36 Received {n4 n3 {"data_id":"c12_31","message":91,"msg_id":105,"seen_nodes":["n4","n1","n2","n3"],"type":"gossip"}}
2025/04/21 10:08:36 Received {n0 n3 {"data_id":"c12_31","message":91,"msg_id":103,"seen_nodes":["n0","n1","n2","n4","n3"],"type":"gossip"}}
2025/04/21 10:08:36 Sent {"src":"n3","dest":"n0","body":{"data_id":"c12_31","message":91,"msg_id":97,"seen_nodes":["n3","n4","n1","n2","n0"],"type":"gossip"}}
2025/04/21 10:08:36 Sent {"src":"n3","dest":"n4","body":{"already_seen":false,"in_reply_to":105,"msg_id":235,"seen_nodes":["n3","n4","n1","n2","n0"],"type":"gossip_ok"}}
2025/04/21 10:08:36 Sent {"src":"n3","dest":"n0","body":{"already_seen":true,"in_reply_to":103,"msg_id":233,"seen_nodes":["n3","n4"],"type":"gossip_ok"}}
2025/04/21 10:08:36 Received {n0 n3 {"already_seen":true,"in_reply_to":97,"msg_id":266,"seen_nodes":["n0","n1","n2","n4","n3"],"type":"gossip_ok"}}
2025/04/21 10:08:36 Received {c13 n3 {"type":"read","msg_id":31}}
2025/04/21 10:08:36 Sent {"src":"n3","dest":"c13","body":{"in_reply_to":31,"messages":[8,30,51,65,67,82,21,33,73,15,17,18,35,40,45,75,85,89,11,28,63,84,2,12,34,47,64,69,14,43,52,86,88,16,46,49,58,71,80,0,5,19,25,53,60,66,31,38,41,48,57,72,1,13,22,61,74,78,90,91,24,29,36,42,50,54,77,26,27,37,55,56,6,10,23,39,62,81,7,32,44,70,76,79,3,9,20,83,87,4,59,68],"msg_id":236,"type":"read_ok"}}
2025/04/21 10:08:36 Received {n4 n3 {"data_id":"c14_31","message":92,"msg_id":107,"seen_nodes":["n4","n1","n3"],"type":"gossip"}}
2025/04/21 10:08:36 Sent {"src":"n3","dest":"n0","body":{"data_id":"c14_31","message":92,"msg_id":98,"seen_nodes":["n3","n4","n1","n0"],"type":"gossip"}}
2025/04/21 10:08:36 Sent {"src":"n3","dest":"n4","body":{"already_seen":false,"in_reply_to":107,"msg_id":238,"seen_nodes":["n3","n4","n1","n0"],"type":"gossip_ok"}}
2025/04/21 10:08:36 Received {n0 n3 {"already_seen":false,"in_reply_to":98,"msg_id":267,"seen_nodes":["n0","n3","n4","n1"],"type":"gossip_ok"}}
2025/04/21 10:08:36 Received {n0 n3 {"data_id":"c10_63","message":93,"msg_id":104,"seen_nodes":["n0","n3"],"type":"gossip"}}
2025/04/21 10:08:36 Sent {"src":"n3","dest":"n4","body":{"data_id":"c10_63","message":93,"msg_id":99,"seen_nodes":["n3","n0","n4"],"type":"gossip"}}
2025/04/21 10:08:36 Sent {"src":"n3","dest":"n0","body":{"already_seen":false,"in_reply_to":104,"msg_id":240,"seen_nodes":["n3","n0","n4"],"type":"gossip_ok"}}
2025/04/21 10:08:36 Received {n4 n3 {"already_seen":false,"in_reply_to":99,"msg_id":250,"seen_nodes":["n4","n3","n0","n1"],"type":"gossip_ok"}}
2025/04/21 10:08:37 Received {n0 n3 {"data_id":"c12_32","message":94,"msg_id":106,"seen_nodes":["n0","n1","n2","n4","n3"],"type":"gossip"}}
2025/04/21 10:08:37 Received {n4 n3 {"data_id":"c12_32","message":94,"msg_id":109,"seen_nodes":["n4","n1","n2","n3"],"type":"gossip"}}
2025/04/21 10:08:37 Sent {"src":"n3","dest":"n0","body":{"already_seen":false,"in_reply_to":106,"msg_id":241,"seen_nodes":["n3","n0","n1","n2","n4"],"type":"gossip_ok"}}
2025/04/21 10:08:37 Sent {"src":"n3","dest":"n4","body":{"already_seen":true,"in_reply_to":109,"msg_id":242,"seen_nodes":["n3","n0","n1","n2","n4"],"type":"gossip_ok"}}
2025/04/21 10:08:37 Received {c13 n3 {"type":"read","msg_id":32}}
2025/04/21 10:08:37 Sent {"src":"n3","dest":"c13","body":{"in_reply_to":32,"messages":[27,37,55,56,26,10,23,39,62,81,6,32,44,70,76,79,7,9,20,83,87,3,59,68,4,30,51,65,67,82,8,33,73,21,17,18,35,40,45,75,85,15,92,89,28,63,84,93,11,12,34,47,64,69,2,43,52,86,88,14,46,49,58,71,80,16,5,19,25,53,60,66,0,38,41,48,57,72,31,13,22,61,74,78,90,91,1,94,29,36,42,50,54,77,24],"msg_id":243,"type":"read_ok"}}
2025/04/21 10:08:47 Received {c13 n3 {"type":"read","msg_id":33}}
2025/04/21 10:08:47 Sent {"src":"n3","dest":"c13","body":{"in_reply_to":33,"messages":[11,28,63,84,93,2,12,34,47,64,69,14,43,52,86,88,16,46,49,58,71,80,0,5,19,25,53,60,66,31,38,41,48,57,72,91,1,13,22,61,74,78,90,94,24,29,36,42,50,54,77,26,27,37,55,56,6,10,23,39,62,81,7,32,44,70,76,79,3,9,20,83,87,4,59,68,8,30,51,65,67,82,21,33,73,85,15,17,18,35,40,45,75,89,92],"msg_id":244,"type":"read_ok"}}
