2025/04/21 10:13:02 Received {c4 n0 {"type":"init","node_id":"n0","node_ids":["n0","n1","n2","n3","n4"],"msg_id":1}}
2025/04/21 10:13:02 Node n0 initialized
2025/04/21 10:13:02 Sent {"src":"n0","dest":"c4","body":{"in_reply_to":1,"type":"init_ok"}}
2025/04/21 10:13:02 Received {c6 n0 {"type":"topology","topology":{"n0":["n3","n1"],"n1":["n4","n2","n0"],"n2":["n1"],"n3":["n0","n4"],"n4":["n1","n3"]},"msg_id":1}}
2025/04/21 10:13:02 Sent {"src":"n0","dest":"c6","body":{"in_reply_to":1,"msg_id":1,"type":"topology_ok"}}
2025/04/21 10:13:02 Received {c10 n0 {"type":"read","msg_id":1}}
2025/04/21 10:13:02 Sent {"src":"n0","dest":"c10","body":{"in_reply_to":1,"messages":[],"msg_id":2,"type":"read_ok"}}
2025/04/21 10:13:03 Received {n1 n0 {"data_id":"c12_1","message":0,"msg_id":2,"seen_nodes":["n1","n2","n4","n0"],"type":"gossip"}}
2025/04/21 10:13:03 Sent {"src":"n0","dest":"n3","body":{"data_id":"c12_1","message":0,"msg_id":1,"seen_nodes":["n0","n1","n2","n4","n3"],"type":"gossip"}}
2025/04/21 10:13:03 Sent {"src":"n0","dest":"n1","body":{"already_seen":false,"in_reply_to":2,"msg_id":4,"seen_nodes":["n0","n1","n2","n4","n3"],"type":"gossip_ok"}}
2025/04/21 10:13:03 Received {n3 n0 {"data_id":"c12_1","message":0,"msg_id":1,"seen_nodes":["n3","n4","n1","n2","n0"],"type":"gossip"}}
2025/04/21 10:13:03 Received {c10 n0 {"type":"broadcast","message":1,"msg_id":2}}
2025/04/21 10:13:03 Sent {"src":"n0","dest":"n3","body":{"already_seen":true,"in_reply_to":1,"msg_id":5,"seen_nodes":["n0","n1","n2","n4","n3"],"type":"gossip_ok"}}
2025/04/21 10:13:03 Sent {"src":"n0","dest":"n3","body":{"data_id":"c10_2","message":1,"msg_id":2,"seen_nodes":["n0","n3"],"type":"gossip"}}
2025/04/21 10:13:03 Sent {"src":"n0","dest":"n1","body":{"data_id":"c10_2","message":1,"msg_id":3,"seen_nodes":["n0","n3","n1"],"type":"gossip"}}
2025/04/21 10:13:03 Sent {"src":"n0","dest":"c10","body":{"in_reply_to":2,"msg_id":8,"type":"broadcast_ok"}}
2025/04/21 10:13:03 Received {n3 n0 {"already_seen":true,"in_reply_to":1,"msg_id":5,"seen_nodes":["n3","n4","n1","n2","n0"],"type":"gossip_ok"}}
2025/04/21 10:13:03 Received {c10 n0 {"type":"read","msg_id":3}}
2025/04/21 10:13:03 Sent {"src":"n0","dest":"c10","body":{"in_reply_to":3,"messages":[0,1],"msg_id":9,"type":"read_ok"}}
2025/04/21 10:13:03 Received {n3 n0 {"already_seen":false,"in_reply_to":2,"msg_id":7,"seen_nodes":["n3","n0","n4"],"type":"gossip_ok"}}
2025/04/21 10:13:03 Received {n1 n0 {"already_seen":false,"in_reply_to":3,"msg_id":8,"seen_nodes":["n1","n0","n3","n4","n2"],"type":"gossip_ok"}}
2025/04/21 10:13:03 Received {n1 n0 {"data_id":"c11_2","message":2,"msg_id":7,"seen_nodes":["n1","n4","n2","n0"],"type":"gossip"}}
2025/04/21 10:13:03 Sent {"src":"n0","dest":"n3","body":{"data_id":"c11_2","message":2,"msg_id":4,"seen_nodes":["n0","n1","n4","n2","n3"],"type":"gossip"}}
2025/04/21 10:13:03 Sent {"src":"n0","dest":"n1","body":{"already_seen":false,"in_reply_to":7,"msg_id":11,"seen_nodes":["n0","n1","n4","n2","n3"],"type":"gossip_ok"}}
2025/04/21 10:13:04 Received {n3 n0 {"data_id":"c11_2","message":2,"msg_id":3,"seen_nodes":["n3","n4","n1","n0"],"type":"gossip"}}
2025/04/21 10:13:04 Received {c10 n0 {"type":"broadcast","message":3,"msg_id":4}}
2025/04/21 10:13:04 Sent {"src":"n0","dest":"n3","body":{"already_seen":true,"in_reply_to":3,"msg_id":12,"seen_nodes":["n0","n1","n4","n2","n3"],"type":"gossip_ok"}}
2025/04/21 10:13:04 Sent {"src":"n0","dest":"n3","body":{"data_id":"c10_4","message":3,"msg_id":5,"seen_nodes":["n0","n3"],"type":"gossip"}}
2025/04/21 10:13:04 Sent {"src":"n0","dest":"n1","body":{"data_id":"c10_4","message":3,"msg_id":6,"seen_nodes":["n0","n3","n1"],"type":"gossip"}}
2025/04/21 10:13:04 Sent {"src":"n0","dest":"c10","body":{"in_reply_to":4,"msg_id":15,"type":"broadcast_ok"}}
2025/04/21 10:13:04 Received {n3 n0 {"already_seen":true,"in_reply_to":4,"msg_id":11,"seen_nodes":["n3","n4","n1","n0"],"type":"gossip_ok"}}
2025/04/21 10:13:04 Received {c10 n0 {"type":"read","msg_id":5}}
2025/04/21 10:13:04 Sent {"src":"n0","dest":"c10","body":{"in_reply_to":5,"messages":[0,1,2,3],"msg_id":16,"type":"read_ok"}}
2025/04/21 10:13:04 Received {n3 n0 {"already_seen":false,"in_reply_to":5,"msg_id":13,"seen_nodes":["n3","n0","n4"],"type":"gossip_ok"}}
2025/04/21 10:13:04 Received {n1 n0 {"already_seen":false,"in_reply_to":6,"msg_id":15,"seen_nodes":["n1","n0","n3","n4","n2"],"type":"gossip_ok"}}
2025/04/21 10:13:04 Received {n1 n0 {"data_id":"c11_3","message":4,"msg_id":12,"seen_nodes":["n1","n4","n2","n0"],"type":"gossip"}}
2025/04/21 10:13:04 Sent {"src":"n0","dest":"n3","body":{"data_id":"c11_3","message":4,"msg_id":7,"seen_nodes":["n0","n1","n4","n2","n3"],"type":"gossip"}}
2025/04/21 10:13:04 Sent {"src":"n0","dest":"n1","body":{"already_seen":false,"in_reply_to":12,"msg_id":18,"seen_nodes":["n0","n1","n4","n2","n3"],"type":"gossip_ok"}}
2025/04/21 10:13:04 Received {n3 n0 {"already_seen":false,"in_reply_to":7,"msg_id":14,"seen_nodes":["n3","n0","n1","n4","n2"],"type":"gossip_ok"}}
2025/04/21 10:13:04 Received {c10 n0 {"type":"broadcast","message":6,"msg_id":6}}
2025/04/21 10:13:04 Sent {"src":"n0","dest":"n3","body":{"data_id":"c10_6","message":6,"msg_id":8,"seen_nodes":["n0","n3"],"type":"gossip"}}
2025/04/21 10:13:04 Sent {"src":"n0","dest":"n1","body":{"data_id":"c10_6","message":6,"msg_id":9,"seen_nodes":["n0","n3","n1"],"type":"gossip"}}
2025/04/21 10:13:04 Sent {"src":"n0","dest":"c10","body":{"in_reply_to":6,"msg_id":21,"type":"broadcast_ok"}}
2025/04/21 10:13:04 Received {n1 n0 {"data_id":"c12_3","message":5,"msg_id":14,"seen_nodes":["n1","n2","n4","n0"],"type":"gossip"}}
2025/04/21 10:13:04 Sent {"src":"n0","dest":"n3","body":{"data_id":"c12_3","message":5,"msg_id":10,"seen_nodes":["n0","n1","n2","n4","n3"],"type":"gossip"}}
2025/04/21 10:13:04 Sent {"src":"n0","dest":"n1","body":{"already_seen":false,"in_reply_to":14,"msg_id":23,"seen_nodes":["n0","n1","n2","n4","n3"],"type":"gossip_ok"}}
2025/04/21 10:13:04 Received {c10 n0 {"type":"read","msg_id":7}}
2025/04/21 10:13:04 Sent {"src":"n0","dest":"c10","body":{"in_reply_to":7,"messages":[1,2,3,4,6,5,0],"msg_id":24,"type":"read_ok"}}
2025/04/21 10:13:04 Received {n3 n0 {"already_seen":false,"in_reply_to":8,"msg_id":18,"seen_nodes":["n3","n0","n4"],"type":"gossip_ok"}}
2025/04/21 10:13:04 Received {n1 n0 {"already_seen":false,"in_reply_to":9,"msg_id":26,"seen_nodes":["n1","n0","n3","n4","n2"],"type":"gossip_ok"}}
2025/04/21 10:13:04 Received {n3 n0 {"data_id":"c12_3","message":5,"msg_id":6,"seen_nodes":["n3","n4","n1","n2","n0"],"type":"gossip"}}
2025/04/21 10:13:04 Sent {"src":"n0","dest":"n3","body":{"already_seen":true,"in_reply_to":6,"msg_id":25,"seen_nodes":["n0","n1","n2","n4","n3"],"type":"gossip_ok"}}
2025/04/21 10:13:04 Received {n3 n0 {"already_seen":true,"in_reply_to":10,"msg_id":21,"seen_nodes":["n3","n4","n1","n2","n0"],"type":"gossip_ok"}}
2025/04/21 10:13:05 Received {n1 n0 {"data_id":"c12_4","message":7,"msg_id":18,"seen_nodes":["n1","n2","n4","n0"],"type":"gossip"}}
2025/04/21 10:13:05 Sent {"src":"n0","dest":"n3","body":{"data_id":"c12_4","message":7,"msg_id":11,"seen_nodes":["n0","n1","n2","n4","n3"],"type":"gossip"}}
2025/04/21 10:13:05 Sent {"src":"n0","dest":"n1","body":{"already_seen":false,"in_reply_to":18,"msg_id":27,"seen_nodes":["n0","n1","n2","n4","n3"],"type":"gossip_ok"}}
2025/04/21 10:13:05 Received {n3 n0 {"already_seen":false,"in_reply_to":11,"msg_id":23,"seen_nodes":["n3","n0","n1","n2","n4"],"type":"gossip_ok"}}
2025/04/21 10:13:05 Received {c10 n0 {"type":"read","msg_id":8}}
2025/04/21 10:13:05 Sent {"src":"n0","dest":"c10","body":{"in_reply_to":8,"messages":[5,7,0,1,2,3,4,6],"msg_id":28,"type":"read_ok"}}
2025/04/21 10:13:05 Received {n1 n0 {"data_id":"c14_4","message":8,"msg_id":20,"seen_nodes":["n1","n4","n2","n0"],"type":"gossip"}}
2025/04/21 10:13:05 Sent {"src":"n0","dest":"n3","body":{"data_id":"c14_4","message":8,"msg_id":12,"seen_nodes":["n0","n1","n4","n2","n3"],"type":"gossip"}}
2025/04/21 10:13:05 Sent {"src":"n0","dest":"n1","body":{"already_seen":false,"in_reply_to":20,"msg_id":30,"seen_nodes":["n0","n1","n4","n2","n3"],"type":"gossip_ok"}}
2025/04/21 10:13:05 Received {n3 n0 {"data_id":"c14_4","message":8,"msg_id":7,"seen_nodes":["n3","n4","n1","n0"],"type":"gossip"}}
2025/04/21 10:13:05 Sent {"src":"n0","dest":"n3","body":{"already_seen":true,"in_reply_to":7,"msg_id":31,"seen_nodes":["n0","n1","n4","n2","n3"],"type":"gossip_ok"}}
2025/04/21 10:13:05 Received {c10 n0 {"type":"read","msg_id":9}}
2025/04/21 10:13:05 Sent {"src":"n0","dest":"c10","body":{"in_reply_to":9,"messages":[0,3,4,6,5,7,8,1,2],"msg_id":32,"type":"read_ok"}}
2025/04/21 10:13:05 Received {n3 n0 {"already_seen":true,"in_reply_to":12,"msg_id":27,"seen_nodes":["n3","n4","n1","n0"],"type":"gossip_ok"}}
2025/04/21 10:13:05 Received {n1 n0 {"data_id":"c11_5","message":9,"msg_id":23,"seen_nodes":["n1","n4","n2","n0"],"type":"gossip"}}
2025/04/21 10:13:05 Sent {"src":"n0","dest":"n3","body":{"data_id":"c11_5","message":9,"msg_id":13,"seen_nodes":["n0","n1","n4","n2","n3"],"type":"gossip"}}
2025/04/21 10:13:05 Sent {"src":"n0","dest":"n1","body":{"already_seen":false,"in_reply_to":23,"msg_id":34,"seen_nodes":["n0","n1","n4","n2","n3"],"type":"gossip_ok"}}
2025/04/21 10:13:05 Received {n3 n0 {"data_id":"c11_5","message":9,"msg_id":8,"seen_nodes":["n3","n4","n1","n0"],"type":"gossip"}}
2025/04/21 10:13:05 Sent {"src":"n0","dest":"n3","body":{"already_seen":true,"in_reply_to":8,"msg_id":35,"seen_nodes":["n0","n1","n4","n2","n3"],"type":"gossip_ok"}}
2025/04/21 10:13:05 Received {n3 n0 {"already_seen":true,"in_reply_to":13,"msg_id":31,"seen_nodes":["n3","n4","n1","n0"],"type":"gossip_ok"}}
2025/04/21 10:13:05 Received {c10 n0 {"type":"broadcast","message":10,"msg_id":10}}
2025/04/21 10:13:05 Sent {"src":"n0","dest":"n3","body":{"data_id":"c10_10","message":10,"msg_id":14,"seen_nodes":["n0","n3"],"type":"gossip"}}
2025/04/21 10:13:05 Sent {"src":"n0","dest":"n1","body":{"data_id":"c10_10","message":10,"msg_id":15,"seen_nodes":["n0","n3","n1"],"type":"gossip"}}
2025/04/21 10:13:05 Sent {"src":"n0","dest":"c10","body":{"in_reply_to":10,"msg_id":38,"type":"broadcast_ok"}}
2025/04/21 10:13:05 Received {c10 n0 {"type":"read","msg_id":11}}
2025/04/21 10:13:05 Sent {"src":"n0","dest":"c10","body":{"in_reply_to":11,"messages":[1,2,7,8,9,0,3,4,6,5,10],"msg_id":39,"type":"read_ok"}}
2025/04/21 10:13:06 Received {n3 n0 {"already_seen":false,"in_reply_to":14,"msg_id":33,"seen_nodes":["n3","n0","n4"],"type":"gossip_ok"}}
2025/04/21 10:13:06 Received {n1 n0 {"already_seen":false,"in_reply_to":15,"msg_id":41,"seen_nodes":["n1","n0","n3","n4","n2"],"type":"gossip_ok"}}
2025/04/21 10:13:06 Received {n3 n0 {"data_id":"c13_6","message":11,"msg_id":10,"seen_nodes":["n3","n0"],"type":"gossip"}}
2025/04/21 10:13:06 Received {c10 n0 {"type":"broadcast","message":13,"msg_id":12}}
2025/04/21 10:13:06 Sent {"src":"n0","dest":"n1","body":{"data_id":"c13_6","message":11,"msg_id":16,"seen_nodes":["n0","n3","n1"],"type":"gossip"}}
2025/04/21 10:13:06 Sent {"src":"n0","dest":"n3","body":{"already_seen":false,"in_reply_to":10,"msg_id":41,"seen_nodes":["n0","n3","n1"],"type":"gossip_ok"}}
2025/04/21 10:13:06 Sent {"src":"n0","dest":"n3","body":{"data_id":"c10_12","message":13,"msg_id":17,"seen_nodes":["n0","n3"],"type":"gossip"}}
2025/04/21 10:13:06 Sent {"src":"n0","dest":"n1","body":{"data_id":"c10_12","message":13,"msg_id":18,"seen_nodes":["n0","n3","n1"],"type":"gossip"}}
2025/04/21 10:13:06 Sent {"src":"n0","dest":"c10","body":{"in_reply_to":12,"msg_id":44,"type":"broadcast_ok"}}
2025/04/21 10:13:06 Received {c10 n0 {"type":"read","msg_id":13}}
2025/04/21 10:13:06 Sent {"src":"n0","dest":"c10","body":{"in_reply_to":13,"messages":[1,2,11,7,8,9,0,3,4,6,5,10,13],"msg_id":45,"type":"read_ok"}}
2025/04/21 10:13:06 Received {n3 n0 {"data_id":"c14_6","message":12,"msg_id":12,"seen_nodes":["n3","n4","n1","n0"],"type":"gossip"}}
2025/04/21 10:13:06 Received {n3 n0 {"already_seen":false,"in_reply_to":17,"msg_id":40,"seen_nodes":["n3","n0","n4"],"type":"gossip_ok"}}
2025/04/21 10:13:06 Sent {"src":"n0","dest":"n3","body":{"already_seen":false,"in_reply_to":12,"msg_id":46,"seen_nodes":["n0","n3","n4","n1"],"type":"gossip_ok"}}
2025/04/21 10:13:06 Received {n1 n0 {"already_seen":false,"in_reply_to":16,"msg_id":46,"seen_nodes":["n1","n0","n3","n4","n2"],"type":"gossip_ok"}}
2025/04/21 10:13:06 Received {n1 n0 {"data_id":"c14_6","message":12,"msg_id":29,"seen_nodes":["n1","n4","n2","n0"],"type":"gossip"}}
2025/04/21 10:13:06 Sent {"src":"n0","dest":"n1","body":{"already_seen":true,"in_reply_to":29,"msg_id":47,"seen_nodes":["n0","n3","n4","n1"],"type":"gossip_ok"}}
2025/04/21 10:13:06 Received {n1 n0 {"already_seen":false,"in_reply_to":18,"msg_id":52,"seen_nodes":["n1","n0","n3","n4","n2"],"type":"gossip_ok"}}
2025/04/21 10:13:06 Received {n1 n0 {"data_id":"c11_7","message":14,"msg_id":34,"seen_nodes":["n1","n4","n2","n0"],"type":"gossip"}}
2025/04/21 10:13:06 Sent {"src":"n0","dest":"n3","body":{"data_id":"c11_7","message":14,"msg_id":19,"seen_nodes":["n0","n1","n4","n2","n3"],"type":"gossip"}}
2025/04/21 10:13:06 Sent {"src":"n0","dest":"n1","body":{"already_seen":false,"in_reply_to":34,"msg_id":49,"seen_nodes":["n0","n1","n4","n2","n3"],"type":"gossip_ok"}}
2025/04/21 10:13:06 Received {n3 n0 {"data_id":"c11_7","message":14,"msg_id":14,"seen_nodes":["n3","n4","n1","n0"],"type":"gossip"}}
2025/04/21 10:13:06 Received {n3 n0 {"already_seen":true,"in_reply_to":19,"msg_id":43,"seen_nodes":["n3","n4","n1","n0"],"type":"gossip_ok"}}
2025/04/21 10:13:06 Sent {"src":"n0","dest":"n3","body":{"already_seen":true,"in_reply_to":14,"msg_id":50,"seen_nodes":["n0","n1","n4","n2","n3"],"type":"gossip_ok"}}
2025/04/21 10:13:06 Received {c10 n0 {"type":"broadcast","message":16,"msg_id":14}}
2025/04/21 10:13:06 Sent {"src":"n0","dest":"n3","body":{"data_id":"c10_14","message":16,"msg_id":20,"seen_nodes":["n0","n3"],"type":"gossip"}}
2025/04/21 10:13:06 Sent {"src":"n0","dest":"n1","body":{"data_id":"c10_14","message":16,"msg_id":21,"seen_nodes":["n0","n3","n1"],"type":"gossip"}}
2025/04/21 10:13:06 Sent {"src":"n0","dest":"c10","body":{"in_reply_to":14,"msg_id":53,"type":"broadcast_ok"}}
2025/04/21 10:13:07 Received {n3 n0 {"data_id":"c14_7","message":15,"msg_id":15,"seen_nodes":["n3","n4","n1","n0"],"type":"gossip"}}
2025/04/21 10:13:07 Received {c10 n0 {"type":"read","msg_id":15}}
2025/04/21 10:13:07 Received {n1 n0 {"data_id":"c14_7","message":15,"msg_id":36,"seen_nodes":["n1","n4","n2","n0"],"type":"gossip"}}
2025/04/21 10:13:07 Sent {"src":"n0","dest":"n3","body":{"already_seen":false,"in_reply_to":15,"msg_id":54,"seen_nodes":["n0","n3","n4","n1"],"type":"gossip_ok"}}
2025/04/21 10:13:07 Sent {"src":"n0","dest":"n1","body":{"already_seen":true,"in_reply_to":36,"msg_id":55,"seen_nodes":["n0","n3","n4","n1"],"type":"gossip_ok"}}
2025/04/21 10:13:07 Sent {"src":"n0","dest":"c10","body":{"in_reply_to":15,"messages":[1,2,11,12,16,3,4,7,8,9,10,14,15,0,6,5,13],"msg_id":56,"type":"read_ok"}}
2025/04/21 10:13:07 Received {n3 n0 {"already_seen":false,"in_reply_to":20,"msg_id":48,"seen_nodes":["n3","n0","n4"],"type":"gossip_ok"}}
2025/04/21 10:13:07 Received {n1 n0 {"already_seen":false,"in_reply_to":21,"msg_id":63,"seen_nodes":["n1","n0","n3","n4","n2"],"type":"gossip_ok"}}
2025/04/21 10:13:07 Received {n1 n0 {"data_id":"c11_8","message":17,"msg_id":41,"seen_nodes":["n1","n4","n2","n0"],"type":"gossip"}}
2025/04/21 10:13:07 Sent {"src":"n0","dest":"n3","body":{"data_id":"c11_8","message":17,"msg_id":22,"seen_nodes":["n0","n1","n4","n2","n3"],"type":"gossip"}}
2025/04/21 10:13:07 Sent {"src":"n0","dest":"n1","body":{"already_seen":false,"in_reply_to":41,"msg_id":58,"seen_nodes":["n0","n1","n4","n2","n3"],"type":"gossip_ok"}}
2025/04/21 10:13:07 Received {n3 n0 {"data_id":"c11_8","message":17,"msg_id":17,"seen_nodes":["n3","n4","n1","n0"],"type":"gossip"}}
2025/04/21 10:13:07 Received {n3 n0 {"already_seen":true,"in_reply_to":22,"msg_id":52,"seen_nodes":["n3","n4","n1","n0"],"type":"gossip_ok"}}
2025/04/21 10:13:07 Sent {"src":"n0","dest":"n3","body":{"already_seen":true,"in_reply_to":17,"msg_id":59,"seen_nodes":["n0","n1","n4","n2","n3"],"type":"gossip_ok"}}
2025/04/21 10:13:07 Received {n1 n0 {"data_id":"c12_8","message":18,"msg_id":43,"seen_nodes":["n1","n2","n4","n0"],"type":"gossip"}}
2025/04/21 10:13:07 Received {c10 n0 {"type":"broadcast","message":20,"msg_id":16}}
2025/04/21 10:13:07 Sent {"src":"n0","dest":"n3","body":{"data_id":"c10_16","message":20,"msg_id":24,"seen_nodes":["n0","n3"],"type":"gossip"}}
2025/04/21 10:13:07 Sent {"src":"n0","dest":"n1","body":{"data_id":"c10_16","message":20,"msg_id":25,"seen_nodes":["n0","n3","n1"],"type":"gossip"}}
2025/04/21 10:13:07 Sent {"src":"n0","dest":"c10","body":{"in_reply_to":16,"msg_id":63,"type":"broadcast_ok"}}
2025/04/21 10:13:07 Sent {"src":"n0","dest":"n3","body":{"data_id":"c12_8","message":18,"msg_id":23,"seen_nodes":["n0","n1","n2","n4","n3"],"type":"gossip"}}
2025/04/21 10:13:07 Sent {"src":"n0","dest":"n1","body":{"already_seen":false,"in_reply_to":43,"msg_id":64,"seen_nodes":["n0","n1","n2","n4","n3"],"type":"gossip_ok"}}
2025/04/21 10:13:07 Received {c10 n0 {"type":"broadcast","message":21,"msg_id":17}}
2025/04/21 10:13:07 Sent {"src":"n0","dest":"n3","body":{"data_id":"c10_17","message":21,"msg_id":26,"seen_nodes":["n0","n3"],"type":"gossip"}}
2025/04/21 10:13:07 Sent {"src":"n0","dest":"n1","body":{"data_id":"c10_17","message":21,"msg_id":27,"seen_nodes":["n0","n3","n1"],"type":"gossip"}}
2025/04/21 10:13:07 Sent {"src":"n0","dest":"c10","body":{"in_reply_to":17,"msg_id":67,"type":"broadcast_ok"}}
2025/04/21 10:13:07 Received {n3 n0 {"data_id":"c14_8","message":19,"msg_id":18,"seen_nodes":["n3","n4","n1","n0"],"type":"gossip"}}
2025/04/21 10:13:07 Received {n1 n0 {"data_id":"c14_8","message":19,"msg_id":45,"seen_nodes":["n1","n4","n2","n0"],"type":"gossip"}}
2025/04/21 10:13:07 Sent {"src":"n0","dest":"n3","body":{"already_seen":false,"in_reply_to":18,"msg_id":68,"seen_nodes":["n0","n3","n4","n1"],"type":"gossip_ok"}}
2025/04/21 10:13:07 Sent {"src":"n0","dest":"n1","body":{"already_seen":true,"in_reply_to":45,"msg_id":69,"seen_nodes":["n0","n3","n4","n1"],"type":"gossip_ok"}}
2025/04/21 10:13:07 Received {n3 n0 {"data_id":"c12_8","message":18,"msg_id":19,"seen_nodes":["n3","n4","n1","n2","n0"],"type":"gossip"}}
2025/04/21 10:13:07 Received {n3 n0 {"already_seen":true,"in_reply_to":23,"msg_id":57,"seen_nodes":["n3","n4","n1","n2","n0"],"type":"gossip_ok"}}
2025/04/21 10:13:07 Sent {"src":"n0","dest":"n3","body":{"already_seen":true,"in_reply_to":19,"msg_id":70,"seen_nodes":["n0","n1","n2","n4","n3"],"type":"gossip_ok"}}
2025/04/21 10:13:07 Received {n1 n0 {"already_seen":false,"in_reply_to":25,"msg_id":77,"seen_nodes":["n1","n0","n3","n4","n2"],"type":"gossip_ok"}}
2025/04/21 10:13:07 Received {n3 n0 {"already_seen":false,"in_reply_to":24,"msg_id":59,"seen_nodes":["n3","n0","n4"],"type":"gossip_ok"}}
2025/04/21 10:13:07 Received {n3 n0 {"already_seen":false,"in_reply_to":26,"msg_id":61,"seen_nodes":["n3","n0","n4"],"type":"gossip_ok"}}
2025/04/21 10:13:07 Received {n1 n0 {"already_seen":false,"in_reply_to":27,"msg_id":80,"seen_nodes":["n1","n0","n3","n4","n2"],"type":"gossip_ok"}}
2025/04/21 10:13:07 Received {n1 n0 {"data_id":"c11_9","message":22,"msg_id":52,"seen_nodes":["n1","n4","n2","n0"],"type":"gossip"}}
2025/04/21 10:13:07 Sent {"src":"n0","dest":"n3","body":{"data_id":"c11_9","message":22,"msg_id":28,"seen_nodes":["n0","n1","n4","n2","n3"],"type":"gossip"}}
2025/04/21 10:13:07 Sent {"src":"n0","dest":"n1","body":{"already_seen":false,"in_reply_to":52,"msg_id":72,"seen_nodes":["n0","n1","n4","n2","n3"],"type":"gossip_ok"}}
2025/04/21 10:13:07 Received {n3 n0 {"data_id":"c11_9","message":22,"msg_id":22,"seen_nodes":["n3","n4","n1","n0"],"type":"gossip"}}
2025/04/21 10:13:07 Received {n3 n0 {"already_seen":true,"in_reply_to":28,"msg_id":64,"seen_nodes":["n3","n4","n1","n0"],"type":"gossip_ok"}}
2025/04/21 10:13:07 Sent {"src":"n0","dest":"n3","body":{"already_seen":true,"in_reply_to":22,"msg_id":73,"seen_nodes":["n0","n1","n4","n2","n3"],"type":"gossip_ok"}}
2025/04/21 10:13:07 Received {c10 n0 {"type":"read","msg_id":18}}
2025/04/21 10:13:07 Sent {"src":"n0","dest":"c10","body":{"in_reply_to":18,"messages":[14,15,19,13,0,6,5,12,17,21,1,2,11,8,9,10,16,18,3,4,7,20,22],"msg_id":74,"type":"read_ok"}}
2025/04/21 10:13:08 Received {c10 n0 {"type":"broadcast","message":23,"msg_id":19}}
2025/04/21 10:13:08 Sent {"src":"n0","dest":"n3","body":{"data_id":"c10_19","message":23,"msg_id":29,"seen_nodes":["n0","n3"],"type":"gossip"}}
2025/04/21 10:13:08 Sent {"src":"n0","dest":"n1","body":{"data_id":"c10_19","message":23,"msg_id":30,"seen_nodes":["n0","n3","n1"],"type":"gossip"}}
2025/04/21 10:13:08 Sent {"src":"n0","dest":"c10","body":{"in_reply_to":19,"msg_id":77,"type":"broadcast_ok"}}
2025/04/21 10:13:08 Received {n1 n0 {"already_seen":false,"in_reply_to":30,"msg_id":88,"seen_nodes":["n1","n0","n3","n4","n2"],"type":"gossip_ok"}}
2025/04/21 10:13:08 Received {n3 n0 {"already_seen":false,"in_reply_to":29,"msg_id":67,"seen_nodes":["n3","n0","n4"],"type":"gossip_ok"}}
2025/04/21 10:13:08 Received {n1 n0 {"data_id":"c11_10","message":24,"msg_id":57,"seen_nodes":["n1","n4","n2","n0"],"type":"gossip"}}
2025/04/21 10:13:08 Sent {"src":"n0","dest":"n3","body":{"data_id":"c11_10","message":24,"msg_id":31,"seen_nodes":["n0","n1","n4","n2","n3"],"type":"gossip"}}
2025/04/21 10:13:08 Sent {"src":"n0","dest":"n1","body":{"already_seen":false,"in_reply_to":57,"msg_id":79,"seen_nodes":["n0","n1","n4","n2","n3"],"type":"gossip_ok"}}
2025/04/21 10:13:08 Received {n3 n0 {"already_seen":false,"in_reply_to":31,"msg_id":68,"seen_nodes":["n3","n0","n1","n4","n2"],"type":"gossip_ok"}}
2025/04/21 10:13:08 Received {n3 n0 {"data_id":"c13_10","message":25,"msg_id":24,"seen_nodes":["n3","n0"],"type":"gossip"}}
2025/04/21 10:13:08 Sent {"src":"n0","dest":"n1","body":{"data_id":"c13_10","message":25,"msg_id":32,"seen_nodes":["n0","n3","n1"],"type":"gossip"}}
2025/04/21 10:13:08 Sent {"src":"n0","dest":"n3","body":{"already_seen":false,"in_reply_to":24,"msg_id":81,"seen_nodes":["n0","n3","n1"],"type":"gossip_ok"}}
2025/04/21 10:13:08 Received {c10 n0 {"type":"broadcast","message":26,"msg_id":20}}
2025/04/21 10:13:08 Sent {"src":"n0","dest":"n3","body":{"data_id":"c10_20","message":26,"msg_id":33,"seen_nodes":["n0","n3"],"type":"gossip"}}
2025/04/21 10:13:08 Sent {"src":"n0","dest":"n1","body":{"data_id":"c10_20","message":26,"msg_id":34,"seen_nodes":["n0","n3","n1"],"type":"gossip"}}
2025/04/21 10:13:08 Sent {"src":"n0","dest":"c10","body":{"in_reply_to":20,"msg_id":84,"type":"broadcast_ok"}}
2025/04/21 10:13:08 Received {n1 n0 {"already_seen":true,"in_reply_to":32,"msg_id":94,"seen_nodes":["n1","n4","n3","n0","n2"],"type":"gossip_ok"}}
2025/04/21 10:13:08 Received {c10 n0 {"type":"read","msg_id":21}}
2025/04/21 10:13:08 Sent {"src":"n0","dest":"c10","body":{"in_reply_to":21,"messages":[6,1,2,12,4,8,10,16,20,15,0,5,13,23,25,11,17,21,3,7,9,18,22,24,26,14,19],"msg_id":85,"type":"read_ok"}}
2025/04/21 10:13:08 Received {n3 n0 {"already_seen":false,"in_reply_to":33,"msg_id":74,"seen_nodes":["n3","n0","n4"],"type":"gossip_ok"}}
2025/04/21 10:13:08 Received {n1 n0 {"already_seen":false,"in_reply_to":34,"msg_id":98,"seen_nodes":["n1","n0","n3","n4","n2"],"type":"gossip_ok"}}
2025/04/21 10:13:09 Received {n1 n0 {"data_id":"c12_11","message":27,"msg_id":62,"seen_nodes":["n1","n2","n4","n0"],"type":"gossip"}}
2025/04/21 10:13:09 Sent {"src":"n0","dest":"n3","body":{"data_id":"c12_11","message":27,"msg_id":35,"seen_nodes":["n0","n1","n2","n4","n3"],"type":"gossip"}}
2025/04/21 10:13:09 Sent {"src":"n0","dest":"n1","body":{"already_seen":false,"in_reply_to":62,"msg_id":87,"seen_nodes":["n0","n1","n2","n4","n3"],"type":"gossip_ok"}}
2025/04/21 10:13:09 Received {n3 n0 {"already_seen":false,"in_reply_to":35,"msg_id":76,"seen_nodes":["n3","n0","n1","n2","n4"],"type":"gossip_ok"}}
2025/04/21 10:13:09 Received {c10 n0 {"type":"broadcast","message":29,"msg_id":22}}
2025/04/21 10:13:09 Sent {"src":"n0","dest":"n3","body":{"data_id":"c10_22","message":29,"msg_id":36,"seen_nodes":["n0","n3"],"type":"gossip"}}
2025/04/21 10:13:09 Sent {"src":"n0","dest":"n1","body":{"data_id":"c10_22","message":29,"msg_id":37,"seen_nodes":["n0","n3","n1"],"type":"gossip"}}
2025/04/21 10:13:09 Sent {"src":"n0","dest":"c10","body":{"in_reply_to":22,"msg_id":90,"type":"broadcast_ok"}}
2025/04/21 10:13:09 Received {n1 n0 {"data_id":"c14_11","message":28,"msg_id":64,"seen_nodes":["n1","n4","n2","n0"],"type":"gossip"}}
2025/04/21 10:13:09 Received {c10 n0 {"type":"broadcast","message":30,"msg_id":23}}
2025/04/21 10:13:09 Received {n3 n0 {"data_id":"c14_11","message":28,"msg_id":27,"seen_nodes":["n3","n4","n1","n0"],"type":"gossip"}}
2025/04/21 10:13:09 Sent {"src":"n0","dest":"n3","body":{"data_id":"c14_11","message":28,"msg_id":38,"seen_nodes":["n0","n1","n4","n2","n3"],"type":"gossip"}}
2025/04/21 10:13:09 Sent {"src":"n0","dest":"n3","body":{"already_seen":true,"in_reply_to":27,"msg_id":93,"seen_nodes":["n0","n1","n4","n2","n3"],"type":"gossip_ok"}}
2025/04/21 10:13:09 Sent {"src":"n0","dest":"n1","body":{"already_seen":false,"in_reply_to":64,"msg_id":94,"seen_nodes":["n0","n1","n4","n2","n3"],"type":"gossip_ok"}}
2025/04/21 10:13:09 Sent {"src":"n0","dest":"n3","body":{"data_id":"c10_23","message":30,"msg_id":39,"seen_nodes":["n0","n3"],"type":"gossip"}}
2025/04/21 10:13:09 Sent {"src":"n0","dest":"n1","body":{"data_id":"c10_23","message":30,"msg_id":40,"seen_nodes":["n0","n3","n1"],"type":"gossip"}}
2025/04/21 10:13:09 Sent {"src":"n0","dest":"c10","body":{"in_reply_to":23,"msg_id":96,"type":"broadcast_ok"}}
2025/04/21 10:13:09 Received {n3 n0 {"already_seen":false,"in_reply_to":36,"msg_id":81,"seen_nodes":["n3","n0","n4"],"type":"gossip_ok"}}
2025/04/21 10:13:09 Received {n1 n0 {"already_seen":false,"in_reply_to":37,"msg_id":108,"seen_nodes":["n1","n0","n3","n4","n2"],"type":"gossip_ok"}}
2025/04/21 10:13:09 Received {n3 n0 {"already_seen":true,"in_reply_to":38,"msg_id":82,"seen_nodes":["n3","n4","n1","n0"],"type":"gossip_ok"}}
2025/04/21 10:13:09 Received {n1 n0 {"data_id":"c11_12","message":31,"msg_id":70,"seen_nodes":["n1","n4","n2","n0"],"type":"gossip"}}
2025/04/21 10:13:09 Received {n3 n0 {"already_seen":false,"in_reply_to":39,"msg_id":84,"seen_nodes":["n3","n0","n4"],"type":"gossip_ok"}}
2025/04/21 10:13:09 Received {n1 n0 {"already_seen":false,"in_reply_to":40,"msg_id":115,"seen_nodes":["n1","n0","n3","n4","n2"],"type":"gossip_ok"}}
2025/04/21 10:13:09 Sent {"src":"n0","dest":"n3","body":{"data_id":"c11_12","message":31,"msg_id":41,"seen_nodes":["n0","n1","n4","n2","n3"],"type":"gossip"}}
2025/04/21 10:13:09 Sent {"src":"n0","dest":"n1","body":{"already_seen":false,"in_reply_to":70,"msg_id":98,"seen_nodes":["n0","n1","n4","n2","n3"],"type":"gossip_ok"}}
2025/04/21 10:13:09 Received {n3 n0 {"already_seen":false,"in_reply_to":41,"msg_id":85,"seen_nodes":["n3","n0","n1","n4","n2"],"type":"gossip_ok"}}
2025/04/21 10:13:09 Received {n3 n0 {"data_id":"c13_12","message":32,"msg_id":30,"seen_nodes":["n3","n0"],"type":"gossip"}}
2025/04/21 10:13:09 Sent {"src":"n0","dest":"n1","body":{"data_id":"c13_12","message":32,"msg_id":42,"seen_nodes":["n0","n3","n1"],"type":"gossip"}}
2025/04/21 10:13:09 Sent {"src":"n0","dest":"n3","body":{"already_seen":false,"in_reply_to":30,"msg_id":100,"seen_nodes":["n0","n3","n1"],"type":"gossip_ok"}}
2025/04/21 10:13:09 Received {n1 n0 {"already_seen":false,"in_reply_to":42,"msg_id":119,"seen_nodes":["n1","n0","n3","n4","n2"],"type":"gossip_ok"}}
2025/04/21 10:13:10 Received {c10 n0 {"type":"read","msg_id":24}}
2025/04/21 10:13:10 Sent {"src":"n0","dest":"c10","body":{"in_reply_to":24,"messages":[15,28,30,0,5,13,23,25,27,11,17,21,29,26,3,7,9,18,22,24,14,19,31,6,1,2,12,4,8,10,16,20,32],"msg_id":101,"type":"read_ok"}}
2025/04/21 10:13:10 Received {c10 n0 {"type":"broadcast","message":33,"msg_id":25}}
2025/04/21 10:13:10 Sent {"src":"n0","dest":"n3","body":{"data_id":"c10_25","message":33,"msg_id":43,"seen_nodes":["n0","n3"],"type":"gossip"}}
2025/04/21 10:13:10 Sent {"src":"n0","dest":"n1","body":{"data_id":"c10_25","message":33,"msg_id":44,"seen_nodes":["n0","n3","n1"],"type":"gossip"}}
2025/04/21 10:13:10 Sent {"src":"n0","dest":"c10","body":{"in_reply_to":25,"msg_id":104,"type":"broadcast_ok"}}
2025/04/21 10:13:10 Received {n1 n0 {"already_seen":false,"in_reply_to":44,"msg_id":124,"seen_nodes":["n1","n0","n3","n4","n2"],"type":"gossip_ok"}}
2025/04/21 10:13:10 Received {n3 n0 {"already_seen":false,"in_reply_to":43,"msg_id":91,"seen_nodes":["n3","n0","n4"],"type":"gossip_ok"}}
2025/04/21 10:13:10 Received {n1 n0 {"data_id":"c11_13","message":34,"msg_id":78,"seen_nodes":["n1","n4","n2","n0"],"type":"gossip"}}
2025/04/21 10:13:10 Sent {"src":"n0","dest":"n3","body":{"data_id":"c11_13","message":34,"msg_id":45,"seen_nodes":["n0","n1","n4","n2","n3"],"type":"gossip"}}
2025/04/21 10:13:10 Sent {"src":"n0","dest":"n1","body":{"already_seen":false,"in_reply_to":78,"msg_id":106,"seen_nodes":["n0","n1","n4","n2","n3"],"type":"gossip_ok"}}
2025/04/21 10:13:10 Received {n3 n0 {"already_seen":false,"in_reply_to":45,"msg_id":92,"seen_nodes":["n3","n0","n1","n4","n2"],"type":"gossip_ok"}}
2025/04/21 10:13:10 Received {n3 n0 {"data_id":"c14_13","message":35,"msg_id":33,"seen_nodes":["n3","n4","n1","n0"],"type":"gossip"}}
2025/04/21 10:13:10 Received {c10 n0 {"type":"broadcast","message":36,"msg_id":26}}
2025/04/21 10:13:10 Received {n1 n0 {"data_id":"c14_13","message":35,"msg_id":80,"seen_nodes":["n1","n4","n2","n0"],"type":"gossip"}}
2025/04/21 10:13:10 Sent {"src":"n0","dest":"n3","body":{"already_seen":false,"in_reply_to":33,"msg_id":107,"seen_nodes":["n0","n3","n4","n1"],"type":"gossip_ok"}}
2025/04/21 10:13:10 Sent {"src":"n0","dest":"n3","body":{"data_id":"c10_26","message":36,"msg_id":46,"seen_nodes":["n0","n3"],"type":"gossip"}}
2025/04/21 10:13:10 Sent {"src":"n0","dest":"n1","body":{"already_seen":true,"in_reply_to":80,"msg_id":109,"seen_nodes":["n0","n3","n4","n1"],"type":"gossip_ok"}}
2025/04/21 10:13:10 Sent {"src":"n0","dest":"n1","body":{"data_id":"c10_26","message":36,"msg_id":47,"seen_nodes":["n0","n3","n1"],"type":"gossip"}}
2025/04/21 10:13:10 Sent {"src":"n0","dest":"c10","body":{"in_reply_to":26,"msg_id":111,"type":"broadcast_ok"}}
2025/04/21 10:13:10 Received {c10 n0 {"type":"broadcast","message":37,"msg_id":27}}
2025/04/21 10:13:10 Sent {"src":"n0","dest":"n3","body":{"data_id":"c10_27","message":37,"msg_id":48,"seen_nodes":["n0","n3"],"type":"gossip"}}
2025/04/21 10:13:10 Sent {"src":"n0","dest":"n1","body":{"data_id":"c10_27","message":37,"msg_id":49,"seen_nodes":["n0","n3","n1"],"type":"gossip"}}
2025/04/21 10:13:10 Sent {"src":"n0","dest":"c10","body":{"in_reply_to":27,"msg_id":114,"type":"broadcast_ok"}}
2025/04/21 10:13:11 Received {n3 n0 {"already_seen":false,"in_reply_to":46,"msg_id":98,"seen_nodes":["n3","n0","n4"],"type":"gossip_ok"}}
2025/04/21 10:13:11 Received {n1 n0 {"already_seen":false,"in_reply_to":47,"msg_id":133,"seen_nodes":["n1","n0","n3","n4","n2"],"type":"gossip_ok"}}
2025/04/21 10:13:11 Received {n3 n0 {"already_seen":false,"in_reply_to":48,"msg_id":100,"seen_nodes":["n3","n0","n4"],"type":"gossip_ok"}}
2025/04/21 10:13:11 Received {n1 n0 {"already_seen":false,"in_reply_to":49,"msg_id":137,"seen_nodes":["n1","n0","n3","n4","n2"],"type":"gossip_ok"}}
2025/04/21 10:13:11 Received {n3 n0 {"data_id":"c13_14","message":39,"msg_id":36,"seen_nodes":["n3","n0"],"type":"gossip"}}
2025/04/21 10:13:11 Received {c10 n0 {"type":"broadcast","message":41,"msg_id":28}}
2025/04/21 10:13:11 Received {n1 n0 {"data_id":"c12_14","message":38,"msg_id":86,"seen_nodes":["n1","n2","n4","n0"],"type":"gossip"}}
2025/04/21 10:13:11 Sent {"src":"n0","dest":"n3","body":{"data_id":"c10_28","message":41,"msg_id":51,"seen_nodes":["n0","n3"],"type":"gossip"}}
2025/04/21 10:13:11 Sent {"src":"n0","dest":"n1","body":{"data_id":"c10_28","message":41,"msg_id":52,"seen_nodes":["n0","n3","n1"],"type":"gossip"}}
2025/04/21 10:13:11 Sent {"src":"n0","dest":"c10","body":{"in_reply_to":28,"msg_id":119,"type":"broadcast_ok"}}
2025/04/21 10:13:11 Sent {"src":"n0","dest":"n1","body":{"data_id":"c13_14","message":39,"msg_id":50,"seen_nodes":["n0","n3","n1"],"type":"gossip"}}
2025/04/21 10:13:11 Sent {"src":"n0","dest":"n3","body":{"already_seen":false,"in_reply_to":36,"msg_id":120,"seen_nodes":["n0","n3","n1"],"type":"gossip_ok"}}
2025/04/21 10:13:11 Sent {"src":"n0","dest":"n3","body":{"data_id":"c12_14","message":38,"msg_id":53,"seen_nodes":["n0","n1","n2","n4","n3"],"type":"gossip"}}
2025/04/21 10:13:11 Sent {"src":"n0","dest":"n1","body":{"already_seen":false,"in_reply_to":86,"msg_id":121,"seen_nodes":["n0","n1","n2","n4","n3"],"type":"gossip_ok"}}
2025/04/21 10:13:11 Received {n3 n0 {"already_seen":false,"in_reply_to":51,"msg_id":106,"seen_nodes":["n3","n0","n4"],"type":"gossip_ok"}}
2025/04/21 10:13:11 Received {c10 n0 {"type":"read","msg_id":29}}
2025/04/21 10:13:11 Received {n3 n0 {"data_id":"c12_14","message":38,"msg_id":39,"seen_nodes":["n3","n4","n1","n2","n0"],"type":"gossip"}}
2025/04/21 10:13:11 Received {n1 n0 {"data_id":"c14_14","message":40,"msg_id":90,"seen_nodes":["n1","n4","n2","n0"],"type":"gossip"}}
2025/04/21 10:13:11 Received {n1 n0 {"already_seen":false,"in_reply_to":52,"msg_id":147,"seen_nodes":["n1","n0","n3","n4","n2"],"type":"gossip_ok"}}
2025/04/21 10:13:11 Sent {"src":"n0","dest":"n3","body":{"already_seen":true,"in_reply_to":39,"msg_id":123,"seen_nodes":["n0","n1","n2","n4","n3"],"type":"gossip_ok"}}
2025/04/21 10:13:11 Received {n3 n0 {"data_id":"c14_14","message":40,"msg_id":40,"seen_nodes":["n3","n4","n1","n0"],"type":"gossip"}}
2025/04/21 10:13:11 Sent {"src":"n0","dest":"n3","body":{"data_id":"c14_14","message":40,"msg_id":54,"seen_nodes":["n0","n1","n4","n2","n3"],"type":"gossip"}}
2025/04/21 10:13:11 Received {n3 n0 {"already_seen":true,"in_reply_to":53,"msg_id":110,"seen_nodes":["n3","n4","n1","n2","n0"],"type":"gossip_ok"}}
2025/04/21 10:13:11 Sent {"src":"n0","dest":"n1","body":{"already_seen":false,"in_reply_to":90,"msg_id":125,"seen_nodes":["n0","n1","n4","n2","n3"],"type":"gossip_ok"}}
2025/04/21 10:13:11 Sent {"src":"n0","dest":"c10","body":{"in_reply_to":29,"messages":[20,32,34,37,4,8,10,16,15,28,30,25,27,0,5,13,23,36,11,17,21,29,22,24,26,33,3,7,9,18,35,14,19,31,41,6,38,1,2,12,39],"msg_id":122,"type":"read_ok"}}
2025/04/21 10:13:11 Received {n1 n0 {"already_seen":false,"in_reply_to":50,"msg_id":150,"seen_nodes":["n1","n0","n3","n4","n2"],"type":"gossip_ok"}}
2025/04/21 10:13:11 Sent {"src":"n0","dest":"n3","body":{"already_seen":true,"in_reply_to":40,"msg_id":126,"seen_nodes":["n0","n1","n4","n2","n3"],"type":"gossip_ok"}}
2025/04/21 10:13:11 Received {n1 n0 {"data_id":"c11_15","message":42,"msg_id":95,"seen_nodes":["n1","n4","n2","n0"],"type":"gossip"}}
2025/04/21 10:13:11 Sent {"src":"n0","dest":"n3","body":{"data_id":"c11_15","message":42,"msg_id":55,"seen_nodes":["n0","n1","n4","n2","n3"],"type":"gossip"}}
2025/04/21 10:13:11 Sent {"src":"n0","dest":"n1","body":{"already_seen":false,"in_reply_to":95,"msg_id":128,"seen_nodes":["n0","n1","n4","n2","n3"],"type":"gossip_ok"}}
2025/04/21 10:13:11 Received {n3 n0 {"already_seen":true,"in_reply_to":54,"msg_id":111,"seen_nodes":["n3","n4","n1","n0"],"type":"gossip_ok"}}
2025/04/21 10:13:11 Received {n3 n0 {"data_id":"c11_15","message":42,"msg_id":41,"seen_nodes":["n3","n4","n1","n0"],"type":"gossip"}}
2025/04/21 10:13:11 Received {n3 n0 {"already_seen":true,"in_reply_to":55,"msg_id":113,"seen_nodes":["n3","n4","n1","n0"],"type":"gossip_ok"}}
2025/04/21 10:13:11 Sent {"src":"n0","dest":"n3","body":{"already_seen":true,"in_reply_to":41,"msg_id":129,"seen_nodes":["n0","n1","n4","n2","n3"],"type":"gossip_ok"}}
2025/04/21 10:13:12 Received {n3 n0 {"data_id":"c13_15","message":43,"msg_id":42,"seen_nodes":["n3","n0"],"type":"gossip"}}
2025/04/21 10:13:12 Received {c10 n0 {"type":"read","msg_id":30}}
2025/04/21 10:13:12 Sent {"src":"n0","dest":"n1","body":{"data_id":"c13_15","message":43,"msg_id":56,"seen_nodes":["n0","n3","n1"],"type":"gossip"}}
2025/04/21 10:13:12 Sent {"src":"n0","dest":"n3","body":{"already_seen":false,"in_reply_to":42,"msg_id":132,"seen_nodes":["n0","n3","n1"],"type":"gossip_ok"}}
2025/04/21 10:13:12 Sent {"src":"n0","dest":"c10","body":{"in_reply_to":30,"messages":[17,21,29,36,11,7,9,18,22,24,26,33,3,35,19,31,41,43,14,6,2,12,39,38,1,8,10,16,20,32,34,37,4,42,28,30,40,15,5,13,23,25,27,0],"msg_id":131,"type":"read_ok"}}
2025/04/21 10:13:12 Received {c10 n0 {"type":"read","msg_id":31}}
2025/04/21 10:13:12 Sent {"src":"n0","dest":"c10","body":{"in_reply_to":31,"messages":[38,1,2,12,39,20,32,34,37,4,8,10,16,42,15,28,30,40,25,27,0,5,13,23,36,11,17,21,29,22,24,26,33,3,7,9,18,35,43,14,19,31,41,6],"msg_id":133,"type":"read_ok"}}
2025/04/21 10:13:12 Received {n1 n0 {"already_seen":true,"in_reply_to":56,"msg_id":157,"seen_nodes":["n1","n4","n3","n0","n2"],"type":"gossip_ok"}}
2025/04/21 10:13:12 Received {n1 n0 {"data_id":"c11_16","message":44,"msg_id":99,"seen_nodes":["n1","n4","n2","n0"],"type":"gossip"}}
2025/04/21 10:13:12 Sent {"src":"n0","dest":"n3","body":{"data_id":"c11_16","message":44,"msg_id":57,"seen_nodes":["n0","n1","n4","n2","n3"],"type":"gossip"}}
2025/04/21 10:13:12 Sent {"src":"n0","dest":"n1","body":{"already_seen":false,"in_reply_to":99,"msg_id":135,"seen_nodes":["n0","n1","n4","n2","n3"],"type":"gossip_ok"}}
2025/04/21 10:13:12 Received {n3 n0 {"already_seen":false,"in_reply_to":57,"msg_id":118,"seen_nodes":["n3","n0","n1","n4","n2"],"type":"gossip_ok"}}
2025/04/21 10:13:12 Received {n3 n0 {"data_id":"c13_16","message":46,"msg_id":44,"seen_nodes":["n3","n0"],"type":"gossip"}}
2025/04/21 10:13:12 Received {n1 n0 {"data_id":"c12_16","message":45,"msg_id":101,"seen_nodes":["n1","n2","n4","n0"],"type":"gossip"}}
2025/04/21 10:13:12 Sent {"src":"n0","dest":"n3","body":{"data_id":"c12_16","message":45,"msg_id":58,"seen_nodes":["n0","n1","n2","n4","n3"],"type":"gossip"}}
2025/04/21 10:13:12 Sent {"src":"n0","dest":"n1","body":{"already_seen":false,"in_reply_to":101,"msg_id":138,"seen_nodes":["n0","n1","n2","n4","n3"],"type":"gossip_ok"}}
2025/04/21 10:13:12 Sent {"src":"n0","dest":"n1","body":{"data_id":"c13_16","message":46,"msg_id":59,"seen_nodes":["n0","n3","n1"],"type":"gossip"}}
2025/04/21 10:13:12 Sent {"src":"n0","dest":"n3","body":{"already_seen":false,"in_reply_to":44,"msg_id":139,"seen_nodes":["n0","n3","n1"],"type":"gossip_ok"}}
2025/04/21 10:13:12 Received {c10 n0 {"type":"broadcast","message":47,"msg_id":32}}
2025/04/21 10:13:12 Sent {"src":"n0","dest":"n3","body":{"data_id":"c10_32","message":47,"msg_id":60,"seen_nodes":["n0","n3"],"type":"gossip"}}
2025/04/21 10:13:12 Sent {"src":"n0","dest":"n1","body":{"data_id":"c10_32","message":47,"msg_id":61,"seen_nodes":["n0","n3","n1"],"type":"gossip"}}
2025/04/21 10:13:12 Sent {"src":"n0","dest":"c10","body":{"in_reply_to":32,"msg_id":142,"type":"broadcast_ok"}}
2025/04/21 10:13:12 Received {n3 n0 {"data_id":"c12_16","message":45,"msg_id":46,"seen_nodes":["n3","n4","n1","n2","n0"],"type":"gossip"}}
2025/04/21 10:13:12 Received {c10 n0 {"type":"read","msg_id":33}}
2025/04/21 10:13:12 Received {n1 n0 {"already_seen":true,"in_reply_to":59,"msg_id":166,"seen_nodes":["n1","n4","n3"],"type":"gossip_ok"}}
2025/04/21 10:13:12 Sent {"src":"n0","dest":"n3","body":{"already_seen":true,"in_reply_to":46,"msg_id":143,"seen_nodes":["n0","n1","n2","n4","n3"],"type":"gossip_ok"}}
2025/04/21 10:13:12 Received {n3 n0 {"already_seen":true,"in_reply_to":58,"msg_id":124,"seen_nodes":["n3","n4","n1","n2","n0"],"type":"gossip_ok"}}
2025/04/21 10:13:12 Sent {"src":"n0","dest":"c10","body":{"in_reply_to":33,"messages":[6,1,2,12,39,38,34,37,4,8,10,16,20,32,42,45,15,28,30,40,47,0,5,13,23,25,27,11,17,21,29,36,44,26,33,3,7,9,18,22,24,35,14,19,31,41,43,46],"msg_id":144,"type":"read_ok"}}
2025/04/21 10:13:12 Received {n1 n0 {"already_seen":false,"in_reply_to":61,"msg_id":171,"seen_nodes":["n1","n0","n3","n4","n2"],"type":"gossip_ok"}}
2025/04/21 10:13:12 Received {n3 n0 {"already_seen":false,"in_reply_to":60,"msg_id":127,"seen_nodes":["n3","n0","n4"],"type":"gossip_ok"}}
2025/04/21 10:13:13 Received {n1 n0 {"data_id":"c11_17","message":48,"msg_id":107,"seen_nodes":["n1","n4","n2","n0"],"type":"gossip"}}
2025/04/21 10:13:13 Sent {"src":"n0","dest":"n3","body":{"data_id":"c11_17","message":48,"msg_id":62,"seen_nodes":["n0","n1","n4","n2","n3"],"type":"gossip"}}
2025/04/21 10:13:13 Sent {"src":"n0","dest":"n1","body":{"already_seen":false,"in_reply_to":107,"msg_id":146,"seen_nodes":["n0","n1","n4","n2","n3"],"type":"gossip_ok"}}
2025/04/21 10:13:13 Received {n3 n0 {"data_id":"c11_17","message":48,"msg_id":48,"seen_nodes":["n3","n4","n1","n0"],"type":"gossip"}}
2025/04/21 10:13:13 Received {n1 n0 {"data_id":"c12_17","message":49,"msg_id":109,"seen_nodes":["n1","n2","n4","n0"],"type":"gossip"}}
2025/04/21 10:13:13 Received {n3 n0 {"already_seen":true,"in_reply_to":62,"msg_id":130,"seen_nodes":["n3","n4","n1","n0"],"type":"gossip_ok"}}
2025/04/21 10:13:13 Sent {"src":"n0","dest":"n3","body":{"data_id":"c12_17","message":49,"msg_id":63,"seen_nodes":["n0","n1","n2","n4","n3"],"type":"gossip"}}
2025/04/21 10:13:13 Sent {"src":"n0","dest":"n1","body":{"already_seen":false,"in_reply_to":109,"msg_id":149,"seen_nodes":["n0","n1","n2","n4","n3"],"type":"gossip_ok"}}
2025/04/21 10:13:13 Sent {"src":"n0","dest":"n3","body":{"already_seen":true,"in_reply_to":48,"msg_id":147,"seen_nodes":["n0","n1","n4","n2","n3"],"type":"gossip_ok"}}
2025/04/21 10:13:13 Received {c10 n0 {"type":"broadcast","message":51,"msg_id":34}}
2025/04/21 10:13:13 Sent {"src":"n0","dest":"n3","body":{"data_id":"c10_34","message":51,"msg_id":64,"seen_nodes":["n0","n3"],"type":"gossip"}}
2025/04/21 10:13:13 Sent {"src":"n0","dest":"n1","body":{"data_id":"c10_34","message":51,"msg_id":65,"seen_nodes":["n0","n3","n1"],"type":"gossip"}}
2025/04/21 10:13:13 Sent {"src":"n0","dest":"c10","body":{"in_reply_to":34,"msg_id":152,"type":"broadcast_ok"}}
2025/04/21 10:13:13 Received {n3 n0 {"data_id":"c12_17","message":49,"msg_id":49,"seen_nodes":["n3","n4","n1","n2","n0"],"type":"gossip"}}
2025/04/21 10:13:13 Received {c10 n0 {"type":"broadcast","message":52,"msg_id":35}}
2025/04/21 10:13:13 Sent {"src":"n0","dest":"n3","body":{"already_seen":true,"in_reply_to":49,"msg_id":153,"seen_nodes":["n0","n1","n2","n4","n3"],"type":"gossip_ok"}}
2025/04/21 10:13:13 Received {n1 n0 {"data_id":"c14_17","message":50,"msg_id":111,"seen_nodes":["n1","n4","n2","n0"],"type":"gossip"}}
2025/04/21 10:13:13 Sent {"src":"n0","dest":"n3","body":{"data_id":"c10_35","message":52,"msg_id":66,"seen_nodes":["n0","n3"],"type":"gossip"}}
2025/04/21 10:13:13 Received {n3 n0 {"already_seen":true,"in_reply_to":63,"msg_id":134,"seen_nodes":["n3","n4","n1","n2","n0"],"type":"gossip_ok"}}
2025/04/21 10:13:13 Sent {"src":"n0","dest":"n1","body":{"data_id":"c10_35","message":52,"msg_id":67,"seen_nodes":["n0","n3","n1"],"type":"gossip"}}
2025/04/21 10:13:13 Sent {"src":"n0","dest":"c10","body":{"in_reply_to":35,"msg_id":156,"type":"broadcast_ok"}}
2025/04/21 10:13:13 Sent {"src":"n0","dest":"n3","body":{"data_id":"c14_17","message":50,"msg_id":68,"seen_nodes":["n0","n1","n4","n2","n3"],"type":"gossip"}}
2025/04/21 10:13:13 Received {n3 n0 {"data_id":"c14_17","message":50,"msg_id":50,"seen_nodes":["n3","n4","n1","n0"],"type":"gossip"}}
2025/04/21 10:13:13 Sent {"src":"n0","dest":"n1","body":{"already_seen":false,"in_reply_to":111,"msg_id":158,"seen_nodes":["n0","n1","n4","n2","n3"],"type":"gossip_ok"}}
2025/04/21 10:13:13 Sent {"src":"n0","dest":"n3","body":{"already_seen":true,"in_reply_to":50,"msg_id":159,"seen_nodes":["n0","n1","n4","n2","n3"],"type":"gossip_ok"}}
2025/04/21 10:13:13 Received {n3 n0 {"already_seen":false,"in_reply_to":64,"msg_id":138,"seen_nodes":["n3","n0","n4"],"type":"gossip_ok"}}
2025/04/21 10:13:13 Received {n1 n0 {"already_seen":false,"in_reply_to":65,"msg_id":184,"seen_nodes":["n1","n0","n3","n4","n2"],"type":"gossip_ok"}}
2025/04/21 10:13:13 Received {n3 n0 {"already_seen":true,"in_reply_to":68,"msg_id":139,"seen_nodes":["n3","n4","n1","n0"],"type":"gossip_ok"}}
2025/04/21 10:13:13 Received {n3 n0 {"already_seen":false,"in_reply_to":66,"msg_id":141,"seen_nodes":["n3","n0","n4"],"type":"gossip_ok"}}
2025/04/21 10:13:13 Received {n1 n0 {"already_seen":false,"in_reply_to":67,"msg_id":188,"seen_nodes":["n1","n0","n3","n4","n2"],"type":"gossip_ok"}}
2025/04/21 10:13:13 Received {n1 n0 {"data_id":"c14_18","message":53,"msg_id":117,"seen_nodes":["n1","n4","n2","n0"],"type":"gossip"}}
2025/04/21 10:13:13 Received {c10 n0 {"type":"read","msg_id":36}}
2025/04/21 10:13:13 Received {n3 n0 {"data_id":"c14_18","message":53,"msg_id":53,"seen_nodes":["n3","n4","n1","n0"],"type":"gossip"}}
2025/04/21 10:13:13 Sent {"src":"n0","dest":"n3","body":{"data_id":"c14_18","message":53,"msg_id":69,"seen_nodes":["n0","n1","n4","n2","n3"],"type":"gossip"}}
2025/04/21 10:13:13 Sent {"src":"n0","dest":"n1","body":{"already_seen":false,"in_reply_to":117,"msg_id":162,"seen_nodes":["n0","n1","n4","n2","n3"],"type":"gossip_ok"}}
2025/04/21 10:13:13 Sent {"src":"n0","dest":"c10","body":{"in_reply_to":36,"messages":[6,39,49,8,16,20,37,4,48,28,40,47,15,5,23,25,50,0,53,36,26,33,24,31,43,46,2,12,38,1,10,32,34,45,51,52,42,30,27,13,17,21,29,44,11,7,9,18,22,35,3,19,41,14],"msg_id":161,"type":"read_ok"}}
2025/04/21 10:13:13 Sent {"src":"n0","dest":"n3","body":{"already_seen":true,"in_reply_to":53,"msg_id":163,"seen_nodes":["n0","n1","n4","n2","n3"],"type":"gossip_ok"}}
2025/04/21 10:13:13 Received {c10 n0 {"type":"broadcast","message":54,"msg_id":37}}
2025/04/21 10:13:13 Sent {"src":"n0","dest":"n3","body":{"data_id":"c10_37","message":54,"msg_id":70,"seen_nodes":["n0","n3"],"type":"gossip"}}
2025/04/21 10:13:13 Sent {"src":"n0","dest":"n1","body":{"data_id":"c10_37","message":54,"msg_id":71,"seen_nodes":["n0","n3","n1"],"type":"gossip"}}
2025/04/21 10:13:13 Sent {"src":"n0","dest":"c10","body":{"in_reply_to":37,"msg_id":166,"type":"broadcast_ok"}}
2025/04/21 10:13:14 Received {n3 n0 {"already_seen":true,"in_reply_to":69,"msg_id":145,"seen_nodes":["n3","n4","n1","n0"],"type":"gossip_ok"}}
2025/04/21 10:13:14 Received {n3 n0 {"already_seen":false,"in_reply_to":70,"msg_id":147,"seen_nodes":["n3","n0","n4"],"type":"gossip_ok"}}
2025/04/21 10:13:14 Received {n1 n0 {"already_seen":false,"in_reply_to":71,"msg_id":196,"seen_nodes":["n1","n0","n3","n4","n2"],"type":"gossip_ok"}}
2025/04/21 10:13:14 Received {n1 n0 {"data_id":"c11_19","message":55,"msg_id":122,"seen_nodes":["n1","n4","n2","n0"],"type":"gossip"}}
2025/04/21 10:13:14 Sent {"src":"n0","dest":"n3","body":{"data_id":"c11_19","message":55,"msg_id":72,"seen_nodes":["n0","n1","n4","n2","n3"],"type":"gossip"}}
2025/04/21 10:13:14 Sent {"src":"n0","dest":"n1","body":{"already_seen":false,"in_reply_to":122,"msg_id":168,"seen_nodes":["n0","n1","n4","n2","n3"],"type":"gossip_ok"}}
2025/04/21 10:13:14 Received {n3 n0 {"data_id":"c11_19","message":55,"msg_id":55,"seen_nodes":["n3","n4","n1","n0"],"type":"gossip"}}
2025/04/21 10:13:14 Sent {"src":"n0","dest":"n3","body":{"already_seen":true,"in_reply_to":55,"msg_id":169,"seen_nodes":["n0","n1","n4","n2","n3"],"type":"gossip_ok"}}
2025/04/21 10:13:14 Received {n3 n0 {"already_seen":true,"in_reply_to":72,"msg_id":151,"seen_nodes":["n3","n4","n1","n0"],"type":"gossip_ok"}}
2025/04/21 10:13:14 Received {c10 n0 {"type":"read","msg_id":38}}
2025/04/21 10:13:14 Sent {"src":"n0","dest":"c10","body":{"in_reply_to":38,"messages":[17,21,29,44,11,7,9,18,22,35,54,3,19,41,55,14,6,39,49,8,16,20,37,4,48,28,40,47,15,5,23,25,50,0,53,36,26,33,24,43,46,31,2,12,38,1,10,32,34,45,51,52,42,30,27,13],"msg_id":170,"type":"read_ok"}}
2025/04/21 10:13:14 Received {c10 n0 {"type":"read","msg_id":39}}
2025/04/21 10:13:14 Sent {"src":"n0","dest":"c10","body":{"in_reply_to":39,"messages":[6,39,49,16,20,37,4,8,48,40,47,15,28,23,25,50,0,5,36,53,33,24,26,46,31,43,12,38,1,2,10,32,34,51,52,42,45,30,13,27,21,29,44,11,17,9,18,22,35,54,3,7,41,55,14,19],"msg_id":171,"type":"read_ok"}}
2025/04/21 10:13:15 Received {c10 n0 {"type":"broadcast","message":56,"msg_id":40}}
2025/04/21 10:13:15 Sent {"src":"n0","dest":"n3","body":{"data_id":"c10_40","message":56,"msg_id":73,"seen_nodes":["n0","n3"],"type":"gossip"}}
2025/04/21 10:13:15 Sent {"src":"n0","dest":"n1","body":{"data_id":"c10_40","message":56,"msg_id":74,"seen_nodes":["n0","n3","n1"],"type":"gossip"}}
2025/04/21 10:13:15 Sent {"src":"n0","dest":"c10","body":{"in_reply_to":40,"msg_id":174,"type":"broadcast_ok"}}
2025/04/21 10:13:15 Received {n3 n0 {"already_seen":false,"in_reply_to":73,"msg_id":154,"seen_nodes":["n3","n0","n4"],"type":"gossip_ok"}}
2025/04/21 10:13:15 Received {c10 n0 {"type":"read","msg_id":41}}
2025/04/21 10:13:15 Received {n1 n0 {"already_seen":false,"in_reply_to":74,"msg_id":204,"seen_nodes":["n1","n0","n3","n4","n2"],"type":"gossip_ok"}}
2025/04/21 10:13:15 Sent {"src":"n0","dest":"c10","body":{"in_reply_to":41,"messages":[10,32,34,42,45,51,52,30,13,27,11,17,21,29,44,56,3,7,9,18,22,35,54,14,19,41,55,6,39,49,4,8,16,20,37,48,15,28,40,47,0,5,23,25,50,36,53,24,26,33,31,43,46,1,2,12,38],"msg_id":175,"type":"read_ok"}}
2025/04/21 10:13:15 Received {n1 n0 {"data_id":"c11_21","message":57,"msg_id":127,"seen_nodes":["n1","n4","n2","n0"],"type":"gossip"}}
2025/04/21 10:13:15 Sent {"src":"n0","dest":"n3","body":{"data_id":"c11_21","message":57,"msg_id":75,"seen_nodes":["n0","n1","n4","n2","n3"],"type":"gossip"}}
2025/04/21 10:13:15 Sent {"src":"n0","dest":"n1","body":{"already_seen":false,"in_reply_to":127,"msg_id":177,"seen_nodes":["n0","n1","n4","n2","n3"],"type":"gossip_ok"}}
2025/04/21 10:13:15 Received {n3 n0 {"already_seen":true,"in_reply_to":75,"msg_id":156,"seen_nodes":["n3","n4","n1","n0"],"type":"gossip_ok"}}
2025/04/21 10:13:15 Received {n1 n0 {"data_id":"c12_21","message":58,"msg_id":129,"seen_nodes":["n1","n2","n4","n0"],"type":"gossip"}}
2025/04/21 10:13:15 Received {n3 n0 {"data_id":"c11_21","message":57,"msg_id":57,"seen_nodes":["n3","n4","n1","n0"],"type":"gossip"}}
2025/04/21 10:13:15 Sent {"src":"n0","dest":"n3","body":{"already_seen":true,"in_reply_to":57,"msg_id":178,"seen_nodes":["n0","n1","n4","n2","n3"],"type":"gossip_ok"}}
2025/04/21 10:13:15 Sent {"src":"n0","dest":"n3","body":{"data_id":"c12_21","message":58,"msg_id":76,"seen_nodes":["n0","n1","n2","n4","n3"],"type":"gossip"}}
2025/04/21 10:13:15 Sent {"src":"n0","dest":"n1","body":{"already_seen":false,"in_reply_to":129,"msg_id":180,"seen_nodes":["n0","n1","n2","n4","n3"],"type":"gossip_ok"}}
2025/04/21 10:13:15 Received {c10 n0 {"type":"read","msg_id":42}}
2025/04/21 10:13:15 Sent {"src":"n0","dest":"c10","body":{"in_reply_to":42,"messages":[47,15,28,40,25,50,0,5,23,36,53,24,26,33,57,58,31,43,46,38,1,2,12,42,45,51,52,10,32,34,30,13,27,29,44,56,11,17,21,18,22,35,54,3,7,9,55,14,19,41,6,39,49,20,37,48,4,8,16],"msg_id":181,"type":"read_ok"}}
2025/04/21 10:13:15 Received {n3 n0 {"data_id":"c14_21","message":59,"msg_id":58,"seen_nodes":["n3","n4","n1","n0"],"type":"gossip"}}
2025/04/21 10:13:15 Received {c10 n0 {"type":"read","msg_id":43}}
2025/04/21 10:13:15 Received {n1 n0 {"data_id":"c14_21","message":59,"msg_id":131,"seen_nodes":["n1","n4","n2","n0"],"type":"gossip"}}
2025/04/21 10:13:15 Received {n3 n0 {"already_seen":false,"in_reply_to":76,"msg_id":160,"seen_nodes":["n3","n0","n1","n2","n4"],"type":"gossip_ok"}}
2025/04/21 10:13:15 Sent {"src":"n0","dest":"n3","body":{"already_seen":false,"in_reply_to":58,"msg_id":182,"seen_nodes":["n0","n3","n4","n1"],"type":"gossip_ok"}}
2025/04/21 10:13:15 Sent {"src":"n0","dest":"n1","body":{"already_seen":true,"in_reply_to":131,"msg_id":184,"seen_nodes":["n0","n3","n4","n1"],"type":"gossip_ok"}}
2025/04/21 10:13:15 Sent {"src":"n0","dest":"c10","body":{"in_reply_to":43,"messages":[16,20,37,48,59,4,8,40,47,15,28,23,25,50,0,5,36,53,33,24,26,46,57,58,31,43,12,38,1,2,34,42,45,51,52,10,32,30,13,27,21,29,44,56,11,17,9,18,22,35,54,3,7,41,55,14,19,6,39,49],"msg_id":183,"type":"read_ok"}}
2025/04/21 10:13:15 Received {n1 n0 {"data_id":"c11_22","message":60,"msg_id":134,"seen_nodes":["n1","n4","n2","n0"],"type":"gossip"}}
2025/04/21 10:13:15 Sent {"src":"n0","dest":"n3","body":{"data_id":"c11_22","message":60,"msg_id":77,"seen_nodes":["n0","n1","n4","n2","n3"],"type":"gossip"}}
2025/04/21 10:13:15 Sent {"src":"n0","dest":"n1","body":{"already_seen":false,"in_reply_to":134,"msg_id":186,"seen_nodes":["n0","n1","n4","n2","n3"],"type":"gossip_ok"}}
2025/04/21 10:13:16 Received {n3 n0 {"data_id":"c11_22","message":60,"msg_id":59,"seen_nodes":["n3","n4","n1","n0"],"type":"gossip"}}
2025/04/21 10:13:16 Received {n3 n0 {"already_seen":true,"in_reply_to":77,"msg_id":165,"seen_nodes":["n3","n4","n1","n0"],"type":"gossip_ok"}}
2025/04/21 10:13:16 Sent {"src":"n0","dest":"n3","body":{"already_seen":true,"in_reply_to":59,"msg_id":187,"seen_nodes":["n0","n1","n4","n2","n3"],"type":"gossip_ok"}}
2025/04/21 10:13:16 Received {c10 n0 {"type":"read","msg_id":44}}
2025/04/21 10:13:16 Sent {"src":"n0","dest":"c10","body":{"in_reply_to":44,"messages":[60,6,49,39,8,16,20,37,48,59,4,28,40,47,15,5,23,25,50,0,53,36,26,33,24,43,46,57,58,31,2,12,38,1,32,34,42,45,51,52,10,30,27,13,17,21,29,44,56,11,7,9,18,22,35,54,3,19,41,55,14],"msg_id":188,"type":"read_ok"}}
2025/04/21 10:13:16 Received {c10 n0 {"type":"read","msg_id":45}}
2025/04/21 10:13:16 Sent {"src":"n0","dest":"c10","body":{"in_reply_to":45,"messages":[1,2,12,38,52,10,32,34,42,45,51,30,13,27,11,17,21,29,44,56,54,3,7,9,18,22,35,14,19,41,55,6,60,39,49,59,4,8,16,20,37,48,15,28,40,47,0,5,23,25,50,36,53,24,26,33,31,43,46,57,58],"msg_id":189,"type":"read_ok"}}
2025/04/21 10:13:16 Received {n1 n0 {"data_id":"c11_23","message":61,"msg_id":137,"seen_nodes":["n1","n4","n2","n0"],"type":"gossip"}}
2025/04/21 10:13:16 Sent {"src":"n0","dest":"n3","body":{"data_id":"c11_23","message":61,"msg_id":78,"seen_nodes":["n0","n1","n4","n2","n3"],"type":"gossip"}}
2025/04/21 10:13:16 Sent {"src":"n0","dest":"n1","body":{"already_seen":false,"in_reply_to":137,"msg_id":191,"seen_nodes":["n0","n1","n4","n2","n3"],"type":"gossip_ok"}}
2025/04/21 10:13:16 Received {n3 n0 {"data_id":"c11_23","message":61,"msg_id":60,"seen_nodes":["n3","n4","n1","n0"],"type":"gossip"}}
2025/04/21 10:13:16 Received {n1 n0 {"data_id":"c12_23","message":62,"msg_id":139,"seen_nodes":["n1","n2","n4","n0"],"type":"gossip"}}
2025/04/21 10:13:16 Received {n3 n0 {"already_seen":true,"in_reply_to":78,"msg_id":168,"seen_nodes":["n3","n4","n1","n0"],"type":"gossip_ok"}}
2025/04/21 10:13:16 Sent {"src":"n0","dest":"n3","body":{"already_seen":true,"in_reply_to":60,"msg_id":192,"seen_nodes":["n0","n1","n4","n2","n3"],"type":"gossip_ok"}}
2025/04/21 10:13:16 Sent {"src":"n0","dest":"n3","body":{"data_id":"c12_23","message":62,"msg_id":79,"seen_nodes":["n0","n1","n2","n4","n3"],"type":"gossip"}}
2025/04/21 10:13:16 Sent {"src":"n0","dest":"n1","body":{"already_seen":false,"in_reply_to":139,"msg_id":194,"seen_nodes":["n0","n1","n2","n4","n3"],"type":"gossip_ok"}}
2025/04/21 10:13:16 Received {n3 n0 {"data_id":"c13_23","message":63,"msg_id":61,"seen_nodes":["n3","n0"],"type":"gossip"}}
2025/04/21 10:13:16 Sent {"src":"n0","dest":"n1","body":{"data_id":"c13_23","message":63,"msg_id":80,"seen_nodes":["n0","n3","n1"],"type":"gossip"}}
2025/04/21 10:13:16 Sent {"src":"n0","dest":"n3","body":{"already_seen":false,"in_reply_to":61,"msg_id":196,"seen_nodes":["n0","n3","n1"],"type":"gossip_ok"}}
2025/04/21 10:13:16 Received {c10 n0 {"type":"read","msg_id":46}}
2025/04/21 10:13:16 Sent {"src":"n0","dest":"c10","body":{"in_reply_to":46,"messages":[13,27,11,17,21,29,44,56,61,3,7,9,18,22,35,54,14,19,41,55,6,60,39,49,4,8,16,20,37,48,59,15,28,40,47,62,0,5,23,25,50,36,53,63,24,26,33,31,43,46,57,58,1,2,12,38,10,32,34,42,45,51,52,30],"msg_id":197,"type":"read_ok"}}
2025/04/21 10:13:17 Received {n3 n0 {"data_id":"c12_23","message":62,"msg_id":63,"seen_nodes":["n3","n4","n1","n2","n0"],"type":"gossip"}}
2025/04/21 10:13:17 Received {n3 n0 {"already_seen":true,"in_reply_to":79,"msg_id":174,"seen_nodes":["n3","n4","n1","n2","n0"],"type":"gossip_ok"}}
2025/04/21 10:13:17 Received {n3 n0 {"data_id":"c14_23","message":64,"msg_id":64,"seen_nodes":["n3","n4","n1","n0"],"type":"gossip"}}
2025/04/21 10:13:17 Received {n1 n0 {"data_id":"c14_23","message":64,"msg_id":141,"seen_nodes":["n1","n4","n2","n0"],"type":"gossip"}}
2025/04/21 10:13:17 Sent {"src":"n0","dest":"n3","body":{"already_seen":true,"in_reply_to":63,"msg_id":198,"seen_nodes":["n0","n1","n2","n4","n3"],"type":"gossip_ok"}}
2025/04/21 10:13:17 Sent {"src":"n0","dest":"n3","body":{"already_seen":true,"in_reply_to":64,"msg_id":200,"seen_nodes":["n0","n1","n4","n2","n3"],"type":"gossip_ok"}}
2025/04/21 10:13:17 Sent {"src":"n0","dest":"n3","body":{"data_id":"c14_23","message":64,"msg_id":81,"seen_nodes":["n0","n1","n4","n2","n3"],"type":"gossip"}}
2025/04/21 10:13:17 Sent {"src":"n0","dest":"n1","body":{"already_seen":false,"in_reply_to":141,"msg_id":201,"seen_nodes":["n0","n1","n4","n2","n3"],"type":"gossip_ok"}}
2025/04/21 10:13:17 Received {n1 n0 {"already_seen":false,"in_reply_to":80,"msg_id":232,"seen_nodes":["n1","n0","n3","n4","n2"],"type":"gossip_ok"}}
2025/04/21 10:13:17 Received {c10 n0 {"type":"read","msg_id":47}}
2025/04/21 10:13:17 Sent {"src":"n0","dest":"c10","body":{"in_reply_to":47,"messages":[39,49,37,48,59,4,8,16,20,62,15,28,40,47,50,0,5,23,25,36,53,63,24,26,33,58,31,43,46,57,1,2,12,38,45,51,52,10,32,34,42,30,13,27,44,56,61,11,17,21,29,22,35,54,3,7,9,18,64,14,19,41,55,6,60],"msg_id":202,"type":"read_ok"}}
2025/04/21 10:13:17 Received {n3 n0 {"already_seen":true,"in_reply_to":81,"msg_id":178,"seen_nodes":["n3","n4","n1","n0","n2"],"type":"gossip_ok"}}
2025/04/21 10:13:17 Received {n1 n0 {"data_id":"c11_24","message":65,"msg_id":146,"seen_nodes":["n1","n4","n2","n0"],"type":"gossip"}}
2025/04/21 10:13:17 Sent {"src":"n0","dest":"n3","body":{"data_id":"c11_24","message":65,"msg_id":82,"seen_nodes":["n0","n1","n4","n2","n3"],"type":"gossip"}}
2025/04/21 10:13:17 Sent {"src":"n0","dest":"n1","body":{"already_seen":false,"in_reply_to":146,"msg_id":204,"seen_nodes":["n0","n1","n4","n2","n3"],"type":"gossip_ok"}}
2025/04/21 10:13:17 Received {n3 n0 {"data_id":"c11_24","message":65,"msg_id":65,"seen_nodes":["n3","n4","n1","n0"],"type":"gossip"}}
2025/04/21 10:13:17 Sent {"src":"n0","dest":"n3","body":{"already_seen":true,"in_reply_to":65,"msg_id":205,"seen_nodes":["n0","n1","n4","n2","n3"],"type":"gossip_ok"}}
2025/04/21 10:13:17 Received {n3 n0 {"already_seen":true,"in_reply_to":82,"msg_id":181,"seen_nodes":["n3","n4","n1","n0"],"type":"gossip_ok"}}
2025/04/21 10:13:17 Received {n3 n0 {"data_id":"c13_24","message":66,"msg_id":66,"seen_nodes":["n3","n0"],"type":"gossip"}}
2025/04/21 10:13:17 Sent {"src":"n0","dest":"n1","body":{"data_id":"c13_24","message":66,"msg_id":83,"seen_nodes":["n0","n3","n1"],"type":"gossip"}}
2025/04/21 10:13:17 Sent {"src":"n0","dest":"n3","body":{"already_seen":false,"in_reply_to":66,"msg_id":207,"seen_nodes":["n0","n3","n1"],"type":"gossip_ok"}}
2025/04/21 10:13:17 Received {c10 n0 {"type":"read","msg_id":48}}
2025/04/21 10:13:17 Sent {"src":"n0","dest":"c10","body":{"in_reply_to":48,"messages":[19,41,55,64,14,60,6,49,39,8,16,20,37,48,59,4,28,40,47,62,15,5,23,25,50,66,0,53,63,36,26,33,65,24,43,46,57,58,31,2,12,38,1,32,34,42,45,51,52,10,30,27,13,17,21,29,44,56,61,11,7,9,18,22,35,54,3],"msg_id":208,"type":"read_ok"}}
2025/04/21 10:13:17 Received {c10 n0 {"type":"read","msg_id":49}}
2025/04/21 10:13:17 Sent {"src":"n0","dest":"c10","body":{"in_reply_to":49,"messages":[30,13,27,61,11,17,21,29,44,56,54,3,7,9,18,22,35,14,19,41,55,64,6,60,39,49,59,4,8,16,20,37,48,15,28,40,47,62,0,5,23,25,50,66,36,53,63,24,26,33,65,31,43,46,57,58,1,2,12,38,52,10,32,34,42,45,51],"msg_id":209,"type":"read_ok"}}
2025/04/21 10:13:17 Received {n1 n0 {"already_seen":false,"in_reply_to":83,"msg_id":240,"seen_nodes":["n1","n0","n3","n4","n2"],"type":"gossip_ok"}}
2025/04/21 10:13:18 Received {n1 n0 {"data_id":"c12_25","message":67,"msg_id":150,"seen_nodes":["n1","n2","n4","n0"],"type":"gossip"}}
2025/04/21 10:13:18 Sent {"src":"n0","dest":"n3","body":{"data_id":"c12_25","message":67,"msg_id":84,"seen_nodes":["n0","n1","n2","n4","n3"],"type":"gossip"}}
2025/04/21 10:13:18 Sent {"src":"n0","dest":"n1","body":{"already_seen":false,"in_reply_to":150,"msg_id":211,"seen_nodes":["n0","n1","n2","n4","n3"],"type":"gossip_ok"}}
2025/04/21 10:13:18 Received {n3 n0 {"data_id":"c13_25","message":68,"msg_id":68,"seen_nodes":["n3","n0"],"type":"gossip"}}
2025/04/21 10:13:18 Sent {"src":"n0","dest":"n1","body":{"data_id":"c13_25","message":68,"msg_id":85,"seen_nodes":["n0","n3","n1"],"type":"gossip"}}
2025/04/21 10:13:18 Sent {"src":"n0","dest":"n3","body":{"already_seen":false,"in_reply_to":68,"msg_id":213,"seen_nodes":["n0","n3","n1"],"type":"gossip_ok"}}
2025/04/21 10:13:18 Received {n3 n0 {"already_seen":true,"in_reply_to":84,"msg_id":189,"seen_nodes":["n3","n4","n1","n2","n0"],"type":"gossip_ok"}}
2025/04/21 10:13:18 Received {c10 n0 {"type":"broadcast","message":69,"msg_id":50}}
2025/04/21 10:13:18 Received {n3 n0 {"data_id":"c12_25","message":67,"msg_id":70,"seen_nodes":["n3","n4","n1","n2","n0"],"type":"gossip"}}
2025/04/21 10:13:18 Sent {"src":"n0","dest":"n3","body":{"already_seen":true,"in_reply_to":70,"msg_id":214,"seen_nodes":["n0","n1","n2","n4","n3"],"type":"gossip_ok"}}
2025/04/21 10:13:18 Sent {"src":"n0","dest":"n3","body":{"data_id":"c10_50","message":69,"msg_id":86,"seen_nodes":["n0","n3"],"type":"gossip"}}
2025/04/21 10:13:18 Sent {"src":"n0","dest":"n1","body":{"data_id":"c10_50","message":69,"msg_id":87,"seen_nodes":["n0","n3","n1"],"type":"gossip"}}
2025/04/21 10:13:18 Sent {"src":"n0","dest":"c10","body":{"in_reply_to":50,"msg_id":217,"type":"broadcast_ok"}}
2025/04/21 10:13:18 Received {n1 n0 {"already_seen":true,"in_reply_to":85,"msg_id":247,"seen_nodes":["n1","n4","n3","n0","n2"],"type":"gossip_ok"}}
2025/04/21 10:13:18 Received {n3 n0 {"already_seen":false,"in_reply_to":86,"msg_id":192,"seen_nodes":["n3","n0","n4"],"type":"gossip_ok"}}
2025/04/21 10:13:18 Received {c10 n0 {"type":"broadcast","message":70,"msg_id":51}}
2025/04/21 10:13:18 Received {n1 n0 {"already_seen":false,"in_reply_to":87,"msg_id":250,"seen_nodes":["n1","n0","n3","n4","n2"],"type":"gossip_ok"}}
2025/04/21 10:13:18 Sent {"src":"n0","dest":"n3","body":{"data_id":"c10_51","message":70,"msg_id":88,"seen_nodes":["n0","n3"],"type":"gossip"}}
2025/04/21 10:13:18 Sent {"src":"n0","dest":"n1","body":{"data_id":"c10_51","message":70,"msg_id":89,"seen_nodes":["n0","n3","n1"],"type":"gossip"}}
2025/04/21 10:13:18 Sent {"src":"n0","dest":"c10","body":{"in_reply_to":51,"msg_id":220,"type":"broadcast_ok"}}
2025/04/21 10:13:18 Received {n3 n0 {"already_seen":false,"in_reply_to":88,"msg_id":194,"seen_nodes":["n3","n0","n4"],"type":"gossip_ok"}}
2025/04/21 10:13:18 Received {n1 n0 {"already_seen":false,"in_reply_to":89,"msg_id":255,"seen_nodes":["n1","n0","n3","n4","n2"],"type":"gossip_ok"}}
2025/04/21 10:13:18 Received {n1 n0 {"data_id":"c12_26","message":71,"msg_id":157,"seen_nodes":["n1","n2","n4","n0"],"type":"gossip"}}
2025/04/21 10:13:18 Sent {"src":"n0","dest":"n3","body":{"data_id":"c12_26","message":71,"msg_id":90,"seen_nodes":["n0","n1","n2","n4","n3"],"type":"gossip"}}
2025/04/21 10:13:18 Sent {"src":"n0","dest":"n1","body":{"already_seen":false,"in_reply_to":157,"msg_id":222,"seen_nodes":["n0","n1","n2","n4","n3"],"type":"gossip_ok"}}
2025/04/21 10:13:18 Received {n3 n0 {"data_id":"c13_26","message":72,"msg_id":73,"seen_nodes":["n3","n0"],"type":"gossip"}}
2025/04/21 10:13:18 Sent {"src":"n0","dest":"n1","body":{"data_id":"c13_26","message":72,"msg_id":91,"seen_nodes":["n0","n3","n1"],"type":"gossip"}}
2025/04/21 10:13:18 Sent {"src":"n0","dest":"n3","body":{"already_seen":false,"in_reply_to":73,"msg_id":224,"seen_nodes":["n0","n3","n1"],"type":"gossip_ok"}}
2025/04/21 10:13:19 Received {c10 n0 {"type":"read","msg_id":52}}
2025/04/21 10:13:19 Sent {"src":"n0","dest":"c10","body":{"in_reply_to":52,"messages":[15,28,40,47,62,70,0,5,23,25,50,66,69,36,53,63,24,26,33,65,68,72,31,43,46,57,58,67,1,2,12,38,10,32,34,42,45,51,52,30,13,27,11,17,21,29,44,56,61,71,3,7,9,18,22,35,54,14,19,41,55,64,6,60,39,49,4,8,16,20,37,48,59],"msg_id":225,"type":"read_ok"}}
2025/04/21 10:13:19 Received {n3 n0 {"already_seen":false,"in_reply_to":90,"msg_id":198,"seen_nodes":["n3","n0","n1","n2","n4"],"type":"gossip_ok"}}
2025/04/21 10:13:19 Received {c10 n0 {"type":"read","msg_id":53}}
2025/04/21 10:13:19 Received {n1 n0 {"data_id":"c14_26","message":73,"msg_id":159,"seen_nodes":["n1","n4","n2","n0"],"type":"gossip"}}
2025/04/21 10:13:19 Received {n3 n0 {"data_id":"c14_26","message":73,"msg_id":75,"seen_nodes":["n3","n4","n1","n0"],"type":"gossip"}}
2025/04/21 10:13:19 Sent {"src":"n0","dest":"n3","body":{"data_id":"c14_26","message":73,"msg_id":92,"seen_nodes":["n0","n1","n4","n2","n3"],"type":"gossip"}}
2025/04/21 10:13:19 Sent {"src":"n0","dest":"n3","body":{"already_seen":true,"in_reply_to":75,"msg_id":228,"seen_nodes":["n0","n1","n4","n2","n3"],"type":"gossip_ok"}}
2025/04/21 10:13:19 Sent {"src":"n0","dest":"n1","body":{"already_seen":false,"in_reply_to":159,"msg_id":229,"seen_nodes":["n0","n1","n4","n2","n3"],"type":"gossip_ok"}}
2025/04/21 10:13:19 Sent {"src":"n0","dest":"c10","body":{"in_reply_to":53,"messages":[36,53,63,24,26,33,65,68,72,31,43,46,57,58,67,1,2,12,38,52,10,32,34,42,45,51,30,13,27,61,11,17,21,29,44,56,54,71,3,7,9,18,22,35,14,19,41,55,64,6,60,39,49,59,4,8,16,20,37,48,15,28,40,47,62,69,70,0,5,23,25,50,66],"msg_id":226,"type":"read_ok"}}
2025/04/21 10:13:19 Received {n1 n0 {"already_seen":false,"in_reply_to":91,"msg_id":266,"seen_nodes":["n1","n0","n3","n4","n2"],"type":"gossip_ok"}}
2025/04/21 10:13:19 Received {n3 n0 {"already_seen":true,"in_reply_to":92,"msg_id":202,"seen_nodes":["n3","n4","n1","n0"],"type":"gossip_ok"}}
2025/04/21 10:13:19 Received {n1 n0 {"data_id":"c11_27","message":74,"msg_id":164,"seen_nodes":["n1","n4","n2","n0"],"type":"gossip"}}
2025/04/21 10:13:19 Sent {"src":"n0","dest":"n3","body":{"data_id":"c11_27","message":74,"msg_id":93,"seen_nodes":["n0","n1","n4","n2","n3"],"type":"gossip"}}
2025/04/21 10:13:19 Sent {"src":"n0","dest":"n1","body":{"already_seen":false,"in_reply_to":164,"msg_id":231,"seen_nodes":["n0","n1","n4","n2","n3"],"type":"gossip_ok"}}
2025/04/21 10:13:19 Received {n3 n0 {"data_id":"c11_27","message":74,"msg_id":76,"seen_nodes":["n3","n4","n1","n0"],"type":"gossip"}}
2025/04/21 10:13:19 Received {n3 n0 {"already_seen":true,"in_reply_to":93,"msg_id":204,"seen_nodes":["n3","n4","n1","n0"],"type":"gossip_ok"}}
2025/04/21 10:13:19 Sent {"src":"n0","dest":"n3","body":{"already_seen":true,"in_reply_to":76,"msg_id":232,"seen_nodes":["n0","n1","n4","n2","n3"],"type":"gossip_ok"}}
2025/04/21 10:13:19 Received {n3 n0 {"data_id":"c13_27","message":75,"msg_id":77,"seen_nodes":["n3","n0"],"type":"gossip"}}
2025/04/21 10:13:19 Sent {"src":"n0","dest":"n1","body":{"data_id":"c13_27","message":75,"msg_id":94,"seen_nodes":["n0","n3","n1"],"type":"gossip"}}
2025/04/21 10:13:19 Sent {"src":"n0","dest":"n3","body":{"already_seen":false,"in_reply_to":77,"msg_id":234,"seen_nodes":["n0","n3","n1"],"type":"gossip_ok"}}
2025/04/21 10:13:19 Received {c10 n0 {"type":"broadcast","message":77,"msg_id":54}}
2025/04/21 10:13:19 Sent {"src":"n0","dest":"n3","body":{"data_id":"c10_54","message":77,"msg_id":95,"seen_nodes":["n0","n3"],"type":"gossip"}}
2025/04/21 10:13:19 Sent {"src":"n0","dest":"n1","body":{"data_id":"c10_54","message":77,"msg_id":96,"seen_nodes":["n0","n3","n1"],"type":"gossip"}}
2025/04/21 10:13:19 Sent {"src":"n0","dest":"c10","body":{"in_reply_to":54,"msg_id":237,"type":"broadcast_ok"}}
2025/04/21 10:13:19 Received {n3 n0 {"data_id":"c14_27","message":76,"msg_id":79,"seen_nodes":["n3","n4","n1","n0"],"type":"gossip"}}
2025/04/21 10:13:19 Received {n1 n0 {"already_seen":false,"in_reply_to":94,"msg_id":274,"seen_nodes":["n1","n0","n3","n4","n2"],"type":"gossip_ok"}}
2025/04/21 10:13:19 Sent {"src":"n0","dest":"n3","body":{"already_seen":false,"in_reply_to":79,"msg_id":238,"seen_nodes":["n0","n3","n4","n1"],"type":"gossip_ok"}}
2025/04/21 10:13:19 Received {n1 n0 {"data_id":"c14_27","message":76,"msg_id":168,"seen_nodes":["n1","n4","n2","n0"],"type":"gossip"}}
2025/04/21 10:13:19 Sent {"src":"n0","dest":"n1","body":{"already_seen":true,"in_reply_to":168,"msg_id":239,"seen_nodes":["n0","n3","n4","n1"],"type":"gossip_ok"}}
2025/04/21 10:13:19 Received {n3 n0 {"already_seen":false,"in_reply_to":95,"msg_id":212,"seen_nodes":["n3","n0","n4"],"type":"gossip_ok"}}
2025/04/21 10:13:19 Received {c10 n0 {"type":"read","msg_id":55}}
2025/04/21 10:13:19 Received {n1 n0 {"already_seen":false,"in_reply_to":96,"msg_id":280,"seen_nodes":["n1","n0","n3","n4","n2"],"type":"gossip_ok"}}
2025/04/21 10:13:19 Sent {"src":"n0","dest":"c10","body":{"in_reply_to":55,"messages":[58,67,31,43,46,57,1,2,12,38,45,51,52,76,10,32,34,42,30,13,27,75,44,56,61,77,11,17,21,29,22,35,54,71,3,7,9,18,64,14,19,41,55,6,60,39,49,37,48,59,4,8,16,20,62,15,28,40,47,50,66,69,70,0,5,23,25,36,53,63,74,68,72,73,24,26,33,65],"msg_id":240,"type":"read_ok"}}
2025/04/21 10:13:20 Received {n1 n0 {"data_id":"c11_28","message":78,"msg_id":173,"seen_nodes":["n1","n4","n2","n0"],"type":"gossip"}}
2025/04/21 10:13:20 Sent {"src":"n0","dest":"n3","body":{"data_id":"c11_28","message":78,"msg_id":97,"seen_nodes":["n0","n1","n4","n2","n3"],"type":"gossip"}}
2025/04/21 10:13:20 Sent {"src":"n0","dest":"n1","body":{"already_seen":false,"in_reply_to":173,"msg_id":242,"seen_nodes":["n0","n1","n4","n2","n3"],"type":"gossip_ok"}}
2025/04/21 10:13:20 Received {n3 n0 {"data_id":"c11_28","message":78,"msg_id":81,"seen_nodes":["n3","n4","n1","n0"],"type":"gossip"}}
2025/04/21 10:13:20 Received {c10 n0 {"type":"broadcast","message":79,"msg_id":56}}
2025/04/21 10:13:20 Received {n3 n0 {"already_seen":true,"in_reply_to":97,"msg_id":214,"seen_nodes":["n3","n4","n1"],"type":"gossip_ok"}}
2025/04/21 10:13:20 Sent {"src":"n0","dest":"n3","body":{"data_id":"c10_56","message":79,"msg_id":98,"seen_nodes":["n0","n3"],"type":"gossip"}}
2025/04/21 10:13:20 Sent {"src":"n0","dest":"n1","body":{"data_id":"c10_56","message":79,"msg_id":99,"seen_nodes":["n0","n3","n1"],"type":"gossip"}}
2025/04/21 10:13:20 Sent {"src":"n0","dest":"c10","body":{"in_reply_to":56,"msg_id":246,"type":"broadcast_ok"}}
2025/04/21 10:13:20 Sent {"src":"n0","dest":"n3","body":{"already_seen":true,"in_reply_to":81,"msg_id":243,"seen_nodes":["n0","n1","n4","n2","n3"],"type":"gossip_ok"}}
2025/04/21 10:13:20 Received {c10 n0 {"type":"broadcast","message":80,"msg_id":57}}
2025/04/21 10:13:20 Sent {"src":"n0","dest":"n3","body":{"data_id":"c10_57","message":80,"msg_id":100,"seen_nodes":["n0","n3"],"type":"gossip"}}
2025/04/21 10:13:20 Sent {"src":"n0","dest":"n1","body":{"data_id":"c10_57","message":80,"msg_id":101,"seen_nodes":["n0","n3","n1"],"type":"gossip"}}
2025/04/21 10:13:20 Sent {"src":"n0","dest":"c10","body":{"in_reply_to":57,"msg_id":249,"type":"broadcast_ok"}}
2025/04/21 10:13:20 Received {n3 n0 {"already_seen":false,"in_reply_to":98,"msg_id":218,"seen_nodes":["n3","n0","n4"],"type":"gossip_ok"}}
2025/04/21 10:13:20 Received {n1 n0 {"already_seen":false,"in_reply_to":99,"msg_id":287,"seen_nodes":["n1","n0","n3","n4","n2"],"type":"gossip_ok"}}
2025/04/21 10:13:20 Received {n3 n0 {"already_seen":false,"in_reply_to":100,"msg_id":220,"seen_nodes":["n3","n0","n4"],"type":"gossip_ok"}}
2025/04/21 10:13:20 Received {n1 n0 {"data_id":"c11_29","message":81,"msg_id":179,"seen_nodes":["n1","n4","n2","n0"],"type":"gossip"}}
2025/04/21 10:13:20 Received {n1 n0 {"already_seen":false,"in_reply_to":101,"msg_id":294,"seen_nodes":["n1","n0","n3","n4","n2"],"type":"gossip_ok"}}
2025/04/21 10:13:20 Sent {"src":"n0","dest":"n3","body":{"data_id":"c11_29","message":81,"msg_id":102,"seen_nodes":["n0","n1","n4","n2","n3"],"type":"gossip"}}
2025/04/21 10:13:20 Sent {"src":"n0","dest":"n1","body":{"already_seen":false,"in_reply_to":179,"msg_id":251,"seen_nodes":["n0","n1","n4","n2","n3"],"type":"gossip_ok"}}
2025/04/21 10:13:20 Received {n3 n0 {"data_id":"c13_29","message":82,"msg_id":84,"seen_nodes":["n3","n0"],"type":"gossip"}}
2025/04/21 10:13:20 Sent {"src":"n0","dest":"n1","body":{"data_id":"c13_29","message":82,"msg_id":103,"seen_nodes":["n0","n3","n1"],"type":"gossip"}}
2025/04/21 10:13:20 Sent {"src":"n0","dest":"n3","body":{"already_seen":false,"in_reply_to":84,"msg_id":253,"seen_nodes":["n0","n3","n1"],"type":"gossip_ok"}}
2025/04/21 10:13:20 Received {n3 n0 {"already_seen":false,"in_reply_to":102,"msg_id":224,"seen_nodes":["n3","n0","n1","n4","n2"],"type":"gossip_ok"}}
2025/04/21 10:13:20 Received {n1 n0 {"already_seen":true,"in_reply_to":103,"msg_id":298,"seen_nodes":["n1","n4","n3","n0","n2"],"type":"gossip_ok"}}
2025/04/21 10:13:20 Received {c10 n0 {"type":"read","msg_id":58}}
2025/04/21 10:13:20 Sent {"src":"n0","dest":"c10","body":{"in_reply_to":58,"messages":[43,46,57,58,67,31,82,2,12,38,1,32,34,42,45,51,52,76,10,80,30,27,75,13,17,21,29,44,56,61,77,11,7,9,18,22,35,54,71,3,79,19,41,55,64,14,60,6,49,39,8,16,20,37,48,59,81,4,28,40,47,62,15,5,23,25,50,66,69,70,0,53,63,74,36,26,33,65,68,72,73,78,24],"msg_id":254,"type":"read_ok"}}
2025/04/21 10:13:21 Received {n3 n0 {"data_id":"c13_30","message":84,"msg_id":86,"seen_nodes":["n3","n0"],"type":"gossip"}}
2025/04/21 10:13:21 Sent {"src":"n0","dest":"n1","body":{"data_id":"c13_30","message":84,"msg_id":104,"seen_nodes":["n0","n3","n1"],"type":"gossip"}}
2025/04/21 10:13:21 Sent {"src":"n0","dest":"n3","body":{"already_seen":false,"in_reply_to":86,"msg_id":256,"seen_nodes":["n0","n3","n1"],"type":"gossip_ok"}}
2025/04/21 10:13:21 Received {n1 n0 {"data_id":"c12_30","message":83,"msg_id":183,"seen_nodes":["n1","n2","n4","n0"],"type":"gossip"}}
2025/04/21 10:13:21 Sent {"src":"n0","dest":"n3","body":{"data_id":"c12_30","message":83,"msg_id":105,"seen_nodes":["n0","n1","n2","n4","n3"],"type":"gossip"}}
2025/04/21 10:13:21 Sent {"src":"n0","dest":"n1","body":{"already_seen":false,"in_reply_to":183,"msg_id":258,"seen_nodes":["n0","n1","n2","n4","n3"],"type":"gossip_ok"}}
2025/04/21 10:13:21 Received {n3 n0 {"data_id":"c14_30","message":85,"msg_id":88,"seen_nodes":["n3","n4","n1","n0"],"type":"gossip"}}
2025/04/21 10:13:21 Received {c10 n0 {"type":"broadcast","message":86,"msg_id":59}}
2025/04/21 10:13:21 Received {n1 n0 {"already_seen":false,"in_reply_to":104,"msg_id":309,"seen_nodes":["n1","n0","n3","n4","n2"],"type":"gossip_ok"}}
2025/04/21 10:13:21 Received {n1 n0 {"data_id":"c14_30","message":85,"msg_id":187,"seen_nodes":["n1","n4","n2","n0"],"type":"gossip"}}
2025/04/21 10:13:21 Sent {"src":"n0","dest":"n3","body":{"already_seen":false,"in_reply_to":88,"msg_id":259,"seen_nodes":["n0","n3","n4","n1"],"type":"gossip_ok"}}
2025/04/21 10:13:21 Sent {"src":"n0","dest":"n3","body":{"data_id":"c10_59","message":86,"msg_id":106,"seen_nodes":["n0","n3"],"type":"gossip"}}
2025/04/21 10:13:21 Sent {"src":"n0","dest":"n1","body":{"data_id":"c10_59","message":86,"msg_id":107,"seen_nodes":["n0","n3","n1"],"type":"gossip"}}
2025/04/21 10:13:21 Sent {"src":"n0","dest":"c10","body":{"in_reply_to":59,"msg_id":263,"type":"broadcast_ok"}}
2025/04/21 10:13:21 Sent {"src":"n0","dest":"n1","body":{"already_seen":true,"in_reply_to":187,"msg_id":260,"seen_nodes":["n0","n3","n4","n1"],"type":"gossip_ok"}}
2025/04/21 10:13:21 Received {n3 n0 {"data_id":"c12_30","message":83,"msg_id":89,"seen_nodes":["n3","n4","n1","n2","n0"],"type":"gossip"}}
2025/04/21 10:13:21 Received {n3 n0 {"already_seen":true,"in_reply_to":105,"msg_id":232,"seen_nodes":["n3","n4","n1","n2","n0"],"type":"gossip_ok"}}
2025/04/21 10:13:21 Sent {"src":"n0","dest":"n3","body":{"already_seen":true,"in_reply_to":89,"msg_id":264,"seen_nodes":["n0","n1","n2","n4","n3"],"type":"gossip_ok"}}
2025/04/21 10:13:21 Received {c10 n0 {"type":"read","msg_id":60}}
2025/04/21 10:13:21 Sent {"src":"n0","dest":"c10","body":{"in_reply_to":60,"messages":[6,60,39,49,48,59,81,4,8,16,20,37,15,28,40,47,62,66,69,70,0,5,23,25,50,83,85,36,53,63,74,84,72,73,78,24,26,33,65,68,67,31,43,46,57,58,82,1,2,12,38,51,52,76,10,32,34,42,45,30,80,13,27,75,56,61,77,11,17,21,29,44,35,54,71,3,7,9,18,22,79,86,14,19,41,55,64],"msg_id":265,"type":"read_ok"}}
2025/04/21 10:13:21 Received {n3 n0 {"already_seen":false,"in_reply_to":106,"msg_id":235,"seen_nodes":["n3","n0","n4"],"type":"gossip_ok"}}
2025/04/21 10:13:21 Received {n1 n0 {"already_seen":false,"in_reply_to":107,"msg_id":314,"seen_nodes":["n1","n0","n3","n4","n2"],"type":"gossip_ok"}}
2025/04/21 10:13:21 Received {c10 n0 {"type":"broadcast","message":88,"msg_id":61}}
2025/04/21 10:13:21 Sent {"src":"n0","dest":"n3","body":{"data_id":"c10_61","message":88,"msg_id":108,"seen_nodes":["n0","n3"],"type":"gossip"}}
2025/04/21 10:13:21 Sent {"src":"n0","dest":"n1","body":{"data_id":"c10_61","message":88,"msg_id":109,"seen_nodes":["n0","n3","n1"],"type":"gossip"}}
2025/04/21 10:13:21 Sent {"src":"n0","dest":"c10","body":{"in_reply_to":61,"msg_id":268,"type":"broadcast_ok"}}
2025/04/21 10:13:21 Received {n3 n0 {"data_id":"c14_31","message":87,"msg_id":91,"seen_nodes":["n3","n4","n1","n0"],"type":"gossip"}}
2025/04/21 10:13:21 Received {c10 n0 {"type":"read","msg_id":62}}
2025/04/21 10:13:21 Received {n1 n0 {"data_id":"c14_31","message":87,"msg_id":191,"seen_nodes":["n1","n4","n2","n0"],"type":"gossip"}}
2025/04/21 10:13:21 Sent {"src":"n0","dest":"n3","body":{"already_seen":false,"in_reply_to":91,"msg_id":269,"seen_nodes":["n0","n3","n4","n1"],"type":"gossip_ok"}}
2025/04/21 10:13:21 Sent {"src":"n0","dest":"n1","body":{"already_seen":true,"in_reply_to":191,"msg_id":271,"seen_nodes":["n0","n3","n4","n1"],"type":"gossip_ok"}}
2025/04/21 10:13:21 Sent {"src":"n0","dest":"c10","body":{"in_reply_to":62,"messages":[16,20,37,48,59,81,4,8,40,47,62,15,28,23,25,50,66,69,70,0,5,63,74,84,83,85,36,53,33,65,68,72,73,78,24,26,46,57,58,67,87,31,43,82,12,38,1,2,34,42,45,51,52,76,10,32,30,80,75,13,27,21,29,44,56,61,77,11,17,9,18,22,35,54,71,3,7,88,79,86,41,55,64,14,19,6,60,39,49],"msg_id":270,"type":"read_ok"}}
2025/04/21 10:13:21 Received {n3 n0 {"already_seen":false,"in_reply_to":108,"msg_id":240,"seen_nodes":["n3","n0","n4"],"type":"gossip_ok"}}
2025/04/21 10:13:21 Received {n1 n0 {"already_seen":false,"in_reply_to":109,"msg_id":321,"seen_nodes":["n1","n0","n3","n4","n2"],"type":"gossip_ok"}}
2025/04/21 10:13:22 Received {n1 n0 {"data_id":"c12_32","message":89,"msg_id":195,"seen_nodes":["n1","n2","n4","n0"],"type":"gossip"}}
2025/04/21 10:13:22 Sent {"src":"n0","dest":"n3","body":{"data_id":"c12_32","message":89,"msg_id":110,"seen_nodes":["n0","n1","n2","n4","n3"],"type":"gossip"}}
2025/04/21 10:13:22 Sent {"src":"n0","dest":"n1","body":{"already_seen":false,"in_reply_to":195,"msg_id":273,"seen_nodes":["n0","n1","n2","n4","n3"],"type":"gossip_ok"}}
2025/04/21 10:13:22 Received {n3 n0 {"already_seen":false,"in_reply_to":110,"msg_id":242,"seen_nodes":["n3","n0","n1","n2","n4"],"type":"gossip_ok"}}
2025/04/21 10:13:22 Received {c10 n0 {"type":"read","msg_id":63}}
2025/04/21 10:13:22 Received {n3 n0 {"data_id":"c14_32","message":90,"msg_id":93,"seen_nodes":["n3","n4","n1","n0"],"type":"gossip"}}
2025/04/21 10:13:22 Received {n1 n0 {"data_id":"c14_32","message":90,"msg_id":197,"seen_nodes":["n1","n4","n2","n0"],"type":"gossip"}}
2025/04/21 10:13:22 Sent {"src":"n0","dest":"n3","body":{"data_id":"c14_32","message":90,"msg_id":111,"seen_nodes":["n0","n1","n4","n2","n3"],"type":"gossip"}}
2025/04/21 10:13:22 Sent {"src":"n0","dest":"n3","body":{"already_seen":true,"in_reply_to":93,"msg_id":276,"seen_nodes":["n0","n1","n4","n2","n3"],"type":"gossip_ok"}}
2025/04/21 10:13:22 Sent {"src":"n0","dest":"c10","body":{"in_reply_to":63,"messages":[78,24,26,33,65,68,72,73,31,43,46,57,58,67,87,82,1,2,12,38,76,10,32,34,42,45,51,52,89,30,80,13,27,75,77,11,17,21,29,44,56,61,71,3,7,9,18,22,35,54,79,86,88,14,19,41,55,64,6,60,39,49,81,4,8,16,20,37,48,59,15,28,40,47,62,70,0,5,23,25,50,66,69,36,53,63,74,84,83,85],"msg_id":274,"type":"read_ok"}}
2025/04/21 10:13:22 Sent {"src":"n0","dest":"n1","body":{"already_seen":false,"in_reply_to":197,"msg_id":277,"seen_nodes":["n0","n1","n4","n2","n3"],"type":"gossip_ok"}}
2025/04/21 10:13:22 Received {n3 n0 {"already_seen":true,"in_reply_to":111,"msg_id":246,"seen_nodes":["n3","n4","n1","n0","n2"],"type":"gossip_ok"}}
2025/04/21 10:13:22 Received {c10 n0 {"type":"broadcast","message":91,"msg_id":64}}
2025/04/21 10:13:22 Sent {"src":"n0","dest":"n3","body":{"data_id":"c10_64","message":91,"msg_id":112,"seen_nodes":["n0","n3"],"type":"gossip"}}
2025/04/21 10:13:22 Sent {"src":"n0","dest":"n1","body":{"data_id":"c10_64","message":91,"msg_id":113,"seen_nodes":["n0","n3","n1"],"type":"gossip"}}
2025/04/21 10:13:22 Sent {"src":"n0","dest":"c10","body":{"in_reply_to":64,"msg_id":280,"type":"broadcast_ok"}}
2025/04/21 10:13:22 Received {n1 n0 {"data_id":"c11_34","message":92,"msg_id":200,"seen_nodes":["n1","n4","n2","n0"],"type":"gossip"}}
2025/04/21 10:13:22 Sent {"src":"n0","dest":"n3","body":{"data_id":"c11_34","message":92,"msg_id":114,"seen_nodes":["n0","n1","n4","n2","n3"],"type":"gossip"}}
2025/04/21 10:13:22 Sent {"src":"n0","dest":"n1","body":{"already_seen":false,"in_reply_to":200,"msg_id":282,"seen_nodes":["n0","n1","n4","n2","n3"],"type":"gossip_ok"}}
2025/04/21 10:13:22 Received {n3 n0 {"already_seen":false,"in_reply_to":112,"msg_id":248,"seen_nodes":["n3","n0","n4"],"type":"gossip_ok"}}
2025/04/21 10:13:22 Received {n1 n0 {"already_seen":false,"in_reply_to":113,"msg_id":336,"seen_nodes":["n1","n0","n3","n4","n2"],"type":"gossip_ok"}}
2025/04/21 10:13:22 Received {n3 n0 {"data_id":"c11_34","message":92,"msg_id":95,"seen_nodes":["n3","n4","n1","n0"],"type":"gossip"}}
2025/04/21 10:13:22 Received {n1 n0 {"data_id":"c12_33","message":93,"msg_id":204,"seen_nodes":["n1","n2","n4","n0"],"type":"gossip"}}
2025/04/21 10:13:22 Received {n3 n0 {"already_seen":true,"in_reply_to":114,"msg_id":250,"seen_nodes":["n3","n4","n1","n0"],"type":"gossip_ok"}}
2025/04/21 10:13:22 Sent {"src":"n0","dest":"n3","body":{"already_seen":true,"in_reply_to":95,"msg_id":283,"seen_nodes":["n0","n1","n4","n2","n3"],"type":"gossip_ok"}}
2025/04/21 10:13:22 Sent {"src":"n0","dest":"n3","body":{"data_id":"c12_33","message":93,"msg_id":115,"seen_nodes":["n0","n1","n2","n4","n3"],"type":"gossip"}}
2025/04/21 10:13:22 Sent {"src":"n0","dest":"n1","body":{"already_seen":false,"in_reply_to":204,"msg_id":285,"seen_nodes":["n0","n1","n2","n4","n3"],"type":"gossip_ok"}}
2025/04/21 10:13:23 Received {n3 n0 {"data_id":"c13_33","message":94,"msg_id":96,"seen_nodes":["n3","n0"],"type":"gossip"}}
2025/04/21 10:13:23 Sent {"src":"n0","dest":"n1","body":{"data_id":"c13_33","message":94,"msg_id":116,"seen_nodes":["n0","n3","n1"],"type":"gossip"}}
2025/04/21 10:13:23 Sent {"src":"n0","dest":"n3","body":{"already_seen":false,"in_reply_to":96,"msg_id":287,"seen_nodes":["n0","n3","n1"],"type":"gossip_ok"}}
2025/04/21 10:13:23 Received {n3 n0 {"data_id":"c12_33","message":93,"msg_id":98,"seen_nodes":["n3","n4","n1","n2","n0"],"type":"gossip"}}
2025/04/21 10:13:23 Received {n3 n0 {"already_seen":true,"in_reply_to":115,"msg_id":257,"seen_nodes":["n3","n4","n1","n2","n0"],"type":"gossip_ok"}}
2025/04/21 10:13:23 Sent {"src":"n0","dest":"n3","body":{"already_seen":true,"in_reply_to":98,"msg_id":288,"seen_nodes":["n0","n1","n2","n4","n3"],"type":"gossip_ok"}}
2025/04/21 10:13:23 Received {n1 n0 {"already_seen":false,"in_reply_to":116,"msg_id":344,"seen_nodes":["n1","n0","n3","n4","n2"],"type":"gossip_ok"}}
2025/04/21 10:13:32 Received {c10 n0 {"type":"read","msg_id":65}}
2025/04/21 10:13:32 Sent {"src":"n0","dest":"c10","body":{"in_reply_to":65,"messages":[65,68,72,73,78,24,26,33,57,58,67,87,31,43,46,82,38,1,2,12,42,45,51,52,76,10,32,34,89,30,80,13,27,75,29,44,56,61,77,11,17,21,18,22,35,54,71,3,7,9,93,79,86,88,55,64,14,19,41,6,60,92,39,49,90,20,37,48,59,81,4,8,16,47,62,91,15,28,40,25,50,66,69,70,0,5,23,94,74,84,83,85,36,53,63],"msg_id":289,"type":"read_ok"}}
