2025/04/21 10:13:02 Received {c2 n3 {"type":"init","node_id":"n3","node_ids":["n0","n1","n2","n3","n4"],"msg_id":1}}
2025/04/21 10:13:02 Node n3 initialized
2025/04/21 10:13:02 Sent {"src":"n3","dest":"c2","body":{"in_reply_to":1,"type":"init_ok"}}
2025/04/21 10:13:02 Received {c8 n3 {"type":"topology","topology":{"n0":["n3","n1"],"n1":["n4","n2","n0"],"n2":["n1"],"n3":["n0","n4"],"n4":["n1","n3"]},"msg_id":1}}
2025/04/21 10:13:02 Sent {"src":"n3","dest":"c8","body":{"in_reply_to":1,"msg_id":1,"type":"topology_ok"}}
2025/04/21 10:13:03 Received {c13 n3 {"type":"read","msg_id":1}}
2025/04/21 10:13:03 Sent {"src":"n3","dest":"c13","body":{"in_reply_to":1,"messages":[],"msg_id":2,"type":"read_ok"}}
2025/04/21 10:13:03 Received {n4 n3 {"data_id":"c12_1","message":0,"msg_id":1,"seen_nodes":["n4","n1","n2","n3"],"type":"gossip"}}
2025/04/21 10:13:03 Sent {"src":"n3","dest":"n0","body":{"data_id":"c12_1","message":0,"msg_id":1,"seen_nodes":["n3","n4","n1","n2","n0"],"type":"gossip"}}
2025/04/21 10:13:03 Sent {"src":"n3","dest":"n4","body":{"already_seen":false,"in_reply_to":1,"msg_id":4,"seen_nodes":["n3","n4","n1","n2","n0"],"type":"gossip_ok"}}
2025/04/21 10:13:03 Received {n0 n3 {"data_id":"c12_1","message":0,"msg_id":1,"seen_nodes":["n0","n1","n2","n4","n3"],"type":"gossip"}}
2025/04/21 10:13:03 Sent {"src":"n3","dest":"n0","body":{"already_seen":true,"in_reply_to":1,"msg_id":5,"seen_nodes":["n3","n4","n1","n2","n0"],"type":"gossip_ok"}}
2025/04/21 10:13:03 Received {n0 n3 {"already_seen":true,"in_reply_to":1,"msg_id":5,"seen_nodes":["n0","n1","n2","n4","n3"],"type":"gossip_ok"}}
2025/04/21 10:13:03 Received {n0 n3 {"data_id":"c10_2","message":1,"msg_id":2,"seen_nodes":["n0","n3"],"type":"gossip"}}
2025/04/21 10:13:03 Sent {"src":"n3","dest":"n4","body":{"data_id":"c10_2","message":1,"msg_id":2,"seen_nodes":["n3","n0","n4"],"type":"gossip"}}
2025/04/21 10:13:03 Sent {"src":"n3","dest":"n0","body":{"already_seen":false,"in_reply_to":2,"msg_id":7,"seen_nodes":["n3","n0","n4"],"type":"gossip_ok"}}
2025/04/21 10:13:04 Received {n4 n3 {"already_seen":true,"in_reply_to":2,"msg_id":6,"seen_nodes":["n4","n1","n0","n3"],"type":"gossip_ok"}}
2025/04/21 10:13:04 Received {c13 n3 {"type":"read","msg_id":2}}
2025/04/21 10:13:04 Sent {"src":"n3","dest":"c13","body":{"in_reply_to":2,"messages":[0,1],"msg_id":8,"type":"read_ok"}}
2025/04/21 10:13:04 Received {n4 n3 {"data_id":"c11_2","message":2,"msg_id":2,"seen_nodes":["n4","n1","n3"],"type":"gossip"}}
2025/04/21 10:13:04 Received {n0 n3 {"data_id":"c11_2","message":2,"msg_id":4,"seen_nodes":["n0","n1","n4","n2","n3"],"type":"gossip"}}
2025/04/21 10:13:04 Sent {"src":"n3","dest":"n0","body":{"data_id":"c11_2","message":2,"msg_id":3,"seen_nodes":["n3","n4","n1","n0"],"type":"gossip"}}
2025/04/21 10:13:04 Sent {"src":"n3","dest":"n4","body":{"already_seen":false,"in_reply_to":2,"msg_id":10,"seen_nodes":["n3","n4","n1","n0"],"type":"gossip_ok"}}
2025/04/21 10:13:04 Sent {"src":"n3","dest":"n0","body":{"already_seen":true,"in_reply_to":4,"msg_id":11,"seen_nodes":["n3","n4","n1","n0"],"type":"gossip_ok"}}
2025/04/21 10:13:04 Received {n0 n3 {"already_seen":true,"in_reply_to":3,"msg_id":12,"seen_nodes":["n0","n1","n4","n2","n3"],"type":"gossip_ok"}}
2025/04/21 10:13:04 Received {n0 n3 {"data_id":"c10_4","message":3,"msg_id":5,"seen_nodes":["n0","n3"],"type":"gossip"}}
2025/04/21 10:13:04 Sent {"src":"n3","dest":"n4","body":{"data_id":"c10_4","message":3,"msg_id":4,"seen_nodes":["n3","n0","n4"],"type":"gossip"}}
2025/04/21 10:13:04 Sent {"src":"n3","dest":"n0","body":{"already_seen":false,"in_reply_to":5,"msg_id":13,"seen_nodes":["n3","n0","n4"],"type":"gossip_ok"}}
2025/04/21 10:13:04 Received {n4 n3 {"already_seen":false,"in_reply_to":4,"msg_id":11,"seen_nodes":["n4","n3","n0","n1"],"type":"gossip_ok"}}
2025/04/21 10:13:04 Received {n4 n3 {"data_id":"c11_3","message":4,"msg_id":4,"seen_nodes":["n4","n1","n3"],"type":"gossip"}}
2025/04/21 10:13:04 Received {n0 n3 {"data_id":"c11_3","message":4,"msg_id":7,"seen_nodes":["n0","n1","n4","n2","n3"],"type":"gossip"}}
2025/04/21 10:13:04 Sent {"src":"n3","dest":"n0","body":{"already_seen":false,"in_reply_to":7,"msg_id":14,"seen_nodes":["n3","n0","n1","n4","n2"],"type":"gossip_ok"}}
2025/04/21 10:13:04 Sent {"src":"n3","dest":"n4","body":{"already_seen":true,"in_reply_to":4,"msg_id":15,"seen_nodes":["n3","n0","n1","n4","n2"],"type":"gossip_ok"}}
2025/04/21 10:13:04 Received {c13 n3 {"type":"read","msg_id":3}}
2025/04/21 10:13:04 Sent {"src":"n3","dest":"c13","body":{"in_reply_to":3,"messages":[0,1,2,3,4],"msg_id":16,"type":"read_ok"}}
2025/04/21 10:13:04 Received {n0 n3 {"data_id":"c10_6","message":6,"msg_id":8,"seen_nodes":["n0","n3"],"type":"gossip"}}
2025/04/21 10:13:04 Sent {"src":"n3","dest":"n4","body":{"data_id":"c10_6","message":6,"msg_id":5,"seen_nodes":["n3","n0","n4"],"type":"gossip"}}
2025/04/21 10:13:04 Sent {"src":"n3","dest":"n0","body":{"already_seen":false,"in_reply_to":8,"msg_id":18,"seen_nodes":["n3","n0","n4"],"type":"gossip_ok"}}
2025/04/21 10:13:04 Received {n4 n3 {"data_id":"c12_3","message":5,"msg_id":5,"seen_nodes":["n4","n1","n2","n3"],"type":"gossip"}}
2025/04/21 10:13:04 Received {n0 n3 {"data_id":"c12_3","message":5,"msg_id":10,"seen_nodes":["n0","n1","n2","n4","n3"],"type":"gossip"}}
2025/04/21 10:13:04 Sent {"src":"n3","dest":"n0","body":{"data_id":"c12_3","message":5,"msg_id":6,"seen_nodes":["n3","n4","n1","n2","n0"],"type":"gossip"}}
2025/04/21 10:13:04 Sent {"src":"n3","dest":"n4","body":{"already_seen":false,"in_reply_to":5,"msg_id":20,"seen_nodes":["n3","n4","n1","n2","n0"],"type":"gossip_ok"}}
2025/04/21 10:13:04 Sent {"src":"n3","dest":"n0","body":{"already_seen":true,"in_reply_to":10,"msg_id":21,"seen_nodes":["n3","n4","n1","n2","n0"],"type":"gossip_ok"}}
2025/04/21 10:13:04 Received {n4 n3 {"already_seen":false,"in_reply_to":5,"msg_id":19,"seen_nodes":["n4","n3","n0","n1"],"type":"gossip_ok"}}
2025/04/21 10:13:04 Received {n0 n3 {"already_seen":true,"in_reply_to":6,"msg_id":25,"seen_nodes":["n0","n1","n2","n4","n3"],"type":"gossip_ok"}}
2025/04/21 10:13:05 Received {c13 n3 {"type":"read","msg_id":4}}
2025/04/21 10:13:05 Sent {"src":"n3","dest":"c13","body":{"in_reply_to":4,"messages":[0,1,2,3,4,6,5],"msg_id":22,"type":"read_ok"}}
2025/04/21 10:13:05 Received {n0 n3 {"data_id":"c12_4","message":7,"msg_id":11,"seen_nodes":["n0","n1","n2","n4","n3"],"type":"gossip"}}
2025/04/21 10:13:05 Received {n4 n3 {"data_id":"c12_4","message":7,"msg_id":7,"seen_nodes":["n4","n1","n2","n3"],"type":"gossip"}}
2025/04/21 10:13:05 Sent {"src":"n3","dest":"n0","body":{"already_seen":false,"in_reply_to":11,"msg_id":23,"seen_nodes":["n3","n0","n1","n2","n4"],"type":"gossip_ok"}}
2025/04/21 10:13:05 Sent {"src":"n3","dest":"n4","body":{"already_seen":true,"in_reply_to":7,"msg_id":24,"seen_nodes":["n3","n0","n1","n2","n4"],"type":"gossip_ok"}}
2025/04/21 10:13:05 Received {n4 n3 {"data_id":"c14_4","message":8,"msg_id":9,"seen_nodes":["n4","n1","n3"],"type":"gossip"}}
2025/04/21 10:13:05 Sent {"src":"n3","dest":"n0","body":{"data_id":"c14_4","message":8,"msg_id":7,"seen_nodes":["n3","n4","n1","n0"],"type":"gossip"}}
2025/04/21 10:13:05 Sent {"src":"n3","dest":"n4","body":{"already_seen":false,"in_reply_to":9,"msg_id":26,"seen_nodes":["n3","n4","n1","n0"],"type":"gossip_ok"}}
2025/04/21 10:13:05 Received {n0 n3 {"data_id":"c14_4","message":8,"msg_id":12,"seen_nodes":["n0","n1","n4","n2","n3"],"type":"gossip"}}
2025/04/21 10:13:05 Sent {"src":"n3","dest":"n0","body":{"already_seen":true,"in_reply_to":12,"msg_id":27,"seen_nodes":["n3","n4","n1","n0"],"type":"gossip_ok"}}
2025/04/21 10:13:05 Received {n0 n3 {"already_seen":true,"in_reply_to":7,"msg_id":31,"seen_nodes":["n0","n1","n4","n2","n3"],"type":"gossip_ok"}}
2025/04/21 10:13:05 Received {n4 n3 {"data_id":"c11_5","message":9,"msg_id":10,"seen_nodes":["n4","n1","n3"],"type":"gossip"}}
2025/04/21 10:13:05 Received {c13 n3 {"type":"read","msg_id":5}}
2025/04/21 10:13:05 Received {n0 n3 {"data_id":"c11_5","message":9,"msg_id":13,"seen_nodes":["n0","n1","n4","n2","n3"],"type":"gossip"}}
2025/04/21 10:13:05 Sent {"src":"n3","dest":"n0","body":{"data_id":"c11_5","message":9,"msg_id":8,"seen_nodes":["n3","n4","n1","n0"],"type":"gossip"}}
2025/04/21 10:13:05 Sent {"src":"n3","dest":"c13","body":{"in_reply_to":5,"messages":[9,1,3,4,6,5,7,0,2,8],"msg_id":29,"type":"read_ok"}}
2025/04/21 10:13:05 Sent {"src":"n3","dest":"n4","body":{"already_seen":false,"in_reply_to":10,"msg_id":30,"seen_nodes":["n3","n4","n1","n0"],"type":"gossip_ok"}}
2025/04/21 10:13:05 Sent {"src":"n3","dest":"n0","body":{"already_seen":true,"in_reply_to":13,"msg_id":31,"seen_nodes":["n3","n4","n1","n0"],"type":"gossip_ok"}}
2025/04/21 10:13:05 Received {n0 n3 {"already_seen":true,"in_reply_to":8,"msg_id":35,"seen_nodes":["n0","n1","n4","n2","n3"],"type":"gossip_ok"}}
2025/04/21 10:13:05 Received {n0 n3 {"data_id":"c10_10","message":10,"msg_id":14,"seen_nodes":["n0","n3"],"type":"gossip"}}
2025/04/21 10:13:05 Sent {"src":"n3","dest":"n4","body":{"data_id":"c10_10","message":10,"msg_id":9,"seen_nodes":["n3","n0","n4"],"type":"gossip"}}
2025/04/21 10:13:05 Sent {"src":"n3","dest":"n0","body":{"already_seen":false,"in_reply_to":14,"msg_id":33,"seen_nodes":["n3","n0","n4"],"type":"gossip_ok"}}
2025/04/21 10:13:06 Received {c13 n3 {"type":"broadcast","message":11,"msg_id":6}}
2025/04/21 10:13:06 Sent {"src":"n3","dest":"n0","body":{"data_id":"c13_6","message":11,"msg_id":10,"seen_nodes":["n3","n0"],"type":"gossip"}}
2025/04/21 10:13:06 Sent {"src":"n3","dest":"n4","body":{"data_id":"c13_6","message":11,"msg_id":11,"seen_nodes":["n3","n0","n4"],"type":"gossip"}}
2025/04/21 10:13:06 Sent {"src":"n3","dest":"c13","body":{"in_reply_to":6,"msg_id":36,"type":"broadcast_ok"}}
2025/04/21 10:13:06 Received {n4 n3 {"already_seen":true,"in_reply_to":9,"msg_id":30,"seen_nodes":["n4","n1","n0","n3"],"type":"gossip_ok"}}
2025/04/21 10:13:06 Received {n0 n3 {"already_seen":false,"in_reply_to":10,"msg_id":41,"seen_nodes":["n0","n3","n1"],"type":"gossip_ok"}}
2025/04/21 10:13:06 Received {n4 n3 {"data_id":"c14_6","message":12,"msg_id":13,"seen_nodes":["n4","n1","n3"],"type":"gossip"}}
2025/04/21 10:13:06 Received {n0 n3 {"data_id":"c10_12","message":13,"msg_id":17,"seen_nodes":["n0","n3"],"type":"gossip"}}
2025/04/21 10:13:06 Received {n4 n3 {"already_seen":false,"in_reply_to":11,"msg_id":34,"seen_nodes":["n4","n3","n0","n1"],"type":"gossip_ok"}}
2025/04/21 10:13:06 Sent {"src":"n3","dest":"n0","body":{"data_id":"c14_6","message":12,"msg_id":12,"seen_nodes":["n3","n4","n1","n0"],"type":"gossip"}}
2025/04/21 10:13:06 Sent {"src":"n3","dest":"n4","body":{"already_seen":false,"in_reply_to":13,"msg_id":38,"seen_nodes":["n3","n4","n1","n0"],"type":"gossip_ok"}}
2025/04/21 10:13:06 Sent {"src":"n3","dest":"n4","body":{"data_id":"c10_12","message":13,"msg_id":13,"seen_nodes":["n3","n0","n4"],"type":"gossip"}}
2025/04/21 10:13:06 Sent {"src":"n3","dest":"n0","body":{"already_seen":false,"in_reply_to":17,"msg_id":40,"seen_nodes":["n3","n0","n4"],"type":"gossip_ok"}}
2025/04/21 10:13:06 Received {n0 n3 {"already_seen":false,"in_reply_to":12,"msg_id":46,"seen_nodes":["n0","n3","n4","n1"],"type":"gossip_ok"}}
2025/04/21 10:13:06 Received {n4 n3 {"already_seen":false,"in_reply_to":13,"msg_id":38,"seen_nodes":["n4","n3","n0","n1"],"type":"gossip_ok"}}
2025/04/21 10:13:06 Received {n4 n3 {"data_id":"c11_7","message":14,"msg_id":15,"seen_nodes":["n4","n1","n3"],"type":"gossip"}}
2025/04/21 10:13:06 Received {n0 n3 {"data_id":"c11_7","message":14,"msg_id":19,"seen_nodes":["n0","n1","n4","n2","n3"],"type":"gossip"}}
2025/04/21 10:13:06 Sent {"src":"n3","dest":"n0","body":{"data_id":"c11_7","message":14,"msg_id":14,"seen_nodes":["n3","n4","n1","n0"],"type":"gossip"}}
2025/04/21 10:13:06 Sent {"src":"n3","dest":"n0","body":{"already_seen":true,"in_reply_to":19,"msg_id":43,"seen_nodes":["n3","n4","n1","n0"],"type":"gossip_ok"}}
2025/04/21 10:13:06 Sent {"src":"n3","dest":"n4","body":{"already_seen":false,"in_reply_to":15,"msg_id":42,"seen_nodes":["n3","n4","n1","n0"],"type":"gossip_ok"}}
2025/04/21 10:13:06 Received {n0 n3 {"already_seen":true,"in_reply_to":14,"msg_id":50,"seen_nodes":["n0","n1","n4","n2","n3"],"type":"gossip_ok"}}
2025/04/21 10:13:06 Received {c13 n3 {"type":"read","msg_id":7}}
2025/04/21 10:13:06 Sent {"src":"n3","dest":"c13","body":{"in_reply_to":7,"messages":[1,4,6,7,12,0,3,5,9,11,13,2,8,10,14],"msg_id":44,"type":"read_ok"}}
2025/04/21 10:13:06 Received {n4 n3 {"data_id":"c14_7","message":15,"msg_id":17,"seen_nodes":["n4","n1","n3"],"type":"gossip"}}
2025/04/21 10:13:06 Sent {"src":"n3","dest":"n0","body":{"data_id":"c14_7","message":15,"msg_id":15,"seen_nodes":["n3","n4","n1","n0"],"type":"gossip"}}
2025/04/21 10:13:06 Sent {"src":"n3","dest":"n4","body":{"already_seen":false,"in_reply_to":17,"msg_id":46,"seen_nodes":["n3","n4","n1","n0"],"type":"gossip_ok"}}
2025/04/21 10:13:06 Received {n0 n3 {"data_id":"c10_14","message":16,"msg_id":20,"seen_nodes":["n0","n3"],"type":"gossip"}}
2025/04/21 10:13:06 Sent {"src":"n3","dest":"n4","body":{"data_id":"c10_14","message":16,"msg_id":16,"seen_nodes":["n3","n0","n4"],"type":"gossip"}}
2025/04/21 10:13:06 Sent {"src":"n3","dest":"n0","body":{"already_seen":false,"in_reply_to":20,"msg_id":48,"seen_nodes":["n3","n0","n4"],"type":"gossip_ok"}}
2025/04/21 10:13:07 Received {n0 n3 {"already_seen":false,"in_reply_to":15,"msg_id":54,"seen_nodes":["n0","n3","n4","n1"],"type":"gossip_ok"}}
2025/04/21 10:13:07 Received {n4 n3 {"already_seen":false,"in_reply_to":16,"msg_id":46,"seen_nodes":["n4","n3","n0","n1"],"type":"gossip_ok"}}
2025/04/21 10:13:07 Received {n4 n3 {"data_id":"c11_8","message":17,"msg_id":19,"seen_nodes":["n4","n1","n3"],"type":"gossip"}}
2025/04/21 10:13:07 Received {c13 n3 {"type":"read","msg_id":8}}
2025/04/21 10:13:07 Sent {"src":"n3","dest":"n0","body":{"data_id":"c11_8","message":17,"msg_id":17,"seen_nodes":["n3","n4","n1","n0"],"type":"gossip"}}
2025/04/21 10:13:07 Received {n0 n3 {"data_id":"c11_8","message":17,"msg_id":22,"seen_nodes":["n0","n1","n4","n2","n3"],"type":"gossip"}}
2025/04/21 10:13:07 Sent {"src":"n3","dest":"c13","body":{"in_reply_to":8,"messages":[16,2,8,10,14,12,15,1,4,6,7,0,17,13,3,5,9,11],"msg_id":50,"type":"read_ok"}}
2025/04/21 10:13:07 Sent {"src":"n3","dest":"n4","body":{"already_seen":false,"in_reply_to":19,"msg_id":51,"seen_nodes":["n3","n4","n1","n0"],"type":"gossip_ok"}}
2025/04/21 10:13:07 Sent {"src":"n3","dest":"n0","body":{"already_seen":true,"in_reply_to":22,"msg_id":52,"seen_nodes":["n3","n4","n1","n0"],"type":"gossip_ok"}}
2025/04/21 10:13:07 Received {n0 n3 {"already_seen":true,"in_reply_to":17,"msg_id":59,"seen_nodes":["n0","n1","n4","n2","n3"],"type":"gossip_ok"}}
2025/04/21 10:13:07 Received {n4 n3 {"data_id":"c14_8","message":19,"msg_id":21,"seen_nodes":["n4","n1","n3"],"type":"gossip"}}
2025/04/21 10:13:07 Sent {"src":"n3","dest":"n0","body":{"data_id":"c14_8","message":19,"msg_id":18,"seen_nodes":["n3","n4","n1","n0"],"type":"gossip"}}
2025/04/21 10:13:07 Sent {"src":"n3","dest":"n4","body":{"already_seen":false,"in_reply_to":21,"msg_id":54,"seen_nodes":["n3","n4","n1","n0"],"type":"gossip_ok"}}
2025/04/21 10:13:07 Received {n4 n3 {"data_id":"c12_8","message":18,"msg_id":22,"seen_nodes":["n4","n1","n2","n3"],"type":"gossip"}}
2025/04/21 10:13:07 Received {n0 n3 {"data_id":"c10_16","message":20,"msg_id":24,"seen_nodes":["n0","n3"],"type":"gossip"}}
2025/04/21 10:13:07 Received {n0 n3 {"data_id":"c12_8","message":18,"msg_id":23,"seen_nodes":["n0","n1","n2","n4","n3"],"type":"gossip"}}
2025/04/21 10:13:07 Sent {"src":"n3","dest":"n0","body":{"data_id":"c12_8","message":18,"msg_id":19,"seen_nodes":["n3","n4","n1","n2","n0"],"type":"gossip"}}
2025/04/21 10:13:07 Sent {"src":"n3","dest":"n4","body":{"data_id":"c10_16","message":20,"msg_id":20,"seen_nodes":["n3","n0","n4"],"type":"gossip"}}
2025/04/21 10:13:07 Sent {"src":"n3","dest":"n0","body":{"already_seen":true,"in_reply_to":23,"msg_id":57,"seen_nodes":["n3","n4","n1","n2","n0"],"type":"gossip_ok"}}
2025/04/21 10:13:07 Sent {"src":"n3","dest":"n0","body":{"already_seen":false,"in_reply_to":24,"msg_id":59,"seen_nodes":["n3","n0","n4"],"type":"gossip_ok"}}
2025/04/21 10:13:07 Sent {"src":"n3","dest":"n4","body":{"already_seen":false,"in_reply_to":22,"msg_id":58,"seen_nodes":["n3","n4","n1","n2","n0"],"type":"gossip_ok"}}
2025/04/21 10:13:07 Received {n0 n3 {"data_id":"c10_17","message":21,"msg_id":26,"seen_nodes":["n0","n3"],"type":"gossip"}}
2025/04/21 10:13:07 Sent {"src":"n3","dest":"n4","body":{"data_id":"c10_17","message":21,"msg_id":21,"seen_nodes":["n3","n0","n4"],"type":"gossip"}}
2025/04/21 10:13:07 Sent {"src":"n3","dest":"n0","body":{"already_seen":false,"in_reply_to":26,"msg_id":61,"seen_nodes":["n3","n0","n4"],"type":"gossip_ok"}}
2025/04/21 10:13:07 Received {n0 n3 {"already_seen":false,"in_reply_to":18,"msg_id":68,"seen_nodes":["n0","n3","n4","n1"],"type":"gossip_ok"}}
2025/04/21 10:13:07 Received {n0 n3 {"already_seen":true,"in_reply_to":19,"msg_id":70,"seen_nodes":["n0","n1","n2","n4","n3"],"type":"gossip_ok"}}
2025/04/21 10:13:07 Received {n4 n3 {"already_seen":true,"in_reply_to":20,"msg_id":56,"seen_nodes":["n4","n1","n0","n3"],"type":"gossip_ok"}}
2025/04/21 10:13:07 Received {n4 n3 {"already_seen":false,"in_reply_to":21,"msg_id":59,"seen_nodes":["n4","n3","n0","n1"],"type":"gossip_ok"}}
2025/04/21 10:13:07 Received {n4 n3 {"data_id":"c11_9","message":22,"msg_id":24,"seen_nodes":["n4","n1","n3"],"type":"gossip"}}
2025/04/21 10:13:07 Received {c13 n3 {"type":"read","msg_id":9}}
2025/04/21 10:13:07 Received {n0 n3 {"data_id":"c11_9","message":22,"msg_id":28,"seen_nodes":["n0","n1","n4","n2","n3"],"type":"gossip"}}
2025/04/21 10:13:07 Sent {"src":"n3","dest":"n0","body":{"data_id":"c11_9","message":22,"msg_id":22,"seen_nodes":["n3","n4","n1","n0"],"type":"gossip"}}
2025/04/21 10:13:07 Sent {"src":"n3","dest":"n4","body":{"already_seen":false,"in_reply_to":24,"msg_id":63,"seen_nodes":["n3","n4","n1","n0"],"type":"gossip_ok"}}
2025/04/21 10:13:07 Sent {"src":"n3","dest":"n0","body":{"already_seen":true,"in_reply_to":28,"msg_id":64,"seen_nodes":["n3","n4","n1","n0"],"type":"gossip_ok"}}
2025/04/21 10:13:07 Sent {"src":"n3","dest":"c13","body":{"in_reply_to":9,"messages":[0,17,21,3,5,9,11,13,18,20,2,8,10,14,16,19,22,1,4,6,7,12,15],"msg_id":65,"type":"read_ok"}}
2025/04/21 10:13:08 Received {n0 n3 {"already_seen":true,"in_reply_to":22,"msg_id":73,"seen_nodes":["n0","n1","n4","n2","n3"],"type":"gossip_ok"}}
2025/04/21 10:13:08 Received {n0 n3 {"data_id":"c10_19","message":23,"msg_id":29,"seen_nodes":["n0","n3"],"type":"gossip"}}
2025/04/21 10:13:08 Sent {"src":"n3","dest":"n4","body":{"data_id":"c10_19","message":23,"msg_id":23,"seen_nodes":["n3","n0","n4"],"type":"gossip"}}
2025/04/21 10:13:08 Sent {"src":"n3","dest":"n0","body":{"already_seen":false,"in_reply_to":29,"msg_id":67,"seen_nodes":["n3","n0","n4"],"type":"gossip_ok"}}
2025/04/21 10:13:08 Received {n4 n3 {"already_seen":true,"in_reply_to":23,"msg_id":64,"seen_nodes":["n4","n1","n0","n3"],"type":"gossip_ok"}}
2025/04/21 10:13:08 Received {n0 n3 {"data_id":"c11_10","message":24,"msg_id":31,"seen_nodes":["n0","n1","n4","n2","n3"],"type":"gossip"}}
2025/04/21 10:13:08 Received {n4 n3 {"data_id":"c11_10","message":24,"msg_id":25,"seen_nodes":["n4","n1","n3"],"type":"gossip"}}
2025/04/21 10:13:08 Sent {"src":"n3","dest":"n0","body":{"already_seen":false,"in_reply_to":31,"msg_id":68,"seen_nodes":["n3","n0","n1","n4","n2"],"type":"gossip_ok"}}
2025/04/21 10:13:08 Sent {"src":"n3","dest":"n4","body":{"already_seen":true,"in_reply_to":25,"msg_id":69,"seen_nodes":["n3","n0","n1","n4","n2"],"type":"gossip_ok"}}
2025/04/21 10:13:08 Received {c13 n3 {"type":"broadcast","message":25,"msg_id":10}}
2025/04/21 10:13:08 Sent {"src":"n3","dest":"n0","body":{"data_id":"c13_10","message":25,"msg_id":24,"seen_nodes":["n3","n0"],"type":"gossip"}}
2025/04/21 10:13:08 Sent {"src":"n3","dest":"n4","body":{"data_id":"c13_10","message":25,"msg_id":25,"seen_nodes":["n3","n0","n4"],"type":"gossip"}}
2025/04/21 10:13:08 Sent {"src":"n3","dest":"c13","body":{"in_reply_to":10,"msg_id":72,"type":"broadcast_ok"}}
2025/04/21 10:13:08 Received {n0 n3 {"already_seen":false,"in_reply_to":24,"msg_id":81,"seen_nodes":["n0","n3","n1"],"type":"gossip_ok"}}
2025/04/21 10:13:08 Received {n4 n3 {"already_seen":false,"in_reply_to":25,"msg_id":69,"seen_nodes":["n4","n3","n0","n1"],"type":"gossip_ok"}}
2025/04/21 10:13:08 Received {n0 n3 {"data_id":"c10_20","message":26,"msg_id":33,"seen_nodes":["n0","n3"],"type":"gossip"}}
2025/04/21 10:13:08 Sent {"src":"n3","dest":"n4","body":{"data_id":"c10_20","message":26,"msg_id":26,"seen_nodes":["n3","n0","n4"],"type":"gossip"}}
2025/04/21 10:13:08 Sent {"src":"n3","dest":"n0","body":{"already_seen":false,"in_reply_to":33,"msg_id":74,"seen_nodes":["n3","n0","n4"],"type":"gossip_ok"}}
2025/04/21 10:13:08 Received {n4 n3 {"already_seen":true,"in_reply_to":26,"msg_id":71,"seen_nodes":["n4","n1","n0","n3"],"type":"gossip_ok"}}
2025/04/21 10:13:08 Received {c13 n3 {"type":"read","msg_id":11}}
2025/04/21 10:13:08 Sent {"src":"n3","dest":"c13","body":{"in_reply_to":11,"messages":[20,2,16,1,6,12,15,22,0,17,5,11,13,18,26,19,23,8,10,14,25,4,7,21,3,9,24],"msg_id":75,"type":"read_ok"}}
2025/04/21 10:13:09 Received {n4 n3 {"data_id":"c12_11","message":27,"msg_id":27,"seen_nodes":["n4","n1","n2","n3"],"type":"gossip"}}
2025/04/21 10:13:09 Received {n0 n3 {"data_id":"c12_11","message":27,"msg_id":35,"seen_nodes":["n0","n1","n2","n4","n3"],"type":"gossip"}}
2025/04/21 10:13:09 Sent {"src":"n3","dest":"n4","body":{"already_seen":true,"in_reply_to":27,"msg_id":77,"seen_nodes":["n3","n0","n1","n2","n4"],"type":"gossip_ok"}}
2025/04/21 10:13:09 Sent {"src":"n3","dest":"n0","body":{"already_seen":false,"in_reply_to":35,"msg_id":76,"seen_nodes":["n3","n0","n1","n2","n4"],"type":"gossip_ok"}}
2025/04/21 10:13:09 Received {n4 n3 {"data_id":"c14_11","message":28,"msg_id":29,"seen_nodes":["n4","n1","n3"],"type":"gossip"}}
2025/04/21 10:13:09 Sent {"src":"n3","dest":"n0","body":{"data_id":"c14_11","message":28,"msg_id":27,"seen_nodes":["n3","n4","n1","n0"],"type":"gossip"}}
2025/04/21 10:13:09 Sent {"src":"n3","dest":"n4","body":{"already_seen":false,"in_reply_to":29,"msg_id":79,"seen_nodes":["n3","n4","n1","n0"],"type":"gossip_ok"}}
2025/04/21 10:13:09 Received {n0 n3 {"data_id":"c10_22","message":29,"msg_id":36,"seen_nodes":["n0","n3"],"type":"gossip"}}
2025/04/21 10:13:09 Sent {"src":"n3","dest":"n4","body":{"data_id":"c10_22","message":29,"msg_id":28,"seen_nodes":["n3","n0","n4"],"type":"gossip"}}
2025/04/21 10:13:09 Sent {"src":"n3","dest":"n0","body":{"already_seen":false,"in_reply_to":36,"msg_id":81,"seen_nodes":["n3","n0","n4"],"type":"gossip_ok"}}
2025/04/21 10:13:09 Received {n0 n3 {"data_id":"c14_11","message":28,"msg_id":38,"seen_nodes":["n0","n1","n4","n2","n3"],"type":"gossip"}}
2025/04/21 10:13:09 Received {n0 n3 {"already_seen":true,"in_reply_to":27,"msg_id":93,"seen_nodes":["n0","n1","n4","n2","n3"],"type":"gossip_ok"}}
2025/04/21 10:13:09 Received {n0 n3 {"data_id":"c10_23","message":30,"msg_id":39,"seen_nodes":["n0","n3"],"type":"gossip"}}
2025/04/21 10:13:09 Sent {"src":"n3","dest":"n0","body":{"already_seen":true,"in_reply_to":38,"msg_id":82,"seen_nodes":["n3","n4","n1","n0"],"type":"gossip_ok"}}
2025/04/21 10:13:09 Sent {"src":"n3","dest":"n4","body":{"data_id":"c10_23","message":30,"msg_id":29,"seen_nodes":["n3","n0","n4"],"type":"gossip"}}
2025/04/21 10:13:09 Sent {"src":"n3","dest":"n0","body":{"already_seen":false,"in_reply_to":39,"msg_id":84,"seen_nodes":["n3","n0","n4"],"type":"gossip_ok"}}
2025/04/21 10:13:09 Received {n4 n3 {"already_seen":false,"in_reply_to":28,"msg_id":79,"seen_nodes":["n4","n3","n0","n1"],"type":"gossip_ok"}}
2025/04/21 10:13:09 Received {n0 n3 {"data_id":"c11_12","message":31,"msg_id":41,"seen_nodes":["n0","n1","n4","n2","n3"],"type":"gossip"}}
2025/04/21 10:13:09 Received {n4 n3 {"data_id":"c11_12","message":31,"msg_id":31,"seen_nodes":["n4","n1","n3"],"type":"gossip"}}
2025/04/21 10:13:09 Received {n4 n3 {"already_seen":true,"in_reply_to":29,"msg_id":82,"seen_nodes":["n4","n1","n0","n3"],"type":"gossip_ok"}}
2025/04/21 10:13:09 Sent {"src":"n3","dest":"n0","body":{"already_seen":false,"in_reply_to":41,"msg_id":85,"seen_nodes":["n3","n0","n1","n4","n2"],"type":"gossip_ok"}}
2025/04/21 10:13:09 Sent {"src":"n3","dest":"n4","body":{"already_seen":true,"in_reply_to":31,"msg_id":86,"seen_nodes":["n3","n0","n1","n4","n2"],"type":"gossip_ok"}}
2025/04/21 10:13:09 Received {c13 n3 {"type":"broadcast","message":32,"msg_id":12}}
2025/04/21 10:13:09 Sent {"src":"n3","dest":"n0","body":{"data_id":"c13_12","message":32,"msg_id":30,"seen_nodes":["n3","n0"],"type":"gossip"}}
2025/04/21 10:13:09 Sent {"src":"n3","dest":"n4","body":{"data_id":"c13_12","message":32,"msg_id":31,"seen_nodes":["n3","n0","n4"],"type":"gossip"}}
2025/04/21 10:13:09 Sent {"src":"n3","dest":"c13","body":{"in_reply_to":12,"msg_id":89,"type":"broadcast_ok"}}
2025/04/21 10:13:09 Received {n0 n3 {"already_seen":false,"in_reply_to":30,"msg_id":100,"seen_nodes":["n0","n3","n1"],"type":"gossip_ok"}}
2025/04/21 10:13:09 Received {n4 n3 {"already_seen":false,"in_reply_to":31,"msg_id":85,"seen_nodes":["n4","n3","n0","n1"],"type":"gossip_ok"}}
2025/04/21 10:13:10 Received {n0 n3 {"data_id":"c10_25","message":33,"msg_id":43,"seen_nodes":["n0","n3"],"type":"gossip"}}
2025/04/21 10:13:10 Sent {"src":"n3","dest":"n4","body":{"data_id":"c10_25","message":33,"msg_id":32,"seen_nodes":["n3","n0","n4"],"type":"gossip"}}
2025/04/21 10:13:10 Sent {"src":"n3","dest":"n0","body":{"already_seen":false,"in_reply_to":43,"msg_id":91,"seen_nodes":["n3","n0","n4"],"type":"gossip_ok"}}
2025/04/21 10:13:10 Received {n0 n3 {"data_id":"c11_13","message":34,"msg_id":45,"seen_nodes":["n0","n1","n4","n2","n3"],"type":"gossip"}}
2025/04/21 10:13:10 Received {n4 n3 {"already_seen":true,"in_reply_to":32,"msg_id":89,"seen_nodes":["n4","n1","n0","n3"],"type":"gossip_ok"}}
2025/04/21 10:13:10 Received {n4 n3 {"data_id":"c11_13","message":34,"msg_id":33,"seen_nodes":["n4","n1","n3"],"type":"gossip"}}
2025/04/21 10:13:10 Sent {"src":"n3","dest":"n0","body":{"already_seen":false,"in_reply_to":45,"msg_id":92,"seen_nodes":["n3","n0","n1","n4","n2"],"type":"gossip_ok"}}
2025/04/21 10:13:10 Sent {"src":"n3","dest":"n4","body":{"already_seen":true,"in_reply_to":33,"msg_id":93,"seen_nodes":["n3","n0","n1","n4","n2"],"type":"gossip_ok"}}
2025/04/21 10:13:10 Received {c13 n3 {"type":"read","msg_id":13}}
2025/04/21 10:13:10 Sent {"src":"n3","dest":"c13","body":{"in_reply_to":13,"messages":[4,7,21,30,33,3,9,24,27,28,2,16,20,34,1,6,12,15,22,29,32,0,17,5,11,13,18,26,31,8,10,14,19,23,25],"msg_id":94,"type":"read_ok"}}
2025/04/21 10:13:10 Received {n4 n3 {"data_id":"c14_13","message":35,"msg_id":35,"seen_nodes":["n4","n1","n3"],"type":"gossip"}}
2025/04/21 10:13:10 Sent {"src":"n3","dest":"n0","body":{"data_id":"c14_13","message":35,"msg_id":33,"seen_nodes":["n3","n4","n1","n0"],"type":"gossip"}}
2025/04/21 10:13:10 Sent {"src":"n3","dest":"n4","body":{"already_seen":false,"in_reply_to":35,"msg_id":96,"seen_nodes":["n3","n4","n1","n0"],"type":"gossip_ok"}}
2025/04/21 10:13:10 Received {n0 n3 {"already_seen":false,"in_reply_to":33,"msg_id":107,"seen_nodes":["n0","n3","n4","n1"],"type":"gossip_ok"}}
2025/04/21 10:13:10 Received {n0 n3 {"data_id":"c10_26","message":36,"msg_id":46,"seen_nodes":["n0","n3"],"type":"gossip"}}
2025/04/21 10:13:10 Sent {"src":"n3","dest":"n4","body":{"data_id":"c10_26","message":36,"msg_id":34,"seen_nodes":["n3","n0","n4"],"type":"gossip"}}
2025/04/21 10:13:10 Sent {"src":"n3","dest":"n0","body":{"already_seen":false,"in_reply_to":46,"msg_id":98,"seen_nodes":["n3","n0","n4"],"type":"gossip_ok"}}
2025/04/21 10:13:11 Received {n0 n3 {"data_id":"c10_27","message":37,"msg_id":48,"seen_nodes":["n0","n3"],"type":"gossip"}}
2025/04/21 10:13:11 Sent {"src":"n3","dest":"n4","body":{"data_id":"c10_27","message":37,"msg_id":35,"seen_nodes":["n3","n0","n4"],"type":"gossip"}}
2025/04/21 10:13:11 Sent {"src":"n3","dest":"n0","body":{"already_seen":false,"in_reply_to":48,"msg_id":100,"seen_nodes":["n3","n0","n4"],"type":"gossip_ok"}}
2025/04/21 10:13:11 Received {n4 n3 {"already_seen":true,"in_reply_to":34,"msg_id":96,"seen_nodes":["n4","n1","n0","n3"],"type":"gossip_ok"}}
2025/04/21 10:13:11 Received {n4 n3 {"already_seen":true,"in_reply_to":35,"msg_id":98,"seen_nodes":["n4","n1","n0","n3"],"type":"gossip_ok"}}
2025/04/21 10:13:11 Received {c13 n3 {"type":"broadcast","message":39,"msg_id":14}}
2025/04/21 10:13:11 Sent {"src":"n3","dest":"n0","body":{"data_id":"c13_14","message":39,"msg_id":36,"seen_nodes":["n3","n0"],"type":"gossip"}}
2025/04/21 10:13:11 Sent {"src":"n3","dest":"n4","body":{"data_id":"c13_14","message":39,"msg_id":37,"seen_nodes":["n3","n0","n4"],"type":"gossip"}}
2025/04/21 10:13:11 Sent {"src":"n3","dest":"c13","body":{"in_reply_to":14,"msg_id":103,"type":"broadcast_ok"}}
2025/04/21 10:13:11 Received {n0 n3 {"data_id":"c10_28","message":41,"msg_id":51,"seen_nodes":["n0","n3"],"type":"gossip"}}
2025/04/21 10:13:11 Received {n4 n3 {"data_id":"c14_14","message":40,"msg_id":38,"seen_nodes":["n4","n1","n3"],"type":"gossip"}}
2025/04/21 10:13:11 Received {n4 n3 {"data_id":"c12_14","message":38,"msg_id":36,"seen_nodes":["n4","n1","n2","n3"],"type":"gossip"}}
2025/04/21 10:13:11 Sent {"src":"n3","dest":"n4","body":{"data_id":"c10_28","message":41,"msg_id":38,"seen_nodes":["n3","n0","n4"],"type":"gossip"}}
2025/04/21 10:13:11 Sent {"src":"n3","dest":"n0","body":{"already_seen":false,"in_reply_to":51,"msg_id":106,"seen_nodes":["n3","n0","n4"],"type":"gossip_ok"}}
2025/04/21 10:13:11 Sent {"src":"n3","dest":"n0","body":{"data_id":"c12_14","message":38,"msg_id":39,"seen_nodes":["n3","n4","n1","n2","n0"],"type":"gossip"}}
2025/04/21 10:13:11 Sent {"src":"n3","dest":"n4","body":{"already_seen":false,"in_reply_to":36,"msg_id":108,"seen_nodes":["n3","n4","n1","n2","n0"],"type":"gossip_ok"}}
2025/04/21 10:13:11 Sent {"src":"n3","dest":"n0","body":{"data_id":"c14_14","message":40,"msg_id":40,"seen_nodes":["n3","n4","n1","n0"],"type":"gossip"}}
2025/04/21 10:13:11 Received {n0 n3 {"already_seen":false,"in_reply_to":36,"msg_id":120,"seen_nodes":["n0","n3","n1"],"type":"gossip_ok"}}
2025/04/21 10:13:11 Sent {"src":"n3","dest":"n4","body":{"already_seen":false,"in_reply_to":38,"msg_id":109,"seen_nodes":["n3","n4","n1","n0"],"type":"gossip_ok"}}
2025/04/21 10:13:11 Received {n0 n3 {"data_id":"c12_14","message":38,"msg_id":53,"seen_nodes":["n0","n1","n2","n4","n3"],"type":"gossip"}}
2025/04/21 10:13:11 Received {n4 n3 {"already_seen":false,"in_reply_to":37,"msg_id":105,"seen_nodes":["n4","n3","n0","n1"],"type":"gossip_ok"}}
2025/04/21 10:13:11 Sent {"src":"n3","dest":"n0","body":{"already_seen":true,"in_reply_to":53,"msg_id":110,"seen_nodes":["n3","n4","n1","n2","n0"],"type":"gossip_ok"}}
2025/04/21 10:13:11 Received {n4 n3 {"already_seen":false,"in_reply_to":38,"msg_id":107,"seen_nodes":["n4","n3","n0","n1"],"type":"gossip_ok"}}
2025/04/21 10:13:11 Received {n0 n3 {"already_seen":true,"in_reply_to":39,"msg_id":123,"seen_nodes":["n0","n1","n2","n4","n3"],"type":"gossip_ok"}}
2025/04/21 10:13:11 Received {n0 n3 {"data_id":"c14_14","message":40,"msg_id":54,"seen_nodes":["n0","n1","n4","n2","n3"],"type":"gossip"}}
2025/04/21 10:13:11 Received {n0 n3 {"already_seen":true,"in_reply_to":40,"msg_id":126,"seen_nodes":["n0","n1","n4","n2","n3"],"type":"gossip_ok"}}
2025/04/21 10:13:11 Sent {"src":"n3","dest":"n0","body":{"already_seen":true,"in_reply_to":54,"msg_id":111,"seen_nodes":["n3","n4","n1","n0"],"type":"gossip_ok"}}
2025/04/21 10:13:11 Received {n4 n3 {"data_id":"c11_15","message":42,"msg_id":41,"seen_nodes":["n4","n1","n3"],"type":"gossip"}}
2025/04/21 10:13:11 Received {n0 n3 {"data_id":"c11_15","message":42,"msg_id":55,"seen_nodes":["n0","n1","n4","n2","n3"],"type":"gossip"}}
2025/04/21 10:13:11 Sent {"src":"n3","dest":"n0","body":{"data_id":"c11_15","message":42,"msg_id":41,"seen_nodes":["n3","n4","n1","n0"],"type":"gossip"}}
2025/04/21 10:13:11 Sent {"src":"n3","dest":"n0","body":{"already_seen":true,"in_reply_to":55,"msg_id":113,"seen_nodes":["n3","n4","n1","n0"],"type":"gossip_ok"}}
2025/04/21 10:13:11 Sent {"src":"n3","dest":"n4","body":{"already_seen":false,"in_reply_to":41,"msg_id":114,"seen_nodes":["n3","n4","n1","n0"],"type":"gossip_ok"}}
2025/04/21 10:13:12 Received {n0 n3 {"already_seen":true,"in_reply_to":41,"msg_id":129,"seen_nodes":["n0","n1","n4","n2","n3"],"type":"gossip_ok"}}
2025/04/21 10:13:12 Received {c13 n3 {"type":"broadcast","message":43,"msg_id":15}}
2025/04/21 10:13:12 Sent {"src":"n3","dest":"n0","body":{"data_id":"c13_15","message":43,"msg_id":42,"seen_nodes":["n3","n0"],"type":"gossip"}}
2025/04/21 10:13:12 Sent {"src":"n3","dest":"n4","body":{"data_id":"c13_15","message":43,"msg_id":43,"seen_nodes":["n3","n0","n4"],"type":"gossip"}}
2025/04/21 10:13:12 Sent {"src":"n3","dest":"c13","body":{"in_reply_to":15,"msg_id":117,"type":"broadcast_ok"}}
2025/04/21 10:13:12 Received {n4 n3 {"already_seen":false,"in_reply_to":43,"msg_id":114,"seen_nodes":["n4","n3","n0","n1"],"type":"gossip_ok"}}
2025/04/21 10:13:12 Received {n0 n3 {"already_seen":false,"in_reply_to":42,"msg_id":132,"seen_nodes":["n0","n3","n1"],"type":"gossip_ok"}}
2025/04/21 10:13:12 Received {n0 n3 {"data_id":"c11_16","message":44,"msg_id":57,"seen_nodes":["n0","n1","n4","n2","n3"],"type":"gossip"}}
2025/04/21 10:13:12 Received {c13 n3 {"type":"broadcast","message":46,"msg_id":16}}
2025/04/21 10:13:12 Received {n4 n3 {"data_id":"c11_16","message":44,"msg_id":43,"seen_nodes":["n4","n1","n3"],"type":"gossip"}}
2025/04/21 10:13:12 Sent {"src":"n3","dest":"n0","body":{"already_seen":false,"in_reply_to":57,"msg_id":118,"seen_nodes":["n3","n0","n1","n4","n2"],"type":"gossip_ok"}}
2025/04/21 10:13:12 Sent {"src":"n3","dest":"n0","body":{"data_id":"c13_16","message":46,"msg_id":44,"seen_nodes":["n3","n0"],"type":"gossip"}}
2025/04/21 10:13:12 Sent {"src":"n3","dest":"n4","body":{"already_seen":true,"in_reply_to":43,"msg_id":120,"seen_nodes":["n3","n0","n1","n4","n2"],"type":"gossip_ok"}}
2025/04/21 10:13:12 Sent {"src":"n3","dest":"n4","body":{"data_id":"c13_16","message":46,"msg_id":45,"seen_nodes":["n3","n0","n4"],"type":"gossip"}}
2025/04/21 10:13:12 Sent {"src":"n3","dest":"c13","body":{"in_reply_to":16,"msg_id":122,"type":"broadcast_ok"}}
2025/04/21 10:13:12 Received {n4 n3 {"data_id":"c12_16","message":45,"msg_id":44,"seen_nodes":["n4","n1","n2","n3"],"type":"gossip"}}
2025/04/21 10:13:12 Received {n0 n3 {"data_id":"c12_16","message":45,"msg_id":58,"seen_nodes":["n0","n1","n2","n4","n3"],"type":"gossip"}}
2025/04/21 10:13:12 Received {n0 n3 {"already_seen":false,"in_reply_to":44,"msg_id":139,"seen_nodes":["n0","n3","n1"],"type":"gossip_ok"}}
2025/04/21 10:13:12 Received {n4 n3 {"already_seen":false,"in_reply_to":45,"msg_id":121,"seen_nodes":["n4","n3","n0","n1"],"type":"gossip_ok"}}
2025/04/21 10:13:12 Sent {"src":"n3","dest":"n0","body":{"data_id":"c12_16","message":45,"msg_id":46,"seen_nodes":["n3","n4","n1","n2","n0"],"type":"gossip"}}
2025/04/21 10:13:12 Sent {"src":"n3","dest":"n0","body":{"already_seen":true,"in_reply_to":58,"msg_id":124,"seen_nodes":["n3","n4","n1","n2","n0"],"type":"gossip_ok"}}
2025/04/21 10:13:12 Sent {"src":"n3","dest":"n4","body":{"already_seen":false,"in_reply_to":44,"msg_id":125,"seen_nodes":["n3","n4","n1","n2","n0"],"type":"gossip_ok"}}
2025/04/21 10:13:12 Received {n0 n3 {"data_id":"c10_32","message":47,"msg_id":60,"seen_nodes":["n0","n3"],"type":"gossip"}}
2025/04/21 10:13:12 Sent {"src":"n3","dest":"n4","body":{"data_id":"c10_32","message":47,"msg_id":47,"seen_nodes":["n3","n0","n4"],"type":"gossip"}}
2025/04/21 10:13:12 Sent {"src":"n3","dest":"n0","body":{"already_seen":false,"in_reply_to":60,"msg_id":127,"seen_nodes":["n3","n0","n4"],"type":"gossip_ok"}}
2025/04/21 10:13:12 Received {n0 n3 {"already_seen":true,"in_reply_to":46,"msg_id":143,"seen_nodes":["n0","n1","n2","n4","n3"],"type":"gossip_ok"}}
2025/04/21 10:13:12 Received {n4 n3 {"already_seen":true,"in_reply_to":47,"msg_id":123,"seen_nodes":["n4","n1","n0","n3"],"type":"gossip_ok"}}
2025/04/21 10:13:13 Received {n4 n3 {"data_id":"c11_17","message":48,"msg_id":46,"seen_nodes":["n4","n1","n3"],"type":"gossip"}}
2025/04/21 10:13:13 Received {c13 n3 {"type":"read","msg_id":17}}
2025/04/21 10:13:13 Received {n0 n3 {"data_id":"c11_17","message":48,"msg_id":62,"seen_nodes":["n0","n1","n4","n2","n3"],"type":"gossip"}}
2025/04/21 10:13:13 Sent {"src":"n3","dest":"n0","body":{"data_id":"c11_17","message":48,"msg_id":48,"seen_nodes":["n3","n4","n1","n0"],"type":"gossip"}}
2025/04/21 10:13:13 Sent {"src":"n3","dest":"n0","body":{"already_seen":true,"in_reply_to":62,"msg_id":130,"seen_nodes":["n3","n4","n1","n0"],"type":"gossip_ok"}}
2025/04/21 10:13:13 Sent {"src":"n3","dest":"n4","body":{"already_seen":false,"in_reply_to":46,"msg_id":131,"seen_nodes":["n3","n4","n1","n0"],"type":"gossip_ok"}}
2025/04/21 10:13:13 Sent {"src":"n3","dest":"c13","body":{"in_reply_to":17,"messages":[38,4,7,33,21,30,24,27,28,36,48,3,9,20,34,47,2,16,12,15,22,29,32,41,1,6,43,37,40,42,0,17,13,18,26,31,35,45,5,11,14,19,23,25,39,44,8,10,46],"msg_id":129,"type":"read_ok"}}
2025/04/21 10:13:13 Received {n4 n3 {"data_id":"c12_17","message":49,"msg_id":47,"seen_nodes":["n4","n1","n2","n3"],"type":"gossip"}}
2025/04/21 10:13:13 Received {n0 n3 {"data_id":"c12_17","message":49,"msg_id":63,"seen_nodes":["n0","n1","n2","n4","n3"],"type":"gossip"}}
2025/04/21 10:13:13 Received {n4 n3 {"data_id":"c14_17","message":50,"msg_id":49,"seen_nodes":["n4","n1","n3"],"type":"gossip"}}
2025/04/21 10:13:13 Received {n0 n3 {"already_seen":true,"in_reply_to":48,"msg_id":147,"seen_nodes":["n0","n1","n4","n2","n3"],"type":"gossip_ok"}}
2025/04/21 10:13:13 Sent {"src":"n3","dest":"n0","body":{"data_id":"c12_17","message":49,"msg_id":49,"seen_nodes":["n3","n4","n1","n2","n0"],"type":"gossip"}}
2025/04/21 10:13:13 Sent {"src":"n3","dest":"n4","body":{"already_seen":false,"in_reply_to":47,"msg_id":133,"seen_nodes":["n3","n4","n1","n2","n0"],"type":"gossip_ok"}}
2025/04/21 10:13:13 Sent {"src":"n3","dest":"n0","body":{"already_seen":true,"in_reply_to":63,"msg_id":134,"seen_nodes":["n3","n4","n1","n2","n0"],"type":"gossip_ok"}}
2025/04/21 10:13:13 Sent {"src":"n3","dest":"n0","body":{"data_id":"c14_17","message":50,"msg_id":50,"seen_nodes":["n3","n4","n1","n0"],"type":"gossip"}}
2025/04/21 10:13:13 Sent {"src":"n3","dest":"n4","body":{"already_seen":false,"in_reply_to":49,"msg_id":136,"seen_nodes":["n3","n4","n1","n0"],"type":"gossip_ok"}}
2025/04/21 10:13:13 Received {n0 n3 {"data_id":"c10_34","message":51,"msg_id":64,"seen_nodes":["n0","n3"],"type":"gossip"}}
2025/04/21 10:13:13 Sent {"src":"n3","dest":"n4","body":{"data_id":"c10_34","message":51,"msg_id":51,"seen_nodes":["n3","n0","n4"],"type":"gossip"}}
2025/04/21 10:13:13 Sent {"src":"n3","dest":"n0","body":{"already_seen":false,"in_reply_to":64,"msg_id":138,"seen_nodes":["n3","n0","n4"],"type":"gossip_ok"}}
2025/04/21 10:13:13 Received {n0 n3 {"already_seen":true,"in_reply_to":49,"msg_id":153,"seen_nodes":["n0","n1","n2","n4","n3"],"type":"gossip_ok"}}
2025/04/21 10:13:13 Received {n0 n3 {"data_id":"c10_35","message":52,"msg_id":66,"seen_nodes":["n0","n3"],"type":"gossip"}}
2025/04/21 10:13:13 Received {n0 n3 {"data_id":"c14_17","message":50,"msg_id":68,"seen_nodes":["n0","n1","n4","n2","n3"],"type":"gossip"}}
2025/04/21 10:13:13 Received {n0 n3 {"already_seen":true,"in_reply_to":50,"msg_id":159,"seen_nodes":["n0","n1","n4","n2","n3"],"type":"gossip_ok"}}
2025/04/21 10:13:13 Sent {"src":"n3","dest":"n0","body":{"already_seen":true,"in_reply_to":68,"msg_id":139,"seen_nodes":["n3","n4","n1","n0"],"type":"gossip_ok"}}
2025/04/21 10:13:13 Sent {"src":"n3","dest":"n4","body":{"data_id":"c10_35","message":52,"msg_id":52,"seen_nodes":["n3","n0","n4"],"type":"gossip"}}
2025/04/21 10:13:13 Sent {"src":"n3","dest":"n0","body":{"already_seen":false,"in_reply_to":66,"msg_id":141,"seen_nodes":["n3","n0","n4"],"type":"gossip_ok"}}
2025/04/21 10:13:13 Received {n4 n3 {"already_seen":false,"in_reply_to":51,"msg_id":133,"seen_nodes":["n4","n3","n0","n1"],"type":"gossip_ok"}}
2025/04/21 10:13:13 Received {n4 n3 {"already_seen":false,"in_reply_to":52,"msg_id":135,"seen_nodes":["n4","n3","n0","n1"],"type":"gossip_ok"}}
2025/04/21 10:13:13 Received {c13 n3 {"type":"read","msg_id":18}}
2025/04/21 10:13:13 Sent {"src":"n3","dest":"c13","body":{"in_reply_to":18,"messages":[24,27,28,3,9,34,47,2,16,12,15,22,32,41,6,42,0,17,26,35,45,5,19,8,4,38,33,36,48,50,52,20,51,29,1,43,37,40,49,13,18,31,11,14,23,25,39,44,10,46,7,21,30],"msg_id":142,"type":"read_ok"}}
2025/04/21 10:13:13 Received {n4 n3 {"data_id":"c14_18","message":53,"msg_id":53,"seen_nodes":["n4","n1","n3"],"type":"gossip"}}
2025/04/21 10:13:13 Sent {"src":"n3","dest":"n0","body":{"data_id":"c14_18","message":53,"msg_id":53,"seen_nodes":["n3","n4","n1","n0"],"type":"gossip"}}
2025/04/21 10:13:13 Sent {"src":"n3","dest":"n4","body":{"already_seen":false,"in_reply_to":53,"msg_id":144,"seen_nodes":["n3","n4","n1","n0"],"type":"gossip_ok"}}
2025/04/21 10:13:13 Received {n0 n3 {"data_id":"c14_18","message":53,"msg_id":69,"seen_nodes":["n0","n1","n4","n2","n3"],"type":"gossip"}}
2025/04/21 10:13:13 Received {n0 n3 {"already_seen":true,"in_reply_to":53,"msg_id":163,"seen_nodes":["n0","n1","n4","n2","n3"],"type":"gossip_ok"}}
2025/04/21 10:13:13 Sent {"src":"n3","dest":"n0","body":{"already_seen":true,"in_reply_to":69,"msg_id":145,"seen_nodes":["n3","n4","n1","n0"],"type":"gossip_ok"}}
2025/04/21 10:13:13 Received {n0 n3 {"data_id":"c10_37","message":54,"msg_id":70,"seen_nodes":["n0","n3"],"type":"gossip"}}
2025/04/21 10:13:13 Sent {"src":"n3","dest":"n4","body":{"data_id":"c10_37","message":54,"msg_id":54,"seen_nodes":["n3","n0","n4"],"type":"gossip"}}
2025/04/21 10:13:13 Sent {"src":"n3","dest":"n0","body":{"already_seen":false,"in_reply_to":70,"msg_id":147,"seen_nodes":["n3","n0","n4"],"type":"gossip_ok"}}
2025/04/21 10:13:14 Received {n4 n3 {"already_seen":true,"in_reply_to":54,"msg_id":141,"seen_nodes":["n4","n1","n0","n3"],"type":"gossip_ok"}}
2025/04/21 10:13:14 Received {n4 n3 {"data_id":"c11_19","message":55,"msg_id":54,"seen_nodes":["n4","n1","n3"],"type":"gossip"}}
2025/04/21 10:13:14 Received {c13 n3 {"type":"read","msg_id":19}}
2025/04/21 10:13:14 Sent {"src":"n3","dest":"n0","body":{"data_id":"c11_19","message":55,"msg_id":55,"seen_nodes":["n3","n4","n1","n0"],"type":"gossip"}}
2025/04/21 10:13:14 Sent {"src":"n3","dest":"c13","body":{"in_reply_to":19,"messages":[15,22,32,41,55,6,12,42,0,17,35,45,54,5,26,19,8,4,38,33,50,36,48,52,20,51,43,1,29,49,37,40,18,31,53,11,13,14,23,25,39,44,10,46,7,21,30,24,27,28,3,9,34,47,2,16],"msg_id":149,"type":"read_ok"}}
2025/04/21 10:13:14 Sent {"src":"n3","dest":"n4","body":{"already_seen":false,"in_reply_to":54,"msg_id":150,"seen_nodes":["n3","n4","n1","n0"],"type":"gossip_ok"}}
2025/04/21 10:13:14 Received {n0 n3 {"data_id":"c11_19","message":55,"msg_id":72,"seen_nodes":["n0","n1","n4","n2","n3"],"type":"gossip"}}
2025/04/21 10:13:14 Sent {"src":"n3","dest":"n0","body":{"already_seen":true,"in_reply_to":72,"msg_id":151,"seen_nodes":["n3","n4","n1","n0"],"type":"gossip_ok"}}
2025/04/21 10:13:14 Received {n0 n3 {"already_seen":true,"in_reply_to":55,"msg_id":169,"seen_nodes":["n0","n1","n4","n2","n3"],"type":"gossip_ok"}}
2025/04/21 10:13:14 Received {c13 n3 {"type":"read","msg_id":20}}
2025/04/21 10:13:14 Sent {"src":"n3","dest":"c13","body":{"in_reply_to":20,"messages":[22,32,41,55,6,12,15,0,17,42,45,54,5,26,35,19,8,4,38,33,36,48,50,20,51,52,1,29,43,37,40,49,31,53,11,13,18,23,25,39,44,10,14,46,7,21,30,27,28,3,9,24,47,2,16,34],"msg_id":152,"type":"read_ok"}}
2025/04/21 10:13:15 Received {n0 n3 {"data_id":"c10_40","message":56,"msg_id":73,"seen_nodes":["n0","n3"],"type":"gossip"}}
2025/04/21 10:13:15 Sent {"src":"n3","dest":"n4","body":{"data_id":"c10_40","message":56,"msg_id":56,"seen_nodes":["n3","n0","n4"],"type":"gossip"}}
2025/04/21 10:13:15 Sent {"src":"n3","dest":"n0","body":{"already_seen":false,"in_reply_to":73,"msg_id":154,"seen_nodes":["n3","n0","n4"],"type":"gossip_ok"}}
2025/04/21 10:13:15 Received {n4 n3 {"already_seen":true,"in_reply_to":56,"msg_id":147,"seen_nodes":["n4","n1","n0","n3"],"type":"gossip_ok"}}
2025/04/21 10:13:15 Received {n4 n3 {"data_id":"c11_21","message":57,"msg_id":55,"seen_nodes":["n4","n1","n3"],"type":"gossip"}}
2025/04/21 10:13:15 Received {n0 n3 {"data_id":"c11_21","message":57,"msg_id":75,"seen_nodes":["n0","n1","n4","n2","n3"],"type":"gossip"}}
2025/04/21 10:13:15 Sent {"src":"n3","dest":"n0","body":{"already_seen":true,"in_reply_to":75,"msg_id":156,"seen_nodes":["n3","n4","n1","n0"],"type":"gossip_ok"}}
2025/04/21 10:13:15 Sent {"src":"n3","dest":"n0","body":{"data_id":"c11_21","message":57,"msg_id":57,"seen_nodes":["n3","n4","n1","n0"],"type":"gossip"}}
2025/04/21 10:13:15 Sent {"src":"n3","dest":"n4","body":{"already_seen":false,"in_reply_to":55,"msg_id":157,"seen_nodes":["n3","n4","n1","n0","n2"],"type":"gossip_ok"}}
2025/04/21 10:13:15 Received {c13 n3 {"type":"read","msg_id":21}}
2025/04/21 10:13:15 Sent {"src":"n3","dest":"c13","body":{"in_reply_to":21,"messages":[5,26,35,45,54,8,19,4,38,57,33,36,48,50,20,51,52,1,29,43,37,40,49,11,13,18,31,53,10,14,23,25,39,44,46,7,56,21,30,3,9,24,27,28,2,16,34,47,6,12,15,22,32,41,55,0,17,42],"msg_id":158,"type":"read_ok"}}
2025/04/21 10:13:15 Received {n4 n3 {"data_id":"c12_21","message":58,"msg_id":56,"seen_nodes":["n4","n1","n2","n3"],"type":"gossip"}}
2025/04/21 10:13:15 Received {n4 n3 {"data_id":"c14_21","message":59,"msg_id":58,"seen_nodes":["n4","n1","n3"],"type":"gossip"}}
2025/04/21 10:13:15 Received {n0 n3 {"already_seen":true,"in_reply_to":57,"msg_id":178,"seen_nodes":["n0","n1","n4","n2","n3"],"type":"gossip_ok"}}
2025/04/21 10:13:15 Received {n0 n3 {"data_id":"c12_21","message":58,"msg_id":76,"seen_nodes":["n0","n1","n2","n4","n3"],"type":"gossip"}}
2025/04/21 10:13:15 Sent {"src":"n3","dest":"n0","body":{"data_id":"c14_21","message":59,"msg_id":58,"seen_nodes":["n3","n4","n1","n0"],"type":"gossip"}}
2025/04/21 10:13:15 Sent {"src":"n3","dest":"n0","body":{"already_seen":false,"in_reply_to":76,"msg_id":160,"seen_nodes":["n3","n0","n1","n2","n4"],"type":"gossip_ok"}}
2025/04/21 10:13:15 Sent {"src":"n3","dest":"n4","body":{"already_seen":false,"in_reply_to":58,"msg_id":162,"seen_nodes":["n3","n4","n1","n0"],"type":"gossip_ok"}}
2025/04/21 10:13:15 Sent {"src":"n3","dest":"n4","body":{"already_seen":true,"in_reply_to":56,"msg_id":161,"seen_nodes":["n3","n0","n1","n2","n4"],"type":"gossip_ok"}}
2025/04/21 10:13:15 Received {n0 n3 {"already_seen":false,"in_reply_to":58,"msg_id":182,"seen_nodes":["n0","n3","n4","n1"],"type":"gossip_ok"}}
2025/04/21 10:13:16 Received {n4 n3 {"data_id":"c11_22","message":60,"msg_id":59,"seen_nodes":["n4","n1","n3"],"type":"gossip"}}
2025/04/21 10:13:16 Received {n0 n3 {"data_id":"c11_22","message":60,"msg_id":77,"seen_nodes":["n0","n1","n4","n2","n3"],"type":"gossip"}}
2025/04/21 10:13:16 Sent {"src":"n3","dest":"n0","body":{"data_id":"c11_22","message":60,"msg_id":59,"seen_nodes":["n3","n4","n1","n0"],"type":"gossip"}}
2025/04/21 10:13:16 Sent {"src":"n3","dest":"n4","body":{"already_seen":false,"in_reply_to":59,"msg_id":164,"seen_nodes":["n3","n4","n1","n0"],"type":"gossip_ok"}}
2025/04/21 10:13:16 Sent {"src":"n3","dest":"n0","body":{"already_seen":true,"in_reply_to":77,"msg_id":165,"seen_nodes":["n3","n4","n1","n0"],"type":"gossip_ok"}}
2025/04/21 10:13:16 Received {c13 n3 {"type":"read","msg_id":22}}
2025/04/21 10:13:16 Sent {"src":"n3","dest":"c13","body":{"in_reply_to":22,"messages":[7,56,21,30,28,3,9,24,27,2,16,34,47,32,41,55,6,12,15,22,0,17,42,54,5,26,35,45,8,19,4,38,57,58,33,36,48,50,20,51,52,60,1,29,43,37,40,49,53,59,11,13,18,31,39,44,46,10,14,23,25],"msg_id":166,"type":"read_ok"}}
2025/04/21 10:13:16 Received {n0 n3 {"already_seen":true,"in_reply_to":59,"msg_id":187,"seen_nodes":["n0","n1","n4","n2","n3"],"type":"gossip_ok"}}
2025/04/21 10:13:16 Received {n4 n3 {"data_id":"c11_23","message":61,"msg_id":60,"seen_nodes":["n4","n1","n3"],"type":"gossip"}}
2025/04/21 10:13:16 Received {n0 n3 {"data_id":"c11_23","message":61,"msg_id":78,"seen_nodes":["n0","n1","n4","n2","n3"],"type":"gossip"}}
2025/04/21 10:13:16 Sent {"src":"n3","dest":"n0","body":{"data_id":"c11_23","message":61,"msg_id":60,"seen_nodes":["n3","n4","n1","n0"],"type":"gossip"}}
2025/04/21 10:13:16 Sent {"src":"n3","dest":"n4","body":{"already_seen":false,"in_reply_to":60,"msg_id":169,"seen_nodes":["n3","n4","n1","n0"],"type":"gossip_ok"}}
2025/04/21 10:13:16 Sent {"src":"n3","dest":"n0","body":{"already_seen":true,"in_reply_to":78,"msg_id":168,"seen_nodes":["n3","n4","n1","n0"],"type":"gossip_ok"}}
2025/04/21 10:13:16 Received {c13 n3 {"type":"broadcast","message":63,"msg_id":23}}
2025/04/21 10:13:16 Sent {"src":"n3","dest":"n0","body":{"data_id":"c13_23","message":63,"msg_id":61,"seen_nodes":["n3","n0"],"type":"gossip"}}
2025/04/21 10:13:16 Sent {"src":"n3","dest":"n4","body":{"data_id":"c13_23","message":63,"msg_id":62,"seen_nodes":["n3","n0","n4"],"type":"gossip"}}
2025/04/21 10:13:16 Sent {"src":"n3","dest":"c13","body":{"in_reply_to":23,"msg_id":172,"type":"broadcast_ok"}}
2025/04/21 10:13:17 Received {n4 n3 {"data_id":"c12_23","message":62,"msg_id":61,"seen_nodes":["n4","n1","n2","n3"],"type":"gossip"}}
2025/04/21 10:13:17 Received {n0 n3 {"already_seen":true,"in_reply_to":60,"msg_id":192,"seen_nodes":["n0","n1","n4","n2","n3"],"type":"gossip_ok"}}
2025/04/21 10:13:17 Received {n0 n3 {"data_id":"c12_23","message":62,"msg_id":79,"seen_nodes":["n0","n1","n2","n4","n3"],"type":"gossip"}}
2025/04/21 10:13:17 Received {n4 n3 {"data_id":"c14_23","message":64,"msg_id":63,"seen_nodes":["n4","n1","n3"],"type":"gossip"}}
2025/04/21 10:13:17 Sent {"src":"n3","dest":"n0","body":{"data_id":"c12_23","message":62,"msg_id":63,"seen_nodes":["n3","n4","n1","n2","n0"],"type":"gossip"}}
2025/04/21 10:13:17 Sent {"src":"n3","dest":"n0","body":{"already_seen":true,"in_reply_to":79,"msg_id":174,"seen_nodes":["n3","n4","n1","n2","n0"],"type":"gossip_ok"}}
2025/04/21 10:13:17 Sent {"src":"n3","dest":"n4","body":{"already_seen":false,"in_reply_to":61,"msg_id":176,"seen_nodes":["n3","n4","n1","n2","n0"],"type":"gossip_ok"}}
2025/04/21 10:13:17 Sent {"src":"n3","dest":"n0","body":{"data_id":"c14_23","message":64,"msg_id":64,"seen_nodes":["n3","n4","n1","n0"],"type":"gossip"}}
2025/04/21 10:13:17 Sent {"src":"n3","dest":"n4","body":{"already_seen":false,"in_reply_to":63,"msg_id":177,"seen_nodes":["n3","n4","n1","n0"],"type":"gossip_ok"}}
2025/04/21 10:13:17 Received {n0 n3 {"already_seen":false,"in_reply_to":61,"msg_id":196,"seen_nodes":["n0","n3","n1"],"type":"gossip_ok"}}
2025/04/21 10:13:17 Received {n4 n3 {"already_seen":false,"in_reply_to":62,"msg_id":166,"seen_nodes":["n4","n3","n0","n1"],"type":"gossip_ok"}}
2025/04/21 10:13:17 Received {n0 n3 {"already_seen":true,"in_reply_to":63,"msg_id":198,"seen_nodes":["n0","n1","n2","n4","n3"],"type":"gossip_ok"}}
2025/04/21 10:13:17 Received {n0 n3 {"already_seen":true,"in_reply_to":64,"msg_id":200,"seen_nodes":["n0","n1","n4","n2","n3"],"type":"gossip_ok"}}
2025/04/21 10:13:17 Received {n0 n3 {"data_id":"c14_23","message":64,"msg_id":81,"seen_nodes":["n0","n1","n4","n2","n3"],"type":"gossip"}}
2025/04/21 10:13:17 Sent {"src":"n3","dest":"n0","body":{"already_seen":true,"in_reply_to":81,"msg_id":178,"seen_nodes":["n3","n4","n1","n0","n2"],"type":"gossip_ok"}}
2025/04/21 10:13:17 Received {n4 n3 {"data_id":"c11_24","message":65,"msg_id":65,"seen_nodes":["n4","n1","n3"],"type":"gossip"}}
2025/04/21 10:13:17 Sent {"src":"n3","dest":"n0","body":{"data_id":"c11_24","message":65,"msg_id":65,"seen_nodes":["n3","n4","n1","n0"],"type":"gossip"}}
2025/04/21 10:13:17 Sent {"src":"n3","dest":"n4","body":{"already_seen":false,"in_reply_to":65,"msg_id":180,"seen_nodes":["n3","n4","n1","n0"],"type":"gossip_ok"}}
2025/04/21 10:13:17 Received {n0 n3 {"data_id":"c11_24","message":65,"msg_id":82,"seen_nodes":["n0","n1","n4","n2","n3"],"type":"gossip"}}
2025/04/21 10:13:17 Sent {"src":"n3","dest":"n0","body":{"already_seen":true,"in_reply_to":82,"msg_id":181,"seen_nodes":["n3","n4","n1","n0"],"type":"gossip_ok"}}
2025/04/21 10:13:17 Received {n0 n3 {"already_seen":true,"in_reply_to":65,"msg_id":205,"seen_nodes":["n0","n1","n4","n2","n3"],"type":"gossip_ok"}}
2025/04/21 10:13:17 Received {c13 n3 {"type":"broadcast","message":66,"msg_id":24}}
2025/04/21 10:13:17 Sent {"src":"n3","dest":"n0","body":{"data_id":"c13_24","message":66,"msg_id":66,"seen_nodes":["n3","n0"],"type":"gossip"}}
2025/04/21 10:13:17 Sent {"src":"n3","dest":"n4","body":{"data_id":"c13_24","message":66,"msg_id":67,"seen_nodes":["n3","n0","n4"],"type":"gossip"}}
2025/04/21 10:13:17 Sent {"src":"n3","dest":"c13","body":{"in_reply_to":24,"msg_id":184,"type":"broadcast_ok"}}
2025/04/21 10:13:17 Received {n0 n3 {"already_seen":false,"in_reply_to":66,"msg_id":207,"seen_nodes":["n0","n3","n1"],"type":"gossip_ok"}}
2025/04/21 10:13:17 Received {n4 n3 {"already_seen":false,"in_reply_to":67,"msg_id":171,"seen_nodes":["n4","n3","n0","n1"],"type":"gossip_ok"}}
2025/04/21 10:13:18 Received {c13 n3 {"type":"broadcast","message":68,"msg_id":25}}
2025/04/21 10:13:18 Sent {"src":"n3","dest":"n0","body":{"data_id":"c13_25","message":68,"msg_id":68,"seen_nodes":["n3","n0"],"type":"gossip"}}
2025/04/21 10:13:18 Sent {"src":"n3","dest":"n4","body":{"data_id":"c13_25","message":68,"msg_id":69,"seen_nodes":["n3","n0","n4"],"type":"gossip"}}
2025/04/21 10:13:18 Sent {"src":"n3","dest":"c13","body":{"in_reply_to":25,"msg_id":187,"type":"broadcast_ok"}}
2025/04/21 10:13:18 Received {n4 n3 {"data_id":"c12_25","message":67,"msg_id":67,"seen_nodes":["n4","n1","n2","n3"],"type":"gossip"}}
2025/04/21 10:13:18 Received {n0 n3 {"data_id":"c12_25","message":67,"msg_id":84,"seen_nodes":["n0","n1","n2","n4","n3"],"type":"gossip"}}
2025/04/21 10:13:18 Sent {"src":"n3","dest":"n0","body":{"already_seen":true,"in_reply_to":84,"msg_id":189,"seen_nodes":["n3","n4","n1","n2","n0"],"type":"gossip_ok"}}
2025/04/21 10:13:18 Sent {"src":"n3","dest":"n0","body":{"data_id":"c12_25","message":67,"msg_id":70,"seen_nodes":["n3","n4","n1","n2","n0"],"type":"gossip"}}
2025/04/21 10:13:18 Sent {"src":"n3","dest":"n4","body":{"already_seen":false,"in_reply_to":67,"msg_id":190,"seen_nodes":["n3","n4","n1","n2","n0"],"type":"gossip_ok"}}
2025/04/21 10:13:18 Received {n4 n3 {"already_seen":false,"in_reply_to":69,"msg_id":177,"seen_nodes":["n4","n3","n0","n1"],"type":"gossip_ok"}}
2025/04/21 10:13:18 Received {n0 n3 {"already_seen":false,"in_reply_to":68,"msg_id":213,"seen_nodes":["n0","n3","n1"],"type":"gossip_ok"}}
2025/04/21 10:13:18 Received {n0 n3 {"already_seen":true,"in_reply_to":70,"msg_id":214,"seen_nodes":["n0","n1","n2","n4","n3"],"type":"gossip_ok"}}
2025/04/21 10:13:18 Received {n0 n3 {"data_id":"c10_50","message":69,"msg_id":86,"seen_nodes":["n0","n3"],"type":"gossip"}}
2025/04/21 10:13:18 Sent {"src":"n3","dest":"n4","body":{"data_id":"c10_50","message":69,"msg_id":71,"seen_nodes":["n3","n0","n4"],"type":"gossip"}}
2025/04/21 10:13:18 Sent {"src":"n3","dest":"n0","body":{"already_seen":false,"in_reply_to":86,"msg_id":192,"seen_nodes":["n3","n0","n4"],"type":"gossip_ok"}}
2025/04/21 10:13:18 Received {n0 n3 {"data_id":"c10_51","message":70,"msg_id":88,"seen_nodes":["n0","n3"],"type":"gossip"}}
2025/04/21 10:13:18 Received {n4 n3 {"already_seen":false,"in_reply_to":71,"msg_id":181,"seen_nodes":["n4","n3","n0","n1"],"type":"gossip_ok"}}
2025/04/21 10:13:18 Sent {"src":"n3","dest":"n4","body":{"data_id":"c10_51","message":70,"msg_id":72,"seen_nodes":["n3","n0","n4"],"type":"gossip"}}
2025/04/21 10:13:18 Sent {"src":"n3","dest":"n0","body":{"already_seen":false,"in_reply_to":88,"msg_id":194,"seen_nodes":["n3","n0","n4"],"type":"gossip_ok"}}
2025/04/21 10:13:18 Received {n4 n3 {"already_seen":false,"in_reply_to":72,"msg_id":184,"seen_nodes":["n4","n3","n0","n1"],"type":"gossip_ok"}}
2025/04/21 10:13:18 Received {c13 n3 {"type":"broadcast","message":72,"msg_id":26}}
2025/04/21 10:13:18 Sent {"src":"n3","dest":"n0","body":{"data_id":"c13_26","message":72,"msg_id":73,"seen_nodes":["n3","n0"],"type":"gossip"}}
2025/04/21 10:13:18 Sent {"src":"n3","dest":"n4","body":{"data_id":"c13_26","message":72,"msg_id":74,"seen_nodes":["n3","n0","n4"],"type":"gossip"}}
2025/04/21 10:13:18 Sent {"src":"n3","dest":"c13","body":{"in_reply_to":26,"msg_id":197,"type":"broadcast_ok"}}
2025/04/21 10:13:19 Received {n0 n3 {"data_id":"c12_26","message":71,"msg_id":90,"seen_nodes":["n0","n1","n2","n4","n3"],"type":"gossip"}}
2025/04/21 10:13:19 Received {n4 n3 {"data_id":"c12_26","message":71,"msg_id":71,"seen_nodes":["n4","n1","n2","n3"],"type":"gossip"}}
2025/04/21 10:13:19 Received {n4 n3 {"data_id":"c14_26","message":73,"msg_id":73,"seen_nodes":["n4","n1","n3"],"type":"gossip"}}
2025/04/21 10:13:19 Sent {"src":"n3","dest":"n0","body":{"already_seen":false,"in_reply_to":90,"msg_id":198,"seen_nodes":["n3","n0","n1","n2","n4"],"type":"gossip_ok"}}
2025/04/21 10:13:19 Sent {"src":"n3","dest":"n0","body":{"data_id":"c14_26","message":73,"msg_id":75,"seen_nodes":["n3","n4","n1","n0"],"type":"gossip"}}
2025/04/21 10:13:19 Sent {"src":"n3","dest":"n4","body":{"already_seen":false,"in_reply_to":73,"msg_id":201,"seen_nodes":["n3","n4","n1","n0"],"type":"gossip_ok"}}
2025/04/21 10:13:19 Sent {"src":"n3","dest":"n4","body":{"already_seen":true,"in_reply_to":71,"msg_id":199,"seen_nodes":["n3","n0","n1","n2","n4"],"type":"gossip_ok"}}
2025/04/21 10:13:19 Received {n0 n3 {"already_seen":false,"in_reply_to":73,"msg_id":224,"seen_nodes":["n0","n3","n1"],"type":"gossip_ok"}}
2025/04/21 10:13:19 Received {n4 n3 {"already_seen":false,"in_reply_to":74,"msg_id":191,"seen_nodes":["n4","n3","n0","n1"],"type":"gossip_ok"}}
2025/04/21 10:13:19 Received {n0 n3 {"data_id":"c14_26","message":73,"msg_id":92,"seen_nodes":["n0","n1","n4","n2","n3"],"type":"gossip"}}
2025/04/21 10:13:19 Received {n0 n3 {"already_seen":true,"in_reply_to":75,"msg_id":228,"seen_nodes":["n0","n1","n4","n2","n3"],"type":"gossip_ok"}}
2025/04/21 10:13:19 Sent {"src":"n3","dest":"n0","body":{"already_seen":true,"in_reply_to":92,"msg_id":202,"seen_nodes":["n3","n4","n1","n0"],"type":"gossip_ok"}}
2025/04/21 10:13:19 Received {n4 n3 {"data_id":"c11_27","message":74,"msg_id":75,"seen_nodes":["n4","n1","n3"],"type":"gossip"}}
2025/04/21 10:13:19 Received {n0 n3 {"data_id":"c11_27","message":74,"msg_id":93,"seen_nodes":["n0","n1","n4","n2","n3"],"type":"gossip"}}
2025/04/21 10:13:19 Sent {"src":"n3","dest":"n0","body":{"data_id":"c11_27","message":74,"msg_id":76,"seen_nodes":["n3","n4","n1","n0"],"type":"gossip"}}
2025/04/21 10:13:19 Sent {"src":"n3","dest":"n0","body":{"already_seen":true,"in_reply_to":93,"msg_id":204,"seen_nodes":["n3","n4","n1","n0"],"type":"gossip_ok"}}
2025/04/21 10:13:19 Sent {"src":"n3","dest":"n4","body":{"already_seen":false,"in_reply_to":75,"msg_id":205,"seen_nodes":["n3","n4","n1","n0"],"type":"gossip_ok"}}
2025/04/21 10:13:19 Received {c13 n3 {"type":"broadcast","message":75,"msg_id":27}}
2025/04/21 10:13:19 Sent {"src":"n3","dest":"n0","body":{"data_id":"c13_27","message":75,"msg_id":77,"seen_nodes":["n3","n0"],"type":"gossip"}}
2025/04/21 10:13:19 Sent {"src":"n3","dest":"n4","body":{"data_id":"c13_27","message":75,"msg_id":78,"seen_nodes":["n3","n0","n4"],"type":"gossip"}}
2025/04/21 10:13:19 Sent {"src":"n3","dest":"c13","body":{"in_reply_to":27,"msg_id":208,"type":"broadcast_ok"}}
2025/04/21 10:13:19 Received {n0 n3 {"already_seen":true,"in_reply_to":76,"msg_id":232,"seen_nodes":["n0","n1","n4","n2","n3"],"type":"gossip_ok"}}
2025/04/21 10:13:19 Received {n0 n3 {"already_seen":false,"in_reply_to":77,"msg_id":234,"seen_nodes":["n0","n3","n1"],"type":"gossip_ok"}}
2025/04/21 10:13:19 Received {n4 n3 {"already_seen":false,"in_reply_to":78,"msg_id":197,"seen_nodes":["n4","n3","n0","n1"],"type":"gossip_ok"}}
2025/04/21 10:13:19 Received {n4 n3 {"data_id":"c14_27","message":76,"msg_id":78,"seen_nodes":["n4","n1","n3"],"type":"gossip"}}
2025/04/21 10:13:19 Sent {"src":"n3","dest":"n0","body":{"data_id":"c14_27","message":76,"msg_id":79,"seen_nodes":["n3","n4","n1","n0"],"type":"gossip"}}
2025/04/21 10:13:19 Sent {"src":"n3","dest":"n4","body":{"already_seen":false,"in_reply_to":78,"msg_id":210,"seen_nodes":["n3","n4","n1","n0"],"type":"gossip_ok"}}
2025/04/21 10:13:19 Received {n0 n3 {"data_id":"c10_54","message":77,"msg_id":95,"seen_nodes":["n0","n3"],"type":"gossip"}}
2025/04/21 10:13:19 Sent {"src":"n3","dest":"n4","body":{"data_id":"c10_54","message":77,"msg_id":80,"seen_nodes":["n3","n0","n4"],"type":"gossip"}}
2025/04/21 10:13:19 Sent {"src":"n3","dest":"n0","body":{"already_seen":false,"in_reply_to":95,"msg_id":212,"seen_nodes":["n3","n0","n4"],"type":"gossip_ok"}}
2025/04/21 10:13:19 Received {n0 n3 {"already_seen":false,"in_reply_to":79,"msg_id":238,"seen_nodes":["n0","n3","n4","n1"],"type":"gossip_ok"}}
2025/04/21 10:13:20 Received {n4 n3 {"already_seen":true,"in_reply_to":80,"msg_id":202,"seen_nodes":["n4","n1","n0","n3"],"type":"gossip_ok"}}
2025/04/21 10:13:20 Received {n4 n3 {"data_id":"c11_28","message":78,"msg_id":79,"seen_nodes":["n4","n1","n3"],"type":"gossip"}}
2025/04/21 10:13:20 Received {c13 n3 {"type":"read","msg_id":28}}
2025/04/21 10:13:20 Received {n0 n3 {"data_id":"c11_28","message":78,"msg_id":97,"seen_nodes":["n0","n1","n4","n2","n3"],"type":"gossip"}}
2025/04/21 10:13:20 Sent {"src":"n3","dest":"n0","body":{"data_id":"c11_28","message":78,"msg_id":81,"seen_nodes":["n3","n4","n1","n0"],"type":"gossip"}}
2025/04/21 10:13:20 Sent {"src":"n3","dest":"n0","body":{"already_seen":true,"in_reply_to":97,"msg_id":214,"seen_nodes":["n3","n4","n1"],"type":"gossip_ok"}}
2025/04/21 10:13:20 Sent {"src":"n3","dest":"n4","body":{"already_seen":false,"in_reply_to":79,"msg_id":216,"seen_nodes":["n3","n4","n1","n0"],"type":"gossip_ok"}}
2025/04/21 10:13:20 Sent {"src":"n3","dest":"c13","body":{"in_reply_to":28,"messages":[34,47,2,16,15,22,32,41,55,70,6,12,71,42,72,0,17,35,45,54,61,67,5,26,8,19,57,58,4,38,65,73,33,64,50,36,48,52,60,66,20,51,43,62,76,1,29,49,68,75,37,40,18,31,53,59,74,11,13,23,25,39,44,46,69,10,14,77,63,7,56,21,30,24,27,28,3,9],"msg_id":213,"type":"read_ok"}}
2025/04/21 10:13:20 Received {n0 n3 {"data_id":"c10_56","message":79,"msg_id":98,"seen_nodes":["n0","n3"],"type":"gossip"}}
2025/04/21 10:13:20 Received {n0 n3 {"already_seen":true,"in_reply_to":81,"msg_id":243,"seen_nodes":["n0","n1","n4","n2","n3"],"type":"gossip_ok"}}
2025/04/21 10:13:20 Sent {"src":"n3","dest":"n4","body":{"data_id":"c10_56","message":79,"msg_id":82,"seen_nodes":["n3","n0","n4"],"type":"gossip"}}
2025/04/21 10:13:20 Sent {"src":"n3","dest":"n0","body":{"already_seen":false,"in_reply_to":98,"msg_id":218,"seen_nodes":["n3","n0","n4"],"type":"gossip_ok"}}
2025/04/21 10:13:20 Received {n0 n3 {"data_id":"c10_57","message":80,"msg_id":100,"seen_nodes":["n0","n3"],"type":"gossip"}}
2025/04/21 10:13:20 Sent {"src":"n3","dest":"n4","body":{"data_id":"c10_57","message":80,"msg_id":83,"seen_nodes":["n3","n0","n4"],"type":"gossip"}}
2025/04/21 10:13:20 Sent {"src":"n3","dest":"n0","body":{"already_seen":false,"in_reply_to":100,"msg_id":220,"seen_nodes":["n3","n0","n4"],"type":"gossip_ok"}}
2025/04/21 10:13:20 Received {n4 n3 {"already_seen":false,"in_reply_to":82,"msg_id":207,"seen_nodes":["n4","n3","n0","n1"],"type":"gossip_ok"}}
2025/04/21 10:13:20 Received {c13 n3 {"type":"broadcast","message":82,"msg_id":29}}
2025/04/21 10:13:20 Sent {"src":"n3","dest":"n0","body":{"data_id":"c13_29","message":82,"msg_id":84,"seen_nodes":["n3","n0"],"type":"gossip"}}
2025/04/21 10:13:20 Sent {"src":"n3","dest":"n4","body":{"data_id":"c13_29","message":82,"msg_id":85,"seen_nodes":["n3","n0","n4"],"type":"gossip"}}
2025/04/21 10:13:20 Sent {"src":"n3","dest":"c13","body":{"in_reply_to":29,"msg_id":223,"type":"broadcast_ok"}}
2025/04/21 10:13:20 Received {n0 n3 {"data_id":"c11_29","message":81,"msg_id":102,"seen_nodes":["n0","n1","n4","n2","n3"],"type":"gossip"}}
2025/04/21 10:13:20 Received {n4 n3 {"already_seen":false,"in_reply_to":83,"msg_id":210,"seen_nodes":["n4","n3","n0","n1"],"type":"gossip_ok"}}
2025/04/21 10:13:20 Received {n4 n3 {"data_id":"c11_29","message":81,"msg_id":82,"seen_nodes":["n4","n1","n3"],"type":"gossip"}}
2025/04/21 10:13:20 Sent {"src":"n3","dest":"n0","body":{"already_seen":false,"in_reply_to":102,"msg_id":224,"seen_nodes":["n3","n0","n1","n4","n2"],"type":"gossip_ok"}}
2025/04/21 10:13:20 Sent {"src":"n3","dest":"n4","body":{"already_seen":true,"in_reply_to":82,"msg_id":225,"seen_nodes":["n3","n0","n1","n4","n2"],"type":"gossip_ok"}}
2025/04/21 10:13:20 Received {n4 n3 {"already_seen":false,"in_reply_to":85,"msg_id":216,"seen_nodes":["n4","n3","n0","n1"],"type":"gossip_ok"}}
2025/04/21 10:13:20 Received {n0 n3 {"already_seen":false,"in_reply_to":84,"msg_id":253,"seen_nodes":["n0","n3","n1"],"type":"gossip_ok"}}
2025/04/21 10:13:21 Received {c13 n3 {"type":"broadcast","message":84,"msg_id":30}}
2025/04/21 10:13:21 Sent {"src":"n3","dest":"n0","body":{"data_id":"c13_30","message":84,"msg_id":86,"seen_nodes":["n3","n0"],"type":"gossip"}}
2025/04/21 10:13:21 Sent {"src":"n3","dest":"n4","body":{"data_id":"c13_30","message":84,"msg_id":87,"seen_nodes":["n3","n0","n4"],"type":"gossip"}}
2025/04/21 10:13:21 Sent {"src":"n3","dest":"c13","body":{"in_reply_to":30,"msg_id":228,"type":"broadcast_ok"}}
2025/04/21 10:13:21 Received {n0 n3 {"already_seen":false,"in_reply_to":86,"msg_id":256,"seen_nodes":["n0","n3","n1"],"type":"gossip_ok"}}
2025/04/21 10:13:21 Received {n4 n3 {"data_id":"c14_30","message":85,"msg_id":86,"seen_nodes":["n4","n1","n3"],"type":"gossip"}}
2025/04/21 10:13:21 Received {n4 n3 {"already_seen":false,"in_reply_to":87,"msg_id":220,"seen_nodes":["n4","n3","n0","n1"],"type":"gossip_ok"}}
2025/04/21 10:13:21 Sent {"src":"n3","dest":"n0","body":{"data_id":"c14_30","message":85,"msg_id":88,"seen_nodes":["n3","n4","n1","n0"],"type":"gossip"}}
2025/04/21 10:13:21 Sent {"src":"n3","dest":"n4","body":{"already_seen":false,"in_reply_to":86,"msg_id":230,"seen_nodes":["n3","n4","n1","n0"],"type":"gossip_ok"}}
2025/04/21 10:13:21 Received {n4 n3 {"data_id":"c12_30","message":83,"msg_id":87,"seen_nodes":["n4","n1","n2","n3"],"type":"gossip"}}
2025/04/21 10:13:21 Received {n0 n3 {"data_id":"c12_30","message":83,"msg_id":105,"seen_nodes":["n0","n1","n2","n4","n3"],"type":"gossip"}}
2025/04/21 10:13:21 Sent {"src":"n3","dest":"n0","body":{"data_id":"c12_30","message":83,"msg_id":89,"seen_nodes":["n3","n4","n1","n2","n0"],"type":"gossip"}}
2025/04/21 10:13:21 Sent {"src":"n3","dest":"n0","body":{"already_seen":true,"in_reply_to":105,"msg_id":232,"seen_nodes":["n3","n4","n1","n2","n0"],"type":"gossip_ok"}}
2025/04/21 10:13:21 Sent {"src":"n3","dest":"n4","body":{"already_seen":false,"in_reply_to":87,"msg_id":233,"seen_nodes":["n3","n4","n1","n2","n0"],"type":"gossip_ok"}}
2025/04/21 10:13:21 Received {n0 n3 {"already_seen":false,"in_reply_to":88,"msg_id":259,"seen_nodes":["n0","n3","n4","n1"],"type":"gossip_ok"}}
2025/04/21 10:13:21 Received {n0 n3 {"data_id":"c10_59","message":86,"msg_id":106,"seen_nodes":["n0","n3"],"type":"gossip"}}
2025/04/21 10:13:21 Sent {"src":"n3","dest":"n4","body":{"data_id":"c10_59","message":86,"msg_id":90,"seen_nodes":["n3","n0","n4"],"type":"gossip"}}
2025/04/21 10:13:21 Sent {"src":"n3","dest":"n0","body":{"already_seen":false,"in_reply_to":106,"msg_id":235,"seen_nodes":["n3","n0","n4"],"type":"gossip_ok"}}
2025/04/21 10:13:21 Received {n0 n3 {"already_seen":true,"in_reply_to":89,"msg_id":264,"seen_nodes":["n0","n1","n2","n4","n3"],"type":"gossip_ok"}}
2025/04/21 10:13:21 Received {n4 n3 {"already_seen":true,"in_reply_to":90,"msg_id":226,"seen_nodes":["n4","n1","n0","n3"],"type":"gossip_ok"}}
2025/04/21 10:13:21 Received {c13 n3 {"type":"read","msg_id":31}}
2025/04/21 10:13:21 Sent {"src":"n3","dest":"c13","body":{"in_reply_to":31,"messages":[39,44,46,69,10,14,23,25,77,82,86,7,56,63,84,21,30,83,28,3,9,24,27,2,16,34,47,32,41,55,70,6,12,15,22,71,80,0,17,42,72,54,61,67,5,26,35,45,8,19,4,38,57,58,81,33,64,65,73,36,48,50,85,66,20,51,52,60,76,78,1,29,43,62,75,79,37,40,49,68,53,59,74,11,13,18,31],"msg_id":236,"type":"read_ok"}}
2025/04/21 10:13:21 Received {n4 n3 {"data_id":"c14_31","message":87,"msg_id":89,"seen_nodes":["n4","n1","n3"],"type":"gossip"}}
2025/04/21 10:13:21 Sent {"src":"n3","dest":"n0","body":{"data_id":"c14_31","message":87,"msg_id":91,"seen_nodes":["n3","n4","n1","n0"],"type":"gossip"}}
2025/04/21 10:13:21 Sent {"src":"n3","dest":"n4","body":{"already_seen":false,"in_reply_to":89,"msg_id":238,"seen_nodes":["n3","n4","n1","n0"],"type":"gossip_ok"}}
2025/04/21 10:13:21 Received {n0 n3 {"data_id":"c10_61","message":88,"msg_id":108,"seen_nodes":["n0","n3"],"type":"gossip"}}
2025/04/21 10:13:21 Sent {"src":"n3","dest":"n4","body":{"data_id":"c10_61","message":88,"msg_id":92,"seen_nodes":["n3","n0","n4"],"type":"gossip"}}
2025/04/21 10:13:21 Sent {"src":"n3","dest":"n0","body":{"already_seen":false,"in_reply_to":108,"msg_id":240,"seen_nodes":["n3","n0","n4"],"type":"gossip_ok"}}
2025/04/21 10:13:22 Received {n0 n3 {"already_seen":false,"in_reply_to":91,"msg_id":269,"seen_nodes":["n0","n3","n4","n1"],"type":"gossip_ok"}}
2025/04/21 10:13:22 Received {n4 n3 {"already_seen":false,"in_reply_to":92,"msg_id":232,"seen_nodes":["n4","n3","n0","n1"],"type":"gossip_ok"}}
2025/04/21 10:13:22 Received {c13 n3 {"type":"read","msg_id":32}}
2025/04/21 10:13:22 Sent {"src":"n3","dest":"c13","body":{"in_reply_to":32,"messages":[0,17,42,72,80,67,5,26,35,45,54,61,8,19,4,38,57,58,33,64,65,73,81,87,36,48,50,85,20,51,52,60,66,1,29,43,62,76,78,37,40,49,68,75,79,74,11,13,18,31,53,59,46,69,10,14,23,25,39,44,77,82,7,56,63,84,86,21,30,83,3,9,24,27,28,2,16,34,47,55,70,6,12,15,22,32,41,71,88],"msg_id":241,"type":"read_ok"}}
2025/04/21 10:13:22 Received {n0 n3 {"data_id":"c12_32","message":89,"msg_id":110,"seen_nodes":["n0","n1","n2","n4","n3"],"type":"gossip"}}
2025/04/21 10:13:22 Received {n4 n3 {"data_id":"c12_32","message":89,"msg_id":91,"seen_nodes":["n4","n1","n2","n3"],"type":"gossip"}}
2025/04/21 10:13:22 Received {n4 n3 {"data_id":"c14_32","message":90,"msg_id":93,"seen_nodes":["n4","n1","n3"],"type":"gossip"}}
2025/04/21 10:13:22 Sent {"src":"n3","dest":"n0","body":{"already_seen":false,"in_reply_to":110,"msg_id":242,"seen_nodes":["n3","n0","n1","n2","n4"],"type":"gossip_ok"}}
2025/04/21 10:13:22 Sent {"src":"n3","dest":"n0","body":{"data_id":"c14_32","message":90,"msg_id":93,"seen_nodes":["n3","n4","n1","n0"],"type":"gossip"}}
2025/04/21 10:13:22 Sent {"src":"n3","dest":"n4","body":{"already_seen":false,"in_reply_to":93,"msg_id":245,"seen_nodes":["n3","n4","n1","n0"],"type":"gossip_ok"}}
2025/04/21 10:13:22 Sent {"src":"n3","dest":"n4","body":{"already_seen":true,"in_reply_to":91,"msg_id":243,"seen_nodes":["n3","n0","n1","n2","n4"],"type":"gossip_ok"}}
2025/04/21 10:13:22 Received {n0 n3 {"data_id":"c14_32","message":90,"msg_id":111,"seen_nodes":["n0","n1","n4","n2","n3"],"type":"gossip"}}
2025/04/21 10:13:22 Received {n0 n3 {"already_seen":true,"in_reply_to":93,"msg_id":276,"seen_nodes":["n0","n1","n4","n2","n3"],"type":"gossip_ok"}}
2025/04/21 10:13:22 Sent {"src":"n3","dest":"n0","body":{"already_seen":true,"in_reply_to":111,"msg_id":246,"seen_nodes":["n3","n4","n1","n0","n2"],"type":"gossip_ok"}}
2025/04/21 10:13:22 Received {n0 n3 {"data_id":"c10_64","message":91,"msg_id":112,"seen_nodes":["n0","n3"],"type":"gossip"}}
2025/04/21 10:13:22 Sent {"src":"n3","dest":"n4","body":{"data_id":"c10_64","message":91,"msg_id":94,"seen_nodes":["n3","n0","n4"],"type":"gossip"}}
2025/04/21 10:13:22 Sent {"src":"n3","dest":"n0","body":{"already_seen":false,"in_reply_to":112,"msg_id":248,"seen_nodes":["n3","n0","n4"],"type":"gossip_ok"}}
2025/04/21 10:13:22 Received {n4 n3 {"data_id":"c11_34","message":92,"msg_id":94,"seen_nodes":["n4","n1","n3"],"type":"gossip"}}
2025/04/21 10:13:22 Received {n0 n3 {"data_id":"c11_34","message":92,"msg_id":114,"seen_nodes":["n0","n1","n4","n2","n3"],"type":"gossip"}}
2025/04/21 10:13:22 Sent {"src":"n3","dest":"n0","body":{"data_id":"c11_34","message":92,"msg_id":95,"seen_nodes":["n3","n4","n1","n0"],"type":"gossip"}}
2025/04/21 10:13:22 Sent {"src":"n3","dest":"n0","body":{"already_seen":true,"in_reply_to":114,"msg_id":250,"seen_nodes":["n3","n4","n1","n0"],"type":"gossip_ok"}}
2025/04/21 10:13:22 Sent {"src":"n3","dest":"n4","body":{"already_seen":false,"in_reply_to":94,"msg_id":251,"seen_nodes":["n3","n4","n1","n0"],"type":"gossip_ok"}}
2025/04/21 10:13:22 Received {n4 n3 {"already_seen":false,"in_reply_to":94,"msg_id":242,"seen_nodes":["n4","n3","n0","n1"],"type":"gossip_ok"}}
2025/04/21 10:13:22 Received {c13 n3 {"type":"broadcast","message":94,"msg_id":33}}
2025/04/21 10:13:22 Sent {"src":"n3","dest":"n0","body":{"data_id":"c13_33","message":94,"msg_id":96,"seen_nodes":["n3","n0"],"type":"gossip"}}
2025/04/21 10:13:22 Sent {"src":"n3","dest":"n4","body":{"data_id":"c13_33","message":94,"msg_id":97,"seen_nodes":["n3","n0","n4"],"type":"gossip"}}
2025/04/21 10:13:22 Sent {"src":"n3","dest":"c13","body":{"in_reply_to":33,"msg_id":254,"type":"broadcast_ok"}}
2025/04/21 10:13:23 Received {n4 n3 {"data_id":"c12_33","message":93,"msg_id":96,"seen_nodes":["n4","n1","n2","n3"],"type":"gossip"}}
2025/04/21 10:13:23 Received {n0 n3 {"already_seen":true,"in_reply_to":95,"msg_id":283,"seen_nodes":["n0","n1","n4","n2","n3"],"type":"gossip_ok"}}
2025/04/21 10:13:23 Received {n0 n3 {"data_id":"c12_33","message":93,"msg_id":115,"seen_nodes":["n0","n1","n2","n4","n3"],"type":"gossip"}}
2025/04/21 10:13:23 Sent {"src":"n3","dest":"n0","body":{"data_id":"c12_33","message":93,"msg_id":98,"seen_nodes":["n3","n4","n1","n2","n0"],"type":"gossip"}}
2025/04/21 10:13:23 Sent {"src":"n3","dest":"n4","body":{"already_seen":false,"in_reply_to":96,"msg_id":256,"seen_nodes":["n3","n4","n1","n2","n0"],"type":"gossip_ok"}}
2025/04/21 10:13:23 Sent {"src":"n3","dest":"n0","body":{"already_seen":true,"in_reply_to":115,"msg_id":257,"seen_nodes":["n3","n4","n1","n2","n0"],"type":"gossip_ok"}}
2025/04/21 10:13:23 Received {n0 n3 {"already_seen":false,"in_reply_to":96,"msg_id":287,"seen_nodes":["n0","n3","n1"],"type":"gossip_ok"}}
2025/04/21 10:13:23 Received {n4 n3 {"already_seen":false,"in_reply_to":97,"msg_id":247,"seen_nodes":["n4","n3","n0","n1"],"type":"gossip_ok"}}
2025/04/21 10:13:23 Received {n0 n3 {"already_seen":true,"in_reply_to":98,"msg_id":288,"seen_nodes":["n0","n1","n2","n4","n3"],"type":"gossip_ok"}}
2025/04/21 10:13:32 Received {c13 n3 {"type":"read","msg_id":34}}
2025/04/21 10:13:32 Sent {"src":"n3","dest":"c13","body":{"in_reply_to":34,"messages":[4,38,57,58,89,87,33,64,65,73,81,36,48,50,85,20,51,52,60,66,78,1,29,43,62,76,79,37,40,49,68,75,59,74,90,11,13,18,31,53,44,46,69,10,14,23,25,39,77,82,7,56,63,84,86,21,30,83,3,9,24,27,28,2,16,34,47,41,55,70,6,12,15,22,32,71,88,92,94,0,17,42,72,80,61,67,5,26,35,45,54,8,19,91,93],"msg_id":258,"type":"read_ok"}}
