2025/04/21 10:13:02 Received {c3 n4 {"type":"init","node_id":"n4","node_ids":["n0","n1","n2","n3","n4"],"msg_id":1}}
2025/04/21 10:13:02 Node n4 initialized
2025/04/21 10:13:02 Sent {"src":"n4","dest":"c3","body":{"in_reply_to":1,"type":"init_ok"}}
2025/04/21 10:13:02 Received {c9 n4 {"type":"topology","topology":{"n0":["n3","n1"],"n1":["n4","n2","n0"],"n2":["n1"],"n3":["n0","n4"],"n4":["n1","n3"]},"msg_id":1}}
2025/04/21 10:13:02 Sent {"src":"n4","dest":"c9","body":{"in_reply_to":1,"msg_id":1,"type":"topology_ok"}}
2025/04/21 10:13:03 Received {n1 n4 {"data_id":"c12_1","message":0,"msg_id":1,"seen_nodes":["n1","n2","n4"],"type":"gossip"}}
2025/04/21 10:13:03 Sent {"src":"n4","dest":"n3","body":{"data_id":"c12_1","message":0,"msg_id":1,"seen_nodes":["n4","n1","n2","n3"],"type":"gossip"}}
2025/04/21 10:13:03 Sent {"src":"n4","dest":"n1","body":{"already_seen":false,"in_reply_to":1,"msg_id":3,"seen_nodes":["n4","n1","n2","n3"],"type":"gossip_ok"}}
2025/04/21 10:13:03 Received {c14 n4 {"type":"read","msg_id":1}}
2025/04/21 10:13:03 Sent {"src":"n4","dest":"c14","body":{"in_reply_to":1,"messages":[0],"msg_id":4,"type":"read_ok"}}
2025/04/21 10:13:03 Received {n3 n4 {"already_seen":false,"in_reply_to":1,"msg_id":4,"seen_nodes":["n3","n4","n1","n2","n0"],"type":"gossip_ok"}}
2025/04/21 10:13:03 Received {n3 n4 {"data_id":"c10_2","message":1,"msg_id":2,"seen_nodes":["n3","n0","n4"],"type":"gossip"}}
2025/04/21 10:13:03 Received {n1 n4 {"data_id":"c10_2","message":1,"msg_id":3,"seen_nodes":["n1","n0","n3","n4"],"type":"gossip"}}
2025/04/21 10:13:03 Sent {"src":"n4","dest":"n1","body":{"already_seen":false,"in_reply_to":3,"msg_id":5,"seen_nodes":["n4","n1","n0","n3"],"type":"gossip_ok"}}
2025/04/21 10:13:03 Sent {"src":"n4","dest":"n3","body":{"already_seen":true,"in_reply_to":2,"msg_id":6,"seen_nodes":["n4","n1","n0","n3"],"type":"gossip_ok"}}
2025/04/21 10:13:03 Received {n1 n4 {"data_id":"c11_2","message":2,"msg_id":5,"seen_nodes":["n1","n4"],"type":"gossip"}}
2025/04/21 10:13:03 Received {c14 n4 {"type":"read","msg_id":2}}
2025/04/21 10:13:03 Sent {"src":"n4","dest":"n3","body":{"data_id":"c11_2","message":2,"msg_id":2,"seen_nodes":["n4","n1","n3"],"type":"gossip"}}
2025/04/21 10:13:03 Sent {"src":"n4","dest":"n1","body":{"already_seen":false,"in_reply_to":5,"msg_id":8,"seen_nodes":["n4","n1","n3"],"type":"gossip_ok"}}
2025/04/21 10:13:03 Sent {"src":"n4","dest":"c14","body":{"in_reply_to":2,"messages":[1,2,0],"msg_id":9,"type":"read_ok"}}
2025/04/21 10:13:04 Received {n3 n4 {"already_seen":false,"in_reply_to":2,"msg_id":10,"seen_nodes":["n3","n4","n1","n0"],"type":"gossip_ok"}}
2025/04/21 10:13:04 Received {n3 n4 {"data_id":"c10_4","message":3,"msg_id":4,"seen_nodes":["n3","n0","n4"],"type":"gossip"}}
2025/04/21 10:13:04 Sent {"src":"n4","dest":"n1","body":{"data_id":"c10_4","message":3,"msg_id":3,"seen_nodes":["n4","n3","n0","n1"],"type":"gossip"}}
2025/04/21 10:13:04 Received {n1 n4 {"data_id":"c10_4","message":3,"msg_id":8,"seen_nodes":["n1","n0","n3","n4"],"type":"gossip"}}
2025/04/21 10:13:04 Sent {"src":"n4","dest":"n3","body":{"already_seen":false,"in_reply_to":4,"msg_id":11,"seen_nodes":["n4","n3","n0","n1"],"type":"gossip_ok"}}
2025/04/21 10:13:04 Sent {"src":"n4","dest":"n1","body":{"already_seen":true,"in_reply_to":8,"msg_id":12,"seen_nodes":["n4","n3","n0","n1"],"type":"gossip_ok"}}
2025/04/21 10:13:04 Received {n1 n4 {"data_id":"c11_3","message":4,"msg_id":10,"seen_nodes":["n1","n4"],"type":"gossip"}}
2025/04/21 10:13:04 Sent {"src":"n4","dest":"n3","body":{"data_id":"c11_3","message":4,"msg_id":4,"seen_nodes":["n4","n1","n3"],"type":"gossip"}}
2025/04/21 10:13:04 Sent {"src":"n4","dest":"n1","body":{"already_seen":false,"in_reply_to":10,"msg_id":14,"seen_nodes":["n4","n1","n3"],"type":"gossip_ok"}}
2025/04/21 10:13:04 Received {n1 n4 {"already_seen":true,"in_reply_to":3,"msg_id":20,"seen_nodes":["n1","n0","n3","n4","n2"],"type":"gossip_ok"}}
2025/04/21 10:13:04 Received {n3 n4 {"already_seen":true,"in_reply_to":4,"msg_id":15,"seen_nodes":["n3","n0","n1","n4","n2"],"type":"gossip_ok"}}
2025/04/21 10:13:04 Received {c14 n4 {"type":"read","msg_id":3}}
2025/04/21 10:13:04 Sent {"src":"n4","dest":"c14","body":{"in_reply_to":3,"messages":[0,1,2,3,4],"msg_id":15,"type":"read_ok"}}
2025/04/21 10:13:04 Received {n1 n4 {"data_id":"c12_3","message":5,"msg_id":13,"seen_nodes":["n1","n2","n4"],"type":"gossip"}}
2025/04/21 10:13:04 Sent {"src":"n4","dest":"n3","body":{"data_id":"c12_3","message":5,"msg_id":5,"seen_nodes":["n4","n1","n2","n3"],"type":"gossip"}}
2025/04/21 10:13:04 Sent {"src":"n4","dest":"n1","body":{"already_seen":false,"in_reply_to":13,"msg_id":17,"seen_nodes":["n4","n1","n2","n3"],"type":"gossip_ok"}}
2025/04/21 10:13:04 Received {n3 n4 {"data_id":"c10_6","message":6,"msg_id":5,"seen_nodes":["n3","n0","n4"],"type":"gossip"}}
2025/04/21 10:13:04 Sent {"src":"n4","dest":"n1","body":{"data_id":"c10_6","message":6,"msg_id":6,"seen_nodes":["n4","n3","n0","n1"],"type":"gossip"}}
2025/04/21 10:13:04 Sent {"src":"n4","dest":"n3","body":{"already_seen":false,"in_reply_to":5,"msg_id":19,"seen_nodes":["n4","n3","n0","n1"],"type":"gossip_ok"}}
2025/04/21 10:13:04 Received {n1 n4 {"data_id":"c10_6","message":6,"msg_id":15,"seen_nodes":["n1","n0","n3","n4"],"type":"gossip"}}
2025/04/21 10:13:04 Sent {"src":"n4","dest":"n1","body":{"already_seen":true,"in_reply_to":15,"msg_id":20,"seen_nodes":["n4","n3","n0","n1"],"type":"gossip_ok"}}
2025/04/21 10:13:04 Received {n3 n4 {"already_seen":false,"in_reply_to":5,"msg_id":20,"seen_nodes":["n3","n4","n1","n2","n0"],"type":"gossip_ok"}}
2025/04/21 10:13:05 Received {n1 n4 {"already_seen":true,"in_reply_to":6,"msg_id":28,"seen_nodes":["n1","n0","n3","n4","n2"],"type":"gossip_ok"}}
2025/04/21 10:13:05 Received {n1 n4 {"data_id":"c12_4","message":7,"msg_id":17,"seen_nodes":["n1","n2","n4"],"type":"gossip"}}
2025/04/21 10:13:05 Received {c14 n4 {"type":"broadcast","message":8,"msg_id":4}}
2025/04/21 10:13:05 Sent {"src":"n4","dest":"n3","body":{"data_id":"c12_4","message":7,"msg_id":7,"seen_nodes":["n4","n1","n2","n3"],"type":"gossip"}}
2025/04/21 10:13:05 Sent {"src":"n4","dest":"n1","body":{"already_seen":false,"in_reply_to":17,"msg_id":22,"seen_nodes":["n4","n1","n2","n3"],"type":"gossip_ok"}}
2025/04/21 10:13:05 Sent {"src":"n4","dest":"n1","body":{"data_id":"c14_4","message":8,"msg_id":8,"seen_nodes":["n4","n1"],"type":"gossip"}}
2025/04/21 10:13:05 Sent {"src":"n4","dest":"n3","body":{"data_id":"c14_4","message":8,"msg_id":9,"seen_nodes":["n4","n1","n3"],"type":"gossip"}}
2025/04/21 10:13:05 Sent {"src":"n4","dest":"c14","body":{"in_reply_to":4,"msg_id":25,"type":"broadcast_ok"}}
2025/04/21 10:13:05 Received {n3 n4 {"already_seen":true,"in_reply_to":7,"msg_id":24,"seen_nodes":["n3","n0","n1","n2","n4"],"type":"gossip_ok"}}
2025/04/21 10:13:05 Received {n1 n4 {"already_seen":false,"in_reply_to":8,"msg_id":34,"seen_nodes":["n1","n4","n2","n0"],"type":"gossip_ok"}}
2025/04/21 10:13:05 Received {n3 n4 {"already_seen":false,"in_reply_to":9,"msg_id":26,"seen_nodes":["n3","n4","n1","n0"],"type":"gossip_ok"}}
2025/04/21 10:13:05 Received {n1 n4 {"data_id":"c11_5","message":9,"msg_id":21,"seen_nodes":["n1","n4"],"type":"gossip"}}
2025/04/21 10:13:05 Sent {"src":"n4","dest":"n3","body":{"data_id":"c11_5","message":9,"msg_id":10,"seen_nodes":["n4","n1","n3"],"type":"gossip"}}
2025/04/21 10:13:05 Sent {"src":"n4","dest":"n1","body":{"already_seen":false,"in_reply_to":21,"msg_id":27,"seen_nodes":["n4","n1","n3"],"type":"gossip_ok"}}
2025/04/21 10:13:05 Received {n3 n4 {"already_seen":false,"in_reply_to":10,"msg_id":30,"seen_nodes":["n3","n4","n1","n0"],"type":"gossip_ok"}}
2025/04/21 10:13:05 Received {c14 n4 {"type":"read","msg_id":5}}
2025/04/21 10:13:05 Sent {"src":"n4","dest":"c14","body":{"in_reply_to":5,"messages":[5,9,1,2,3,4,0,6,7,8],"msg_id":28,"type":"read_ok"}}
2025/04/21 10:13:06 Received {n1 n4 {"data_id":"c10_10","message":10,"msg_id":24,"seen_nodes":["n1","n0","n3","n4"],"type":"gossip"}}
2025/04/21 10:13:06 Received {n3 n4 {"data_id":"c10_10","message":10,"msg_id":9,"seen_nodes":["n3","n0","n4"],"type":"gossip"}}
2025/04/21 10:13:06 Sent {"src":"n4","dest":"n3","body":{"already_seen":true,"in_reply_to":9,"msg_id":30,"seen_nodes":["n4","n1","n0","n3"],"type":"gossip_ok"}}
2025/04/21 10:13:06 Sent {"src":"n4","dest":"n1","body":{"already_seen":false,"in_reply_to":24,"msg_id":29,"seen_nodes":["n4","n1","n0","n3"],"type":"gossip_ok"}}
2025/04/21 10:13:06 Received {n3 n4 {"data_id":"c13_6","message":11,"msg_id":11,"seen_nodes":["n3","n0","n4"],"type":"gossip"}}
2025/04/21 10:13:06 Received {c14 n4 {"type":"broadcast","message":12,"msg_id":6}}
2025/04/21 10:13:06 Sent {"src":"n4","dest":"n1","body":{"data_id":"c14_6","message":12,"msg_id":11,"seen_nodes":["n4","n1"],"type":"gossip"}}
2025/04/21 10:13:06 Sent {"src":"n4","dest":"n1","body":{"data_id":"c13_6","message":11,"msg_id":12,"seen_nodes":["n4","n3","n0","n1"],"type":"gossip"}}
2025/04/21 10:13:06 Sent {"src":"n4","dest":"n3","body":{"data_id":"c14_6","message":12,"msg_id":13,"seen_nodes":["n4","n1","n3"],"type":"gossip"}}
2025/04/21 10:13:06 Sent {"src":"n4","dest":"n3","body":{"already_seen":false,"in_reply_to":11,"msg_id":34,"seen_nodes":["n4","n3","n0","n1"],"type":"gossip_ok"}}
2025/04/21 10:13:06 Sent {"src":"n4","dest":"c14","body":{"in_reply_to":6,"msg_id":35,"type":"broadcast_ok"}}
2025/04/21 10:13:06 Received {n1 n4 {"data_id":"c13_6","message":11,"msg_id":26,"seen_nodes":["n1","n0","n3","n4"],"type":"gossip"}}
2025/04/21 10:13:06 Received {n3 n4 {"already_seen":false,"in_reply_to":13,"msg_id":38,"seen_nodes":["n3","n4","n1","n0"],"type":"gossip_ok"}}
2025/04/21 10:13:06 Sent {"src":"n4","dest":"n1","body":{"already_seen":true,"in_reply_to":26,"msg_id":36,"seen_nodes":["n4","n3","n0","n1"],"type":"gossip_ok"}}
2025/04/21 10:13:06 Received {n3 n4 {"data_id":"c10_12","message":13,"msg_id":13,"seen_nodes":["n3","n0","n4"],"type":"gossip"}}
2025/04/21 10:13:06 Received {n1 n4 {"already_seen":false,"in_reply_to":11,"msg_id":48,"seen_nodes":["n1","n4","n2","n0"],"type":"gossip_ok"}}
2025/04/21 10:13:06 Sent {"src":"n4","dest":"n1","body":{"data_id":"c10_12","message":13,"msg_id":14,"seen_nodes":["n4","n3","n0","n1"],"type":"gossip"}}
2025/04/21 10:13:06 Sent {"src":"n4","dest":"n3","body":{"already_seen":false,"in_reply_to":13,"msg_id":38,"seen_nodes":["n4","n3","n0","n1"],"type":"gossip_ok"}}
2025/04/21 10:13:06 Received {n1 n4 {"already_seen":true,"in_reply_to":12,"msg_id":49,"seen_nodes":["n1","n0","n3","n4","n2"],"type":"gossip_ok"}}
2025/04/21 10:13:06 Received {n1 n4 {"data_id":"c10_12","message":13,"msg_id":30,"seen_nodes":["n1","n0","n3","n4"],"type":"gossip"}}
2025/04/21 10:13:06 Sent {"src":"n4","dest":"n1","body":{"already_seen":true,"in_reply_to":30,"msg_id":39,"seen_nodes":["n4","n3","n0","n1"],"type":"gossip_ok"}}
2025/04/21 10:13:06 Received {n1 n4 {"data_id":"c11_7","message":14,"msg_id":32,"seen_nodes":["n1","n4"],"type":"gossip"}}
2025/04/21 10:13:06 Sent {"src":"n4","dest":"n3","body":{"data_id":"c11_7","message":14,"msg_id":15,"seen_nodes":["n4","n1","n3"],"type":"gossip"}}
2025/04/21 10:13:06 Sent {"src":"n4","dest":"n1","body":{"already_seen":false,"in_reply_to":32,"msg_id":41,"seen_nodes":["n4","n1","n3"],"type":"gossip_ok"}}
2025/04/21 10:13:06 Received {n1 n4 {"already_seen":true,"in_reply_to":14,"msg_id":57,"seen_nodes":["n1","n0","n3","n4","n2"],"type":"gossip_ok"}}
2025/04/21 10:13:06 Received {n3 n4 {"already_seen":false,"in_reply_to":15,"msg_id":42,"seen_nodes":["n3","n4","n1","n0"],"type":"gossip_ok"}}
2025/04/21 10:13:06 Received {c14 n4 {"type":"broadcast","message":15,"msg_id":7}}
2025/04/21 10:13:06 Sent {"src":"n4","dest":"n1","body":{"data_id":"c14_7","message":15,"msg_id":16,"seen_nodes":["n4","n1"],"type":"gossip"}}
2025/04/21 10:13:06 Sent {"src":"n4","dest":"n3","body":{"data_id":"c14_7","message":15,"msg_id":17,"seen_nodes":["n4","n1","n3"],"type":"gossip"}}
2025/04/21 10:13:06 Sent {"src":"n4","dest":"c14","body":{"in_reply_to":7,"msg_id":44,"type":"broadcast_ok"}}
2025/04/21 10:13:07 Received {n3 n4 {"already_seen":false,"in_reply_to":17,"msg_id":46,"seen_nodes":["n3","n4","n1","n0"],"type":"gossip_ok"}}
2025/04/21 10:13:07 Received {n1 n4 {"already_seen":false,"in_reply_to":16,"msg_id":60,"seen_nodes":["n1","n4","n2","n0"],"type":"gossip_ok"}}
2025/04/21 10:13:07 Received {n3 n4 {"data_id":"c10_14","message":16,"msg_id":16,"seen_nodes":["n3","n0","n4"],"type":"gossip"}}
2025/04/21 10:13:07 Received {n1 n4 {"data_id":"c10_14","message":16,"msg_id":37,"seen_nodes":["n1","n0","n3","n4"],"type":"gossip"}}
2025/04/21 10:13:07 Sent {"src":"n4","dest":"n1","body":{"data_id":"c10_14","message":16,"msg_id":18,"seen_nodes":["n4","n3","n0","n1"],"type":"gossip"}}
2025/04/21 10:13:07 Sent {"src":"n4","dest":"n3","body":{"already_seen":false,"in_reply_to":16,"msg_id":46,"seen_nodes":["n4","n3","n0","n1"],"type":"gossip_ok"}}
2025/04/21 10:13:07 Sent {"src":"n4","dest":"n1","body":{"already_seen":true,"in_reply_to":37,"msg_id":47,"seen_nodes":["n4","n3","n0","n1"],"type":"gossip_ok"}}
2025/04/21 10:13:07 Received {n1 n4 {"data_id":"c11_8","message":17,"msg_id":39,"seen_nodes":["n1","n4"],"type":"gossip"}}
2025/04/21 10:13:07 Sent {"src":"n4","dest":"n3","body":{"data_id":"c11_8","message":17,"msg_id":19,"seen_nodes":["n4","n1","n3"],"type":"gossip"}}
2025/04/21 10:13:07 Sent {"src":"n4","dest":"n1","body":{"already_seen":false,"in_reply_to":39,"msg_id":49,"seen_nodes":["n4","n1","n3"],"type":"gossip_ok"}}
2025/04/21 10:13:07 Received {n1 n4 {"already_seen":true,"in_reply_to":18,"msg_id":68,"seen_nodes":["n1","n0","n3","n4","n2"],"type":"gossip_ok"}}
2025/04/21 10:13:07 Received {n3 n4 {"already_seen":false,"in_reply_to":19,"msg_id":51,"seen_nodes":["n3","n4","n1","n0"],"type":"gossip_ok"}}
2025/04/21 10:13:07 Received {c14 n4 {"type":"broadcast","message":19,"msg_id":8}}
2025/04/21 10:13:07 Sent {"src":"n4","dest":"n1","body":{"data_id":"c14_8","message":19,"msg_id":20,"seen_nodes":["n4","n1"],"type":"gossip"}}
2025/04/21 10:13:07 Sent {"src":"n4","dest":"n3","body":{"data_id":"c14_8","message":19,"msg_id":21,"seen_nodes":["n4","n1","n3"],"type":"gossip"}}
2025/04/21 10:13:07 Sent {"src":"n4","dest":"c14","body":{"in_reply_to":8,"msg_id":52,"type":"broadcast_ok"}}
2025/04/21 10:13:07 Received {n1 n4 {"data_id":"c12_8","message":18,"msg_id":42,"seen_nodes":["n1","n2","n4"],"type":"gossip"}}
2025/04/21 10:13:07 Sent {"src":"n4","dest":"n3","body":{"data_id":"c12_8","message":18,"msg_id":22,"seen_nodes":["n4","n1","n2","n3"],"type":"gossip"}}
2025/04/21 10:13:07 Sent {"src":"n4","dest":"n1","body":{"already_seen":false,"in_reply_to":42,"msg_id":54,"seen_nodes":["n4","n1","n2","n3"],"type":"gossip_ok"}}
2025/04/21 10:13:07 Received {n3 n4 {"already_seen":false,"in_reply_to":21,"msg_id":54,"seen_nodes":["n3","n4","n1","n0"],"type":"gossip_ok"}}
2025/04/21 10:13:07 Received {n1 n4 {"already_seen":false,"in_reply_to":20,"msg_id":74,"seen_nodes":["n1","n4","n2","n0"],"type":"gossip_ok"}}
2025/04/21 10:13:07 Received {n1 n4 {"data_id":"c10_16","message":20,"msg_id":46,"seen_nodes":["n1","n0","n3","n4"],"type":"gossip"}}
2025/04/21 10:13:07 Received {n3 n4 {"data_id":"c10_16","message":20,"msg_id":20,"seen_nodes":["n3","n0","n4"],"type":"gossip"}}
2025/04/21 10:13:07 Received {n3 n4 {"already_seen":false,"in_reply_to":22,"msg_id":58,"seen_nodes":["n3","n4","n1","n2","n0"],"type":"gossip_ok"}}
2025/04/21 10:13:07 Sent {"src":"n4","dest":"n1","body":{"already_seen":false,"in_reply_to":46,"msg_id":55,"seen_nodes":["n4","n1","n0","n3"],"type":"gossip_ok"}}
2025/04/21 10:13:07 Sent {"src":"n4","dest":"n3","body":{"already_seen":true,"in_reply_to":20,"msg_id":56,"seen_nodes":["n4","n1","n0","n3"],"type":"gossip_ok"}}
2025/04/21 10:13:07 Received {n3 n4 {"data_id":"c10_17","message":21,"msg_id":21,"seen_nodes":["n3","n0","n4"],"type":"gossip"}}
2025/04/21 10:13:07 Received {n1 n4 {"data_id":"c10_17","message":21,"msg_id":48,"seen_nodes":["n1","n0","n3","n4"],"type":"gossip"}}
2025/04/21 10:13:07 Sent {"src":"n4","dest":"n1","body":{"data_id":"c10_17","message":21,"msg_id":23,"seen_nodes":["n4","n3","n0","n1"],"type":"gossip"}}
2025/04/21 10:13:07 Sent {"src":"n4","dest":"n1","body":{"already_seen":true,"in_reply_to":48,"msg_id":58,"seen_nodes":["n4","n3","n0","n1"],"type":"gossip_ok"}}
2025/04/21 10:13:07 Sent {"src":"n4","dest":"n3","body":{"already_seen":false,"in_reply_to":21,"msg_id":59,"seen_nodes":["n4","n3","n0","n1"],"type":"gossip_ok"}}
2025/04/21 10:13:07 Received {n1 n4 {"data_id":"c11_9","message":22,"msg_id":50,"seen_nodes":["n1","n4"],"type":"gossip"}}
2025/04/21 10:13:07 Sent {"src":"n4","dest":"n3","body":{"data_id":"c11_9","message":22,"msg_id":24,"seen_nodes":["n4","n1","n3"],"type":"gossip"}}
2025/04/21 10:13:07 Sent {"src":"n4","dest":"n1","body":{"already_seen":false,"in_reply_to":50,"msg_id":61,"seen_nodes":["n4","n1","n3"],"type":"gossip_ok"}}
2025/04/21 10:13:07 Received {n1 n4 {"already_seen":true,"in_reply_to":23,"msg_id":85,"seen_nodes":["n1","n0","n3","n4","n2"],"type":"gossip_ok"}}
2025/04/21 10:13:07 Received {c14 n4 {"type":"read","msg_id":9}}
2025/04/21 10:13:07 Sent {"src":"n4","dest":"c14","body":{"in_reply_to":9,"messages":[6,7,14,17,20,2,3,12,11,16,21,0,8,10,13,18,1,4,5,9,15,19,22],"msg_id":62,"type":"read_ok"}}
2025/04/21 10:13:07 Received {n3 n4 {"already_seen":false,"in_reply_to":24,"msg_id":63,"seen_nodes":["n3","n4","n1","n0"],"type":"gossip_ok"}}
2025/04/21 10:13:08 Received {n1 n4 {"data_id":"c10_19","message":23,"msg_id":53,"seen_nodes":["n1","n0","n3","n4"],"type":"gossip"}}
2025/04/21 10:13:08 Received {n3 n4 {"data_id":"c10_19","message":23,"msg_id":23,"seen_nodes":["n3","n0","n4"],"type":"gossip"}}
2025/04/21 10:13:08 Sent {"src":"n4","dest":"n1","body":{"already_seen":false,"in_reply_to":53,"msg_id":63,"seen_nodes":["n4","n1","n0","n3"],"type":"gossip_ok"}}
2025/04/21 10:13:08 Sent {"src":"n4","dest":"n3","body":{"already_seen":true,"in_reply_to":23,"msg_id":64,"seen_nodes":["n4","n1","n0","n3"],"type":"gossip_ok"}}
2025/04/21 10:13:08 Received {n1 n4 {"data_id":"c11_10","message":24,"msg_id":55,"seen_nodes":["n1","n4"],"type":"gossip"}}
2025/04/21 10:13:08 Sent {"src":"n4","dest":"n3","body":{"data_id":"c11_10","message":24,"msg_id":25,"seen_nodes":["n4","n1","n3"],"type":"gossip"}}
2025/04/21 10:13:08 Sent {"src":"n4","dest":"n1","body":{"already_seen":false,"in_reply_to":55,"msg_id":66,"seen_nodes":["n4","n1","n3"],"type":"gossip_ok"}}
2025/04/21 10:13:08 Received {n3 n4 {"already_seen":true,"in_reply_to":25,"msg_id":69,"seen_nodes":["n3","n0","n1","n4","n2"],"type":"gossip_ok"}}
2025/04/21 10:13:08 Received {n3 n4 {"data_id":"c13_10","message":25,"msg_id":25,"seen_nodes":["n3","n0","n4"],"type":"gossip"}}
2025/04/21 10:13:08 Received {c14 n4 {"type":"read","msg_id":10}}
2025/04/21 10:13:08 Sent {"src":"n4","dest":"n1","body":{"data_id":"c13_10","message":25,"msg_id":26,"seen_nodes":["n4","n3","n0","n1"],"type":"gossip"}}
2025/04/21 10:13:08 Sent {"src":"n4","dest":"c14","body":{"in_reply_to":10,"messages":[17,20,23,6,7,14,11,16,21,2,3,12,13,18,25,0,8,10,9,15,19,22,24,1,4,5],"msg_id":68,"type":"read_ok"}}
2025/04/21 10:13:08 Sent {"src":"n4","dest":"n3","body":{"already_seen":false,"in_reply_to":25,"msg_id":69,"seen_nodes":["n4","n3","n0","n1"],"type":"gossip_ok"}}
2025/04/21 10:13:08 Received {n1 n4 {"already_seen":false,"in_reply_to":26,"msg_id":95,"seen_nodes":["n1","n4","n3","n0","n2"],"type":"gossip_ok"}}
2025/04/21 10:13:08 Received {n1 n4 {"data_id":"c10_20","message":26,"msg_id":59,"seen_nodes":["n1","n0","n3","n4"],"type":"gossip"}}
2025/04/21 10:13:08 Received {n3 n4 {"data_id":"c10_20","message":26,"msg_id":26,"seen_nodes":["n3","n0","n4"],"type":"gossip"}}
2025/04/21 10:13:08 Sent {"src":"n4","dest":"n1","body":{"already_seen":false,"in_reply_to":59,"msg_id":70,"seen_nodes":["n4","n1","n0","n3"],"type":"gossip_ok"}}
2025/04/21 10:13:08 Sent {"src":"n4","dest":"n3","body":{"already_seen":true,"in_reply_to":26,"msg_id":71,"seen_nodes":["n4","n1","n0","n3"],"type":"gossip_ok"}}
2025/04/21 10:13:09 Received {n1 n4 {"data_id":"c12_11","message":27,"msg_id":61,"seen_nodes":["n1","n2","n4"],"type":"gossip"}}
2025/04/21 10:13:09 Sent {"src":"n4","dest":"n3","body":{"data_id":"c12_11","message":27,"msg_id":27,"seen_nodes":["n4","n1","n2","n3"],"type":"gossip"}}
2025/04/21 10:13:09 Sent {"src":"n4","dest":"n1","body":{"already_seen":false,"in_reply_to":61,"msg_id":73,"seen_nodes":["n4","n1","n2","n3"],"type":"gossip_ok"}}
2025/04/21 10:13:09 Received {c14 n4 {"type":"broadcast","message":28,"msg_id":11}}
2025/04/21 10:13:09 Sent {"src":"n4","dest":"n1","body":{"data_id":"c14_11","message":28,"msg_id":28,"seen_nodes":["n4","n1"],"type":"gossip"}}
2025/04/21 10:13:09 Sent {"src":"n4","dest":"n3","body":{"data_id":"c14_11","message":28,"msg_id":29,"seen_nodes":["n4","n1","n3"],"type":"gossip"}}
2025/04/21 10:13:09 Sent {"src":"n4","dest":"c14","body":{"in_reply_to":11,"msg_id":76,"type":"broadcast_ok"}}
2025/04/21 10:13:09 Received {n3 n4 {"already_seen":true,"in_reply_to":27,"msg_id":77,"seen_nodes":["n3","n0","n1","n2","n4"],"type":"gossip_ok"}}
2025/04/21 10:13:09 Received {n1 n4 {"already_seen":false,"in_reply_to":28,"msg_id":105,"seen_nodes":["n1","n4","n2","n0"],"type":"gossip_ok"}}
2025/04/21 10:13:09 Received {n3 n4 {"already_seen":false,"in_reply_to":29,"msg_id":79,"seen_nodes":["n3","n4","n1","n0"],"type":"gossip_ok"}}
2025/04/21 10:13:09 Received {n3 n4 {"data_id":"c10_22","message":29,"msg_id":28,"seen_nodes":["n3","n0","n4"],"type":"gossip"}}
2025/04/21 10:13:09 Received {n1 n4 {"data_id":"c10_22","message":29,"msg_id":65,"seen_nodes":["n1","n0","n3","n4"],"type":"gossip"}}
2025/04/21 10:13:09 Sent {"src":"n4","dest":"n1","body":{"data_id":"c10_22","message":29,"msg_id":30,"seen_nodes":["n4","n3","n0","n1"],"type":"gossip"}}
2025/04/21 10:13:09 Sent {"src":"n4","dest":"n1","body":{"already_seen":true,"in_reply_to":65,"msg_id":78,"seen_nodes":["n4","n3","n0","n1"],"type":"gossip_ok"}}
2025/04/21 10:13:09 Sent {"src":"n4","dest":"n3","body":{"already_seen":false,"in_reply_to":28,"msg_id":79,"seen_nodes":["n4","n3","n0","n1"],"type":"gossip_ok"}}
2025/04/21 10:13:09 Received {n1 n4 {"data_id":"c11_12","message":31,"msg_id":67,"seen_nodes":["n1","n4"],"type":"gossip"}}
2025/04/21 10:13:09 Received {n1 n4 {"data_id":"c10_23","message":30,"msg_id":68,"seen_nodes":["n1","n0","n3","n4"],"type":"gossip"}}
2025/04/21 10:13:09 Received {n3 n4 {"data_id":"c10_23","message":30,"msg_id":29,"seen_nodes":["n3","n0","n4"],"type":"gossip"}}
2025/04/21 10:13:09 Sent {"src":"n4","dest":"n3","body":{"data_id":"c11_12","message":31,"msg_id":31,"seen_nodes":["n4","n1","n3"],"type":"gossip"}}
2025/04/21 10:13:09 Sent {"src":"n4","dest":"n1","body":{"already_seen":false,"in_reply_to":67,"msg_id":83,"seen_nodes":["n4","n1","n3"],"type":"gossip_ok"}}
2025/04/21 10:13:09 Sent {"src":"n4","dest":"n1","body":{"already_seen":false,"in_reply_to":68,"msg_id":80,"seen_nodes":["n4","n1","n0","n3"],"type":"gossip_ok"}}
2025/04/21 10:13:09 Sent {"src":"n4","dest":"n3","body":{"already_seen":true,"in_reply_to":29,"msg_id":82,"seen_nodes":["n4","n1","n0","n3"],"type":"gossip_ok"}}
2025/04/21 10:13:09 Received {n1 n4 {"already_seen":true,"in_reply_to":30,"msg_id":116,"seen_nodes":["n1","n0","n3","n4","n2"],"type":"gossip_ok"}}
2025/04/21 10:13:09 Received {n3 n4 {"already_seen":true,"in_reply_to":31,"msg_id":86,"seen_nodes":["n3","n0","n1","n4","n2"],"type":"gossip_ok"}}
2025/04/21 10:13:09 Received {n3 n4 {"data_id":"c13_12","message":32,"msg_id":31,"seen_nodes":["n3","n0","n4"],"type":"gossip"}}
2025/04/21 10:13:09 Sent {"src":"n4","dest":"n1","body":{"data_id":"c13_12","message":32,"msg_id":32,"seen_nodes":["n4","n3","n0","n1"],"type":"gossip"}}
2025/04/21 10:13:09 Sent {"src":"n4","dest":"n3","body":{"already_seen":false,"in_reply_to":31,"msg_id":85,"seen_nodes":["n4","n3","n0","n1"],"type":"gossip_ok"}}
2025/04/21 10:13:09 Received {c14 n4 {"type":"read","msg_id":12}}
2025/04/21 10:13:09 Sent {"src":"n4","dest":"c14","body":{"in_reply_to":12,"messages":[2,3,16,21,13,18,4,22,24,26,31,6,7,14,17,20,23,12,11,27,32,0,8,10,25,29,30,1,5,9,15,19,28],"msg_id":86,"type":"read_ok"}}
2025/04/21 10:13:09 Received {n1 n4 {"data_id":"c13_12","message":32,"msg_id":72,"seen_nodes":["n1","n0","n3","n4"],"type":"gossip"}}
2025/04/21 10:13:09 Sent {"src":"n4","dest":"n1","body":{"already_seen":true,"in_reply_to":72,"msg_id":87,"seen_nodes":["n4","n3","n0","n1"],"type":"gossip_ok"}}
2025/04/21 10:13:09 Received {n1 n4 {"already_seen":true,"in_reply_to":32,"msg_id":120,"seen_nodes":["n1","n0","n3","n4","n2"],"type":"gossip_ok"}}
2025/04/21 10:13:10 Received {n1 n4 {"data_id":"c10_25","message":33,"msg_id":74,"seen_nodes":["n1","n0","n3","n4"],"type":"gossip"}}
2025/04/21 10:13:10 Received {n3 n4 {"data_id":"c10_25","message":33,"msg_id":32,"seen_nodes":["n3","n0","n4"],"type":"gossip"}}
2025/04/21 10:13:10 Received {n1 n4 {"data_id":"c11_13","message":34,"msg_id":76,"seen_nodes":["n1","n4"],"type":"gossip"}}
2025/04/21 10:13:10 Sent {"src":"n4","dest":"n3","body":{"already_seen":true,"in_reply_to":32,"msg_id":89,"seen_nodes":["n4","n1","n0","n3"],"type":"gossip_ok"}}
2025/04/21 10:13:10 Sent {"src":"n4","dest":"n3","body":{"data_id":"c11_13","message":34,"msg_id":33,"seen_nodes":["n4","n1","n3"],"type":"gossip"}}
2025/04/21 10:13:10 Sent {"src":"n4","dest":"n1","body":{"already_seen":false,"in_reply_to":76,"msg_id":91,"seen_nodes":["n4","n1","n3"],"type":"gossip_ok"}}
2025/04/21 10:13:10 Sent {"src":"n4","dest":"n1","body":{"already_seen":false,"in_reply_to":74,"msg_id":88,"seen_nodes":["n4","n1","n0","n3"],"type":"gossip_ok"}}
2025/04/21 10:13:10 Received {n3 n4 {"already_seen":true,"in_reply_to":33,"msg_id":93,"seen_nodes":["n3","n0","n1","n4","n2"],"type":"gossip_ok"}}
2025/04/21 10:13:10 Received {c14 n4 {"type":"broadcast","message":35,"msg_id":13}}
2025/04/21 10:13:10 Sent {"src":"n4","dest":"n1","body":{"data_id":"c14_13","message":35,"msg_id":34,"seen_nodes":["n4","n1"],"type":"gossip"}}
2025/04/21 10:13:10 Sent {"src":"n4","dest":"n3","body":{"data_id":"c14_13","message":35,"msg_id":35,"seen_nodes":["n4","n1","n3"],"type":"gossip"}}
2025/04/21 10:13:10 Sent {"src":"n4","dest":"c14","body":{"in_reply_to":13,"msg_id":94,"type":"broadcast_ok"}}
2025/04/21 10:13:10 Received {n3 n4 {"already_seen":false,"in_reply_to":35,"msg_id":96,"seen_nodes":["n3","n4","n1","n0"],"type":"gossip_ok"}}
2025/04/21 10:13:10 Received {n1 n4 {"already_seen":false,"in_reply_to":34,"msg_id":130,"seen_nodes":["n1","n4","n2","n0"],"type":"gossip_ok"}}
2025/04/21 10:13:11 Received {n1 n4 {"data_id":"c10_26","message":36,"msg_id":81,"seen_nodes":["n1","n0","n3","n4"],"type":"gossip"}}
2025/04/21 10:13:11 Received {n3 n4 {"data_id":"c10_26","message":36,"msg_id":34,"seen_nodes":["n3","n0","n4"],"type":"gossip"}}
2025/04/21 10:13:11 Sent {"src":"n4","dest":"n1","body":{"already_seen":false,"in_reply_to":81,"msg_id":95,"seen_nodes":["n4","n1","n0","n3"],"type":"gossip_ok"}}
2025/04/21 10:13:11 Sent {"src":"n4","dest":"n3","body":{"already_seen":true,"in_reply_to":34,"msg_id":96,"seen_nodes":["n4","n1","n0","n3"],"type":"gossip_ok"}}
2025/04/21 10:13:11 Received {n1 n4 {"data_id":"c10_27","message":37,"msg_id":83,"seen_nodes":["n1","n0","n3","n4"],"type":"gossip"}}
2025/04/21 10:13:11 Received {n3 n4 {"data_id":"c10_27","message":37,"msg_id":35,"seen_nodes":["n3","n0","n4"],"type":"gossip"}}
2025/04/21 10:13:11 Sent {"src":"n4","dest":"n1","body":{"already_seen":false,"in_reply_to":83,"msg_id":97,"seen_nodes":["n4","n1","n0","n3"],"type":"gossip_ok"}}
2025/04/21 10:13:11 Sent {"src":"n4","dest":"n3","body":{"already_seen":true,"in_reply_to":35,"msg_id":98,"seen_nodes":["n4","n1","n0","n3"],"type":"gossip_ok"}}
2025/04/21 10:13:11 Received {n1 n4 {"data_id":"c12_14","message":38,"msg_id":85,"seen_nodes":["n1","n2","n4"],"type":"gossip"}}
2025/04/21 10:13:11 Received {c14 n4 {"type":"broadcast","message":40,"msg_id":14}}
2025/04/21 10:13:11 Received {n3 n4 {"data_id":"c13_14","message":39,"msg_id":37,"seen_nodes":["n3","n0","n4"],"type":"gossip"}}
2025/04/21 10:13:11 Sent {"src":"n4","dest":"n1","body":{"data_id":"c14_14","message":40,"msg_id":37,"seen_nodes":["n4","n1"],"type":"gossip"}}
2025/04/21 10:13:11 Sent {"src":"n4","dest":"n3","body":{"data_id":"c14_14","message":40,"msg_id":38,"seen_nodes":["n4","n1","n3"],"type":"gossip"}}
2025/04/21 10:13:11 Sent {"src":"n4","dest":"c14","body":{"in_reply_to":14,"msg_id":103,"type":"broadcast_ok"}}
2025/04/21 10:13:11 Sent {"src":"n4","dest":"n3","body":{"data_id":"c12_14","message":38,"msg_id":36,"seen_nodes":["n4","n1","n2","n3"],"type":"gossip"}}
2025/04/21 10:13:11 Sent {"src":"n4","dest":"n1","body":{"already_seen":false,"in_reply_to":85,"msg_id":104,"seen_nodes":["n4","n1","n2","n3"],"type":"gossip_ok"}}
2025/04/21 10:13:11 Sent {"src":"n4","dest":"n1","body":{"data_id":"c13_14","message":39,"msg_id":39,"seen_nodes":["n4","n3","n0","n1"],"type":"gossip"}}
2025/04/21 10:13:11 Sent {"src":"n4","dest":"n3","body":{"already_seen":false,"in_reply_to":37,"msg_id":105,"seen_nodes":["n4","n3","n0","n1"],"type":"gossip_ok"}}
2025/04/21 10:13:11 Received {n3 n4 {"data_id":"c10_28","message":41,"msg_id":38,"seen_nodes":["n3","n0","n4"],"type":"gossip"}}
2025/04/21 10:13:11 Sent {"src":"n4","dest":"n1","body":{"data_id":"c10_28","message":41,"msg_id":40,"seen_nodes":["n4","n3","n0","n1"],"type":"gossip"}}
2025/04/21 10:13:11 Sent {"src":"n4","dest":"n3","body":{"already_seen":false,"in_reply_to":38,"msg_id":107,"seen_nodes":["n4","n3","n0","n1"],"type":"gossip_ok"}}
2025/04/21 10:13:11 Received {n1 n4 {"data_id":"c10_28","message":41,"msg_id":88,"seen_nodes":["n1","n0","n3","n4"],"type":"gossip"}}
2025/04/21 10:13:11 Received {n1 n4 {"data_id":"c13_14","message":39,"msg_id":89,"seen_nodes":["n1","n0","n3","n4"],"type":"gossip"}}
2025/04/21 10:13:11 Sent {"src":"n4","dest":"n1","body":{"already_seen":true,"in_reply_to":88,"msg_id":108,"seen_nodes":["n4","n3","n0","n1"],"type":"gossip_ok"}}
2025/04/21 10:13:11 Received {n3 n4 {"already_seen":false,"in_reply_to":36,"msg_id":108,"seen_nodes":["n3","n4","n1","n2","n0"],"type":"gossip_ok"}}
2025/04/21 10:13:11 Sent {"src":"n4","dest":"n1","body":{"already_seen":true,"in_reply_to":89,"msg_id":109,"seen_nodes":["n4","n3","n0","n1"],"type":"gossip_ok"}}
2025/04/21 10:13:11 Received {n1 n4 {"already_seen":false,"in_reply_to":37,"msg_id":148,"seen_nodes":["n1","n4","n2","n0"],"type":"gossip_ok"}}
2025/04/21 10:13:11 Received {n1 n4 {"already_seen":true,"in_reply_to":39,"msg_id":149,"seen_nodes":["n1","n0","n3","n4","n2"],"type":"gossip_ok"}}
2025/04/21 10:13:11 Received {n3 n4 {"already_seen":false,"in_reply_to":38,"msg_id":109,"seen_nodes":["n3","n4","n1","n0"],"type":"gossip_ok"}}
2025/04/21 10:13:11 Received {n1 n4 {"data_id":"c11_15","message":42,"msg_id":93,"seen_nodes":["n1","n4"],"type":"gossip"}}
2025/04/21 10:13:11 Received {n1 n4 {"already_seen":true,"in_reply_to":40,"msg_id":152,"seen_nodes":["n1","n0","n3","n4","n2"],"type":"gossip_ok"}}
2025/04/21 10:13:11 Sent {"src":"n4","dest":"n3","body":{"data_id":"c11_15","message":42,"msg_id":41,"seen_nodes":["n4","n1","n3"],"type":"gossip"}}
2025/04/21 10:13:11 Sent {"src":"n4","dest":"n1","body":{"already_seen":false,"in_reply_to":93,"msg_id":111,"seen_nodes":["n4","n1","n3"],"type":"gossip_ok"}}
2025/04/21 10:13:11 Received {n3 n4 {"already_seen":false,"in_reply_to":41,"msg_id":114,"seen_nodes":["n3","n4","n1","n0"],"type":"gossip_ok"}}
2025/04/21 10:13:11 Received {c14 n4 {"type":"read","msg_id":15}}
2025/04/21 10:13:11 Sent {"src":"n4","dest":"c14","body":{"in_reply_to":15,"messages":[19,41,1,5,9,15,28,37,38,33,35,2,3,16,21,13,18,39,34,42,4,22,24,26,20,23,31,36,6,7,14,17,12,11,27,40,29,30,32,0,8,10,25],"msg_id":112,"type":"read_ok"}}
2025/04/21 10:13:12 Received {n3 n4 {"data_id":"c13_15","message":43,"msg_id":43,"seen_nodes":["n3","n0","n4"],"type":"gossip"}}
2025/04/21 10:13:12 Sent {"src":"n4","dest":"n1","body":{"data_id":"c13_15","message":43,"msg_id":42,"seen_nodes":["n4","n3","n0","n1"],"type":"gossip"}}
2025/04/21 10:13:12 Sent {"src":"n4","dest":"n3","body":{"already_seen":false,"in_reply_to":43,"msg_id":114,"seen_nodes":["n4","n3","n0","n1"],"type":"gossip_ok"}}
2025/04/21 10:13:12 Received {n1 n4 {"already_seen":false,"in_reply_to":42,"msg_id":158,"seen_nodes":["n1","n4","n3","n0","n2"],"type":"gossip_ok"}}
2025/04/21 10:13:12 Received {n1 n4 {"data_id":"c11_16","message":44,"msg_id":97,"seen_nodes":["n1","n4"],"type":"gossip"}}
2025/04/21 10:13:12 Sent {"src":"n4","dest":"n3","body":{"data_id":"c11_16","message":44,"msg_id":43,"seen_nodes":["n4","n1","n3"],"type":"gossip"}}
2025/04/21 10:13:12 Sent {"src":"n4","dest":"n1","body":{"already_seen":false,"in_reply_to":97,"msg_id":116,"seen_nodes":["n4","n1","n3"],"type":"gossip_ok"}}
2025/04/21 10:13:12 Received {n1 n4 {"data_id":"c12_16","message":45,"msg_id":100,"seen_nodes":["n1","n2","n4"],"type":"gossip"}}
2025/04/21 10:13:12 Received {c14 n4 {"type":"read","msg_id":16}}
2025/04/21 10:13:12 Received {n3 n4 {"already_seen":true,"in_reply_to":43,"msg_id":120,"seen_nodes":["n3","n0","n1","n4","n2"],"type":"gossip_ok"}}
2025/04/21 10:13:12 Received {n3 n4 {"data_id":"c13_16","message":46,"msg_id":45,"seen_nodes":["n3","n0","n4"],"type":"gossip"}}
2025/04/21 10:13:12 Sent {"src":"n4","dest":"n3","body":{"data_id":"c12_16","message":45,"msg_id":44,"seen_nodes":["n4","n1","n2","n3"],"type":"gossip"}}
2025/04/21 10:13:12 Sent {"src":"n4","dest":"n1","body":{"already_seen":false,"in_reply_to":100,"msg_id":118,"seen_nodes":["n4","n1","n2","n3"],"type":"gossip_ok"}}
2025/04/21 10:13:12 Sent {"src":"n4","dest":"n1","body":{"data_id":"c13_16","message":46,"msg_id":45,"seen_nodes":["n4","n3","n0","n1"],"type":"gossip"}}
2025/04/21 10:13:12 Sent {"src":"n4","dest":"c14","body":{"in_reply_to":16,"messages":[38,28,37,16,21,33,35,2,3,39,13,18,24,26,34,42,4,22,14,17,20,23,31,36,6,7,27,40,44,45,12,11,10,25,29,30,32,0,8,9,15,19,41,43,1,5],"msg_id":119,"type":"read_ok"}}
2025/04/21 10:13:12 Sent {"src":"n4","dest":"n3","body":{"already_seen":false,"in_reply_to":45,"msg_id":121,"seen_nodes":["n4","n3","n0","n1"],"type":"gossip_ok"}}
2025/04/21 10:13:12 Received {n3 n4 {"already_seen":false,"in_reply_to":44,"msg_id":125,"seen_nodes":["n3","n4","n1","n2","n0"],"type":"gossip_ok"}}
2025/04/21 10:13:12 Received {n1 n4 {"already_seen":false,"in_reply_to":45,"msg_id":168,"seen_nodes":["n1","n4","n3","n0","n2"],"type":"gossip_ok"}}
2025/04/21 10:13:12 Received {n1 n4 {"data_id":"c10_32","message":47,"msg_id":103,"seen_nodes":["n1","n0","n3","n4"],"type":"gossip"}}
2025/04/21 10:13:12 Received {n3 n4 {"data_id":"c10_32","message":47,"msg_id":47,"seen_nodes":["n3","n0","n4"],"type":"gossip"}}
2025/04/21 10:13:12 Sent {"src":"n4","dest":"n1","body":{"already_seen":false,"in_reply_to":103,"msg_id":122,"seen_nodes":["n4","n1","n0","n3"],"type":"gossip_ok"}}
2025/04/21 10:13:12 Sent {"src":"n4","dest":"n3","body":{"already_seen":true,"in_reply_to":47,"msg_id":123,"seen_nodes":["n4","n1","n0","n3"],"type":"gossip_ok"}}
2025/04/21 10:13:13 Received {n1 n4 {"data_id":"c11_17","message":48,"msg_id":105,"seen_nodes":["n1","n4"],"type":"gossip"}}
2025/04/21 10:13:13 Sent {"src":"n4","dest":"n3","body":{"data_id":"c11_17","message":48,"msg_id":46,"seen_nodes":["n4","n1","n3"],"type":"gossip"}}
2025/04/21 10:13:13 Sent {"src":"n4","dest":"n1","body":{"already_seen":false,"in_reply_to":105,"msg_id":125,"seen_nodes":["n4","n1","n3"],"type":"gossip_ok"}}
2025/04/21 10:13:13 Received {n1 n4 {"data_id":"c12_17","message":49,"msg_id":108,"seen_nodes":["n1","n2","n4"],"type":"gossip"}}
2025/04/21 10:13:13 Received {c14 n4 {"type":"broadcast","message":50,"msg_id":17}}
2025/04/21 10:13:13 Received {n3 n4 {"already_seen":false,"in_reply_to":46,"msg_id":131,"seen_nodes":["n3","n4","n1","n0"],"type":"gossip_ok"}}
2025/04/21 10:13:13 Sent {"src":"n4","dest":"n3","body":{"data_id":"c12_17","message":49,"msg_id":47,"seen_nodes":["n4","n1","n2","n3"],"type":"gossip"}}
2025/04/21 10:13:13 Sent {"src":"n4","dest":"n1","body":{"data_id":"c14_17","message":50,"msg_id":48,"seen_nodes":["n4","n1"],"type":"gossip"}}
2025/04/21 10:13:13 Sent {"src":"n4","dest":"n1","body":{"already_seen":false,"in_reply_to":108,"msg_id":128,"seen_nodes":["n4","n1","n2","n3"],"type":"gossip_ok"}}
2025/04/21 10:13:13 Sent {"src":"n4","dest":"n3","body":{"data_id":"c14_17","message":50,"msg_id":49,"seen_nodes":["n4","n1","n3"],"type":"gossip"}}
2025/04/21 10:13:13 Sent {"src":"n4","dest":"c14","body":{"in_reply_to":17,"msg_id":130,"type":"broadcast_ok"}}
2025/04/21 10:13:13 Received {n3 n4 {"already_seen":false,"in_reply_to":47,"msg_id":133,"seen_nodes":["n3","n4","n1","n2","n0"],"type":"gossip_ok"}}
2025/04/21 10:13:13 Received {n1 n4 {"already_seen":false,"in_reply_to":48,"msg_id":181,"seen_nodes":["n1","n4","n2","n0"],"type":"gossip_ok"}}
2025/04/21 10:13:13 Received {n3 n4 {"already_seen":false,"in_reply_to":49,"msg_id":136,"seen_nodes":["n3","n4","n1","n0"],"type":"gossip_ok"}}
2025/04/21 10:13:13 Received {n3 n4 {"data_id":"c10_34","message":51,"msg_id":51,"seen_nodes":["n3","n0","n4"],"type":"gossip"}}
2025/04/21 10:13:13 Received {n1 n4 {"data_id":"c10_34","message":51,"msg_id":112,"seen_nodes":["n1","n0","n3","n4"],"type":"gossip"}}
2025/04/21 10:13:13 Sent {"src":"n4","dest":"n1","body":{"data_id":"c10_34","message":51,"msg_id":50,"seen_nodes":["n4","n3","n0","n1"],"type":"gossip"}}
2025/04/21 10:13:13 Sent {"src":"n4","dest":"n3","body":{"already_seen":false,"in_reply_to":51,"msg_id":133,"seen_nodes":["n4","n3","n0","n1"],"type":"gossip_ok"}}
2025/04/21 10:13:13 Sent {"src":"n4","dest":"n1","body":{"already_seen":true,"in_reply_to":112,"msg_id":132,"seen_nodes":["n4","n3","n0","n1"],"type":"gossip_ok"}}
2025/04/21 10:13:13 Received {n3 n4 {"data_id":"c10_35","message":52,"msg_id":52,"seen_nodes":["n3","n0","n4"],"type":"gossip"}}
2025/04/21 10:13:13 Received {n1 n4 {"data_id":"c10_35","message":52,"msg_id":114,"seen_nodes":["n1","n0","n3","n4"],"type":"gossip"}}
2025/04/21 10:13:13 Sent {"src":"n4","dest":"n1","body":{"data_id":"c10_35","message":52,"msg_id":51,"seen_nodes":["n4","n3","n0","n1"],"type":"gossip"}}
2025/04/21 10:13:13 Sent {"src":"n4","dest":"n3","body":{"already_seen":false,"in_reply_to":52,"msg_id":135,"seen_nodes":["n4","n3","n0","n1"],"type":"gossip_ok"}}
2025/04/21 10:13:13 Sent {"src":"n4","dest":"n1","body":{"already_seen":true,"in_reply_to":114,"msg_id":136,"seen_nodes":["n4","n3","n0","n1"],"type":"gossip_ok"}}
2025/04/21 10:13:13 Received {n1 n4 {"already_seen":true,"in_reply_to":50,"msg_id":189,"seen_nodes":["n1","n0","n3","n4","n2"],"type":"gossip_ok"}}
2025/04/21 10:13:13 Received {c14 n4 {"type":"broadcast","message":53,"msg_id":18}}
2025/04/21 10:13:13 Sent {"src":"n4","dest":"n1","body":{"data_id":"c14_18","message":53,"msg_id":52,"seen_nodes":["n4","n1"],"type":"gossip"}}
2025/04/21 10:13:13 Sent {"src":"n4","dest":"n3","body":{"data_id":"c14_18","message":53,"msg_id":53,"seen_nodes":["n4","n1","n3"],"type":"gossip"}}
2025/04/21 10:13:13 Sent {"src":"n4","dest":"c14","body":{"in_reply_to":18,"msg_id":139,"type":"broadcast_ok"}}
2025/04/21 10:13:13 Received {n1 n4 {"already_seen":true,"in_reply_to":51,"msg_id":190,"seen_nodes":["n1","n0","n3","n4","n2"],"type":"gossip_ok"}}
2025/04/21 10:13:13 Received {n1 n4 {"already_seen":false,"in_reply_to":52,"msg_id":193,"seen_nodes":["n1","n4","n2","n0"],"type":"gossip_ok"}}
2025/04/21 10:13:13 Received {n3 n4 {"already_seen":false,"in_reply_to":53,"msg_id":144,"seen_nodes":["n3","n4","n1","n0"],"type":"gossip_ok"}}
2025/04/21 10:13:14 Received {n1 n4 {"data_id":"c10_37","message":54,"msg_id":118,"seen_nodes":["n1","n0","n3","n4"],"type":"gossip"}}
2025/04/21 10:13:14 Received {n3 n4 {"data_id":"c10_37","message":54,"msg_id":54,"seen_nodes":["n3","n0","n4"],"type":"gossip"}}
2025/04/21 10:13:14 Sent {"src":"n4","dest":"n1","body":{"already_seen":false,"in_reply_to":118,"msg_id":140,"seen_nodes":["n4","n1","n0","n3"],"type":"gossip_ok"}}
2025/04/21 10:13:14 Sent {"src":"n4","dest":"n3","body":{"already_seen":true,"in_reply_to":54,"msg_id":141,"seen_nodes":["n4","n1","n0","n3"],"type":"gossip_ok"}}
2025/04/21 10:13:14 Received {n1 n4 {"data_id":"c11_19","message":55,"msg_id":120,"seen_nodes":["n1","n4"],"type":"gossip"}}
2025/04/21 10:13:14 Sent {"src":"n4","dest":"n3","body":{"data_id":"c11_19","message":55,"msg_id":54,"seen_nodes":["n4","n1","n3"],"type":"gossip"}}
2025/04/21 10:13:14 Sent {"src":"n4","dest":"n1","body":{"already_seen":false,"in_reply_to":120,"msg_id":143,"seen_nodes":["n4","n1","n3"],"type":"gossip_ok"}}
2025/04/21 10:13:14 Received {n3 n4 {"already_seen":false,"in_reply_to":54,"msg_id":150,"seen_nodes":["n3","n4","n1","n0"],"type":"gossip_ok"}}
2025/04/21 10:13:14 Received {c14 n4 {"type":"read","msg_id":19}}
2025/04/21 10:13:14 Sent {"src":"n4","dest":"c14","body":{"in_reply_to":19,"messages":[11,44,45,46,49,55,30,15,19,43,37,33,35,50,13,39,48,4,22,26,34,54,6,17,31,12,27,40,0,8,10,25,29,32,53,1,5,9,41,28,38,51,2,3,16,21,47,52,18,24,42,7,14,20,23,36],"msg_id":144,"type":"read_ok"}}
2025/04/21 10:13:14 Received {c14 n4 {"type":"read","msg_id":20}}
2025/04/21 10:13:14 Sent {"src":"n4","dest":"c14","body":{"in_reply_to":20,"messages":[4,22,26,34,54,31,6,17,12,27,40,53,0,8,10,25,29,32,1,5,9,41,28,38,51,2,3,16,21,47,52,18,24,42,36,7,14,20,23,11,44,45,46,49,55,30,15,19,43,37,33,35,50,13,39,48],"msg_id":145,"type":"read_ok"}}
2025/04/21 10:13:15 Received {n1 n4 {"data_id":"c10_40","message":56,"msg_id":123,"seen_nodes":["n1","n0","n3","n4"],"type":"gossip"}}
2025/04/21 10:13:15 Received {n3 n4 {"data_id":"c10_40","message":56,"msg_id":56,"seen_nodes":["n3","n0","n4"],"type":"gossip"}}
2025/04/21 10:13:15 Sent {"src":"n4","dest":"n3","body":{"already_seen":true,"in_reply_to":56,"msg_id":147,"seen_nodes":["n4","n1","n0","n3"],"type":"gossip_ok"}}
2025/04/21 10:13:15 Sent {"src":"n4","dest":"n1","body":{"already_seen":false,"in_reply_to":123,"msg_id":146,"seen_nodes":["n4","n1","n0","n3"],"type":"gossip_ok"}}
2025/04/21 10:13:15 Received {n1 n4 {"data_id":"c11_21","message":57,"msg_id":125,"seen_nodes":["n1","n4"],"type":"gossip"}}
2025/04/21 10:13:15 Sent {"src":"n4","dest":"n3","body":{"data_id":"c11_21","message":57,"msg_id":55,"seen_nodes":["n4","n1","n3"],"type":"gossip"}}
2025/04/21 10:13:15 Sent {"src":"n4","dest":"n1","body":{"already_seen":false,"in_reply_to":125,"msg_id":149,"seen_nodes":["n4","n1","n3"],"type":"gossip_ok"}}
2025/04/21 10:13:15 Received {n1 n4 {"data_id":"c12_21","message":58,"msg_id":128,"seen_nodes":["n1","n2","n4"],"type":"gossip"}}
2025/04/21 10:13:15 Received {c14 n4 {"type":"broadcast","message":59,"msg_id":21}}
2025/04/21 10:13:15 Received {n3 n4 {"already_seen":false,"in_reply_to":55,"msg_id":157,"seen_nodes":["n3","n4","n1","n0","n2"],"type":"gossip_ok"}}
2025/04/21 10:13:15 Sent {"src":"n4","dest":"n3","body":{"data_id":"c12_21","message":58,"msg_id":56,"seen_nodes":["n4","n1","n2","n3"],"type":"gossip"}}
2025/04/21 10:13:15 Sent {"src":"n4","dest":"n1","body":{"already_seen":false,"in_reply_to":128,"msg_id":152,"seen_nodes":["n4","n1","n2","n3"],"type":"gossip_ok"}}
2025/04/21 10:13:15 Sent {"src":"n4","dest":"n1","body":{"data_id":"c14_21","message":59,"msg_id":57,"seen_nodes":["n4","n1"],"type":"gossip"}}
2025/04/21 10:13:15 Sent {"src":"n4","dest":"n3","body":{"data_id":"c14_21","message":59,"msg_id":58,"seen_nodes":["n4","n1","n3"],"type":"gossip"}}
2025/04/21 10:13:15 Sent {"src":"n4","dest":"c14","body":{"in_reply_to":21,"msg_id":154,"type":"broadcast_ok"}}
2025/04/21 10:13:15 Received {n3 n4 {"already_seen":false,"in_reply_to":58,"msg_id":162,"seen_nodes":["n3","n4","n1","n0"],"type":"gossip_ok"}}
2025/04/21 10:13:15 Received {n1 n4 {"already_seen":false,"in_reply_to":57,"msg_id":214,"seen_nodes":["n1","n4","n2","n0"],"type":"gossip_ok"}}
2025/04/21 10:13:15 Received {n3 n4 {"already_seen":true,"in_reply_to":56,"msg_id":161,"seen_nodes":["n3","n0","n1","n2","n4"],"type":"gossip_ok"}}
2025/04/21 10:13:15 Received {n1 n4 {"data_id":"c11_22","message":60,"msg_id":132,"seen_nodes":["n1","n4"],"type":"gossip"}}
2025/04/21 10:13:15 Sent {"src":"n4","dest":"n3","body":{"data_id":"c11_22","message":60,"msg_id":59,"seen_nodes":["n4","n1","n3"],"type":"gossip"}}
2025/04/21 10:13:15 Sent {"src":"n4","dest":"n1","body":{"already_seen":false,"in_reply_to":132,"msg_id":156,"seen_nodes":["n4","n1","n3"],"type":"gossip_ok"}}
2025/04/21 10:13:16 Received {n3 n4 {"already_seen":false,"in_reply_to":59,"msg_id":164,"seen_nodes":["n3","n4","n1","n0"],"type":"gossip_ok"}}
2025/04/21 10:13:16 Received {c14 n4 {"type":"read","msg_id":22}}
2025/04/21 10:13:16 Sent {"src":"n4","dest":"c14","body":{"in_reply_to":22,"messages":[11,44,45,46,49,55,56,30,59,15,19,43,37,33,35,50,13,39,48,4,22,26,34,54,60,6,17,31,12,27,40,58,0,8,10,25,29,32,53,1,5,9,41,28,38,51,2,3,16,21,47,52,18,57,24,42,7,14,20,23,36],"msg_id":157,"type":"read_ok"}}
2025/04/21 10:13:16 Received {n1 n4 {"data_id":"c11_23","message":61,"msg_id":135,"seen_nodes":["n1","n4"],"type":"gossip"}}
2025/04/21 10:13:16 Sent {"src":"n4","dest":"n3","body":{"data_id":"c11_23","message":61,"msg_id":60,"seen_nodes":["n4","n1","n3"],"type":"gossip"}}
2025/04/21 10:13:16 Sent {"src":"n4","dest":"n1","body":{"already_seen":false,"in_reply_to":135,"msg_id":159,"seen_nodes":["n4","n1","n3"],"type":"gossip_ok"}}
2025/04/21 10:13:16 Received {n1 n4 {"data_id":"c12_23","message":62,"msg_id":138,"seen_nodes":["n1","n2","n4"],"type":"gossip"}}
2025/04/21 10:13:16 Received {c14 n4 {"type":"broadcast","message":64,"msg_id":23}}
2025/04/21 10:13:16 Received {n3 n4 {"already_seen":false,"in_reply_to":60,"msg_id":169,"seen_nodes":["n3","n4","n1","n0"],"type":"gossip_ok"}}
2025/04/21 10:13:16 Sent {"src":"n4","dest":"n3","body":{"data_id":"c12_23","message":62,"msg_id":61,"seen_nodes":["n4","n1","n2","n3"],"type":"gossip"}}
2025/04/21 10:13:16 Sent {"src":"n4","dest":"n1","body":{"already_seen":false,"in_reply_to":138,"msg_id":162,"seen_nodes":["n4","n1","n2","n3"],"type":"gossip_ok"}}
2025/04/21 10:13:16 Sent {"src":"n4","dest":"n1","body":{"data_id":"c14_23","message":64,"msg_id":62,"seen_nodes":["n4","n1"],"type":"gossip"}}
2025/04/21 10:13:16 Sent {"src":"n4","dest":"n3","body":{"data_id":"c14_23","message":64,"msg_id":63,"seen_nodes":["n4","n1","n3"],"type":"gossip"}}
2025/04/21 10:13:16 Sent {"src":"n4","dest":"c14","body":{"in_reply_to":23,"msg_id":164,"type":"broadcast_ok"}}
2025/04/21 10:13:16 Received {n3 n4 {"data_id":"c13_23","message":63,"msg_id":62,"seen_nodes":["n3","n0","n4"],"type":"gossip"}}
2025/04/21 10:13:16 Sent {"src":"n4","dest":"n1","body":{"data_id":"c13_23","message":63,"msg_id":64,"seen_nodes":["n4","n3","n0","n1"],"type":"gossip"}}
2025/04/21 10:13:16 Sent {"src":"n4","dest":"n3","body":{"already_seen":false,"in_reply_to":62,"msg_id":166,"seen_nodes":["n4","n3","n0","n1"],"type":"gossip_ok"}}
2025/04/21 10:13:17 Received {n3 n4 {"already_seen":false,"in_reply_to":61,"msg_id":176,"seen_nodes":["n3","n4","n1","n2","n0"],"type":"gossip_ok"}}
2025/04/21 10:13:17 Received {n3 n4 {"already_seen":false,"in_reply_to":63,"msg_id":177,"seen_nodes":["n3","n4","n1","n0"],"type":"gossip_ok"}}
2025/04/21 10:13:17 Received {n1 n4 {"already_seen":false,"in_reply_to":62,"msg_id":228,"seen_nodes":["n1","n4","n2","n0"],"type":"gossip_ok"}}
2025/04/21 10:13:17 Received {n1 n4 {"data_id":"c13_23","message":63,"msg_id":142,"seen_nodes":["n1","n0","n3","n4"],"type":"gossip"}}
2025/04/21 10:13:17 Received {n1 n4 {"already_seen":true,"in_reply_to":64,"msg_id":230,"seen_nodes":["n1","n0","n3","n4"],"type":"gossip_ok"}}
2025/04/21 10:13:17 Sent {"src":"n4","dest":"n1","body":{"already_seen":true,"in_reply_to":142,"msg_id":167,"seen_nodes":["n4","n3","n0","n1"],"type":"gossip_ok"}}
2025/04/21 10:13:17 Received {n1 n4 {"data_id":"c11_24","message":65,"msg_id":144,"seen_nodes":["n1","n4"],"type":"gossip"}}
2025/04/21 10:13:17 Sent {"src":"n4","dest":"n3","body":{"data_id":"c11_24","message":65,"msg_id":65,"seen_nodes":["n4","n1","n3"],"type":"gossip"}}
2025/04/21 10:13:17 Sent {"src":"n4","dest":"n1","body":{"already_seen":false,"in_reply_to":144,"msg_id":169,"seen_nodes":["n4","n1","n3"],"type":"gossip_ok"}}
2025/04/21 10:13:17 Received {n3 n4 {"already_seen":false,"in_reply_to":65,"msg_id":180,"seen_nodes":["n3","n4","n1","n0"],"type":"gossip_ok"}}
2025/04/21 10:13:17 Received {n3 n4 {"data_id":"c13_24","message":66,"msg_id":67,"seen_nodes":["n3","n0","n4"],"type":"gossip"}}
2025/04/21 10:13:17 Received {c14 n4 {"type":"read","msg_id":24}}
2025/04/21 10:13:17 Sent {"src":"n4","dest":"n1","body":{"data_id":"c13_24","message":66,"msg_id":66,"seen_nodes":["n4","n3","n0","n1"],"type":"gossip"}}
2025/04/21 10:13:17 Sent {"src":"n4","dest":"n3","body":{"already_seen":false,"in_reply_to":67,"msg_id":171,"seen_nodes":["n4","n3","n0","n1"],"type":"gossip_ok"}}
2025/04/21 10:13:17 Sent {"src":"n4","dest":"c14","body":{"in_reply_to":24,"messages":[10,25,29,32,53,62,0,8,9,41,1,5,51,28,38,16,21,47,52,2,3,18,57,24,42,20,23,36,7,14,45,46,49,55,56,11,44,30,59,43,66,15,19,37,63,50,33,35,48,65,13,39,26,34,54,60,61,4,22,31,6,17,40,58,64,12,27],"msg_id":172,"type":"read_ok"}}
2025/04/21 10:13:17 Received {n1 n4 {"data_id":"c13_24","message":66,"msg_id":147,"seen_nodes":["n1","n0","n3","n4"],"type":"gossip"}}
2025/04/21 10:13:17 Received {n1 n4 {"already_seen":true,"in_reply_to":66,"msg_id":241,"seen_nodes":["n1","n0","n3","n4","n2"],"type":"gossip_ok"}}
2025/04/21 10:13:17 Sent {"src":"n4","dest":"n1","body":{"already_seen":true,"in_reply_to":147,"msg_id":173,"seen_nodes":["n4","n3","n0","n1","n2"],"type":"gossip_ok"}}
2025/04/21 10:13:18 Received {n1 n4 {"data_id":"c12_25","message":67,"msg_id":149,"seen_nodes":["n1","n2","n4"],"type":"gossip"}}
2025/04/21 10:13:18 Sent {"src":"n4","dest":"n3","body":{"data_id":"c12_25","message":67,"msg_id":67,"seen_nodes":["n4","n1","n2","n3"],"type":"gossip"}}
2025/04/21 10:13:18 Sent {"src":"n4","dest":"n1","body":{"already_seen":false,"in_reply_to":149,"msg_id":175,"seen_nodes":["n4","n1","n2","n3"],"type":"gossip_ok"}}
2025/04/21 10:13:18 Received {n3 n4 {"data_id":"c13_25","message":68,"msg_id":69,"seen_nodes":["n3","n0","n4"],"type":"gossip"}}
2025/04/21 10:13:18 Sent {"src":"n4","dest":"n1","body":{"data_id":"c13_25","message":68,"msg_id":68,"seen_nodes":["n4","n3","n0","n1"],"type":"gossip"}}
2025/04/21 10:13:18 Sent {"src":"n4","dest":"n3","body":{"already_seen":false,"in_reply_to":69,"msg_id":177,"seen_nodes":["n4","n3","n0","n1"],"type":"gossip_ok"}}
2025/04/21 10:13:18 Received {n3 n4 {"already_seen":false,"in_reply_to":67,"msg_id":190,"seen_nodes":["n3","n4","n1","n2","n0"],"type":"gossip_ok"}}
2025/04/21 10:13:18 Received {c14 n4 {"type":"read","msg_id":25}}
2025/04/21 10:13:18 Sent {"src":"n4","dest":"c14","body":{"in_reply_to":25,"messages":[33,35,50,13,39,48,65,61,4,22,26,34,54,60,6,17,31,12,27,40,58,64,53,62,0,8,10,25,29,32,1,5,9,41,68,28,38,51,2,3,16,21,47,52,18,57,24,42,67,7,14,20,23,36,56,11,44,45,46,49,55,30,59,15,19,43,66,37,63],"msg_id":178,"type":"read_ok"}}
2025/04/21 10:13:18 Received {n1 n4 {"already_seen":false,"in_reply_to":68,"msg_id":246,"seen_nodes":["n1","n4","n3","n0","n2"],"type":"gossip_ok"}}
2025/04/21 10:13:18 Received {n3 n4 {"data_id":"c10_50","message":69,"msg_id":71,"seen_nodes":["n3","n0","n4"],"type":"gossip"}}
2025/04/21 10:13:18 Received {n1 n4 {"data_id":"c10_50","message":69,"msg_id":152,"seen_nodes":["n1","n0","n3","n4"],"type":"gossip"}}
2025/04/21 10:13:18 Sent {"src":"n4","dest":"n1","body":{"data_id":"c10_50","message":69,"msg_id":69,"seen_nodes":["n4","n3","n0","n1"],"type":"gossip"}}
2025/04/21 10:13:18 Sent {"src":"n4","dest":"n3","body":{"already_seen":false,"in_reply_to":71,"msg_id":181,"seen_nodes":["n4","n3","n0","n1"],"type":"gossip_ok"}}
2025/04/21 10:13:18 Sent {"src":"n4","dest":"n1","body":{"already_seen":true,"in_reply_to":152,"msg_id":180,"seen_nodes":["n4","n3","n0","n1"],"type":"gossip_ok"}}
2025/04/21 10:13:18 Received {n1 n4 {"already_seen":true,"in_reply_to":69,"msg_id":252,"seen_nodes":["n1","n0","n3","n4","n2"],"type":"gossip_ok"}}
2025/04/21 10:13:18 Received {n3 n4 {"data_id":"c10_51","message":70,"msg_id":72,"seen_nodes":["n3","n0","n4"],"type":"gossip"}}
2025/04/21 10:13:18 Received {n1 n4 {"data_id":"c10_51","message":70,"msg_id":154,"seen_nodes":["n1","n0","n3","n4"],"type":"gossip"}}
2025/04/21 10:13:18 Sent {"src":"n4","dest":"n1","body":{"data_id":"c10_51","message":70,"msg_id":70,"seen_nodes":["n4","n3","n0","n1"],"type":"gossip"}}
2025/04/21 10:13:18 Sent {"src":"n4","dest":"n3","body":{"already_seen":false,"in_reply_to":72,"msg_id":184,"seen_nodes":["n4","n3","n0","n1"],"type":"gossip_ok"}}
2025/04/21 10:13:18 Sent {"src":"n4","dest":"n1","body":{"already_seen":true,"in_reply_to":154,"msg_id":183,"seen_nodes":["n4","n3","n0","n1"],"type":"gossip_ok"}}
2025/04/21 10:13:18 Received {n1 n4 {"data_id":"c12_26","message":71,"msg_id":156,"seen_nodes":["n1","n2","n4"],"type":"gossip"}}
2025/04/21 10:13:18 Received {c14 n4 {"type":"broadcast","message":73,"msg_id":26}}
2025/04/21 10:13:18 Received {n1 n4 {"already_seen":true,"in_reply_to":70,"msg_id":257,"seen_nodes":["n1","n0","n3","n4","n2"],"type":"gossip_ok"}}
2025/04/21 10:13:18 Sent {"src":"n4","dest":"n3","body":{"data_id":"c12_26","message":71,"msg_id":71,"seen_nodes":["n4","n1","n2","n3"],"type":"gossip"}}
2025/04/21 10:13:18 Sent {"src":"n4","dest":"n1","body":{"already_seen":false,"in_reply_to":156,"msg_id":187,"seen_nodes":["n4","n1","n2","n3"],"type":"gossip_ok"}}
2025/04/21 10:13:18 Sent {"src":"n4","dest":"n1","body":{"data_id":"c14_26","message":73,"msg_id":72,"seen_nodes":["n4","n1"],"type":"gossip"}}
2025/04/21 10:13:18 Sent {"src":"n4","dest":"n3","body":{"data_id":"c14_26","message":73,"msg_id":73,"seen_nodes":["n4","n1","n3"],"type":"gossip"}}
2025/04/21 10:13:18 Sent {"src":"n4","dest":"c14","body":{"in_reply_to":26,"msg_id":189,"type":"broadcast_ok"}}
2025/04/21 10:13:18 Received {n3 n4 {"data_id":"c13_26","message":72,"msg_id":74,"seen_nodes":["n3","n0","n4"],"type":"gossip"}}
2025/04/21 10:13:18 Sent {"src":"n4","dest":"n1","body":{"data_id":"c13_26","message":72,"msg_id":74,"seen_nodes":["n4","n3","n0","n1"],"type":"gossip"}}
2025/04/21 10:13:18 Sent {"src":"n4","dest":"n3","body":{"already_seen":false,"in_reply_to":74,"msg_id":191,"seen_nodes":["n4","n3","n0","n1"],"type":"gossip_ok"}}
2025/04/21 10:13:19 Received {n1 n4 {"already_seen":false,"in_reply_to":72,"msg_id":262,"seen_nodes":["n1","n4","n2","n0"],"type":"gossip_ok"}}
2025/04/21 10:13:19 Received {n3 n4 {"already_seen":false,"in_reply_to":73,"msg_id":201,"seen_nodes":["n3","n4","n1","n0"],"type":"gossip_ok"}}
2025/04/21 10:13:19 Received {n3 n4 {"already_seen":true,"in_reply_to":71,"msg_id":199,"seen_nodes":["n3","n0","n1","n2","n4"],"type":"gossip_ok"}}
2025/04/21 10:13:19 Received {n1 n4 {"data_id":"c13_26","message":72,"msg_id":160,"seen_nodes":["n1","n0","n3","n4"],"type":"gossip"}}
2025/04/21 10:13:19 Received {n1 n4 {"already_seen":true,"in_reply_to":74,"msg_id":264,"seen_nodes":["n1","n0","n3","n4"],"type":"gossip_ok"}}
2025/04/21 10:13:19 Sent {"src":"n4","dest":"n1","body":{"already_seen":true,"in_reply_to":160,"msg_id":192,"seen_nodes":["n4","n3","n0","n1"],"type":"gossip_ok"}}
2025/04/21 10:13:19 Received {n1 n4 {"data_id":"c11_27","message":74,"msg_id":162,"seen_nodes":["n1","n4"],"type":"gossip"}}
2025/04/21 10:13:19 Sent {"src":"n4","dest":"n3","body":{"data_id":"c11_27","message":74,"msg_id":75,"seen_nodes":["n4","n1","n3"],"type":"gossip"}}
2025/04/21 10:13:19 Sent {"src":"n4","dest":"n1","body":{"already_seen":false,"in_reply_to":162,"msg_id":194,"seen_nodes":["n4","n1","n3"],"type":"gossip_ok"}}
2025/04/21 10:13:19 Received {n3 n4 {"already_seen":false,"in_reply_to":75,"msg_id":205,"seen_nodes":["n3","n4","n1","n0"],"type":"gossip_ok"}}
2025/04/21 10:13:19 Received {n3 n4 {"data_id":"c13_27","message":75,"msg_id":78,"seen_nodes":["n3","n0","n4"],"type":"gossip"}}
2025/04/21 10:13:19 Received {c14 n4 {"type":"broadcast","message":76,"msg_id":27}}
2025/04/21 10:13:19 Sent {"src":"n4","dest":"n1","body":{"data_id":"c13_27","message":75,"msg_id":76,"seen_nodes":["n4","n3","n0","n1"],"type":"gossip"}}
2025/04/21 10:13:19 Sent {"src":"n4","dest":"n3","body":{"already_seen":false,"in_reply_to":78,"msg_id":197,"seen_nodes":["n4","n3","n0","n1"],"type":"gossip_ok"}}
2025/04/21 10:13:19 Sent {"src":"n4","dest":"n1","body":{"data_id":"c14_27","message":76,"msg_id":77,"seen_nodes":["n4","n1"],"type":"gossip"}}
2025/04/21 10:13:19 Sent {"src":"n4","dest":"n3","body":{"data_id":"c14_27","message":76,"msg_id":78,"seen_nodes":["n4","n1","n3"],"type":"gossip"}}
2025/04/21 10:13:19 Sent {"src":"n4","dest":"c14","body":{"in_reply_to":27,"msg_id":199,"type":"broadcast_ok"}}
2025/04/21 10:13:19 Received {n1 n4 {"data_id":"c13_27","message":75,"msg_id":165,"seen_nodes":["n1","n0","n3","n4"],"type":"gossip"}}
2025/04/21 10:13:19 Received {n3 n4 {"already_seen":false,"in_reply_to":78,"msg_id":210,"seen_nodes":["n3","n4","n1","n0"],"type":"gossip_ok"}}
2025/04/21 10:13:19 Received {n1 n4 {"already_seen":true,"in_reply_to":76,"msg_id":276,"seen_nodes":["n1","n0","n3","n4","n2"],"type":"gossip_ok"}}
2025/04/21 10:13:19 Received {n1 n4 {"already_seen":false,"in_reply_to":77,"msg_id":277,"seen_nodes":["n1","n4","n2","n0"],"type":"gossip_ok"}}
2025/04/21 10:13:19 Sent {"src":"n4","dest":"n1","body":{"already_seen":true,"in_reply_to":165,"msg_id":200,"seen_nodes":["n4","n3","n0","n1"],"type":"gossip_ok"}}
2025/04/21 10:13:19 Received {n1 n4 {"data_id":"c10_54","message":77,"msg_id":169,"seen_nodes":["n1","n0","n3","n4"],"type":"gossip"}}
2025/04/21 10:13:19 Received {n3 n4 {"data_id":"c10_54","message":77,"msg_id":80,"seen_nodes":["n3","n0","n4"],"type":"gossip"}}
2025/04/21 10:13:19 Sent {"src":"n4","dest":"n1","body":{"already_seen":false,"in_reply_to":169,"msg_id":201,"seen_nodes":["n4","n1","n0","n3"],"type":"gossip_ok"}}
2025/04/21 10:13:19 Sent {"src":"n4","dest":"n3","body":{"already_seen":true,"in_reply_to":80,"msg_id":202,"seen_nodes":["n4","n1","n0","n3"],"type":"gossip_ok"}}
2025/04/21 10:13:20 Received {n1 n4 {"data_id":"c11_28","message":78,"msg_id":171,"seen_nodes":["n1","n4"],"type":"gossip"}}
2025/04/21 10:13:20 Sent {"src":"n4","dest":"n3","body":{"data_id":"c11_28","message":78,"msg_id":79,"seen_nodes":["n4","n1","n3"],"type":"gossip"}}
2025/04/21 10:13:20 Sent {"src":"n4","dest":"n1","body":{"already_seen":false,"in_reply_to":171,"msg_id":204,"seen_nodes":["n4","n1","n3"],"type":"gossip_ok"}}
2025/04/21 10:13:20 Received {c14 n4 {"type":"read","msg_id":28}}
2025/04/21 10:13:20 Sent {"src":"n4","dest":"c14","body":{"in_reply_to":28,"messages":[6,17,31,72,76,12,27,40,58,64,32,53,62,0,8,10,25,29,73,75,1,5,9,41,68,28,38,51,52,2,3,16,21,47,18,57,24,42,67,78,77,7,14,20,23,36,55,56,11,44,45,46,49,30,59,69,15,19,43,66,37,63,33,35,50,13,39,48,65,70,60,61,71,4,22,26,34,54,74],"msg_id":205,"type":"read_ok"}}
2025/04/21 10:13:20 Received {n3 n4 {"already_seen":false,"in_reply_to":79,"msg_id":216,"seen_nodes":["n3","n4","n1","n0"],"type":"gossip_ok"}}
2025/04/21 10:13:20 Received {n3 n4 {"data_id":"c10_56","message":79,"msg_id":82,"seen_nodes":["n3","n0","n4"],"type":"gossip"}}
2025/04/21 10:13:20 Received {n1 n4 {"data_id":"c10_56","message":79,"msg_id":174,"seen_nodes":["n1","n0","n3","n4"],"type":"gossip"}}
2025/04/21 10:13:20 Sent {"src":"n4","dest":"n1","body":{"data_id":"c10_56","message":79,"msg_id":80,"seen_nodes":["n4","n3","n0","n1"],"type":"gossip"}}
2025/04/21 10:13:20 Sent {"src":"n4","dest":"n3","body":{"already_seen":false,"in_reply_to":82,"msg_id":207,"seen_nodes":["n4","n3","n0","n1"],"type":"gossip_ok"}}
2025/04/21 10:13:20 Sent {"src":"n4","dest":"n1","body":{"already_seen":true,"in_reply_to":174,"msg_id":208,"seen_nodes":["n4","n3","n0","n1"],"type":"gossip_ok"}}
2025/04/21 10:13:20 Received {n3 n4 {"data_id":"c10_57","message":80,"msg_id":83,"seen_nodes":["n3","n0","n4"],"type":"gossip"}}
2025/04/21 10:13:20 Sent {"src":"n4","dest":"n1","body":{"data_id":"c10_57","message":80,"msg_id":81,"seen_nodes":["n4","n3","n0","n1"],"type":"gossip"}}
2025/04/21 10:13:20 Sent {"src":"n4","dest":"n3","body":{"already_seen":false,"in_reply_to":83,"msg_id":210,"seen_nodes":["n4","n3","n0","n1"],"type":"gossip_ok"}}
2025/04/21 10:13:20 Received {n1 n4 {"data_id":"c11_29","message":81,"msg_id":177,"seen_nodes":["n1","n4"],"type":"gossip"}}
2025/04/21 10:13:20 Received {n1 n4 {"data_id":"c10_57","message":80,"msg_id":176,"seen_nodes":["n1","n0","n3","n4"],"type":"gossip"}}
2025/04/21 10:13:20 Sent {"src":"n4","dest":"n3","body":{"data_id":"c11_29","message":81,"msg_id":82,"seen_nodes":["n4","n1","n3"],"type":"gossip"}}
2025/04/21 10:13:20 Sent {"src":"n4","dest":"n1","body":{"already_seen":false,"in_reply_to":177,"msg_id":212,"seen_nodes":["n4","n1","n3"],"type":"gossip_ok"}}
2025/04/21 10:13:20 Sent {"src":"n4","dest":"n1","body":{"already_seen":true,"in_reply_to":176,"msg_id":213,"seen_nodes":["n4","n3","n0","n1"],"type":"gossip_ok"}}
2025/04/21 10:13:20 Received {n1 n4 {"already_seen":true,"in_reply_to":80,"msg_id":295,"seen_nodes":["n1","n0","n3","n4","n2"],"type":"gossip_ok"}}
2025/04/21 10:13:20 Received {c14 n4 {"type":"read","msg_id":29}}
2025/04/21 10:13:20 Received {n3 n4 {"data_id":"c13_29","message":82,"msg_id":85,"seen_nodes":["n3","n0","n4"],"type":"gossip"}}
2025/04/21 10:13:20 Sent {"src":"n4","dest":"n1","body":{"data_id":"c13_29","message":82,"msg_id":83,"seen_nodes":["n4","n3","n0","n1"],"type":"gossip"}}
2025/04/21 10:13:20 Sent {"src":"n4","dest":"n3","body":{"already_seen":false,"in_reply_to":85,"msg_id":216,"seen_nodes":["n4","n3","n0","n1"],"type":"gossip_ok"}}
2025/04/21 10:13:20 Sent {"src":"n4","dest":"c14","body":{"in_reply_to":29,"messages":[8,10,25,29,32,53,62,0,79,5,9,41,68,73,75,1,38,51,28,3,16,21,47,52,2,57,18,42,67,78,82,24,14,20,23,36,77,7,44,45,46,49,55,56,11,59,69,81,30,19,43,66,15,63,37,35,50,33,39,48,65,70,13,22,26,34,54,60,61,71,4,74,17,31,72,76,80,6,27,40,58,64,12],"msg_id":215,"type":"read_ok"}}
2025/04/21 10:13:20 Received {n1 n4 {"already_seen":true,"in_reply_to":81,"msg_id":296,"seen_nodes":["n1","n0","n3","n4","n2"],"type":"gossip_ok"}}
2025/04/21 10:13:20 Received {n3 n4 {"already_seen":true,"in_reply_to":82,"msg_id":225,"seen_nodes":["n3","n0","n1","n4","n2"],"type":"gossip_ok"}}
2025/04/21 10:13:20 Received {n1 n4 {"already_seen":false,"in_reply_to":83,"msg_id":299,"seen_nodes":["n1","n4","n3","n0","n2"],"type":"gossip_ok"}}
2025/04/21 10:13:21 Received {n3 n4 {"data_id":"c13_30","message":84,"msg_id":87,"seen_nodes":["n3","n0","n4"],"type":"gossip"}}
2025/04/21 10:13:21 Received {c14 n4 {"type":"broadcast","message":85,"msg_id":30}}
2025/04/21 10:13:21 Sent {"src":"n4","dest":"n1","body":{"data_id":"c14_30","message":85,"msg_id":85,"seen_nodes":["n4","n1"],"type":"gossip"}}
2025/04/21 10:13:21 Sent {"src":"n4","dest":"n1","body":{"data_id":"c13_30","message":84,"msg_id":84,"seen_nodes":["n4","n3","n0","n1"],"type":"gossip"}}
2025/04/21 10:13:21 Sent {"src":"n4","dest":"n3","body":{"data_id":"c14_30","message":85,"msg_id":86,"seen_nodes":["n4","n1","n3"],"type":"gossip"}}
2025/04/21 10:13:21 Sent {"src":"n4","dest":"n3","body":{"already_seen":false,"in_reply_to":87,"msg_id":220,"seen_nodes":["n4","n3","n0","n1"],"type":"gossip_ok"}}
2025/04/21 10:13:21 Sent {"src":"n4","dest":"c14","body":{"in_reply_to":30,"msg_id":221,"type":"broadcast_ok"}}
2025/04/21 10:13:21 Received {n1 n4 {"data_id":"c12_30","message":83,"msg_id":182,"seen_nodes":["n1","n2","n4"],"type":"gossip"}}
2025/04/21 10:13:21 Sent {"src":"n4","dest":"n3","body":{"data_id":"c12_30","message":83,"msg_id":87,"seen_nodes":["n4","n1","n2","n3"],"type":"gossip"}}
2025/04/21 10:13:21 Sent {"src":"n4","dest":"n1","body":{"already_seen":false,"in_reply_to":182,"msg_id":223,"seen_nodes":["n4","n1","n2","n3"],"type":"gossip_ok"}}
2025/04/21 10:13:21 Received {n1 n4 {"data_id":"c13_30","message":84,"msg_id":184,"seen_nodes":["n1","n0","n3","n4"],"type":"gossip"}}
2025/04/21 10:13:21 Received {n3 n4 {"already_seen":false,"in_reply_to":86,"msg_id":230,"seen_nodes":["n3","n4","n1","n0"],"type":"gossip_ok"}}
2025/04/21 10:13:21 Received {n1 n4 {"already_seen":true,"in_reply_to":84,"msg_id":307,"seen_nodes":["n1","n0","n3","n4"],"type":"gossip_ok"}}
2025/04/21 10:13:21 Received {n1 n4 {"already_seen":false,"in_reply_to":85,"msg_id":311,"seen_nodes":["n1","n4","n2","n0"],"type":"gossip_ok"}}
2025/04/21 10:13:21 Sent {"src":"n4","dest":"n1","body":{"already_seen":true,"in_reply_to":184,"msg_id":224,"seen_nodes":["n4","n3","n0","n1"],"type":"gossip_ok"}}
2025/04/21 10:13:21 Received {n3 n4 {"already_seen":false,"in_reply_to":87,"msg_id":233,"seen_nodes":["n3","n4","n1","n2","n0"],"type":"gossip_ok"}}
2025/04/21 10:13:21 Received {n1 n4 {"data_id":"c10_59","message":86,"msg_id":188,"seen_nodes":["n1","n0","n3","n4"],"type":"gossip"}}
2025/04/21 10:13:21 Received {n3 n4 {"data_id":"c10_59","message":86,"msg_id":90,"seen_nodes":["n3","n0","n4"],"type":"gossip"}}
2025/04/21 10:13:21 Sent {"src":"n4","dest":"n1","body":{"already_seen":false,"in_reply_to":188,"msg_id":225,"seen_nodes":["n4","n1","n0","n3"],"type":"gossip_ok"}}
2025/04/21 10:13:21 Sent {"src":"n4","dest":"n3","body":{"already_seen":true,"in_reply_to":90,"msg_id":226,"seen_nodes":["n4","n1","n0","n3"],"type":"gossip_ok"}}
2025/04/21 10:13:21 Received {c14 n4 {"type":"broadcast","message":87,"msg_id":31}}
2025/04/21 10:13:21 Sent {"src":"n4","dest":"n1","body":{"data_id":"c14_31","message":87,"msg_id":88,"seen_nodes":["n4","n1"],"type":"gossip"}}
2025/04/21 10:13:21 Sent {"src":"n4","dest":"n3","body":{"data_id":"c14_31","message":87,"msg_id":89,"seen_nodes":["n4","n1","n3"],"type":"gossip"}}
2025/04/21 10:13:21 Sent {"src":"n4","dest":"c14","body":{"in_reply_to":31,"msg_id":229,"type":"broadcast_ok"}}
2025/04/21 10:13:21 Received {n3 n4 {"already_seen":false,"in_reply_to":89,"msg_id":238,"seen_nodes":["n3","n4","n1","n0"],"type":"gossip_ok"}}
2025/04/21 10:13:21 Received {n1 n4 {"already_seen":false,"in_reply_to":88,"msg_id":318,"seen_nodes":["n1","n4","n2","n0"],"type":"gossip_ok"}}
2025/04/21 10:13:21 Received {n3 n4 {"data_id":"c10_61","message":88,"msg_id":92,"seen_nodes":["n3","n0","n4"],"type":"gossip"}}
2025/04/21 10:13:21 Received {n1 n4 {"data_id":"c10_61","message":88,"msg_id":192,"seen_nodes":["n1","n0","n3","n4"],"type":"gossip"}}
2025/04/21 10:13:21 Sent {"src":"n4","dest":"n1","body":{"data_id":"c10_61","message":88,"msg_id":90,"seen_nodes":["n4","n3","n0","n1"],"type":"gossip"}}
2025/04/21 10:13:21 Sent {"src":"n4","dest":"n1","body":{"already_seen":true,"in_reply_to":192,"msg_id":231,"seen_nodes":["n4","n3","n0","n1"],"type":"gossip_ok"}}
2025/04/21 10:13:21 Sent {"src":"n4","dest":"n3","body":{"already_seen":false,"in_reply_to":92,"msg_id":232,"seen_nodes":["n4","n3","n0","n1"],"type":"gossip_ok"}}
2025/04/21 10:13:22 Received {n1 n4 {"already_seen":true,"in_reply_to":90,"msg_id":323,"seen_nodes":["n1","n0","n3","n4","n2"],"type":"gossip_ok"}}
2025/04/21 10:13:22 Received {n1 n4 {"data_id":"c12_32","message":89,"msg_id":194,"seen_nodes":["n1","n2","n4"],"type":"gossip"}}
2025/04/21 10:13:22 Received {c14 n4 {"type":"broadcast","message":90,"msg_id":32}}
2025/04/21 10:13:22 Sent {"src":"n4","dest":"n3","body":{"data_id":"c12_32","message":89,"msg_id":91,"seen_nodes":["n4","n1","n2","n3"],"type":"gossip"}}
2025/04/21 10:13:22 Sent {"src":"n4","dest":"n1","body":{"data_id":"c14_32","message":90,"msg_id":92,"seen_nodes":["n4","n1"],"type":"gossip"}}
2025/04/21 10:13:22 Sent {"src":"n4","dest":"n1","body":{"already_seen":false,"in_reply_to":194,"msg_id":235,"seen_nodes":["n4","n1","n2","n3"],"type":"gossip_ok"}}
2025/04/21 10:13:22 Sent {"src":"n4","dest":"n3","body":{"data_id":"c14_32","message":90,"msg_id":93,"seen_nodes":["n4","n1","n3"],"type":"gossip"}}
2025/04/21 10:13:22 Sent {"src":"n4","dest":"c14","body":{"in_reply_to":32,"msg_id":237,"type":"broadcast_ok"}}
2025/04/21 10:13:22 Received {n3 n4 {"already_seen":false,"in_reply_to":93,"msg_id":245,"seen_nodes":["n3","n4","n1","n0"],"type":"gossip_ok"}}
2025/04/21 10:13:22 Received {n1 n4 {"already_seen":false,"in_reply_to":92,"msg_id":329,"seen_nodes":["n1","n4","n2","n0"],"type":"gossip_ok"}}
2025/04/21 10:13:22 Received {n3 n4 {"already_seen":true,"in_reply_to":91,"msg_id":243,"seen_nodes":["n3","n0","n1","n2","n4"],"type":"gossip_ok"}}
2025/04/21 10:13:22 Received {n1 n4 {"data_id":"c11_34","message":92,"msg_id":198,"seen_nodes":["n1","n4"],"type":"gossip"}}
2025/04/21 10:13:22 Sent {"src":"n4","dest":"n3","body":{"data_id":"c11_34","message":92,"msg_id":94,"seen_nodes":["n4","n1","n3"],"type":"gossip"}}
2025/04/21 10:13:22 Sent {"src":"n4","dest":"n1","body":{"already_seen":false,"in_reply_to":198,"msg_id":239,"seen_nodes":["n4","n1","n3"],"type":"gossip_ok"}}
2025/04/21 10:13:22 Received {n3 n4 {"data_id":"c10_64","message":91,"msg_id":94,"seen_nodes":["n3","n0","n4"],"type":"gossip"}}
2025/04/21 10:13:22 Received {n1 n4 {"data_id":"c10_64","message":91,"msg_id":201,"seen_nodes":["n1","n0","n3","n4"],"type":"gossip"}}
2025/04/21 10:13:22 Sent {"src":"n4","dest":"n1","body":{"data_id":"c10_64","message":91,"msg_id":95,"seen_nodes":["n4","n3","n0","n1"],"type":"gossip"}}
2025/04/21 10:13:22 Sent {"src":"n4","dest":"n1","body":{"already_seen":true,"in_reply_to":201,"msg_id":241,"seen_nodes":["n4","n3","n0","n1"],"type":"gossip_ok"}}
2025/04/21 10:13:22 Sent {"src":"n4","dest":"n3","body":{"already_seen":false,"in_reply_to":94,"msg_id":242,"seen_nodes":["n4","n3","n0","n1"],"type":"gossip_ok"}}
2025/04/21 10:13:22 Received {n1 n4 {"data_id":"c12_33","message":93,"msg_id":203,"seen_nodes":["n1","n2","n4"],"type":"gossip"}}
2025/04/21 10:13:22 Received {c14 n4 {"type":"read","msg_id":33}}
2025/04/21 10:13:22 Received {n3 n4 {"already_seen":false,"in_reply_to":94,"msg_id":251,"seen_nodes":["n3","n4","n1","n0"],"type":"gossip_ok"}}
2025/04/21 10:13:22 Sent {"src":"n4","dest":"n3","body":{"data_id":"c12_33","message":93,"msg_id":96,"seen_nodes":["n4","n1","n2","n3"],"type":"gossip"}}
2025/04/21 10:13:22 Sent {"src":"n4","dest":"n1","body":{"already_seen":false,"in_reply_to":203,"msg_id":245,"seen_nodes":["n4","n1","n2","n3"],"type":"gossip_ok"}}
2025/04/21 10:13:22 Sent {"src":"n4","dest":"c14","body":{"in_reply_to":33,"messages":[78,82,24,42,67,23,36,77,7,14,20,46,49,55,56,11,44,45,81,85,30,59,69,66,15,19,43,91,93,37,63,86,33,35,50,65,70,89,13,39,48,34,54,60,61,71,4,22,26,74,83,72,76,80,84,87,6,17,31,90,58,64,12,27,40,25,29,32,53,62,0,8,10,79,92,41,68,73,75,1,5,9,28,38,51,21,47,52,88,2,3,16,18,57],"msg_id":244,"type":"read_ok"}}
2025/04/21 10:13:23 Received {n1 n4 {"already_seen":true,"in_reply_to":95,"msg_id":340,"seen_nodes":["n1","n0","n3","n4","n2"],"type":"gossip_ok"}}
2025/04/21 10:13:23 Received {n3 n4 {"data_id":"c13_33","message":94,"msg_id":97,"seen_nodes":["n3","n0","n4"],"type":"gossip"}}
2025/04/21 10:13:23 Sent {"src":"n4","dest":"n1","body":{"data_id":"c13_33","message":94,"msg_id":97,"seen_nodes":["n4","n3","n0","n1"],"type":"gossip"}}
2025/04/21 10:13:23 Sent {"src":"n4","dest":"n3","body":{"already_seen":false,"in_reply_to":97,"msg_id":247,"seen_nodes":["n4","n3","n0","n1"],"type":"gossip_ok"}}
2025/04/21 10:13:23 Received {n3 n4 {"already_seen":false,"in_reply_to":96,"msg_id":256,"seen_nodes":["n3","n4","n1","n2","n0"],"type":"gossip_ok"}}
2025/04/21 10:13:23 Received {n1 n4 {"data_id":"c13_33","message":94,"msg_id":205,"seen_nodes":["n1","n0","n3","n4"],"type":"gossip"}}
2025/04/21 10:13:23 Received {n1 n4 {"already_seen":true,"in_reply_to":97,"msg_id":342,"seen_nodes":["n1","n0","n3","n4"],"type":"gossip_ok"}}
2025/04/21 10:13:23 Sent {"src":"n4","dest":"n1","body":{"already_seen":true,"in_reply_to":205,"msg_id":248,"seen_nodes":["n4","n3","n0","n1"],"type":"gossip_ok"}}
2025/04/21 10:13:32 Received {c14 n4 {"type":"read","msg_id":34}}
2025/04/21 10:13:32 Sent {"src":"n4","dest":"c14","body":{"in_reply_to":34,"messages":[63,86,91,93,37,35,50,33,39,48,65,70,89,13,22,26,34,54,60,61,71,4,83,74,17,31,72,76,80,84,87,6,94,90,27,40,58,64,12,8,10,25,29,32,53,62,0,92,79,5,9,41,68,73,75,1,38,51,28,3,16,21,47,52,88,2,57,18,42,67,78,82,24,14,20,23,36,77,7,44,45,46,49,55,56,11,59,69,81,85,30,19,43,66,15],"msg_id":249,"type":"read_ok"}}
