2025/04/21 09:43:40 Received {c4 n0 {"type":"init","node_id":"n0","node_ids":["n0","n1","n2","n3","n4"],"msg_id":1}}
2025/04/21 09:43:40 Node n0 initialized
2025/04/21 09:43:40 Sent {"src":"n0","dest":"c4","body":{"in_reply_to":1,"type":"init_ok"}}
2025/04/21 09:43:40 Received {c6 n0 {"type":"topology","topology":{"n0":["n3","n1"],"n1":["n4","n2","n0"],"n2":["n1"],"n3":["n0","n4"],"n4":["n1","n3"]},"msg_id":1}}
2025/04/21 09:43:40 Sent {"src":"n0","dest":"c6","body":{"in_reply_to":1,"msg_id":1,"type":"topology_ok"}}
2025/04/21 09:43:40 Received {n1 n0 {"data_id":"c10_1","message":0,"msg_id":3,"seen_nodes":["n1","n4","n2","n0"],"type":"gossip"}}
2025/04/21 09:43:40 Sent {"src":"n0","dest":"n3","body":{"data_id":"c10_1","message":0,"msg_id":1,"seen_nodes":["n0","n1","n4","n2","n3"],"type":"gossip"}}
2025/04/21 09:43:40 Sent {"src":"n0","dest":"n1","body":{"already_seen":false,"in_reply_to":3,"msg_id":3,"seen_nodes":["n0","n1","n4","n2","n3"],"type":"gossip_ok"}}
2025/04/21 09:43:40 Received {c14 n0 {"type":"broadcast","message":2,"msg_id":1}}
2025/04/21 09:43:40 Sent {"src":"n0","dest":"n3","body":{"data_id":"c14_1","message":2,"msg_id":2,"seen_nodes":["n0","n3"],"type":"gossip"}}
2025/04/21 09:43:40 Sent {"src":"n0","dest":"n1","body":{"data_id":"c14_1","message":2,"msg_id":3,"seen_nodes":["n0","n3","n1"],"type":"gossip"}}
2025/04/21 09:43:40 Sent {"src":"n0","dest":"c14","body":{"in_reply_to":1,"msg_id":6,"type":"broadcast_ok"}}
2025/04/21 09:43:40 Received {n1 n0 {"already_seen":false,"in_reply_to":3,"msg_id":8,"seen_nodes":["n1","n0","n3","n4","n2"],"type":"gossip_ok"}}
2025/04/21 09:43:40 Received {c14 n0 {"type":"broadcast","message":3,"msg_id":2}}
2025/04/21 09:43:40 Sent {"src":"n0","dest":"n3","body":{"data_id":"c14_2","message":3,"msg_id":4,"seen_nodes":["n0","n3"],"type":"gossip"}}
2025/04/21 09:43:40 Sent {"src":"n0","dest":"n1","body":{"data_id":"c14_2","message":3,"msg_id":5,"seen_nodes":["n0","n3","n1"],"type":"gossip"}}
2025/04/21 09:43:40 Sent {"src":"n0","dest":"c14","body":{"in_reply_to":2,"msg_id":9,"type":"broadcast_ok"}}
2025/04/21 09:43:40 Received {n1 n0 {"already_seen":false,"in_reply_to":5,"msg_id":11,"seen_nodes":["n1","n0","n3","n4","n2"],"type":"gossip_ok"}}
2025/04/21 09:43:40 Received {n1 n0 {"data_id":"c10_2","message":4,"msg_id":10,"seen_nodes":["n1","n4","n2","n0"],"type":"gossip"}}
2025/04/21 09:43:40 Sent {"src":"n0","dest":"n3","body":{"data_id":"c10_2","message":4,"msg_id":6,"seen_nodes":["n0","n1","n4","n2","n3"],"type":"gossip"}}
2025/04/21 09:43:40 Sent {"src":"n0","dest":"n1","body":{"already_seen":false,"in_reply_to":10,"msg_id":11,"seen_nodes":["n0","n1","n4","n2","n3"],"type":"gossip_ok"}}
2025/04/21 09:43:41 Received {c14 n0 {"type":"broadcast","message":6,"msg_id":3}}
2025/04/21 09:43:41 Sent {"src":"n0","dest":"n3","body":{"data_id":"c14_3","message":6,"msg_id":7,"seen_nodes":["n0","n3"],"type":"gossip"}}
2025/04/21 09:43:41 Sent {"src":"n0","dest":"n1","body":{"data_id":"c14_3","message":6,"msg_id":8,"seen_nodes":["n0","n3","n1"],"type":"gossip"}}
2025/04/21 09:43:41 Sent {"src":"n0","dest":"c14","body":{"in_reply_to":3,"msg_id":14,"type":"broadcast_ok"}}
2025/04/21 09:43:41 Received {n1 n0 {"already_seen":false,"in_reply_to":8,"msg_id":18,"seen_nodes":["n1","n0","n3","n4","n2"],"type":"gossip_ok"}}
2025/04/21 09:43:41 Received {c14 n0 {"type":"broadcast","message":7,"msg_id":4}}
2025/04/21 09:43:41 Sent {"src":"n0","dest":"n3","body":{"data_id":"c14_4","message":7,"msg_id":9,"seen_nodes":["n0","n3"],"type":"gossip"}}
2025/04/21 09:43:41 Sent {"src":"n0","dest":"n1","body":{"data_id":"c14_4","message":7,"msg_id":10,"seen_nodes":["n0","n3","n1"],"type":"gossip"}}
2025/04/21 09:43:41 Sent {"src":"n0","dest":"c14","body":{"in_reply_to":4,"msg_id":17,"type":"broadcast_ok"}}
2025/04/21 09:43:41 Received {n1 n0 {"already_seen":false,"in_reply_to":10,"msg_id":21,"seen_nodes":["n1","n0","n3","n4","n2"],"type":"gossip_ok"}}
2025/04/21 09:43:41 Received {n1 n0 {"data_id":"c10_3","message":8,"msg_id":17,"seen_nodes":["n1","n4","n2","n0"],"type":"gossip"}}
2025/04/21 09:43:41 Sent {"src":"n0","dest":"n3","body":{"data_id":"c10_3","message":8,"msg_id":11,"seen_nodes":["n0","n1","n4","n2","n3"],"type":"gossip"}}
2025/04/21 09:43:41 Sent {"src":"n0","dest":"n1","body":{"already_seen":false,"in_reply_to":17,"msg_id":19,"seen_nodes":["n0","n1","n4","n2","n3"],"type":"gossip_ok"}}
2025/04/21 09:43:41 Received {c14 n0 {"type":"broadcast","message":9,"msg_id":5}}
2025/04/21 09:43:41 Sent {"src":"n0","dest":"n3","body":{"data_id":"c14_5","message":9,"msg_id":12,"seen_nodes":["n0","n3"],"type":"gossip"}}
2025/04/21 09:43:41 Sent {"src":"n0","dest":"n1","body":{"data_id":"c14_5","message":9,"msg_id":13,"seen_nodes":["n0","n3","n1"],"type":"gossip"}}
2025/04/21 09:43:41 Sent {"src":"n0","dest":"c14","body":{"in_reply_to":5,"msg_id":22,"type":"broadcast_ok"}}
2025/04/21 09:43:41 Received {n1 n0 {"already_seen":false,"in_reply_to":13,"msg_id":28,"seen_nodes":["n1","n0","n3","n4","n2"],"type":"gossip_ok"}}
2025/04/21 09:43:41 Received {c14 n0 {"type":"broadcast","message":10,"msg_id":6}}
2025/04/21 09:43:41 Sent {"src":"n0","dest":"n3","body":{"data_id":"c14_6","message":10,"msg_id":14,"seen_nodes":["n0","n3"],"type":"gossip"}}
2025/04/21 09:43:41 Sent {"src":"n0","dest":"n1","body":{"data_id":"c14_6","message":10,"msg_id":15,"seen_nodes":["n0","n3","n1"],"type":"gossip"}}
2025/04/21 09:43:41 Sent {"src":"n0","dest":"c14","body":{"in_reply_to":6,"msg_id":25,"type":"broadcast_ok"}}
2025/04/21 09:43:41 Received {n1 n0 {"already_seen":false,"in_reply_to":15,"msg_id":31,"seen_nodes":["n1","n0","n3","n4","n2"],"type":"gossip_ok"}}
2025/04/21 09:43:41 Received {n1 n0 {"data_id":"c10_4","message":11,"msg_id":24,"seen_nodes":["n1","n4","n2","n0"],"type":"gossip"}}
2025/04/21 09:43:41 Sent {"src":"n0","dest":"n3","body":{"data_id":"c10_4","message":11,"msg_id":16,"seen_nodes":["n0","n1","n4","n2","n3"],"type":"gossip"}}
2025/04/21 09:43:41 Sent {"src":"n0","dest":"n1","body":{"already_seen":false,"in_reply_to":24,"msg_id":27,"seen_nodes":["n0","n1","n4","n2","n3"],"type":"gossip_ok"}}
2025/04/21 09:43:42 Received {c14 n0 {"type":"read","msg_id":7}}
2025/04/21 09:43:42 Sent {"src":"n0","dest":"c14","body":{"in_reply_to":7,"messages":[4,8,10,0,3,6,7,9,11,2],"msg_id":28,"type":"read_ok"}}
2025/04/21 09:43:42 Received {c14 n0 {"type":"broadcast","message":12,"msg_id":8}}
2025/04/21 09:43:42 Sent {"src":"n0","dest":"n3","body":{"data_id":"c14_8","message":12,"msg_id":17,"seen_nodes":["n0","n3"],"type":"gossip"}}
2025/04/21 09:43:42 Sent {"src":"n0","dest":"n1","body":{"data_id":"c14_8","message":12,"msg_id":18,"seen_nodes":["n0","n3","n1"],"type":"gossip"}}
2025/04/21 09:43:42 Sent {"src":"n0","dest":"c14","body":{"in_reply_to":8,"msg_id":31,"type":"broadcast_ok"}}
2025/04/21 09:43:42 Received {n1 n0 {"already_seen":false,"in_reply_to":18,"msg_id":38,"seen_nodes":["n1","n0","n3","n4","n2"],"type":"gossip_ok"}}
2025/04/21 09:43:42 Received {n1 n0 {"data_id":"c10_5","message":13,"msg_id":29,"seen_nodes":["n1","n4","n2","n0"],"type":"gossip"}}
2025/04/21 09:43:42 Sent {"src":"n0","dest":"n3","body":{"data_id":"c10_5","message":13,"msg_id":19,"seen_nodes":["n0","n1","n4","n2","n3"],"type":"gossip"}}
2025/04/21 09:43:42 Sent {"src":"n0","dest":"n1","body":{"already_seen":false,"in_reply_to":29,"msg_id":33,"seen_nodes":["n0","n1","n4","n2","n3"],"type":"gossip_ok"}}
2025/04/21 09:43:43 Received {c14 n0 {"type":"read","msg_id":9}}
2025/04/21 09:43:43 Sent {"src":"n0","dest":"c14","body":{"in_reply_to":9,"messages":[0,4,8,10,13,2,3,6,7,9,11,12],"msg_id":34,"type":"read_ok"}}
2025/04/21 09:43:43 Received {c14 n0 {"type":"broadcast","message":15,"msg_id":10}}
2025/04/21 09:43:43 Sent {"src":"n0","dest":"n3","body":{"data_id":"c14_10","message":15,"msg_id":20,"seen_nodes":["n0","n3"],"type":"gossip"}}
2025/04/21 09:43:43 Sent {"src":"n0","dest":"n1","body":{"data_id":"c14_10","message":15,"msg_id":21,"seen_nodes":["n0","n3","n1"],"type":"gossip"}}
2025/04/21 09:43:43 Sent {"src":"n0","dest":"c14","body":{"in_reply_to":10,"msg_id":37,"type":"broadcast_ok"}}
2025/04/21 09:43:43 Received {n1 n0 {"already_seen":false,"in_reply_to":21,"msg_id":45,"seen_nodes":["n1","n0","n3","n4","n2"],"type":"gossip_ok"}}
2025/04/21 09:43:43 Received {n1 n0 {"data_id":"c10_6","message":16,"msg_id":34,"seen_nodes":["n1","n4","n2","n0"],"type":"gossip"}}
2025/04/21 09:43:43 Sent {"src":"n0","dest":"n3","body":{"data_id":"c10_6","message":16,"msg_id":22,"seen_nodes":["n0","n1","n4","n2","n3"],"type":"gossip"}}
2025/04/21 09:43:43 Sent {"src":"n0","dest":"n1","body":{"already_seen":false,"in_reply_to":34,"msg_id":39,"seen_nodes":["n0","n1","n4","n2","n3"],"type":"gossip_ok"}}
2025/04/21 09:43:43 Received {n1 n0 {"data_id":"c13_6","message":17,"msg_id":36,"seen_nodes":["n1","n4","n2","n0"],"type":"gossip"}}
2025/04/21 09:43:43 Sent {"src":"n0","dest":"n3","body":{"data_id":"c13_6","message":17,"msg_id":23,"seen_nodes":["n0","n1","n4","n2","n3"],"type":"gossip"}}
2025/04/21 09:43:43 Sent {"src":"n0","dest":"n1","body":{"already_seen":false,"in_reply_to":36,"msg_id":41,"seen_nodes":["n0","n1","n4","n2","n3"],"type":"gossip_ok"}}
2025/04/21 09:43:43 Received {c14 n0 {"type":"read","msg_id":11}}
2025/04/21 09:43:43 Sent {"src":"n0","dest":"c14","body":{"in_reply_to":11,"messages":[2,3,6,7,11,13,4,8,15,9,12,16,17,0,10],"msg_id":42,"type":"read_ok"}}
2025/04/21 09:43:43 Received {c14 n0 {"type":"broadcast","message":18,"msg_id":12}}
2025/04/21 09:43:43 Sent {"src":"n0","dest":"n3","body":{"data_id":"c14_12","message":18,"msg_id":24,"seen_nodes":["n0","n3"],"type":"gossip"}}
2025/04/21 09:43:43 Sent {"src":"n0","dest":"n1","body":{"data_id":"c14_12","message":18,"msg_id":25,"seen_nodes":["n0","n3","n1"],"type":"gossip"}}
2025/04/21 09:43:43 Sent {"src":"n0","dest":"c14","body":{"in_reply_to":12,"msg_id":45,"type":"broadcast_ok"}}
2025/04/21 09:43:43 Received {n1 n0 {"already_seen":false,"in_reply_to":25,"msg_id":55,"seen_nodes":["n1","n0","n3","n4","n2"],"type":"gossip_ok"}}
2025/04/21 09:43:44 Received {c14 n0 {"type":"broadcast","message":20,"msg_id":13}}
2025/04/21 09:43:44 Sent {"src":"n0","dest":"n3","body":{"data_id":"c14_13","message":20,"msg_id":26,"seen_nodes":["n0","n3"],"type":"gossip"}}
2025/04/21 09:43:44 Sent {"src":"n0","dest":"n1","body":{"data_id":"c14_13","message":20,"msg_id":27,"seen_nodes":["n0","n3","n1"],"type":"gossip"}}
2025/04/21 09:43:44 Sent {"src":"n0","dest":"c14","body":{"in_reply_to":13,"msg_id":48,"type":"broadcast_ok"}}
2025/04/21 09:43:44 Received {n1 n0 {"already_seen":false,"in_reply_to":27,"msg_id":59,"seen_nodes":["n1","n0","n3","n4","n2"],"type":"gossip_ok"}}
2025/04/21 09:43:44 Received {c14 n0 {"type":"broadcast","message":21,"msg_id":14}}
2025/04/21 09:43:44 Sent {"src":"n0","dest":"n3","body":{"data_id":"c14_14","message":21,"msg_id":28,"seen_nodes":["n0","n3"],"type":"gossip"}}
2025/04/21 09:43:44 Sent {"src":"n0","dest":"n1","body":{"data_id":"c14_14","message":21,"msg_id":29,"seen_nodes":["n0","n3","n1"],"type":"gossip"}}
2025/04/21 09:43:44 Sent {"src":"n0","dest":"c14","body":{"in_reply_to":14,"msg_id":51,"type":"broadcast_ok"}}
2025/04/21 09:43:44 Received {n1 n0 {"already_seen":false,"in_reply_to":29,"msg_id":62,"seen_nodes":["n1","n0","n3","n4","n2"],"type":"gossip_ok"}}
2025/04/21 09:43:44 Received {n1 n0 {"data_id":"c10_8","message":22,"msg_id":45,"seen_nodes":["n1","n4","n2","n0"],"type":"gossip"}}
2025/04/21 09:43:44 Sent {"src":"n0","dest":"n3","body":{"data_id":"c10_8","message":22,"msg_id":30,"seen_nodes":["n0","n1","n4","n2","n3"],"type":"gossip"}}
2025/04/21 09:43:44 Sent {"src":"n0","dest":"n1","body":{"already_seen":false,"in_reply_to":45,"msg_id":53,"seen_nodes":["n0","n1","n4","n2","n3"],"type":"gossip_ok"}}
2025/04/21 09:43:44 Received {c14 n0 {"type":"broadcast","message":23,"msg_id":15}}
2025/04/21 09:43:44 Sent {"src":"n0","dest":"n3","body":{"data_id":"c14_15","message":23,"msg_id":31,"seen_nodes":["n0","n3"],"type":"gossip"}}
2025/04/21 09:43:44 Sent {"src":"n0","dest":"n1","body":{"data_id":"c14_15","message":23,"msg_id":32,"seen_nodes":["n0","n3","n1"],"type":"gossip"}}
2025/04/21 09:43:44 Sent {"src":"n0","dest":"c14","body":{"in_reply_to":15,"msg_id":56,"type":"broadcast_ok"}}
2025/04/21 09:43:44 Received {n1 n0 {"already_seen":false,"in_reply_to":32,"msg_id":69,"seen_nodes":["n1","n0","n3","n4","n2"],"type":"gossip_ok"}}
2025/04/21 09:43:44 Received {c14 n0 {"type":"broadcast","message":24,"msg_id":16}}
2025/04/21 09:43:44 Sent {"src":"n0","dest":"n3","body":{"data_id":"c14_16","message":24,"msg_id":33,"seen_nodes":["n0","n3"],"type":"gossip"}}
2025/04/21 09:43:44 Sent {"src":"n0","dest":"n1","body":{"data_id":"c14_16","message":24,"msg_id":34,"seen_nodes":["n0","n3","n1"],"type":"gossip"}}
2025/04/21 09:43:44 Sent {"src":"n0","dest":"c14","body":{"in_reply_to":16,"msg_id":59,"type":"broadcast_ok"}}
2025/04/21 09:43:44 Received {n1 n0 {"already_seen":false,"in_reply_to":34,"msg_id":72,"seen_nodes":["n1","n0","n3","n4","n2"],"type":"gossip_ok"}}
2025/04/21 09:43:44 Received {n1 n0 {"data_id":"c10_9","message":25,"msg_id":52,"seen_nodes":["n1","n4","n2","n0"],"type":"gossip"}}
2025/04/21 09:43:44 Sent {"src":"n0","dest":"n3","body":{"data_id":"c10_9","message":25,"msg_id":35,"seen_nodes":["n0","n1","n4","n2","n3"],"type":"gossip"}}
2025/04/21 09:43:44 Sent {"src":"n0","dest":"n1","body":{"already_seen":false,"in_reply_to":52,"msg_id":61,"seen_nodes":["n0","n1","n4","n2","n3"],"type":"gossip_ok"}}
2025/04/21 09:43:45 Received {n1 n0 {"data_id":"c13_9","message":28,"msg_id":54,"seen_nodes":["n1","n4","n2","n0"],"type":"gossip"}}
2025/04/21 09:43:45 Sent {"src":"n0","dest":"n3","body":{"data_id":"c13_9","message":28,"msg_id":36,"seen_nodes":["n0","n1","n4","n2","n3"],"type":"gossip"}}
2025/04/21 09:43:45 Sent {"src":"n0","dest":"n1","body":{"already_seen":false,"in_reply_to":54,"msg_id":63,"seen_nodes":["n0","n1","n4","n2","n3"],"type":"gossip_ok"}}
2025/04/21 09:43:45 Received {c14 n0 {"type":"broadcast","message":29,"msg_id":17}}
2025/04/21 09:43:45 Sent {"src":"n0","dest":"n3","body":{"data_id":"c14_17","message":29,"msg_id":37,"seen_nodes":["n0","n3"],"type":"gossip"}}
2025/04/21 09:43:45 Sent {"src":"n0","dest":"n1","body":{"data_id":"c14_17","message":29,"msg_id":38,"seen_nodes":["n0","n3","n1"],"type":"gossip"}}
2025/04/21 09:43:45 Sent {"src":"n0","dest":"c14","body":{"in_reply_to":17,"msg_id":66,"type":"broadcast_ok"}}
2025/04/21 09:43:45 Received {n1 n0 {"already_seen":false,"in_reply_to":38,"msg_id":82,"seen_nodes":["n1","n0","n3","n4","n2"],"type":"gossip_ok"}}
2025/04/21 09:43:45 Received {c14 n0 {"type":"read","msg_id":18}}
2025/04/21 09:43:45 Sent {"src":"n0","dest":"c14","body":{"in_reply_to":18,"messages":[10,20,22,23,25,29,0,3,6,7,11,13,18,28,2,8,15,21,4,12,16,17,24,9],"msg_id":67,"type":"read_ok"}}
2025/04/21 09:43:45 Received {n1 n0 {"data_id":"c10_10","message":30,"msg_id":59,"seen_nodes":["n1","n4","n2","n0"],"type":"gossip"}}
2025/04/21 09:43:45 Sent {"src":"n0","dest":"n3","body":{"data_id":"c10_10","message":30,"msg_id":39,"seen_nodes":["n0","n1","n4","n2","n3"],"type":"gossip"}}
2025/04/21 09:43:45 Sent {"src":"n0","dest":"n1","body":{"already_seen":false,"in_reply_to":59,"msg_id":69,"seen_nodes":["n0","n1","n4","n2","n3"],"type":"gossip_ok"}}
2025/04/21 09:43:45 Received {c14 n0 {"type":"read","msg_id":19}}
2025/04/21 09:43:45 Sent {"src":"n0","dest":"c14","body":{"in_reply_to":19,"messages":[28,2,3,6,7,11,13,18,4,8,15,21,9,12,16,17,24,30,0,10,20,22,23,25,29],"msg_id":70,"type":"read_ok"}}
2025/04/21 09:43:45 Received {c14 n0 {"type":"broadcast","message":31,"msg_id":20}}
2025/04/21 09:43:45 Sent {"src":"n0","dest":"n3","body":{"data_id":"c14_20","message":31,"msg_id":40,"seen_nodes":["n0","n3"],"type":"gossip"}}
2025/04/21 09:43:45 Sent {"src":"n0","dest":"n1","body":{"data_id":"c14_20","message":31,"msg_id":41,"seen_nodes":["n0","n3","n1"],"type":"gossip"}}
2025/04/21 09:43:45 Sent {"src":"n0","dest":"c14","body":{"in_reply_to":20,"msg_id":73,"type":"broadcast_ok"}}
2025/04/21 09:43:45 Received {n3 n0 {"already_seen":false,"in_reply_to":40,"msg_id":17,"seen_nodes":["n3","n0","n4"],"type":"gossip_ok"}}
2025/04/21 09:43:45 Received {n1 n0 {"already_seen":false,"in_reply_to":41,"msg_id":89,"seen_nodes":["n1","n0","n3","n4","n2"],"type":"gossip_ok"}}
2025/04/21 09:43:46 Received {n3 n0 {"data_id":"c12_11","message":32,"msg_id":6,"seen_nodes":["n3","n0"],"type":"gossip"}}
2025/04/21 09:43:46 Sent {"src":"n0","dest":"n1","body":{"data_id":"c12_11","message":32,"msg_id":42,"seen_nodes":["n0","n3","n1"],"type":"gossip"}}
2025/04/21 09:43:46 Sent {"src":"n0","dest":"n3","body":{"already_seen":false,"in_reply_to":6,"msg_id":75,"seen_nodes":["n0","n3","n1"],"type":"gossip_ok"}}
2025/04/21 09:43:46 Received {n1 n0 {"already_seen":false,"in_reply_to":42,"msg_id":95,"seen_nodes":["n1","n0","n3","n4","n2"],"type":"gossip_ok"}}
2025/04/21 09:43:46 Received {n3 n0 {"data_id":"c13_11","message":33,"msg_id":8,"seen_nodes":["n3","n4","n1","n0"],"type":"gossip"}}
2025/04/21 09:43:46 Received {n1 n0 {"data_id":"c13_11","message":33,"msg_id":65,"seen_nodes":["n1","n4","n2","n0"],"type":"gossip"}}
2025/04/21 09:43:46 Sent {"src":"n0","dest":"n3","body":{"already_seen":false,"in_reply_to":8,"msg_id":76,"seen_nodes":["n0","n3","n4","n1"],"type":"gossip_ok"}}
2025/04/21 09:43:46 Sent {"src":"n0","dest":"n1","body":{"already_seen":true,"in_reply_to":65,"msg_id":77,"seen_nodes":["n0","n3","n4","n1"],"type":"gossip_ok"}}
2025/04/21 09:43:46 Received {c14 n0 {"type":"read","msg_id":21}}
2025/04/21 09:43:46 Sent {"src":"n0","dest":"c14","body":{"in_reply_to":21,"messages":[4,31,32,24,9,12,16,17,0,22,30,2,7,11,33,8,15,21,29,10,20,23,25,28,3,6,13,18],"msg_id":78,"type":"read_ok"}}
2025/04/21 09:43:46 Received {c14 n0 {"type":"read","msg_id":22}}
2025/04/21 09:43:46 Sent {"src":"n0","dest":"c14","body":{"in_reply_to":22,"messages":[25,29,10,20,23,18,28,3,6,13,4,31,32,17,24,9,12,16,0,22,30,33,2,7,11,8,15,21],"msg_id":79,"type":"read_ok"}}
2025/04/21 09:43:46 Received {n1 n0 {"data_id":"c11_11","message":34,"msg_id":67,"seen_nodes":["n1","n2","n4","n0"],"type":"gossip"}}
2025/04/21 09:43:46 Sent {"src":"n0","dest":"n3","body":{"data_id":"c11_11","message":34,"msg_id":43,"seen_nodes":["n0","n1","n2","n4","n3"],"type":"gossip"}}
2025/04/21 09:43:46 Sent {"src":"n0","dest":"n1","body":{"already_seen":false,"in_reply_to":67,"msg_id":81,"seen_nodes":["n0","n1","n2","n4","n3"],"type":"gossip_ok"}}
2025/04/21 09:43:46 Received {n3 n0 {"already_seen":false,"in_reply_to":43,"msg_id":23,"seen_nodes":["n3","n0","n1","n2","n4"],"type":"gossip_ok"}}
2025/04/21 09:43:46 Received {n3 n0 {"data_id":"c12_12","message":35,"msg_id":9,"seen_nodes":["n3","n0"],"type":"gossip"}}
2025/04/21 09:43:46 Sent {"src":"n0","dest":"n1","body":{"data_id":"c12_12","message":35,"msg_id":44,"seen_nodes":["n0","n3","n1"],"type":"gossip"}}
2025/04/21 09:43:46 Sent {"src":"n0","dest":"n3","body":{"already_seen":false,"in_reply_to":9,"msg_id":83,"seen_nodes":["n0","n3","n1"],"type":"gossip_ok"}}
2025/04/21 09:43:46 Received {n1 n0 {"already_seen":false,"in_reply_to":44,"msg_id":106,"seen_nodes":["n1","n0","n3","n4","n2"],"type":"gossip_ok"}}
2025/04/21 09:43:46 Received {n3 n0 {"data_id":"c13_12","message":36,"msg_id":11,"seen_nodes":["n3","n4","n1","n0"],"type":"gossip"}}
2025/04/21 09:43:46 Received {n1 n0 {"data_id":"c13_12","message":36,"msg_id":71,"seen_nodes":["n1","n4","n2","n0"],"type":"gossip"}}
2025/04/21 09:43:46 Sent {"src":"n0","dest":"n3","body":{"already_seen":false,"in_reply_to":11,"msg_id":84,"seen_nodes":["n0","n3","n4","n1"],"type":"gossip_ok"}}
2025/04/21 09:43:46 Sent {"src":"n0","dest":"n1","body":{"already_seen":true,"in_reply_to":71,"msg_id":85,"seen_nodes":["n0","n3","n4","n1"],"type":"gossip_ok"}}
2025/04/21 09:43:46 Received {c14 n0 {"type":"broadcast","message":37,"msg_id":23}}
2025/04/21 09:43:46 Sent {"src":"n0","dest":"n3","body":{"data_id":"c14_23","message":37,"msg_id":45,"seen_nodes":["n0","n3"],"type":"gossip"}}
2025/04/21 09:43:46 Sent {"src":"n0","dest":"n1","body":{"data_id":"c14_23","message":37,"msg_id":46,"seen_nodes":["n0","n3","n1"],"type":"gossip"}}
2025/04/21 09:43:46 Sent {"src":"n0","dest":"c14","body":{"in_reply_to":23,"msg_id":88,"type":"broadcast_ok"}}
2025/04/21 09:43:46 Received {n3 n0 {"already_seen":false,"in_reply_to":45,"msg_id":31,"seen_nodes":["n3","n0","n4"],"type":"gossip_ok"}}
2025/04/21 09:43:46 Received {n1 n0 {"already_seen":false,"in_reply_to":46,"msg_id":112,"seen_nodes":["n1","n0","n3","n4","n2"],"type":"gossip_ok"}}
2025/04/21 09:43:46 Received {c14 n0 {"type":"read","msg_id":24}}
2025/04/21 09:43:46 Sent {"src":"n0","dest":"c14","body":{"in_reply_to":24,"messages":[10,20,23,25,29,34,37,3,6,13,18,28,36,4,31,32,9,12,16,17,24,0,22,30,2,7,11,33,8,15,21,35],"msg_id":89,"type":"read_ok"}}
2025/04/21 09:43:47 Received {n3 n0 {"data_id":"c12_13","message":38,"msg_id":13,"seen_nodes":["n3","n0"],"type":"gossip"}}
2025/04/21 09:43:47 Sent {"src":"n0","dest":"n1","body":{"data_id":"c12_13","message":38,"msg_id":47,"seen_nodes":["n0","n3","n1"],"type":"gossip"}}
2025/04/21 09:43:47 Sent {"src":"n0","dest":"n3","body":{"already_seen":false,"in_reply_to":13,"msg_id":91,"seen_nodes":["n0","n3","n1"],"type":"gossip_ok"}}
2025/04/21 09:43:47 Received {n1 n0 {"already_seen":false,"in_reply_to":47,"msg_id":118,"seen_nodes":["n1","n0","n3","n4","n2"],"type":"gossip_ok"}}
2025/04/21 09:43:47 Received {c14 n0 {"type":"broadcast","message":39,"msg_id":25}}
2025/04/21 09:43:47 Sent {"src":"n0","dest":"n3","body":{"data_id":"c14_25","message":39,"msg_id":48,"seen_nodes":["n0","n3"],"type":"gossip"}}
2025/04/21 09:43:47 Sent {"src":"n0","dest":"n1","body":{"data_id":"c14_25","message":39,"msg_id":49,"seen_nodes":["n0","n3","n1"],"type":"gossip"}}
2025/04/21 09:43:47 Sent {"src":"n0","dest":"c14","body":{"in_reply_to":25,"msg_id":94,"type":"broadcast_ok"}}
2025/04/21 09:43:47 Received {n3 n0 {"already_seen":false,"in_reply_to":48,"msg_id":36,"seen_nodes":["n3","n0","n4"],"type":"gossip_ok"}}
2025/04/21 09:43:47 Received {n1 n0 {"already_seen":false,"in_reply_to":49,"msg_id":121,"seen_nodes":["n1","n0","n3","n4","n2"],"type":"gossip_ok"}}
2025/04/21 09:43:47 Received {c14 n0 {"type":"broadcast","message":40,"msg_id":26}}
2025/04/21 09:43:47 Sent {"src":"n0","dest":"n3","body":{"data_id":"c14_26","message":40,"msg_id":50,"seen_nodes":["n0","n3"],"type":"gossip"}}
2025/04/21 09:43:47 Sent {"src":"n0","dest":"n1","body":{"data_id":"c14_26","message":40,"msg_id":51,"seen_nodes":["n0","n3","n1"],"type":"gossip"}}
2025/04/21 09:43:47 Sent {"src":"n0","dest":"c14","body":{"in_reply_to":26,"msg_id":97,"type":"broadcast_ok"}}
2025/04/21 09:43:47 Received {n3 n0 {"already_seen":false,"in_reply_to":50,"msg_id":38,"seen_nodes":["n3","n0","n4"],"type":"gossip_ok"}}
2025/04/21 09:43:47 Received {n1 n0 {"already_seen":false,"in_reply_to":51,"msg_id":125,"seen_nodes":["n1","n0","n3","n4","n2"],"type":"gossip_ok"}}
2025/04/21 09:43:47 Received {n1 n0 {"data_id":"c10_14","message":41,"msg_id":82,"seen_nodes":["n1","n4","n2","n0"],"type":"gossip"}}
2025/04/21 09:43:47 Sent {"src":"n0","dest":"n3","body":{"data_id":"c10_14","message":41,"msg_id":52,"seen_nodes":["n0","n1","n4","n2","n3"],"type":"gossip"}}
2025/04/21 09:43:47 Sent {"src":"n0","dest":"n1","body":{"already_seen":false,"in_reply_to":82,"msg_id":99,"seen_nodes":["n0","n1","n4","n2","n3"],"type":"gossip_ok"}}
2025/04/21 09:43:47 Received {n3 n0 {"data_id":"c10_14","message":41,"msg_id":17,"seen_nodes":["n3","n4","n1","n0"],"type":"gossip"}}
2025/04/21 09:43:47 Sent {"src":"n0","dest":"n3","body":{"already_seen":true,"in_reply_to":17,"msg_id":100,"seen_nodes":["n0","n1","n4","n2","n3"],"type":"gossip_ok"}}
2025/04/21 09:43:47 Received {n3 n0 {"already_seen":true,"in_reply_to":52,"msg_id":41,"seen_nodes":["n3","n4","n1","n0"],"type":"gossip_ok"}}
2025/04/21 09:43:48 Received {c14 n0 {"type":"broadcast","message":42,"msg_id":27}}
2025/04/21 09:43:48 Sent {"src":"n0","dest":"n3","body":{"data_id":"c14_27","message":42,"msg_id":53,"seen_nodes":["n0","n3"],"type":"gossip"}}
2025/04/21 09:43:48 Sent {"src":"n0","dest":"n1","body":{"data_id":"c14_27","message":42,"msg_id":54,"seen_nodes":["n0","n3","n1"],"type":"gossip"}}
2025/04/21 09:43:48 Sent {"src":"n0","dest":"c14","body":{"in_reply_to":27,"msg_id":103,"type":"broadcast_ok"}}
2025/04/21 09:43:48 Received {n3 n0 {"already_seen":false,"in_reply_to":53,"msg_id":44,"seen_nodes":["n3","n0","n4"],"type":"gossip_ok"}}
2025/04/21 09:43:48 Received {n1 n0 {"already_seen":false,"in_reply_to":54,"msg_id":133,"seen_nodes":["n1","n0","n3","n4","n2"],"type":"gossip_ok"}}
2025/04/21 09:43:48 Received {c14 n0 {"type":"read","msg_id":28}}
2025/04/21 09:43:48 Sent {"src":"n0","dest":"c14","body":{"in_reply_to":28,"messages":[2,7,11,33,38,42,8,15,21,35,37,10,20,23,25,29,34,39,40,3,6,13,18,28,36,4,31,32,9,12,16,17,24,0,22,30,41],"msg_id":104,"type":"read_ok"}}
2025/04/21 09:43:48 Received {n1 n0 {"data_id":"c11_14","message":43,"msg_id":86,"seen_nodes":["n1","n2","n4","n0"],"type":"gossip"}}
2025/04/21 09:43:48 Sent {"src":"n0","dest":"n3","body":{"data_id":"c11_14","message":43,"msg_id":55,"seen_nodes":["n0","n1","n2","n4","n3"],"type":"gossip"}}
2025/04/21 09:43:48 Sent {"src":"n0","dest":"n1","body":{"already_seen":false,"in_reply_to":86,"msg_id":106,"seen_nodes":["n0","n1","n2","n4","n3"],"type":"gossip_ok"}}
2025/04/21 09:43:48 Received {n3 n0 {"data_id":"c11_14","message":43,"msg_id":19,"seen_nodes":["n3","n4","n1","n2","n0"],"type":"gossip"}}
2025/04/21 09:43:48 Received {n3 n0 {"already_seen":true,"in_reply_to":55,"msg_id":46,"seen_nodes":["n3","n4","n1","n2","n0"],"type":"gossip_ok"}}
2025/04/21 09:43:48 Sent {"src":"n0","dest":"n3","body":{"already_seen":true,"in_reply_to":19,"msg_id":107,"seen_nodes":["n0","n1","n2","n4","n3"],"type":"gossip_ok"}}
2025/04/21 09:43:48 Received {n3 n0 {"data_id":"c12_15","message":44,"msg_id":20,"seen_nodes":["n3","n0"],"type":"gossip"}}
2025/04/21 09:43:48 Sent {"src":"n0","dest":"n1","body":{"data_id":"c12_15","message":44,"msg_id":56,"seen_nodes":["n0","n3","n1"],"type":"gossip"}}
2025/04/21 09:43:48 Sent {"src":"n0","dest":"n3","body":{"already_seen":false,"in_reply_to":20,"msg_id":109,"seen_nodes":["n0","n3","n1"],"type":"gossip_ok"}}
2025/04/21 09:43:48 Received {n1 n0 {"already_seen":false,"in_reply_to":56,"msg_id":142,"seen_nodes":["n1","n0","n3","n4","n2"],"type":"gossip_ok"}}
2025/04/21 09:43:48 Received {c14 n0 {"type":"read","msg_id":29}}
2025/04/21 09:43:48 Sent {"src":"n0","dest":"c14","body":{"in_reply_to":29,"messages":[30,41,0,22,11,33,38,42,43,2,7,21,35,8,15,23,25,29,34,37,10,20,13,18,28,36,39,40,3,6,44,32,4,31,16,17,24,9,12],"msg_id":110,"type":"read_ok"}}
2025/04/21 09:43:48 Received {c14 n0 {"type":"broadcast","message":45,"msg_id":30}}
2025/04/21 09:43:48 Sent {"src":"n0","dest":"n3","body":{"data_id":"c14_30","message":45,"msg_id":57,"seen_nodes":["n0","n3"],"type":"gossip"}}
2025/04/21 09:43:48 Sent {"src":"n0","dest":"n1","body":{"data_id":"c14_30","message":45,"msg_id":58,"seen_nodes":["n0","n3","n1"],"type":"gossip"}}
2025/04/21 09:43:48 Sent {"src":"n0","dest":"c14","body":{"in_reply_to":30,"msg_id":113,"type":"broadcast_ok"}}
2025/04/21 09:43:48 Received {n3 n0 {"already_seen":false,"in_reply_to":57,"msg_id":52,"seen_nodes":["n3","n0","n4"],"type":"gossip_ok"}}
2025/04/21 09:43:48 Received {n1 n0 {"already_seen":false,"in_reply_to":58,"msg_id":145,"seen_nodes":["n1","n0","n3","n4","n2"],"type":"gossip_ok"}}
2025/04/21 09:43:49 Received {n1 n0 {"data_id":"c11_15","message":46,"msg_id":92,"seen_nodes":["n1","n2","n4","n0"],"type":"gossip"}}
2025/04/21 09:43:49 Sent {"src":"n0","dest":"n3","body":{"data_id":"c11_15","message":46,"msg_id":59,"seen_nodes":["n0","n1","n2","n4","n3"],"type":"gossip"}}
2025/04/21 09:43:49 Sent {"src":"n0","dest":"n1","body":{"already_seen":false,"in_reply_to":92,"msg_id":115,"seen_nodes":["n0","n1","n2","n4","n3"],"type":"gossip_ok"}}
2025/04/21 09:43:49 Received {n3 n0 {"data_id":"c11_15","message":46,"msg_id":23,"seen_nodes":["n3","n4","n1","n2","n0"],"type":"gossip"}}
2025/04/21 09:43:49 Sent {"src":"n0","dest":"n3","body":{"already_seen":true,"in_reply_to":23,"msg_id":116,"seen_nodes":["n0","n1","n2","n4","n3"],"type":"gossip_ok"}}
2025/04/21 09:43:49 Received {n3 n0 {"already_seen":true,"in_reply_to":59,"msg_id":54,"seen_nodes":["n3","n4","n1","n2","n0"],"type":"gossip_ok"}}
2025/04/21 09:43:49 Received {n3 n0 {"data_id":"c12_16","message":47,"msg_id":24,"seen_nodes":["n3","n0"],"type":"gossip"}}
2025/04/21 09:43:49 Sent {"src":"n0","dest":"n1","body":{"data_id":"c12_16","message":47,"msg_id":60,"seen_nodes":["n0","n3","n1"],"type":"gossip"}}
2025/04/21 09:43:49 Sent {"src":"n0","dest":"n3","body":{"already_seen":false,"in_reply_to":24,"msg_id":118,"seen_nodes":["n0","n3","n1"],"type":"gossip_ok"}}
2025/04/21 09:43:49 Received {n1 n0 {"already_seen":false,"in_reply_to":60,"msg_id":154,"seen_nodes":["n1","n0","n3","n4","n2"],"type":"gossip_ok"}}
2025/04/21 09:43:49 Received {n3 n0 {"data_id":"c13_16","message":48,"msg_id":26,"seen_nodes":["n3","n4","n1","n0"],"type":"gossip"}}
2025/04/21 09:43:49 Received {n1 n0 {"data_id":"c13_16","message":48,"msg_id":96,"seen_nodes":["n1","n4","n2","n0"],"type":"gossip"}}
2025/04/21 09:43:49 Sent {"src":"n0","dest":"n1","body":{"already_seen":true,"in_reply_to":96,"msg_id":120,"seen_nodes":["n0","n3","n4","n1"],"type":"gossip_ok"}}
2025/04/21 09:43:49 Sent {"src":"n0","dest":"n3","body":{"already_seen":false,"in_reply_to":26,"msg_id":119,"seen_nodes":["n0","n3","n4","n1"],"type":"gossip_ok"}}
2025/04/21 09:43:49 Received {c14 n0 {"type":"read","msg_id":31}}
2025/04/21 09:43:49 Sent {"src":"n0","dest":"c14","body":{"in_reply_to":31,"messages":[16,17,24,48,9,12,30,41,0,22,11,33,38,42,43,46,2,7,21,35,45,8,15,23,25,29,34,37,10,20,13,18,28,36,39,40,3,6,44,32,47,4,31],"msg_id":121,"type":"read_ok"}}
2025/04/21 09:43:49 Received {c14 n0 {"type":"broadcast","message":49,"msg_id":32}}
2025/04/21 09:43:49 Sent {"src":"n0","dest":"n3","body":{"data_id":"c14_32","message":49,"msg_id":61,"seen_nodes":["n0","n3"],"type":"gossip"}}
2025/04/21 09:43:49 Sent {"src":"n0","dest":"n1","body":{"data_id":"c14_32","message":49,"msg_id":62,"seen_nodes":["n0","n3","n1"],"type":"gossip"}}
2025/04/21 09:43:49 Sent {"src":"n0","dest":"c14","body":{"in_reply_to":32,"msg_id":124,"type":"broadcast_ok"}}
2025/04/21 09:43:49 Received {n3 n0 {"already_seen":false,"in_reply_to":61,"msg_id":62,"seen_nodes":["n3","n0","n4"],"type":"gossip_ok"}}
2025/04/21 09:43:49 Received {n1 n0 {"already_seen":false,"in_reply_to":62,"msg_id":160,"seen_nodes":["n1","n0","n3","n4","n2"],"type":"gossip_ok"}}
2025/04/21 09:43:49 Received {n1 n0 {"data_id":"c10_17","message":50,"msg_id":101,"seen_nodes":["n1","n4","n2","n0"],"type":"gossip"}}
2025/04/21 09:43:49 Sent {"src":"n0","dest":"n3","body":{"data_id":"c10_17","message":50,"msg_id":63,"seen_nodes":["n0","n1","n4","n2","n3"],"type":"gossip"}}
2025/04/21 09:43:49 Sent {"src":"n0","dest":"n1","body":{"already_seen":false,"in_reply_to":101,"msg_id":126,"seen_nodes":["n0","n1","n4","n2","n3"],"type":"gossip_ok"}}
2025/04/21 09:43:49 Received {n3 n0 {"data_id":"c10_17","message":50,"msg_id":28,"seen_nodes":["n3","n4","n1","n0"],"type":"gossip"}}
2025/04/21 09:43:49 Received {n3 n0 {"already_seen":true,"in_reply_to":63,"msg_id":64,"seen_nodes":["n3","n4","n1","n0"],"type":"gossip_ok"}}
2025/04/21 09:43:49 Sent {"src":"n0","dest":"n3","body":{"already_seen":true,"in_reply_to":28,"msg_id":127,"seen_nodes":["n0","n1","n4","n2","n3"],"type":"gossip_ok"}}
2025/04/21 09:43:49 Received {n3 n0 {"data_id":"c13_17","message":51,"msg_id":29,"seen_nodes":["n3","n4","n1","n0"],"type":"gossip"}}
2025/04/21 09:43:49 Sent {"src":"n0","dest":"n3","body":{"already_seen":false,"in_reply_to":29,"msg_id":128,"seen_nodes":["n0","n3","n4","n1"],"type":"gossip_ok"}}
2025/04/21 09:43:49 Received {n1 n0 {"data_id":"c13_17","message":51,"msg_id":103,"seen_nodes":["n1","n4","n2","n0"],"type":"gossip"}}
2025/04/21 09:43:49 Sent {"src":"n0","dest":"n1","body":{"already_seen":true,"in_reply_to":103,"msg_id":129,"seen_nodes":["n0","n3","n4","n1"],"type":"gossip_ok"}}
2025/04/21 09:43:50 Received {c14 n0 {"type":"broadcast","message":52,"msg_id":33}}
2025/04/21 09:43:50 Sent {"src":"n0","dest":"n3","body":{"data_id":"c14_33","message":52,"msg_id":64,"seen_nodes":["n0","n3"],"type":"gossip"}}
2025/04/21 09:43:50 Sent {"src":"n0","dest":"n1","body":{"data_id":"c14_33","message":52,"msg_id":65,"seen_nodes":["n0","n3","n1"],"type":"gossip"}}
2025/04/21 09:43:50 Sent {"src":"n0","dest":"c14","body":{"in_reply_to":33,"msg_id":132,"type":"broadcast_ok"}}
2025/04/21 09:43:50 Received {n3 n0 {"already_seen":false,"in_reply_to":64,"msg_id":70,"seen_nodes":["n3","n0","n4"],"type":"gossip_ok"}}
2025/04/21 09:43:50 Received {n1 n0 {"already_seen":false,"in_reply_to":65,"msg_id":171,"seen_nodes":["n1","n0","n3","n4","n2"],"type":"gossip_ok"}}
2025/04/21 09:43:50 Received {c14 n0 {"type":"broadcast","message":53,"msg_id":34}}
2025/04/21 09:43:50 Sent {"src":"n0","dest":"n3","body":{"data_id":"c14_34","message":53,"msg_id":66,"seen_nodes":["n0","n3"],"type":"gossip"}}
2025/04/21 09:43:50 Sent {"src":"n0","dest":"n1","body":{"data_id":"c14_34","message":53,"msg_id":67,"seen_nodes":["n0","n3","n1"],"type":"gossip"}}
2025/04/21 09:43:50 Sent {"src":"n0","dest":"c14","body":{"in_reply_to":34,"msg_id":135,"type":"broadcast_ok"}}
2025/04/21 09:43:50 Received {n3 n0 {"already_seen":false,"in_reply_to":66,"msg_id":72,"seen_nodes":["n3","n0","n4"],"type":"gossip_ok"}}
2025/04/21 09:43:50 Received {n1 n0 {"already_seen":false,"in_reply_to":67,"msg_id":175,"seen_nodes":["n1","n0","n3","n4","n2"],"type":"gossip_ok"}}
2025/04/21 09:43:50 Received {n1 n0 {"data_id":"c10_18","message":54,"msg_id":110,"seen_nodes":["n1","n4","n2","n0"],"type":"gossip"}}
2025/04/21 09:43:50 Sent {"src":"n0","dest":"n3","body":{"data_id":"c10_18","message":54,"msg_id":68,"seen_nodes":["n0","n1","n4","n2","n3"],"type":"gossip"}}
2025/04/21 09:43:50 Sent {"src":"n0","dest":"n1","body":{"already_seen":false,"in_reply_to":110,"msg_id":137,"seen_nodes":["n0","n1","n4","n2","n3"],"type":"gossip_ok"}}
2025/04/21 09:43:50 Received {n3 n0 {"data_id":"c10_18","message":54,"msg_id":32,"seen_nodes":["n3","n4","n1","n0"],"type":"gossip"}}
2025/04/21 09:43:50 Sent {"src":"n0","dest":"n3","body":{"already_seen":true,"in_reply_to":32,"msg_id":138,"seen_nodes":["n0","n1","n4","n2","n3"],"type":"gossip_ok"}}
2025/04/21 09:43:50 Received {n3 n0 {"already_seen":true,"in_reply_to":68,"msg_id":75,"seen_nodes":["n3","n4","n1","n0"],"type":"gossip_ok"}}
2025/04/21 09:43:50 Received {n1 n0 {"data_id":"c11_17","message":55,"msg_id":112,"seen_nodes":["n1","n2","n4","n0"],"type":"gossip"}}
2025/04/21 09:43:50 Sent {"src":"n0","dest":"n3","body":{"data_id":"c11_17","message":55,"msg_id":69,"seen_nodes":["n0","n1","n2","n4","n3"],"type":"gossip"}}
2025/04/21 09:43:50 Sent {"src":"n0","dest":"n1","body":{"already_seen":false,"in_reply_to":112,"msg_id":140,"seen_nodes":["n0","n1","n2","n4","n3"],"type":"gossip_ok"}}
2025/04/21 09:43:50 Received {n3 n0 {"data_id":"c11_17","message":55,"msg_id":33,"seen_nodes":["n3","n4","n1","n2","n0"],"type":"gossip"}}
2025/04/21 09:43:50 Received {n3 n0 {"already_seen":true,"in_reply_to":69,"msg_id":77,"seen_nodes":["n3","n4","n1","n2","n0"],"type":"gossip_ok"}}
2025/04/21 09:43:50 Sent {"src":"n0","dest":"n3","body":{"already_seen":true,"in_reply_to":33,"msg_id":141,"seen_nodes":["n0","n1","n2","n4","n3"],"type":"gossip_ok"}}
2025/04/21 09:43:50 Received {n3 n0 {"data_id":"c13_18","message":56,"msg_id":34,"seen_nodes":["n3","n4","n1","n0"],"type":"gossip"}}
2025/04/21 09:43:50 Received {n1 n0 {"data_id":"c13_18","message":56,"msg_id":114,"seen_nodes":["n1","n4","n2","n0"],"type":"gossip"}}
2025/04/21 09:43:50 Sent {"src":"n0","dest":"n3","body":{"already_seen":false,"in_reply_to":34,"msg_id":142,"seen_nodes":["n0","n3","n4","n1"],"type":"gossip_ok"}}
2025/04/21 09:43:50 Sent {"src":"n0","dest":"n1","body":{"already_seen":true,"in_reply_to":114,"msg_id":143,"seen_nodes":["n0","n3","n4","n1"],"type":"gossip_ok"}}
2025/04/21 09:43:50 Received {c14 n0 {"type":"read","msg_id":35}}
2025/04/21 09:43:50 Sent {"src":"n0","dest":"c14","body":{"in_reply_to":35,"messages":[39,40,3,6,13,18,28,36,44,50,51,4,31,32,47,56,55,9,12,16,17,24,48,0,22,30,41,49,43,46,2,7,11,33,38,42,8,15,21,35,45,54,37,52,10,20,23,25,29,34,53],"msg_id":144,"type":"read_ok"}}
2025/04/21 09:43:50 Received {c14 n0 {"type":"read","msg_id":36}}
2025/04/21 09:43:50 Sent {"src":"n0","dest":"c14","body":{"in_reply_to":36,"messages":[37,52,10,20,23,25,29,34,53,39,40,3,6,13,18,28,36,44,50,51,4,31,32,47,56,55,9,12,16,17,24,48,0,22,30,41,49,43,46,2,7,11,33,38,42,8,15,21,35,45,54],"msg_id":145,"type":"read_ok"}}
2025/04/21 09:43:50 Received {n1 n0 {"data_id":"c10_19","message":57,"msg_id":117,"seen_nodes":["n1","n4","n2","n0"],"type":"gossip"}}
2025/04/21 09:43:50 Sent {"src":"n0","dest":"n3","body":{"data_id":"c10_19","message":57,"msg_id":70,"seen_nodes":["n0","n1","n4","n2","n3"],"type":"gossip"}}
2025/04/21 09:43:50 Sent {"src":"n0","dest":"n1","body":{"already_seen":false,"in_reply_to":117,"msg_id":147,"seen_nodes":["n0","n1","n4","n2","n3"],"type":"gossip_ok"}}
2025/04/21 09:43:50 Received {n3 n0 {"data_id":"c10_19","message":57,"msg_id":35,"seen_nodes":["n3","n4","n1","n0"],"type":"gossip"}}
2025/04/21 09:43:50 Received {n3 n0 {"already_seen":true,"in_reply_to":70,"msg_id":82,"seen_nodes":["n3","n4","n1","n0"],"type":"gossip_ok"}}
2025/04/21 09:43:50 Sent {"src":"n0","dest":"n3","body":{"already_seen":true,"in_reply_to":35,"msg_id":148,"seen_nodes":["n0","n1","n4","n2","n3"],"type":"gossip_ok"}}
2025/04/21 09:43:50 Received {n3 n0 {"data_id":"c12_19","message":58,"msg_id":36,"seen_nodes":["n3","n0"],"type":"gossip"}}
2025/04/21 09:43:50 Sent {"src":"n0","dest":"n1","body":{"data_id":"c12_19","message":58,"msg_id":71,"seen_nodes":["n0","n3","n1"],"type":"gossip"}}
2025/04/21 09:43:50 Sent {"src":"n0","dest":"n3","body":{"already_seen":false,"in_reply_to":36,"msg_id":150,"seen_nodes":["n0","n3","n1"],"type":"gossip_ok"}}
2025/04/21 09:43:50 Received {n1 n0 {"already_seen":false,"in_reply_to":71,"msg_id":194,"seen_nodes":["n1","n0","n3","n4","n2"],"type":"gossip_ok"}}
2025/04/21 09:43:50 Received {n3 n0 {"data_id":"c13_19","message":59,"msg_id":38,"seen_nodes":["n3","n4","n1","n0"],"type":"gossip"}}
2025/04/21 09:43:50 Received {n1 n0 {"data_id":"c13_19","message":59,"msg_id":121,"seen_nodes":["n1","n4","n2","n0"],"type":"gossip"}}
2025/04/21 09:43:50 Sent {"src":"n0","dest":"n1","body":{"already_seen":true,"in_reply_to":121,"msg_id":152,"seen_nodes":["n0","n3","n4","n1"],"type":"gossip_ok"}}
2025/04/21 09:43:50 Sent {"src":"n0","dest":"n3","body":{"already_seen":false,"in_reply_to":38,"msg_id":151,"seen_nodes":["n0","n3","n4","n1"],"type":"gossip_ok"}}
2025/04/21 09:43:50 Received {c14 n0 {"type":"broadcast","message":60,"msg_id":37}}
2025/04/21 09:43:50 Sent {"src":"n0","dest":"n3","body":{"data_id":"c14_37","message":60,"msg_id":72,"seen_nodes":["n0","n3"],"type":"gossip"}}
2025/04/21 09:43:50 Sent {"src":"n0","dest":"n1","body":{"data_id":"c14_37","message":60,"msg_id":73,"seen_nodes":["n0","n3","n1"],"type":"gossip"}}
2025/04/21 09:43:50 Sent {"src":"n0","dest":"c14","body":{"in_reply_to":37,"msg_id":155,"type":"broadcast_ok"}}
2025/04/21 09:43:50 Received {n3 n0 {"already_seen":false,"in_reply_to":72,"msg_id":91,"seen_nodes":["n3","n0","n4"],"type":"gossip_ok"}}
2025/04/21 09:43:50 Received {n1 n0 {"already_seen":false,"in_reply_to":73,"msg_id":200,"seen_nodes":["n1","n0","n3","n4","n2"],"type":"gossip_ok"}}
2025/04/21 09:43:51 Received {c14 n0 {"type":"read","msg_id":38}}
2025/04/21 09:43:51 Sent {"src":"n0","dest":"c14","body":{"in_reply_to":38,"messages":[22,41,49,38,42,43,8,15,21,35,37,52,10,20,29,53,39,50,59,6,13,18,28,36,31,12,16,17,24,55,0,30,2,7,11,33,46,54,45,58,60,34,23,25,3,40,44,51,4,32,47,56,9,48,57],"msg_id":156,"type":"read_ok"}}
2025/04/21 09:43:51 Received {n1 n0 {"data_id":"c10_20","message":61,"msg_id":126,"seen_nodes":["n1","n4","n2","n0"],"type":"gossip"}}
2025/04/21 09:43:51 Sent {"src":"n0","dest":"n3","body":{"data_id":"c10_20","message":61,"msg_id":74,"seen_nodes":["n0","n1","n4","n2","n3"],"type":"gossip"}}
2025/04/21 09:43:51 Sent {"src":"n0","dest":"n1","body":{"already_seen":false,"in_reply_to":126,"msg_id":158,"seen_nodes":["n0","n1","n4","n2","n3"],"type":"gossip_ok"}}
2025/04/21 09:43:51 Received {n3 n0 {"data_id":"c10_20","message":61,"msg_id":40,"seen_nodes":["n3","n4","n1","n0"],"type":"gossip"}}
2025/04/21 09:43:51 Received {n3 n0 {"already_seen":true,"in_reply_to":74,"msg_id":93,"seen_nodes":["n3","n4","n1","n0"],"type":"gossip_ok"}}
2025/04/21 09:43:51 Sent {"src":"n0","dest":"n3","body":{"already_seen":true,"in_reply_to":40,"msg_id":159,"seen_nodes":["n0","n1","n4","n2","n3"],"type":"gossip_ok"}}
2025/04/21 09:43:51 Received {n1 n0 {"data_id":"c11_19","message":62,"msg_id":128,"seen_nodes":["n1","n2","n4","n0"],"type":"gossip"}}
2025/04/21 09:43:51 Sent {"src":"n0","dest":"n3","body":{"data_id":"c11_19","message":62,"msg_id":75,"seen_nodes":["n0","n1","n2","n4","n3"],"type":"gossip"}}
2025/04/21 09:43:51 Sent {"src":"n0","dest":"n1","body":{"already_seen":false,"in_reply_to":128,"msg_id":161,"seen_nodes":["n0","n1","n2","n4","n3"],"type":"gossip_ok"}}
2025/04/21 09:43:51 Received {n3 n0 {"data_id":"c11_19","message":62,"msg_id":41,"seen_nodes":["n3","n4","n1","n2","n0"],"type":"gossip"}}
2025/04/21 09:43:51 Received {n3 n0 {"already_seen":true,"in_reply_to":75,"msg_id":96,"seen_nodes":["n3","n4","n1","n2","n0"],"type":"gossip_ok"}}
2025/04/21 09:43:51 Sent {"src":"n0","dest":"n3","body":{"already_seen":true,"in_reply_to":41,"msg_id":162,"seen_nodes":["n0","n1","n2","n4","n3"],"type":"gossip_ok"}}
2025/04/21 09:43:51 Received {n1 n0 {"data_id":"c13_20","message":63,"msg_id":130,"seen_nodes":["n1","n4","n2","n0"],"type":"gossip"}}
2025/04/21 09:43:51 Received {n3 n0 {"data_id":"c13_20","message":63,"msg_id":42,"seen_nodes":["n3","n4","n1","n0"],"type":"gossip"}}
2025/04/21 09:43:51 Sent {"src":"n0","dest":"n3","body":{"data_id":"c13_20","message":63,"msg_id":76,"seen_nodes":["n0","n1","n4","n2","n3"],"type":"gossip"}}
2025/04/21 09:43:51 Sent {"src":"n0","dest":"n3","body":{"already_seen":true,"in_reply_to":42,"msg_id":164,"seen_nodes":["n0","n1","n4","n2","n3"],"type":"gossip_ok"}}
2025/04/21 09:43:51 Sent {"src":"n0","dest":"n1","body":{"already_seen":false,"in_reply_to":130,"msg_id":165,"seen_nodes":["n0","n1","n4","n2","n3"],"type":"gossip_ok"}}
2025/04/21 09:43:51 Received {n3 n0 {"already_seen":true,"in_reply_to":76,"msg_id":101,"seen_nodes":["n3","n4","n1","n0"],"type":"gossip_ok"}}
2025/04/21 09:43:51 Received {c14 n0 {"type":"broadcast","message":64,"msg_id":39}}
2025/04/21 09:43:51 Sent {"src":"n0","dest":"n3","body":{"data_id":"c14_39","message":64,"msg_id":77,"seen_nodes":["n0","n3"],"type":"gossip"}}
2025/04/21 09:43:51 Sent {"src":"n0","dest":"n1","body":{"data_id":"c14_39","message":64,"msg_id":78,"seen_nodes":["n0","n3","n1"],"type":"gossip"}}
2025/04/21 09:43:51 Sent {"src":"n0","dest":"c14","body":{"in_reply_to":39,"msg_id":168,"type":"broadcast_ok"}}
2025/04/21 09:43:51 Received {n3 n0 {"already_seen":false,"in_reply_to":77,"msg_id":103,"seen_nodes":["n3","n0","n4"],"type":"gossip_ok"}}
2025/04/21 09:43:51 Received {n1 n0 {"already_seen":false,"in_reply_to":78,"msg_id":214,"seen_nodes":["n1","n0","n3","n4","n2"],"type":"gossip_ok"}}
2025/04/21 09:43:51 Received {c14 n0 {"type":"broadcast","message":65,"msg_id":40}}
2025/04/21 09:43:51 Sent {"src":"n0","dest":"n3","body":{"data_id":"c14_40","message":65,"msg_id":79,"seen_nodes":["n0","n3"],"type":"gossip"}}
2025/04/21 09:43:51 Sent {"src":"n0","dest":"n1","body":{"data_id":"c14_40","message":65,"msg_id":80,"seen_nodes":["n0","n3","n1"],"type":"gossip"}}
2025/04/21 09:43:51 Sent {"src":"n0","dest":"c14","body":{"in_reply_to":40,"msg_id":171,"type":"broadcast_ok"}}
2025/04/21 09:43:51 Received {n3 n0 {"already_seen":false,"in_reply_to":79,"msg_id":105,"seen_nodes":["n3","n0","n4"],"type":"gossip_ok"}}
2025/04/21 09:43:51 Received {n1 n0 {"already_seen":false,"in_reply_to":80,"msg_id":218,"seen_nodes":["n1","n0","n3","n4","n2"],"type":"gossip_ok"}}
2025/04/21 09:43:52 Received {n1 n0 {"data_id":"c11_20","message":66,"msg_id":136,"seen_nodes":["n1","n2","n4","n0"],"type":"gossip"}}
2025/04/21 09:43:52 Sent {"src":"n0","dest":"n3","body":{"data_id":"c11_20","message":66,"msg_id":81,"seen_nodes":["n0","n1","n2","n4","n3"],"type":"gossip"}}
2025/04/21 09:43:52 Sent {"src":"n0","dest":"n1","body":{"already_seen":false,"in_reply_to":136,"msg_id":173,"seen_nodes":["n0","n1","n2","n4","n3"],"type":"gossip_ok"}}
2025/04/21 09:43:52 Received {n3 n0 {"data_id":"c11_20","message":66,"msg_id":45,"seen_nodes":["n3","n4","n1","n2","n0"],"type":"gossip"}}
2025/04/21 09:43:52 Sent {"src":"n0","dest":"n3","body":{"already_seen":true,"in_reply_to":45,"msg_id":174,"seen_nodes":["n0","n1","n2","n4","n3"],"type":"gossip_ok"}}
2025/04/21 09:43:52 Received {n3 n0 {"already_seen":true,"in_reply_to":81,"msg_id":106,"seen_nodes":["n3","n4","n1"],"type":"gossip_ok"}}
2025/04/21 09:43:52 Received {n3 n0 {"data_id":"c12_21","message":67,"msg_id":46,"seen_nodes":["n3","n0"],"type":"gossip"}}
2025/04/21 09:43:52 Sent {"src":"n0","dest":"n1","body":{"data_id":"c12_21","message":67,"msg_id":82,"seen_nodes":["n0","n3","n1"],"type":"gossip"}}
2025/04/21 09:43:52 Sent {"src":"n0","dest":"n3","body":{"already_seen":false,"in_reply_to":46,"msg_id":176,"seen_nodes":["n0","n3","n1"],"type":"gossip_ok"}}
2025/04/21 09:43:52 Received {n1 n0 {"already_seen":true,"in_reply_to":82,"msg_id":225,"seen_nodes":["n1","n4","n3","n0","n2"],"type":"gossip_ok"}}
2025/04/21 09:43:52 Received {c14 n0 {"type":"read","msg_id":41}}
2025/04/21 09:43:52 Sent {"src":"n0","dest":"c14","body":{"in_reply_to":41,"messages":[23,25,34,3,40,44,51,61,4,32,47,56,9,48,57,22,41,49,38,42,43,8,15,21,35,62,67,10,20,29,37,52,53,6,13,18,28,36,39,50,59,65,31,12,16,17,24,55,0,30,2,7,11,33,46,66,45,54,58,60,63,64],"msg_id":177,"type":"read_ok"}}
2025/04/21 09:43:52 Received {c14 n0 {"type":"broadcast","message":68,"msg_id":42}}
2025/04/21 09:43:52 Sent {"src":"n0","dest":"n3","body":{"data_id":"c14_42","message":68,"msg_id":83,"seen_nodes":["n0","n3"],"type":"gossip"}}
2025/04/21 09:43:52 Sent {"src":"n0","dest":"n1","body":{"data_id":"c14_42","message":68,"msg_id":84,"seen_nodes":["n0","n3","n1"],"type":"gossip"}}
2025/04/21 09:43:52 Sent {"src":"n0","dest":"c14","body":{"in_reply_to":42,"msg_id":180,"type":"broadcast_ok"}}
2025/04/21 09:43:52 Received {n3 n0 {"already_seen":false,"in_reply_to":83,"msg_id":113,"seen_nodes":["n3","n0","n4"],"type":"gossip_ok"}}
2025/04/21 09:43:52 Received {n1 n0 {"already_seen":false,"in_reply_to":84,"msg_id":229,"seen_nodes":["n1","n0","n3","n4","n2"],"type":"gossip_ok"}}
2025/04/21 09:43:52 Received {n1 n0 {"data_id":"c11_21","message":69,"msg_id":141,"seen_nodes":["n1","n2","n4","n0"],"type":"gossip"}}
2025/04/21 09:43:52 Sent {"src":"n0","dest":"n3","body":{"data_id":"c11_21","message":69,"msg_id":85,"seen_nodes":["n0","n1","n2","n4","n3"],"type":"gossip"}}
2025/04/21 09:43:52 Sent {"src":"n0","dest":"n1","body":{"already_seen":false,"in_reply_to":141,"msg_id":182,"seen_nodes":["n0","n1","n2","n4","n3"],"type":"gossip_ok"}}
2025/04/21 09:43:52 Received {n3 n0 {"data_id":"c11_21","message":69,"msg_id":49,"seen_nodes":["n3","n4","n1","n2","n0"],"type":"gossip"}}
2025/04/21 09:43:52 Received {n3 n0 {"already_seen":true,"in_reply_to":85,"msg_id":114,"seen_nodes":["n3","n4"],"type":"gossip_ok"}}
2025/04/21 09:43:52 Sent {"src":"n0","dest":"n3","body":{"already_seen":true,"in_reply_to":49,"msg_id":183,"seen_nodes":["n0","n1","n2","n4","n3"],"type":"gossip_ok"}}
2025/04/21 09:43:53 Received {c14 n0 {"type":"broadcast","message":70,"msg_id":43}}
2025/04/21 09:43:53 Sent {"src":"n0","dest":"n3","body":{"data_id":"c14_43","message":70,"msg_id":86,"seen_nodes":["n0","n3"],"type":"gossip"}}
2025/04/21 09:43:53 Sent {"src":"n0","dest":"n1","body":{"data_id":"c14_43","message":70,"msg_id":87,"seen_nodes":["n0","n3","n1"],"type":"gossip"}}
2025/04/21 09:43:53 Sent {"src":"n0","dest":"c14","body":{"in_reply_to":43,"msg_id":186,"type":"broadcast_ok"}}
2025/04/21 09:43:53 Received {n3 n0 {"already_seen":false,"in_reply_to":86,"msg_id":119,"seen_nodes":["n3","n0","n4"],"type":"gossip_ok"}}
2025/04/21 09:43:53 Received {n1 n0 {"already_seen":false,"in_reply_to":87,"msg_id":237,"seen_nodes":["n1","n0","n3","n4","n2"],"type":"gossip_ok"}}
2025/04/21 09:43:53 Received {c14 n0 {"type":"broadcast","message":71,"msg_id":44}}
2025/04/21 09:43:53 Sent {"src":"n0","dest":"n3","body":{"data_id":"c14_44","message":71,"msg_id":88,"seen_nodes":["n0","n3"],"type":"gossip"}}
2025/04/21 09:43:53 Sent {"src":"n0","dest":"n1","body":{"data_id":"c14_44","message":71,"msg_id":89,"seen_nodes":["n0","n3","n1"],"type":"gossip"}}
2025/04/21 09:43:53 Sent {"src":"n0","dest":"c14","body":{"in_reply_to":44,"msg_id":189,"type":"broadcast_ok"}}
2025/04/21 09:43:53 Received {n3 n0 {"already_seen":false,"in_reply_to":88,"msg_id":121,"seen_nodes":["n3","n0","n4"],"type":"gossip_ok"}}
2025/04/21 09:43:53 Received {n1 n0 {"already_seen":false,"in_reply_to":89,"msg_id":241,"seen_nodes":["n1","n0","n3","n4","n2"],"type":"gossip_ok"}}
2025/04/21 09:43:53 Received {n1 n0 {"data_id":"c11_22","message":72,"msg_id":147,"seen_nodes":["n1","n2","n4","n0"],"type":"gossip"}}
2025/04/21 09:43:53 Sent {"src":"n0","dest":"n3","body":{"data_id":"c11_22","message":72,"msg_id":90,"seen_nodes":["n0","n1","n2","n4","n3"],"type":"gossip"}}
2025/04/21 09:43:53 Sent {"src":"n0","dest":"n1","body":{"already_seen":false,"in_reply_to":147,"msg_id":191,"seen_nodes":["n0","n1","n2","n4","n3"],"type":"gossip_ok"}}
2025/04/21 09:43:53 Received {n3 n0 {"data_id":"c11_22","message":72,"msg_id":52,"seen_nodes":["n3","n4","n1","n2","n0"],"type":"gossip"}}
2025/04/21 09:43:53 Sent {"src":"n0","dest":"n3","body":{"already_seen":true,"in_reply_to":52,"msg_id":192,"seen_nodes":["n0","n1","n2","n4","n3"],"type":"gossip_ok"}}
2025/04/21 09:43:53 Received {n3 n0 {"already_seen":true,"in_reply_to":90,"msg_id":124,"seen_nodes":["n3","n4","n1","n2","n0"],"type":"gossip_ok"}}
2025/04/21 09:43:53 Received {n3 n0 {"data_id":"c12_23","message":73,"msg_id":53,"seen_nodes":["n3","n0"],"type":"gossip"}}
2025/04/21 09:43:53 Sent {"src":"n0","dest":"n1","body":{"data_id":"c12_23","message":73,"msg_id":91,"seen_nodes":["n0","n3","n1"],"type":"gossip"}}
2025/04/21 09:43:53 Sent {"src":"n0","dest":"n3","body":{"already_seen":false,"in_reply_to":53,"msg_id":194,"seen_nodes":["n0","n3","n1"],"type":"gossip_ok"}}
2025/04/21 09:43:53 Received {n1 n0 {"already_seen":false,"in_reply_to":91,"msg_id":250,"seen_nodes":["n1","n0","n3","n4","n2"],"type":"gossip_ok"}}
2025/04/21 09:43:53 Received {n3 n0 {"data_id":"c13_23","message":74,"msg_id":55,"seen_nodes":["n3","n4","n1","n0"],"type":"gossip"}}
2025/04/21 09:43:53 Received {n1 n0 {"data_id":"c13_23","message":74,"msg_id":151,"seen_nodes":["n1","n4","n2","n0"],"type":"gossip"}}
2025/04/21 09:43:53 Sent {"src":"n0","dest":"n3","body":{"already_seen":false,"in_reply_to":55,"msg_id":195,"seen_nodes":["n0","n3","n4","n1"],"type":"gossip_ok"}}
2025/04/21 09:43:53 Sent {"src":"n0","dest":"n1","body":{"already_seen":true,"in_reply_to":151,"msg_id":196,"seen_nodes":["n0","n3","n4","n1"],"type":"gossip_ok"}}
2025/04/21 09:43:54 Received {c14 n0 {"type":"read","msg_id":45}}
2025/04/21 09:43:54 Sent {"src":"n0","dest":"c14","body":{"in_reply_to":45,"messages":[31,70,69,12,16,17,24,55,0,30,66,73,2,7,11,33,46,45,54,58,60,63,64,71,23,25,34,3,40,44,51,61,4,32,47,56,9,48,57,72,22,41,49,38,42,43,8,15,21,35,62,67,68,53,10,20,29,37,52,39,50,59,6,13,18,28,36,65,74],"msg_id":197,"type":"read_ok"}}
2025/04/21 09:43:54 Received {c14 n0 {"type":"broadcast","message":75,"msg_id":46}}
2025/04/21 09:43:54 Sent {"src":"n0","dest":"n3","body":{"data_id":"c14_46","message":75,"msg_id":92,"seen_nodes":["n0","n3"],"type":"gossip"}}
2025/04/21 09:43:54 Sent {"src":"n0","dest":"n1","body":{"data_id":"c14_46","message":75,"msg_id":93,"seen_nodes":["n0","n3","n1"],"type":"gossip"}}
2025/04/21 09:43:54 Sent {"src":"n0","dest":"c14","body":{"in_reply_to":46,"msg_id":200,"type":"broadcast_ok"}}
2025/04/21 09:43:54 Received {n3 n0 {"already_seen":false,"in_reply_to":92,"msg_id":131,"seen_nodes":["n3","n0","n4"],"type":"gossip_ok"}}
2025/04/21 09:43:54 Received {n1 n0 {"already_seen":false,"in_reply_to":93,"msg_id":256,"seen_nodes":["n1","n0","n3","n4","n2"],"type":"gossip_ok"}}
2025/04/21 09:43:54 Received {n1 n0 {"data_id":"c10_24","message":76,"msg_id":156,"seen_nodes":["n1","n4","n2","n0"],"type":"gossip"}}
2025/04/21 09:43:54 Sent {"src":"n0","dest":"n3","body":{"data_id":"c10_24","message":76,"msg_id":94,"seen_nodes":["n0","n1","n4","n2","n3"],"type":"gossip"}}
2025/04/21 09:43:54 Sent {"src":"n0","dest":"n1","body":{"already_seen":false,"in_reply_to":156,"msg_id":202,"seen_nodes":["n0","n1","n4","n2","n3"],"type":"gossip_ok"}}
2025/04/21 09:43:54 Received {n3 n0 {"data_id":"c10_24","message":76,"msg_id":57,"seen_nodes":["n3","n4","n1","n0"],"type":"gossip"}}
2025/04/21 09:43:54 Received {n3 n0 {"already_seen":true,"in_reply_to":94,"msg_id":133,"seen_nodes":["n3","n4","n1","n0"],"type":"gossip_ok"}}
2025/04/21 09:43:54 Sent {"src":"n0","dest":"n3","body":{"already_seen":true,"in_reply_to":57,"msg_id":203,"seen_nodes":["n0","n1","n4","n2","n3"],"type":"gossip_ok"}}
2025/04/21 09:43:54 Received {c14 n0 {"type":"broadcast","message":77,"msg_id":47}}
2025/04/21 09:43:54 Sent {"src":"n0","dest":"n3","body":{"data_id":"c14_47","message":77,"msg_id":95,"seen_nodes":["n0","n3"],"type":"gossip"}}
2025/04/21 09:43:54 Sent {"src":"n0","dest":"n1","body":{"data_id":"c14_47","message":77,"msg_id":96,"seen_nodes":["n0","n3","n1"],"type":"gossip"}}
2025/04/21 09:43:54 Sent {"src":"n0","dest":"c14","body":{"in_reply_to":47,"msg_id":206,"type":"broadcast_ok"}}
2025/04/21 09:43:54 Received {n3 n0 {"already_seen":false,"in_reply_to":95,"msg_id":137,"seen_nodes":["n3","n0","n4"],"type":"gossip_ok"}}
2025/04/21 09:43:54 Received {n1 n0 {"already_seen":false,"in_reply_to":96,"msg_id":264,"seen_nodes":["n1","n0","n3","n4","n2"],"type":"gossip_ok"}}
2025/04/21 09:43:54 Received {c14 n0 {"type":"read","msg_id":48}}
2025/04/21 09:43:54 Sent {"src":"n0","dest":"c14","body":{"in_reply_to":48,"messages":[20,29,37,52,53,75,10,13,18,28,36,39,50,59,6,74,65,70,31,16,17,24,55,69,77,12,30,76,0,7,11,33,46,66,73,2,54,45,60,63,64,71,58,25,34,23,40,44,51,61,3,32,47,56,4,48,57,72,9,41,49,22,42,43,38,15,21,35,62,8,68,67],"msg_id":207,"type":"read_ok"}}
2025/04/21 09:43:54 Received {n1 n0 {"data_id":"c11_24","message":78,"msg_id":160,"seen_nodes":["n1","n2","n4","n0"],"type":"gossip"}}
2025/04/21 09:43:54 Sent {"src":"n0","dest":"n3","body":{"data_id":"c11_24","message":78,"msg_id":97,"seen_nodes":["n0","n1","n2","n4","n3"],"type":"gossip"}}
2025/04/21 09:43:54 Sent {"src":"n0","dest":"n1","body":{"already_seen":false,"in_reply_to":160,"msg_id":209,"seen_nodes":["n0","n1","n2","n4","n3"],"type":"gossip_ok"}}
2025/04/21 09:43:54 Received {n3 n0 {"data_id":"c11_24","message":78,"msg_id":59,"seen_nodes":["n3","n4","n1","n2","n0"],"type":"gossip"}}
2025/04/21 09:43:54 Received {n3 n0 {"already_seen":true,"in_reply_to":97,"msg_id":139,"seen_nodes":["n3","n4","n1","n2","n0"],"type":"gossip_ok"}}
2025/04/21 09:43:54 Sent {"src":"n0","dest":"n3","body":{"already_seen":true,"in_reply_to":59,"msg_id":210,"seen_nodes":["n0","n1","n2","n4","n3"],"type":"gossip_ok"}}
2025/04/21 09:43:55 Received {n3 n0 {"data_id":"c12_25","message":79,"msg_id":60,"seen_nodes":["n3","n0"],"type":"gossip"}}
2025/04/21 09:43:55 Sent {"src":"n0","dest":"n1","body":{"data_id":"c12_25","message":79,"msg_id":98,"seen_nodes":["n0","n3","n1"],"type":"gossip"}}
2025/04/21 09:43:55 Sent {"src":"n0","dest":"n3","body":{"already_seen":false,"in_reply_to":60,"msg_id":212,"seen_nodes":["n0","n3","n1"],"type":"gossip_ok"}}
2025/04/21 09:43:55 Received {n1 n0 {"already_seen":true,"in_reply_to":98,"msg_id":271,"seen_nodes":["n1","n4","n3","n0","n2"],"type":"gossip_ok"}}
2025/04/21 09:43:55 Received {c14 n0 {"type":"read","msg_id":49}}
2025/04/21 09:43:55 Sent {"src":"n0","dest":"c14","body":{"in_reply_to":49,"messages":[31,70,77,12,16,17,24,55,69,0,30,76,73,2,7,11,33,46,66,45,54,58,60,63,64,71,79,23,25,34,3,40,44,51,61,4,32,47,56,9,48,57,72,22,41,49,38,42,43,8,15,21,35,62,67,68,75,10,20,29,37,52,53,50,59,6,13,18,28,36,39,65,74,78],"msg_id":213,"type":"read_ok"}}
2025/04/21 09:43:55 Received {c14 n0 {"type":"broadcast","message":80,"msg_id":50}}
2025/04/21 09:43:55 Sent {"src":"n0","dest":"n3","body":{"data_id":"c14_50","message":80,"msg_id":99,"seen_nodes":["n0","n3"],"type":"gossip"}}
2025/04/21 09:43:55 Sent {"src":"n0","dest":"n1","body":{"data_id":"c14_50","message":80,"msg_id":100,"seen_nodes":["n0","n3","n1"],"type":"gossip"}}
2025/04/21 09:43:55 Sent {"src":"n0","dest":"c14","body":{"in_reply_to":50,"msg_id":216,"type":"broadcast_ok"}}
2025/04/21 09:43:55 Received {n3 n0 {"already_seen":false,"in_reply_to":99,"msg_id":145,"seen_nodes":["n3","n0","n4"],"type":"gossip_ok"}}
2025/04/21 09:43:55 Received {n1 n0 {"already_seen":false,"in_reply_to":100,"msg_id":275,"seen_nodes":["n1","n0","n3","n4","n2"],"type":"gossip_ok"}}
2025/04/21 09:43:55 Received {n1 n0 {"data_id":"c11_25","message":81,"msg_id":165,"seen_nodes":["n1","n2","n4","n0"],"type":"gossip"}}
2025/04/21 09:43:55 Sent {"src":"n0","dest":"n3","body":{"data_id":"c11_25","message":81,"msg_id":101,"seen_nodes":["n0","n1","n2","n4","n3"],"type":"gossip"}}
2025/04/21 09:43:55 Sent {"src":"n0","dest":"n1","body":{"already_seen":false,"in_reply_to":165,"msg_id":218,"seen_nodes":["n0","n1","n2","n4","n3"],"type":"gossip_ok"}}
2025/04/21 09:43:55 Received {n3 n0 {"already_seen":false,"in_reply_to":101,"msg_id":146,"seen_nodes":["n3","n0","n1","n2","n4"],"type":"gossip_ok"}}
2025/04/21 09:43:55 Received {c14 n0 {"type":"read","msg_id":51}}
2025/04/21 09:43:55 Sent {"src":"n0","dest":"c14","body":{"in_reply_to":51,"messages":[9,48,57,72,22,41,49,38,42,43,62,8,15,21,35,67,68,52,53,75,10,20,29,37,36,39,50,59,6,13,18,28,65,74,78,31,70,55,69,77,12,16,17,24,0,30,76,46,66,73,2,7,11,33,45,54,71,79,80,58,60,63,64,23,25,34,61,3,40,44,51,81,4,32,47,56],"msg_id":219,"type":"read_ok"}}
2025/04/21 09:43:55 Received {c14 n0 {"type":"read","msg_id":52}}
2025/04/21 09:43:55 Sent {"src":"n0","dest":"c14","body":{"in_reply_to":52,"messages":[24,55,69,77,12,16,17,0,30,76,33,46,66,73,2,7,11,45,54,64,71,79,80,58,60,63,23,25,34,51,61,3,40,44,56,81,4,32,47,72,9,48,57,22,41,49,38,42,43,35,62,8,15,21,67,68,37,52,53,75,10,20,29,28,36,39,50,59,6,13,18,65,74,78,31,70],"msg_id":220,"type":"read_ok"}}
2025/04/21 09:43:56 Received {n1 n0 {"data_id":"c10_27","message":82,"msg_id":168,"seen_nodes":["n1","n4","n2","n0"],"type":"gossip"}}
2025/04/21 09:43:56 Sent {"src":"n0","dest":"n3","body":{"data_id":"c10_27","message":82,"msg_id":102,"seen_nodes":["n0","n1","n4","n2","n3"],"type":"gossip"}}
2025/04/21 09:43:56 Sent {"src":"n0","dest":"n1","body":{"already_seen":false,"in_reply_to":168,"msg_id":222,"seen_nodes":["n0","n1","n4","n2","n3"],"type":"gossip_ok"}}
2025/04/21 09:43:56 Received {n3 n0 {"already_seen":false,"in_reply_to":102,"msg_id":149,"seen_nodes":["n3","n0","n1","n4","n2"],"type":"gossip_ok"}}
2025/04/21 09:43:56 Received {n1 n0 {"data_id":"c11_26","message":83,"msg_id":170,"seen_nodes":["n1","n2","n4","n0"],"type":"gossip"}}
2025/04/21 09:43:56 Sent {"src":"n0","dest":"n3","body":{"data_id":"c11_26","message":83,"msg_id":103,"seen_nodes":["n0","n1","n2","n4","n3"],"type":"gossip"}}
2025/04/21 09:43:56 Sent {"src":"n0","dest":"n1","body":{"already_seen":false,"in_reply_to":170,"msg_id":224,"seen_nodes":["n0","n1","n2","n4","n3"],"type":"gossip_ok"}}
2025/04/21 09:43:56 Received {n3 n0 {"data_id":"c11_26","message":83,"msg_id":63,"seen_nodes":["n3","n4","n1","n2","n0"],"type":"gossip"}}
2025/04/21 09:43:56 Received {n3 n0 {"already_seen":true,"in_reply_to":103,"msg_id":152,"seen_nodes":["n3","n4","n1","n2","n0"],"type":"gossip_ok"}}
2025/04/21 09:43:56 Sent {"src":"n0","dest":"n3","body":{"already_seen":true,"in_reply_to":63,"msg_id":225,"seen_nodes":["n0","n1","n2","n4","n3"],"type":"gossip_ok"}}
2025/04/21 09:43:56 Received {n3 n0 {"data_id":"c13_27","message":84,"msg_id":64,"seen_nodes":["n3","n4","n1","n0"],"type":"gossip"}}
2025/04/21 09:43:56 Received {n1 n0 {"data_id":"c13_27","message":84,"msg_id":172,"seen_nodes":["n1","n4","n2","n0"],"type":"gossip"}}
2025/04/21 09:43:56 Sent {"src":"n0","dest":"n3","body":{"already_seen":false,"in_reply_to":64,"msg_id":226,"seen_nodes":["n0","n3","n4","n1"],"type":"gossip_ok"}}
2025/04/21 09:43:56 Sent {"src":"n0","dest":"n1","body":{"already_seen":true,"in_reply_to":172,"msg_id":227,"seen_nodes":["n0","n3","n4","n1"],"type":"gossip_ok"}}
2025/04/21 09:43:56 Received {c14 n0 {"type":"read","msg_id":53}}
2025/04/21 09:43:56 Sent {"src":"n0","dest":"c14","body":{"in_reply_to":53,"messages":[50,59,6,13,18,28,36,39,65,74,78,31,70,77,12,16,17,24,55,69,0,30,76,73,2,7,11,33,46,66,45,54,83,80,58,60,63,64,71,79,23,25,34,3,40,44,51,61,82,4,32,47,56,81,9,48,57,72,22,41,49,38,42,43,8,15,21,35,62,67,68,84,75,10,20,29,37,52,53],"msg_id":228,"type":"read_ok"}}
2025/04/21 09:43:56 Received {c14 n0 {"type":"broadcast","message":85,"msg_id":54}}
2025/04/21 09:43:56 Sent {"src":"n0","dest":"n3","body":{"data_id":"c14_54","message":85,"msg_id":104,"seen_nodes":["n0","n3"],"type":"gossip"}}
2025/04/21 09:43:56 Sent {"src":"n0","dest":"n1","body":{"data_id":"c14_54","message":85,"msg_id":105,"seen_nodes":["n0","n3","n1"],"type":"gossip"}}
2025/04/21 09:43:56 Sent {"src":"n0","dest":"c14","body":{"in_reply_to":54,"msg_id":231,"type":"broadcast_ok"}}
2025/04/21 09:43:56 Received {n3 n0 {"already_seen":false,"in_reply_to":104,"msg_id":158,"seen_nodes":["n3","n0","n4"],"type":"gossip_ok"}}
2025/04/21 09:43:56 Received {n1 n0 {"already_seen":false,"in_reply_to":105,"msg_id":292,"seen_nodes":["n1","n0","n3","n4","n2"],"type":"gossip_ok"}}
2025/04/21 09:43:56 Received {n1 n0 {"data_id":"c10_28","message":86,"msg_id":177,"seen_nodes":["n1","n4","n2","n0"],"type":"gossip"}}
2025/04/21 09:43:56 Sent {"src":"n0","dest":"n3","body":{"data_id":"c10_28","message":86,"msg_id":106,"seen_nodes":["n0","n1","n4","n2","n3"],"type":"gossip"}}
2025/04/21 09:43:56 Sent {"src":"n0","dest":"n1","body":{"already_seen":false,"in_reply_to":177,"msg_id":233,"seen_nodes":["n0","n1","n4","n2","n3"],"type":"gossip_ok"}}
2025/04/21 09:43:56 Received {n3 n0 {"data_id":"c10_28","message":86,"msg_id":66,"seen_nodes":["n3","n4","n1","n0"],"type":"gossip"}}
2025/04/21 09:43:56 Received {n3 n0 {"already_seen":true,"in_reply_to":106,"msg_id":160,"seen_nodes":["n3","n4","n1","n0"],"type":"gossip_ok"}}
2025/04/21 09:43:56 Sent {"src":"n0","dest":"n3","body":{"already_seen":true,"in_reply_to":66,"msg_id":234,"seen_nodes":["n0","n1","n4","n2","n3"],"type":"gossip_ok"}}
2025/04/21 09:43:56 Received {n1 n0 {"data_id":"c11_27","message":87,"msg_id":179,"seen_nodes":["n1","n2","n4","n0"],"type":"gossip"}}
2025/04/21 09:43:56 Sent {"src":"n0","dest":"n3","body":{"data_id":"c11_27","message":87,"msg_id":107,"seen_nodes":["n0","n1","n2","n4","n3"],"type":"gossip"}}
2025/04/21 09:43:56 Sent {"src":"n0","dest":"n1","body":{"already_seen":false,"in_reply_to":179,"msg_id":236,"seen_nodes":["n0","n1","n2","n4","n3"],"type":"gossip_ok"}}
2025/04/21 09:43:56 Received {n3 n0 {"already_seen":true,"in_reply_to":107,"msg_id":162,"seen_nodes":["n3","n4"],"type":"gossip_ok"}}
2025/04/21 09:43:56 Received {n3 n0 {"data_id":"c11_27","message":87,"msg_id":67,"seen_nodes":["n3","n4","n1","n2","n0"],"type":"gossip"}}
2025/04/21 09:43:56 Sent {"src":"n0","dest":"n3","body":{"already_seen":true,"in_reply_to":67,"msg_id":237,"seen_nodes":["n0","n1","n2","n4","n3"],"type":"gossip_ok"}}
2025/04/21 09:43:56 Received {n3 n0 {"data_id":"c12_28","message":88,"msg_id":68,"seen_nodes":["n3","n0"],"type":"gossip"}}
2025/04/21 09:43:56 Sent {"src":"n0","dest":"n1","body":{"data_id":"c12_28","message":88,"msg_id":108,"seen_nodes":["n0","n3","n1"],"type":"gossip"}}
2025/04/21 09:43:56 Sent {"src":"n0","dest":"n3","body":{"already_seen":false,"in_reply_to":68,"msg_id":239,"seen_nodes":["n0","n3","n1"],"type":"gossip_ok"}}
2025/04/21 09:43:56 Received {n1 n0 {"already_seen":false,"in_reply_to":108,"msg_id":302,"seen_nodes":["n1","n0","n3","n4","n2"],"type":"gossip_ok"}}
2025/04/21 09:43:56 Received {c14 n0 {"type":"read","msg_id":55}}
2025/04/21 09:43:56 Sent {"src":"n0","dest":"c14","body":{"in_reply_to":55,"messages":[53,75,10,20,29,37,52,39,50,59,6,13,18,28,36,65,74,78,87,31,70,69,77,88,12,16,17,24,55,0,30,76,66,73,86,2,7,11,33,46,45,54,83,79,80,58,60,63,64,71,23,25,34,82,3,40,44,51,61,4,32,47,56,81,9,48,57,72,22,41,49,38,42,43,8,15,21,35,62,67,68,84,85],"msg_id":240,"type":"read_ok"}}
2025/04/21 09:43:56 Received {c14 n0 {"type":"broadcast","message":89,"msg_id":56}}
2025/04/21 09:43:56 Sent {"src":"n0","dest":"n3","body":{"data_id":"c14_56","message":89,"msg_id":109,"seen_nodes":["n0","n3"],"type":"gossip"}}
2025/04/21 09:43:56 Sent {"src":"n0","dest":"n1","body":{"data_id":"c14_56","message":89,"msg_id":110,"seen_nodes":["n0","n3","n1"],"type":"gossip"}}
2025/04/21 09:43:56 Sent {"src":"n0","dest":"c14","body":{"in_reply_to":56,"msg_id":243,"type":"broadcast_ok"}}
2025/04/21 09:43:56 Received {n3 n0 {"already_seen":false,"in_reply_to":109,"msg_id":169,"seen_nodes":["n3","n0","n4"],"type":"gossip_ok"}}
2025/04/21 09:43:56 Received {n1 n0 {"already_seen":false,"in_reply_to":110,"msg_id":306,"seen_nodes":["n1","n0","n3","n4","n2"],"type":"gossip_ok"}}
2025/04/21 09:43:57 Received {n1 n0 {"data_id":"c10_29","message":90,"msg_id":186,"seen_nodes":["n1","n4","n2","n0"],"type":"gossip"}}
2025/04/21 09:43:57 Sent {"src":"n0","dest":"n3","body":{"data_id":"c10_29","message":90,"msg_id":111,"seen_nodes":["n0","n1","n4","n2","n3"],"type":"gossip"}}
2025/04/21 09:43:57 Sent {"src":"n0","dest":"n1","body":{"already_seen":false,"in_reply_to":186,"msg_id":245,"seen_nodes":["n0","n1","n4","n2","n3"],"type":"gossip_ok"}}
2025/04/21 09:43:57 Received {n3 n0 {"data_id":"c10_29","message":90,"msg_id":71,"seen_nodes":["n3","n4","n1","n0"],"type":"gossip"}}
2025/04/21 09:43:57 Received {n3 n0 {"already_seen":true,"in_reply_to":111,"msg_id":171,"seen_nodes":["n3","n4","n1","n0"],"type":"gossip_ok"}}
2025/04/21 09:43:57 Sent {"src":"n0","dest":"n3","body":{"already_seen":true,"in_reply_to":71,"msg_id":246,"seen_nodes":["n0","n1","n4","n2","n3"],"type":"gossip_ok"}}
2025/04/21 09:43:57 Received {n1 n0 {"data_id":"c13_29","message":91,"msg_id":188,"seen_nodes":["n1","n4","n2","n0"],"type":"gossip"}}
2025/04/21 09:43:57 Received {n3 n0 {"data_id":"c13_29","message":91,"msg_id":72,"seen_nodes":["n3","n4","n1","n0"],"type":"gossip"}}
2025/04/21 09:43:57 Sent {"src":"n0","dest":"n3","body":{"already_seen":true,"in_reply_to":72,"msg_id":247,"seen_nodes":["n0","n1","n4","n2","n3"],"type":"gossip_ok"}}
2025/04/21 09:43:57 Sent {"src":"n0","dest":"n3","body":{"data_id":"c13_29","message":91,"msg_id":112,"seen_nodes":["n0","n1","n4","n2","n3"],"type":"gossip"}}
2025/04/21 09:43:57 Sent {"src":"n0","dest":"n1","body":{"already_seen":false,"in_reply_to":188,"msg_id":249,"seen_nodes":["n0","n1","n4","n2","n3"],"type":"gossip_ok"}}
2025/04/21 09:43:57 Received {n3 n0 {"already_seen":true,"in_reply_to":112,"msg_id":176,"seen_nodes":["n3","n4","n1","n0","n2"],"type":"gossip_ok"}}
2025/04/21 09:43:57 Received {c14 n0 {"type":"broadcast","message":92,"msg_id":57}}
2025/04/21 09:43:57 Sent {"src":"n0","dest":"n3","body":{"data_id":"c14_57","message":92,"msg_id":113,"seen_nodes":["n0","n3"],"type":"gossip"}}
2025/04/21 09:43:57 Sent {"src":"n0","dest":"n1","body":{"data_id":"c14_57","message":92,"msg_id":114,"seen_nodes":["n0","n3","n1"],"type":"gossip"}}
2025/04/21 09:43:57 Sent {"src":"n0","dest":"c14","body":{"in_reply_to":57,"msg_id":252,"type":"broadcast_ok"}}
2025/04/21 09:43:57 Received {n3 n0 {"already_seen":false,"in_reply_to":113,"msg_id":178,"seen_nodes":["n3","n0","n4"],"type":"gossip_ok"}}
2025/04/21 09:43:57 Received {n1 n0 {"already_seen":false,"in_reply_to":114,"msg_id":317,"seen_nodes":["n1","n0","n3","n4","n2"],"type":"gossip_ok"}}
2025/04/21 09:43:57 Received {c14 n0 {"type":"read","msg_id":58}}
2025/04/21 09:43:57 Sent {"src":"n0","dest":"c14","body":{"in_reply_to":58,"messages":[6,13,18,28,36,39,50,59,65,74,78,87,31,70,12,16,17,24,55,69,77,88,0,30,76,2,7,11,33,46,66,73,86,45,54,83,91,58,60,63,64,71,79,80,23,25,34,3,40,44,51,61,82,4,32,47,56,81,9,48,57,72,92,22,41,49,38,42,43,8,15,21,35,62,90,67,68,84,85,10,20,29,37,52,53,75,89],"msg_id":253,"type":"read_ok"}}
2025/04/21 09:43:57 Received {n1 n0 {"data_id":"c10_30","message":93,"msg_id":193,"seen_nodes":["n1","n4","n2","n0"],"type":"gossip"}}
2025/04/21 09:43:57 Sent {"src":"n0","dest":"n3","body":{"data_id":"c10_30","message":93,"msg_id":115,"seen_nodes":["n0","n1","n4","n2","n3"],"type":"gossip"}}
2025/04/21 09:43:57 Sent {"src":"n0","dest":"n1","body":{"already_seen":false,"in_reply_to":193,"msg_id":255,"seen_nodes":["n0","n1","n4","n2","n3"],"type":"gossip_ok"}}
2025/04/21 09:43:57 Received {n3 n0 {"data_id":"c10_30","message":93,"msg_id":74,"seen_nodes":["n3","n4","n1","n0"],"type":"gossip"}}
2025/04/21 09:43:57 Received {n3 n0 {"already_seen":true,"in_reply_to":115,"msg_id":180,"seen_nodes":["n3","n4","n1","n0"],"type":"gossip_ok"}}
2025/04/21 09:43:57 Sent {"src":"n0","dest":"n3","body":{"already_seen":true,"in_reply_to":74,"msg_id":256,"seen_nodes":["n0","n1","n4","n2","n3"],"type":"gossip_ok"}}
2025/04/21 09:43:57 Received {n1 n0 {"data_id":"c11_29","message":94,"msg_id":195,"seen_nodes":["n1","n2","n4","n0"],"type":"gossip"}}
2025/04/21 09:43:57 Sent {"src":"n0","dest":"n3","body":{"data_id":"c11_29","message":94,"msg_id":116,"seen_nodes":["n0","n1","n2","n4","n3"],"type":"gossip"}}
2025/04/21 09:43:57 Sent {"src":"n0","dest":"n1","body":{"already_seen":false,"in_reply_to":195,"msg_id":258,"seen_nodes":["n0","n1","n2","n4","n3"],"type":"gossip_ok"}}
2025/04/21 09:43:57 Received {n3 n0 {"data_id":"c11_29","message":94,"msg_id":75,"seen_nodes":["n3","n4","n1","n2","n0"],"type":"gossip"}}
2025/04/21 09:43:57 Received {n3 n0 {"already_seen":true,"in_reply_to":116,"msg_id":182,"seen_nodes":["n3","n4","n1","n2"],"type":"gossip_ok"}}
2025/04/21 09:43:57 Sent {"src":"n0","dest":"n3","body":{"already_seen":true,"in_reply_to":75,"msg_id":259,"seen_nodes":["n0","n1","n2","n4","n3"],"type":"gossip_ok"}}
2025/04/21 09:43:58 Received {n3 n0 {"data_id":"c12_30","message":95,"msg_id":76,"seen_nodes":["n3","n0"],"type":"gossip"}}
2025/04/21 09:43:58 Sent {"src":"n0","dest":"n1","body":{"data_id":"c12_30","message":95,"msg_id":117,"seen_nodes":["n0","n3","n1"],"type":"gossip"}}
2025/04/21 09:43:58 Sent {"src":"n0","dest":"n3","body":{"already_seen":false,"in_reply_to":76,"msg_id":261,"seen_nodes":["n0","n3","n1"],"type":"gossip_ok"}}
2025/04/21 09:43:58 Received {n1 n0 {"already_seen":true,"in_reply_to":117,"msg_id":327,"seen_nodes":["n1","n4","n3","n0","n2"],"type":"gossip_ok"}}
2025/04/21 09:43:58 Received {c14 n0 {"type":"broadcast","message":96,"msg_id":59}}
2025/04/21 09:43:58 Sent {"src":"n0","dest":"n3","body":{"data_id":"c14_59","message":96,"msg_id":118,"seen_nodes":["n0","n3"],"type":"gossip"}}
2025/04/21 09:43:58 Sent {"src":"n0","dest":"n1","body":{"data_id":"c14_59","message":96,"msg_id":119,"seen_nodes":["n0","n3","n1"],"type":"gossip"}}
2025/04/21 09:43:58 Sent {"src":"n0","dest":"c14","body":{"in_reply_to":59,"msg_id":264,"type":"broadcast_ok"}}
2025/04/21 09:43:58 Received {n3 n0 {"already_seen":false,"in_reply_to":118,"msg_id":189,"seen_nodes":["n3","n0","n4"],"type":"gossip_ok"}}
2025/04/21 09:43:58 Received {n1 n0 {"already_seen":false,"in_reply_to":119,"msg_id":331,"seen_nodes":["n1","n0","n3","n4","n2"],"type":"gossip_ok"}}
2025/04/21 09:43:58 Received {c14 n0 {"type":"broadcast","message":97,"msg_id":60}}
2025/04/21 09:43:58 Sent {"src":"n0","dest":"n3","body":{"data_id":"c14_60","message":97,"msg_id":120,"seen_nodes":["n0","n3"],"type":"gossip"}}
2025/04/21 09:43:58 Sent {"src":"n0","dest":"n1","body":{"data_id":"c14_60","message":97,"msg_id":121,"seen_nodes":["n0","n3","n1"],"type":"gossip"}}
2025/04/21 09:43:58 Sent {"src":"n0","dest":"c14","body":{"in_reply_to":60,"msg_id":267,"type":"broadcast_ok"}}
2025/04/21 09:43:58 Received {n3 n0 {"already_seen":false,"in_reply_to":120,"msg_id":191,"seen_nodes":["n3","n0","n4"],"type":"gossip_ok"}}
2025/04/21 09:43:58 Received {n1 n0 {"already_seen":false,"in_reply_to":121,"msg_id":335,"seen_nodes":["n1","n0","n3","n4","n2"],"type":"gossip_ok"}}
2025/04/21 09:43:58 Received {n1 n0 {"data_id":"c11_30","message":98,"msg_id":202,"seen_nodes":["n1","n2","n4","n0"],"type":"gossip"}}
2025/04/21 09:43:58 Sent {"src":"n0","dest":"n3","body":{"data_id":"c11_30","message":98,"msg_id":122,"seen_nodes":["n0","n1","n2","n4","n3"],"type":"gossip"}}
2025/04/21 09:43:58 Sent {"src":"n0","dest":"n1","body":{"already_seen":false,"in_reply_to":202,"msg_id":269,"seen_nodes":["n0","n1","n2","n4","n3"],"type":"gossip_ok"}}
2025/04/21 09:43:58 Received {n3 n0 {"already_seen":false,"in_reply_to":122,"msg_id":193,"seen_nodes":["n3","n0","n1","n2","n4"],"type":"gossip_ok"}}
2025/04/21 09:43:58 Received {n3 n0 {"data_id":"c12_31","message":99,"msg_id":80,"seen_nodes":["n3","n0"],"type":"gossip"}}
2025/04/21 09:43:58 Sent {"src":"n0","dest":"n1","body":{"data_id":"c12_31","message":99,"msg_id":123,"seen_nodes":["n0","n3","n1"],"type":"gossip"}}
2025/04/21 09:43:58 Sent {"src":"n0","dest":"n3","body":{"already_seen":false,"in_reply_to":80,"msg_id":271,"seen_nodes":["n0","n3","n1"],"type":"gossip_ok"}}
2025/04/21 09:43:58 Received {n1 n0 {"already_seen":false,"in_reply_to":123,"msg_id":344,"seen_nodes":["n1","n0","n3","n4","n2"],"type":"gossip_ok"}}
2025/04/21 09:43:58 Received {c14 n0 {"type":"broadcast","message":100,"msg_id":61}}
2025/04/21 09:43:58 Sent {"src":"n0","dest":"n3","body":{"data_id":"c14_61","message":100,"msg_id":124,"seen_nodes":["n0","n3"],"type":"gossip"}}
2025/04/21 09:43:58 Sent {"src":"n0","dest":"n1","body":{"data_id":"c14_61","message":100,"msg_id":125,"seen_nodes":["n0","n3","n1"],"type":"gossip"}}
2025/04/21 09:43:58 Sent {"src":"n0","dest":"c14","body":{"in_reply_to":61,"msg_id":274,"type":"broadcast_ok"}}
2025/04/21 09:43:58 Received {n3 n0 {"already_seen":false,"in_reply_to":124,"msg_id":198,"seen_nodes":["n3","n0","n4"],"type":"gossip_ok"}}
2025/04/21 09:43:58 Received {n1 n0 {"already_seen":false,"in_reply_to":125,"msg_id":347,"seen_nodes":["n1","n0","n3","n4","n2"],"type":"gossip_ok"}}
2025/04/21 09:43:59 Received {c14 n0 {"type":"read","msg_id":62}}
2025/04/21 09:43:59 Sent {"src":"n0","dest":"c14","body":{"in_reply_to":62,"messages":[53,75,89,10,20,29,37,52,39,50,59,6,13,18,28,36,98,65,74,78,87,94,31,70,69,77,88,12,16,17,24,55,0,30,76,95,66,73,86,2,7,11,33,46,45,54,83,91,79,80,58,60,63,64,71,23,25,34,96,99,82,3,40,44,51,61,4,32,47,56,81,9,48,57,72,92,22,41,49,38,42,43,100,90,8,15,21,35,62,97,67,68,84,85,93],"msg_id":275,"type":"read_ok"}}
2025/04/21 09:43:59 Received {n1 n0 {"data_id":"c10_32","message":101,"msg_id":209,"seen_nodes":["n1","n4","n2","n0"],"type":"gossip"}}
2025/04/21 09:43:59 Sent {"src":"n0","dest":"n3","body":{"data_id":"c10_32","message":101,"msg_id":126,"seen_nodes":["n0","n1","n4","n2","n3"],"type":"gossip"}}
2025/04/21 09:43:59 Sent {"src":"n0","dest":"n1","body":{"already_seen":false,"in_reply_to":209,"msg_id":277,"seen_nodes":["n0","n1","n4","n2","n3"],"type":"gossip_ok"}}
2025/04/21 09:43:59 Received {n3 n0 {"data_id":"c10_32","message":101,"msg_id":83,"seen_nodes":["n3","n4","n1","n0"],"type":"gossip"}}
2025/04/21 09:43:59 Received {n3 n0 {"already_seen":true,"in_reply_to":126,"msg_id":201,"seen_nodes":["n3","n4","n1","n0"],"type":"gossip_ok"}}
2025/04/21 09:43:59 Sent {"src":"n0","dest":"n3","body":{"already_seen":true,"in_reply_to":83,"msg_id":278,"seen_nodes":["n0","n1","n4","n2","n3"],"type":"gossip_ok"}}
2025/04/21 09:43:59 Received {n3 n0 {"data_id":"c12_32","message":102,"msg_id":84,"seen_nodes":["n3","n0"],"type":"gossip"}}
2025/04/21 09:43:59 Sent {"src":"n0","dest":"n1","body":{"data_id":"c12_32","message":102,"msg_id":127,"seen_nodes":["n0","n3","n1"],"type":"gossip"}}
2025/04/21 09:43:59 Sent {"src":"n0","dest":"n3","body":{"already_seen":false,"in_reply_to":84,"msg_id":280,"seen_nodes":["n0","n3","n1"],"type":"gossip_ok"}}
2025/04/21 09:43:59 Received {n1 n0 {"already_seen":false,"in_reply_to":127,"msg_id":356,"seen_nodes":["n1","n0","n3","n4","n2"],"type":"gossip_ok"}}
2025/04/21 09:43:59 Received {c14 n0 {"type":"read","msg_id":63}}
2025/04/21 09:43:59 Sent {"src":"n0","dest":"c14","body":{"in_reply_to":63,"messages":[81,4,32,47,56,92,101,9,48,57,72,22,41,49,38,42,43,100,62,90,8,15,21,35,93,97,67,68,84,85,52,53,75,89,10,20,29,37,36,39,50,59,6,13,18,28,94,98,65,74,78,87,31,70,55,69,77,88,12,16,17,24,0,30,76,95,46,66,73,86,2,7,11,33,45,54,83,91,71,79,80,102,58,60,63,64,99,23,25,34,96,61,82,3,40,44,51],"msg_id":281,"type":"read_ok"}}
2025/04/21 09:43:59 Received {c14 n0 {"type":"read","msg_id":64}}
2025/04/21 09:43:59 Sent {"src":"n0","dest":"c14","body":{"in_reply_to":64,"messages":[102,58,60,63,64,71,79,80,23,25,34,96,99,3,40,44,51,61,82,4,32,47,56,81,9,48,57,72,92,101,22,41,49,38,42,43,100,8,15,21,35,62,90,67,68,84,85,93,97,89,10,20,29,37,52,53,75,59,6,13,18,28,36,39,50,65,74,78,87,94,98,31,70,88,12,16,17,24,55,69,77,0,30,76,95,86,2,7,11,33,46,66,73,45,54,83,91],"msg_id":282,"type":"read_ok"}}
2025/04/21 09:43:59 Received {n1 n0 {"data_id":"c11_32","message":103,"msg_id":213,"seen_nodes":["n1","n2","n4","n0"],"type":"gossip"}}
2025/04/21 09:43:59 Sent {"src":"n0","dest":"n3","body":{"data_id":"c11_32","message":103,"msg_id":128,"seen_nodes":["n0","n1","n2","n4","n3"],"type":"gossip"}}
2025/04/21 09:43:59 Sent {"src":"n0","dest":"n1","body":{"already_seen":false,"in_reply_to":213,"msg_id":284,"seen_nodes":["n0","n1","n2","n4","n3"],"type":"gossip_ok"}}
2025/04/21 09:43:59 Received {n3 n0 {"data_id":"c11_32","message":103,"msg_id":86,"seen_nodes":["n3","n4","n1","n2","n0"],"type":"gossip"}}
2025/04/21 09:43:59 Received {n3 n0 {"already_seen":true,"in_reply_to":128,"msg_id":206,"seen_nodes":["n3","n4","n1","n2","n0"],"type":"gossip_ok"}}
2025/04/21 09:43:59 Sent {"src":"n0","dest":"n3","body":{"already_seen":true,"in_reply_to":86,"msg_id":285,"seen_nodes":["n0","n1","n2","n4","n3"],"type":"gossip_ok"}}
2025/04/21 09:44:00 Received {c14 n0 {"type":"read","msg_id":65}}
2025/04/21 09:44:00 Sent {"src":"n0","dest":"c14","body":{"in_reply_to":65,"messages":[9,48,57,72,92,101,22,41,49,38,42,43,100,8,15,21,35,62,90,103,67,68,84,85,93,97,89,10,20,29,37,52,53,75,59,6,13,18,28,36,39,50,65,74,78,87,94,98,31,70,88,12,16,17,24,55,69,77,0,30,76,95,86,2,7,11,33,46,66,73,45,54,83,91,102,58,60,63,64,71,79,80,23,25,34,96,99,3,40,44,51,61,82,4,32,47,56,81],"msg_id":286,"type":"read_ok"}}
2025/04/21 09:44:10 Received {c14 n0 {"type":"read","msg_id":66}}
2025/04/21 09:44:10 Sent {"src":"n0","dest":"c14","body":{"in_reply_to":66,"messages":[31,70,77,88,12,16,17,24,55,69,0,30,76,95,73,86,2,7,11,33,46,66,45,54,83,91,80,102,58,60,63,64,71,79,23,25,34,96,99,3,40,44,51,61,82,4,32,47,56,81,9,48,57,72,92,101,22,41,49,38,42,43,100,103,8,15,21,35,62,90,67,68,84,85,93,97,75,89,10,20,29,37,52,53,50,59,6,13,18,28,36,39,65,74,78,87,94,98],"msg_id":287,"type":"read_ok"}}
