2025/04/21 09:43:40 Received {c3 n2 {"type":"init","node_id":"n2","node_ids":["n0","n1","n2","n3","n4"],"msg_id":1}}
2025/04/21 09:43:40 Node n2 initialized
2025/04/21 09:43:40 Sent {"src":"n2","dest":"c3","body":{"in_reply_to":1,"type":"init_ok"}}
2025/04/21 09:43:40 Received {c7 n2 {"type":"topology","topology":{"n0":["n3","n1"],"n1":["n4","n2","n0"],"n2":["n1"],"n3":["n0","n4"],"n4":["n1","n3"]},"msg_id":1}}
2025/04/21 09:43:40 Sent {"src":"n2","dest":"c7","body":{"in_reply_to":1,"msg_id":1,"type":"topology_ok"}}
2025/04/21 09:43:40 Received {c11 n2 {"type":"broadcast","message":1,"msg_id":1}}
2025/04/21 09:43:40 Sent {"src":"n2","dest":"n1","body":{"data_id":"c11_1","message":1,"msg_id":1,"seen_nodes":["n2","n1"],"type":"gossip"}}
2025/04/21 09:43:40 Sent {"src":"n2","dest":"c11","body":{"in_reply_to":1,"msg_id":3,"type":"broadcast_ok"}}
2025/04/21 09:43:40 Received {c11 n2 {"type":"broadcast","message":5,"msg_id":2}}
2025/04/21 09:43:40 Sent {"src":"n2","dest":"n1","body":{"data_id":"c11_2","message":5,"msg_id":2,"seen_nodes":["n2","n1"],"type":"gossip"}}
2025/04/21 09:43:40 Sent {"src":"n2","dest":"c11","body":{"in_reply_to":2,"msg_id":5,"type":"broadcast_ok"}}
2025/04/21 09:43:41 Received {c11 n2 {"type":"read","msg_id":3}}
2025/04/21 09:43:41 Sent {"src":"n2","dest":"c11","body":{"in_reply_to":3,"messages":[1,5],"msg_id":6,"type":"read_ok"}}
2025/04/21 09:43:42 Received {c11 n2 {"type":"read","msg_id":4}}
2025/04/21 09:43:42 Sent {"src":"n2","dest":"c11","body":{"in_reply_to":4,"messages":[5,1],"msg_id":7,"type":"read_ok"}}
2025/04/21 09:43:42 Received {c11 n2 {"type":"broadcast","message":14,"msg_id":5}}
2025/04/21 09:43:42 Sent {"src":"n2","dest":"n1","body":{"data_id":"c11_5","message":14,"msg_id":3,"seen_nodes":["n2","n1"],"type":"gossip"}}
2025/04/21 09:43:42 Sent {"src":"n2","dest":"c11","body":{"in_reply_to":5,"msg_id":9,"type":"broadcast_ok"}}
2025/04/21 09:43:43 Received {c11 n2 {"type":"read","msg_id":6}}
2025/04/21 09:43:43 Sent {"src":"n2","dest":"c11","body":{"in_reply_to":6,"messages":[1,5,14],"msg_id":10,"type":"read_ok"}}
2025/04/21 09:43:43 Received {c11 n2 {"type":"read","msg_id":7}}
2025/04/21 09:43:43 Sent {"src":"n2","dest":"c11","body":{"in_reply_to":7,"messages":[14,1,5],"msg_id":11,"type":"read_ok"}}
2025/04/21 09:43:44 Received {c11 n2 {"type":"read","msg_id":8}}
2025/04/21 09:43:44 Sent {"src":"n2","dest":"c11","body":{"in_reply_to":8,"messages":[5,14,1],"msg_id":12,"type":"read_ok"}}
2025/04/21 09:43:44 Received {c11 n2 {"type":"broadcast","message":26,"msg_id":9}}
2025/04/21 09:43:44 Sent {"src":"n2","dest":"n1","body":{"data_id":"c11_9","message":26,"msg_id":4,"seen_nodes":["n2","n1"],"type":"gossip"}}
2025/04/21 09:43:44 Sent {"src":"n2","dest":"c11","body":{"in_reply_to":9,"msg_id":14,"type":"broadcast_ok"}}
2025/04/21 09:43:45 Received {n1 n2 {"data_id":"c14_20","message":31,"msg_id":61,"seen_nodes":["n1","n0","n3","n4","n2"],"type":"gossip"}}
2025/04/21 09:43:45 Sent {"src":"n2","dest":"n1","body":{"already_seen":false,"in_reply_to":61,"msg_id":15,"seen_nodes":["n2","n1","n0","n3","n4"],"type":"gossip_ok"}}
2025/04/21 09:43:45 Received {c11 n2 {"type":"read","msg_id":10}}
2025/04/21 09:43:45 Sent {"src":"n2","dest":"c11","body":{"in_reply_to":10,"messages":[14,26,31,1,5],"msg_id":16,"type":"read_ok"}}
2025/04/21 09:43:46 Received {n1 n2 {"data_id":"c12_11","message":32,"msg_id":63,"seen_nodes":["n1","n0","n3","n4","n2"],"type":"gossip"}}
2025/04/21 09:43:46 Sent {"src":"n2","dest":"n1","body":{"already_seen":false,"in_reply_to":63,"msg_id":17,"seen_nodes":["n2","n1","n0","n3","n4"],"type":"gossip_ok"}}
2025/04/21 09:43:46 Received {n1 n2 {"data_id":"c13_11","message":33,"msg_id":64,"seen_nodes":["n1","n4","n2"],"type":"gossip"}}
2025/04/21 09:43:46 Sent {"src":"n2","dest":"n1","body":{"already_seen":false,"in_reply_to":64,"msg_id":18,"seen_nodes":["n2","n1","n4"],"type":"gossip_ok"}}
2025/04/21 09:43:46 Received {c11 n2 {"type":"broadcast","message":34,"msg_id":11}}
2025/04/21 09:43:46 Sent {"src":"n2","dest":"n1","body":{"data_id":"c11_11","message":34,"msg_id":5,"seen_nodes":["n2","n1"],"type":"gossip"}}
2025/04/21 09:43:46 Sent {"src":"n2","dest":"c11","body":{"in_reply_to":11,"msg_id":20,"type":"broadcast_ok"}}
2025/04/21 09:43:46 Received {n1 n2 {"already_seen":false,"in_reply_to":5,"msg_id":102,"seen_nodes":["n1","n2","n4","n0"],"type":"gossip_ok"}}
2025/04/21 09:43:46 Received {n1 n2 {"data_id":"c12_12","message":35,"msg_id":69,"seen_nodes":["n1","n0","n3","n4","n2"],"type":"gossip"}}
2025/04/21 09:43:46 Sent {"src":"n2","dest":"n1","body":{"already_seen":false,"in_reply_to":69,"msg_id":21,"seen_nodes":["n2","n1","n0","n3","n4"],"type":"gossip_ok"}}
2025/04/21 09:43:46 Received {n1 n2 {"data_id":"c13_12","message":36,"msg_id":70,"seen_nodes":["n1","n4","n2"],"type":"gossip"}}
2025/04/21 09:43:46 Sent {"src":"n2","dest":"n1","body":{"already_seen":false,"in_reply_to":70,"msg_id":22,"seen_nodes":["n2","n1","n4"],"type":"gossip_ok"}}
2025/04/21 09:43:46 Received {n1 n2 {"data_id":"c14_23","message":37,"msg_id":73,"seen_nodes":["n1","n0","n3","n4","n2"],"type":"gossip"}}
2025/04/21 09:43:46 Sent {"src":"n2","dest":"n1","body":{"already_seen":false,"in_reply_to":73,"msg_id":23,"seen_nodes":["n2","n1","n0","n3","n4"],"type":"gossip_ok"}}
2025/04/21 09:43:46 Received {c11 n2 {"type":"read","msg_id":12}}
2025/04/21 09:43:46 Sent {"src":"n2","dest":"c11","body":{"in_reply_to":12,"messages":[34,35,36,37,5,14,26,32,1,31,33],"msg_id":24,"type":"read_ok"}}
2025/04/21 09:43:47 Received {n1 n2 {"data_id":"c12_13","message":38,"msg_id":75,"seen_nodes":["n1","n0","n3","n4","n2"],"type":"gossip"}}
2025/04/21 09:43:47 Sent {"src":"n2","dest":"n1","body":{"already_seen":false,"in_reply_to":75,"msg_id":25,"seen_nodes":["n2","n1","n0","n3","n4"],"type":"gossip_ok"}}
2025/04/21 09:43:47 Received {n1 n2 {"data_id":"c14_25","message":39,"msg_id":77,"seen_nodes":["n1","n0","n3","n4","n2"],"type":"gossip"}}
2025/04/21 09:43:47 Sent {"src":"n2","dest":"n1","body":{"already_seen":false,"in_reply_to":77,"msg_id":26,"seen_nodes":["n2","n1","n0","n3","n4"],"type":"gossip_ok"}}
2025/04/21 09:43:47 Received {n1 n2 {"data_id":"c14_26","message":40,"msg_id":79,"seen_nodes":["n1","n0","n3","n4","n2"],"type":"gossip"}}
2025/04/21 09:43:47 Sent {"src":"n2","dest":"n1","body":{"already_seen":false,"in_reply_to":79,"msg_id":27,"seen_nodes":["n2","n1","n0","n3","n4"],"type":"gossip_ok"}}
2025/04/21 09:43:47 Received {n1 n2 {"data_id":"c10_14","message":41,"msg_id":81,"seen_nodes":["n1","n4","n2"],"type":"gossip"}}
2025/04/21 09:43:47 Sent {"src":"n2","dest":"n1","body":{"already_seen":false,"in_reply_to":81,"msg_id":28,"seen_nodes":["n2","n1","n4"],"type":"gossip_ok"}}
2025/04/21 09:43:47 Received {c11 n2 {"type":"read","msg_id":13}}
2025/04/21 09:43:47 Sent {"src":"n2","dest":"c11","body":{"in_reply_to":13,"messages":[37,40,5,35,41,1,33,32,34,36,14,26,39,31,38],"msg_id":29,"type":"read_ok"}}
2025/04/21 09:43:48 Received {n1 n2 {"data_id":"c14_27","message":42,"msg_id":84,"seen_nodes":["n1","n0","n3","n4","n2"],"type":"gossip"}}
2025/04/21 09:43:48 Sent {"src":"n2","dest":"n1","body":{"already_seen":false,"in_reply_to":84,"msg_id":30,"seen_nodes":["n2","n1","n0","n3","n4"],"type":"gossip_ok"}}
2025/04/21 09:43:48 Received {c11 n2 {"type":"broadcast","message":43,"msg_id":14}}
2025/04/21 09:43:48 Sent {"src":"n2","dest":"n1","body":{"data_id":"c11_14","message":43,"msg_id":6,"seen_nodes":["n2","n1"],"type":"gossip"}}
2025/04/21 09:43:48 Sent {"src":"n2","dest":"c11","body":{"in_reply_to":14,"msg_id":32,"type":"broadcast_ok"}}
2025/04/21 09:43:48 Received {n1 n2 {"already_seen":false,"in_reply_to":6,"msg_id":138,"seen_nodes":["n1","n2","n4","n0"],"type":"gossip_ok"}}
2025/04/21 09:43:48 Received {n1 n2 {"data_id":"c12_15","message":44,"msg_id":88,"seen_nodes":["n1","n0","n3","n4","n2"],"type":"gossip"}}
2025/04/21 09:43:48 Sent {"src":"n2","dest":"n1","body":{"already_seen":false,"in_reply_to":88,"msg_id":33,"seen_nodes":["n2","n1","n0","n3","n4"],"type":"gossip_ok"}}
2025/04/21 09:43:48 Received {n1 n2 {"data_id":"c14_30","message":45,"msg_id":90,"seen_nodes":["n1","n0","n3","n4","n2"],"type":"gossip"}}
2025/04/21 09:43:48 Sent {"src":"n2","dest":"n1","body":{"already_seen":false,"in_reply_to":90,"msg_id":34,"seen_nodes":["n2","n1","n0","n3","n4"],"type":"gossip_ok"}}
2025/04/21 09:43:49 Received {c11 n2 {"type":"broadcast","message":46,"msg_id":15}}
2025/04/21 09:43:49 Sent {"src":"n2","dest":"n1","body":{"data_id":"c11_15","message":46,"msg_id":7,"seen_nodes":["n2","n1"],"type":"gossip"}}
2025/04/21 09:43:49 Sent {"src":"n2","dest":"c11","body":{"in_reply_to":15,"msg_id":36,"type":"broadcast_ok"}}
2025/04/21 09:43:49 Received {n1 n2 {"already_seen":false,"in_reply_to":7,"msg_id":150,"seen_nodes":["n1","n2","n4","n0"],"type":"gossip_ok"}}
2025/04/21 09:43:49 Received {n1 n2 {"data_id":"c12_16","message":47,"msg_id":94,"seen_nodes":["n1","n0","n3","n4","n2"],"type":"gossip"}}
2025/04/21 09:43:49 Sent {"src":"n2","dest":"n1","body":{"already_seen":false,"in_reply_to":94,"msg_id":37,"seen_nodes":["n2","n1","n0","n3","n4"],"type":"gossip_ok"}}
2025/04/21 09:43:49 Received {n1 n2 {"data_id":"c13_16","message":48,"msg_id":95,"seen_nodes":["n1","n4","n2"],"type":"gossip"}}
2025/04/21 09:43:49 Sent {"src":"n2","dest":"n1","body":{"already_seen":false,"in_reply_to":95,"msg_id":38,"seen_nodes":["n2","n1","n4"],"type":"gossip_ok"}}
2025/04/21 09:43:49 Received {n1 n2 {"data_id":"c14_32","message":49,"msg_id":98,"seen_nodes":["n1","n0","n3","n4","n2"],"type":"gossip"}}
2025/04/21 09:43:49 Sent {"src":"n2","dest":"n1","body":{"already_seen":false,"in_reply_to":98,"msg_id":39,"seen_nodes":["n2","n1","n0","n3","n4"],"type":"gossip_ok"}}
2025/04/21 09:43:49 Received {n1 n2 {"data_id":"c10_17","message":50,"msg_id":100,"seen_nodes":["n1","n4","n2"],"type":"gossip"}}
2025/04/21 09:43:49 Sent {"src":"n2","dest":"n1","body":{"already_seen":false,"in_reply_to":100,"msg_id":40,"seen_nodes":["n2","n1","n4"],"type":"gossip_ok"}}
2025/04/21 09:43:49 Received {c11 n2 {"type":"read","msg_id":16}}
2025/04/21 09:43:49 Sent {"src":"n2","dest":"c11","body":{"in_reply_to":16,"messages":[38,39,42,44,45,31,35,37,40,50,5,33,41,47,1,26,32,34,36,43,46,48,14,49],"msg_id":41,"type":"read_ok"}}
2025/04/21 09:43:49 Received {n1 n2 {"data_id":"c13_17","message":51,"msg_id":102,"seen_nodes":["n1","n4","n2"],"type":"gossip"}}
2025/04/21 09:43:49 Sent {"src":"n2","dest":"n1","body":{"already_seen":false,"in_reply_to":102,"msg_id":42,"seen_nodes":["n2","n1","n4"],"type":"gossip_ok"}}
2025/04/21 09:43:50 Received {n1 n2 {"data_id":"c14_33","message":52,"msg_id":105,"seen_nodes":["n1","n0","n3","n4","n2"],"type":"gossip"}}
2025/04/21 09:43:50 Sent {"src":"n2","dest":"n1","body":{"already_seen":false,"in_reply_to":105,"msg_id":43,"seen_nodes":["n2","n1","n0","n3","n4"],"type":"gossip_ok"}}
2025/04/21 09:43:50 Received {n1 n2 {"data_id":"c14_34","message":53,"msg_id":107,"seen_nodes":["n1","n0","n3","n4","n2"],"type":"gossip"}}
2025/04/21 09:43:50 Sent {"src":"n2","dest":"n1","body":{"already_seen":false,"in_reply_to":107,"msg_id":44,"seen_nodes":["n2","n1","n0","n3","n4"],"type":"gossip_ok"}}
2025/04/21 09:43:50 Received {n1 n2 {"data_id":"c10_18","message":54,"msg_id":109,"seen_nodes":["n1","n4","n2"],"type":"gossip"}}
2025/04/21 09:43:50 Sent {"src":"n2","dest":"n1","body":{"already_seen":false,"in_reply_to":109,"msg_id":45,"seen_nodes":["n2","n1","n4"],"type":"gossip_ok"}}
2025/04/21 09:43:50 Received {c11 n2 {"type":"broadcast","message":55,"msg_id":17}}
2025/04/21 09:43:50 Sent {"src":"n2","dest":"n1","body":{"data_id":"c11_17","message":55,"msg_id":8,"seen_nodes":["n2","n1"],"type":"gossip"}}
2025/04/21 09:43:50 Sent {"src":"n2","dest":"c11","body":{"in_reply_to":17,"msg_id":47,"type":"broadcast_ok"}}
2025/04/21 09:43:50 Received {n1 n2 {"already_seen":false,"in_reply_to":8,"msg_id":183,"seen_nodes":["n1","n2","n4","n0"],"type":"gossip_ok"}}
2025/04/21 09:43:50 Received {n1 n2 {"data_id":"c13_18","message":56,"msg_id":113,"seen_nodes":["n1","n4","n2"],"type":"gossip"}}
2025/04/21 09:43:50 Sent {"src":"n2","dest":"n1","body":{"already_seen":false,"in_reply_to":113,"msg_id":48,"seen_nodes":["n2","n1","n4"],"type":"gossip_ok"}}
2025/04/21 09:43:50 Received {n1 n2 {"data_id":"c10_19","message":57,"msg_id":116,"seen_nodes":["n1","n4","n2"],"type":"gossip"}}
2025/04/21 09:43:50 Sent {"src":"n2","dest":"n1","body":{"already_seen":false,"in_reply_to":116,"msg_id":49,"seen_nodes":["n2","n1","n4"],"type":"gossip_ok"}}
2025/04/21 09:43:50 Received {c11 n2 {"type":"read","msg_id":18}}
2025/04/21 09:43:50 Sent {"src":"n2","dest":"c11","body":{"in_reply_to":18,"messages":[14,26,32,34,48,49,51,56,38,39,42,54,40,57,41,53,36,43,46,31,44,45,55,5,35,37,50,52,1,33,47],"msg_id":50,"type":"read_ok"}}
2025/04/21 09:43:50 Received {n1 n2 {"data_id":"c12_19","message":58,"msg_id":119,"seen_nodes":["n1","n0","n3","n4","n2"],"type":"gossip"}}
2025/04/21 09:43:50 Sent {"src":"n2","dest":"n1","body":{"already_seen":false,"in_reply_to":119,"msg_id":51,"seen_nodes":["n2","n1","n0","n3","n4"],"type":"gossip_ok"}}
2025/04/21 09:43:50 Received {n1 n2 {"data_id":"c13_19","message":59,"msg_id":120,"seen_nodes":["n1","n4","n2"],"type":"gossip"}}
2025/04/21 09:43:50 Sent {"src":"n2","dest":"n1","body":{"already_seen":false,"in_reply_to":120,"msg_id":52,"seen_nodes":["n2","n1","n4"],"type":"gossip_ok"}}
2025/04/21 09:43:50 Received {n1 n2 {"data_id":"c14_37","message":60,"msg_id":123,"seen_nodes":["n1","n0","n3","n4","n2"],"type":"gossip"}}
2025/04/21 09:43:50 Sent {"src":"n2","dest":"n1","body":{"already_seen":false,"in_reply_to":123,"msg_id":53,"seen_nodes":["n2","n1","n0","n3","n4"],"type":"gossip_ok"}}
2025/04/21 09:43:51 Received {n1 n2 {"data_id":"c10_20","message":61,"msg_id":125,"seen_nodes":["n1","n4","n2"],"type":"gossip"}}
2025/04/21 09:43:51 Sent {"src":"n2","dest":"n1","body":{"already_seen":false,"in_reply_to":125,"msg_id":54,"seen_nodes":["n2","n1","n4"],"type":"gossip_ok"}}
2025/04/21 09:43:51 Received {c11 n2 {"type":"broadcast","message":62,"msg_id":19}}
2025/04/21 09:43:51 Sent {"src":"n2","dest":"n1","body":{"data_id":"c11_19","message":62,"msg_id":9,"seen_nodes":["n2","n1"],"type":"gossip"}}
2025/04/21 09:43:51 Sent {"src":"n2","dest":"c11","body":{"in_reply_to":19,"msg_id":56,"type":"broadcast_ok"}}
2025/04/21 09:43:51 Received {n1 n2 {"already_seen":false,"in_reply_to":9,"msg_id":208,"seen_nodes":["n1","n2","n4","n0"],"type":"gossip_ok"}}
2025/04/21 09:43:51 Received {n1 n2 {"data_id":"c13_20","message":63,"msg_id":129,"seen_nodes":["n1","n4","n2"],"type":"gossip"}}
2025/04/21 09:43:51 Sent {"src":"n2","dest":"n1","body":{"already_seen":false,"in_reply_to":129,"msg_id":57,"seen_nodes":["n2","n1","n4"],"type":"gossip_ok"}}
2025/04/21 09:43:51 Received {n1 n2 {"data_id":"c14_39","message":64,"msg_id":132,"seen_nodes":["n1","n0","n3","n4","n2"],"type":"gossip"}}
2025/04/21 09:43:51 Sent {"src":"n2","dest":"n1","body":{"already_seen":false,"in_reply_to":132,"msg_id":58,"seen_nodes":["n2","n1","n0","n3","n4"],"type":"gossip_ok"}}
2025/04/21 09:43:51 Received {n1 n2 {"data_id":"c14_40","message":65,"msg_id":134,"seen_nodes":["n1","n0","n3","n4","n2"],"type":"gossip"}}
2025/04/21 09:43:51 Sent {"src":"n2","dest":"n1","body":{"already_seen":false,"in_reply_to":134,"msg_id":59,"seen_nodes":["n2","n1","n0","n3","n4"],"type":"gossip_ok"}}
2025/04/21 09:43:52 Received {c11 n2 {"type":"broadcast","message":66,"msg_id":20}}
2025/04/21 09:43:52 Sent {"src":"n2","dest":"n1","body":{"data_id":"c11_20","message":66,"msg_id":10,"seen_nodes":["n2","n1"],"type":"gossip"}}
2025/04/21 09:43:52 Sent {"src":"n2","dest":"c11","body":{"in_reply_to":20,"msg_id":61,"type":"broadcast_ok"}}
2025/04/21 09:43:52 Received {n1 n2 {"already_seen":false,"in_reply_to":10,"msg_id":223,"seen_nodes":["n1","n2","n4","n0"],"type":"gossip_ok"}}
2025/04/21 09:43:52 Received {n1 n2 {"data_id":"c12_21","message":67,"msg_id":137,"seen_nodes":["n1","n4","n3","n0","n2"],"type":"gossip"}}
2025/04/21 09:43:52 Sent {"src":"n2","dest":"n1","body":{"already_seen":false,"in_reply_to":137,"msg_id":62,"seen_nodes":["n2","n1","n4","n3","n0"],"type":"gossip_ok"}}
2025/04/21 09:43:52 Received {n1 n2 {"data_id":"c14_42","message":68,"msg_id":139,"seen_nodes":["n1","n0","n3","n4","n2"],"type":"gossip"}}
2025/04/21 09:43:52 Sent {"src":"n2","dest":"n1","body":{"already_seen":false,"in_reply_to":139,"msg_id":63,"seen_nodes":["n2","n1","n0","n3","n4"],"type":"gossip_ok"}}
2025/04/21 09:43:52 Received {c11 n2 {"type":"broadcast","message":69,"msg_id":21}}
2025/04/21 09:43:52 Sent {"src":"n2","dest":"n1","body":{"data_id":"c11_21","message":69,"msg_id":11,"seen_nodes":["n2","n1"],"type":"gossip"}}
2025/04/21 09:43:52 Sent {"src":"n2","dest":"c11","body":{"in_reply_to":21,"msg_id":65,"type":"broadcast_ok"}}
2025/04/21 09:43:52 Received {n1 n2 {"already_seen":false,"in_reply_to":11,"msg_id":234,"seen_nodes":["n1","n2","n4","n0"],"type":"gossip_ok"}}
2025/04/21 09:43:53 Received {n1 n2 {"data_id":"c14_43","message":70,"msg_id":143,"seen_nodes":["n1","n0","n3","n4","n2"],"type":"gossip"}}
2025/04/21 09:43:53 Sent {"src":"n2","dest":"n1","body":{"already_seen":false,"in_reply_to":143,"msg_id":66,"seen_nodes":["n2","n1","n0","n3","n4"],"type":"gossip_ok"}}
2025/04/21 09:43:53 Received {n1 n2 {"data_id":"c14_44","message":71,"msg_id":145,"seen_nodes":["n1","n0","n3","n4","n2"],"type":"gossip"}}
2025/04/21 09:43:53 Sent {"src":"n2","dest":"n1","body":{"already_seen":false,"in_reply_to":145,"msg_id":67,"seen_nodes":["n2","n1","n0","n3","n4"],"type":"gossip_ok"}}
2025/04/21 09:43:53 Received {c11 n2 {"type":"broadcast","message":72,"msg_id":22}}
2025/04/21 09:43:53 Sent {"src":"n2","dest":"n1","body":{"data_id":"c11_22","message":72,"msg_id":12,"seen_nodes":["n2","n1"],"type":"gossip"}}
2025/04/21 09:43:53 Sent {"src":"n2","dest":"c11","body":{"in_reply_to":22,"msg_id":69,"type":"broadcast_ok"}}
2025/04/21 09:43:53 Received {n1 n2 {"already_seen":false,"in_reply_to":12,"msg_id":246,"seen_nodes":["n1","n2","n4","n0"],"type":"gossip_ok"}}
2025/04/21 09:43:53 Received {n1 n2 {"data_id":"c12_23","message":73,"msg_id":149,"seen_nodes":["n1","n0","n3","n4","n2"],"type":"gossip"}}
2025/04/21 09:43:53 Sent {"src":"n2","dest":"n1","body":{"already_seen":false,"in_reply_to":149,"msg_id":70,"seen_nodes":["n2","n1","n0","n3","n4"],"type":"gossip_ok"}}
2025/04/21 09:43:53 Received {n1 n2 {"data_id":"c13_23","message":74,"msg_id":150,"seen_nodes":["n1","n4","n2"],"type":"gossip"}}
2025/04/21 09:43:53 Sent {"src":"n2","dest":"n1","body":{"already_seen":false,"in_reply_to":150,"msg_id":71,"seen_nodes":["n2","n1","n4"],"type":"gossip_ok"}}
2025/04/21 09:43:54 Received {n1 n2 {"data_id":"c14_46","message":75,"msg_id":153,"seen_nodes":["n1","n0","n3","n4","n2"],"type":"gossip"}}
2025/04/21 09:43:54 Sent {"src":"n2","dest":"n1","body":{"already_seen":false,"in_reply_to":153,"msg_id":72,"seen_nodes":["n2","n1","n0","n3","n4"],"type":"gossip_ok"}}
2025/04/21 09:43:54 Received {n1 n2 {"data_id":"c10_24","message":76,"msg_id":155,"seen_nodes":["n1","n4","n2"],"type":"gossip"}}
2025/04/21 09:43:54 Received {c11 n2 {"type":"read","msg_id":23}}
2025/04/21 09:43:54 Sent {"src":"n2","dest":"n1","body":{"already_seen":false,"in_reply_to":155,"msg_id":73,"seen_nodes":["n2","n1","n4"],"type":"gossip_ok"}}
2025/04/21 09:43:54 Sent {"src":"n2","dest":"c11","body":{"in_reply_to":23,"messages":[61,65,66,76,40,57,60,63,70,73,75,41,53,46,74,36,43,45,55,58,69,72,31,44,37,50,52,59,5,35,47,62,64,1,33,32,34,48,49,51,56,14,26,67,68,42,54,71,38,39],"msg_id":74,"type":"read_ok"}}
2025/04/21 09:43:54 Received {n1 n2 {"data_id":"c14_47","message":77,"msg_id":158,"seen_nodes":["n1","n0","n3","n4","n2"],"type":"gossip"}}
2025/04/21 09:43:54 Sent {"src":"n2","dest":"n1","body":{"already_seen":false,"in_reply_to":158,"msg_id":75,"seen_nodes":["n2","n1","n0","n3","n4"],"type":"gossip_ok"}}
2025/04/21 09:43:54 Received {c11 n2 {"type":"broadcast","message":78,"msg_id":24}}
2025/04/21 09:43:54 Sent {"src":"n2","dest":"n1","body":{"data_id":"c11_24","message":78,"msg_id":13,"seen_nodes":["n2","n1"],"type":"gossip"}}
2025/04/21 09:43:54 Sent {"src":"n2","dest":"c11","body":{"in_reply_to":24,"msg_id":77,"type":"broadcast_ok"}}
2025/04/21 09:43:54 Received {n1 n2 {"already_seen":false,"in_reply_to":13,"msg_id":269,"seen_nodes":["n1","n2","n4","n0"],"type":"gossip_ok"}}
2025/04/21 09:43:55 Received {n1 n2 {"data_id":"c12_25","message":79,"msg_id":161,"seen_nodes":["n1","n4","n3","n0","n2"],"type":"gossip"}}
2025/04/21 09:43:55 Sent {"src":"n2","dest":"n1","body":{"already_seen":false,"in_reply_to":161,"msg_id":78,"seen_nodes":["n2","n1","n4","n3","n0"],"type":"gossip_ok"}}
2025/04/21 09:43:55 Received {n1 n2 {"data_id":"c14_50","message":80,"msg_id":163,"seen_nodes":["n1","n0","n3","n4","n2"],"type":"gossip"}}
2025/04/21 09:43:55 Sent {"src":"n2","dest":"n1","body":{"already_seen":false,"in_reply_to":163,"msg_id":79,"seen_nodes":["n2","n1","n0","n3","n4"],"type":"gossip_ok"}}
2025/04/21 09:43:55 Received {c11 n2 {"type":"broadcast","message":81,"msg_id":25}}
2025/04/21 09:43:55 Sent {"src":"n2","dest":"n1","body":{"data_id":"c11_25","message":81,"msg_id":14,"seen_nodes":["n2","n1"],"type":"gossip"}}
2025/04/21 09:43:55 Sent {"src":"n2","dest":"c11","body":{"in_reply_to":25,"msg_id":81,"type":"broadcast_ok"}}
2025/04/21 09:43:55 Received {n1 n2 {"already_seen":false,"in_reply_to":14,"msg_id":279,"seen_nodes":["n1","n2","n4","n0"],"type":"gossip_ok"}}
2025/04/21 09:43:56 Received {n1 n2 {"data_id":"c10_27","message":82,"msg_id":167,"seen_nodes":["n1","n4","n2"],"type":"gossip"}}
2025/04/21 09:43:56 Sent {"src":"n2","dest":"n1","body":{"already_seen":false,"in_reply_to":167,"msg_id":82,"seen_nodes":["n2","n1","n4"],"type":"gossip_ok"}}
2025/04/21 09:43:56 Received {c11 n2 {"type":"broadcast","message":83,"msg_id":26}}
2025/04/21 09:43:56 Sent {"src":"n2","dest":"n1","body":{"data_id":"c11_26","message":83,"msg_id":15,"seen_nodes":["n2","n1"],"type":"gossip"}}
2025/04/21 09:43:56 Sent {"src":"n2","dest":"c11","body":{"in_reply_to":26,"msg_id":84,"type":"broadcast_ok"}}
2025/04/21 09:43:56 Received {n1 n2 {"already_seen":false,"in_reply_to":15,"msg_id":286,"seen_nodes":["n1","n2","n4","n0"],"type":"gossip_ok"}}
2025/04/21 09:43:56 Received {n1 n2 {"data_id":"c13_27","message":84,"msg_id":171,"seen_nodes":["n1","n4","n2"],"type":"gossip"}}
2025/04/21 09:43:56 Sent {"src":"n2","dest":"n1","body":{"already_seen":false,"in_reply_to":171,"msg_id":85,"seen_nodes":["n2","n1","n4"],"type":"gossip_ok"}}
2025/04/21 09:43:56 Received {n1 n2 {"data_id":"c14_54","message":85,"msg_id":174,"seen_nodes":["n1","n0","n3","n4","n2"],"type":"gossip"}}
2025/04/21 09:43:56 Sent {"src":"n2","dest":"n1","body":{"already_seen":false,"in_reply_to":174,"msg_id":86,"seen_nodes":["n2","n1","n0","n3","n4"],"type":"gossip_ok"}}
2025/04/21 09:43:56 Received {n1 n2 {"data_id":"c10_28","message":86,"msg_id":176,"seen_nodes":["n1","n4","n2"],"type":"gossip"}}
2025/04/21 09:43:56 Sent {"src":"n2","dest":"n1","body":{"already_seen":false,"in_reply_to":176,"msg_id":87,"seen_nodes":["n2","n1","n4"],"type":"gossip_ok"}}
2025/04/21 09:43:56 Received {c11 n2 {"type":"broadcast","message":87,"msg_id":27}}
2025/04/21 09:43:56 Sent {"src":"n2","dest":"n1","body":{"data_id":"c11_27","message":87,"msg_id":16,"seen_nodes":["n2","n1"],"type":"gossip"}}
2025/04/21 09:43:56 Sent {"src":"n2","dest":"c11","body":{"in_reply_to":27,"msg_id":89,"type":"broadcast_ok"}}
2025/04/21 09:43:56 Received {n1 n2 {"already_seen":false,"in_reply_to":16,"msg_id":299,"seen_nodes":["n1","n2","n4","n0"],"type":"gossip_ok"}}
2025/04/21 09:43:56 Received {n1 n2 {"data_id":"c12_28","message":88,"msg_id":181,"seen_nodes":["n1","n0","n3","n4","n2"],"type":"gossip"}}
2025/04/21 09:43:56 Sent {"src":"n2","dest":"n1","body":{"already_seen":false,"in_reply_to":181,"msg_id":90,"seen_nodes":["n2","n1","n0","n3","n4"],"type":"gossip_ok"}}
2025/04/21 09:43:56 Received {n1 n2 {"data_id":"c14_56","message":89,"msg_id":183,"seen_nodes":["n1","n0","n3","n4","n2"],"type":"gossip"}}
2025/04/21 09:43:56 Sent {"src":"n2","dest":"n1","body":{"already_seen":false,"in_reply_to":183,"msg_id":91,"seen_nodes":["n2","n1","n0","n3","n4"],"type":"gossip_ok"}}
2025/04/21 09:43:57 Received {n1 n2 {"data_id":"c10_29","message":90,"msg_id":185,"seen_nodes":["n1","n4","n2"],"type":"gossip"}}
2025/04/21 09:43:57 Sent {"src":"n2","dest":"n1","body":{"already_seen":false,"in_reply_to":185,"msg_id":92,"seen_nodes":["n2","n1","n4"],"type":"gossip_ok"}}
2025/04/21 09:43:57 Received {c11 n2 {"type":"read","msg_id":28}}
2025/04/21 09:43:57 Sent {"src":"n2","dest":"c11","body":{"in_reply_to":28,"messages":[51,56,26,49,54,38,42,66,76,83,57,61,75,63,70,46,77,36,43,69,72,82,90,31,58,50,52,64,80,1,47,34,48,67,68,86,14,32,39,71,40,65,60,73,89,41,53,85,74,79,55,81,84,44,45,37,59,78,87,88,5,35,33,62],"msg_id":93,"type":"read_ok"}}
2025/04/21 09:43:57 Received {n1 n2 {"data_id":"c13_29","message":91,"msg_id":187,"seen_nodes":["n1","n4","n2"],"type":"gossip"}}
2025/04/21 09:43:57 Sent {"src":"n2","dest":"n1","body":{"already_seen":false,"in_reply_to":187,"msg_id":94,"seen_nodes":["n2","n1","n4"],"type":"gossip_ok"}}
2025/04/21 09:43:57 Received {n1 n2 {"data_id":"c14_57","message":92,"msg_id":190,"seen_nodes":["n1","n0","n3","n4","n2"],"type":"gossip"}}
2025/04/21 09:43:57 Sent {"src":"n2","dest":"n1","body":{"already_seen":false,"in_reply_to":190,"msg_id":95,"seen_nodes":["n2","n1","n0","n3","n4"],"type":"gossip_ok"}}
2025/04/21 09:43:57 Received {n1 n2 {"data_id":"c10_30","message":93,"msg_id":192,"seen_nodes":["n1","n4","n2"],"type":"gossip"}}
2025/04/21 09:43:57 Sent {"src":"n2","dest":"n1","body":{"already_seen":false,"in_reply_to":192,"msg_id":96,"seen_nodes":["n2","n1","n4"],"type":"gossip_ok"}}
2025/04/21 09:43:57 Received {c11 n2 {"type":"broadcast","message":94,"msg_id":29}}
2025/04/21 09:43:57 Sent {"src":"n2","dest":"n1","body":{"data_id":"c11_29","message":94,"msg_id":17,"seen_nodes":["n2","n1"],"type":"gossip"}}
2025/04/21 09:43:57 Sent {"src":"n2","dest":"c11","body":{"in_reply_to":29,"msg_id":98,"type":"broadcast_ok"}}
2025/04/21 09:43:57 Received {n1 n2 {"already_seen":false,"in_reply_to":17,"msg_id":325,"seen_nodes":["n1","n2","n4","n0"],"type":"gossip_ok"}}
2025/04/21 09:43:58 Received {n1 n2 {"data_id":"c12_30","message":95,"msg_id":196,"seen_nodes":["n1","n4","n3","n0","n2"],"type":"gossip"}}
2025/04/21 09:43:58 Sent {"src":"n2","dest":"n1","body":{"already_seen":false,"in_reply_to":196,"msg_id":99,"seen_nodes":["n2","n1","n4","n3","n0"],"type":"gossip_ok"}}
2025/04/21 09:43:58 Received {n1 n2 {"data_id":"c14_59","message":96,"msg_id":198,"seen_nodes":["n1","n0","n3","n4","n2"],"type":"gossip"}}
2025/04/21 09:43:58 Sent {"src":"n2","dest":"n1","body":{"already_seen":false,"in_reply_to":198,"msg_id":100,"seen_nodes":["n2","n1","n0","n3","n4"],"type":"gossip_ok"}}
2025/04/21 09:43:58 Received {n1 n2 {"data_id":"c14_60","message":97,"msg_id":200,"seen_nodes":["n1","n0","n3","n4","n2"],"type":"gossip"}}
2025/04/21 09:43:58 Sent {"src":"n2","dest":"n1","body":{"already_seen":false,"in_reply_to":200,"msg_id":101,"seen_nodes":["n2","n1","n0","n3","n4"],"type":"gossip_ok"}}
2025/04/21 09:43:58 Received {c11 n2 {"type":"broadcast","message":98,"msg_id":30}}
2025/04/21 09:43:58 Sent {"src":"n2","dest":"n1","body":{"data_id":"c11_30","message":98,"msg_id":18,"seen_nodes":["n2","n1"],"type":"gossip"}}
2025/04/21 09:43:58 Sent {"src":"n2","dest":"c11","body":{"in_reply_to":30,"msg_id":103,"type":"broadcast_ok"}}
2025/04/21 09:43:58 Received {n1 n2 {"already_seen":false,"in_reply_to":18,"msg_id":340,"seen_nodes":["n1","n2","n4","n0"],"type":"gossip_ok"}}
2025/04/21 09:43:58 Received {n1 n2 {"data_id":"c12_31","message":99,"msg_id":204,"seen_nodes":["n1","n0","n3","n4","n2"],"type":"gossip"}}
2025/04/21 09:43:58 Sent {"src":"n2","dest":"n1","body":{"already_seen":false,"in_reply_to":204,"msg_id":104,"seen_nodes":["n2","n1","n0","n3","n4"],"type":"gossip_ok"}}
2025/04/21 09:43:58 Received {n1 n2 {"data_id":"c14_61","message":100,"msg_id":206,"seen_nodes":["n1","n0","n3","n4","n2"],"type":"gossip"}}
2025/04/21 09:43:58 Sent {"src":"n2","dest":"n1","body":{"already_seen":false,"in_reply_to":206,"msg_id":105,"seen_nodes":["n2","n1","n0","n3","n4"],"type":"gossip_ok"}}
2025/04/21 09:43:59 Received {n1 n2 {"data_id":"c10_32","message":101,"msg_id":208,"seen_nodes":["n1","n4","n2"],"type":"gossip"}}
2025/04/21 09:43:59 Sent {"src":"n2","dest":"n1","body":{"already_seen":false,"in_reply_to":208,"msg_id":106,"seen_nodes":["n2","n1","n4"],"type":"gossip_ok"}}
2025/04/21 09:43:59 Received {c11 n2 {"type":"read","msg_id":31}}
2025/04/21 09:43:59 Sent {"src":"n2","dest":"c11","body":{"in_reply_to":31,"messages":[36,43,46,77,95,31,58,69,72,82,90,50,52,1,47,64,80,93,99,14,32,34,48,67,68,86,39,71,40,65,41,53,60,73,89,74,79,85,91,96,44,45,55,81,84,98,5,35,37,59,78,87,88,33,62,26,49,51,56,94,38,42,54,92,57,61,66,76,83,97,100,101,63,70,75],"msg_id":107,"type":"read_ok"}}
2025/04/21 09:43:59 Received {n1 n2 {"data_id":"c12_32","message":102,"msg_id":211,"seen_nodes":["n1","n0","n3","n4","n2"],"type":"gossip"}}
2025/04/21 09:43:59 Sent {"src":"n2","dest":"n1","body":{"already_seen":false,"in_reply_to":211,"msg_id":108,"seen_nodes":["n2","n1","n0","n3","n4"],"type":"gossip_ok"}}
2025/04/21 09:43:59 Received {c11 n2 {"type":"broadcast","message":103,"msg_id":32}}
2025/04/21 09:43:59 Sent {"src":"n2","dest":"n1","body":{"data_id":"c11_32","message":103,"msg_id":19,"seen_nodes":["n2","n1"],"type":"gossip"}}
2025/04/21 09:43:59 Sent {"src":"n2","dest":"c11","body":{"in_reply_to":32,"msg_id":110,"type":"broadcast_ok"}}
2025/04/21 09:43:59 Received {n1 n2 {"already_seen":false,"in_reply_to":19,"msg_id":360,"seen_nodes":["n1","n2","n4","n0"],"type":"gossip_ok"}}
2025/04/21 09:44:10 Received {c11 n2 {"type":"read","msg_id":33}}
2025/04/21 09:44:10 Sent {"src":"n2","dest":"c11","body":{"in_reply_to":33,"messages":[51,56,94,26,49,54,92,38,42,66,76,83,97,100,101,57,61,75,63,70,46,77,95,36,43,69,72,82,90,31,58,102,50,52,64,80,93,99,1,47,34,48,67,68,86,14,32,39,71,40,65,60,73,89,41,53,85,91,96,74,79,55,81,84,98,44,45,37,59,78,87,88,103,5,35,33,62],"msg_id":111,"type":"read_ok"}}
