2025/04/21 09:43:40 Received {c1 n4 {"type":"init","node_id":"n4","node_ids":["n0","n1","n2","n3","n4"],"msg_id":1}}
2025/04/21 09:43:40 Node n4 initialized
2025/04/21 09:43:40 Sent {"src":"n4","dest":"c1","body":{"in_reply_to":1,"type":"init_ok"}}
2025/04/21 09:43:40 Received {c9 n4 {"type":"topology","topology":{"n0":["n3","n1"],"n1":["n4","n2","n0"],"n2":["n1"],"n3":["n0","n4"],"n4":["n1","n3"]},"msg_id":1}}
2025/04/21 09:43:40 Sent {"src":"n4","dest":"c9","body":{"in_reply_to":1,"msg_id":1,"type":"topology_ok"}}
2025/04/21 09:43:40 Received {n1 n4 {"data_id":"c10_1","message":0,"msg_id":1,"seen_nodes":["n1","n4"],"type":"gossip"}}
2025/04/21 09:43:40 Sent {"src":"n4","dest":"n3","body":{"data_id":"c10_1","message":0,"msg_id":1,"seen_nodes":["n4","n1","n3"],"type":"gossip"}}
2025/04/21 09:43:40 Sent {"src":"n4","dest":"n1","body":{"already_seen":false,"in_reply_to":1,"msg_id":3,"seen_nodes":["n4","n1","n3"],"type":"gossip_ok"}}
2025/04/21 09:43:40 Received {c13 n4 {"type":"read","msg_id":1}}
2025/04/21 09:43:40 Sent {"src":"n4","dest":"c13","body":{"in_reply_to":1,"messages":[0],"msg_id":4,"type":"read_ok"}}
2025/04/21 09:43:40 Received {n1 n4 {"data_id":"c14_1","message":2,"msg_id":4,"seen_nodes":["n1","n0","n3","n4"],"type":"gossip"}}
2025/04/21 09:43:40 Sent {"src":"n4","dest":"n1","body":{"already_seen":false,"in_reply_to":4,"msg_id":5,"seen_nodes":["n4","n1","n0","n3"],"type":"gossip_ok"}}
2025/04/21 09:43:40 Received {n1 n4 {"data_id":"c14_2","message":3,"msg_id":6,"seen_nodes":["n1","n0","n3","n4"],"type":"gossip"}}
2025/04/21 09:43:40 Sent {"src":"n4","dest":"n1","body":{"already_seen":false,"in_reply_to":6,"msg_id":6,"seen_nodes":["n4","n1","n0","n3"],"type":"gossip_ok"}}
2025/04/21 09:43:40 Received {n1 n4 {"data_id":"c10_2","message":4,"msg_id":8,"seen_nodes":["n1","n4"],"type":"gossip"}}
2025/04/21 09:43:40 Sent {"src":"n4","dest":"n3","body":{"data_id":"c10_2","message":4,"msg_id":2,"seen_nodes":["n4","n1","n3"],"type":"gossip"}}
2025/04/21 09:43:40 Sent {"src":"n4","dest":"n1","body":{"already_seen":false,"in_reply_to":8,"msg_id":8,"seen_nodes":["n4","n1","n3"],"type":"gossip_ok"}}
2025/04/21 09:43:40 Received {c13 n4 {"type":"read","msg_id":2}}
2025/04/21 09:43:40 Sent {"src":"n4","dest":"c13","body":{"in_reply_to":2,"messages":[2,3,4,0],"msg_id":9,"type":"read_ok"}}
2025/04/21 09:43:41 Received {n1 n4 {"data_id":"c14_3","message":6,"msg_id":11,"seen_nodes":["n1","n0","n3","n4"],"type":"gossip"}}
2025/04/21 09:43:41 Sent {"src":"n4","dest":"n1","body":{"already_seen":false,"in_reply_to":11,"msg_id":10,"seen_nodes":["n4","n1","n0","n3"],"type":"gossip_ok"}}
2025/04/21 09:43:41 Received {n1 n4 {"data_id":"c14_4","message":7,"msg_id":13,"seen_nodes":["n1","n0","n3","n4"],"type":"gossip"}}
2025/04/21 09:43:41 Sent {"src":"n4","dest":"n1","body":{"already_seen":false,"in_reply_to":13,"msg_id":11,"seen_nodes":["n4","n1","n0","n3"],"type":"gossip_ok"}}
2025/04/21 09:43:41 Received {n1 n4 {"data_id":"c10_3","message":8,"msg_id":15,"seen_nodes":["n1","n4"],"type":"gossip"}}
2025/04/21 09:43:41 Sent {"src":"n4","dest":"n3","body":{"data_id":"c10_3","message":8,"msg_id":3,"seen_nodes":["n4","n1","n3"],"type":"gossip"}}
2025/04/21 09:43:41 Sent {"src":"n4","dest":"n1","body":{"already_seen":false,"in_reply_to":15,"msg_id":13,"seen_nodes":["n4","n1","n3"],"type":"gossip_ok"}}
2025/04/21 09:43:41 Received {c13 n4 {"type":"read","msg_id":3}}
2025/04/21 09:43:41 Sent {"src":"n4","dest":"c13","body":{"in_reply_to":3,"messages":[0,2,3,4,6,7,8],"msg_id":14,"type":"read_ok"}}
2025/04/21 09:43:41 Received {n1 n4 {"data_id":"c14_5","message":9,"msg_id":18,"seen_nodes":["n1","n0","n3","n4"],"type":"gossip"}}
2025/04/21 09:43:41 Sent {"src":"n4","dest":"n1","body":{"already_seen":false,"in_reply_to":18,"msg_id":15,"seen_nodes":["n4","n1","n0","n3"],"type":"gossip_ok"}}
2025/04/21 09:43:41 Received {n1 n4 {"data_id":"c14_6","message":10,"msg_id":20,"seen_nodes":["n1","n0","n3","n4"],"type":"gossip"}}
2025/04/21 09:43:41 Sent {"src":"n4","dest":"n1","body":{"already_seen":false,"in_reply_to":20,"msg_id":16,"seen_nodes":["n4","n1","n0","n3"],"type":"gossip_ok"}}
2025/04/21 09:43:41 Received {n1 n4 {"data_id":"c10_4","message":11,"msg_id":22,"seen_nodes":["n1","n4"],"type":"gossip"}}
2025/04/21 09:43:41 Sent {"src":"n4","dest":"n3","body":{"data_id":"c10_4","message":11,"msg_id":4,"seen_nodes":["n4","n1","n3"],"type":"gossip"}}
2025/04/21 09:43:41 Sent {"src":"n4","dest":"n1","body":{"already_seen":false,"in_reply_to":22,"msg_id":18,"seen_nodes":["n4","n1","n3"],"type":"gossip_ok"}}
2025/04/21 09:43:42 Received {c13 n4 {"type":"read","msg_id":4}}
2025/04/21 09:43:42 Sent {"src":"n4","dest":"c13","body":{"in_reply_to":4,"messages":[4,7,9,11,0,2,8,10,3,6],"msg_id":19,"type":"read_ok"}}
2025/04/21 09:43:42 Received {n1 n4 {"data_id":"c14_8","message":12,"msg_id":25,"seen_nodes":["n1","n0","n3","n4"],"type":"gossip"}}
2025/04/21 09:43:42 Sent {"src":"n4","dest":"n1","body":{"already_seen":false,"in_reply_to":25,"msg_id":20,"seen_nodes":["n4","n1","n0","n3"],"type":"gossip_ok"}}
2025/04/21 09:43:42 Received {n1 n4 {"data_id":"c10_5","message":13,"msg_id":27,"seen_nodes":["n1","n4"],"type":"gossip"}}
2025/04/21 09:43:42 Sent {"src":"n4","dest":"n3","body":{"data_id":"c10_5","message":13,"msg_id":5,"seen_nodes":["n4","n1","n3"],"type":"gossip"}}
2025/04/21 09:43:42 Sent {"src":"n4","dest":"n1","body":{"already_seen":false,"in_reply_to":27,"msg_id":22,"seen_nodes":["n4","n1","n3"],"type":"gossip_ok"}}
2025/04/21 09:43:42 Received {c13 n4 {"type":"read","msg_id":5}}
2025/04/21 09:43:42 Sent {"src":"n4","dest":"c13","body":{"in_reply_to":5,"messages":[0,2,4,7,9,11,12,3,6,8,10,13],"msg_id":23,"type":"read_ok"}}
2025/04/21 09:43:43 Received {n1 n4 {"data_id":"c14_10","message":15,"msg_id":30,"seen_nodes":["n1","n0","n3","n4"],"type":"gossip"}}
2025/04/21 09:43:43 Sent {"src":"n4","dest":"n1","body":{"already_seen":false,"in_reply_to":30,"msg_id":24,"seen_nodes":["n4","n1","n0","n3"],"type":"gossip_ok"}}
2025/04/21 09:43:43 Received {n1 n4 {"data_id":"c10_6","message":16,"msg_id":32,"seen_nodes":["n1","n4"],"type":"gossip"}}
2025/04/21 09:43:43 Sent {"src":"n4","dest":"n3","body":{"data_id":"c10_6","message":16,"msg_id":6,"seen_nodes":["n4","n1","n3"],"type":"gossip"}}
2025/04/21 09:43:43 Sent {"src":"n4","dest":"n1","body":{"already_seen":false,"in_reply_to":32,"msg_id":26,"seen_nodes":["n4","n1","n3"],"type":"gossip_ok"}}
2025/04/21 09:43:43 Received {c13 n4 {"type":"broadcast","message":17,"msg_id":6}}
2025/04/21 09:43:43 Sent {"src":"n4","dest":"n1","body":{"data_id":"c13_6","message":17,"msg_id":7,"seen_nodes":["n4","n1"],"type":"gossip"}}
2025/04/21 09:43:43 Sent {"src":"n4","dest":"n3","body":{"data_id":"c13_6","message":17,"msg_id":8,"seen_nodes":["n4","n1","n3"],"type":"gossip"}}
2025/04/21 09:43:43 Sent {"src":"n4","dest":"c13","body":{"in_reply_to":6,"msg_id":29,"type":"broadcast_ok"}}
2025/04/21 09:43:43 Received {n1 n4 {"already_seen":false,"in_reply_to":7,"msg_id":52,"seen_nodes":["n1","n4","n2","n0"],"type":"gossip_ok"}}
2025/04/21 09:43:43 Received {n1 n4 {"data_id":"c14_12","message":18,"msg_id":37,"seen_nodes":["n1","n0","n3","n4"],"type":"gossip"}}
2025/04/21 09:43:43 Sent {"src":"n4","dest":"n1","body":{"already_seen":false,"in_reply_to":37,"msg_id":30,"seen_nodes":["n4","n1","n0","n3"],"type":"gossip_ok"}}
2025/04/21 09:43:44 Received {c13 n4 {"type":"read","msg_id":7}}
2025/04/21 09:43:44 Sent {"src":"n4","dest":"c13","body":{"in_reply_to":7,"messages":[15,17,10,18,12,6,8,13,16,3,2,4,7,9,11,0],"msg_id":31,"type":"read_ok"}}
2025/04/21 09:43:44 Received {n1 n4 {"data_id":"c14_13","message":20,"msg_id":39,"seen_nodes":["n1","n0","n3","n4"],"type":"gossip"}}
2025/04/21 09:43:44 Sent {"src":"n4","dest":"n1","body":{"already_seen":false,"in_reply_to":39,"msg_id":32,"seen_nodes":["n4","n1","n0","n3"],"type":"gossip_ok"}}
2025/04/21 09:43:44 Received {n1 n4 {"data_id":"c14_14","message":21,"msg_id":41,"seen_nodes":["n1","n0","n3","n4"],"type":"gossip"}}
2025/04/21 09:43:44 Sent {"src":"n4","dest":"n1","body":{"already_seen":false,"in_reply_to":41,"msg_id":33,"seen_nodes":["n4","n1","n0","n3"],"type":"gossip_ok"}}
2025/04/21 09:43:44 Received {n1 n4 {"data_id":"c10_8","message":22,"msg_id":43,"seen_nodes":["n1","n4"],"type":"gossip"}}
2025/04/21 09:43:44 Sent {"src":"n4","dest":"n3","body":{"data_id":"c10_8","message":22,"msg_id":9,"seen_nodes":["n4","n1","n3"],"type":"gossip"}}
2025/04/21 09:43:44 Sent {"src":"n4","dest":"n1","body":{"already_seen":false,"in_reply_to":43,"msg_id":35,"seen_nodes":["n4","n1","n3"],"type":"gossip_ok"}}
2025/04/21 09:43:44 Received {c13 n4 {"type":"read","msg_id":8}}
2025/04/21 09:43:44 Sent {"src":"n4","dest":"c13","body":{"in_reply_to":8,"messages":[2,4,7,9,11,0,15,17,20,10,18,21,12,6,8,13,16,22,3],"msg_id":36,"type":"read_ok"}}
2025/04/21 09:43:44 Received {n1 n4 {"data_id":"c14_15","message":23,"msg_id":46,"seen_nodes":["n1","n0","n3","n4"],"type":"gossip"}}
2025/04/21 09:43:44 Sent {"src":"n4","dest":"n1","body":{"already_seen":false,"in_reply_to":46,"msg_id":37,"seen_nodes":["n4","n1","n0","n3"],"type":"gossip_ok"}}
2025/04/21 09:43:44 Received {n1 n4 {"data_id":"c14_16","message":24,"msg_id":48,"seen_nodes":["n1","n0","n3","n4"],"type":"gossip"}}
2025/04/21 09:43:44 Sent {"src":"n4","dest":"n1","body":{"already_seen":false,"in_reply_to":48,"msg_id":38,"seen_nodes":["n4","n1","n0","n3"],"type":"gossip_ok"}}
2025/04/21 09:43:44 Received {n1 n4 {"data_id":"c10_9","message":25,"msg_id":50,"seen_nodes":["n1","n4"],"type":"gossip"}}
2025/04/21 09:43:44 Sent {"src":"n4","dest":"n3","body":{"data_id":"c10_9","message":25,"msg_id":10,"seen_nodes":["n4","n1","n3"],"type":"gossip"}}
2025/04/21 09:43:44 Sent {"src":"n4","dest":"n1","body":{"already_seen":false,"in_reply_to":50,"msg_id":40,"seen_nodes":["n4","n1","n3"],"type":"gossip_ok"}}
2025/04/21 09:43:45 Received {c13 n4 {"type":"broadcast","message":28,"msg_id":9}}
2025/04/21 09:43:45 Sent {"src":"n4","dest":"n1","body":{"data_id":"c13_9","message":28,"msg_id":11,"seen_nodes":["n4","n1"],"type":"gossip"}}
2025/04/21 09:43:45 Sent {"src":"n4","dest":"n3","body":{"data_id":"c13_9","message":28,"msg_id":12,"seen_nodes":["n4","n1","n3"],"type":"gossip"}}
2025/04/21 09:43:45 Sent {"src":"n4","dest":"c13","body":{"in_reply_to":9,"msg_id":43,"type":"broadcast_ok"}}
2025/04/21 09:43:45 Received {n1 n4 {"already_seen":false,"in_reply_to":11,"msg_id":79,"seen_nodes":["n1","n4","n2","n0"],"type":"gossip_ok"}}
2025/04/21 09:43:45 Received {n1 n4 {"data_id":"c14_17","message":29,"msg_id":55,"seen_nodes":["n1","n0","n3","n4"],"type":"gossip"}}
2025/04/21 09:43:45 Sent {"src":"n4","dest":"n1","body":{"already_seen":false,"in_reply_to":55,"msg_id":44,"seen_nodes":["n4","n1","n0","n3"],"type":"gossip_ok"}}
2025/04/21 09:43:45 Received {n1 n4 {"data_id":"c10_10","message":30,"msg_id":57,"seen_nodes":["n1","n4"],"type":"gossip"}}
2025/04/21 09:43:45 Sent {"src":"n4","dest":"n3","body":{"data_id":"c10_10","message":30,"msg_id":13,"seen_nodes":["n4","n1","n3"],"type":"gossip"}}
2025/04/21 09:43:45 Sent {"src":"n4","dest":"n1","body":{"already_seen":false,"in_reply_to":57,"msg_id":46,"seen_nodes":["n4","n1","n3"],"type":"gossip_ok"}}
2025/04/21 09:43:45 Received {c13 n4 {"type":"read","msg_id":10}}
2025/04/21 09:43:45 Sent {"src":"n4","dest":"c13","body":{"in_reply_to":10,"messages":[11,25,0,2,4,7,9,30,10,15,17,20,23,12,18,21,28,29,22,24,3,6,8,13,16],"msg_id":47,"type":"read_ok"}}
2025/04/21 09:43:45 Received {n3 n4 {"data_id":"c14_20","message":31,"msg_id":5,"seen_nodes":["n3","n0","n4"],"type":"gossip"}}
2025/04/21 09:43:45 Sent {"src":"n4","dest":"n1","body":{"data_id":"c14_20","message":31,"msg_id":14,"seen_nodes":["n4","n3","n0","n1"],"type":"gossip"}}
2025/04/21 09:43:45 Received {n1 n4 {"data_id":"c14_20","message":31,"msg_id":60,"seen_nodes":["n1","n0","n3","n4"],"type":"gossip"}}
2025/04/21 09:43:45 Sent {"src":"n4","dest":"n3","body":{"already_seen":false,"in_reply_to":5,"msg_id":49,"seen_nodes":["n4","n3","n0","n1"],"type":"gossip_ok"}}
2025/04/21 09:43:45 Sent {"src":"n4","dest":"n1","body":{"already_seen":true,"in_reply_to":60,"msg_id":50,"seen_nodes":["n4","n3","n0","n1"],"type":"gossip_ok"}}
2025/04/21 09:43:45 Received {n1 n4 {"already_seen":true,"in_reply_to":14,"msg_id":90,"seen_nodes":["n1","n0","n3","n4","n2"],"type":"gossip_ok"}}
2025/04/21 09:43:46 Received {n3 n4 {"data_id":"c12_11","message":32,"msg_id":7,"seen_nodes":["n3","n0","n4"],"type":"gossip"}}
2025/04/21 09:43:46 Sent {"src":"n4","dest":"n1","body":{"data_id":"c12_11","message":32,"msg_id":15,"seen_nodes":["n4","n3","n0","n1"],"type":"gossip"}}
2025/04/21 09:43:46 Sent {"src":"n4","dest":"n3","body":{"already_seen":false,"in_reply_to":7,"msg_id":52,"seen_nodes":["n4","n3","n0","n1"],"type":"gossip_ok"}}
2025/04/21 09:43:46 Received {n1 n4 {"data_id":"c12_11","message":32,"msg_id":62,"seen_nodes":["n1","n0","n3","n4"],"type":"gossip"}}
2025/04/21 09:43:46 Sent {"src":"n4","dest":"n1","body":{"already_seen":true,"in_reply_to":62,"msg_id":53,"seen_nodes":["n4","n3","n0","n1"],"type":"gossip_ok"}}
2025/04/21 09:43:46 Received {n1 n4 {"already_seen":true,"in_reply_to":15,"msg_id":94,"seen_nodes":["n1","n0","n3","n4","n2"],"type":"gossip_ok"}}
2025/04/21 09:43:46 Received {c13 n4 {"type":"broadcast","message":33,"msg_id":11}}
2025/04/21 09:43:46 Sent {"src":"n4","dest":"n1","body":{"data_id":"c13_11","message":33,"msg_id":16,"seen_nodes":["n4","n1"],"type":"gossip"}}
2025/04/21 09:43:46 Sent {"src":"n4","dest":"n3","body":{"data_id":"c13_11","message":33,"msg_id":17,"seen_nodes":["n4","n1","n3"],"type":"gossip"}}
2025/04/21 09:43:46 Sent {"src":"n4","dest":"c13","body":{"in_reply_to":11,"msg_id":56,"type":"broadcast_ok"}}
2025/04/21 09:43:46 Received {n3 n4 {"already_seen":false,"in_reply_to":17,"msg_id":22,"seen_nodes":["n3","n4","n1","n0"],"type":"gossip_ok"}}
2025/04/21 09:43:46 Received {n1 n4 {"already_seen":false,"in_reply_to":16,"msg_id":98,"seen_nodes":["n1","n4","n2","n0"],"type":"gossip_ok"}}
2025/04/21 09:43:46 Received {n1 n4 {"data_id":"c11_11","message":34,"msg_id":66,"seen_nodes":["n1","n2","n4"],"type":"gossip"}}
2025/04/21 09:43:46 Sent {"src":"n4","dest":"n3","body":{"data_id":"c11_11","message":34,"msg_id":18,"seen_nodes":["n4","n1","n2","n3"],"type":"gossip"}}
2025/04/21 09:43:46 Sent {"src":"n4","dest":"n1","body":{"already_seen":false,"in_reply_to":66,"msg_id":58,"seen_nodes":["n4","n1","n2","n3"],"type":"gossip_ok"}}
2025/04/21 09:43:46 Received {n3 n4 {"already_seen":true,"in_reply_to":18,"msg_id":24,"seen_nodes":["n3","n0","n1","n2","n4"],"type":"gossip_ok"}}
2025/04/21 09:43:46 Received {n3 n4 {"data_id":"c12_12","message":35,"msg_id":10,"seen_nodes":["n3","n0","n4"],"type":"gossip"}}
2025/04/21 09:43:46 Sent {"src":"n4","dest":"n1","body":{"data_id":"c12_12","message":35,"msg_id":19,"seen_nodes":["n4","n3","n0","n1"],"type":"gossip"}}
2025/04/21 09:43:46 Sent {"src":"n4","dest":"n3","body":{"already_seen":false,"in_reply_to":10,"msg_id":60,"seen_nodes":["n4","n3","n0","n1"],"type":"gossip_ok"}}
2025/04/21 09:43:46 Received {n1 n4 {"data_id":"c12_12","message":35,"msg_id":68,"seen_nodes":["n1","n0","n3","n4"],"type":"gossip"}}
2025/04/21 09:43:46 Sent {"src":"n4","dest":"n1","body":{"already_seen":true,"in_reply_to":68,"msg_id":61,"seen_nodes":["n4","n3","n0","n1"],"type":"gossip_ok"}}
2025/04/21 09:43:46 Received {n1 n4 {"already_seen":true,"in_reply_to":19,"msg_id":104,"seen_nodes":["n1","n0","n3","n4"],"type":"gossip_ok"}}
2025/04/21 09:43:46 Received {c13 n4 {"type":"broadcast","message":36,"msg_id":12}}
2025/04/21 09:43:46 Sent {"src":"n4","dest":"n1","body":{"data_id":"c13_12","message":36,"msg_id":20,"seen_nodes":["n4","n1"],"type":"gossip"}}
2025/04/21 09:43:46 Sent {"src":"n4","dest":"n3","body":{"data_id":"c13_12","message":36,"msg_id":21,"seen_nodes":["n4","n1","n3"],"type":"gossip"}}
2025/04/21 09:43:46 Sent {"src":"n4","dest":"c13","body":{"in_reply_to":12,"msg_id":64,"type":"broadcast_ok"}}
2025/04/21 09:43:46 Received {n1 n4 {"already_seen":false,"in_reply_to":20,"msg_id":109,"seen_nodes":["n1","n4","n2","n0"],"type":"gossip_ok"}}
2025/04/21 09:43:46 Received {n3 n4 {"already_seen":false,"in_reply_to":21,"msg_id":29,"seen_nodes":["n3","n4","n1","n0"],"type":"gossip_ok"}}
2025/04/21 09:43:46 Received {n3 n4 {"data_id":"c14_23","message":37,"msg_id":12,"seen_nodes":["n3","n0","n4"],"type":"gossip"}}
2025/04/21 09:43:46 Sent {"src":"n4","dest":"n1","body":{"data_id":"c14_23","message":37,"msg_id":22,"seen_nodes":["n4","n3","n0","n1"],"type":"gossip"}}
2025/04/21 09:43:46 Sent {"src":"n4","dest":"n3","body":{"already_seen":false,"in_reply_to":12,"msg_id":66,"seen_nodes":["n4","n3","n0","n1"],"type":"gossip_ok"}}
2025/04/21 09:43:46 Received {n1 n4 {"data_id":"c14_23","message":37,"msg_id":72,"seen_nodes":["n1","n0","n3","n4"],"type":"gossip"}}
2025/04/21 09:43:46 Sent {"src":"n4","dest":"n1","body":{"already_seen":true,"in_reply_to":72,"msg_id":67,"seen_nodes":["n4","n3","n0","n1"],"type":"gossip_ok"}}
2025/04/21 09:43:46 Received {n1 n4 {"already_seen":true,"in_reply_to":22,"msg_id":113,"seen_nodes":["n1","n0","n3","n4","n2"],"type":"gossip_ok"}}
2025/04/21 09:43:47 Received {n3 n4 {"data_id":"c12_13","message":38,"msg_id":14,"seen_nodes":["n3","n0","n4"],"type":"gossip"}}
2025/04/21 09:43:47 Sent {"src":"n4","dest":"n1","body":{"data_id":"c12_13","message":38,"msg_id":23,"seen_nodes":["n4","n3","n0","n1"],"type":"gossip"}}
2025/04/21 09:43:47 Sent {"src":"n4","dest":"n3","body":{"already_seen":false,"in_reply_to":14,"msg_id":69,"seen_nodes":["n4","n3","n0","n1"],"type":"gossip_ok"}}
2025/04/21 09:43:47 Received {n1 n4 {"data_id":"c12_13","message":38,"msg_id":74,"seen_nodes":["n1","n0","n3","n4"],"type":"gossip"}}
2025/04/21 09:43:47 Received {n1 n4 {"already_seen":true,"in_reply_to":23,"msg_id":116,"seen_nodes":["n1","n0","n3","n4"],"type":"gossip_ok"}}
2025/04/21 09:43:47 Sent {"src":"n4","dest":"n1","body":{"already_seen":true,"in_reply_to":74,"msg_id":70,"seen_nodes":["n4","n3","n0","n1"],"type":"gossip_ok"}}
2025/04/21 09:43:47 Received {c13 n4 {"type":"read","msg_id":13}}
2025/04/21 09:43:47 Sent {"src":"n4","dest":"c13","body":{"in_reply_to":13,"messages":[7,9,25,31,38,20,23,30,34,12,18,21,29,32,36,3,6,8,13,24,35,37,0,2,4,11,33,10,15,17,28,16,22],"msg_id":71,"type":"read_ok"}}
2025/04/21 09:43:47 Received {n3 n4 {"data_id":"c14_25","message":39,"msg_id":15,"seen_nodes":["n3","n0","n4"],"type":"gossip"}}
2025/04/21 09:43:47 Sent {"src":"n4","dest":"n1","body":{"data_id":"c14_25","message":39,"msg_id":24,"seen_nodes":["n4","n3","n0","n1"],"type":"gossip"}}
2025/04/21 09:43:47 Received {n1 n4 {"data_id":"c14_25","message":39,"msg_id":76,"seen_nodes":["n1","n0","n3","n4"],"type":"gossip"}}
2025/04/21 09:43:47 Sent {"src":"n4","dest":"n3","body":{"already_seen":false,"in_reply_to":15,"msg_id":73,"seen_nodes":["n4","n3","n0","n1"],"type":"gossip_ok"}}
2025/04/21 09:43:47 Sent {"src":"n4","dest":"n1","body":{"already_seen":true,"in_reply_to":76,"msg_id":74,"seen_nodes":["n4","n3","n0","n1"],"type":"gossip_ok"}}
2025/04/21 09:43:47 Received {n1 n4 {"already_seen":true,"in_reply_to":24,"msg_id":122,"seen_nodes":["n1","n0","n3","n4","n2"],"type":"gossip_ok"}}
2025/04/21 09:43:47 Received {n3 n4 {"data_id":"c14_26","message":40,"msg_id":16,"seen_nodes":["n3","n0","n4"],"type":"gossip"}}
2025/04/21 09:43:47 Sent {"src":"n4","dest":"n1","body":{"data_id":"c14_26","message":40,"msg_id":25,"seen_nodes":["n4","n3","n0","n1"],"type":"gossip"}}
2025/04/21 09:43:47 Sent {"src":"n4","dest":"n3","body":{"already_seen":false,"in_reply_to":16,"msg_id":76,"seen_nodes":["n4","n3","n0","n1"],"type":"gossip_ok"}}
2025/04/21 09:43:47 Received {n1 n4 {"data_id":"c14_26","message":40,"msg_id":78,"seen_nodes":["n1","n0","n3","n4"],"type":"gossip"}}
2025/04/21 09:43:47 Sent {"src":"n4","dest":"n1","body":{"already_seen":true,"in_reply_to":78,"msg_id":77,"seen_nodes":["n4","n3","n0","n1"],"type":"gossip_ok"}}
2025/04/21 09:43:47 Received {n1 n4 {"already_seen":true,"in_reply_to":25,"msg_id":126,"seen_nodes":["n1","n0","n3","n4","n2"],"type":"gossip_ok"}}
2025/04/21 09:43:47 Received {n1 n4 {"data_id":"c10_14","message":41,"msg_id":80,"seen_nodes":["n1","n4"],"type":"gossip"}}
2025/04/21 09:43:47 Sent {"src":"n4","dest":"n3","body":{"data_id":"c10_14","message":41,"msg_id":26,"seen_nodes":["n4","n1","n3"],"type":"gossip"}}
2025/04/21 09:43:47 Sent {"src":"n4","dest":"n1","body":{"already_seen":false,"in_reply_to":80,"msg_id":79,"seen_nodes":["n4","n1","n3"],"type":"gossip_ok"}}
2025/04/21 09:43:47 Received {n3 n4 {"already_seen":false,"in_reply_to":26,"msg_id":40,"seen_nodes":["n3","n4","n1","n0"],"type":"gossip_ok"}}
2025/04/21 09:43:47 Received {c13 n4 {"type":"read","msg_id":14}}
2025/04/21 09:43:47 Sent {"src":"n4","dest":"c13","body":{"in_reply_to":14,"messages":[39,3,6,8,13,24,32,36,40,0,2,4,11,33,35,37,10,15,17,28,16,22,7,9,25,31,38,41,20,23,30,34,12,18,21,29],"msg_id":80,"type":"read_ok"}}
2025/04/21 09:43:48 Received {n3 n4 {"data_id":"c14_27","message":42,"msg_id":18,"seen_nodes":["n3","n0","n4"],"type":"gossip"}}
2025/04/21 09:43:48 Received {n1 n4 {"data_id":"c14_27","message":42,"msg_id":83,"seen_nodes":["n1","n0","n3","n4"],"type":"gossip"}}
2025/04/21 09:43:48 Sent {"src":"n4","dest":"n1","body":{"data_id":"c14_27","message":42,"msg_id":27,"seen_nodes":["n4","n3","n0","n1"],"type":"gossip"}}
2025/04/21 09:43:48 Sent {"src":"n4","dest":"n3","body":{"already_seen":false,"in_reply_to":18,"msg_id":82,"seen_nodes":["n4","n3","n0","n1"],"type":"gossip_ok"}}
2025/04/21 09:43:48 Sent {"src":"n4","dest":"n1","body":{"already_seen":true,"in_reply_to":83,"msg_id":83,"seen_nodes":["n4","n3","n0","n1"],"type":"gossip_ok"}}
2025/04/21 09:43:48 Received {n1 n4 {"already_seen":true,"in_reply_to":27,"msg_id":134,"seen_nodes":["n1","n0","n3","n4","n2"],"type":"gossip_ok"}}
2025/04/21 09:43:48 Received {n1 n4 {"data_id":"c11_14","message":43,"msg_id":85,"seen_nodes":["n1","n2","n4"],"type":"gossip"}}
2025/04/21 09:43:48 Sent {"src":"n4","dest":"n3","body":{"data_id":"c11_14","message":43,"msg_id":28,"seen_nodes":["n4","n1","n2","n3"],"type":"gossip"}}
2025/04/21 09:43:48 Sent {"src":"n4","dest":"n1","body":{"already_seen":false,"in_reply_to":85,"msg_id":85,"seen_nodes":["n4","n1","n2","n3"],"type":"gossip_ok"}}
2025/04/21 09:43:48 Received {n3 n4 {"already_seen":false,"in_reply_to":28,"msg_id":47,"seen_nodes":["n3","n4","n1","n2","n0"],"type":"gossip_ok"}}
2025/04/21 09:43:48 Received {n3 n4 {"data_id":"c12_15","message":44,"msg_id":21,"seen_nodes":["n3","n0","n4"],"type":"gossip"}}
2025/04/21 09:43:48 Sent {"src":"n4","dest":"n1","body":{"data_id":"c12_15","message":44,"msg_id":29,"seen_nodes":["n4","n3","n0","n1"],"type":"gossip"}}
2025/04/21 09:43:48 Sent {"src":"n4","dest":"n3","body":{"already_seen":false,"in_reply_to":21,"msg_id":87,"seen_nodes":["n4","n3","n0","n1"],"type":"gossip_ok"}}
2025/04/21 09:43:48 Received {n1 n4 {"already_seen":true,"in_reply_to":29,"msg_id":140,"seen_nodes":["n1","n0","n3","n4"],"type":"gossip_ok"}}
2025/04/21 09:43:48 Received {n1 n4 {"data_id":"c12_15","message":44,"msg_id":87,"seen_nodes":["n1","n0","n3","n4"],"type":"gossip"}}
2025/04/21 09:43:48 Sent {"src":"n4","dest":"n1","body":{"already_seen":true,"in_reply_to":87,"msg_id":88,"seen_nodes":["n4","n3","n0","n1"],"type":"gossip_ok"}}
2025/04/21 09:43:48 Received {c13 n4 {"type":"read","msg_id":15}}
2025/04/21 09:43:48 Sent {"src":"n4","dest":"c13","body":{"in_reply_to":15,"messages":[0,2,4,11,33,35,37,10,15,17,43,28,16,22,44,7,9,25,31,38,41,42,20,23,30,34,12,18,21,29,39,3,6,8,13,24,32,36,40],"msg_id":89,"type":"read_ok"}}
2025/04/21 09:43:48 Received {n3 n4 {"data_id":"c14_30","message":45,"msg_id":22,"seen_nodes":["n3","n0","n4"],"type":"gossip"}}
2025/04/21 09:43:48 Received {n1 n4 {"data_id":"c14_30","message":45,"msg_id":89,"seen_nodes":["n1","n0","n3","n4"],"type":"gossip"}}
2025/04/21 09:43:48 Sent {"src":"n4","dest":"n1","body":{"already_seen":true,"in_reply_to":89,"msg_id":91,"seen_nodes":["n4","n3","n0","n1"],"type":"gossip_ok"}}
2025/04/21 09:43:48 Sent {"src":"n4","dest":"n1","body":{"data_id":"c14_30","message":45,"msg_id":30,"seen_nodes":["n4","n3","n0","n1"],"type":"gossip"}}
2025/04/21 09:43:48 Sent {"src":"n4","dest":"n3","body":{"already_seen":false,"in_reply_to":22,"msg_id":92,"seen_nodes":["n4","n3","n0","n1"],"type":"gossip_ok"}}
2025/04/21 09:43:48 Received {n1 n4 {"already_seen":true,"in_reply_to":30,"msg_id":146,"seen_nodes":["n1","n0","n3","n4","n2"],"type":"gossip_ok"}}
2025/04/21 09:43:49 Received {n1 n4 {"data_id":"c11_15","message":46,"msg_id":91,"seen_nodes":["n1","n2","n4"],"type":"gossip"}}
2025/04/21 09:43:49 Sent {"src":"n4","dest":"n3","body":{"data_id":"c11_15","message":46,"msg_id":31,"seen_nodes":["n4","n1","n2","n3"],"type":"gossip"}}
2025/04/21 09:43:49 Sent {"src":"n4","dest":"n1","body":{"already_seen":false,"in_reply_to":91,"msg_id":94,"seen_nodes":["n4","n1","n2","n3"],"type":"gossip_ok"}}
2025/04/21 09:43:49 Received {n3 n4 {"already_seen":false,"in_reply_to":31,"msg_id":55,"seen_nodes":["n3","n4","n1","n2","n0"],"type":"gossip_ok"}}
2025/04/21 09:43:49 Received {n3 n4 {"data_id":"c12_16","message":47,"msg_id":25,"seen_nodes":["n3","n0","n4"],"type":"gossip"}}
2025/04/21 09:43:49 Sent {"src":"n4","dest":"n1","body":{"data_id":"c12_16","message":47,"msg_id":32,"seen_nodes":["n4","n3","n0","n1"],"type":"gossip"}}
2025/04/21 09:43:49 Sent {"src":"n4","dest":"n3","body":{"already_seen":false,"in_reply_to":25,"msg_id":96,"seen_nodes":["n4","n3","n0","n1"],"type":"gossip_ok"}}
2025/04/21 09:43:49 Received {n1 n4 {"data_id":"c12_16","message":47,"msg_id":93,"seen_nodes":["n1","n0","n3","n4"],"type":"gossip"}}
2025/04/21 09:43:49 Received {n1 n4 {"already_seen":true,"in_reply_to":32,"msg_id":152,"seen_nodes":["n1","n0","n3","n4"],"type":"gossip_ok"}}
2025/04/21 09:43:49 Sent {"src":"n4","dest":"n1","body":{"already_seen":true,"in_reply_to":93,"msg_id":97,"seen_nodes":["n4","n3","n0","n1"],"type":"gossip_ok"}}
2025/04/21 09:43:49 Received {c13 n4 {"type":"broadcast","message":48,"msg_id":16}}
2025/04/21 09:43:49 Sent {"src":"n4","dest":"n1","body":{"data_id":"c13_16","message":48,"msg_id":33,"seen_nodes":["n4","n1"],"type":"gossip"}}
2025/04/21 09:43:49 Sent {"src":"n4","dest":"n3","body":{"data_id":"c13_16","message":48,"msg_id":34,"seen_nodes":["n4","n1","n3"],"type":"gossip"}}
2025/04/21 09:43:49 Sent {"src":"n4","dest":"c13","body":{"in_reply_to":16,"msg_id":100,"type":"broadcast_ok"}}
2025/04/21 09:43:49 Received {n3 n4 {"already_seen":false,"in_reply_to":34,"msg_id":60,"seen_nodes":["n3","n4","n1","n0"],"type":"gossip_ok"}}
2025/04/21 09:43:49 Received {n1 n4 {"already_seen":false,"in_reply_to":33,"msg_id":157,"seen_nodes":["n1","n4","n2","n0"],"type":"gossip_ok"}}
2025/04/21 09:43:49 Received {n3 n4 {"data_id":"c14_32","message":49,"msg_id":27,"seen_nodes":["n3","n0","n4"],"type":"gossip"}}
2025/04/21 09:43:49 Received {n1 n4 {"data_id":"c14_32","message":49,"msg_id":97,"seen_nodes":["n1","n0","n3","n4"],"type":"gossip"}}
2025/04/21 09:43:49 Sent {"src":"n4","dest":"n1","body":{"already_seen":true,"in_reply_to":97,"msg_id":102,"seen_nodes":["n4","n3","n0","n1"],"type":"gossip_ok"}}
2025/04/21 09:43:49 Sent {"src":"n4","dest":"n1","body":{"data_id":"c14_32","message":49,"msg_id":35,"seen_nodes":["n4","n3","n0","n1"],"type":"gossip"}}
2025/04/21 09:43:49 Sent {"src":"n4","dest":"n3","body":{"already_seen":false,"in_reply_to":27,"msg_id":103,"seen_nodes":["n4","n3","n0","n1"],"type":"gossip_ok"}}
2025/04/21 09:43:49 Received {n1 n4 {"already_seen":true,"in_reply_to":35,"msg_id":161,"seen_nodes":["n1","n0","n3","n4","n2"],"type":"gossip_ok"}}
2025/04/21 09:43:49 Received {n1 n4 {"data_id":"c10_17","message":50,"msg_id":99,"seen_nodes":["n1","n4"],"type":"gossip"}}
2025/04/21 09:43:49 Sent {"src":"n4","dest":"n3","body":{"data_id":"c10_17","message":50,"msg_id":36,"seen_nodes":["n4","n1","n3"],"type":"gossip"}}
2025/04/21 09:43:49 Sent {"src":"n4","dest":"n1","body":{"already_seen":false,"in_reply_to":99,"msg_id":105,"seen_nodes":["n4","n1","n3"],"type":"gossip_ok"}}
2025/04/21 09:43:49 Received {n3 n4 {"already_seen":false,"in_reply_to":36,"msg_id":65,"seen_nodes":["n3","n4","n1","n0"],"type":"gossip_ok"}}
2025/04/21 09:43:49 Received {c13 n4 {"type":"broadcast","message":51,"msg_id":17}}
2025/04/21 09:43:49 Sent {"src":"n4","dest":"n1","body":{"data_id":"c13_17","message":51,"msg_id":37,"seen_nodes":["n4","n1"],"type":"gossip"}}
2025/04/21 09:43:49 Sent {"src":"n4","dest":"n3","body":{"data_id":"c13_17","message":51,"msg_id":38,"seen_nodes":["n4","n1","n3"],"type":"gossip"}}
2025/04/21 09:43:49 Sent {"src":"n4","dest":"c13","body":{"in_reply_to":17,"msg_id":108,"type":"broadcast_ok"}}
2025/04/21 09:43:49 Received {n3 n4 {"already_seen":false,"in_reply_to":38,"msg_id":68,"seen_nodes":["n3","n4","n1","n0"],"type":"gossip_ok"}}
2025/04/21 09:43:49 Received {n1 n4 {"already_seen":false,"in_reply_to":37,"msg_id":168,"seen_nodes":["n1","n4","n2","n0"],"type":"gossip_ok"}}
2025/04/21 09:43:50 Received {n3 n4 {"data_id":"c14_33","message":52,"msg_id":30,"seen_nodes":["n3","n0","n4"],"type":"gossip"}}
2025/04/21 09:43:50 Received {n1 n4 {"data_id":"c14_33","message":52,"msg_id":104,"seen_nodes":["n1","n0","n3","n4"],"type":"gossip"}}
2025/04/21 09:43:50 Sent {"src":"n4","dest":"n1","body":{"data_id":"c14_33","message":52,"msg_id":39,"seen_nodes":["n4","n3","n0","n1"],"type":"gossip"}}
2025/04/21 09:43:50 Sent {"src":"n4","dest":"n1","body":{"already_seen":true,"in_reply_to":104,"msg_id":110,"seen_nodes":["n4","n3","n0","n1"],"type":"gossip_ok"}}
2025/04/21 09:43:50 Sent {"src":"n4","dest":"n3","body":{"already_seen":false,"in_reply_to":30,"msg_id":111,"seen_nodes":["n4","n3","n0","n1"],"type":"gossip_ok"}}
2025/04/21 09:43:50 Received {n1 n4 {"already_seen":true,"in_reply_to":39,"msg_id":172,"seen_nodes":["n1","n0","n3","n4","n2"],"type":"gossip_ok"}}
2025/04/21 09:43:50 Received {n3 n4 {"data_id":"c14_34","message":53,"msg_id":31,"seen_nodes":["n3","n0","n4"],"type":"gossip"}}
2025/04/21 09:43:50 Received {n1 n4 {"data_id":"c14_34","message":53,"msg_id":106,"seen_nodes":["n1","n0","n3","n4"],"type":"gossip"}}
2025/04/21 09:43:50 Sent {"src":"n4","dest":"n1","body":{"data_id":"c14_34","message":53,"msg_id":40,"seen_nodes":["n4","n3","n0","n1"],"type":"gossip"}}
2025/04/21 09:43:50 Sent {"src":"n4","dest":"n1","body":{"already_seen":true,"in_reply_to":106,"msg_id":113,"seen_nodes":["n4","n3","n0","n1"],"type":"gossip_ok"}}
2025/04/21 09:43:50 Sent {"src":"n4","dest":"n3","body":{"already_seen":false,"in_reply_to":31,"msg_id":114,"seen_nodes":["n4","n3","n0","n1"],"type":"gossip_ok"}}
2025/04/21 09:43:50 Received {n1 n4 {"already_seen":true,"in_reply_to":40,"msg_id":176,"seen_nodes":["n1","n0","n3","n4","n2"],"type":"gossip_ok"}}
2025/04/21 09:43:50 Received {n1 n4 {"data_id":"c10_18","message":54,"msg_id":108,"seen_nodes":["n1","n4"],"type":"gossip"}}
2025/04/21 09:43:50 Sent {"src":"n4","dest":"n3","body":{"data_id":"c10_18","message":54,"msg_id":41,"seen_nodes":["n4","n1","n3"],"type":"gossip"}}
2025/04/21 09:43:50 Sent {"src":"n4","dest":"n1","body":{"already_seen":false,"in_reply_to":108,"msg_id":116,"seen_nodes":["n4","n1","n3"],"type":"gossip_ok"}}
2025/04/21 09:43:50 Received {n3 n4 {"already_seen":false,"in_reply_to":41,"msg_id":74,"seen_nodes":["n3","n4","n1","n0"],"type":"gossip_ok"}}
2025/04/21 09:43:50 Received {n1 n4 {"data_id":"c11_17","message":55,"msg_id":111,"seen_nodes":["n1","n2","n4"],"type":"gossip"}}
2025/04/21 09:43:50 Sent {"src":"n4","dest":"n3","body":{"data_id":"c11_17","message":55,"msg_id":42,"seen_nodes":["n4","n1","n2","n3"],"type":"gossip"}}
2025/04/21 09:43:50 Sent {"src":"n4","dest":"n1","body":{"already_seen":false,"in_reply_to":111,"msg_id":118,"seen_nodes":["n4","n1","n2","n3"],"type":"gossip_ok"}}
2025/04/21 09:43:50 Received {n3 n4 {"already_seen":false,"in_reply_to":42,"msg_id":78,"seen_nodes":["n3","n4","n1","n2","n0"],"type":"gossip_ok"}}
2025/04/21 09:43:50 Received {c13 n4 {"type":"broadcast","message":56,"msg_id":18}}
2025/04/21 09:43:50 Sent {"src":"n4","dest":"n1","body":{"data_id":"c13_18","message":56,"msg_id":43,"seen_nodes":["n4","n1"],"type":"gossip"}}
2025/04/21 09:43:50 Sent {"src":"n4","dest":"n3","body":{"data_id":"c13_18","message":56,"msg_id":44,"seen_nodes":["n4","n1","n3"],"type":"gossip"}}
2025/04/21 09:43:50 Sent {"src":"n4","dest":"c13","body":{"in_reply_to":18,"msg_id":121,"type":"broadcast_ok"}}
2025/04/21 09:43:50 Received {n3 n4 {"already_seen":false,"in_reply_to":44,"msg_id":81,"seen_nodes":["n3","n4","n1","n0"],"type":"gossip_ok"}}
2025/04/21 09:43:50 Received {n1 n4 {"already_seen":false,"in_reply_to":43,"msg_id":186,"seen_nodes":["n1","n4","n2","n0"],"type":"gossip_ok"}}
2025/04/21 09:43:50 Received {n1 n4 {"data_id":"c10_19","message":57,"msg_id":115,"seen_nodes":["n1","n4"],"type":"gossip"}}
2025/04/21 09:43:50 Sent {"src":"n4","dest":"n3","body":{"data_id":"c10_19","message":57,"msg_id":45,"seen_nodes":["n4","n1","n3"],"type":"gossip"}}
2025/04/21 09:43:50 Sent {"src":"n4","dest":"n1","body":{"already_seen":false,"in_reply_to":115,"msg_id":123,"seen_nodes":["n4","n1","n3"],"type":"gossip_ok"}}
2025/04/21 09:43:50 Received {n3 n4 {"already_seen":false,"in_reply_to":45,"msg_id":84,"seen_nodes":["n3","n4","n1","n0"],"type":"gossip_ok"}}
2025/04/21 09:43:50 Received {n3 n4 {"data_id":"c12_19","message":58,"msg_id":37,"seen_nodes":["n3","n0","n4"],"type":"gossip"}}
2025/04/21 09:43:50 Sent {"src":"n4","dest":"n1","body":{"data_id":"c12_19","message":58,"msg_id":46,"seen_nodes":["n4","n3","n0","n1"],"type":"gossip"}}
2025/04/21 09:43:50 Sent {"src":"n4","dest":"n3","body":{"already_seen":false,"in_reply_to":37,"msg_id":125,"seen_nodes":["n4","n3","n0","n1"],"type":"gossip_ok"}}
2025/04/21 09:43:50 Received {n1 n4 {"data_id":"c12_19","message":58,"msg_id":118,"seen_nodes":["n1","n0","n3","n4"],"type":"gossip"}}
2025/04/21 09:43:50 Received {n1 n4 {"already_seen":true,"in_reply_to":46,"msg_id":192,"seen_nodes":["n1","n0","n3","n4"],"type":"gossip_ok"}}
2025/04/21 09:43:50 Sent {"src":"n4","dest":"n1","body":{"already_seen":true,"in_reply_to":118,"msg_id":126,"seen_nodes":["n4","n3","n0","n1"],"type":"gossip_ok"}}
2025/04/21 09:43:50 Received {c13 n4 {"type":"broadcast","message":59,"msg_id":19}}
2025/04/21 09:43:50 Sent {"src":"n4","dest":"n1","body":{"data_id":"c13_19","message":59,"msg_id":47,"seen_nodes":["n4","n1"],"type":"gossip"}}
2025/04/21 09:43:50 Sent {"src":"n4","dest":"n3","body":{"data_id":"c13_19","message":59,"msg_id":48,"seen_nodes":["n4","n1","n3"],"type":"gossip"}}
2025/04/21 09:43:50 Sent {"src":"n4","dest":"c13","body":{"in_reply_to":19,"msg_id":129,"type":"broadcast_ok"}}
2025/04/21 09:43:50 Received {n3 n4 {"already_seen":false,"in_reply_to":48,"msg_id":89,"seen_nodes":["n3","n4","n1","n0"],"type":"gossip_ok"}}
2025/04/21 09:43:50 Received {n1 n4 {"already_seen":false,"in_reply_to":47,"msg_id":197,"seen_nodes":["n1","n4","n2","n0"],"type":"gossip_ok"}}
2025/04/21 09:43:50 Received {n3 n4 {"data_id":"c14_37","message":60,"msg_id":39,"seen_nodes":["n3","n0","n4"],"type":"gossip"}}
2025/04/21 09:43:50 Received {n1 n4 {"data_id":"c14_37","message":60,"msg_id":122,"seen_nodes":["n1","n0","n3","n4"],"type":"gossip"}}
2025/04/21 09:43:50 Sent {"src":"n4","dest":"n1","body":{"data_id":"c14_37","message":60,"msg_id":49,"seen_nodes":["n4","n3","n0","n1"],"type":"gossip"}}
2025/04/21 09:43:50 Sent {"src":"n4","dest":"n1","body":{"already_seen":true,"in_reply_to":122,"msg_id":131,"seen_nodes":["n4","n3","n0","n1"],"type":"gossip_ok"}}
2025/04/21 09:43:50 Sent {"src":"n4","dest":"n3","body":{"already_seen":false,"in_reply_to":39,"msg_id":132,"seen_nodes":["n4","n3","n0","n1"],"type":"gossip_ok"}}
2025/04/21 09:43:50 Received {n1 n4 {"already_seen":true,"in_reply_to":49,"msg_id":201,"seen_nodes":["n1","n0","n3","n4","n2"],"type":"gossip_ok"}}
2025/04/21 09:43:51 Received {n1 n4 {"data_id":"c10_20","message":61,"msg_id":124,"seen_nodes":["n1","n4"],"type":"gossip"}}
2025/04/21 09:43:51 Sent {"src":"n4","dest":"n3","body":{"data_id":"c10_20","message":61,"msg_id":50,"seen_nodes":["n4","n1","n3"],"type":"gossip"}}
2025/04/21 09:43:51 Sent {"src":"n4","dest":"n1","body":{"already_seen":false,"in_reply_to":124,"msg_id":134,"seen_nodes":["n4","n1","n3"],"type":"gossip_ok"}}
2025/04/21 09:43:51 Received {n3 n4 {"already_seen":false,"in_reply_to":50,"msg_id":94,"seen_nodes":["n3","n4","n1","n0"],"type":"gossip_ok"}}
2025/04/21 09:43:51 Received {n1 n4 {"data_id":"c11_19","message":62,"msg_id":127,"seen_nodes":["n1","n2","n4"],"type":"gossip"}}
2025/04/21 09:43:51 Sent {"src":"n4","dest":"n3","body":{"data_id":"c11_19","message":62,"msg_id":51,"seen_nodes":["n4","n1","n2","n3"],"type":"gossip"}}
2025/04/21 09:43:51 Sent {"src":"n4","dest":"n1","body":{"already_seen":false,"in_reply_to":127,"msg_id":136,"seen_nodes":["n4","n1","n2","n3"],"type":"gossip_ok"}}
2025/04/21 09:43:51 Received {n3 n4 {"already_seen":false,"in_reply_to":51,"msg_id":97,"seen_nodes":["n3","n4","n1","n2","n0"],"type":"gossip_ok"}}
2025/04/21 09:43:51 Received {c13 n4 {"type":"broadcast","message":63,"msg_id":20}}
2025/04/21 09:43:51 Sent {"src":"n4","dest":"n1","body":{"data_id":"c13_20","message":63,"msg_id":52,"seen_nodes":["n4","n1"],"type":"gossip"}}
2025/04/21 09:43:51 Sent {"src":"n4","dest":"n3","body":{"data_id":"c13_20","message":63,"msg_id":53,"seen_nodes":["n4","n1","n3"],"type":"gossip"}}
2025/04/21 09:43:51 Sent {"src":"n4","dest":"c13","body":{"in_reply_to":20,"msg_id":139,"type":"broadcast_ok"}}
2025/04/21 09:43:51 Received {n1 n4 {"already_seen":false,"in_reply_to":52,"msg_id":211,"seen_nodes":["n1","n4","n2","n0"],"type":"gossip_ok"}}
2025/04/21 09:43:51 Received {n3 n4 {"already_seen":false,"in_reply_to":53,"msg_id":100,"seen_nodes":["n3","n4","n1","n0"],"type":"gossip_ok"}}
2025/04/21 09:43:51 Received {n3 n4 {"data_id":"c14_39","message":64,"msg_id":43,"seen_nodes":["n3","n0","n4"],"type":"gossip"}}
2025/04/21 09:43:51 Received {n1 n4 {"data_id":"c14_39","message":64,"msg_id":131,"seen_nodes":["n1","n0","n3","n4"],"type":"gossip"}}
2025/04/21 09:43:51 Sent {"src":"n4","dest":"n1","body":{"data_id":"c14_39","message":64,"msg_id":54,"seen_nodes":["n4","n3","n0","n1"],"type":"gossip"}}
2025/04/21 09:43:51 Sent {"src":"n4","dest":"n1","body":{"already_seen":true,"in_reply_to":131,"msg_id":141,"seen_nodes":["n4","n3","n0","n1"],"type":"gossip_ok"}}
2025/04/21 09:43:51 Sent {"src":"n4","dest":"n3","body":{"already_seen":false,"in_reply_to":43,"msg_id":142,"seen_nodes":["n4","n3","n0","n1"],"type":"gossip_ok"}}
2025/04/21 09:43:51 Received {n1 n4 {"already_seen":true,"in_reply_to":54,"msg_id":215,"seen_nodes":["n1","n0","n3","n4","n2"],"type":"gossip_ok"}}
2025/04/21 09:43:51 Received {n3 n4 {"data_id":"c14_40","message":65,"msg_id":44,"seen_nodes":["n3","n0","n4"],"type":"gossip"}}
2025/04/21 09:43:51 Received {n1 n4 {"data_id":"c14_40","message":65,"msg_id":133,"seen_nodes":["n1","n0","n3","n4"],"type":"gossip"}}
2025/04/21 09:43:51 Sent {"src":"n4","dest":"n1","body":{"data_id":"c14_40","message":65,"msg_id":55,"seen_nodes":["n4","n3","n0","n1"],"type":"gossip"}}
2025/04/21 09:43:51 Sent {"src":"n4","dest":"n3","body":{"already_seen":false,"in_reply_to":44,"msg_id":145,"seen_nodes":["n4","n3","n0","n1"],"type":"gossip_ok"}}
2025/04/21 09:43:51 Sent {"src":"n4","dest":"n1","body":{"already_seen":true,"in_reply_to":133,"msg_id":144,"seen_nodes":["n4","n3","n0","n1"],"type":"gossip_ok"}}
2025/04/21 09:43:51 Received {n1 n4 {"already_seen":true,"in_reply_to":55,"msg_id":219,"seen_nodes":["n1","n0","n3","n4","n2"],"type":"gossip_ok"}}
2025/04/21 09:43:52 Received {n1 n4 {"data_id":"c11_20","message":66,"msg_id":135,"seen_nodes":["n1","n2","n4"],"type":"gossip"}}
2025/04/21 09:43:52 Sent {"src":"n4","dest":"n3","body":{"data_id":"c11_20","message":66,"msg_id":56,"seen_nodes":["n4","n1","n2","n3"],"type":"gossip"}}
2025/04/21 09:43:52 Sent {"src":"n4","dest":"n1","body":{"already_seen":false,"in_reply_to":135,"msg_id":147,"seen_nodes":["n4","n1","n2","n3"],"type":"gossip_ok"}}
2025/04/21 09:43:52 Received {n3 n4 {"already_seen":false,"in_reply_to":56,"msg_id":108,"seen_nodes":["n3","n4","n1","n2","n0"],"type":"gossip_ok"}}
2025/04/21 09:43:52 Received {n3 n4 {"data_id":"c12_21","message":67,"msg_id":47,"seen_nodes":["n3","n0","n4"],"type":"gossip"}}
2025/04/21 09:43:52 Sent {"src":"n4","dest":"n1","body":{"data_id":"c12_21","message":67,"msg_id":57,"seen_nodes":["n4","n3","n0","n1"],"type":"gossip"}}
2025/04/21 09:43:52 Sent {"src":"n4","dest":"n3","body":{"already_seen":false,"in_reply_to":47,"msg_id":149,"seen_nodes":["n4","n3","n0","n1"],"type":"gossip_ok"}}
2025/04/21 09:43:52 Received {n1 n4 {"already_seen":false,"in_reply_to":57,"msg_id":226,"seen_nodes":["n1","n4","n3","n0","n2"],"type":"gossip_ok"}}
2025/04/21 09:43:52 Received {c13 n4 {"type":"read","msg_id":21}}
2025/04/21 09:43:52 Sent {"src":"n4","dest":"c13","body":{"in_reply_to":21,"messages":[65,22,60,42,53,7,25,30,34,47,61,20,23,62,18,21,8,32,36,39,54,67,3,6,35,66,11,33,43,51,15,17,55,50,52,16,44,38,41,58,9,31,49,56,59,63,12,29,40,13,24,4,37,46,57,0,2,48,10,45,28,64],"msg_id":150,"type":"read_ok"}}
2025/04/21 09:43:52 Received {n3 n4 {"data_id":"c14_42","message":68,"msg_id":48,"seen_nodes":["n3","n0","n4"],"type":"gossip"}}
2025/04/21 09:43:52 Received {n1 n4 {"data_id":"c14_42","message":68,"msg_id":138,"seen_nodes":["n1","n0","n3","n4"],"type":"gossip"}}
2025/04/21 09:43:52 Sent {"src":"n4","dest":"n1","body":{"data_id":"c14_42","message":68,"msg_id":58,"seen_nodes":["n4","n3","n0","n1"],"type":"gossip"}}
2025/04/21 09:43:52 Sent {"src":"n4","dest":"n3","body":{"already_seen":false,"in_reply_to":48,"msg_id":153,"seen_nodes":["n4","n3","n0","n1"],"type":"gossip_ok"}}
2025/04/21 09:43:52 Sent {"src":"n4","dest":"n1","body":{"already_seen":true,"in_reply_to":138,"msg_id":152,"seen_nodes":["n4","n3","n0","n1"],"type":"gossip_ok"}}
2025/04/21 09:43:52 Received {n1 n4 {"already_seen":true,"in_reply_to":58,"msg_id":230,"seen_nodes":["n1","n0","n3","n4","n2"],"type":"gossip_ok"}}
2025/04/21 09:43:52 Received {n1 n4 {"data_id":"c11_21","message":69,"msg_id":140,"seen_nodes":["n1","n2","n4"],"type":"gossip"}}
2025/04/21 09:43:52 Sent {"src":"n4","dest":"n3","body":{"data_id":"c11_21","message":69,"msg_id":59,"seen_nodes":["n4","n1","n2","n3"],"type":"gossip"}}
2025/04/21 09:43:52 Sent {"src":"n4","dest":"n1","body":{"already_seen":false,"in_reply_to":140,"msg_id":155,"seen_nodes":["n4","n1","n2","n3"],"type":"gossip_ok"}}
2025/04/21 09:43:52 Received {n3 n4 {"already_seen":false,"in_reply_to":59,"msg_id":116,"seen_nodes":["n3","n4","n1","n2","n0"],"type":"gossip_ok"}}
2025/04/21 09:43:53 Received {c13 n4 {"type":"read","msg_id":22}}
2025/04/21 09:43:53 Sent {"src":"n4","dest":"c13","body":{"in_reply_to":22,"messages":[11,33,35,66,15,17,43,51,50,52,55,16,44,9,31,38,41,58,49,12,29,56,59,63,13,24,40,0,2,4,37,46,57,10,45,48,28,64,22,60,65,7,25,42,53,20,23,30,34,47,61,18,21,62,67,3,6,8,32,36,39,54,68,69],"msg_id":156,"type":"read_ok"}}
2025/04/21 09:43:53 Received {n3 n4 {"data_id":"c14_43","message":70,"msg_id":50,"seen_nodes":["n3","n0","n4"],"type":"gossip"}}
2025/04/21 09:43:53 Received {n1 n4 {"data_id":"c14_43","message":70,"msg_id":142,"seen_nodes":["n1","n0","n3","n4"],"type":"gossip"}}
2025/04/21 09:43:53 Sent {"src":"n4","dest":"n1","body":{"data_id":"c14_43","message":70,"msg_id":60,"seen_nodes":["n4","n3","n0","n1"],"type":"gossip"}}
2025/04/21 09:43:53 Sent {"src":"n4","dest":"n1","body":{"already_seen":true,"in_reply_to":142,"msg_id":158,"seen_nodes":["n4","n3","n0","n1"],"type":"gossip_ok"}}
2025/04/21 09:43:53 Sent {"src":"n4","dest":"n3","body":{"already_seen":false,"in_reply_to":50,"msg_id":159,"seen_nodes":["n4","n3","n0","n1"],"type":"gossip_ok"}}
2025/04/21 09:43:53 Received {n1 n4 {"already_seen":true,"in_reply_to":60,"msg_id":238,"seen_nodes":["n1","n0","n3","n4","n2"],"type":"gossip_ok"}}
2025/04/21 09:43:53 Received {n3 n4 {"data_id":"c14_44","message":71,"msg_id":51,"seen_nodes":["n3","n0","n4"],"type":"gossip"}}
2025/04/21 09:43:53 Received {n1 n4 {"data_id":"c14_44","message":71,"msg_id":144,"seen_nodes":["n1","n0","n3","n4"],"type":"gossip"}}
2025/04/21 09:43:53 Sent {"src":"n4","dest":"n1","body":{"data_id":"c14_44","message":71,"msg_id":61,"seen_nodes":["n4","n3","n0","n1"],"type":"gossip"}}
2025/04/21 09:43:53 Sent {"src":"n4","dest":"n1","body":{"already_seen":true,"in_reply_to":144,"msg_id":161,"seen_nodes":["n4","n3","n0","n1"],"type":"gossip_ok"}}
2025/04/21 09:43:53 Sent {"src":"n4","dest":"n3","body":{"already_seen":false,"in_reply_to":51,"msg_id":162,"seen_nodes":["n4","n3","n0","n1"],"type":"gossip_ok"}}
2025/04/21 09:43:53 Received {n1 n4 {"already_seen":true,"in_reply_to":61,"msg_id":242,"seen_nodes":["n1","n0","n3","n4","n2"],"type":"gossip_ok"}}
2025/04/21 09:43:53 Received {n1 n4 {"data_id":"c11_22","message":72,"msg_id":146,"seen_nodes":["n1","n2","n4"],"type":"gossip"}}
2025/04/21 09:43:53 Sent {"src":"n4","dest":"n3","body":{"data_id":"c11_22","message":72,"msg_id":62,"seen_nodes":["n4","n1","n2","n3"],"type":"gossip"}}
2025/04/21 09:43:53 Sent {"src":"n4","dest":"n1","body":{"already_seen":false,"in_reply_to":146,"msg_id":164,"seen_nodes":["n4","n1","n2","n3"],"type":"gossip_ok"}}
2025/04/21 09:43:53 Received {n3 n4 {"already_seen":false,"in_reply_to":62,"msg_id":123,"seen_nodes":["n3","n4","n1","n2","n0"],"type":"gossip_ok"}}
2025/04/21 09:43:53 Received {n3 n4 {"data_id":"c12_23","message":73,"msg_id":54,"seen_nodes":["n3","n0","n4"],"type":"gossip"}}
2025/04/21 09:43:53 Sent {"src":"n4","dest":"n1","body":{"data_id":"c12_23","message":73,"msg_id":63,"seen_nodes":["n4","n3","n0","n1"],"type":"gossip"}}
2025/04/21 09:43:53 Sent {"src":"n4","dest":"n3","body":{"already_seen":false,"in_reply_to":54,"msg_id":166,"seen_nodes":["n4","n3","n0","n1"],"type":"gossip_ok"}}
2025/04/21 09:43:53 Received {n1 n4 {"already_seen":true,"in_reply_to":63,"msg_id":248,"seen_nodes":["n1","n0","n3","n4"],"type":"gossip_ok"}}
2025/04/21 09:43:53 Received {n1 n4 {"data_id":"c12_23","message":73,"msg_id":148,"seen_nodes":["n1","n0","n3","n4"],"type":"gossip"}}
2025/04/21 09:43:53 Sent {"src":"n4","dest":"n1","body":{"already_seen":true,"in_reply_to":148,"msg_id":167,"seen_nodes":["n4","n3","n0","n1"],"type":"gossip_ok"}}
2025/04/21 09:43:53 Received {c13 n4 {"type":"broadcast","message":74,"msg_id":23}}
2025/04/21 09:43:53 Sent {"src":"n4","dest":"n1","body":{"data_id":"c13_23","message":74,"msg_id":64,"seen_nodes":["n4","n1"],"type":"gossip"}}
2025/04/21 09:43:53 Sent {"src":"n4","dest":"n3","body":{"data_id":"c13_23","message":74,"msg_id":65,"seen_nodes":["n4","n1","n3"],"type":"gossip"}}
2025/04/21 09:43:53 Sent {"src":"n4","dest":"c13","body":{"in_reply_to":23,"msg_id":170,"type":"broadcast_ok"}}
2025/04/21 09:43:53 Received {n3 n4 {"already_seen":false,"in_reply_to":65,"msg_id":129,"seen_nodes":["n3","n4","n1","n0"],"type":"gossip_ok"}}
2025/04/21 09:43:53 Received {n1 n4 {"already_seen":false,"in_reply_to":64,"msg_id":253,"seen_nodes":["n1","n4","n2","n0"],"type":"gossip_ok"}}
2025/04/21 09:43:54 Received {n3 n4 {"data_id":"c14_46","message":75,"msg_id":56,"seen_nodes":["n3","n0","n4"],"type":"gossip"}}
2025/04/21 09:43:54 Received {n1 n4 {"data_id":"c14_46","message":75,"msg_id":152,"seen_nodes":["n1","n0","n3","n4"],"type":"gossip"}}
2025/04/21 09:43:54 Sent {"src":"n4","dest":"n1","body":{"data_id":"c14_46","message":75,"msg_id":66,"seen_nodes":["n4","n3","n0","n1"],"type":"gossip"}}
2025/04/21 09:43:54 Sent {"src":"n4","dest":"n3","body":{"already_seen":false,"in_reply_to":56,"msg_id":172,"seen_nodes":["n4","n3","n0","n1"],"type":"gossip_ok"}}
2025/04/21 09:43:54 Sent {"src":"n4","dest":"n1","body":{"already_seen":true,"in_reply_to":152,"msg_id":173,"seen_nodes":["n4","n3","n0","n1"],"type":"gossip_ok"}}
2025/04/21 09:43:54 Received {n1 n4 {"already_seen":true,"in_reply_to":66,"msg_id":257,"seen_nodes":["n1","n0","n3","n4","n2"],"type":"gossip_ok"}}
2025/04/21 09:43:54 Received {n1 n4 {"data_id":"c10_24","message":76,"msg_id":154,"seen_nodes":["n1","n4"],"type":"gossip"}}
2025/04/21 09:43:54 Sent {"src":"n4","dest":"n3","body":{"data_id":"c10_24","message":76,"msg_id":67,"seen_nodes":["n4","n1","n3"],"type":"gossip"}}
2025/04/21 09:43:54 Sent {"src":"n4","dest":"n1","body":{"already_seen":false,"in_reply_to":154,"msg_id":175,"seen_nodes":["n4","n1","n3"],"type":"gossip_ok"}}
2025/04/21 09:43:54 Received {n3 n4 {"already_seen":false,"in_reply_to":67,"msg_id":134,"seen_nodes":["n3","n4","n1","n0"],"type":"gossip_ok"}}
2025/04/21 09:43:54 Received {c13 n4 {"type":"read","msg_id":24}}
2025/04/21 09:43:54 Sent {"src":"n4","dest":"c13","body":{"in_reply_to":24,"messages":[34,47,61,20,23,30,18,21,62,32,36,39,54,67,3,6,8,68,69,66,75,11,33,35,51,15,17,43,50,52,55,16,44,73,41,58,9,31,38,49,76,59,63,12,29,56,13,24,40,37,46,57,0,2,4,70,72,74,10,45,48,28,64,71,22,60,65,53,7,25,42],"msg_id":176,"type":"read_ok"}}
2025/04/21 09:43:54 Received {n3 n4 {"data_id":"c14_47","message":77,"msg_id":58,"seen_nodes":["n3","n0","n4"],"type":"gossip"}}
2025/04/21 09:43:54 Received {n1 n4 {"data_id":"c14_47","message":77,"msg_id":157,"seen_nodes":["n1","n0","n3","n4"],"type":"gossip"}}
2025/04/21 09:43:54 Sent {"src":"n4","dest":"n1","body":{"data_id":"c14_47","message":77,"msg_id":68,"seen_nodes":["n4","n3","n0","n1"],"type":"gossip"}}
2025/04/21 09:43:54 Sent {"src":"n4","dest":"n3","body":{"already_seen":false,"in_reply_to":58,"msg_id":179,"seen_nodes":["n4","n3","n0","n1"],"type":"gossip_ok"}}
2025/04/21 09:43:54 Sent {"src":"n4","dest":"n1","body":{"already_seen":true,"in_reply_to":157,"msg_id":178,"seen_nodes":["n4","n3","n0","n1"],"type":"gossip_ok"}}
2025/04/21 09:43:54 Received {n1 n4 {"already_seen":true,"in_reply_to":68,"msg_id":265,"seen_nodes":["n1","n0","n3","n4","n2"],"type":"gossip_ok"}}
2025/04/21 09:43:54 Received {n1 n4 {"data_id":"c11_24","message":78,"msg_id":159,"seen_nodes":["n1","n2","n4"],"type":"gossip"}}
2025/04/21 09:43:54 Sent {"src":"n4","dest":"n3","body":{"data_id":"c11_24","message":78,"msg_id":69,"seen_nodes":["n4","n1","n2","n3"],"type":"gossip"}}
2025/04/21 09:43:54 Sent {"src":"n4","dest":"n1","body":{"already_seen":false,"in_reply_to":159,"msg_id":181,"seen_nodes":["n4","n1","n2","n3"],"type":"gossip_ok"}}
2025/04/21 09:43:54 Received {n3 n4 {"already_seen":false,"in_reply_to":69,"msg_id":140,"seen_nodes":["n3","n4","n1","n2","n0"],"type":"gossip_ok"}}
2025/04/21 09:43:55 Received {n3 n4 {"data_id":"c12_25","message":79,"msg_id":61,"seen_nodes":["n3","n0","n4"],"type":"gossip"}}
2025/04/21 09:43:55 Sent {"src":"n4","dest":"n1","body":{"data_id":"c12_25","message":79,"msg_id":70,"seen_nodes":["n4","n3","n0","n1"],"type":"gossip"}}
2025/04/21 09:43:55 Sent {"src":"n4","dest":"n3","body":{"already_seen":false,"in_reply_to":61,"msg_id":183,"seen_nodes":["n4","n3","n0","n1"],"type":"gossip_ok"}}
2025/04/21 09:43:55 Received {n1 n4 {"already_seen":false,"in_reply_to":70,"msg_id":272,"seen_nodes":["n1","n4","n3","n0","n2"],"type":"gossip_ok"}}
2025/04/21 09:43:55 Received {c13 n4 {"type":"read","msg_id":25}}
2025/04/21 09:43:55 Sent {"src":"n4","dest":"c13","body":{"in_reply_to":25,"messages":[9,31,38,41,58,49,76,12,29,56,59,63,13,24,40,77,79,0,2,4,37,46,57,10,45,48,70,72,74,28,64,71,78,22,60,65,7,25,42,53,20,23,30,34,47,61,18,21,62,54,67,3,6,8,32,36,39,68,69,11,33,35,66,75,15,17,43,51,50,52,55,16,44,73],"msg_id":184,"type":"read_ok"}}
2025/04/21 09:43:55 Received {n3 n4 {"data_id":"c14_50","message":80,"msg_id":62,"seen_nodes":["n3","n0","n4"],"type":"gossip"}}
2025/04/21 09:43:55 Received {n1 n4 {"data_id":"c14_50","message":80,"msg_id":162,"seen_nodes":["n1","n0","n3","n4"],"type":"gossip"}}
2025/04/21 09:43:55 Sent {"src":"n4","dest":"n1","body":{"already_seen":false,"in_reply_to":162,"msg_id":186,"seen_nodes":["n4","n1","n0","n3"],"type":"gossip_ok"}}
2025/04/21 09:43:55 Sent {"src":"n4","dest":"n3","body":{"already_seen":true,"in_reply_to":62,"msg_id":185,"seen_nodes":["n4","n1","n0","n3"],"type":"gossip_ok"}}
2025/04/21 09:43:55 Received {n1 n4 {"data_id":"c11_25","message":81,"msg_id":164,"seen_nodes":["n1","n2","n4"],"type":"gossip"}}
2025/04/21 09:43:55 Sent {"src":"n4","dest":"n3","body":{"data_id":"c11_25","message":81,"msg_id":71,"seen_nodes":["n4","n1","n2","n3"],"type":"gossip"}}
2025/04/21 09:43:55 Sent {"src":"n4","dest":"n1","body":{"already_seen":false,"in_reply_to":164,"msg_id":188,"seen_nodes":["n4","n1","n2","n3"],"type":"gossip_ok"}}
2025/04/21 09:43:55 Received {n3 n4 {"already_seen":true,"in_reply_to":71,"msg_id":147,"seen_nodes":["n3","n0","n1","n2","n4"],"type":"gossip_ok"}}
2025/04/21 09:43:55 Received {c13 n4 {"type":"read","msg_id":26}}
2025/04/21 09:43:55 Sent {"src":"n4","dest":"c13","body":{"in_reply_to":26,"messages":[49,76,59,63,12,29,56,77,79,13,24,40,37,46,57,0,2,4,70,72,74,10,45,48,78,28,64,71,22,60,65,53,7,25,42,34,47,61,80,20,23,30,18,21,62,32,36,39,54,67,3,6,8,68,69,66,75,81,11,33,35,51,15,17,43,50,52,55,16,44,73,41,58,9,31,38],"msg_id":189,"type":"read_ok"}}
2025/04/21 09:43:56 Received {n1 n4 {"data_id":"c10_27","message":82,"msg_id":166,"seen_nodes":["n1","n4"],"type":"gossip"}}
2025/04/21 09:43:56 Sent {"src":"n4","dest":"n3","body":{"data_id":"c10_27","message":82,"msg_id":72,"seen_nodes":["n4","n1","n3"],"type":"gossip"}}
2025/04/21 09:43:56 Sent {"src":"n4","dest":"n1","body":{"already_seen":false,"in_reply_to":166,"msg_id":191,"seen_nodes":["n4","n1","n3"],"type":"gossip_ok"}}
2025/04/21 09:43:56 Received {n3 n4 {"already_seen":true,"in_reply_to":72,"msg_id":150,"seen_nodes":["n3","n0","n1","n4","n2"],"type":"gossip_ok"}}
2025/04/21 09:43:56 Received {n1 n4 {"data_id":"c11_26","message":83,"msg_id":169,"seen_nodes":["n1","n2","n4"],"type":"gossip"}}
2025/04/21 09:43:56 Sent {"src":"n4","dest":"n3","body":{"data_id":"c11_26","message":83,"msg_id":73,"seen_nodes":["n4","n1","n2","n3"],"type":"gossip"}}
2025/04/21 09:43:56 Sent {"src":"n4","dest":"n1","body":{"already_seen":false,"in_reply_to":169,"msg_id":193,"seen_nodes":["n4","n1","n2","n3"],"type":"gossip_ok"}}
2025/04/21 09:43:56 Received {n3 n4 {"already_seen":false,"in_reply_to":73,"msg_id":153,"seen_nodes":["n3","n4","n1","n2","n0"],"type":"gossip_ok"}}
2025/04/21 09:43:56 Received {c13 n4 {"type":"broadcast","message":84,"msg_id":27}}
2025/04/21 09:43:56 Sent {"src":"n4","dest":"n1","body":{"data_id":"c13_27","message":84,"msg_id":74,"seen_nodes":["n4","n1"],"type":"gossip"}}
2025/04/21 09:43:56 Sent {"src":"n4","dest":"n3","body":{"data_id":"c13_27","message":84,"msg_id":75,"seen_nodes":["n4","n1","n3"],"type":"gossip"}}
2025/04/21 09:43:56 Sent {"src":"n4","dest":"c13","body":{"in_reply_to":27,"msg_id":196,"type":"broadcast_ok"}}
2025/04/21 09:43:56 Received {n3 n4 {"already_seen":false,"in_reply_to":75,"msg_id":156,"seen_nodes":["n3","n4","n1","n0"],"type":"gossip_ok"}}
2025/04/21 09:43:56 Received {n1 n4 {"already_seen":false,"in_reply_to":74,"msg_id":289,"seen_nodes":["n1","n4","n2","n0"],"type":"gossip_ok"}}
2025/04/21 09:43:56 Received {n1 n4 {"data_id":"c14_54","message":85,"msg_id":173,"seen_nodes":["n1","n0","n3","n4"],"type":"gossip"}}
2025/04/21 09:43:56 Received {n3 n4 {"data_id":"c14_54","message":85,"msg_id":65,"seen_nodes":["n3","n0","n4"],"type":"gossip"}}
2025/04/21 09:43:56 Sent {"src":"n4","dest":"n1","body":{"already_seen":false,"in_reply_to":173,"msg_id":197,"seen_nodes":["n4","n1","n0","n3"],"type":"gossip_ok"}}
2025/04/21 09:43:56 Sent {"src":"n4","dest":"n3","body":{"already_seen":true,"in_reply_to":65,"msg_id":198,"seen_nodes":["n4","n1","n0","n3"],"type":"gossip_ok"}}
2025/04/21 09:43:56 Received {n1 n4 {"data_id":"c10_28","message":86,"msg_id":175,"seen_nodes":["n1","n4"],"type":"gossip"}}
2025/04/21 09:43:56 Sent {"src":"n4","dest":"n3","body":{"data_id":"c10_28","message":86,"msg_id":76,"seen_nodes":["n4","n1","n3"],"type":"gossip"}}
2025/04/21 09:43:56 Sent {"src":"n4","dest":"n1","body":{"already_seen":false,"in_reply_to":175,"msg_id":200,"seen_nodes":["n4","n1","n3"],"type":"gossip_ok"}}
2025/04/21 09:43:56 Received {n3 n4 {"already_seen":false,"in_reply_to":76,"msg_id":161,"seen_nodes":["n3","n4","n1","n0"],"type":"gossip_ok"}}
2025/04/21 09:43:56 Received {n1 n4 {"data_id":"c11_27","message":87,"msg_id":178,"seen_nodes":["n1","n2","n4"],"type":"gossip"}}
2025/04/21 09:43:56 Sent {"src":"n4","dest":"n3","body":{"data_id":"c11_27","message":87,"msg_id":77,"seen_nodes":["n4","n1","n2","n3"],"type":"gossip"}}
2025/04/21 09:43:56 Sent {"src":"n4","dest":"n1","body":{"already_seen":false,"in_reply_to":178,"msg_id":202,"seen_nodes":["n4","n1","n2","n3"],"type":"gossip_ok"}}
2025/04/21 09:43:56 Received {n3 n4 {"already_seen":false,"in_reply_to":77,"msg_id":164,"seen_nodes":["n3","n4","n1","n2","n0"],"type":"gossip_ok"}}
2025/04/21 09:43:56 Received {n3 n4 {"data_id":"c12_28","message":88,"msg_id":69,"seen_nodes":["n3","n0","n4"],"type":"gossip"}}
2025/04/21 09:43:56 Sent {"src":"n4","dest":"n1","body":{"data_id":"c12_28","message":88,"msg_id":78,"seen_nodes":["n4","n3","n0","n1"],"type":"gossip"}}
2025/04/21 09:43:56 Sent {"src":"n4","dest":"n3","body":{"already_seen":false,"in_reply_to":69,"msg_id":204,"seen_nodes":["n4","n3","n0","n1"],"type":"gossip_ok"}}
2025/04/21 09:43:56 Received {n1 n4 {"data_id":"c12_28","message":88,"msg_id":180,"seen_nodes":["n1","n0","n3","n4"],"type":"gossip"}}
2025/04/21 09:43:56 Received {n1 n4 {"already_seen":true,"in_reply_to":78,"msg_id":303,"seen_nodes":["n1","n0","n3","n4","n2"],"type":"gossip_ok"}}
2025/04/21 09:43:56 Sent {"src":"n4","dest":"n1","body":{"already_seen":true,"in_reply_to":180,"msg_id":205,"seen_nodes":["n4","n3","n0","n1","n2"],"type":"gossip_ok"}}
2025/04/21 09:43:56 Received {c13 n4 {"type":"read","msg_id":28}}
2025/04/21 09:43:56 Sent {"src":"n4","dest":"c13","body":{"in_reply_to":28,"messages":[34,47,61,80,88,20,23,30,83,18,21,62,32,36,39,54,67,3,6,8,68,69,85,66,75,81,11,33,35,51,15,17,43,84,50,52,55,16,44,73,41,58,87,9,31,38,49,76,59,63,12,29,56,77,79,13,24,40,37,46,57,0,2,4,70,72,74,10,45,48,78,86,28,64,71,82,22,60,65,53,7,25,42],"msg_id":206,"type":"read_ok"}}
2025/04/21 09:43:56 Received {n1 n4 {"data_id":"c14_56","message":89,"msg_id":182,"seen_nodes":["n1","n0","n3","n4"],"type":"gossip"}}
2025/04/21 09:43:56 Received {n3 n4 {"data_id":"c14_56","message":89,"msg_id":70,"seen_nodes":["n3","n0","n4"],"type":"gossip"}}
2025/04/21 09:43:56 Sent {"src":"n4","dest":"n1","body":{"data_id":"c14_56","message":89,"msg_id":79,"seen_nodes":["n4","n3","n0","n1"],"type":"gossip"}}
2025/04/21 09:43:56 Sent {"src":"n4","dest":"n3","body":{"already_seen":false,"in_reply_to":70,"msg_id":209,"seen_nodes":["n4","n3","n0","n1"],"type":"gossip_ok"}}
2025/04/21 09:43:56 Sent {"src":"n4","dest":"n1","body":{"already_seen":true,"in_reply_to":182,"msg_id":208,"seen_nodes":["n4","n3","n0","n1"],"type":"gossip_ok"}}
2025/04/21 09:43:56 Received {n1 n4 {"already_seen":true,"in_reply_to":79,"msg_id":307,"seen_nodes":["n1","n0","n3","n4","n2"],"type":"gossip_ok"}}
2025/04/21 09:43:57 Received {n1 n4 {"data_id":"c10_29","message":90,"msg_id":184,"seen_nodes":["n1","n4"],"type":"gossip"}}
2025/04/21 09:43:57 Sent {"src":"n4","dest":"n3","body":{"data_id":"c10_29","message":90,"msg_id":80,"seen_nodes":["n4","n1","n3"],"type":"gossip"}}
2025/04/21 09:43:57 Sent {"src":"n4","dest":"n1","body":{"already_seen":false,"in_reply_to":184,"msg_id":211,"seen_nodes":["n4","n1","n3"],"type":"gossip_ok"}}
2025/04/21 09:43:57 Received {n3 n4 {"already_seen":false,"in_reply_to":80,"msg_id":172,"seen_nodes":["n3","n4","n1","n0"],"type":"gossip_ok"}}
2025/04/21 09:43:57 Received {c13 n4 {"type":"broadcast","message":91,"msg_id":29}}
2025/04/21 09:43:57 Sent {"src":"n4","dest":"n1","body":{"data_id":"c13_29","message":91,"msg_id":81,"seen_nodes":["n4","n1"],"type":"gossip"}}
2025/04/21 09:43:57 Sent {"src":"n4","dest":"n3","body":{"data_id":"c13_29","message":91,"msg_id":82,"seen_nodes":["n4","n1","n3"],"type":"gossip"}}
2025/04/21 09:43:57 Sent {"src":"n4","dest":"c13","body":{"in_reply_to":29,"msg_id":214,"type":"broadcast_ok"}}
2025/04/21 09:43:57 Received {n1 n4 {"already_seen":false,"in_reply_to":81,"msg_id":314,"seen_nodes":["n1","n4","n2","n0"],"type":"gossip_ok"}}
2025/04/21 09:43:57 Received {n3 n4 {"already_seen":false,"in_reply_to":82,"msg_id":175,"seen_nodes":["n3","n4","n1","n0"],"type":"gossip_ok"}}
2025/04/21 09:43:57 Received {n3 n4 {"data_id":"c14_57","message":92,"msg_id":73,"seen_nodes":["n3","n0","n4"],"type":"gossip"}}
2025/04/21 09:43:57 Received {n1 n4 {"data_id":"c14_57","message":92,"msg_id":189,"seen_nodes":["n1","n0","n3","n4"],"type":"gossip"}}
2025/04/21 09:43:57 Sent {"src":"n4","dest":"n1","body":{"data_id":"c14_57","message":92,"msg_id":83,"seen_nodes":["n4","n3","n0","n1"],"type":"gossip"}}
2025/04/21 09:43:57 Sent {"src":"n4","dest":"n1","body":{"already_seen":true,"in_reply_to":189,"msg_id":216,"seen_nodes":["n4","n3","n0","n1"],"type":"gossip_ok"}}
2025/04/21 09:43:57 Sent {"src":"n4","dest":"n3","body":{"already_seen":false,"in_reply_to":73,"msg_id":217,"seen_nodes":["n4","n3","n0","n1"],"type":"gossip_ok"}}
2025/04/21 09:43:57 Received {n1 n4 {"already_seen":true,"in_reply_to":83,"msg_id":318,"seen_nodes":["n1","n0","n3","n4","n2"],"type":"gossip_ok"}}
2025/04/21 09:43:57 Received {n1 n4 {"data_id":"c10_30","message":93,"msg_id":191,"seen_nodes":["n1","n4"],"type":"gossip"}}
2025/04/21 09:43:57 Sent {"src":"n4","dest":"n3","body":{"data_id":"c10_30","message":93,"msg_id":84,"seen_nodes":["n4","n1","n3"],"type":"gossip"}}
2025/04/21 09:43:57 Sent {"src":"n4","dest":"n1","body":{"already_seen":false,"in_reply_to":191,"msg_id":219,"seen_nodes":["n4","n1","n3"],"type":"gossip_ok"}}
2025/04/21 09:43:57 Received {n3 n4 {"already_seen":false,"in_reply_to":84,"msg_id":181,"seen_nodes":["n3","n4","n1","n0"],"type":"gossip_ok"}}
2025/04/21 09:43:57 Received {n1 n4 {"data_id":"c11_29","message":94,"msg_id":194,"seen_nodes":["n1","n2","n4"],"type":"gossip"}}
2025/04/21 09:43:57 Sent {"src":"n4","dest":"n3","body":{"data_id":"c11_29","message":94,"msg_id":85,"seen_nodes":["n4","n1","n2","n3"],"type":"gossip"}}
2025/04/21 09:43:57 Sent {"src":"n4","dest":"n1","body":{"already_seen":false,"in_reply_to":194,"msg_id":221,"seen_nodes":["n4","n1","n2","n3"],"type":"gossip_ok"}}
2025/04/21 09:43:57 Received {n3 n4 {"already_seen":false,"in_reply_to":85,"msg_id":184,"seen_nodes":["n3","n4","n1","n2","n0"],"type":"gossip_ok"}}
2025/04/21 09:43:58 Received {n3 n4 {"data_id":"c12_30","message":95,"msg_id":77,"seen_nodes":["n3","n0","n4"],"type":"gossip"}}
2025/04/21 09:43:58 Sent {"src":"n4","dest":"n1","body":{"data_id":"c12_30","message":95,"msg_id":86,"seen_nodes":["n4","n3","n0","n1"],"type":"gossip"}}
2025/04/21 09:43:58 Sent {"src":"n4","dest":"n3","body":{"already_seen":false,"in_reply_to":77,"msg_id":223,"seen_nodes":["n4","n3","n0","n1"],"type":"gossip_ok"}}
2025/04/21 09:43:58 Received {n1 n4 {"already_seen":false,"in_reply_to":86,"msg_id":328,"seen_nodes":["n1","n4","n3","n0","n2"],"type":"gossip_ok"}}
2025/04/21 09:43:58 Received {c13 n4 {"type":"read","msg_id":30}}
2025/04/21 09:43:58 Sent {"src":"n4","dest":"c13","body":{"in_reply_to":30,"messages":[43,51,94,15,17,55,84,50,52,73,16,44,38,41,58,87,9,31,49,76,56,59,63,12,29,40,77,79,91,92,95,13,24,4,37,46,57,0,2,48,70,72,74,10,45,71,78,86,28,64,65,82,90,22,60,42,53,89,7,25,30,34,47,61,80,88,20,23,62,83,18,21,8,32,36,39,54,67,3,6,85,93,68,69,35,66,75,81,11,33],"msg_id":224,"type":"read_ok"}}
2025/04/21 09:43:58 Received {n3 n4 {"data_id":"c14_59","message":96,"msg_id":78,"seen_nodes":["n3","n0","n4"],"type":"gossip"}}
2025/04/21 09:43:58 Received {n1 n4 {"data_id":"c14_59","message":96,"msg_id":197,"seen_nodes":["n1","n0","n3","n4"],"type":"gossip"}}
2025/04/21 09:43:58 Sent {"src":"n4","dest":"n1","body":{"data_id":"c14_59","message":96,"msg_id":87,"seen_nodes":["n4","n3","n0","n1"],"type":"gossip"}}
2025/04/21 09:43:58 Sent {"src":"n4","dest":"n3","body":{"already_seen":false,"in_reply_to":78,"msg_id":227,"seen_nodes":["n4","n3","n0","n1"],"type":"gossip_ok"}}
2025/04/21 09:43:58 Sent {"src":"n4","dest":"n1","body":{"already_seen":true,"in_reply_to":197,"msg_id":226,"seen_nodes":["n4","n3","n0","n1"],"type":"gossip_ok"}}
2025/04/21 09:43:58 Received {n1 n4 {"already_seen":true,"in_reply_to":87,"msg_id":332,"seen_nodes":["n1","n0","n3","n4","n2"],"type":"gossip_ok"}}
2025/04/21 09:43:58 Received {n3 n4 {"data_id":"c14_60","message":97,"msg_id":79,"seen_nodes":["n3","n0","n4"],"type":"gossip"}}
2025/04/21 09:43:58 Received {n1 n4 {"data_id":"c14_60","message":97,"msg_id":199,"seen_nodes":["n1","n0","n3","n4"],"type":"gossip"}}
2025/04/21 09:43:58 Sent {"src":"n4","dest":"n1","body":{"data_id":"c14_60","message":97,"msg_id":88,"seen_nodes":["n4","n3","n0","n1"],"type":"gossip"}}
2025/04/21 09:43:58 Sent {"src":"n4","dest":"n3","body":{"already_seen":false,"in_reply_to":79,"msg_id":230,"seen_nodes":["n4","n3","n0","n1"],"type":"gossip_ok"}}
2025/04/21 09:43:58 Sent {"src":"n4","dest":"n1","body":{"already_seen":true,"in_reply_to":199,"msg_id":229,"seen_nodes":["n4","n3","n0","n1"],"type":"gossip_ok"}}
2025/04/21 09:43:58 Received {n1 n4 {"already_seen":true,"in_reply_to":88,"msg_id":336,"seen_nodes":["n1","n0","n3","n4","n2"],"type":"gossip_ok"}}
2025/04/21 09:43:58 Received {n1 n4 {"data_id":"c11_30","message":98,"msg_id":201,"seen_nodes":["n1","n2","n4"],"type":"gossip"}}
2025/04/21 09:43:58 Sent {"src":"n4","dest":"n3","body":{"data_id":"c11_30","message":98,"msg_id":89,"seen_nodes":["n4","n1","n2","n3"],"type":"gossip"}}
2025/04/21 09:43:58 Sent {"src":"n4","dest":"n1","body":{"already_seen":false,"in_reply_to":201,"msg_id":232,"seen_nodes":["n4","n1","n2","n3"],"type":"gossip_ok"}}
2025/04/21 09:43:58 Received {n3 n4 {"already_seen":true,"in_reply_to":89,"msg_id":192,"seen_nodes":["n3","n0","n1","n2","n4"],"type":"gossip_ok"}}
2025/04/21 09:43:58 Received {n3 n4 {"data_id":"c12_31","message":99,"msg_id":81,"seen_nodes":["n3","n0","n4"],"type":"gossip"}}
2025/04/21 09:43:58 Sent {"src":"n4","dest":"n1","body":{"data_id":"c12_31","message":99,"msg_id":90,"seen_nodes":["n4","n3","n0","n1"],"type":"gossip"}}
2025/04/21 09:43:58 Sent {"src":"n4","dest":"n3","body":{"already_seen":false,"in_reply_to":81,"msg_id":234,"seen_nodes":["n4","n3","n0","n1"],"type":"gossip_ok"}}
2025/04/21 09:43:58 Received {n1 n4 {"already_seen":true,"in_reply_to":90,"msg_id":341,"seen_nodes":["n1","n0","n3","n4"],"type":"gossip_ok"}}
2025/04/21 09:43:58 Received {n1 n4 {"data_id":"c12_31","message":99,"msg_id":203,"seen_nodes":["n1","n0","n3","n4"],"type":"gossip"}}
2025/04/21 09:43:58 Sent {"src":"n4","dest":"n1","body":{"already_seen":true,"in_reply_to":203,"msg_id":235,"seen_nodes":["n4","n3","n0","n1"],"type":"gossip_ok"}}
2025/04/21 09:43:58 Received {c13 n4 {"type":"read","msg_id":31}}
2025/04/21 09:43:58 Sent {"src":"n4","dest":"c13","body":{"in_reply_to":31,"messages":[9,31,38,41,58,87,49,76,12,29,56,59,63,95,13,24,40,77,79,91,92,0,2,4,37,46,57,10,45,48,70,72,74,28,64,71,78,86,22,60,65,82,90,97,99,7,25,42,53,89,88,20,23,30,34,47,61,80,18,21,62,83,98,67,3,6,8,32,36,39,54,68,69,85,93,11,33,35,66,75,81,15,17,43,51,94,50,52,55,84,16,44,73,96],"msg_id":236,"type":"read_ok"}}
2025/04/21 09:43:58 Received {n3 n4 {"data_id":"c14_61","message":100,"msg_id":82,"seen_nodes":["n3","n0","n4"],"type":"gossip"}}
2025/04/21 09:43:58 Received {n1 n4 {"data_id":"c14_61","message":100,"msg_id":205,"seen_nodes":["n1","n0","n3","n4"],"type":"gossip"}}
2025/04/21 09:43:58 Sent {"src":"n4","dest":"n1","body":{"data_id":"c14_61","message":100,"msg_id":91,"seen_nodes":["n4","n3","n0","n1"],"type":"gossip"}}
2025/04/21 09:43:58 Sent {"src":"n4","dest":"n3","body":{"already_seen":false,"in_reply_to":82,"msg_id":239,"seen_nodes":["n4","n3","n0","n1"],"type":"gossip_ok"}}
2025/04/21 09:43:58 Sent {"src":"n4","dest":"n1","body":{"already_seen":true,"in_reply_to":205,"msg_id":238,"seen_nodes":["n4","n3","n0","n1"],"type":"gossip_ok"}}
2025/04/21 09:43:58 Received {n1 n4 {"already_seen":true,"in_reply_to":91,"msg_id":348,"seen_nodes":["n1","n0","n3","n4","n2"],"type":"gossip_ok"}}
2025/04/21 09:43:59 Received {n1 n4 {"data_id":"c10_32","message":101,"msg_id":207,"seen_nodes":["n1","n4"],"type":"gossip"}}
2025/04/21 09:43:59 Sent {"src":"n4","dest":"n3","body":{"data_id":"c10_32","message":101,"msg_id":92,"seen_nodes":["n4","n1","n3"],"type":"gossip"}}
2025/04/21 09:43:59 Sent {"src":"n4","dest":"n1","body":{"already_seen":false,"in_reply_to":207,"msg_id":241,"seen_nodes":["n4","n1","n3"],"type":"gossip_ok"}}
2025/04/21 09:43:59 Received {n3 n4 {"already_seen":false,"in_reply_to":92,"msg_id":200,"seen_nodes":["n3","n4","n1","n0"],"type":"gossip_ok"}}
2025/04/21 09:43:59 Received {n3 n4 {"data_id":"c12_32","message":102,"msg_id":85,"seen_nodes":["n3","n0","n4"],"type":"gossip"}}
2025/04/21 09:43:59 Sent {"src":"n4","dest":"n1","body":{"data_id":"c12_32","message":102,"msg_id":93,"seen_nodes":["n4","n3","n0","n1"],"type":"gossip"}}
2025/04/21 09:43:59 Sent {"src":"n4","dest":"n3","body":{"already_seen":false,"in_reply_to":85,"msg_id":243,"seen_nodes":["n4","n3","n0","n1"],"type":"gossip_ok"}}
2025/04/21 09:43:59 Received {n1 n4 {"data_id":"c12_32","message":102,"msg_id":210,"seen_nodes":["n1","n0","n3","n4"],"type":"gossip"}}
2025/04/21 09:43:59 Received {n1 n4 {"already_seen":true,"in_reply_to":93,"msg_id":354,"seen_nodes":["n1","n0","n3","n4"],"type":"gossip_ok"}}
2025/04/21 09:43:59 Sent {"src":"n4","dest":"n1","body":{"already_seen":true,"in_reply_to":210,"msg_id":244,"seen_nodes":["n4","n3","n0","n1"],"type":"gossip_ok"}}
2025/04/21 09:43:59 Received {c13 n4 {"type":"read","msg_id":32}}
2025/04/21 09:43:59 Sent {"src":"n4","dest":"c13","body":{"in_reply_to":32,"messages":[79,91,92,95,13,24,40,77,46,57,0,2,4,37,72,74,10,45,48,70,86,28,64,71,78,90,97,99,22,60,65,82,89,7,25,42,53,47,61,80,88,20,23,30,34,98,102,18,21,62,83,36,39,54,67,3,6,8,32,68,69,85,93,75,81,11,33,35,66,94,15,17,43,51,50,52,55,84,100,16,44,73,96,58,87,9,31,38,41,49,76,63,101,12,29,56,59],"msg_id":245,"type":"read_ok"}}
2025/04/21 09:43:59 Received {n1 n4 {"data_id":"c11_32","message":103,"msg_id":212,"seen_nodes":["n1","n2","n4"],"type":"gossip"}}
2025/04/21 09:43:59 Sent {"src":"n4","dest":"n3","body":{"data_id":"c11_32","message":103,"msg_id":94,"seen_nodes":["n4","n1","n2","n3"],"type":"gossip"}}
2025/04/21 09:43:59 Sent {"src":"n4","dest":"n1","body":{"already_seen":false,"in_reply_to":212,"msg_id":247,"seen_nodes":["n4","n1","n2","n3"],"type":"gossip_ok"}}
2025/04/21 09:43:59 Received {n3 n4 {"already_seen":false,"in_reply_to":94,"msg_id":207,"seen_nodes":["n3","n4","n1","n2","n0"],"type":"gossip_ok"}}
2025/04/21 09:43:59 Received {c13 n4 {"type":"read","msg_id":33}}
2025/04/21 09:43:59 Sent {"src":"n4","dest":"c13","body":{"in_reply_to":33,"messages":[11,33,35,66,75,81,15,17,43,51,94,50,52,55,84,16,44,73,96,100,9,31,38,41,58,87,49,76,12,29,56,59,63,101,95,13,24,40,77,79,91,92,0,2,4,37,46,57,10,45,48,70,72,74,28,64,71,78,86,22,60,65,82,90,97,99,7,25,42,53,89,88,20,23,30,34,47,61,80,18,21,62,83,98,102,103,67,3,6,8,32,36,39,54,68,69,85,93],"msg_id":248,"type":"read_ok"}}
2025/04/21 09:44:10 Received {c13 n4 {"type":"read","msg_id":34}}
2025/04/21 09:44:10 Sent {"src":"n4","dest":"c13","body":{"in_reply_to":34,"messages":[0,2,4,37,46,57,10,45,48,70,72,74,28,64,71,78,86,99,22,60,65,82,90,97,7,25,42,53,89,80,88,20,23,30,34,47,61,103,18,21,62,83,98,102,54,67,3,6,8,32,36,39,68,69,85,93,11,33,35,66,75,81,15,17,43,51,94,50,52,55,84,16,44,73,96,100,9,31,38,41,58,87,49,76,12,29,56,59,63,101,92,95,13,24,40,77,79,91],"msg_id":249,"type":"read_ok"}}
