2025/04/21 09:48:18 Received {c0 n3 {"type":"init","node_id":"n3","node_ids":["n0","n1","n2","n3","n4"],"msg_id":1}}
2025/04/21 09:48:18 Node n3 initialized
2025/04/21 09:48:18 Sent {"src":"n3","dest":"c0","body":{"in_reply_to":1,"type":"init_ok"}}
2025/04/21 09:48:18 Received {c8 n3 {"type":"topology","topology":{"n0":["n3","n1"],"n1":["n4","n2","n0"],"n2":["n1"],"n3":["n0","n4"],"n4":["n1","n3"]},"msg_id":1}}
2025/04/21 09:48:18 Sent {"src":"n3","dest":"c8","body":{"in_reply_to":1,"msg_id":1,"type":"topology_ok"}}
2025/04/21 09:48:18 Received {n0 n3 {"data_id":"c10_1","message":0,"msg_id":1,"seen_nodes":["n0","n3"],"type":"gossip"}}
2025/04/21 09:48:18 Sent {"src":"n3","dest":"n4","body":{"data_id":"c10_1","message":0,"msg_id":1,"seen_nodes":["n3","n0","n4"],"type":"gossip"}}
2025/04/21 09:48:18 Sent {"src":"n3","dest":"n0","body":{"already_seen":false,"in_reply_to":1,"msg_id":3,"seen_nodes":["n3","n0","n4"],"type":"gossip_ok"}}
2025/04/21 09:48:18 Received {n4 n3 {"already_seen":false,"in_reply_to":1,"msg_id":3,"seen_nodes":["n4","n3","n0","n1"],"type":"gossip_ok"}}
2025/04/21 09:48:19 Received {c12 n3 {"type":"broadcast","message":1,"msg_id":1}}
2025/04/21 09:48:19 Sent {"src":"n3","dest":"n0","body":{"data_id":"c12_1","message":1,"msg_id":2,"seen_nodes":["n3","n0"],"type":"gossip"}}
2025/04/21 09:48:19 Sent {"src":"n3","dest":"n4","body":{"data_id":"c12_1","message":1,"msg_id":3,"seen_nodes":["n3","n0","n4"],"type":"gossip"}}
2025/04/21 09:48:19 Sent {"src":"n3","dest":"c12","body":{"in_reply_to":1,"msg_id":6,"type":"broadcast_ok"}}
2025/04/21 09:48:19 Received {n0 n3 {"already_seen":false,"in_reply_to":2,"msg_id":6,"seen_nodes":["n0","n3","n1"],"type":"gossip_ok"}}
2025/04/21 09:48:19 Received {n4 n3 {"already_seen":false,"in_reply_to":3,"msg_id":5,"seen_nodes":["n4","n3","n0","n1"],"type":"gossip_ok"}}
2025/04/21 09:48:20 Received {n0 n3 {"data_id":"c10_2","message":2,"msg_id":4,"seen_nodes":["n0","n3"],"type":"gossip"}}
2025/04/21 09:48:20 Sent {"src":"n3","dest":"n4","body":{"data_id":"c10_2","message":2,"msg_id":4,"seen_nodes":["n3","n0","n4"],"type":"gossip"}}
2025/04/21 09:48:20 Sent {"src":"n3","dest":"n0","body":{"already_seen":false,"in_reply_to":4,"msg_id":8,"seen_nodes":["n3","n0","n4"],"type":"gossip_ok"}}
2025/04/21 09:48:20 Received {n4 n3 {"already_seen":false,"in_reply_to":4,"msg_id":8,"seen_nodes":["n4","n3","n0","n1"],"type":"gossip_ok"}}
2025/04/21 09:48:21 Received {n0 n3 {"data_id":"c10_3","message":3,"msg_id":6,"seen_nodes":["n0","n3"],"type":"gossip"}}
2025/04/21 09:48:21 Sent {"src":"n3","dest":"n4","body":{"data_id":"c10_3","message":3,"msg_id":5,"seen_nodes":["n3","n0","n4"],"type":"gossip"}}
2025/04/21 09:48:21 Sent {"src":"n3","dest":"n0","body":{"already_seen":false,"in_reply_to":6,"msg_id":10,"seen_nodes":["n3","n0","n4"],"type":"gossip_ok"}}
2025/04/21 09:48:21 Received {n4 n3 {"already_seen":false,"in_reply_to":5,"msg_id":10,"seen_nodes":["n4","n3","n0","n1"],"type":"gossip_ok"}}
2025/04/21 09:48:23 Received {c12 n3 {"type":"broadcast","message":6,"msg_id":2}}
2025/04/21 09:48:23 Sent {"src":"n3","dest":"n0","body":{"data_id":"c12_2","message":6,"msg_id":6,"seen_nodes":["n3","n0"],"type":"gossip"}}
2025/04/21 09:48:23 Sent {"src":"n3","dest":"n4","body":{"data_id":"c12_2","message":6,"msg_id":7,"seen_nodes":["n3","n0","n4"],"type":"gossip"}}
2025/04/21 09:48:23 Sent {"src":"n3","dest":"c12","body":{"in_reply_to":2,"msg_id":13,"type":"broadcast_ok"}}
2025/04/21 09:48:23 Received {n0 n3 {"already_seen":false,"in_reply_to":6,"msg_id":14,"seen_nodes":["n0","n3","n1"],"type":"gossip_ok"}}
2025/04/21 09:48:23 Received {n4 n3 {"already_seen":false,"in_reply_to":7,"msg_id":12,"seen_nodes":["n4","n3","n0","n1"],"type":"gossip_ok"}}
2025/04/21 09:48:33 Received {c12 n3 {"type":"read","msg_id":3}}
2025/04/21 09:48:33 Sent {"src":"n3","dest":"c12","body":{"in_reply_to":3,"messages":[2,3,6,0,1],"msg_id":14,"type":"read_ok"}}
