2025/04/21 09:48:18 Received {c4 n4 {"type":"init","node_id":"n4","node_ids":["n0","n1","n2","n3","n4"],"msg_id":1}}
2025/04/21 09:48:18 Node n4 initialized
2025/04/21 09:48:18 Sent {"src":"n4","dest":"c4","body":{"in_reply_to":1,"type":"init_ok"}}
2025/04/21 09:48:18 Received {c9 n4 {"type":"topology","topology":{"n0":["n3","n1"],"n1":["n4","n2","n0"],"n2":["n1"],"n3":["n0","n4"],"n4":["n1","n3"]},"msg_id":1}}
2025/04/21 09:48:18 Sent {"src":"n4","dest":"c9","body":{"in_reply_to":1,"msg_id":1,"type":"topology_ok"}}
2025/04/21 09:48:18 Received {n3 n4 {"data_id":"c10_1","message":0,"msg_id":1,"seen_nodes":["n3","n0","n4"],"type":"gossip"}}
2025/04/21 09:48:18 Sent {"src":"n4","dest":"n1","body":{"data_id":"c10_1","message":0,"msg_id":1,"seen_nodes":["n4","n3","n0","n1"],"type":"gossip"}}
2025/04/21 09:48:18 Sent {"src":"n4","dest":"n3","body":{"already_seen":false,"in_reply_to":1,"msg_id":3,"seen_nodes":["n4","n3","n0","n1"],"type":"gossip_ok"}}
2025/04/21 09:48:19 Received {n3 n4 {"data_id":"c12_1","message":1,"msg_id":3,"seen_nodes":["n3","n0","n4"],"type":"gossip"}}
2025/04/21 09:48:19 Sent {"src":"n4","dest":"n1","body":{"data_id":"c12_1","message":1,"msg_id":2,"seen_nodes":["n4","n3","n0","n1"],"type":"gossip"}}
2025/04/21 09:48:19 Sent {"src":"n4","dest":"n3","body":{"already_seen":false,"in_reply_to":3,"msg_id":5,"seen_nodes":["n4","n3","n0","n1"],"type":"gossip_ok"}}
2025/04/21 09:48:20 Received {c13 n4 {"type":"read","msg_id":1}}
2025/04/21 09:48:20 Sent {"src":"n4","dest":"c13","body":{"in_reply_to":1,"messages":[0,1],"msg_id":6,"type":"read_ok"}}
2025/04/21 09:48:20 Received {n3 n4 {"data_id":"c10_2","message":2,"msg_id":4,"seen_nodes":["n3","n0","n4"],"type":"gossip"}}
2025/04/21 09:48:20 Sent {"src":"n4","dest":"n1","body":{"data_id":"c10_2","message":2,"msg_id":3,"seen_nodes":["n4","n3","n0","n1"],"type":"gossip"}}
2025/04/21 09:48:20 Sent {"src":"n4","dest":"n3","body":{"already_seen":false,"in_reply_to":4,"msg_id":8,"seen_nodes":["n4","n3","n0","n1"],"type":"gossip_ok"}}
2025/04/21 09:48:21 Received {n3 n4 {"data_id":"c10_3","message":3,"msg_id":5,"seen_nodes":["n3","n0","n4"],"type":"gossip"}}
2025/04/21 09:48:21 Sent {"src":"n4","dest":"n1","body":{"data_id":"c10_3","message":3,"msg_id":4,"seen_nodes":["n4","n3","n0","n1"],"type":"gossip"}}
2025/04/21 09:48:21 Sent {"src":"n4","dest":"n3","body":{"already_seen":false,"in_reply_to":5,"msg_id":10,"seen_nodes":["n4","n3","n0","n1"],"type":"gossip_ok"}}
2025/04/21 09:48:23 Received {n3 n4 {"data_id":"c12_2","message":6,"msg_id":7,"seen_nodes":["n3","n0","n4"],"type":"gossip"}}
2025/04/21 09:48:23 Sent {"src":"n4","dest":"n1","body":{"data_id":"c12_2","message":6,"msg_id":5,"seen_nodes":["n4","n3","n0","n1"],"type":"gossip"}}
2025/04/21 09:48:23 Sent {"src":"n4","dest":"n3","body":{"already_seen":false,"in_reply_to":7,"msg_id":12,"seen_nodes":["n4","n3","n0","n1"],"type":"gossip_ok"}}
2025/04/21 09:48:23 Received {c13 n4 {"type":"read","msg_id":2}}
2025/04/21 09:48:23 Sent {"src":"n4","dest":"c13","body":{"in_reply_to":2,"messages":[0,1,2,3,6],"msg_id":13,"type":"read_ok"}}
2025/04/21 09:48:33 Received {c13 n4 {"type":"read","msg_id":3}}
2025/04/21 09:48:33 Sent {"src":"n4","dest":"c13","body":{"in_reply_to":3,"messages":[0,1,2,3,6],"msg_id":14,"type":"read_ok"}}
