2025/04/21 10:14:40 Received {c4 n0 {"type":"init","node_id":"n0","node_ids":["n0","n1","n2","n3","n4"],"msg_id":1}}
2025/04/21 10:14:40 Node n0 initialized
2025/04/21 10:14:40 Sent {"src":"n0","dest":"c4","body":{"in_reply_to":1,"type":"init_ok"}}
2025/04/21 10:14:40 Received {c5 n0 {"type":"topology","topology":{"n0":["n3","n1"],"n1":["n4","n2","n0"],"n2":["n1"],"n3":["n0","n4"],"n4":["n1","n3"]},"msg_id":1}}
2025/04/21 10:14:40 Sent {"src":"n0","dest":"c5","body":{"in_reply_to":1,"msg_id":1,"type":"topology_ok"}}
2025/04/21 10:14:40 Received {c10 n0 {"type":"broadcast","message":0,"msg_id":1}}
2025/04/21 10:14:40 Sent {"src":"n0","dest":"n3","body":{"data_id":"c10_1","message":0,"msg_id":1,"seen_nodes":["n0","n3"],"type":"gossip"}}
2025/04/21 10:14:40 Sent {"src":"n0","dest":"n1","body":{"data_id":"c10_1","message":0,"msg_id":2,"seen_nodes":["n0","n3","n1"],"type":"gossip"}}
2025/04/21 10:14:40 Sent {"src":"n0","dest":"c10","body":{"in_reply_to":1,"msg_id":4,"type":"broadcast_ok"}}
2025/04/21 10:14:40 Received {n3 n0 {"already_seen":false,"in_reply_to":1,"msg_id":3,"seen_nodes":["n3","n0","n4"],"type":"gossip_ok"}}
2025/04/21 10:14:40 Received {n1 n0 {"already_seen":false,"in_reply_to":2,"msg_id":4,"seen_nodes":["n1","n0","n3","n4","n2"],"type":"gossip_ok"}}
2025/04/21 10:14:41 Received {c10 n0 {"type":"broadcast","message":1,"msg_id":2}}
2025/04/21 10:14:41 Sent {"src":"n0","dest":"n3","body":{"data_id":"c10_2","message":1,"msg_id":3,"seen_nodes":["n0","n3"],"type":"gossip"}}
2025/04/21 10:14:41 Sent {"src":"n0","dest":"n1","body":{"data_id":"c10_2","message":1,"msg_id":4,"seen_nodes":["n0","n3","n1"],"type":"gossip"}}
2025/04/21 10:14:41 Sent {"src":"n0","dest":"c10","body":{"in_reply_to":2,"msg_id":7,"type":"broadcast_ok"}}
2025/04/21 10:14:41 Received {n3 n0 {"already_seen":false,"in_reply_to":3,"msg_id":6,"seen_nodes":["n3","n0","n4"],"type":"gossip_ok"}}
2025/04/21 10:14:41 Received {n1 n0 {"already_seen":false,"in_reply_to":4,"msg_id":9,"seen_nodes":["n1","n0","n3","n4","n2"],"type":"gossip_ok"}}
2025/04/21 10:14:41 Received {c10 n0 {"type":"read","msg_id":3}}
2025/04/21 10:14:41 Sent {"src":"n0","dest":"c10","body":{"in_reply_to":3,"messages":[0,1],"msg_id":8,"type":"read_ok"}}
2025/04/21 10:14:41 Received {n1 n0 {"data_id":"c11_2","message":2,"msg_id":7,"seen_nodes":["n1","n4","n2","n0"],"type":"gossip"}}
2025/04/21 10:14:41 Sent {"src":"n0","dest":"n3","body":{"data_id":"c11_2","message":2,"msg_id":5,"seen_nodes":["n0","n1","n4","n2","n3"],"type":"gossip"}}
2025/04/21 10:14:41 Sent {"src":"n0","dest":"n1","body":{"already_seen":false,"in_reply_to":7,"msg_id":10,"seen_nodes":["n0","n1","n4","n2","n3"],"type":"gossip_ok"}}
2025/04/21 10:14:41 Received {n3 n0 {"data_id":"c11_2","message":2,"msg_id":3,"seen_nodes":["n3","n4","n1","n0"],"type":"gossip"}}
2025/04/21 10:14:41 Sent {"src":"n0","dest":"n3","body":{"already_seen":true,"in_reply_to":3,"msg_id":11,"seen_nodes":["n0","n1","n4","n2","n3"],"type":"gossip_ok"}}
2025/04/21 10:14:41 Received {n3 n0 {"already_seen":true,"in_reply_to":5,"msg_id":9,"seen_nodes":["n3","n4","n1","n0"],"type":"gossip_ok"}}
2025/04/21 10:14:41 Received {n3 n0 {"data_id":"c13_2","message":3,"msg_id":4,"seen_nodes":["n3","n0"],"type":"gossip"}}
2025/04/21 10:14:41 Sent {"src":"n0","dest":"n1","body":{"data_id":"c13_2","message":3,"msg_id":6,"seen_nodes":["n0","n3","n1"],"type":"gossip"}}
2025/04/21 10:14:41 Sent {"src":"n0","dest":"n3","body":{"already_seen":false,"in_reply_to":4,"msg_id":13,"seen_nodes":["n0","n3","n1"],"type":"gossip_ok"}}
2025/04/21 10:14:41 Received {n1 n0 {"already_seen":false,"in_reply_to":6,"msg_id":17,"seen_nodes":["n1","n0","n3","n4","n2"],"type":"gossip_ok"}}
2025/04/21 10:14:41 Received {c10 n0 {"type":"read","msg_id":4}}
2025/04/21 10:14:41 Sent {"src":"n0","dest":"c10","body":{"in_reply_to":4,"messages":[0,1,2,3],"msg_id":14,"type":"read_ok"}}
2025/04/21 10:14:41 Received {c10 n0 {"type":"read","msg_id":5}}
2025/04/21 10:14:41 Sent {"src":"n0","dest":"c10","body":{"in_reply_to":5,"messages":[0,1,2,3],"msg_id":15,"type":"read_ok"}}
2025/04/21 10:14:42 Received {n1 n0 {"data_id":"c11_3","message":4,"msg_id":12,"seen_nodes":["n1","n4","n2","n0"],"type":"gossip"}}
2025/04/21 10:14:42 Sent {"src":"n0","dest":"n3","body":{"data_id":"c11_3","message":4,"msg_id":7,"seen_nodes":["n0","n1","n4","n2","n3"],"type":"gossip"}}
2025/04/21 10:14:42 Sent {"src":"n0","dest":"n1","body":{"already_seen":false,"in_reply_to":12,"msg_id":17,"seen_nodes":["n0","n1","n4","n2","n3"],"type":"gossip_ok"}}
2025/04/21 10:14:42 Received {n3 n0 {"data_id":"c11_3","message":4,"msg_id":6,"seen_nodes":["n3","n4","n1","n0"],"type":"gossip"}}
2025/04/21 10:14:42 Sent {"src":"n0","dest":"n3","body":{"already_seen":true,"in_reply_to":6,"msg_id":18,"seen_nodes":["n0","n1","n4","n2","n3"],"type":"gossip_ok"}}
2025/04/21 10:14:42 Received {n3 n0 {"already_seen":true,"in_reply_to":7,"msg_id":15,"seen_nodes":["n3","n4","n1","n0"],"type":"gossip_ok"}}
2025/04/21 10:14:42 Received {c10 n0 {"type":"read","msg_id":6}}
2025/04/21 10:14:42 Sent {"src":"n0","dest":"c10","body":{"in_reply_to":6,"messages":[4,0,1,2,3],"msg_id":19,"type":"read_ok"}}
2025/04/21 10:14:42 Received {c10 n0 {"type":"broadcast","message":5,"msg_id":7}}
2025/04/21 10:14:42 Sent {"src":"n0","dest":"n3","body":{"data_id":"c10_7","message":5,"msg_id":8,"seen_nodes":["n0","n3"],"type":"gossip"}}
2025/04/21 10:14:42 Sent {"src":"n0","dest":"n1","body":{"data_id":"c10_7","message":5,"msg_id":9,"seen_nodes":["n0","n3","n1"],"type":"gossip"}}
2025/04/21 10:14:42 Sent {"src":"n0","dest":"c10","body":{"in_reply_to":7,"msg_id":22,"type":"broadcast_ok"}}
2025/04/21 10:14:42 Received {n3 n0 {"already_seen":false,"in_reply_to":8,"msg_id":18,"seen_nodes":["n3","n0","n4"],"type":"gossip_ok"}}
2025/04/21 10:14:42 Received {n1 n0 {"already_seen":false,"in_reply_to":9,"msg_id":25,"seen_nodes":["n1","n0","n3","n4","n2"],"type":"gossip_ok"}}
2025/04/21 10:14:42 Received {n1 n0 {"data_id":"c11_4","message":6,"msg_id":17,"seen_nodes":["n1","n4","n2","n0"],"type":"gossip"}}
2025/04/21 10:14:42 Sent {"src":"n0","dest":"n3","body":{"data_id":"c11_4","message":6,"msg_id":10,"seen_nodes":["n0","n1","n4","n2","n3"],"type":"gossip"}}
2025/04/21 10:14:42 Sent {"src":"n0","dest":"n1","body":{"already_seen":false,"in_reply_to":17,"msg_id":24,"seen_nodes":["n0","n1","n4","n2","n3"],"type":"gossip_ok"}}
2025/04/21 10:14:42 Received {n3 n0 {"data_id":"c11_4","message":6,"msg_id":8,"seen_nodes":["n3","n4","n1","n0"],"type":"gossip"}}
2025/04/21 10:14:42 Sent {"src":"n0","dest":"n3","body":{"already_seen":true,"in_reply_to":8,"msg_id":25,"seen_nodes":["n0","n1","n4","n2","n3"],"type":"gossip_ok"}}
2025/04/21 10:14:42 Received {n3 n0 {"already_seen":true,"in_reply_to":10,"msg_id":21,"seen_nodes":["n3","n4","n1","n0"],"type":"gossip_ok"}}
2025/04/21 10:14:42 Received {n1 n0 {"data_id":"c12_4","message":7,"msg_id":19,"seen_nodes":["n1","n2","n4","n0"],"type":"gossip"}}
2025/04/21 10:14:42 Sent {"src":"n0","dest":"n3","body":{"data_id":"c12_4","message":7,"msg_id":11,"seen_nodes":["n0","n1","n2","n4","n3"],"type":"gossip"}}
2025/04/21 10:14:42 Sent {"src":"n0","dest":"n1","body":{"already_seen":false,"in_reply_to":19,"msg_id":27,"seen_nodes":["n0","n1","n2","n4","n3"],"type":"gossip_ok"}}
2025/04/21 10:14:42 Received {n3 n0 {"data_id":"c12_4","message":7,"msg_id":9,"seen_nodes":["n3","n4","n1","n2","n0"],"type":"gossip"}}
2025/04/21 10:14:42 Sent {"src":"n0","dest":"n3","body":{"already_seen":true,"in_reply_to":9,"msg_id":28,"seen_nodes":["n0","n1","n2","n4","n3"],"type":"gossip_ok"}}
2025/04/21 10:14:42 Received {n3 n0 {"already_seen":true,"in_reply_to":11,"msg_id":24,"seen_nodes":["n3","n4","n1","n2","n0"],"type":"gossip_ok"}}
2025/04/21 10:14:43 Received {c10 n0 {"type":"broadcast","message":8,"msg_id":8}}
2025/04/21 10:14:43 Sent {"src":"n0","dest":"n3","body":{"data_id":"c10_8","message":8,"msg_id":12,"seen_nodes":["n0","n3"],"type":"gossip"}}
2025/04/21 10:14:43 Sent {"src":"n0","dest":"n1","body":{"data_id":"c10_8","message":8,"msg_id":13,"seen_nodes":["n0","n3","n1"],"type":"gossip"}}
2025/04/21 10:14:43 Sent {"src":"n0","dest":"c10","body":{"in_reply_to":8,"msg_id":31,"type":"broadcast_ok"}}
2025/04/21 10:14:43 Received {n3 n0 {"already_seen":false,"in_reply_to":12,"msg_id":27,"seen_nodes":["n3","n0","n4"],"type":"gossip_ok"}}
2025/04/21 10:14:43 Received {n1 n0 {"already_seen":false,"in_reply_to":13,"msg_id":36,"seen_nodes":["n1","n0","n3","n4","n2"],"type":"gossip_ok"}}
2025/04/21 10:14:43 Received {c10 n0 {"type":"read","msg_id":9}}
2025/04/21 10:14:43 Sent {"src":"n0","dest":"c10","body":{"in_reply_to":9,"messages":[6,8,0,1,4,5,7,2,3],"msg_id":32,"type":"read_ok"}}
2025/04/21 10:14:43 Received {n3 n0 {"data_id":"c13_5","message":9,"msg_id":11,"seen_nodes":["n3","n0"],"type":"gossip"}}
2025/04/21 10:14:43 Sent {"src":"n0","dest":"n1","body":{"data_id":"c13_5","message":9,"msg_id":14,"seen_nodes":["n0","n3","n1"],"type":"gossip"}}
2025/04/21 10:14:43 Sent {"src":"n0","dest":"n3","body":{"already_seen":false,"in_reply_to":11,"msg_id":34,"seen_nodes":["n0","n3","n1"],"type":"gossip_ok"}}
2025/04/21 10:14:43 Received {n1 n0 {"already_seen":false,"in_reply_to":14,"msg_id":42,"seen_nodes":["n1","n0","n3","n4","n2"],"type":"gossip_ok"}}
2025/04/21 10:14:43 Received {n1 n0 {"data_id":"c14_5","message":10,"msg_id":25,"seen_nodes":["n1","n4","n2","n0"],"type":"gossip"}}
2025/04/21 10:14:43 Received {n3 n0 {"data_id":"c14_5","message":10,"msg_id":13,"seen_nodes":["n3","n4","n1","n0"],"type":"gossip"}}
2025/04/21 10:14:43 Sent {"src":"n0","dest":"n3","body":{"data_id":"c14_5","message":10,"msg_id":15,"seen_nodes":["n0","n1","n4","n2","n3"],"type":"gossip"}}
2025/04/21 10:14:43 Sent {"src":"n0","dest":"n1","body":{"already_seen":false,"in_reply_to":25,"msg_id":37,"seen_nodes":["n0","n1","n4","n2","n3"],"type":"gossip_ok"}}
2025/04/21 10:14:43 Sent {"src":"n0","dest":"n3","body":{"already_seen":true,"in_reply_to":13,"msg_id":36,"seen_nodes":["n0","n1","n4","n2","n3"],"type":"gossip_ok"}}
2025/04/21 10:14:43 Received {n3 n0 {"already_seen":true,"in_reply_to":15,"msg_id":33,"seen_nodes":["n3","n4","n1","n0"],"type":"gossip_ok"}}
2025/04/21 10:14:43 Received {c10 n0 {"type":"broadcast","message":11,"msg_id":10}}
2025/04/21 10:14:43 Sent {"src":"n0","dest":"n3","body":{"data_id":"c10_10","message":11,"msg_id":16,"seen_nodes":["n0","n3"],"type":"gossip"}}
2025/04/21 10:14:43 Sent {"src":"n0","dest":"n1","body":{"data_id":"c10_10","message":11,"msg_id":17,"seen_nodes":["n0","n3","n1"],"type":"gossip"}}
2025/04/21 10:14:43 Sent {"src":"n0","dest":"c10","body":{"in_reply_to":10,"msg_id":40,"type":"broadcast_ok"}}
2025/04/21 10:14:43 Received {n3 n0 {"already_seen":false,"in_reply_to":16,"msg_id":35,"seen_nodes":["n3","n0","n4"],"type":"gossip_ok"}}
2025/04/21 10:14:43 Received {n1 n0 {"already_seen":false,"in_reply_to":17,"msg_id":48,"seen_nodes":["n1","n0","n3","n4","n2"],"type":"gossip_ok"}}
2025/04/21 10:14:43 Received {c10 n0 {"type":"read","msg_id":11}}
2025/04/21 10:14:43 Sent {"src":"n0","dest":"c10","body":{"in_reply_to":11,"messages":[7,10,2,3,4,5,9,11,0,1,6,8],"msg_id":41,"type":"read_ok"}}
2025/04/21 10:14:44 Received {n1 n0 {"data_id":"c12_6","message":12,"msg_id":29,"seen_nodes":["n1","n2","n4","n0"],"type":"gossip"}}
2025/04/21 10:14:44 Sent {"src":"n0","dest":"n3","body":{"data_id":"c12_6","message":12,"msg_id":18,"seen_nodes":["n0","n1","n2","n4","n3"],"type":"gossip"}}
2025/04/21 10:14:44 Sent {"src":"n0","dest":"n1","body":{"already_seen":false,"in_reply_to":29,"msg_id":43,"seen_nodes":["n0","n1","n2","n4","n3"],"type":"gossip_ok"}}
2025/04/21 10:14:44 Received {n3 n0 {"data_id":"c12_6","message":12,"msg_id":15,"seen_nodes":["n3","n4","n1","n2","n0"],"type":"gossip"}}
2025/04/21 10:14:44 Sent {"src":"n0","dest":"n3","body":{"already_seen":true,"in_reply_to":15,"msg_id":44,"seen_nodes":["n0","n1","n2","n4","n3"],"type":"gossip_ok"}}
2025/04/21 10:14:44 Received {n3 n0 {"already_seen":true,"in_reply_to":18,"msg_id":37,"seen_nodes":["n3","n4","n1","n2","n0"],"type":"gossip_ok"}}
2025/04/21 10:14:44 Received {n3 n0 {"data_id":"c13_6","message":13,"msg_id":16,"seen_nodes":["n3","n0"],"type":"gossip"}}
2025/04/21 10:14:44 Sent {"src":"n0","dest":"n1","body":{"data_id":"c13_6","message":13,"msg_id":19,"seen_nodes":["n0","n3","n1"],"type":"gossip"}}
2025/04/21 10:14:44 Sent {"src":"n0","dest":"n3","body":{"already_seen":false,"in_reply_to":16,"msg_id":46,"seen_nodes":["n0","n3","n1"],"type":"gossip_ok"}}
2025/04/21 10:14:44 Received {n1 n0 {"already_seen":false,"in_reply_to":19,"msg_id":56,"seen_nodes":["n1","n0","n3","n4","n2"],"type":"gossip_ok"}}
2025/04/21 10:14:44 Received {c10 n0 {"type":"broadcast","message":14,"msg_id":12}}
2025/04/21 10:14:44 Sent {"src":"n0","dest":"n3","body":{"data_id":"c10_12","message":14,"msg_id":20,"seen_nodes":["n0","n3"],"type":"gossip"}}
2025/04/21 10:14:44 Sent {"src":"n0","dest":"n1","body":{"data_id":"c10_12","message":14,"msg_id":21,"seen_nodes":["n0","n3","n1"],"type":"gossip"}}
2025/04/21 10:14:44 Sent {"src":"n0","dest":"c10","body":{"in_reply_to":12,"msg_id":49,"type":"broadcast_ok"}}
2025/04/21 10:14:44 Received {n3 n0 {"already_seen":false,"in_reply_to":20,"msg_id":43,"seen_nodes":["n3","n0","n4"],"type":"gossip_ok"}}
2025/04/21 10:14:44 Received {n1 n0 {"already_seen":false,"in_reply_to":21,"msg_id":60,"seen_nodes":["n1","n0","n3","n4","n2"],"type":"gossip_ok"}}
2025/04/21 10:14:44 Received {c10 n0 {"type":"broadcast","message":15,"msg_id":13}}
2025/04/21 10:14:44 Sent {"src":"n0","dest":"n3","body":{"data_id":"c10_13","message":15,"msg_id":22,"seen_nodes":["n0","n3"],"type":"gossip"}}
2025/04/21 10:14:44 Sent {"src":"n0","dest":"n1","body":{"data_id":"c10_13","message":15,"msg_id":23,"seen_nodes":["n0","n3","n1"],"type":"gossip"}}
2025/04/21 10:14:44 Sent {"src":"n0","dest":"c10","body":{"in_reply_to":13,"msg_id":52,"type":"broadcast_ok"}}
2025/04/21 10:14:44 Received {n3 n0 {"already_seen":false,"in_reply_to":22,"msg_id":45,"seen_nodes":["n3","n0","n4"],"type":"gossip_ok"}}
2025/04/21 10:14:44 Received {n1 n0 {"already_seen":false,"in_reply_to":23,"msg_id":64,"seen_nodes":["n1","n0","n3","n4","n2"],"type":"gossip_ok"}}
2025/04/21 10:14:44 Received {n1 n0 {"data_id":"c11_7","message":16,"msg_id":38,"seen_nodes":["n1","n4","n2","n0"],"type":"gossip"}}
2025/04/21 10:14:44 Sent {"src":"n0","dest":"n3","body":{"data_id":"c11_7","message":16,"msg_id":24,"seen_nodes":["n0","n1","n4","n2","n3"],"type":"gossip"}}
2025/04/21 10:14:44 Sent {"src":"n0","dest":"n1","body":{"already_seen":false,"in_reply_to":38,"msg_id":54,"seen_nodes":["n0","n1","n4","n2","n3"],"type":"gossip_ok"}}
2025/04/21 10:14:44 Received {n3 n0 {"data_id":"c11_7","message":16,"msg_id":20,"seen_nodes":["n3","n4","n1","n0"],"type":"gossip"}}
2025/04/21 10:14:44 Received {n3 n0 {"already_seen":true,"in_reply_to":24,"msg_id":47,"seen_nodes":["n3","n4","n1","n0"],"type":"gossip_ok"}}
2025/04/21 10:14:44 Sent {"src":"n0","dest":"n3","body":{"already_seen":true,"in_reply_to":20,"msg_id":55,"seen_nodes":["n0","n1","n4","n2","n3"],"type":"gossip_ok"}}
2025/04/21 10:14:44 Received {n3 n0 {"data_id":"c13_7","message":17,"msg_id":21,"seen_nodes":["n3","n0"],"type":"gossip"}}
2025/04/21 10:14:44 Sent {"src":"n0","dest":"n1","body":{"data_id":"c13_7","message":17,"msg_id":25,"seen_nodes":["n0","n3","n1"],"type":"gossip"}}
2025/04/21 10:14:44 Sent {"src":"n0","dest":"n3","body":{"already_seen":false,"in_reply_to":21,"msg_id":57,"seen_nodes":["n0","n3","n1"],"type":"gossip_ok"}}
2025/04/21 10:14:44 Received {n1 n0 {"already_seen":false,"in_reply_to":25,"msg_id":72,"seen_nodes":["n1","n0","n3","n4","n2"],"type":"gossip_ok"}}
2025/04/21 10:14:44 Received {n3 n0 {"data_id":"c14_7","message":18,"msg_id":23,"seen_nodes":["n3","n4","n1","n0"],"type":"gossip"}}
2025/04/21 10:14:44 Received {n1 n0 {"data_id":"c14_7","message":18,"msg_id":42,"seen_nodes":["n1","n4","n2","n0"],"type":"gossip"}}
2025/04/21 10:14:44 Sent {"src":"n0","dest":"n3","body":{"already_seen":false,"in_reply_to":23,"msg_id":58,"seen_nodes":["n0","n3","n4","n1"],"type":"gossip_ok"}}
2025/04/21 10:14:44 Sent {"src":"n0","dest":"n1","body":{"already_seen":true,"in_reply_to":42,"msg_id":59,"seen_nodes":["n0","n3","n4","n1"],"type":"gossip_ok"}}
2025/04/21 10:14:44 Received {c10 n0 {"type":"broadcast","message":19,"msg_id":14}}
2025/04/21 10:14:44 Sent {"src":"n0","dest":"n3","body":{"data_id":"c10_14","message":19,"msg_id":26,"seen_nodes":["n0","n3"],"type":"gossip"}}
2025/04/21 10:14:44 Sent {"src":"n0","dest":"n1","body":{"data_id":"c10_14","message":19,"msg_id":27,"seen_nodes":["n0","n3","n1"],"type":"gossip"}}
2025/04/21 10:14:44 Sent {"src":"n0","dest":"c10","body":{"in_reply_to":14,"msg_id":62,"type":"broadcast_ok"}}
2025/04/21 10:14:44 Received {n1 n0 {"already_seen":false,"in_reply_to":27,"msg_id":79,"seen_nodes":["n1","n0","n3","n4","n2"],"type":"gossip_ok"}}
2025/04/21 10:14:44 Received {n3 n0 {"already_seen":false,"in_reply_to":26,"msg_id":55,"seen_nodes":["n3","n0","n4"],"type":"gossip_ok"}}
2025/04/21 10:14:44 Received {c10 n0 {"type":"broadcast","message":20,"msg_id":15}}
2025/04/21 10:14:44 Sent {"src":"n0","dest":"n3","body":{"data_id":"c10_15","message":20,"msg_id":28,"seen_nodes":["n0","n3"],"type":"gossip"}}
2025/04/21 10:14:44 Sent {"src":"n0","dest":"n1","body":{"data_id":"c10_15","message":20,"msg_id":29,"seen_nodes":["n0","n3","n1"],"type":"gossip"}}
2025/04/21 10:14:44 Sent {"src":"n0","dest":"c10","body":{"in_reply_to":15,"msg_id":65,"type":"broadcast_ok"}}
2025/04/21 10:14:44 Received {n3 n0 {"already_seen":false,"in_reply_to":28,"msg_id":57,"seen_nodes":["n3","n0","n4"],"type":"gossip_ok"}}
2025/04/21 10:14:44 Received {n1 n0 {"already_seen":false,"in_reply_to":29,"msg_id":82,"seen_nodes":["n1","n0","n3","n4","n2"],"type":"gossip_ok"}}
2025/04/21 10:14:45 Received {n1 n0 {"data_id":"c11_8","message":21,"msg_id":49,"seen_nodes":["n1","n4","n2","n0"],"type":"gossip"}}
2025/04/21 10:14:45 Sent {"src":"n0","dest":"n3","body":{"data_id":"c11_8","message":21,"msg_id":30,"seen_nodes":["n0","n1","n4","n2","n3"],"type":"gossip"}}
2025/04/21 10:14:45 Sent {"src":"n0","dest":"n1","body":{"already_seen":false,"in_reply_to":49,"msg_id":67,"seen_nodes":["n0","n1","n4","n2","n3"],"type":"gossip_ok"}}
2025/04/21 10:14:45 Received {n3 n0 {"data_id":"c11_8","message":21,"msg_id":26,"seen_nodes":["n3","n4","n1","n0"],"type":"gossip"}}
2025/04/21 10:14:45 Sent {"src":"n0","dest":"n3","body":{"already_seen":true,"in_reply_to":26,"msg_id":68,"seen_nodes":["n0","n1","n4","n2","n3"],"type":"gossip_ok"}}
2025/04/21 10:14:45 Received {n3 n0 {"already_seen":true,"in_reply_to":30,"msg_id":60,"seen_nodes":["n3","n4","n1","n0"],"type":"gossip_ok"}}
2025/04/21 10:14:45 Received {n3 n0 {"data_id":"c13_8","message":22,"msg_id":27,"seen_nodes":["n3","n0"],"type":"gossip"}}
2025/04/21 10:14:45 Sent {"src":"n0","dest":"n1","body":{"data_id":"c13_8","message":22,"msg_id":31,"seen_nodes":["n0","n3","n1"],"type":"gossip"}}
2025/04/21 10:14:45 Sent {"src":"n0","dest":"n3","body":{"already_seen":false,"in_reply_to":27,"msg_id":70,"seen_nodes":["n0","n3","n1"],"type":"gossip_ok"}}
2025/04/21 10:14:45 Received {n1 n0 {"already_seen":false,"in_reply_to":31,"msg_id":91,"seen_nodes":["n1","n0","n3","n4","n2"],"type":"gossip_ok"}}
2025/04/21 10:14:45 Received {n3 n0 {"data_id":"c14_8","message":23,"msg_id":29,"seen_nodes":["n3","n4","n1","n0"],"type":"gossip"}}
2025/04/21 10:14:45 Received {n1 n0 {"data_id":"c14_8","message":23,"msg_id":53,"seen_nodes":["n1","n4","n2","n0"],"type":"gossip"}}
2025/04/21 10:14:45 Sent {"src":"n0","dest":"n3","body":{"already_seen":false,"in_reply_to":29,"msg_id":71,"seen_nodes":["n0","n3","n4","n1"],"type":"gossip_ok"}}
2025/04/21 10:14:45 Sent {"src":"n0","dest":"n1","body":{"already_seen":true,"in_reply_to":53,"msg_id":72,"seen_nodes":["n0","n3","n4","n1"],"type":"gossip_ok"}}
2025/04/21 10:14:45 Received {c10 n0 {"type":"read","msg_id":16}}
2025/04/21 10:14:45 Sent {"src":"n0","dest":"c10","body":{"in_reply_to":16,"messages":[15,1,6,12,10,16,19,23,2,5,7,11,17,21,22,0,8,9,14,18,20,3,4,13],"msg_id":73,"type":"read_ok"}}
2025/04/21 10:14:45 Received {c10 n0 {"type":"broadcast","message":24,"msg_id":17}}
2025/04/21 10:14:45 Sent {"src":"n0","dest":"n3","body":{"data_id":"c10_17","message":24,"msg_id":32,"seen_nodes":["n0","n3"],"type":"gossip"}}
2025/04/21 10:14:45 Sent {"src":"n0","dest":"n1","body":{"data_id":"c10_17","message":24,"msg_id":33,"seen_nodes":["n0","n3","n1"],"type":"gossip"}}
2025/04/21 10:14:45 Sent {"src":"n0","dest":"c10","body":{"in_reply_to":17,"msg_id":76,"type":"broadcast_ok"}}
2025/04/21 10:14:45 Received {n3 n0 {"already_seen":false,"in_reply_to":32,"msg_id":67,"seen_nodes":["n3","n0","n4"],"type":"gossip_ok"}}
2025/04/21 10:14:45 Received {n1 n0 {"already_seen":false,"in_reply_to":33,"msg_id":97,"seen_nodes":["n1","n0","n3","n4","n2"],"type":"gossip_ok"}}
2025/04/21 10:14:45 Received {n1 n0 {"data_id":"c11_9","message":25,"msg_id":58,"seen_nodes":["n1","n4","n2","n0"],"type":"gossip"}}
2025/04/21 10:14:45 Sent {"src":"n0","dest":"n3","body":{"data_id":"c11_9","message":25,"msg_id":34,"seen_nodes":["n0","n1","n4","n2","n3"],"type":"gossip"}}
2025/04/21 10:14:45 Sent {"src":"n0","dest":"n1","body":{"already_seen":false,"in_reply_to":58,"msg_id":78,"seen_nodes":["n0","n1","n4","n2","n3"],"type":"gossip_ok"}}
2025/04/21 10:14:45 Received {n3 n0 {"data_id":"c11_9","message":25,"msg_id":31,"seen_nodes":["n3","n4","n1","n0"],"type":"gossip"}}
2025/04/21 10:14:45 Sent {"src":"n0","dest":"n3","body":{"already_seen":true,"in_reply_to":31,"msg_id":79,"seen_nodes":["n0","n1","n4","n2","n3"],"type":"gossip_ok"}}
2025/04/21 10:14:45 Received {n3 n0 {"already_seen":true,"in_reply_to":34,"msg_id":70,"seen_nodes":["n3","n4","n1","n0"],"type":"gossip_ok"}}
2025/04/21 10:14:45 Received {n1 n0 {"data_id":"c12_9","message":26,"msg_id":60,"seen_nodes":["n1","n2","n4","n0"],"type":"gossip"}}
2025/04/21 10:14:45 Sent {"src":"n0","dest":"n3","body":{"data_id":"c12_9","message":26,"msg_id":35,"seen_nodes":["n0","n1","n2","n4","n3"],"type":"gossip"}}
2025/04/21 10:14:45 Sent {"src":"n0","dest":"n1","body":{"already_seen":false,"in_reply_to":60,"msg_id":81,"seen_nodes":["n0","n1","n2","n4","n3"],"type":"gossip_ok"}}
2025/04/21 10:14:45 Received {n3 n0 {"data_id":"c12_9","message":26,"msg_id":32,"seen_nodes":["n3","n4","n1","n2","n0"],"type":"gossip"}}
2025/04/21 10:14:45 Sent {"src":"n0","dest":"n3","body":{"already_seen":true,"in_reply_to":32,"msg_id":82,"seen_nodes":["n0","n1","n2","n4","n3"],"type":"gossip_ok"}}
2025/04/21 10:14:45 Received {n3 n0 {"already_seen":true,"in_reply_to":35,"msg_id":72,"seen_nodes":["n3","n4","n1","n2","n0"],"type":"gossip_ok"}}
2025/04/21 10:14:45 Received {n3 n0 {"data_id":"c13_9","message":27,"msg_id":33,"seen_nodes":["n3","n0"],"type":"gossip"}}
2025/04/21 10:14:45 Sent {"src":"n0","dest":"n1","body":{"data_id":"c13_9","message":27,"msg_id":36,"seen_nodes":["n0","n3","n1"],"type":"gossip"}}
2025/04/21 10:14:45 Sent {"src":"n0","dest":"n3","body":{"already_seen":false,"in_reply_to":33,"msg_id":84,"seen_nodes":["n0","n3","n1"],"type":"gossip_ok"}}
2025/04/21 10:14:45 Received {n1 n0 {"already_seen":true,"in_reply_to":36,"msg_id":108,"seen_nodes":["n1","n4","n3","n0","n2"],"type":"gossip_ok"}}
2025/04/21 10:14:46 Received {c10 n0 {"type":"read","msg_id":18}}
2025/04/21 10:14:46 Sent {"src":"n0","dest":"c10","body":{"in_reply_to":18,"messages":[2,5,16,9,11,17,22,4,24,1,6,15,7,10,19,23,26,0,8,21,27,3,13,14,18,20,12,25],"msg_id":85,"type":"read_ok"}}
2025/04/21 10:14:46 Received {c10 n0 {"type":"read","msg_id":19}}
2025/04/21 10:14:46 Sent {"src":"n0","dest":"c10","body":{"in_reply_to":19,"messages":[0,8,21,27,3,13,14,18,20,12,25,2,5,16,9,11,17,22,4,24,1,6,15,7,10,19,23,26],"msg_id":86,"type":"read_ok"}}
2025/04/21 10:14:46 Received {n1 n0 {"data_id":"c11_10","message":28,"msg_id":64,"seen_nodes":["n1","n4","n2","n0"],"type":"gossip"}}
2025/04/21 10:14:46 Sent {"src":"n0","dest":"n3","body":{"data_id":"c11_10","message":28,"msg_id":37,"seen_nodes":["n0","n1","n4","n2","n3"],"type":"gossip"}}
2025/04/21 10:14:46 Sent {"src":"n0","dest":"n1","body":{"already_seen":false,"in_reply_to":64,"msg_id":88,"seen_nodes":["n0","n1","n4","n2","n3"],"type":"gossip_ok"}}
2025/04/21 10:14:46 Received {n3 n0 {"already_seen":false,"in_reply_to":37,"msg_id":78,"seen_nodes":["n3","n0","n1","n4","n2"],"type":"gossip_ok"}}
2025/04/21 10:14:46 Received {n1 n0 {"data_id":"c14_10","message":29,"msg_id":66,"seen_nodes":["n1","n4","n2","n0"],"type":"gossip"}}
2025/04/21 10:14:46 Received {n3 n0 {"data_id":"c14_10","message":29,"msg_id":35,"seen_nodes":["n3","n4","n1","n0"],"type":"gossip"}}
2025/04/21 10:14:46 Sent {"src":"n0","dest":"n3","body":{"data_id":"c14_10","message":29,"msg_id":38,"seen_nodes":["n0","n1","n4","n2","n3"],"type":"gossip"}}
2025/04/21 10:14:46 Sent {"src":"n0","dest":"n1","body":{"already_seen":false,"in_reply_to":66,"msg_id":90,"seen_nodes":["n0","n1","n4","n2","n3"],"type":"gossip_ok"}}
2025/04/21 10:14:46 Sent {"src":"n0","dest":"n3","body":{"already_seen":true,"in_reply_to":35,"msg_id":91,"seen_nodes":["n0","n1","n4","n2","n3"],"type":"gossip_ok"}}
2025/04/21 10:14:46 Received {n3 n0 {"already_seen":true,"in_reply_to":38,"msg_id":82,"seen_nodes":["n3","n4","n1","n0"],"type":"gossip_ok"}}
2025/04/21 10:14:47 Received {c10 n0 {"type":"broadcast","message":30,"msg_id":20}}
2025/04/21 10:14:47 Sent {"src":"n0","dest":"n3","body":{"data_id":"c10_20","message":30,"msg_id":39,"seen_nodes":["n0","n3"],"type":"gossip"}}
2025/04/21 10:14:47 Sent {"src":"n0","dest":"n1","body":{"data_id":"c10_20","message":30,"msg_id":40,"seen_nodes":["n0","n3","n1"],"type":"gossip"}}
2025/04/21 10:14:47 Sent {"src":"n0","dest":"c10","body":{"in_reply_to":20,"msg_id":94,"type":"broadcast_ok"}}
2025/04/21 10:14:47 Received {n3 n0 {"already_seen":false,"in_reply_to":39,"msg_id":84,"seen_nodes":["n3","n0","n4"],"type":"gossip_ok"}}
2025/04/21 10:14:47 Received {n1 n0 {"already_seen":false,"in_reply_to":40,"msg_id":118,"seen_nodes":["n1","n0","n3","n4","n2"],"type":"gossip_ok"}}
2025/04/21 10:14:47 Received {c10 n0 {"type":"broadcast","message":31,"msg_id":21}}
2025/04/21 10:14:47 Sent {"src":"n0","dest":"n3","body":{"data_id":"c10_21","message":31,"msg_id":41,"seen_nodes":["n0","n3"],"type":"gossip"}}
2025/04/21 10:14:47 Sent {"src":"n0","dest":"n1","body":{"data_id":"c10_21","message":31,"msg_id":42,"seen_nodes":["n0","n3","n1"],"type":"gossip"}}
2025/04/21 10:14:47 Sent {"src":"n0","dest":"c10","body":{"in_reply_to":21,"msg_id":97,"type":"broadcast_ok"}}
2025/04/21 10:14:47 Received {n3 n0 {"already_seen":false,"in_reply_to":41,"msg_id":86,"seen_nodes":["n3","n0","n4"],"type":"gossip_ok"}}
2025/04/21 10:14:47 Received {n1 n0 {"already_seen":false,"in_reply_to":42,"msg_id":122,"seen_nodes":["n1","n0","n3","n4","n2"],"type":"gossip_ok"}}
2025/04/21 10:14:47 Received {n1 n0 {"data_id":"c11_11","message":32,"msg_id":73,"seen_nodes":["n1","n4","n2","n0"],"type":"gossip"}}
2025/04/21 10:14:47 Sent {"src":"n0","dest":"n3","body":{"data_id":"c11_11","message":32,"msg_id":43,"seen_nodes":["n0","n1","n4","n2","n3"],"type":"gossip"}}
2025/04/21 10:14:47 Sent {"src":"n0","dest":"n1","body":{"already_seen":false,"in_reply_to":73,"msg_id":99,"seen_nodes":["n0","n1","n4","n2","n3"],"type":"gossip_ok"}}
2025/04/21 10:14:47 Received {n3 n0 {"data_id":"c11_11","message":32,"msg_id":38,"seen_nodes":["n3","n4","n1","n0"],"type":"gossip"}}
2025/04/21 10:14:47 Received {n3 n0 {"already_seen":true,"in_reply_to":43,"msg_id":88,"seen_nodes":["n3","n4","n1","n0"],"type":"gossip_ok"}}
2025/04/21 10:14:47 Sent {"src":"n0","dest":"n3","body":{"already_seen":true,"in_reply_to":38,"msg_id":100,"seen_nodes":["n0","n1","n4","n2","n3"],"type":"gossip_ok"}}
2025/04/21 10:14:47 Received {c10 n0 {"type":"broadcast","message":33,"msg_id":22}}
2025/04/21 10:14:47 Sent {"src":"n0","dest":"n3","body":{"data_id":"c10_22","message":33,"msg_id":44,"seen_nodes":["n0","n3"],"type":"gossip"}}
2025/04/21 10:14:47 Sent {"src":"n0","dest":"n1","body":{"data_id":"c10_22","message":33,"msg_id":45,"seen_nodes":["n0","n3","n1"],"type":"gossip"}}
2025/04/21 10:14:47 Sent {"src":"n0","dest":"c10","body":{"in_reply_to":22,"msg_id":103,"type":"broadcast_ok"}}
2025/04/21 10:14:47 Received {n3 n0 {"already_seen":false,"in_reply_to":44,"msg_id":92,"seen_nodes":["n3","n0","n4"],"type":"gossip_ok"}}
2025/04/21 10:14:47 Received {n1 n0 {"already_seen":false,"in_reply_to":45,"msg_id":129,"seen_nodes":["n1","n0","n3","n4","n2"],"type":"gossip_ok"}}
2025/04/21 10:14:47 Received {c10 n0 {"type":"read","msg_id":23}}
2025/04/21 10:14:47 Sent {"src":"n0","dest":"c10","body":{"in_reply_to":23,"messages":[22,9,11,17,33,4,24,30,28,1,6,15,23,26,7,10,19,27,0,8,21,18,20,3,13,14,31,32,12,25,29,2,5,16],"msg_id":104,"type":"read_ok"}}
2025/04/21 10:14:47 Received {n1 n0 {"data_id":"c11_12","message":34,"msg_id":78,"seen_nodes":["n1","n4","n2","n0"],"type":"gossip"}}
2025/04/21 10:14:47 Sent {"src":"n0","dest":"n3","body":{"data_id":"c11_12","message":34,"msg_id":46,"seen_nodes":["n0","n1","n4","n2","n3"],"type":"gossip"}}
2025/04/21 10:14:47 Sent {"src":"n0","dest":"n1","body":{"already_seen":false,"in_reply_to":78,"msg_id":106,"seen_nodes":["n0","n1","n4","n2","n3"],"type":"gossip_ok"}}
2025/04/21 10:14:47 Received {n3 n0 {"data_id":"c11_12","message":34,"msg_id":40,"seen_nodes":["n3","n4","n1","n0"],"type":"gossip"}}
2025/04/21 10:14:47 Received {n3 n0 {"already_seen":true,"in_reply_to":46,"msg_id":95,"seen_nodes":["n3","n4","n1","n0"],"type":"gossip_ok"}}
2025/04/21 10:14:47 Sent {"src":"n0","dest":"n3","body":{"already_seen":true,"in_reply_to":40,"msg_id":107,"seen_nodes":["n0","n1","n4","n2","n3"],"type":"gossip_ok"}}
2025/04/21 10:14:47 Received {n3 n0 {"data_id":"c14_12","message":35,"msg_id":41,"seen_nodes":["n3","n4","n1","n0"],"type":"gossip"}}
2025/04/21 10:14:47 Received {n1 n0 {"data_id":"c14_12","message":35,"msg_id":80,"seen_nodes":["n1","n4","n2","n0"],"type":"gossip"}}
2025/04/21 10:14:47 Sent {"src":"n0","dest":"n3","body":{"already_seen":false,"in_reply_to":41,"msg_id":108,"seen_nodes":["n0","n3","n4","n1"],"type":"gossip_ok"}}
2025/04/21 10:14:47 Sent {"src":"n0","dest":"n1","body":{"already_seen":true,"in_reply_to":80,"msg_id":109,"seen_nodes":["n0","n3","n4","n1"],"type":"gossip_ok"}}
2025/04/21 10:14:48 Received {c10 n0 {"type":"read","msg_id":24}}
2025/04/21 10:14:48 Sent {"src":"n0","dest":"c10","body":{"in_reply_to":24,"messages":[16,2,5,17,22,9,11,30,33,4,24,15,28,1,6,19,23,26,7,10,21,27,34,0,8,14,18,20,3,13,29,31,32,35,12,25],"msg_id":110,"type":"read_ok"}}
2025/04/21 10:14:48 Received {c10 n0 {"type":"read","msg_id":25}}
2025/04/21 10:14:48 Sent {"src":"n0","dest":"c10","body":{"in_reply_to":25,"messages":[9,11,17,22,4,24,30,33,1,6,15,28,7,10,19,23,26,0,8,21,27,34,3,13,14,18,20,35,12,25,29,31,32,2,5,16],"msg_id":111,"type":"read_ok"}}
2025/04/21 10:14:48 Received {n1 n0 {"data_id":"c12_13","message":36,"msg_id":82,"seen_nodes":["n1","n2","n4","n0"],"type":"gossip"}}
2025/04/21 10:14:48 Sent {"src":"n0","dest":"n3","body":{"data_id":"c12_13","message":36,"msg_id":47,"seen_nodes":["n0","n1","n2","n4","n3"],"type":"gossip"}}
2025/04/21 10:14:48 Sent {"src":"n0","dest":"n1","body":{"already_seen":false,"in_reply_to":82,"msg_id":113,"seen_nodes":["n0","n1","n2","n4","n3"],"type":"gossip_ok"}}
2025/04/21 10:14:48 Received {n3 n0 {"data_id":"c12_13","message":36,"msg_id":42,"seen_nodes":["n3","n4","n1","n2","n0"],"type":"gossip"}}
2025/04/21 10:14:48 Received {n3 n0 {"already_seen":true,"in_reply_to":47,"msg_id":100,"seen_nodes":["n3","n4","n1","n2","n0"],"type":"gossip_ok"}}
2025/04/21 10:14:48 Sent {"src":"n0","dest":"n3","body":{"already_seen":true,"in_reply_to":42,"msg_id":114,"seen_nodes":["n0","n1","n2","n4","n3"],"type":"gossip_ok"}}
2025/04/21 10:14:48 Received {n3 n0 {"data_id":"c13_13","message":37,"msg_id":43,"seen_nodes":["n3","n0"],"type":"gossip"}}
2025/04/21 10:14:48 Sent {"src":"n0","dest":"n1","body":{"data_id":"c13_13","message":37,"msg_id":48,"seen_nodes":["n0","n3","n1"],"type":"gossip"}}
2025/04/21 10:14:48 Sent {"src":"n0","dest":"n3","body":{"already_seen":false,"in_reply_to":43,"msg_id":116,"seen_nodes":["n0","n3","n1"],"type":"gossip_ok"}}
2025/04/21 10:14:48 Received {n1 n0 {"already_seen":false,"in_reply_to":48,"msg_id":145,"seen_nodes":["n1","n0","n3","n4","n2"],"type":"gossip_ok"}}
2025/04/21 10:14:48 Received {c10 n0 {"type":"read","msg_id":26}}
2025/04/21 10:14:48 Sent {"src":"n0","dest":"c10","body":{"in_reply_to":26,"messages":[4,24,30,33,1,6,15,28,36,37,7,10,19,23,26,0,8,21,27,34,3,13,14,18,20,12,25,29,31,32,35,2,5,16,9,11,17,22],"msg_id":117,"type":"read_ok"}}
2025/04/21 10:14:48 Received {c10 n0 {"type":"read","msg_id":27}}
2025/04/21 10:14:48 Sent {"src":"n0","dest":"c10","body":{"in_reply_to":27,"messages":[33,4,24,30,28,36,37,1,6,15,23,26,7,10,19,27,34,0,8,21,18,20,3,13,14,31,32,35,12,25,29,2,5,16,22,9,11,17],"msg_id":118,"type":"read_ok"}}
2025/04/21 10:14:49 Received {n1 n0 {"data_id":"c12_14","message":38,"msg_id":86,"seen_nodes":["n1","n2","n4","n0"],"type":"gossip"}}
2025/04/21 10:14:49 Sent {"src":"n0","dest":"n3","body":{"data_id":"c12_14","message":38,"msg_id":49,"seen_nodes":["n0","n1","n2","n4","n3"],"type":"gossip"}}
2025/04/21 10:14:49 Sent {"src":"n0","dest":"n1","body":{"already_seen":false,"in_reply_to":86,"msg_id":120,"seen_nodes":["n0","n1","n2","n4","n3"],"type":"gossip_ok"}}
2025/04/21 10:14:49 Received {n3 n0 {"data_id":"c12_14","message":38,"msg_id":45,"seen_nodes":["n3","n4","n1","n2","n0"],"type":"gossip"}}
2025/04/21 10:14:49 Received {n3 n0 {"already_seen":true,"in_reply_to":49,"msg_id":106,"seen_nodes":["n3","n4","n1","n2","n0"],"type":"gossip_ok"}}
2025/04/21 10:14:49 Sent {"src":"n0","dest":"n3","body":{"already_seen":true,"in_reply_to":45,"msg_id":121,"seen_nodes":["n0","n1","n2","n4","n3"],"type":"gossip_ok"}}
2025/04/21 10:14:49 Received {n3 n0 {"data_id":"c13_14","message":39,"msg_id":46,"seen_nodes":["n3","n0"],"type":"gossip"}}
2025/04/21 10:14:49 Sent {"src":"n0","dest":"n1","body":{"data_id":"c13_14","message":39,"msg_id":50,"seen_nodes":["n0","n3","n1"],"type":"gossip"}}
2025/04/21 10:14:49 Sent {"src":"n0","dest":"n3","body":{"already_seen":false,"in_reply_to":46,"msg_id":123,"seen_nodes":["n0","n3","n1"],"type":"gossip_ok"}}
2025/04/21 10:14:49 Received {n1 n0 {"already_seen":true,"in_reply_to":50,"msg_id":152,"seen_nodes":["n1","n4","n3","n0","n2"],"type":"gossip_ok"}}
2025/04/21 10:14:49 Received {c10 n0 {"type":"broadcast","message":40,"msg_id":28}}
2025/04/21 10:14:49 Sent {"src":"n0","dest":"n3","body":{"data_id":"c10_28","message":40,"msg_id":51,"seen_nodes":["n0","n3"],"type":"gossip"}}
2025/04/21 10:14:49 Sent {"src":"n0","dest":"n1","body":{"data_id":"c10_28","message":40,"msg_id":52,"seen_nodes":["n0","n3","n1"],"type":"gossip"}}
2025/04/21 10:14:49 Sent {"src":"n0","dest":"c10","body":{"in_reply_to":28,"msg_id":126,"type":"broadcast_ok"}}
2025/04/21 10:14:49 Received {n3 n0 {"already_seen":false,"in_reply_to":51,"msg_id":112,"seen_nodes":["n3","n0","n4"],"type":"gossip_ok"}}
2025/04/21 10:14:49 Received {n1 n0 {"already_seen":false,"in_reply_to":52,"msg_id":155,"seen_nodes":["n1","n0","n3","n4","n2"],"type":"gossip_ok"}}
2025/04/21 10:14:49 Received {c10 n0 {"type":"read","msg_id":29}}
2025/04/21 10:14:49 Sent {"src":"n0","dest":"c10","body":{"in_reply_to":29,"messages":[9,11,17,22,4,24,30,33,1,6,15,28,36,37,7,10,19,23,26,0,8,21,27,34,40,3,13,14,18,20,38,12,25,29,31,32,35,2,5,16,39],"msg_id":127,"type":"read_ok"}}
2025/04/21 10:14:49 Received {n1 n0 {"data_id":"c12_15","message":41,"msg_id":91,"seen_nodes":["n1","n2","n4","n0"],"type":"gossip"}}
2025/04/21 10:14:49 Sent {"src":"n0","dest":"n3","body":{"data_id":"c12_15","message":41,"msg_id":53,"seen_nodes":["n0","n1","n2","n4","n3"],"type":"gossip"}}
2025/04/21 10:14:49 Sent {"src":"n0","dest":"n1","body":{"already_seen":false,"in_reply_to":91,"msg_id":129,"seen_nodes":["n0","n1","n2","n4","n3"],"type":"gossip_ok"}}
2025/04/21 10:14:49 Received {n3 n0 {"already_seen":true,"in_reply_to":53,"msg_id":114,"seen_nodes":["n3","n4","n1","n2","n0"],"type":"gossip_ok"}}
2025/04/21 10:14:49 Received {n3 n0 {"data_id":"c12_15","message":41,"msg_id":49,"seen_nodes":["n3","n4","n1","n2","n0"],"type":"gossip"}}
2025/04/21 10:14:49 Sent {"src":"n0","dest":"n3","body":{"already_seen":true,"in_reply_to":49,"msg_id":130,"seen_nodes":["n0","n1","n2","n4","n3"],"type":"gossip_ok"}}
2025/04/21 10:14:49 Received {n3 n0 {"data_id":"c14_15","message":42,"msg_id":50,"seen_nodes":["n3","n4","n1","n0"],"type":"gossip"}}
2025/04/21 10:14:49 Received {n1 n0 {"data_id":"c14_15","message":42,"msg_id":93,"seen_nodes":["n1","n4","n2","n0"],"type":"gossip"}}
2025/04/21 10:14:49 Sent {"src":"n0","dest":"n3","body":{"already_seen":false,"in_reply_to":50,"msg_id":131,"seen_nodes":["n0","n3","n4","n1"],"type":"gossip_ok"}}
2025/04/21 10:14:49 Sent {"src":"n0","dest":"n1","body":{"already_seen":true,"in_reply_to":93,"msg_id":132,"seen_nodes":["n0","n3","n4","n1"],"type":"gossip_ok"}}
2025/04/21 10:14:50 Received {c10 n0 {"type":"broadcast","message":43,"msg_id":30}}
2025/04/21 10:14:50 Sent {"src":"n0","dest":"n3","body":{"data_id":"c10_30","message":43,"msg_id":54,"seen_nodes":["n0","n3"],"type":"gossip"}}
2025/04/21 10:14:50 Sent {"src":"n0","dest":"n1","body":{"data_id":"c10_30","message":43,"msg_id":55,"seen_nodes":["n0","n3","n1"],"type":"gossip"}}
2025/04/21 10:14:50 Sent {"src":"n0","dest":"c10","body":{"in_reply_to":30,"msg_id":135,"type":"broadcast_ok"}}
2025/04/21 10:14:50 Received {n3 n0 {"already_seen":false,"in_reply_to":54,"msg_id":120,"seen_nodes":["n3","n0","n4"],"type":"gossip_ok"}}
2025/04/21 10:14:50 Received {n1 n0 {"already_seen":false,"in_reply_to":55,"msg_id":166,"seen_nodes":["n1","n0","n3","n4","n2"],"type":"gossip_ok"}}
2025/04/21 10:14:50 Received {c10 n0 {"type":"broadcast","message":44,"msg_id":31}}
2025/04/21 10:14:50 Sent {"src":"n0","dest":"n3","body":{"data_id":"c10_31","message":44,"msg_id":56,"seen_nodes":["n0","n3"],"type":"gossip"}}
2025/04/21 10:14:50 Sent {"src":"n0","dest":"n1","body":{"data_id":"c10_31","message":44,"msg_id":57,"seen_nodes":["n0","n3","n1"],"type":"gossip"}}
2025/04/21 10:14:50 Sent {"src":"n0","dest":"c10","body":{"in_reply_to":31,"msg_id":138,"type":"broadcast_ok"}}
2025/04/21 10:14:50 Received {n3 n0 {"already_seen":false,"in_reply_to":56,"msg_id":122,"seen_nodes":["n3","n0","n4"],"type":"gossip_ok"}}
2025/04/21 10:14:50 Received {n1 n0 {"already_seen":false,"in_reply_to":57,"msg_id":170,"seen_nodes":["n1","n0","n3","n4","n2"],"type":"gossip_ok"}}
2025/04/21 10:14:50 Received {n1 n0 {"data_id":"c12_16","message":45,"msg_id":99,"seen_nodes":["n1","n2","n4","n0"],"type":"gossip"}}
2025/04/21 10:14:50 Sent {"src":"n0","dest":"n3","body":{"data_id":"c12_16","message":45,"msg_id":58,"seen_nodes":["n0","n1","n2","n4","n3"],"type":"gossip"}}
2025/04/21 10:14:50 Sent {"src":"n0","dest":"n1","body":{"already_seen":false,"in_reply_to":99,"msg_id":140,"seen_nodes":["n0","n1","n2","n4","n3"],"type":"gossip_ok"}}
2025/04/21 10:14:50 Received {n3 n0 {"data_id":"c12_16","message":45,"msg_id":53,"seen_nodes":["n3","n4","n1","n2","n0"],"type":"gossip"}}
2025/04/21 10:14:50 Received {n3 n0 {"already_seen":true,"in_reply_to":58,"msg_id":125,"seen_nodes":["n3","n4","n1","n2","n0"],"type":"gossip_ok"}}
2025/04/21 10:14:50 Sent {"src":"n0","dest":"n3","body":{"already_seen":true,"in_reply_to":53,"msg_id":141,"seen_nodes":["n0","n1","n2","n4","n3"],"type":"gossip_ok"}}
2025/04/21 10:14:50 Received {c10 n0 {"type":"broadcast","message":46,"msg_id":32}}
2025/04/21 10:14:50 Sent {"src":"n0","dest":"n3","body":{"data_id":"c10_32","message":46,"msg_id":59,"seen_nodes":["n0","n3"],"type":"gossip"}}
2025/04/21 10:14:50 Sent {"src":"n0","dest":"n1","body":{"data_id":"c10_32","message":46,"msg_id":60,"seen_nodes":["n0","n3","n1"],"type":"gossip"}}
2025/04/21 10:14:50 Sent {"src":"n0","dest":"c10","body":{"in_reply_to":32,"msg_id":144,"type":"broadcast_ok"}}
2025/04/21 10:14:50 Received {n3 n0 {"already_seen":false,"in_reply_to":59,"msg_id":128,"seen_nodes":["n3","n0","n4"],"type":"gossip_ok"}}
2025/04/21 10:14:50 Received {n1 n0 {"already_seen":false,"in_reply_to":60,"msg_id":177,"seen_nodes":["n1","n0","n3","n4","n2"],"type":"gossip_ok"}}
2025/04/21 10:14:50 Received {c10 n0 {"type":"read","msg_id":33}}
2025/04/21 10:14:50 Sent {"src":"n0","dest":"c10","body":{"in_reply_to":33,"messages":[16,39,41,2,5,17,22,9,11,30,33,46,4,24,15,28,36,37,1,6,19,23,26,7,10,21,27,34,40,42,43,0,8,44,14,18,20,38,3,13,29,31,32,35,45,12,25],"msg_id":145,"type":"read_ok"}}
2025/04/21 10:14:50 Received {n1 n0 {"data_id":"c11_17","message":47,"msg_id":104,"seen_nodes":["n1","n4","n2","n0"],"type":"gossip"}}
2025/04/21 10:14:50 Sent {"src":"n0","dest":"n3","body":{"data_id":"c11_17","message":47,"msg_id":61,"seen_nodes":["n0","n1","n4","n2","n3"],"type":"gossip"}}
2025/04/21 10:14:50 Sent {"src":"n0","dest":"n1","body":{"already_seen":false,"in_reply_to":104,"msg_id":147,"seen_nodes":["n0","n1","n4","n2","n3"],"type":"gossip_ok"}}
2025/04/21 10:14:50 Received {n3 n0 {"data_id":"c11_17","message":47,"msg_id":55,"seen_nodes":["n3","n4","n1","n0"],"type":"gossip"}}
2025/04/21 10:14:50 Received {n3 n0 {"already_seen":true,"in_reply_to":61,"msg_id":129,"seen_nodes":["n3","n4","n1"],"type":"gossip_ok"}}
2025/04/21 10:14:50 Sent {"src":"n0","dest":"n3","body":{"already_seen":true,"in_reply_to":55,"msg_id":148,"seen_nodes":["n0","n1","n4","n2","n3"],"type":"gossip_ok"}}
2025/04/21 10:14:50 Received {n1 n0 {"data_id":"c14_17","message":48,"msg_id":106,"seen_nodes":["n1","n4","n2","n0"],"type":"gossip"}}
2025/04/21 10:14:50 Sent {"src":"n0","dest":"n3","body":{"data_id":"c14_17","message":48,"msg_id":62,"seen_nodes":["n0","n1","n4","n2","n3"],"type":"gossip"}}
2025/04/21 10:14:50 Sent {"src":"n0","dest":"n1","body":{"already_seen":false,"in_reply_to":106,"msg_id":150,"seen_nodes":["n0","n1","n4","n2","n3"],"type":"gossip_ok"}}
2025/04/21 10:14:50 Received {n3 n0 {"data_id":"c14_17","message":48,"msg_id":56,"seen_nodes":["n3","n4","n1","n0"],"type":"gossip"}}
2025/04/21 10:14:50 Sent {"src":"n0","dest":"n3","body":{"already_seen":true,"in_reply_to":56,"msg_id":151,"seen_nodes":["n0","n1","n4","n2","n3"],"type":"gossip_ok"}}
2025/04/21 10:14:50 Received {n3 n0 {"already_seen":true,"in_reply_to":62,"msg_id":135,"seen_nodes":["n3","n4","n1","n0"],"type":"gossip_ok"}}
2025/04/21 10:14:51 Received {c10 n0 {"type":"broadcast","message":49,"msg_id":34}}
2025/04/21 10:14:51 Sent {"src":"n0","dest":"n3","body":{"data_id":"c10_34","message":49,"msg_id":63,"seen_nodes":["n0","n3"],"type":"gossip"}}
2025/04/21 10:14:51 Sent {"src":"n0","dest":"n1","body":{"data_id":"c10_34","message":49,"msg_id":64,"seen_nodes":["n0","n3","n1"],"type":"gossip"}}
2025/04/21 10:14:51 Sent {"src":"n0","dest":"c10","body":{"in_reply_to":34,"msg_id":154,"type":"broadcast_ok"}}
2025/04/21 10:14:51 Received {n1 n0 {"already_seen":false,"in_reply_to":64,"msg_id":188,"seen_nodes":["n1","n0","n3","n4","n2"],"type":"gossip_ok"}}
2025/04/21 10:14:51 Received {n3 n0 {"already_seen":false,"in_reply_to":63,"msg_id":137,"seen_nodes":["n3","n0","n4"],"type":"gossip_ok"}}
2025/04/21 10:14:51 Received {c10 n0 {"type":"read","msg_id":35}}
2025/04/21 10:14:51 Sent {"src":"n0","dest":"c10","body":{"in_reply_to":35,"messages":[42,43,0,8,21,27,34,40,44,47,48,3,13,14,18,20,38,49,45,12,25,29,31,32,35,2,5,16,39,41,9,11,17,22,4,24,30,33,46,1,6,15,28,36,37,7,10,19,23,26],"msg_id":155,"type":"read_ok"}}
2025/04/21 10:14:51 Received {n1 n0 {"data_id":"c11_18","message":50,"msg_id":111,"seen_nodes":["n1","n4","n2","n0"],"type":"gossip"}}
2025/04/21 10:14:51 Sent {"src":"n0","dest":"n3","body":{"data_id":"c11_18","message":50,"msg_id":65,"seen_nodes":["n0","n1","n4","n2","n3"],"type":"gossip"}}
2025/04/21 10:14:51 Sent {"src":"n0","dest":"n1","body":{"already_seen":false,"in_reply_to":111,"msg_id":157,"seen_nodes":["n0","n1","n4","n2","n3"],"type":"gossip_ok"}}
2025/04/21 10:14:51 Received {n3 n0 {"data_id":"c11_18","message":50,"msg_id":58,"seen_nodes":["n3","n4","n1","n0"],"type":"gossip"}}
2025/04/21 10:14:51 Received {n3 n0 {"already_seen":true,"in_reply_to":65,"msg_id":139,"seen_nodes":["n3","n4","n1","n0"],"type":"gossip_ok"}}
2025/04/21 10:14:51 Sent {"src":"n0","dest":"n3","body":{"already_seen":true,"in_reply_to":58,"msg_id":158,"seen_nodes":["n0","n1","n4","n2","n3"],"type":"gossip_ok"}}
2025/04/21 10:14:51 Received {n1 n0 {"data_id":"c12_18","message":51,"msg_id":113,"seen_nodes":["n1","n2","n4","n0"],"type":"gossip"}}
2025/04/21 10:14:51 Sent {"src":"n0","dest":"n3","body":{"data_id":"c12_18","message":51,"msg_id":66,"seen_nodes":["n0","n1","n2","n4","n3"],"type":"gossip"}}
2025/04/21 10:14:51 Sent {"src":"n0","dest":"n1","body":{"already_seen":false,"in_reply_to":113,"msg_id":160,"seen_nodes":["n0","n1","n2","n4","n3"],"type":"gossip_ok"}}
2025/04/21 10:14:51 Received {n3 n0 {"data_id":"c12_18","message":51,"msg_id":59,"seen_nodes":["n3","n4","n1","n2","n0"],"type":"gossip"}}
2025/04/21 10:14:51 Received {n3 n0 {"already_seen":true,"in_reply_to":66,"msg_id":142,"seen_nodes":["n3","n4","n1","n2","n0"],"type":"gossip_ok"}}
2025/04/21 10:14:51 Sent {"src":"n0","dest":"n3","body":{"already_seen":true,"in_reply_to":59,"msg_id":161,"seen_nodes":["n0","n1","n2","n4","n3"],"type":"gossip_ok"}}
2025/04/21 10:14:51 Received {n3 n0 {"data_id":"c14_18","message":52,"msg_id":60,"seen_nodes":["n3","n4","n1","n0"],"type":"gossip"}}
2025/04/21 10:14:51 Received {n1 n0 {"data_id":"c14_18","message":52,"msg_id":115,"seen_nodes":["n1","n4","n2","n0"],"type":"gossip"}}
2025/04/21 10:14:51 Sent {"src":"n0","dest":"n1","body":{"already_seen":true,"in_reply_to":115,"msg_id":162,"seen_nodes":["n0","n3","n4","n1"],"type":"gossip_ok"}}
2025/04/21 10:14:51 Sent {"src":"n0","dest":"n3","body":{"already_seen":false,"in_reply_to":60,"msg_id":163,"seen_nodes":["n0","n3","n4","n1"],"type":"gossip_ok"}}
2025/04/21 10:14:51 Received {c10 n0 {"type":"read","msg_id":36}}
2025/04/21 10:14:51 Sent {"src":"n0","dest":"c10","body":{"in_reply_to":36,"messages":[2,5,16,39,11,17,22,4,24,30,33,46,1,6,15,37,10,19,23,0,8,21,34,40,44,3,14,20,47,48,49,12,29,45,41,9,51,28,36,50,7,26,27,42,43,13,18,38,52,25,31,32,35],"msg_id":164,"type":"read_ok"}}
2025/04/21 10:14:51 Received {c10 n0 {"type":"broadcast","message":53,"msg_id":37}}
2025/04/21 10:14:51 Sent {"src":"n0","dest":"n3","body":{"data_id":"c10_37","message":53,"msg_id":67,"seen_nodes":["n0","n3"],"type":"gossip"}}
2025/04/21 10:14:51 Sent {"src":"n0","dest":"n1","body":{"data_id":"c10_37","message":53,"msg_id":68,"seen_nodes":["n0","n3","n1"],"type":"gossip"}}
2025/04/21 10:14:51 Sent {"src":"n0","dest":"c10","body":{"in_reply_to":37,"msg_id":167,"type":"broadcast_ok"}}
2025/04/21 10:14:51 Received {n3 n0 {"already_seen":false,"in_reply_to":67,"msg_id":148,"seen_nodes":["n3","n0","n4"],"type":"gossip_ok"}}
2025/04/21 10:14:51 Received {n1 n0 {"already_seen":false,"in_reply_to":68,"msg_id":201,"seen_nodes":["n1","n0","n3","n4","n2"],"type":"gossip_ok"}}
2025/04/21 10:14:52 Received {n1 n0 {"data_id":"c12_19","message":54,"msg_id":119,"seen_nodes":["n1","n2","n4","n0"],"type":"gossip"}}
2025/04/21 10:14:52 Sent {"src":"n0","dest":"n3","body":{"data_id":"c12_19","message":54,"msg_id":69,"seen_nodes":["n0","n1","n2","n4","n3"],"type":"gossip"}}
2025/04/21 10:14:52 Sent {"src":"n0","dest":"n1","body":{"already_seen":false,"in_reply_to":119,"msg_id":169,"seen_nodes":["n0","n1","n2","n4","n3"],"type":"gossip_ok"}}
2025/04/21 10:14:52 Received {n3 n0 {"data_id":"c12_19","message":54,"msg_id":62,"seen_nodes":["n3","n4","n1","n2","n0"],"type":"gossip"}}
2025/04/21 10:14:52 Received {n3 n0 {"already_seen":true,"in_reply_to":69,"msg_id":150,"seen_nodes":["n3","n4","n1","n2","n0"],"type":"gossip_ok"}}
2025/04/21 10:14:52 Sent {"src":"n0","dest":"n3","body":{"already_seen":true,"in_reply_to":62,"msg_id":170,"seen_nodes":["n0","n1","n2","n4","n3"],"type":"gossip_ok"}}
2025/04/21 10:14:52 Received {c10 n0 {"type":"broadcast","message":55,"msg_id":38}}
2025/04/21 10:14:52 Sent {"src":"n0","dest":"n3","body":{"data_id":"c10_38","message":55,"msg_id":70,"seen_nodes":["n0","n3"],"type":"gossip"}}
2025/04/21 10:14:52 Sent {"src":"n0","dest":"n1","body":{"data_id":"c10_38","message":55,"msg_id":71,"seen_nodes":["n0","n3","n1"],"type":"gossip"}}
2025/04/21 10:14:52 Sent {"src":"n0","dest":"c10","body":{"in_reply_to":38,"msg_id":173,"type":"broadcast_ok"}}
2025/04/21 10:14:52 Received {n3 n0 {"already_seen":false,"in_reply_to":70,"msg_id":154,"seen_nodes":["n3","n0","n4"],"type":"gossip_ok"}}
2025/04/21 10:14:52 Received {n1 n0 {"already_seen":false,"in_reply_to":71,"msg_id":209,"seen_nodes":["n1","n0","n3","n4","n2"],"type":"gossip_ok"}}
2025/04/21 10:14:52 Received {c10 n0 {"type":"read","msg_id":39}}
2025/04/21 10:14:52 Sent {"src":"n0","dest":"c10","body":{"in_reply_to":39,"messages":[27,42,43,13,18,38,52,32,35,25,31,2,5,16,39,11,17,22,53,46,4,24,30,33,1,6,15,37,10,19,23,40,44,54,0,8,21,34,48,49,55,3,14,20,47,45,12,29,41,9,51,28,36,50,7,26],"msg_id":174,"type":"read_ok"}}
2025/04/21 10:14:52 Received {n1 n0 {"data_id":"c11_20","message":56,"msg_id":124,"seen_nodes":["n1","n4","n2","n0"],"type":"gossip"}}
2025/04/21 10:14:52 Sent {"src":"n0","dest":"n3","body":{"data_id":"c11_20","message":56,"msg_id":72,"seen_nodes":["n0","n1","n4","n2","n3"],"type":"gossip"}}
2025/04/21 10:14:52 Sent {"src":"n0","dest":"n1","body":{"already_seen":false,"in_reply_to":124,"msg_id":176,"seen_nodes":["n0","n1","n4","n2","n3"],"type":"gossip_ok"}}
2025/04/21 10:14:52 Received {n3 n0 {"data_id":"c11_20","message":56,"msg_id":64,"seen_nodes":["n3","n4","n1","n0"],"type":"gossip"}}
2025/04/21 10:14:52 Received {n3 n0 {"already_seen":true,"in_reply_to":72,"msg_id":156,"seen_nodes":["n3","n4","n1","n0"],"type":"gossip_ok"}}
2025/04/21 10:14:52 Sent {"src":"n0","dest":"n3","body":{"already_seen":true,"in_reply_to":64,"msg_id":177,"seen_nodes":["n0","n1","n4","n2","n3"],"type":"gossip_ok"}}
2025/04/21 10:14:52 Received {n1 n0 {"data_id":"c12_20","message":57,"msg_id":126,"seen_nodes":["n1","n2","n4","n0"],"type":"gossip"}}
2025/04/21 10:14:52 Sent {"src":"n0","dest":"n3","body":{"data_id":"c12_20","message":57,"msg_id":73,"seen_nodes":["n0","n1","n2","n4","n3"],"type":"gossip"}}
2025/04/21 10:14:52 Sent {"src":"n0","dest":"n1","body":{"already_seen":false,"in_reply_to":126,"msg_id":179,"seen_nodes":["n0","n1","n2","n4","n3"],"type":"gossip_ok"}}
2025/04/21 10:14:52 Received {n3 n0 {"data_id":"c12_20","message":57,"msg_id":65,"seen_nodes":["n3","n4","n1","n2","n0"],"type":"gossip"}}
2025/04/21 10:14:52 Received {n3 n0 {"already_seen":true,"in_reply_to":73,"msg_id":159,"seen_nodes":["n3","n4","n1","n2","n0"],"type":"gossip_ok"}}
2025/04/21 10:14:52 Sent {"src":"n0","dest":"n3","body":{"already_seen":true,"in_reply_to":65,"msg_id":180,"seen_nodes":["n0","n1","n2","n4","n3"],"type":"gossip_ok"}}
2025/04/21 10:14:52 Received {n3 n0 {"data_id":"c13_20","message":58,"msg_id":66,"seen_nodes":["n3","n0"],"type":"gossip"}}
2025/04/21 10:14:52 Sent {"src":"n0","dest":"n1","body":{"data_id":"c13_20","message":58,"msg_id":74,"seen_nodes":["n0","n3","n1"],"type":"gossip"}}
2025/04/21 10:14:52 Sent {"src":"n0","dest":"n3","body":{"already_seen":false,"in_reply_to":66,"msg_id":182,"seen_nodes":["n0","n3","n1"],"type":"gossip_ok"}}
2025/04/21 10:14:52 Received {n1 n0 {"already_seen":false,"in_reply_to":74,"msg_id":220,"seen_nodes":["n1","n0","n3","n4","n2"],"type":"gossip_ok"}}
2025/04/21 10:14:52 Received {c10 n0 {"type":"read","msg_id":40}}
2025/04/21 10:14:52 Sent {"src":"n0","dest":"c10","body":{"in_reply_to":40,"messages":[25,31,32,35,56,2,5,16,39,58,11,17,22,53,4,24,30,33,46,1,6,15,37,10,19,23,44,54,0,8,21,34,40,49,55,3,14,20,47,48,12,29,45,57,41,9,51,28,36,50,7,26,27,42,43,13,18,38,52],"msg_id":183,"type":"read_ok"}}
2025/04/21 10:14:52 Received {c10 n0 {"type":"broadcast","message":59,"msg_id":41}}
2025/04/21 10:14:52 Sent {"src":"n0","dest":"n3","body":{"data_id":"c10_41","message":59,"msg_id":75,"seen_nodes":["n0","n3"],"type":"gossip"}}
2025/04/21 10:14:52 Sent {"src":"n0","dest":"n1","body":{"data_id":"c10_41","message":59,"msg_id":76,"seen_nodes":["n0","n3","n1"],"type":"gossip"}}
2025/04/21 10:14:52 Sent {"src":"n0","dest":"c10","body":{"in_reply_to":41,"msg_id":186,"type":"broadcast_ok"}}
2025/04/21 10:14:52 Received {n3 n0 {"already_seen":false,"in_reply_to":75,"msg_id":165,"seen_nodes":["n3","n0","n4"],"type":"gossip_ok"}}
2025/04/21 10:14:52 Received {n1 n0 {"already_seen":false,"in_reply_to":76,"msg_id":224,"seen_nodes":["n1","n0","n3","n4","n2"],"type":"gossip_ok"}}
2025/04/21 10:14:53 Received {n1 n0 {"data_id":"c11_21","message":60,"msg_id":133,"seen_nodes":["n1","n4","n2","n0"],"type":"gossip"}}
2025/04/21 10:14:53 Sent {"src":"n0","dest":"n3","body":{"data_id":"c11_21","message":60,"msg_id":77,"seen_nodes":["n0","n1","n4","n2","n3"],"type":"gossip"}}
2025/04/21 10:14:53 Sent {"src":"n0","dest":"n1","body":{"already_seen":false,"in_reply_to":133,"msg_id":188,"seen_nodes":["n0","n1","n4","n2","n3"],"type":"gossip_ok"}}
2025/04/21 10:14:53 Received {n3 n0 {"data_id":"c11_21","message":60,"msg_id":69,"seen_nodes":["n3","n4","n1","n0"],"type":"gossip"}}
2025/04/21 10:14:53 Sent {"src":"n0","dest":"n3","body":{"already_seen":true,"in_reply_to":69,"msg_id":189,"seen_nodes":["n0","n1","n4","n2","n3"],"type":"gossip_ok"}}
2025/04/21 10:14:53 Received {n3 n0 {"already_seen":true,"in_reply_to":77,"msg_id":168,"seen_nodes":["n3","n4","n1","n0"],"type":"gossip_ok"}}
2025/04/21 10:14:53 Received {n1 n0 {"data_id":"c12_21","message":61,"msg_id":135,"seen_nodes":["n1","n2","n4","n0"],"type":"gossip"}}
2025/04/21 10:14:53 Sent {"src":"n0","dest":"n3","body":{"data_id":"c12_21","message":61,"msg_id":78,"seen_nodes":["n0","n1","n2","n4","n3"],"type":"gossip"}}
2025/04/21 10:14:53 Sent {"src":"n0","dest":"n1","body":{"already_seen":false,"in_reply_to":135,"msg_id":191,"seen_nodes":["n0","n1","n2","n4","n3"],"type":"gossip_ok"}}
2025/04/21 10:14:53 Received {n3 n0 {"already_seen":false,"in_reply_to":78,"msg_id":169,"seen_nodes":["n3","n0","n1","n2","n4"],"type":"gossip_ok"}}
2025/04/21 10:14:53 Received {n3 n0 {"data_id":"c14_21","message":62,"msg_id":70,"seen_nodes":["n3","n4","n1","n0"],"type":"gossip"}}
2025/04/21 10:14:53 Received {n1 n0 {"data_id":"c14_21","message":62,"msg_id":137,"seen_nodes":["n1","n4","n2","n0"],"type":"gossip"}}
2025/04/21 10:14:53 Sent {"src":"n0","dest":"n3","body":{"already_seen":false,"in_reply_to":70,"msg_id":192,"seen_nodes":["n0","n3","n4","n1"],"type":"gossip_ok"}}
2025/04/21 10:14:53 Sent {"src":"n0","dest":"n1","body":{"already_seen":true,"in_reply_to":137,"msg_id":193,"seen_nodes":["n0","n3","n4","n1"],"type":"gossip_ok"}}
2025/04/21 10:14:53 Received {c10 n0 {"type":"broadcast","message":63,"msg_id":42}}
2025/04/21 10:14:53 Sent {"src":"n0","dest":"n3","body":{"data_id":"c10_42","message":63,"msg_id":79,"seen_nodes":["n0","n3"],"type":"gossip"}}
2025/04/21 10:14:53 Sent {"src":"n0","dest":"n1","body":{"data_id":"c10_42","message":63,"msg_id":80,"seen_nodes":["n0","n3","n1"],"type":"gossip"}}
2025/04/21 10:14:53 Sent {"src":"n0","dest":"c10","body":{"in_reply_to":42,"msg_id":196,"type":"broadcast_ok"}}
2025/04/21 10:14:53 Received {n3 n0 {"already_seen":false,"in_reply_to":79,"msg_id":175,"seen_nodes":["n3","n0","n4"],"type":"gossip_ok"}}
2025/04/21 10:14:53 Received {n1 n0 {"already_seen":false,"in_reply_to":80,"msg_id":238,"seen_nodes":["n1","n0","n3","n4","n2"],"type":"gossip_ok"}}
2025/04/21 10:14:53 Received {c10 n0 {"type":"read","msg_id":43}}
2025/04/21 10:14:53 Sent {"src":"n0","dest":"c10","body":{"in_reply_to":43,"messages":[14,20,47,48,49,55,3,29,45,57,12,41,51,9,36,50,28,26,7,42,43,62,27,18,38,52,63,13,31,32,35,56,25,5,16,39,58,2,17,22,53,60,11,24,30,33,46,59,61,4,6,15,37,1,19,23,10,8,21,34,40,44,54,0],"msg_id":197,"type":"read_ok"}}
2025/04/21 10:14:53 Received {n1 n0 {"data_id":"c12_22","message":64,"msg_id":141,"seen_nodes":["n1","n2","n4","n0"],"type":"gossip"}}
2025/04/21 10:14:53 Sent {"src":"n0","dest":"n3","body":{"data_id":"c12_22","message":64,"msg_id":81,"seen_nodes":["n0","n1","n2","n4","n3"],"type":"gossip"}}
2025/04/21 10:14:53 Sent {"src":"n0","dest":"n1","body":{"already_seen":false,"in_reply_to":141,"msg_id":199,"seen_nodes":["n0","n1","n2","n4","n3"],"type":"gossip_ok"}}
2025/04/21 10:14:53 Received {n3 n0 {"already_seen":true,"in_reply_to":81,"msg_id":177,"seen_nodes":["n3","n4","n1","n2","n0"],"type":"gossip_ok"}}
2025/04/21 10:14:53 Received {n3 n0 {"data_id":"c12_22","message":64,"msg_id":72,"seen_nodes":["n3","n4","n1","n2","n0"],"type":"gossip"}}
2025/04/21 10:14:53 Sent {"src":"n0","dest":"n3","body":{"already_seen":true,"in_reply_to":72,"msg_id":200,"seen_nodes":["n0","n1","n2","n4","n3"],"type":"gossip_ok"}}
2025/04/21 10:14:53 Received {n3 n0 {"data_id":"c13_22","message":65,"msg_id":73,"seen_nodes":["n3","n0"],"type":"gossip"}}
2025/04/21 10:14:53 Sent {"src":"n0","dest":"n1","body":{"data_id":"c13_22","message":65,"msg_id":82,"seen_nodes":["n0","n3","n1"],"type":"gossip"}}
2025/04/21 10:14:53 Sent {"src":"n0","dest":"n3","body":{"already_seen":false,"in_reply_to":73,"msg_id":202,"seen_nodes":["n0","n3","n1"],"type":"gossip_ok"}}
2025/04/21 10:14:53 Received {n1 n0 {"data_id":"c14_22","message":66,"msg_id":143,"seen_nodes":["n1","n4","n2","n0"],"type":"gossip"}}
2025/04/21 10:14:53 Received {n3 n0 {"data_id":"c14_22","message":66,"msg_id":75,"seen_nodes":["n3","n4","n1","n0"],"type":"gossip"}}
2025/04/21 10:14:53 Sent {"src":"n0","dest":"n3","body":{"already_seen":true,"in_reply_to":75,"msg_id":204,"seen_nodes":["n0","n1","n4","n2","n3"],"type":"gossip_ok"}}
2025/04/21 10:14:53 Sent {"src":"n0","dest":"n3","body":{"data_id":"c14_22","message":66,"msg_id":83,"seen_nodes":["n0","n1","n4","n2","n3"],"type":"gossip"}}
2025/04/21 10:14:53 Sent {"src":"n0","dest":"n1","body":{"already_seen":false,"in_reply_to":143,"msg_id":205,"seen_nodes":["n0","n1","n4","n2","n3"],"type":"gossip_ok"}}
2025/04/21 10:14:53 Received {n1 n0 {"already_seen":true,"in_reply_to":82,"msg_id":249,"seen_nodes":["n1","n4","n3","n0","n2"],"type":"gossip_ok"}}
2025/04/21 10:14:53 Received {n3 n0 {"already_seen":true,"in_reply_to":83,"msg_id":184,"seen_nodes":["n3","n4","n1","n0","n2"],"type":"gossip_ok"}}
2025/04/21 10:14:53 Received {c10 n0 {"type":"read","msg_id":44}}
2025/04/21 10:14:53 Sent {"src":"n0","dest":"c10","body":{"in_reply_to":44,"messages":[5,16,39,58,2,17,22,53,60,11,24,30,33,46,59,61,4,6,15,37,1,19,23,10,8,21,34,40,44,54,0,14,20,47,48,49,55,64,3,29,45,57,12,66,41,51,9,36,50,28,26,7,42,43,62,27,18,38,52,63,13,31,32,35,56,65,25],"msg_id":206,"type":"read_ok"}}
2025/04/21 10:14:54 Received {c10 n0 {"type":"broadcast","message":67,"msg_id":45}}
2025/04/21 10:14:54 Sent {"src":"n0","dest":"n3","body":{"data_id":"c10_45","message":67,"msg_id":84,"seen_nodes":["n0","n3"],"type":"gossip"}}
2025/04/21 10:14:54 Sent {"src":"n0","dest":"n1","body":{"data_id":"c10_45","message":67,"msg_id":85,"seen_nodes":["n0","n3","n1"],"type":"gossip"}}
2025/04/21 10:14:54 Sent {"src":"n0","dest":"c10","body":{"in_reply_to":45,"msg_id":209,"type":"broadcast_ok"}}
2025/04/21 10:14:54 Received {n3 n0 {"already_seen":false,"in_reply_to":84,"msg_id":186,"seen_nodes":["n3","n0","n4"],"type":"gossip_ok"}}
2025/04/21 10:14:54 Received {n1 n0 {"already_seen":false,"in_reply_to":85,"msg_id":252,"seen_nodes":["n1","n0","n3","n4","n2"],"type":"gossip_ok"}}
2025/04/21 10:14:54 Received {n1 n0 {"data_id":"c12_23","message":68,"msg_id":148,"seen_nodes":["n1","n2","n4","n0"],"type":"gossip"}}
2025/04/21 10:14:54 Sent {"src":"n0","dest":"n3","body":{"data_id":"c12_23","message":68,"msg_id":86,"seen_nodes":["n0","n1","n2","n4","n3"],"type":"gossip"}}
2025/04/21 10:14:54 Sent {"src":"n0","dest":"n1","body":{"already_seen":false,"in_reply_to":148,"msg_id":211,"seen_nodes":["n0","n1","n2","n4","n3"],"type":"gossip_ok"}}
2025/04/21 10:14:54 Received {n3 n0 {"data_id":"c12_23","message":68,"msg_id":77,"seen_nodes":["n3","n4","n1","n2","n0"],"type":"gossip"}}
2025/04/21 10:14:54 Received {n3 n0 {"already_seen":true,"in_reply_to":86,"msg_id":189,"seen_nodes":["n3","n4","n1","n2","n0"],"type":"gossip_ok"}}
2025/04/21 10:14:54 Sent {"src":"n0","dest":"n3","body":{"already_seen":true,"in_reply_to":77,"msg_id":212,"seen_nodes":["n0","n1","n2","n4","n3"],"type":"gossip_ok"}}
2025/04/21 10:14:54 Received {n3 n0 {"data_id":"c13_23","message":69,"msg_id":78,"seen_nodes":["n3","n0"],"type":"gossip"}}
2025/04/21 10:14:54 Sent {"src":"n0","dest":"n1","body":{"data_id":"c13_23","message":69,"msg_id":87,"seen_nodes":["n0","n3","n1"],"type":"gossip"}}
2025/04/21 10:14:54 Sent {"src":"n0","dest":"n3","body":{"already_seen":false,"in_reply_to":78,"msg_id":214,"seen_nodes":["n0","n3","n1"],"type":"gossip_ok"}}
2025/04/21 10:14:54 Received {n1 n0 {"already_seen":true,"in_reply_to":87,"msg_id":259,"seen_nodes":["n1","n4","n3","n0","n2"],"type":"gossip_ok"}}
2025/04/21 10:14:54 Received {c10 n0 {"type":"read","msg_id":46}}
2025/04/21 10:14:54 Sent {"src":"n0","dest":"c10","body":{"in_reply_to":46,"messages":[35,56,65,25,31,32,39,58,2,5,16,53,60,11,17,22,33,46,59,61,67,4,24,30,37,1,6,15,10,19,23,34,40,44,54,0,8,21,47,48,49,55,64,3,14,20,57,12,29,45,41,66,9,51,68,28,36,50,7,26,62,69,27,42,43,52,63,13,18,38],"msg_id":215,"type":"read_ok"}}
2025/04/21 10:14:54 Received {c10 n0 {"type":"read","msg_id":47}}
2025/04/21 10:14:54 Sent {"src":"n0","dest":"c10","body":{"in_reply_to":47,"messages":[7,26,27,42,43,62,69,13,18,38,52,63,25,31,32,35,56,65,2,5,16,39,58,11,17,22,53,60,67,4,24,30,33,46,59,61,1,6,15,37,10,19,23,0,8,21,34,40,44,54,64,3,14,20,47,48,49,55,12,29,45,57,41,66,9,51,68,28,36,50],"msg_id":216,"type":"read_ok"}}
2025/04/21 10:14:54 Received {n1 n0 {"data_id":"c11_24","message":70,"msg_id":152,"seen_nodes":["n1","n4","n2","n0"],"type":"gossip"}}
2025/04/21 10:14:54 Sent {"src":"n0","dest":"n3","body":{"data_id":"c11_24","message":70,"msg_id":88,"seen_nodes":["n0","n1","n4","n2","n3"],"type":"gossip"}}
2025/04/21 10:14:54 Sent {"src":"n0","dest":"n1","body":{"already_seen":false,"in_reply_to":152,"msg_id":218,"seen_nodes":["n0","n1","n4","n2","n3"],"type":"gossip_ok"}}
2025/04/21 10:14:54 Received {n3 n0 {"data_id":"c11_24","message":70,"msg_id":80,"seen_nodes":["n3","n4","n1","n0"],"type":"gossip"}}
2025/04/21 10:14:54 Sent {"src":"n0","dest":"n3","body":{"already_seen":true,"in_reply_to":80,"msg_id":219,"seen_nodes":["n0","n1","n4","n2","n3"],"type":"gossip_ok"}}
2025/04/21 10:14:54 Received {n3 n0 {"already_seen":true,"in_reply_to":88,"msg_id":194,"seen_nodes":["n3","n4","n1","n0"],"type":"gossip_ok"}}
2025/04/21 10:14:54 Received {n1 n0 {"data_id":"c12_24","message":71,"msg_id":154,"seen_nodes":["n1","n2","n4","n0"],"type":"gossip"}}
2025/04/21 10:14:54 Sent {"src":"n0","dest":"n3","body":{"data_id":"c12_24","message":71,"msg_id":89,"seen_nodes":["n0","n1","n2","n4","n3"],"type":"gossip"}}
2025/04/21 10:14:54 Sent {"src":"n0","dest":"n1","body":{"already_seen":false,"in_reply_to":154,"msg_id":221,"seen_nodes":["n0","n1","n2","n4","n3"],"type":"gossip_ok"}}
2025/04/21 10:14:54 Received {n3 n0 {"data_id":"c12_24","message":71,"msg_id":81,"seen_nodes":["n3","n4","n1","n2","n0"],"type":"gossip"}}
2025/04/21 10:14:54 Received {n3 n0 {"already_seen":true,"in_reply_to":89,"msg_id":197,"seen_nodes":["n3","n4","n1","n2","n0"],"type":"gossip_ok"}}
2025/04/21 10:14:54 Sent {"src":"n0","dest":"n3","body":{"already_seen":true,"in_reply_to":81,"msg_id":222,"seen_nodes":["n0","n1","n2","n4","n3"],"type":"gossip_ok"}}
2025/04/21 10:14:54 Received {n3 n0 {"data_id":"c13_24","message":72,"msg_id":82,"seen_nodes":["n3","n0"],"type":"gossip"}}
2025/04/21 10:14:54 Sent {"src":"n0","dest":"n1","body":{"data_id":"c13_24","message":72,"msg_id":90,"seen_nodes":["n0","n3","n1"],"type":"gossip"}}
2025/04/21 10:14:54 Sent {"src":"n0","dest":"n3","body":{"already_seen":false,"in_reply_to":82,"msg_id":224,"seen_nodes":["n0","n3","n1"],"type":"gossip_ok"}}
2025/04/21 10:14:54 Received {n1 n0 {"already_seen":false,"in_reply_to":90,"msg_id":269,"seen_nodes":["n1","n0","n3","n4","n2"],"type":"gossip_ok"}}
2025/04/21 10:14:55 Received {c10 n0 {"type":"read","msg_id":48}}
2025/04/21 10:14:55 Sent {"src":"n0","dest":"c10","body":{"in_reply_to":48,"messages":[58,2,5,16,39,60,11,17,22,53,46,59,61,67,4,24,30,33,1,6,15,37,10,19,23,40,44,54,72,0,8,21,34,48,49,55,64,3,14,20,47,12,29,45,57,41,66,9,51,68,70,28,36,50,7,26,69,71,27,42,43,62,63,13,18,38,52,56,65,25,31,32,35],"msg_id":225,"type":"read_ok"}}
2025/04/21 10:14:55 Received {c10 n0 {"type":"broadcast","message":73,"msg_id":49}}
2025/04/21 10:14:55 Sent {"src":"n0","dest":"n3","body":{"data_id":"c10_49","message":73,"msg_id":91,"seen_nodes":["n0","n3"],"type":"gossip"}}
2025/04/21 10:14:55 Sent {"src":"n0","dest":"n1","body":{"data_id":"c10_49","message":73,"msg_id":92,"seen_nodes":["n0","n3","n1"],"type":"gossip"}}
2025/04/21 10:14:55 Sent {"src":"n0","dest":"c10","body":{"in_reply_to":49,"msg_id":228,"type":"broadcast_ok"}}
2025/04/21 10:14:55 Received {n3 n0 {"already_seen":false,"in_reply_to":91,"msg_id":203,"seen_nodes":["n3","n0","n4"],"type":"gossip_ok"}}
2025/04/21 10:14:55 Received {n1 n0 {"already_seen":false,"in_reply_to":92,"msg_id":273,"seen_nodes":["n1","n0","n3","n4","n2"],"type":"gossip_ok"}}
2025/04/21 10:14:55 Received {n1 n0 {"data_id":"c12_25","message":74,"msg_id":160,"seen_nodes":["n1","n2","n4","n0"],"type":"gossip"}}
2025/04/21 10:14:55 Sent {"src":"n0","dest":"n3","body":{"data_id":"c12_25","message":74,"msg_id":93,"seen_nodes":["n0","n1","n2","n4","n3"],"type":"gossip"}}
2025/04/21 10:14:55 Sent {"src":"n0","dest":"n1","body":{"already_seen":false,"in_reply_to":160,"msg_id":230,"seen_nodes":["n0","n1","n2","n4","n3"],"type":"gossip_ok"}}
2025/04/21 10:14:55 Received {n3 n0 {"data_id":"c12_25","message":74,"msg_id":85,"seen_nodes":["n3","n4","n1","n2","n0"],"type":"gossip"}}
2025/04/21 10:14:55 Received {n3 n0 {"already_seen":true,"in_reply_to":93,"msg_id":205,"seen_nodes":["n3","n4","n1","n2","n0"],"type":"gossip_ok"}}
2025/04/21 10:14:55 Sent {"src":"n0","dest":"n3","body":{"already_seen":true,"in_reply_to":85,"msg_id":231,"seen_nodes":["n0","n1","n2","n4","n3"],"type":"gossip_ok"}}
2025/04/21 10:14:55 Received {n1 n0 {"data_id":"c14_25","message":75,"msg_id":162,"seen_nodes":["n1","n4","n2","n0"],"type":"gossip"}}
2025/04/21 10:14:55 Received {n3 n0 {"data_id":"c14_25","message":75,"msg_id":86,"seen_nodes":["n3","n4","n1","n0"],"type":"gossip"}}
2025/04/21 10:14:55 Sent {"src":"n0","dest":"n3","body":{"data_id":"c14_25","message":75,"msg_id":94,"seen_nodes":["n0","n1","n4","n2","n3"],"type":"gossip"}}
2025/04/21 10:14:55 Sent {"src":"n0","dest":"n1","body":{"already_seen":false,"in_reply_to":162,"msg_id":234,"seen_nodes":["n0","n1","n4","n2","n3"],"type":"gossip_ok"}}
2025/04/21 10:14:55 Sent {"src":"n0","dest":"n3","body":{"already_seen":true,"in_reply_to":86,"msg_id":233,"seen_nodes":["n0","n1","n4","n2","n3"],"type":"gossip_ok"}}
2025/04/21 10:14:55 Received {n3 n0 {"already_seen":true,"in_reply_to":94,"msg_id":210,"seen_nodes":["n3","n4","n1","n0"],"type":"gossip_ok"}}
2025/04/21 10:14:55 Received {c10 n0 {"type":"broadcast","message":76,"msg_id":50}}
2025/04/21 10:14:55 Sent {"src":"n0","dest":"n3","body":{"data_id":"c10_50","message":76,"msg_id":95,"seen_nodes":["n0","n3"],"type":"gossip"}}
2025/04/21 10:14:55 Sent {"src":"n0","dest":"n1","body":{"data_id":"c10_50","message":76,"msg_id":96,"seen_nodes":["n0","n3","n1"],"type":"gossip"}}
2025/04/21 10:14:55 Sent {"src":"n0","dest":"c10","body":{"in_reply_to":50,"msg_id":237,"type":"broadcast_ok"}}
2025/04/21 10:14:55 Received {n3 n0 {"already_seen":false,"in_reply_to":95,"msg_id":212,"seen_nodes":["n3","n0","n4"],"type":"gossip_ok"}}
2025/04/21 10:14:55 Received {n1 n0 {"already_seen":false,"in_reply_to":96,"msg_id":283,"seen_nodes":["n1","n0","n3","n4","n2"],"type":"gossip_ok"}}
2025/04/21 10:14:55 Received {c10 n0 {"type":"broadcast","message":77,"msg_id":51}}
2025/04/21 10:14:55 Sent {"src":"n0","dest":"n3","body":{"data_id":"c10_51","message":77,"msg_id":97,"seen_nodes":["n0","n3"],"type":"gossip"}}
2025/04/21 10:14:55 Sent {"src":"n0","dest":"n1","body":{"data_id":"c10_51","message":77,"msg_id":98,"seen_nodes":["n0","n3","n1"],"type":"gossip"}}
2025/04/21 10:14:55 Sent {"src":"n0","dest":"c10","body":{"in_reply_to":51,"msg_id":240,"type":"broadcast_ok"}}
2025/04/21 10:14:55 Received {n3 n0 {"already_seen":false,"in_reply_to":97,"msg_id":214,"seen_nodes":["n3","n0","n4"],"type":"gossip_ok"}}
2025/04/21 10:14:55 Received {n1 n0 {"already_seen":false,"in_reply_to":98,"msg_id":287,"seen_nodes":["n1","n0","n3","n4","n2"],"type":"gossip_ok"}}
2025/04/21 10:14:55 Received {n1 n0 {"data_id":"c12_26","message":78,"msg_id":168,"seen_nodes":["n1","n2","n4","n0"],"type":"gossip"}}
2025/04/21 10:14:55 Sent {"src":"n0","dest":"n3","body":{"data_id":"c12_26","message":78,"msg_id":99,"seen_nodes":["n0","n1","n2","n4","n3"],"type":"gossip"}}
2025/04/21 10:14:55 Sent {"src":"n0","dest":"n1","body":{"already_seen":false,"in_reply_to":168,"msg_id":242,"seen_nodes":["n0","n1","n2","n4","n3"],"type":"gossip_ok"}}
2025/04/21 10:14:55 Received {n3 n0 {"already_seen":true,"in_reply_to":99,"msg_id":216,"seen_nodes":["n3","n4","n1","n2","n0"],"type":"gossip_ok"}}
2025/04/21 10:14:55 Received {n3 n0 {"data_id":"c12_26","message":78,"msg_id":89,"seen_nodes":["n3","n4","n1","n2","n0"],"type":"gossip"}}
2025/04/21 10:14:55 Sent {"src":"n0","dest":"n3","body":{"already_seen":true,"in_reply_to":89,"msg_id":243,"seen_nodes":["n0","n1","n2","n4","n3"],"type":"gossip_ok"}}
2025/04/21 10:14:56 Received {c10 n0 {"type":"read","msg_id":52}}
2025/04/21 10:14:56 Sent {"src":"n0","dest":"c10","body":{"in_reply_to":52,"messages":[11,17,22,53,60,77,67,4,24,30,33,46,59,61,1,6,15,37,10,19,23,73,72,0,8,21,34,40,44,54,78,64,3,14,20,47,48,49,55,75,12,29,45,57,41,66,74,76,9,51,68,70,28,36,50,7,26,27,42,43,62,69,71,13,18,38,52,63,25,31,32,35,56,65,2,5,16,39,58],"msg_id":244,"type":"read_ok"}}
2025/04/21 10:14:56 Received {c10 n0 {"type":"read","msg_id":53}}
2025/04/21 10:14:56 Sent {"src":"n0","dest":"c10","body":{"in_reply_to":53,"messages":[11,17,22,53,60,77,4,24,30,33,46,59,61,67,1,6,15,37,10,19,23,73,0,8,21,34,40,44,54,72,78,3,14,20,47,48,49,55,64,75,12,29,45,57,41,66,74,76,9,51,68,70,28,36,50,7,26,27,42,43,62,69,71,13,18,38,52,63,25,31,32,35,56,65,2,5,16,39,58],"msg_id":245,"type":"read_ok"}}
2025/04/21 10:14:56 Received {n1 n0 {"data_id":"c11_27","message":79,"msg_id":171,"seen_nodes":["n1","n4","n2","n0"],"type":"gossip"}}
2025/04/21 10:14:56 Sent {"src":"n0","dest":"n3","body":{"data_id":"c11_27","message":79,"msg_id":100,"seen_nodes":["n0","n1","n4","n2","n3"],"type":"gossip"}}
2025/04/21 10:14:56 Sent {"src":"n0","dest":"n1","body":{"already_seen":false,"in_reply_to":171,"msg_id":247,"seen_nodes":["n0","n1","n4","n2","n3"],"type":"gossip_ok"}}
2025/04/21 10:14:56 Received {n3 n0 {"data_id":"c11_27","message":79,"msg_id":90,"seen_nodes":["n3","n4","n1","n0"],"type":"gossip"}}
2025/04/21 10:14:56 Received {n3 n0 {"already_seen":true,"in_reply_to":100,"msg_id":220,"seen_nodes":["n3","n4","n1","n0"],"type":"gossip_ok"}}
2025/04/21 10:14:56 Sent {"src":"n0","dest":"n3","body":{"already_seen":true,"in_reply_to":90,"msg_id":248,"seen_nodes":["n0","n1","n4","n2","n3"],"type":"gossip_ok"}}
2025/04/21 10:14:56 Received {n1 n0 {"data_id":"c12_27","message":80,"msg_id":173,"seen_nodes":["n1","n2","n4","n0"],"type":"gossip"}}
2025/04/21 10:14:56 Sent {"src":"n0","dest":"n3","body":{"data_id":"c12_27","message":80,"msg_id":101,"seen_nodes":["n0","n1","n2","n4","n3"],"type":"gossip"}}
2025/04/21 10:14:56 Sent {"src":"n0","dest":"n1","body":{"already_seen":false,"in_reply_to":173,"msg_id":250,"seen_nodes":["n0","n1","n2","n4","n3"],"type":"gossip_ok"}}
2025/04/21 10:14:56 Received {n3 n0 {"data_id":"c12_27","message":80,"msg_id":91,"seen_nodes":["n3","n4","n1","n2","n0"],"type":"gossip"}}
2025/04/21 10:14:56 Received {n3 n0 {"already_seen":true,"in_reply_to":101,"msg_id":223,"seen_nodes":["n3","n4","n1","n2","n0"],"type":"gossip_ok"}}
2025/04/21 10:14:56 Sent {"src":"n0","dest":"n3","body":{"already_seen":true,"in_reply_to":91,"msg_id":251,"seen_nodes":["n0","n1","n2","n4","n3"],"type":"gossip_ok"}}
2025/04/21 10:14:56 Received {n3 n0 {"data_id":"c13_27","message":81,"msg_id":92,"seen_nodes":["n3","n0"],"type":"gossip"}}
2025/04/21 10:14:56 Sent {"src":"n0","dest":"n1","body":{"data_id":"c13_27","message":81,"msg_id":102,"seen_nodes":["n0","n3","n1"],"type":"gossip"}}
2025/04/21 10:14:56 Sent {"src":"n0","dest":"n3","body":{"already_seen":false,"in_reply_to":92,"msg_id":253,"seen_nodes":["n0","n3","n1"],"type":"gossip_ok"}}
2025/04/21 10:14:56 Received {n1 n0 {"already_seen":false,"in_reply_to":102,"msg_id":303,"seen_nodes":["n1","n0","n3","n4","n2"],"type":"gossip_ok"}}
2025/04/21 10:14:56 Received {c10 n0 {"type":"broadcast","message":82,"msg_id":54}}
2025/04/21 10:14:56 Sent {"src":"n0","dest":"n3","body":{"data_id":"c10_54","message":82,"msg_id":103,"seen_nodes":["n0","n3"],"type":"gossip"}}
2025/04/21 10:14:56 Sent {"src":"n0","dest":"n1","body":{"data_id":"c10_54","message":82,"msg_id":104,"seen_nodes":["n0","n3","n1"],"type":"gossip"}}
2025/04/21 10:14:56 Sent {"src":"n0","dest":"c10","body":{"in_reply_to":54,"msg_id":256,"type":"broadcast_ok"}}
2025/04/21 10:14:56 Received {n3 n0 {"already_seen":false,"in_reply_to":103,"msg_id":229,"seen_nodes":["n3","n0","n4"],"type":"gossip_ok"}}
2025/04/21 10:14:56 Received {n1 n0 {"already_seen":false,"in_reply_to":104,"msg_id":306,"seen_nodes":["n1","n0","n3","n4","n2"],"type":"gossip_ok"}}
2025/04/21 10:14:56 Received {c10 n0 {"type":"read","msg_id":55}}
2025/04/21 10:14:56 Sent {"src":"n0","dest":"c10","body":{"in_reply_to":55,"messages":[28,36,50,7,26,71,27,42,43,62,69,13,18,38,52,63,65,80,25,31,32,35,56,2,5,16,39,58,77,11,17,22,53,60,59,61,67,4,24,30,33,46,1,6,15,37,10,19,23,73,44,54,72,0,8,21,34,40,78,49,55,64,3,14,20,47,48,75,81,12,29,45,57,41,66,74,76,82,9,51,68,70,79],"msg_id":257,"type":"read_ok"}}
2025/04/21 10:14:57 Received {n1 n0 {"data_id":"c11_28","message":83,"msg_id":180,"seen_nodes":["n1","n4","n2","n0"],"type":"gossip"}}
2025/04/21 10:14:57 Sent {"src":"n0","dest":"n3","body":{"data_id":"c11_28","message":83,"msg_id":105,"seen_nodes":["n0","n1","n4","n2","n3"],"type":"gossip"}}
2025/04/21 10:14:57 Sent {"src":"n0","dest":"n1","body":{"already_seen":false,"in_reply_to":180,"msg_id":259,"seen_nodes":["n0","n1","n4","n2","n3"],"type":"gossip_ok"}}
2025/04/21 10:14:57 Received {n3 n0 {"data_id":"c11_28","message":83,"msg_id":95,"seen_nodes":["n3","n4","n1","n0"],"type":"gossip"}}
2025/04/21 10:14:57 Received {n3 n0 {"already_seen":true,"in_reply_to":105,"msg_id":231,"seen_nodes":["n3","n4","n1","n0"],"type":"gossip_ok"}}
2025/04/21 10:14:57 Sent {"src":"n0","dest":"n3","body":{"already_seen":true,"in_reply_to":95,"msg_id":260,"seen_nodes":["n0","n1","n4","n2","n3"],"type":"gossip_ok"}}
2025/04/21 10:14:57 Received {n1 n0 {"data_id":"c12_28","message":84,"msg_id":182,"seen_nodes":["n1","n2","n4","n0"],"type":"gossip"}}
2025/04/21 10:14:57 Sent {"src":"n0","dest":"n3","body":{"data_id":"c12_28","message":84,"msg_id":106,"seen_nodes":["n0","n1","n2","n4","n3"],"type":"gossip"}}
2025/04/21 10:14:57 Sent {"src":"n0","dest":"n1","body":{"already_seen":false,"in_reply_to":182,"msg_id":262,"seen_nodes":["n0","n1","n2","n4","n3"],"type":"gossip_ok"}}
2025/04/21 10:14:57 Received {n3 n0 {"already_seen":true,"in_reply_to":106,"msg_id":233,"seen_nodes":["n3","n4","n1","n2"],"type":"gossip_ok"}}
2025/04/21 10:14:57 Received {n3 n0 {"data_id":"c12_28","message":84,"msg_id":96,"seen_nodes":["n3","n4","n1","n2","n0"],"type":"gossip"}}
2025/04/21 10:14:57 Sent {"src":"n0","dest":"n3","body":{"already_seen":true,"in_reply_to":96,"msg_id":263,"seen_nodes":["n0","n1","n2","n4","n3"],"type":"gossip_ok"}}
2025/04/21 10:14:57 Received {n1 n0 {"data_id":"c14_28","message":85,"msg_id":184,"seen_nodes":["n1","n4","n2","n0"],"type":"gossip"}}
2025/04/21 10:14:57 Received {n3 n0 {"data_id":"c14_28","message":85,"msg_id":97,"seen_nodes":["n3","n4","n1","n0"],"type":"gossip"}}
2025/04/21 10:14:57 Sent {"src":"n0","dest":"n3","body":{"data_id":"c14_28","message":85,"msg_id":107,"seen_nodes":["n0","n1","n4","n2","n3"],"type":"gossip"}}
2025/04/21 10:14:57 Sent {"src":"n0","dest":"n3","body":{"already_seen":true,"in_reply_to":97,"msg_id":265,"seen_nodes":["n0","n1","n4","n2","n3"],"type":"gossip_ok"}}
2025/04/21 10:14:57 Sent {"src":"n0","dest":"n1","body":{"already_seen":false,"in_reply_to":184,"msg_id":266,"seen_nodes":["n0","n1","n4","n2","n3"],"type":"gossip_ok"}}
2025/04/21 10:14:57 Received {n3 n0 {"already_seen":true,"in_reply_to":107,"msg_id":239,"seen_nodes":["n3","n4","n1","n0"],"type":"gossip_ok"}}
2025/04/21 10:14:57 Received {c10 n0 {"type":"broadcast","message":86,"msg_id":56}}
2025/04/21 10:14:57 Sent {"src":"n0","dest":"n3","body":{"data_id":"c10_56","message":86,"msg_id":108,"seen_nodes":["n0","n3"],"type":"gossip"}}
2025/04/21 10:14:57 Sent {"src":"n0","dest":"n1","body":{"data_id":"c10_56","message":86,"msg_id":109,"seen_nodes":["n0","n3","n1"],"type":"gossip"}}
2025/04/21 10:14:57 Sent {"src":"n0","dest":"c10","body":{"in_reply_to":56,"msg_id":269,"type":"broadcast_ok"}}
2025/04/21 10:14:57 Received {n3 n0 {"already_seen":false,"in_reply_to":108,"msg_id":241,"seen_nodes":["n3","n0","n4"],"type":"gossip_ok"}}
2025/04/21 10:14:57 Received {n1 n0 {"already_seen":false,"in_reply_to":109,"msg_id":320,"seen_nodes":["n1","n0","n3","n4","n2"],"type":"gossip_ok"}}
2025/04/21 10:14:57 Received {c10 n0 {"type":"broadcast","message":87,"msg_id":57}}
2025/04/21 10:14:57 Sent {"src":"n0","dest":"n3","body":{"data_id":"c10_57","message":87,"msg_id":110,"seen_nodes":["n0","n3"],"type":"gossip"}}
2025/04/21 10:14:57 Sent {"src":"n0","dest":"n1","body":{"data_id":"c10_57","message":87,"msg_id":111,"seen_nodes":["n0","n3","n1"],"type":"gossip"}}
2025/04/21 10:14:57 Sent {"src":"n0","dest":"c10","body":{"in_reply_to":57,"msg_id":272,"type":"broadcast_ok"}}
2025/04/21 10:14:57 Received {n3 n0 {"already_seen":false,"in_reply_to":110,"msg_id":243,"seen_nodes":["n3","n0","n4"],"type":"gossip_ok"}}
2025/04/21 10:14:57 Received {n1 n0 {"already_seen":false,"in_reply_to":111,"msg_id":324,"seen_nodes":["n1","n0","n3","n4","n2"],"type":"gossip_ok"}}
2025/04/21 10:14:57 Received {n1 n0 {"data_id":"c11_29","message":88,"msg_id":191,"seen_nodes":["n1","n4","n2","n0"],"type":"gossip"}}
2025/04/21 10:14:57 Sent {"src":"n0","dest":"n3","body":{"data_id":"c11_29","message":88,"msg_id":112,"seen_nodes":["n0","n1","n4","n2","n3"],"type":"gossip"}}
2025/04/21 10:14:57 Sent {"src":"n0","dest":"n1","body":{"already_seen":false,"in_reply_to":191,"msg_id":274,"seen_nodes":["n0","n1","n4","n2","n3"],"type":"gossip_ok"}}
2025/04/21 10:14:57 Received {n3 n0 {"already_seen":false,"in_reply_to":112,"msg_id":244,"seen_nodes":["n3","n0","n1","n4","n2"],"type":"gossip_ok"}}
2025/04/21 10:14:57 Received {n1 n0 {"data_id":"c12_29","message":89,"msg_id":193,"seen_nodes":["n1","n2","n4","n0"],"type":"gossip"}}
2025/04/21 10:14:57 Sent {"src":"n0","dest":"n3","body":{"data_id":"c12_29","message":89,"msg_id":113,"seen_nodes":["n0","n1","n2","n4","n3"],"type":"gossip"}}
2025/04/21 10:14:57 Sent {"src":"n0","dest":"n1","body":{"already_seen":false,"in_reply_to":193,"msg_id":276,"seen_nodes":["n0","n1","n2","n4","n3"],"type":"gossip_ok"}}
2025/04/21 10:14:57 Received {n3 n0 {"already_seen":false,"in_reply_to":113,"msg_id":246,"seen_nodes":["n3","n0","n1","n2","n4"],"type":"gossip_ok"}}
2025/04/21 10:14:57 Received {n3 n0 {"data_id":"c13_29","message":90,"msg_id":100,"seen_nodes":["n3","n0"],"type":"gossip"}}
2025/04/21 10:14:57 Sent {"src":"n0","dest":"n1","body":{"data_id":"c13_29","message":90,"msg_id":114,"seen_nodes":["n0","n3","n1"],"type":"gossip"}}
2025/04/21 10:14:57 Sent {"src":"n0","dest":"n3","body":{"already_seen":false,"in_reply_to":100,"msg_id":278,"seen_nodes":["n0","n3","n1"],"type":"gossip_ok"}}
2025/04/21 10:14:57 Received {n1 n0 {"already_seen":false,"in_reply_to":114,"msg_id":336,"seen_nodes":["n1","n0","n3","n4","n2"],"type":"gossip_ok"}}
2025/04/21 10:14:58 Received {c10 n0 {"type":"broadcast","message":91,"msg_id":58}}
2025/04/21 10:14:58 Sent {"src":"n0","dest":"n3","body":{"data_id":"c10_58","message":91,"msg_id":115,"seen_nodes":["n0","n3"],"type":"gossip"}}
2025/04/21 10:14:58 Sent {"src":"n0","dest":"n1","body":{"data_id":"c10_58","message":91,"msg_id":116,"seen_nodes":["n0","n3","n1"],"type":"gossip"}}
2025/04/21 10:14:58 Sent {"src":"n0","dest":"c10","body":{"in_reply_to":58,"msg_id":281,"type":"broadcast_ok"}}
2025/04/21 10:14:58 Received {n3 n0 {"already_seen":false,"in_reply_to":115,"msg_id":252,"seen_nodes":["n3","n0","n4"],"type":"gossip_ok"}}
2025/04/21 10:14:58 Received {n1 n0 {"already_seen":false,"in_reply_to":116,"msg_id":339,"seen_nodes":["n1","n0","n3","n4","n2"],"type":"gossip_ok"}}
2025/04/21 10:14:58 Received {c10 n0 {"type":"read","msg_id":59}}
2025/04/21 10:14:58 Sent {"src":"n0","dest":"c10","body":{"in_reply_to":59,"messages":[43,62,69,71,83,90,27,42,38,52,63,89,13,18,32,35,56,65,80,25,31,16,39,58,86,2,5,22,53,60,77,85,88,11,17,30,33,46,59,61,67,4,24,91,15,37,1,6,23,73,10,19,21,34,40,44,54,72,0,8,78,84,20,47,48,49,55,64,3,14,75,81,45,57,12,29,74,76,82,41,66,68,70,79,9,51,50,87,28,36,7,26],"msg_id":282,"type":"read_ok"}}
2025/04/21 10:14:58 Received {n1 n0 {"data_id":"c12_30","message":92,"msg_id":199,"seen_nodes":["n1","n2","n4","n0"],"type":"gossip"}}
2025/04/21 10:14:58 Sent {"src":"n0","dest":"n3","body":{"data_id":"c12_30","message":92,"msg_id":117,"seen_nodes":["n0","n1","n2","n4","n3"],"type":"gossip"}}
2025/04/21 10:14:58 Sent {"src":"n0","dest":"n1","body":{"already_seen":false,"in_reply_to":199,"msg_id":284,"seen_nodes":["n0","n1","n2","n4","n3"],"type":"gossip_ok"}}
2025/04/21 10:14:58 Received {n3 n0 {"already_seen":false,"in_reply_to":117,"msg_id":254,"seen_nodes":["n3","n0","n1","n2","n4"],"type":"gossip_ok"}}
2025/04/21 10:14:58 Received {c10 n0 {"type":"read","msg_id":60}}
2025/04/21 10:14:58 Sent {"src":"n0","dest":"c10","body":{"in_reply_to":60,"messages":[90,27,42,43,62,69,71,83,92,13,18,38,52,63,89,25,31,32,35,56,65,80,2,5,16,39,58,86,88,11,17,22,53,60,77,85,67,4,24,30,33,46,59,61,91,1,6,15,37,10,19,23,73,72,0,8,21,34,40,44,54,78,84,64,3,14,20,47,48,49,55,75,81,12,29,45,57,41,66,74,76,82,9,51,68,70,79,28,36,50,87,7,26],"msg_id":285,"type":"read_ok"}}
2025/04/21 10:14:58 Received {c10 n0 {"type":"broadcast","message":93,"msg_id":61}}
2025/04/21 10:14:58 Sent {"src":"n0","dest":"n3","body":{"data_id":"c10_61","message":93,"msg_id":118,"seen_nodes":["n0","n3"],"type":"gossip"}}
2025/04/21 10:14:58 Sent {"src":"n0","dest":"n1","body":{"data_id":"c10_61","message":93,"msg_id":119,"seen_nodes":["n0","n3","n1"],"type":"gossip"}}
2025/04/21 10:14:58 Sent {"src":"n0","dest":"c10","body":{"in_reply_to":61,"msg_id":288,"type":"broadcast_ok"}}
2025/04/21 10:14:58 Received {n1 n0 {"already_seen":false,"in_reply_to":119,"msg_id":347,"seen_nodes":["n1","n0","n3","n4","n2"],"type":"gossip_ok"}}
2025/04/21 10:14:58 Received {n3 n0 {"already_seen":false,"in_reply_to":118,"msg_id":257,"seen_nodes":["n3","n0","n4"],"type":"gossip_ok"}}
2025/04/21 10:14:58 Received {n1 n0 {"data_id":"c11_31","message":94,"msg_id":204,"seen_nodes":["n1","n4","n2","n0"],"type":"gossip"}}
2025/04/21 10:14:58 Sent {"src":"n0","dest":"n3","body":{"data_id":"c11_31","message":94,"msg_id":120,"seen_nodes":["n0","n1","n4","n2","n3"],"type":"gossip"}}
2025/04/21 10:14:58 Sent {"src":"n0","dest":"n1","body":{"already_seen":false,"in_reply_to":204,"msg_id":290,"seen_nodes":["n0","n1","n4","n2","n3"],"type":"gossip_ok"}}
2025/04/21 10:14:58 Received {n3 n0 {"data_id":"c11_31","message":94,"msg_id":104,"seen_nodes":["n3","n4","n1","n0"],"type":"gossip"}}
2025/04/21 10:14:58 Received {n3 n0 {"already_seen":true,"in_reply_to":120,"msg_id":259,"seen_nodes":["n3","n4","n1","n0"],"type":"gossip_ok"}}
2025/04/21 10:14:58 Sent {"src":"n0","dest":"n3","body":{"already_seen":true,"in_reply_to":104,"msg_id":291,"seen_nodes":["n0","n1","n4","n2","n3"],"type":"gossip_ok"}}
2025/04/21 10:14:59 Received {n1 n0 {"data_id":"c12_31","message":95,"msg_id":206,"seen_nodes":["n1","n2","n4","n0"],"type":"gossip"}}
2025/04/21 10:14:59 Sent {"src":"n0","dest":"n3","body":{"data_id":"c12_31","message":95,"msg_id":121,"seen_nodes":["n0","n1","n2","n4","n3"],"type":"gossip"}}
2025/04/21 10:14:59 Sent {"src":"n0","dest":"n1","body":{"already_seen":false,"in_reply_to":206,"msg_id":293,"seen_nodes":["n0","n1","n2","n4","n3"],"type":"gossip_ok"}}
2025/04/21 10:14:59 Received {n3 n0 {"already_seen":true,"in_reply_to":121,"msg_id":261,"seen_nodes":["n3","n4","n1","n2"],"type":"gossip_ok"}}
2025/04/21 10:14:59 Received {n3 n0 {"data_id":"c12_31","message":95,"msg_id":105,"seen_nodes":["n3","n4","n1","n2","n0"],"type":"gossip"}}
2025/04/21 10:14:59 Sent {"src":"n0","dest":"n3","body":{"already_seen":true,"in_reply_to":105,"msg_id":294,"seen_nodes":["n0","n1","n2","n4","n3"],"type":"gossip_ok"}}
2025/04/21 10:14:59 Received {n3 n0 {"data_id":"c14_31","message":96,"msg_id":106,"seen_nodes":["n3","n4","n1","n0"],"type":"gossip"}}
2025/04/21 10:14:59 Received {n1 n0 {"data_id":"c14_31","message":96,"msg_id":208,"seen_nodes":["n1","n4","n2","n0"],"type":"gossip"}}
2025/04/21 10:14:59 Sent {"src":"n0","dest":"n3","body":{"already_seen":false,"in_reply_to":106,"msg_id":295,"seen_nodes":["n0","n3","n4","n1"],"type":"gossip_ok"}}
2025/04/21 10:14:59 Sent {"src":"n0","dest":"n1","body":{"already_seen":true,"in_reply_to":208,"msg_id":296,"seen_nodes":["n0","n3","n4","n1"],"type":"gossip_ok"}}
2025/04/21 10:14:59 Received {c10 n0 {"type":"read","msg_id":62}}
2025/04/21 10:14:59 Sent {"src":"n0","dest":"c10","body":{"in_reply_to":62,"messages":[37,93,1,6,15,73,95,10,19,23,34,40,44,54,72,0,8,21,78,84,47,48,49,55,64,3,14,20,75,81,96,57,12,29,45,76,82,41,66,74,70,79,9,51,68,87,28,36,50,7,26,62,69,71,83,90,27,42,43,92,52,63,89,13,18,38,35,56,65,80,25,31,32,39,58,86,2,5,16,53,60,77,85,88,11,17,22,94,33,46,59,61,67,4,24,30,91],"msg_id":297,"type":"read_ok"}}
2025/04/21 10:14:59 Received {c10 n0 {"type":"broadcast","message":97,"msg_id":63}}
2025/04/21 10:14:59 Sent {"src":"n0","dest":"n3","body":{"data_id":"c10_63","message":97,"msg_id":122,"seen_nodes":["n0","n3"],"type":"gossip"}}
2025/04/21 10:14:59 Sent {"src":"n0","dest":"n1","body":{"data_id":"c10_63","message":97,"msg_id":123,"seen_nodes":["n0","n3","n1"],"type":"gossip"}}
2025/04/21 10:14:59 Sent {"src":"n0","dest":"c10","body":{"in_reply_to":63,"msg_id":300,"type":"broadcast_ok"}}
2025/04/21 10:14:59 Received {n3 n0 {"already_seen":false,"in_reply_to":122,"msg_id":268,"seen_nodes":["n3","n0","n4"],"type":"gossip_ok"}}
2025/04/21 10:14:59 Received {n1 n0 {"already_seen":false,"in_reply_to":123,"msg_id":360,"seen_nodes":["n1","n0","n3","n4","n2"],"type":"gossip_ok"}}
2025/04/21 10:14:59 Received {n1 n0 {"data_id":"c11_32","message":98,"msg_id":213,"seen_nodes":["n1","n4","n2","n0"],"type":"gossip"}}
2025/04/21 10:14:59 Sent {"src":"n0","dest":"n3","body":{"data_id":"c11_32","message":98,"msg_id":124,"seen_nodes":["n0","n1","n4","n2","n3"],"type":"gossip"}}
2025/04/21 10:14:59 Sent {"src":"n0","dest":"n1","body":{"already_seen":false,"in_reply_to":213,"msg_id":302,"seen_nodes":["n0","n1","n4","n2","n3"],"type":"gossip_ok"}}
2025/04/21 10:14:59 Received {n3 n0 {"data_id":"c11_32","message":98,"msg_id":108,"seen_nodes":["n3","n4","n1","n0"],"type":"gossip"}}
2025/04/21 10:14:59 Received {n3 n0 {"already_seen":true,"in_reply_to":124,"msg_id":270,"seen_nodes":["n3","n4","n1","n0"],"type":"gossip_ok"}}
2025/04/21 10:14:59 Sent {"src":"n0","dest":"n3","body":{"already_seen":true,"in_reply_to":108,"msg_id":303,"seen_nodes":["n0","n1","n4","n2","n3"],"type":"gossip_ok"}}
2025/04/21 10:14:59 Received {c10 n0 {"type":"read","msg_id":64}}
2025/04/21 10:14:59 Sent {"src":"n0","dest":"c10","body":{"in_reply_to":64,"messages":[95,10,19,23,73,40,44,54,72,0,8,21,34,78,84,48,49,55,64,3,14,20,47,75,81,96,12,29,45,57,82,41,66,74,76,79,9,51,68,70,98,28,36,50,87,7,26,69,71,83,90,27,42,43,62,92,63,89,13,18,38,52,56,65,80,25,31,32,35,58,86,2,5,16,39,60,77,85,88,11,17,22,53,94,97,46,59,61,67,4,24,30,33,91,93,1,6,15,37],"msg_id":304,"type":"read_ok"}}
2025/04/21 10:15:00 Received {c10 n0 {"type":"read","msg_id":65}}
2025/04/21 10:15:00 Sent {"src":"n0","dest":"c10","body":{"in_reply_to":65,"messages":[12,29,45,57,82,41,66,74,76,79,9,51,68,70,98,28,36,50,87,7,26,69,71,83,90,27,42,43,62,92,63,89,13,18,38,52,56,65,80,25,31,32,35,58,86,2,5,16,39,60,77,85,88,11,17,22,53,94,97,46,59,61,67,4,24,30,33,91,93,1,6,15,37,95,10,19,23,73,40,44,54,72,0,8,21,34,78,84,48,49,55,64,3,14,20,47,75,81,96],"msg_id":305,"type":"read_ok"}}
2025/04/21 10:15:00 Received {n1 n0 {"data_id":"c11_33","message":99,"msg_id":216,"seen_nodes":["n1","n4","n2","n0"],"type":"gossip"}}
2025/04/21 10:15:00 Sent {"src":"n0","dest":"n3","body":{"data_id":"c11_33","message":99,"msg_id":125,"seen_nodes":["n0","n1","n4","n2","n3"],"type":"gossip"}}
2025/04/21 10:15:00 Sent {"src":"n0","dest":"n1","body":{"already_seen":false,"in_reply_to":216,"msg_id":307,"seen_nodes":["n0","n1","n4","n2","n3"],"type":"gossip_ok"}}
2025/04/21 10:15:00 Received {n3 n0 {"data_id":"c11_33","message":99,"msg_id":109,"seen_nodes":["n3","n4","n1","n0"],"type":"gossip"}}
2025/04/21 10:15:00 Sent {"src":"n0","dest":"n3","body":{"already_seen":true,"in_reply_to":109,"msg_id":308,"seen_nodes":["n0","n1","n4","n2","n3"],"type":"gossip_ok"}}
2025/04/21 10:15:00 Received {n3 n0 {"already_seen":true,"in_reply_to":125,"msg_id":275,"seen_nodes":["n3","n4","n1","n0"],"type":"gossip_ok"}}
2025/04/21 10:15:00 Received {n1 n0 {"data_id":"c12_33","message":100,"msg_id":218,"seen_nodes":["n1","n2","n4","n0"],"type":"gossip"}}
2025/04/21 10:15:00 Sent {"src":"n0","dest":"n3","body":{"data_id":"c12_33","message":100,"msg_id":126,"seen_nodes":["n0","n1","n2","n4","n3"],"type":"gossip"}}
2025/04/21 10:15:00 Sent {"src":"n0","dest":"n1","body":{"already_seen":false,"in_reply_to":218,"msg_id":310,"seen_nodes":["n0","n1","n2","n4","n3"],"type":"gossip_ok"}}
2025/04/21 10:15:00 Received {n3 n0 {"data_id":"c12_33","message":100,"msg_id":110,"seen_nodes":["n3","n4","n1","n2","n0"],"type":"gossip"}}
2025/04/21 10:15:00 Received {n3 n0 {"already_seen":true,"in_reply_to":126,"msg_id":277,"seen_nodes":["n3","n4","n1","n2","n0"],"type":"gossip_ok"}}
2025/04/21 10:15:00 Sent {"src":"n0","dest":"n3","body":{"already_seen":true,"in_reply_to":110,"msg_id":311,"seen_nodes":["n0","n1","n2","n4","n3"],"type":"gossip_ok"}}
2025/04/21 10:15:00 Received {n3 n0 {"data_id":"c13_33","message":101,"msg_id":111,"seen_nodes":["n3","n0"],"type":"gossip"}}
2025/04/21 10:15:00 Sent {"src":"n0","dest":"n1","body":{"data_id":"c13_33","message":101,"msg_id":127,"seen_nodes":["n0","n3","n1"],"type":"gossip"}}
2025/04/21 10:15:00 Sent {"src":"n0","dest":"n3","body":{"already_seen":false,"in_reply_to":111,"msg_id":313,"seen_nodes":["n0","n3","n1"],"type":"gossip_ok"}}
2025/04/21 10:15:00 Received {n1 n0 {"already_seen":false,"in_reply_to":127,"msg_id":375,"seen_nodes":["n1","n0","n3","n4","n2"],"type":"gossip_ok"}}
2025/04/21 10:15:00 Received {c10 n0 {"type":"broadcast","message":102,"msg_id":66}}
2025/04/21 10:15:00 Sent {"src":"n0","dest":"n3","body":{"data_id":"c10_66","message":102,"msg_id":128,"seen_nodes":["n0","n3"],"type":"gossip"}}
2025/04/21 10:15:00 Sent {"src":"n0","dest":"n1","body":{"data_id":"c10_66","message":102,"msg_id":129,"seen_nodes":["n0","n3","n1"],"type":"gossip"}}
2025/04/21 10:15:00 Sent {"src":"n0","dest":"c10","body":{"in_reply_to":66,"msg_id":316,"type":"broadcast_ok"}}
2025/04/21 10:15:00 Received {n3 n0 {"already_seen":false,"in_reply_to":128,"msg_id":283,"seen_nodes":["n3","n0","n4"],"type":"gossip_ok"}}
2025/04/21 10:15:00 Received {n1 n0 {"already_seen":false,"in_reply_to":129,"msg_id":378,"seen_nodes":["n1","n0","n3","n4","n2"],"type":"gossip_ok"}}
2025/04/21 10:15:00 Received {c10 n0 {"type":"broadcast","message":103,"msg_id":67}}
2025/04/21 10:15:00 Sent {"src":"n0","dest":"n3","body":{"data_id":"c10_67","message":103,"msg_id":130,"seen_nodes":["n0","n3"],"type":"gossip"}}
2025/04/21 10:15:00 Sent {"src":"n0","dest":"n1","body":{"data_id":"c10_67","message":103,"msg_id":131,"seen_nodes":["n0","n3","n1"],"type":"gossip"}}
2025/04/21 10:15:00 Sent {"src":"n0","dest":"c10","body":{"in_reply_to":67,"msg_id":319,"type":"broadcast_ok"}}
2025/04/21 10:15:00 Received {n3 n0 {"already_seen":false,"in_reply_to":130,"msg_id":285,"seen_nodes":["n3","n0","n4"],"type":"gossip_ok"}}
2025/04/21 10:15:00 Received {n1 n0 {"already_seen":false,"in_reply_to":131,"msg_id":382,"seen_nodes":["n1","n0","n3","n4","n2"],"type":"gossip_ok"}}
2025/04/21 10:15:00 Received {n1 n0 {"data_id":"c11_34","message":104,"msg_id":227,"seen_nodes":["n1","n4","n2","n0"],"type":"gossip"}}
2025/04/21 10:15:00 Sent {"src":"n0","dest":"n3","body":{"data_id":"c11_34","message":104,"msg_id":132,"seen_nodes":["n0","n1","n4","n2","n3"],"type":"gossip"}}
2025/04/21 10:15:00 Sent {"src":"n0","dest":"n1","body":{"already_seen":false,"in_reply_to":227,"msg_id":321,"seen_nodes":["n0","n1","n4","n2","n3"],"type":"gossip_ok"}}
2025/04/21 10:15:00 Received {n3 n0 {"data_id":"c11_34","message":104,"msg_id":115,"seen_nodes":["n3","n4","n1","n0"],"type":"gossip"}}
2025/04/21 10:15:00 Received {n3 n0 {"already_seen":true,"in_reply_to":132,"msg_id":287,"seen_nodes":["n3","n4","n1","n0"],"type":"gossip_ok"}}
2025/04/21 10:15:00 Sent {"src":"n0","dest":"n3","body":{"already_seen":true,"in_reply_to":115,"msg_id":322,"seen_nodes":["n0","n1","n4","n2","n3"],"type":"gossip_ok"}}
2025/04/21 10:15:00 Received {n1 n0 {"data_id":"c14_34","message":105,"msg_id":229,"seen_nodes":["n1","n4","n2","n0"],"type":"gossip"}}
2025/04/21 10:15:00 Received {n3 n0 {"data_id":"c14_34","message":105,"msg_id":116,"seen_nodes":["n3","n4","n1","n0"],"type":"gossip"}}
2025/04/21 10:15:00 Sent {"src":"n0","dest":"n3","body":{"data_id":"c14_34","message":105,"msg_id":133,"seen_nodes":["n0","n1","n4","n2","n3"],"type":"gossip"}}
2025/04/21 10:15:00 Sent {"src":"n0","dest":"n1","body":{"already_seen":false,"in_reply_to":229,"msg_id":325,"seen_nodes":["n0","n1","n4","n2","n3"],"type":"gossip_ok"}}
2025/04/21 10:15:00 Sent {"src":"n0","dest":"n3","body":{"already_seen":true,"in_reply_to":116,"msg_id":324,"seen_nodes":["n0","n1","n4","n2","n3"],"type":"gossip_ok"}}
2025/04/21 10:15:00 Received {n3 n0 {"already_seen":true,"in_reply_to":133,"msg_id":292,"seen_nodes":["n3","n4","n1","n0"],"type":"gossip_ok"}}
2025/04/21 10:15:10 Received {c10 n0 {"type":"read","msg_id":68}}
2025/04/21 10:15:10 Sent {"src":"n0","dest":"c10","body":{"in_reply_to":68,"messages":[7,26,27,43,83,18,52,63,31,32,56,65,16,39,58,104,105,11,22,85,97,67,46,59,1,6,37,93,10,73,95,0,40,44,78,84,101,64,3,14,49,55,75,81,12,29,76,68,70,79,28,102,103,90,42,62,69,71,92,13,38,89,25,35,80,2,5,86,88,17,53,60,77,94,4,24,30,33,61,91,99,15,100,19,23,72,8,21,34,54,20,47,48,96,45,57,41,66,74,82,9,51,98,36,50,87],"msg_id":326,"type":"read_ok"}}
