2025/04/21 10:14:40 Received {c1 n4 {"type":"init","node_id":"n4","node_ids":["n0","n1","n2","n3","n4"],"msg_id":1}}
2025/04/21 10:14:40 Node n4 initialized
2025/04/21 10:14:40 Sent {"src":"n4","dest":"c1","body":{"in_reply_to":1,"type":"init_ok"}}
2025/04/21 10:14:40 Received {c9 n4 {"type":"topology","topology":{"n0":["n3","n1"],"n1":["n4","n2","n0"],"n2":["n1"],"n3":["n0","n4"],"n4":["n1","n3"]},"msg_id":1}}
2025/04/21 10:14:40 Sent {"src":"n4","dest":"c9","body":{"in_reply_to":1,"msg_id":1,"type":"topology_ok"}}
2025/04/21 10:14:40 Received {n3 n4 {"data_id":"c10_1","message":0,"msg_id":1,"seen_nodes":["n3","n0","n4"],"type":"gossip"}}
2025/04/21 10:14:40 Sent {"src":"n4","dest":"n1","body":{"data_id":"c10_1","message":0,"msg_id":1,"seen_nodes":["n4","n3","n0","n1"],"type":"gossip"}}
2025/04/21 10:14:40 Sent {"src":"n4","dest":"n3","body":{"already_seen":false,"in_reply_to":1,"msg_id":3,"seen_nodes":["n4","n3","n0","n1"],"type":"gossip_ok"}}
2025/04/21 10:14:40 Received {n1 n4 {"data_id":"c10_1","message":0,"msg_id":1,"seen_nodes":["n1","n0","n3","n4"],"type":"gossip"}}
2025/04/21 10:14:40 Sent {"src":"n4","dest":"n1","body":{"already_seen":true,"in_reply_to":1,"msg_id":4,"seen_nodes":["n4","n3","n0","n1"],"type":"gossip_ok"}}
2025/04/21 10:14:40 Received {n1 n4 {"already_seen":true,"in_reply_to":1,"msg_id":5,"seen_nodes":["n1","n0","n3","n4","n2"],"type":"gossip_ok"}}
2025/04/21 10:14:41 Received {c14 n4 {"type":"read","msg_id":1}}
2025/04/21 10:14:41 Sent {"src":"n4","dest":"c14","body":{"in_reply_to":1,"messages":[0],"msg_id":5,"type":"read_ok"}}
2025/04/21 10:14:41 Received {n3 n4 {"data_id":"c10_2","message":1,"msg_id":2,"seen_nodes":["n3","n0","n4"],"type":"gossip"}}
2025/04/21 10:14:41 Sent {"src":"n4","dest":"n1","body":{"data_id":"c10_2","message":1,"msg_id":2,"seen_nodes":["n4","n3","n0","n1"],"type":"gossip"}}
2025/04/21 10:14:41 Sent {"src":"n4","dest":"n3","body":{"already_seen":false,"in_reply_to":2,"msg_id":7,"seen_nodes":["n4","n3","n0","n1"],"type":"gossip_ok"}}
2025/04/21 10:14:41 Received {n1 n4 {"data_id":"c10_2","message":1,"msg_id":3,"seen_nodes":["n1","n0","n3","n4"],"type":"gossip"}}
2025/04/21 10:14:41 Sent {"src":"n4","dest":"n1","body":{"already_seen":true,"in_reply_to":3,"msg_id":8,"seen_nodes":["n4","n3","n0","n1"],"type":"gossip_ok"}}
2025/04/21 10:14:41 Received {n1 n4 {"already_seen":true,"in_reply_to":2,"msg_id":10,"seen_nodes":["n1","n0","n3","n4","n2"],"type":"gossip_ok"}}
2025/04/21 10:14:41 Received {n1 n4 {"data_id":"c11_2","message":2,"msg_id":5,"seen_nodes":["n1","n4"],"type":"gossip"}}
2025/04/21 10:14:41 Sent {"src":"n4","dest":"n3","body":{"data_id":"c11_2","message":2,"msg_id":3,"seen_nodes":["n4","n1","n3"],"type":"gossip"}}
2025/04/21 10:14:41 Sent {"src":"n4","dest":"n1","body":{"already_seen":false,"in_reply_to":5,"msg_id":10,"seen_nodes":["n4","n1","n3"],"type":"gossip_ok"}}
2025/04/21 10:14:41 Received {n3 n4 {"already_seen":false,"in_reply_to":3,"msg_id":8,"seen_nodes":["n3","n4","n1","n0"],"type":"gossip_ok"}}
2025/04/21 10:14:41 Received {n3 n4 {"data_id":"c13_2","message":3,"msg_id":5,"seen_nodes":["n3","n0","n4"],"type":"gossip"}}
2025/04/21 10:14:41 Sent {"src":"n4","dest":"n1","body":{"data_id":"c13_2","message":3,"msg_id":4,"seen_nodes":["n4","n3","n0","n1"],"type":"gossip"}}
2025/04/21 10:14:41 Sent {"src":"n4","dest":"n3","body":{"already_seen":false,"in_reply_to":5,"msg_id":12,"seen_nodes":["n4","n3","n0","n1"],"type":"gossip_ok"}}
2025/04/21 10:14:41 Received {n1 n4 {"data_id":"c13_2","message":3,"msg_id":8,"seen_nodes":["n1","n0","n3","n4"],"type":"gossip"}}
2025/04/21 10:14:41 Sent {"src":"n4","dest":"n1","body":{"already_seen":true,"in_reply_to":8,"msg_id":13,"seen_nodes":["n4","n3","n0","n1"],"type":"gossip_ok"}}
2025/04/21 10:14:41 Received {n1 n4 {"already_seen":true,"in_reply_to":4,"msg_id":18,"seen_nodes":["n1","n0","n3","n4","n2"],"type":"gossip_ok"}}
2025/04/21 10:14:41 Received {c14 n4 {"type":"read","msg_id":2}}
2025/04/21 10:14:41 Sent {"src":"n4","dest":"c14","body":{"in_reply_to":2,"messages":[0,1,2,3],"msg_id":14,"type":"read_ok"}}
2025/04/21 10:14:42 Received {n1 n4 {"data_id":"c11_3","message":4,"msg_id":10,"seen_nodes":["n1","n4"],"type":"gossip"}}
2025/04/21 10:14:42 Sent {"src":"n4","dest":"n3","body":{"data_id":"c11_3","message":4,"msg_id":5,"seen_nodes":["n4","n1","n3"],"type":"gossip"}}
2025/04/21 10:14:42 Sent {"src":"n4","dest":"n1","body":{"already_seen":false,"in_reply_to":10,"msg_id":16,"seen_nodes":["n4","n1","n3"],"type":"gossip_ok"}}
2025/04/21 10:14:42 Received {n3 n4 {"already_seen":false,"in_reply_to":5,"msg_id":14,"seen_nodes":["n3","n4","n1","n0"],"type":"gossip_ok"}}
2025/04/21 10:14:42 Received {c14 n4 {"type":"read","msg_id":3}}
2025/04/21 10:14:42 Sent {"src":"n4","dest":"c14","body":{"in_reply_to":3,"messages":[0,1,2,3,4],"msg_id":17,"type":"read_ok"}}
2025/04/21 10:14:42 Received {n3 n4 {"data_id":"c10_7","message":5,"msg_id":7,"seen_nodes":["n3","n0","n4"],"type":"gossip"}}
2025/04/21 10:14:42 Sent {"src":"n4","dest":"n1","body":{"data_id":"c10_7","message":5,"msg_id":6,"seen_nodes":["n4","n3","n0","n1"],"type":"gossip"}}
2025/04/21 10:14:42 Sent {"src":"n4","dest":"n3","body":{"already_seen":false,"in_reply_to":7,"msg_id":19,"seen_nodes":["n4","n3","n0","n1"],"type":"gossip_ok"}}
2025/04/21 10:14:42 Received {n1 n4 {"data_id":"c10_7","message":5,"msg_id":13,"seen_nodes":["n1","n0","n3","n4"],"type":"gossip"}}
2025/04/21 10:14:42 Sent {"src":"n4","dest":"n1","body":{"already_seen":true,"in_reply_to":13,"msg_id":20,"seen_nodes":["n4","n3","n0","n1"],"type":"gossip_ok"}}
2025/04/21 10:14:42 Received {n1 n4 {"already_seen":true,"in_reply_to":6,"msg_id":26,"seen_nodes":["n1","n0","n3","n4","n2"],"type":"gossip_ok"}}
2025/04/21 10:14:42 Received {n1 n4 {"data_id":"c11_4","message":6,"msg_id":15,"seen_nodes":["n1","n4"],"type":"gossip"}}
2025/04/21 10:14:42 Sent {"src":"n4","dest":"n3","body":{"data_id":"c11_4","message":6,"msg_id":7,"seen_nodes":["n4","n1","n3"],"type":"gossip"}}
2025/04/21 10:14:42 Sent {"src":"n4","dest":"n1","body":{"already_seen":false,"in_reply_to":15,"msg_id":22,"seen_nodes":["n4","n1","n3"],"type":"gossip_ok"}}
2025/04/21 10:14:42 Received {n3 n4 {"already_seen":false,"in_reply_to":7,"msg_id":20,"seen_nodes":["n3","n4","n1","n0"],"type":"gossip_ok"}}
2025/04/21 10:14:42 Received {n1 n4 {"data_id":"c12_4","message":7,"msg_id":18,"seen_nodes":["n1","n2","n4"],"type":"gossip"}}
2025/04/21 10:14:42 Sent {"src":"n4","dest":"n3","body":{"data_id":"c12_4","message":7,"msg_id":8,"seen_nodes":["n4","n1","n2","n3"],"type":"gossip"}}
2025/04/21 10:14:42 Sent {"src":"n4","dest":"n1","body":{"already_seen":false,"in_reply_to":18,"msg_id":24,"seen_nodes":["n4","n1","n2","n3"],"type":"gossip_ok"}}
2025/04/21 10:14:42 Received {n3 n4 {"already_seen":false,"in_reply_to":8,"msg_id":23,"seen_nodes":["n3","n4","n1","n2","n0"],"type":"gossip_ok"}}
2025/04/21 10:14:42 Received {c14 n4 {"type":"read","msg_id":4}}
2025/04/21 10:14:42 Sent {"src":"n4","dest":"c14","body":{"in_reply_to":4,"messages":[4,5,6,7,0,1,2,3],"msg_id":25,"type":"read_ok"}}
2025/04/21 10:14:43 Received {n3 n4 {"data_id":"c10_8","message":8,"msg_id":10,"seen_nodes":["n3","n0","n4"],"type":"gossip"}}
2025/04/21 10:14:43 Received {n1 n4 {"data_id":"c10_8","message":8,"msg_id":20,"seen_nodes":["n1","n0","n3","n4"],"type":"gossip"}}
2025/04/21 10:14:43 Sent {"src":"n4","dest":"n1","body":{"data_id":"c10_8","message":8,"msg_id":9,"seen_nodes":["n4","n3","n0","n1"],"type":"gossip"}}
2025/04/21 10:14:43 Sent {"src":"n4","dest":"n1","body":{"already_seen":true,"in_reply_to":20,"msg_id":27,"seen_nodes":["n4","n3","n0","n1"],"type":"gossip_ok"}}
2025/04/21 10:14:43 Sent {"src":"n4","dest":"n3","body":{"already_seen":false,"in_reply_to":10,"msg_id":28,"seen_nodes":["n4","n3","n0","n1"],"type":"gossip_ok"}}
2025/04/21 10:14:43 Received {n1 n4 {"already_seen":true,"in_reply_to":9,"msg_id":37,"seen_nodes":["n1","n0","n3","n4","n2"],"type":"gossip_ok"}}
2025/04/21 10:14:43 Received {n3 n4 {"data_id":"c13_5","message":9,"msg_id":12,"seen_nodes":["n3","n0","n4"],"type":"gossip"}}
2025/04/21 10:14:43 Sent {"src":"n4","dest":"n1","body":{"data_id":"c13_5","message":9,"msg_id":10,"seen_nodes":["n4","n3","n0","n1"],"type":"gossip"}}
2025/04/21 10:14:43 Sent {"src":"n4","dest":"n3","body":{"already_seen":false,"in_reply_to":12,"msg_id":30,"seen_nodes":["n4","n3","n0","n1"],"type":"gossip_ok"}}
2025/04/21 10:14:43 Received {n1 n4 {"data_id":"c13_5","message":9,"msg_id":22,"seen_nodes":["n1","n0","n3","n4"],"type":"gossip"}}
2025/04/21 10:14:43 Sent {"src":"n4","dest":"n1","body":{"already_seen":true,"in_reply_to":22,"msg_id":31,"seen_nodes":["n4","n3","n0","n1"],"type":"gossip_ok"}}
2025/04/21 10:14:43 Received {n1 n4 {"already_seen":true,"in_reply_to":10,"msg_id":41,"seen_nodes":["n1","n0","n3","n4","n2"],"type":"gossip_ok"}}
2025/04/21 10:14:43 Received {c14 n4 {"type":"broadcast","message":10,"msg_id":5}}
2025/04/21 10:14:43 Sent {"src":"n4","dest":"n1","body":{"data_id":"c14_5","message":10,"msg_id":11,"seen_nodes":["n4","n1"],"type":"gossip"}}
2025/04/21 10:14:43 Sent {"src":"n4","dest":"n3","body":{"data_id":"c14_5","message":10,"msg_id":12,"seen_nodes":["n4","n1","n3"],"type":"gossip"}}
2025/04/21 10:14:43 Sent {"src":"n4","dest":"c14","body":{"in_reply_to":5,"msg_id":34,"type":"broadcast_ok"}}
2025/04/21 10:14:43 Received {n1 n4 {"already_seen":false,"in_reply_to":11,"msg_id":45,"seen_nodes":["n1","n4","n2","n0"],"type":"gossip_ok"}}
2025/04/21 10:14:43 Received {n3 n4 {"already_seen":false,"in_reply_to":12,"msg_id":32,"seen_nodes":["n3","n4","n1","n0"],"type":"gossip_ok"}}
2025/04/21 10:14:43 Received {n3 n4 {"data_id":"c10_10","message":11,"msg_id":14,"seen_nodes":["n3","n0","n4"],"type":"gossip"}}
2025/04/21 10:14:43 Sent {"src":"n4","dest":"n1","body":{"data_id":"c10_10","message":11,"msg_id":13,"seen_nodes":["n4","n3","n0","n1"],"type":"gossip"}}
2025/04/21 10:14:43 Sent {"src":"n4","dest":"n3","body":{"already_seen":false,"in_reply_to":14,"msg_id":36,"seen_nodes":["n4","n3","n0","n1"],"type":"gossip_ok"}}
2025/04/21 10:14:43 Received {n1 n4 {"data_id":"c10_10","message":11,"msg_id":26,"seen_nodes":["n1","n0","n3","n4"],"type":"gossip"}}
2025/04/21 10:14:43 Sent {"src":"n4","dest":"n1","body":{"already_seen":true,"in_reply_to":26,"msg_id":37,"seen_nodes":["n4","n3","n0","n1"],"type":"gossip_ok"}}
2025/04/21 10:14:43 Received {n1 n4 {"already_seen":true,"in_reply_to":13,"msg_id":49,"seen_nodes":["n1","n0","n3","n4","n2"],"type":"gossip_ok"}}
2025/04/21 10:14:44 Received {n1 n4 {"data_id":"c12_6","message":12,"msg_id":28,"seen_nodes":["n1","n2","n4"],"type":"gossip"}}
2025/04/21 10:14:44 Sent {"src":"n4","dest":"n3","body":{"data_id":"c12_6","message":12,"msg_id":14,"seen_nodes":["n4","n1","n2","n3"],"type":"gossip"}}
2025/04/21 10:14:44 Sent {"src":"n4","dest":"n1","body":{"already_seen":false,"in_reply_to":28,"msg_id":39,"seen_nodes":["n4","n1","n2","n3"],"type":"gossip_ok"}}
2025/04/21 10:14:44 Received {n3 n4 {"already_seen":false,"in_reply_to":14,"msg_id":38,"seen_nodes":["n3","n4","n1","n2","n0"],"type":"gossip_ok"}}
2025/04/21 10:14:44 Received {n3 n4 {"data_id":"c13_6","message":13,"msg_id":17,"seen_nodes":["n3","n0","n4"],"type":"gossip"}}
2025/04/21 10:14:44 Sent {"src":"n4","dest":"n1","body":{"data_id":"c13_6","message":13,"msg_id":15,"seen_nodes":["n4","n3","n0","n1"],"type":"gossip"}}
2025/04/21 10:14:44 Sent {"src":"n4","dest":"n3","body":{"already_seen":false,"in_reply_to":17,"msg_id":41,"seen_nodes":["n4","n3","n0","n1"],"type":"gossip_ok"}}
2025/04/21 10:14:44 Received {n1 n4 {"data_id":"c13_6","message":13,"msg_id":30,"seen_nodes":["n1","n0","n3","n4"],"type":"gossip"}}
2025/04/21 10:14:44 Sent {"src":"n4","dest":"n1","body":{"already_seen":true,"in_reply_to":30,"msg_id":42,"seen_nodes":["n4","n3","n0","n1"],"type":"gossip_ok"}}
2025/04/21 10:14:44 Received {c14 n4 {"type":"read","msg_id":6}}
2025/04/21 10:14:44 Received {n1 n4 {"already_seen":true,"in_reply_to":15,"msg_id":57,"seen_nodes":["n1","n0","n3","n4","n2"],"type":"gossip_ok"}}
2025/04/21 10:14:44 Sent {"src":"n4","dest":"c14","body":{"in_reply_to":6,"messages":[0,3,7,13,2,4,5,9,12,1,6,8,10,11],"msg_id":43,"type":"read_ok"}}
2025/04/21 10:14:44 Received {n3 n4 {"data_id":"c10_12","message":14,"msg_id":18,"seen_nodes":["n3","n0","n4"],"type":"gossip"}}
2025/04/21 10:14:44 Received {n1 n4 {"data_id":"c10_12","message":14,"msg_id":32,"seen_nodes":["n1","n0","n3","n4"],"type":"gossip"}}
2025/04/21 10:14:44 Sent {"src":"n4","dest":"n1","body":{"data_id":"c10_12","message":14,"msg_id":16,"seen_nodes":["n4","n3","n0","n1"],"type":"gossip"}}
2025/04/21 10:14:44 Sent {"src":"n4","dest":"n3","body":{"already_seen":false,"in_reply_to":18,"msg_id":45,"seen_nodes":["n4","n3","n0","n1"],"type":"gossip_ok"}}
2025/04/21 10:14:44 Sent {"src":"n4","dest":"n1","body":{"already_seen":true,"in_reply_to":32,"msg_id":46,"seen_nodes":["n4","n3","n0","n1"],"type":"gossip_ok"}}
2025/04/21 10:14:44 Received {n1 n4 {"already_seen":true,"in_reply_to":16,"msg_id":61,"seen_nodes":["n1","n0","n3","n4","n2"],"type":"gossip_ok"}}
2025/04/21 10:14:44 Received {n3 n4 {"data_id":"c10_13","message":15,"msg_id":19,"seen_nodes":["n3","n0","n4"],"type":"gossip"}}
2025/04/21 10:14:44 Sent {"src":"n4","dest":"n1","body":{"data_id":"c10_13","message":15,"msg_id":17,"seen_nodes":["n4","n3","n0","n1"],"type":"gossip"}}
2025/04/21 10:14:44 Received {n1 n4 {"data_id":"c10_13","message":15,"msg_id":34,"seen_nodes":["n1","n0","n3","n4"],"type":"gossip"}}
2025/04/21 10:14:44 Sent {"src":"n4","dest":"n3","body":{"already_seen":false,"in_reply_to":19,"msg_id":48,"seen_nodes":["n4","n3","n0","n1"],"type":"gossip_ok"}}
2025/04/21 10:14:44 Sent {"src":"n4","dest":"n1","body":{"already_seen":true,"in_reply_to":34,"msg_id":49,"seen_nodes":["n4","n3","n0","n1"],"type":"gossip_ok"}}
2025/04/21 10:14:44 Received {n1 n4 {"already_seen":true,"in_reply_to":17,"msg_id":65,"seen_nodes":["n1","n0","n3","n4","n2"],"type":"gossip_ok"}}
2025/04/21 10:14:44 Received {n1 n4 {"data_id":"c11_7","message":16,"msg_id":36,"seen_nodes":["n1","n4"],"type":"gossip"}}
2025/04/21 10:14:44 Sent {"src":"n4","dest":"n3","body":{"data_id":"c11_7","message":16,"msg_id":18,"seen_nodes":["n4","n1","n3"],"type":"gossip"}}
2025/04/21 10:14:44 Sent {"src":"n4","dest":"n1","body":{"already_seen":false,"in_reply_to":36,"msg_id":51,"seen_nodes":["n4","n1","n3"],"type":"gossip_ok"}}
2025/04/21 10:14:44 Received {n3 n4 {"already_seen":false,"in_reply_to":18,"msg_id":48,"seen_nodes":["n3","n4","n1","n0"],"type":"gossip_ok"}}
2025/04/21 10:14:44 Received {n3 n4 {"data_id":"c13_7","message":17,"msg_id":22,"seen_nodes":["n3","n0","n4"],"type":"gossip"}}
2025/04/21 10:14:44 Sent {"src":"n4","dest":"n1","body":{"data_id":"c13_7","message":17,"msg_id":19,"seen_nodes":["n4","n3","n0","n1"],"type":"gossip"}}
2025/04/21 10:14:44 Sent {"src":"n4","dest":"n3","body":{"already_seen":false,"in_reply_to":22,"msg_id":53,"seen_nodes":["n4","n3","n0","n1"],"type":"gossip_ok"}}
2025/04/21 10:14:44 Received {n1 n4 {"data_id":"c13_7","message":17,"msg_id":39,"seen_nodes":["n1","n0","n3","n4"],"type":"gossip"}}
2025/04/21 10:14:44 Sent {"src":"n4","dest":"n1","body":{"already_seen":true,"in_reply_to":39,"msg_id":54,"seen_nodes":["n4","n3","n0","n1"],"type":"gossip_ok"}}
2025/04/21 10:14:44 Received {n1 n4 {"already_seen":true,"in_reply_to":19,"msg_id":73,"seen_nodes":["n1","n0","n3","n4","n2"],"type":"gossip_ok"}}
2025/04/21 10:14:44 Received {c14 n4 {"type":"broadcast","message":18,"msg_id":7}}
2025/04/21 10:14:44 Sent {"src":"n4","dest":"n1","body":{"data_id":"c14_7","message":18,"msg_id":20,"seen_nodes":["n4","n1"],"type":"gossip"}}
2025/04/21 10:14:44 Sent {"src":"n4","dest":"n3","body":{"data_id":"c14_7","message":18,"msg_id":21,"seen_nodes":["n4","n1","n3"],"type":"gossip"}}
2025/04/21 10:14:44 Sent {"src":"n4","dest":"c14","body":{"in_reply_to":7,"msg_id":57,"type":"broadcast_ok"}}
2025/04/21 10:14:44 Received {n3 n4 {"already_seen":false,"in_reply_to":21,"msg_id":53,"seen_nodes":["n3","n4","n1","n0"],"type":"gossip_ok"}}
2025/04/21 10:14:44 Received {n1 n4 {"already_seen":false,"in_reply_to":20,"msg_id":76,"seen_nodes":["n1","n4","n2","n0"],"type":"gossip_ok"}}
2025/04/21 10:14:44 Received {n1 n4 {"data_id":"c10_14","message":19,"msg_id":43,"seen_nodes":["n1","n0","n3","n4"],"type":"gossip"}}
2025/04/21 10:14:44 Received {n3 n4 {"data_id":"c10_14","message":19,"msg_id":24,"seen_nodes":["n3","n0","n4"],"type":"gossip"}}
2025/04/21 10:14:44 Sent {"src":"n4","dest":"n3","body":{"already_seen":true,"in_reply_to":24,"msg_id":59,"seen_nodes":["n4","n1","n0","n3"],"type":"gossip_ok"}}
2025/04/21 10:14:44 Sent {"src":"n4","dest":"n1","body":{"already_seen":false,"in_reply_to":43,"msg_id":58,"seen_nodes":["n4","n1","n0","n3"],"type":"gossip_ok"}}
2025/04/21 10:14:44 Received {n3 n4 {"data_id":"c10_15","message":20,"msg_id":25,"seen_nodes":["n3","n0","n4"],"type":"gossip"}}
2025/04/21 10:14:44 Received {n1 n4 {"data_id":"c10_15","message":20,"msg_id":45,"seen_nodes":["n1","n0","n3","n4"],"type":"gossip"}}
2025/04/21 10:14:44 Sent {"src":"n4","dest":"n1","body":{"already_seen":true,"in_reply_to":45,"msg_id":61,"seen_nodes":["n4","n3","n0","n1"],"type":"gossip_ok"}}
2025/04/21 10:14:44 Sent {"src":"n4","dest":"n1","body":{"data_id":"c10_15","message":20,"msg_id":22,"seen_nodes":["n4","n3","n0","n1"],"type":"gossip"}}
2025/04/21 10:14:44 Sent {"src":"n4","dest":"n3","body":{"already_seen":false,"in_reply_to":25,"msg_id":62,"seen_nodes":["n4","n3","n0","n1"],"type":"gossip_ok"}}
2025/04/21 10:14:44 Received {n1 n4 {"already_seen":true,"in_reply_to":22,"msg_id":83,"seen_nodes":["n1","n0","n3","n4","n2"],"type":"gossip_ok"}}
2025/04/21 10:14:45 Received {n1 n4 {"data_id":"c11_8","message":21,"msg_id":47,"seen_nodes":["n1","n4"],"type":"gossip"}}
2025/04/21 10:14:45 Sent {"src":"n4","dest":"n3","body":{"data_id":"c11_8","message":21,"msg_id":23,"seen_nodes":["n4","n1","n3"],"type":"gossip"}}
2025/04/21 10:14:45 Sent {"src":"n4","dest":"n1","body":{"already_seen":false,"in_reply_to":47,"msg_id":64,"seen_nodes":["n4","n1","n3"],"type":"gossip_ok"}}
2025/04/21 10:14:45 Received {n3 n4 {"already_seen":false,"in_reply_to":23,"msg_id":59,"seen_nodes":["n3","n4","n1","n0"],"type":"gossip_ok"}}
2025/04/21 10:14:45 Received {n3 n4 {"data_id":"c13_8","message":22,"msg_id":28,"seen_nodes":["n3","n0","n4"],"type":"gossip"}}
2025/04/21 10:14:45 Sent {"src":"n4","dest":"n1","body":{"data_id":"c13_8","message":22,"msg_id":24,"seen_nodes":["n4","n3","n0","n1"],"type":"gossip"}}
2025/04/21 10:14:45 Sent {"src":"n4","dest":"n3","body":{"already_seen":false,"in_reply_to":28,"msg_id":66,"seen_nodes":["n4","n3","n0","n1"],"type":"gossip_ok"}}
2025/04/21 10:14:45 Received {n1 n4 {"data_id":"c13_8","message":22,"msg_id":50,"seen_nodes":["n1","n0","n3","n4"],"type":"gossip"}}
2025/04/21 10:14:45 Received {n1 n4 {"already_seen":true,"in_reply_to":24,"msg_id":89,"seen_nodes":["n1","n0","n3","n4"],"type":"gossip_ok"}}
2025/04/21 10:14:45 Sent {"src":"n4","dest":"n1","body":{"already_seen":true,"in_reply_to":50,"msg_id":67,"seen_nodes":["n4","n3","n0","n1"],"type":"gossip_ok"}}
2025/04/21 10:14:45 Received {c14 n4 {"type":"broadcast","message":23,"msg_id":8}}
2025/04/21 10:14:45 Sent {"src":"n4","dest":"n1","body":{"data_id":"c14_8","message":23,"msg_id":25,"seen_nodes":["n4","n1"],"type":"gossip"}}
2025/04/21 10:14:45 Sent {"src":"n4","dest":"n3","body":{"data_id":"c14_8","message":23,"msg_id":26,"seen_nodes":["n4","n1","n3"],"type":"gossip"}}
2025/04/21 10:14:45 Sent {"src":"n4","dest":"c14","body":{"in_reply_to":8,"msg_id":70,"type":"broadcast_ok"}}
2025/04/21 10:14:45 Received {n3 n4 {"already_seen":false,"in_reply_to":26,"msg_id":65,"seen_nodes":["n3","n4","n1","n0"],"type":"gossip_ok"}}
2025/04/21 10:14:45 Received {n1 n4 {"already_seen":false,"in_reply_to":25,"msg_id":94,"seen_nodes":["n1","n4","n2","n0"],"type":"gossip_ok"}}
2025/04/21 10:14:45 Received {n3 n4 {"data_id":"c10_17","message":24,"msg_id":30,"seen_nodes":["n3","n0","n4"],"type":"gossip"}}
2025/04/21 10:14:45 Received {n1 n4 {"data_id":"c10_17","message":24,"msg_id":54,"seen_nodes":["n1","n0","n3","n4"],"type":"gossip"}}
2025/04/21 10:14:45 Sent {"src":"n4","dest":"n1","body":{"data_id":"c10_17","message":24,"msg_id":27,"seen_nodes":["n4","n3","n0","n1"],"type":"gossip"}}
2025/04/21 10:14:45 Sent {"src":"n4","dest":"n1","body":{"already_seen":true,"in_reply_to":54,"msg_id":72,"seen_nodes":["n4","n3","n0","n1"],"type":"gossip_ok"}}
2025/04/21 10:14:45 Sent {"src":"n4","dest":"n3","body":{"already_seen":false,"in_reply_to":30,"msg_id":73,"seen_nodes":["n4","n3","n0","n1"],"type":"gossip_ok"}}
2025/04/21 10:14:45 Received {n1 n4 {"already_seen":true,"in_reply_to":27,"msg_id":98,"seen_nodes":["n1","n0","n3","n4","n2"],"type":"gossip_ok"}}
2025/04/21 10:14:45 Received {n1 n4 {"data_id":"c11_9","message":25,"msg_id":56,"seen_nodes":["n1","n4"],"type":"gossip"}}
2025/04/21 10:14:45 Sent {"src":"n4","dest":"n3","body":{"data_id":"c11_9","message":25,"msg_id":28,"seen_nodes":["n4","n1","n3"],"type":"gossip"}}
2025/04/21 10:14:45 Sent {"src":"n4","dest":"n1","body":{"already_seen":false,"in_reply_to":56,"msg_id":75,"seen_nodes":["n4","n1","n3"],"type":"gossip_ok"}}
2025/04/21 10:14:45 Received {n3 n4 {"already_seen":false,"in_reply_to":28,"msg_id":69,"seen_nodes":["n3","n4","n1","n0"],"type":"gossip_ok"}}
2025/04/21 10:14:45 Received {n1 n4 {"data_id":"c12_9","message":26,"msg_id":59,"seen_nodes":["n1","n2","n4"],"type":"gossip"}}
2025/04/21 10:14:45 Sent {"src":"n4","dest":"n3","body":{"data_id":"c12_9","message":26,"msg_id":29,"seen_nodes":["n4","n1","n2","n3"],"type":"gossip"}}
2025/04/21 10:14:45 Sent {"src":"n4","dest":"n1","body":{"already_seen":false,"in_reply_to":59,"msg_id":77,"seen_nodes":["n4","n1","n2","n3"],"type":"gossip_ok"}}
2025/04/21 10:14:45 Received {n3 n4 {"already_seen":false,"in_reply_to":29,"msg_id":73,"seen_nodes":["n3","n4","n1","n2","n0"],"type":"gossip_ok"}}
2025/04/21 10:14:45 Received {n3 n4 {"data_id":"c13_9","message":27,"msg_id":34,"seen_nodes":["n3","n0","n4"],"type":"gossip"}}
2025/04/21 10:14:45 Sent {"src":"n4","dest":"n1","body":{"data_id":"c13_9","message":27,"msg_id":30,"seen_nodes":["n4","n3","n0","n1"],"type":"gossip"}}
2025/04/21 10:14:45 Sent {"src":"n4","dest":"n3","body":{"already_seen":false,"in_reply_to":34,"msg_id":79,"seen_nodes":["n4","n3","n0","n1"],"type":"gossip_ok"}}
2025/04/21 10:14:45 Received {n1 n4 {"already_seen":false,"in_reply_to":30,"msg_id":107,"seen_nodes":["n1","n4","n3","n0","n2"],"type":"gossip_ok"}}
2025/04/21 10:14:46 Received {c14 n4 {"type":"read","msg_id":9}}
2025/04/21 10:14:46 Sent {"src":"n4","dest":"c14","body":{"in_reply_to":9,"messages":[20,26,2,5,9,19,1,6,24,27,11,14,18,0,4,15,17,22,25,8,10,12,21,16,3,7,13,23],"msg_id":80,"type":"read_ok"}}
2025/04/21 10:14:46 Received {n1 n4 {"data_id":"c11_10","message":28,"msg_id":62,"seen_nodes":["n1","n4"],"type":"gossip"}}
2025/04/21 10:14:46 Sent {"src":"n4","dest":"n3","body":{"data_id":"c11_10","message":28,"msg_id":31,"seen_nodes":["n4","n1","n3"],"type":"gossip"}}
2025/04/21 10:14:46 Sent {"src":"n4","dest":"n1","body":{"already_seen":false,"in_reply_to":62,"msg_id":82,"seen_nodes":["n4","n1","n3"],"type":"gossip_ok"}}
2025/04/21 10:14:46 Received {n3 n4 {"already_seen":true,"in_reply_to":31,"msg_id":77,"seen_nodes":["n3","n0","n1","n4"],"type":"gossip_ok"}}
2025/04/21 10:14:46 Received {c14 n4 {"type":"broadcast","message":29,"msg_id":10}}
2025/04/21 10:14:46 Sent {"src":"n4","dest":"n1","body":{"data_id":"c14_10","message":29,"msg_id":32,"seen_nodes":["n4","n1"],"type":"gossip"}}
2025/04/21 10:14:46 Sent {"src":"n4","dest":"n3","body":{"data_id":"c14_10","message":29,"msg_id":33,"seen_nodes":["n4","n1","n3"],"type":"gossip"}}
2025/04/21 10:14:46 Sent {"src":"n4","dest":"c14","body":{"in_reply_to":10,"msg_id":85,"type":"broadcast_ok"}}
2025/04/21 10:14:46 Received {n1 n4 {"already_seen":false,"in_reply_to":32,"msg_id":115,"seen_nodes":["n1","n4","n2","n0"],"type":"gossip_ok"}}
2025/04/21 10:14:46 Received {n3 n4 {"already_seen":false,"in_reply_to":33,"msg_id":81,"seen_nodes":["n3","n4","n1","n0"],"type":"gossip_ok"}}
2025/04/21 10:14:47 Received {n3 n4 {"data_id":"c10_20","message":30,"msg_id":36,"seen_nodes":["n3","n0","n4"],"type":"gossip"}}
2025/04/21 10:14:47 Received {n1 n4 {"data_id":"c10_20","message":30,"msg_id":67,"seen_nodes":["n1","n0","n3","n4"],"type":"gossip"}}
2025/04/21 10:14:47 Sent {"src":"n4","dest":"n1","body":{"already_seen":true,"in_reply_to":67,"msg_id":86,"seen_nodes":["n4","n3","n0","n1"],"type":"gossip_ok"}}
2025/04/21 10:14:47 Sent {"src":"n4","dest":"n1","body":{"data_id":"c10_20","message":30,"msg_id":34,"seen_nodes":["n4","n3","n0","n1"],"type":"gossip"}}
2025/04/21 10:14:47 Sent {"src":"n4","dest":"n3","body":{"already_seen":false,"in_reply_to":36,"msg_id":88,"seen_nodes":["n4","n3","n0","n1"],"type":"gossip_ok"}}
2025/04/21 10:14:47 Received {n1 n4 {"already_seen":true,"in_reply_to":34,"msg_id":119,"seen_nodes":["n1","n0","n3","n4","n2"],"type":"gossip_ok"}}
2025/04/21 10:14:47 Received {n1 n4 {"data_id":"c10_21","message":31,"msg_id":69,"seen_nodes":["n1","n0","n3","n4"],"type":"gossip"}}
2025/04/21 10:14:47 Received {n3 n4 {"data_id":"c10_21","message":31,"msg_id":37,"seen_nodes":["n3","n0","n4"],"type":"gossip"}}
2025/04/21 10:14:47 Sent {"src":"n4","dest":"n3","body":{"already_seen":true,"in_reply_to":37,"msg_id":90,"seen_nodes":["n4","n1","n0","n3"],"type":"gossip_ok"}}
2025/04/21 10:14:47 Sent {"src":"n4","dest":"n1","body":{"already_seen":false,"in_reply_to":69,"msg_id":89,"seen_nodes":["n4","n1","n0","n3"],"type":"gossip_ok"}}
2025/04/21 10:14:47 Received {n1 n4 {"data_id":"c11_11","message":32,"msg_id":71,"seen_nodes":["n1","n4"],"type":"gossip"}}
2025/04/21 10:14:47 Sent {"src":"n4","dest":"n3","body":{"data_id":"c11_11","message":32,"msg_id":35,"seen_nodes":["n4","n1","n3"],"type":"gossip"}}
2025/04/21 10:14:47 Sent {"src":"n4","dest":"n1","body":{"already_seen":false,"in_reply_to":71,"msg_id":92,"seen_nodes":["n4","n1","n3"],"type":"gossip_ok"}}
2025/04/21 10:14:47 Received {n3 n4 {"already_seen":false,"in_reply_to":35,"msg_id":89,"seen_nodes":["n3","n4","n1","n0"],"type":"gossip_ok"}}
2025/04/21 10:14:47 Received {c14 n4 {"type":"read","msg_id":11}}
2025/04/21 10:14:47 Sent {"src":"n4","dest":"c14","body":{"in_reply_to":11,"messages":[21,22,25,8,10,12,16,23,28,29,30,32,3,7,13,19,20,26,2,5,9,27,1,6,24,11,14,18,0,31,4,15,17],"msg_id":93,"type":"read_ok"}}
2025/04/21 10:14:47 Received {n3 n4 {"data_id":"c10_22","message":33,"msg_id":39,"seen_nodes":["n3","n0","n4"],"type":"gossip"}}
2025/04/21 10:14:47 Received {n1 n4 {"data_id":"c10_22","message":33,"msg_id":74,"seen_nodes":["n1","n0","n3","n4"],"type":"gossip"}}
2025/04/21 10:14:47 Sent {"src":"n4","dest":"n1","body":{"data_id":"c10_22","message":33,"msg_id":36,"seen_nodes":["n4","n3","n0","n1"],"type":"gossip"}}
2025/04/21 10:14:47 Sent {"src":"n4","dest":"n1","body":{"already_seen":true,"in_reply_to":74,"msg_id":95,"seen_nodes":["n4","n3","n0","n1"],"type":"gossip_ok"}}
2025/04/21 10:14:47 Sent {"src":"n4","dest":"n3","body":{"already_seen":false,"in_reply_to":39,"msg_id":96,"seen_nodes":["n4","n3","n0","n1"],"type":"gossip_ok"}}
2025/04/21 10:14:47 Received {n1 n4 {"already_seen":true,"in_reply_to":36,"msg_id":130,"seen_nodes":["n1","n0","n3","n4","n2"],"type":"gossip_ok"}}
2025/04/21 10:14:47 Received {n1 n4 {"data_id":"c11_12","message":34,"msg_id":76,"seen_nodes":["n1","n4"],"type":"gossip"}}
2025/04/21 10:14:47 Sent {"src":"n4","dest":"n3","body":{"data_id":"c11_12","message":34,"msg_id":37,"seen_nodes":["n4","n1","n3"],"type":"gossip"}}
2025/04/21 10:14:47 Sent {"src":"n4","dest":"n1","body":{"already_seen":false,"in_reply_to":76,"msg_id":98,"seen_nodes":["n4","n1","n3"],"type":"gossip_ok"}}
2025/04/21 10:14:47 Received {n3 n4 {"already_seen":false,"in_reply_to":37,"msg_id":94,"seen_nodes":["n3","n4","n1","n0"],"type":"gossip_ok"}}
2025/04/21 10:14:47 Received {c14 n4 {"type":"broadcast","message":35,"msg_id":12}}
2025/04/21 10:14:47 Sent {"src":"n4","dest":"n1","body":{"data_id":"c14_12","message":35,"msg_id":38,"seen_nodes":["n4","n1"],"type":"gossip"}}
2025/04/21 10:14:47 Sent {"src":"n4","dest":"n3","body":{"data_id":"c14_12","message":35,"msg_id":39,"seen_nodes":["n4","n1","n3"],"type":"gossip"}}
2025/04/21 10:14:47 Sent {"src":"n4","dest":"c14","body":{"in_reply_to":12,"msg_id":101,"type":"broadcast_ok"}}
2025/04/21 10:14:47 Received {n3 n4 {"already_seen":false,"in_reply_to":39,"msg_id":98,"seen_nodes":["n3","n4","n1","n0"],"type":"gossip_ok"}}
2025/04/21 10:14:47 Received {n1 n4 {"already_seen":false,"in_reply_to":38,"msg_id":137,"seen_nodes":["n1","n4","n2","n0"],"type":"gossip_ok"}}
2025/04/21 10:14:48 Received {n1 n4 {"data_id":"c12_13","message":36,"msg_id":81,"seen_nodes":["n1","n2","n4"],"type":"gossip"}}
2025/04/21 10:14:48 Sent {"src":"n4","dest":"n3","body":{"data_id":"c12_13","message":36,"msg_id":40,"seen_nodes":["n4","n1","n2","n3"],"type":"gossip"}}
2025/04/21 10:14:48 Sent {"src":"n4","dest":"n1","body":{"already_seen":false,"in_reply_to":81,"msg_id":103,"seen_nodes":["n4","n1","n2","n3"],"type":"gossip_ok"}}
2025/04/21 10:14:48 Received {n3 n4 {"already_seen":false,"in_reply_to":40,"msg_id":101,"seen_nodes":["n3","n4","n1","n2","n0"],"type":"gossip_ok"}}
2025/04/21 10:14:48 Received {n3 n4 {"data_id":"c13_13","message":37,"msg_id":44,"seen_nodes":["n3","n0","n4"],"type":"gossip"}}
2025/04/21 10:14:48 Sent {"src":"n4","dest":"n1","body":{"data_id":"c13_13","message":37,"msg_id":41,"seen_nodes":["n4","n3","n0","n1"],"type":"gossip"}}
2025/04/21 10:14:48 Sent {"src":"n4","dest":"n3","body":{"already_seen":false,"in_reply_to":44,"msg_id":105,"seen_nodes":["n4","n3","n0","n1"],"type":"gossip_ok"}}
2025/04/21 10:14:48 Received {n1 n4 {"data_id":"c13_13","message":37,"msg_id":83,"seen_nodes":["n1","n0","n3","n4"],"type":"gossip"}}
2025/04/21 10:14:48 Received {n1 n4 {"already_seen":true,"in_reply_to":41,"msg_id":143,"seen_nodes":["n1","n0","n3","n4"],"type":"gossip_ok"}}
2025/04/21 10:14:48 Sent {"src":"n4","dest":"n1","body":{"already_seen":true,"in_reply_to":83,"msg_id":106,"seen_nodes":["n4","n3","n0","n1"],"type":"gossip_ok"}}
2025/04/21 10:14:48 Received {c14 n4 {"type":"read","msg_id":13}}
2025/04/21 10:14:48 Sent {"src":"n4","dest":"c14","body":{"in_reply_to":13,"messages":[19,20,26,2,5,9,27,33,34,1,6,24,11,14,18,0,31,35,4,15,17,21,22,25,36,37,8,10,12,16,23,28,29,30,32,3,7,13],"msg_id":107,"type":"read_ok"}}
2025/04/21 10:14:49 Received {n1 n4 {"data_id":"c12_14","message":38,"msg_id":85,"seen_nodes":["n1","n2","n4"],"type":"gossip"}}
2025/04/21 10:14:49 Sent {"src":"n4","dest":"n3","body":{"data_id":"c12_14","message":38,"msg_id":42,"seen_nodes":["n4","n1","n2","n3"],"type":"gossip"}}
2025/04/21 10:14:49 Sent {"src":"n4","dest":"n1","body":{"already_seen":false,"in_reply_to":85,"msg_id":109,"seen_nodes":["n4","n1","n2","n3"],"type":"gossip_ok"}}
2025/04/21 10:14:49 Received {n3 n4 {"already_seen":false,"in_reply_to":42,"msg_id":107,"seen_nodes":["n3","n4","n1","n2","n0"],"type":"gossip_ok"}}
2025/04/21 10:14:49 Received {n3 n4 {"data_id":"c13_14","message":39,"msg_id":47,"seen_nodes":["n3","n0","n4"],"type":"gossip"}}
2025/04/21 10:14:49 Sent {"src":"n4","dest":"n1","body":{"data_id":"c13_14","message":39,"msg_id":43,"seen_nodes":["n4","n3","n0","n1"],"type":"gossip"}}
2025/04/21 10:14:49 Sent {"src":"n4","dest":"n3","body":{"already_seen":false,"in_reply_to":47,"msg_id":111,"seen_nodes":["n4","n3","n0","n1"],"type":"gossip_ok"}}
2025/04/21 10:14:49 Received {n1 n4 {"already_seen":false,"in_reply_to":43,"msg_id":151,"seen_nodes":["n1","n4","n3","n0","n2"],"type":"gossip_ok"}}
2025/04/21 10:14:49 Received {c14 n4 {"type":"read","msg_id":14}}
2025/04/21 10:14:49 Sent {"src":"n4","dest":"c14","body":{"in_reply_to":14,"messages":[2,5,9,19,20,26,1,6,24,27,33,34,11,14,18,38,0,4,15,17,31,35,36,37,8,10,12,21,22,25,16,30,32,3,7,13,23,28,29,39],"msg_id":112,"type":"read_ok"}}
2025/04/21 10:14:49 Received {n3 n4 {"data_id":"c10_28","message":40,"msg_id":48,"seen_nodes":["n3","n0","n4"],"type":"gossip"}}
2025/04/21 10:14:49 Received {n1 n4 {"data_id":"c10_28","message":40,"msg_id":88,"seen_nodes":["n1","n0","n3","n4"],"type":"gossip"}}
2025/04/21 10:14:49 Sent {"src":"n4","dest":"n1","body":{"data_id":"c10_28","message":40,"msg_id":44,"seen_nodes":["n4","n3","n0","n1"],"type":"gossip"}}
2025/04/21 10:14:49 Sent {"src":"n4","dest":"n1","body":{"already_seen":true,"in_reply_to":88,"msg_id":114,"seen_nodes":["n4","n3","n0","n1"],"type":"gossip_ok"}}
2025/04/21 10:14:49 Sent {"src":"n4","dest":"n3","body":{"already_seen":false,"in_reply_to":48,"msg_id":115,"seen_nodes":["n4","n3","n0","n1"],"type":"gossip_ok"}}
2025/04/21 10:14:49 Received {n1 n4 {"already_seen":true,"in_reply_to":44,"msg_id":156,"seen_nodes":["n1","n0","n3","n4","n2"],"type":"gossip_ok"}}
2025/04/21 10:14:49 Received {n1 n4 {"data_id":"c12_15","message":41,"msg_id":90,"seen_nodes":["n1","n2","n4"],"type":"gossip"}}
2025/04/21 10:14:49 Sent {"src":"n4","dest":"n3","body":{"data_id":"c12_15","message":41,"msg_id":45,"seen_nodes":["n4","n1","n2","n3"],"type":"gossip"}}
2025/04/21 10:14:49 Sent {"src":"n4","dest":"n1","body":{"already_seen":false,"in_reply_to":90,"msg_id":117,"seen_nodes":["n4","n1","n2","n3"],"type":"gossip_ok"}}
2025/04/21 10:14:49 Received {n3 n4 {"already_seen":false,"in_reply_to":45,"msg_id":115,"seen_nodes":["n3","n4","n1","n2","n0"],"type":"gossip_ok"}}
2025/04/21 10:14:49 Received {c14 n4 {"type":"broadcast","message":42,"msg_id":15}}
2025/04/21 10:14:49 Sent {"src":"n4","dest":"n1","body":{"data_id":"c14_15","message":42,"msg_id":46,"seen_nodes":["n4","n1"],"type":"gossip"}}
2025/04/21 10:14:49 Sent {"src":"n4","dest":"n3","body":{"data_id":"c14_15","message":42,"msg_id":47,"seen_nodes":["n4","n1","n3"],"type":"gossip"}}
2025/04/21 10:14:49 Sent {"src":"n4","dest":"c14","body":{"in_reply_to":15,"msg_id":120,"type":"broadcast_ok"}}
2025/04/21 10:14:49 Received {n3 n4 {"already_seen":false,"in_reply_to":47,"msg_id":118,"seen_nodes":["n3","n4","n1","n0"],"type":"gossip_ok"}}
2025/04/21 10:14:49 Received {n1 n4 {"already_seen":false,"in_reply_to":46,"msg_id":163,"seen_nodes":["n1","n4","n2","n0"],"type":"gossip_ok"}}
2025/04/21 10:14:50 Received {n3 n4 {"data_id":"c10_30","message":43,"msg_id":51,"seen_nodes":["n3","n0","n4"],"type":"gossip"}}
2025/04/21 10:14:50 Received {n1 n4 {"data_id":"c10_30","message":43,"msg_id":94,"seen_nodes":["n1","n0","n3","n4"],"type":"gossip"}}
2025/04/21 10:14:50 Sent {"src":"n4","dest":"n1","body":{"data_id":"c10_30","message":43,"msg_id":48,"seen_nodes":["n4","n3","n0","n1"],"type":"gossip"}}
2025/04/21 10:14:50 Sent {"src":"n4","dest":"n1","body":{"already_seen":true,"in_reply_to":94,"msg_id":122,"seen_nodes":["n4","n3","n0","n1"],"type":"gossip_ok"}}
2025/04/21 10:14:50 Sent {"src":"n4","dest":"n3","body":{"already_seen":false,"in_reply_to":51,"msg_id":123,"seen_nodes":["n4","n3","n0","n1"],"type":"gossip_ok"}}
2025/04/21 10:14:50 Received {n1 n4 {"already_seen":true,"in_reply_to":48,"msg_id":167,"seen_nodes":["n1","n0","n3","n4","n2"],"type":"gossip_ok"}}
2025/04/21 10:14:50 Received {n3 n4 {"data_id":"c10_31","message":44,"msg_id":52,"seen_nodes":["n3","n0","n4"],"type":"gossip"}}
2025/04/21 10:14:50 Received {n1 n4 {"data_id":"c10_31","message":44,"msg_id":96,"seen_nodes":["n1","n0","n3","n4"],"type":"gossip"}}
2025/04/21 10:14:50 Sent {"src":"n4","dest":"n1","body":{"already_seen":false,"in_reply_to":96,"msg_id":124,"seen_nodes":["n4","n1","n0","n3"],"type":"gossip_ok"}}
2025/04/21 10:14:50 Sent {"src":"n4","dest":"n3","body":{"already_seen":true,"in_reply_to":52,"msg_id":125,"seen_nodes":["n4","n1","n0","n3"],"type":"gossip_ok"}}
2025/04/21 10:14:50 Received {n1 n4 {"data_id":"c12_16","message":45,"msg_id":98,"seen_nodes":["n1","n2","n4"],"type":"gossip"}}
2025/04/21 10:14:50 Sent {"src":"n4","dest":"n3","body":{"data_id":"c12_16","message":45,"msg_id":49,"seen_nodes":["n4","n1","n2","n3"],"type":"gossip"}}
2025/04/21 10:14:50 Sent {"src":"n4","dest":"n1","body":{"already_seen":false,"in_reply_to":98,"msg_id":127,"seen_nodes":["n4","n1","n2","n3"],"type":"gossip_ok"}}
2025/04/21 10:14:50 Received {n3 n4 {"already_seen":false,"in_reply_to":49,"msg_id":124,"seen_nodes":["n3","n4","n1","n2","n0"],"type":"gossip_ok"}}
2025/04/21 10:14:50 Received {c14 n4 {"type":"read","msg_id":16}}
2025/04/21 10:14:50 Sent {"src":"n4","dest":"c14","body":{"in_reply_to":16,"messages":[16,7,13,23,28,29,30,32,3,44,39,5,9,19,20,26,2,6,24,27,33,34,42,1,14,18,38,41,11,0,15,17,31,35,45,4,10,12,21,22,25,36,37,8,43,40],"msg_id":128,"type":"read_ok"}}
2025/04/21 10:14:50 Received {n3 n4 {"data_id":"c10_32","message":46,"msg_id":54,"seen_nodes":["n3","n0","n4"],"type":"gossip"}}
2025/04/21 10:14:50 Sent {"src":"n4","dest":"n1","body":{"data_id":"c10_32","message":46,"msg_id":50,"seen_nodes":["n4","n3","n0","n1"],"type":"gossip"}}
2025/04/21 10:14:50 Sent {"src":"n4","dest":"n3","body":{"already_seen":false,"in_reply_to":54,"msg_id":130,"seen_nodes":["n4","n3","n0","n1"],"type":"gossip_ok"}}
2025/04/21 10:14:50 Received {n1 n4 {"data_id":"c10_32","message":46,"msg_id":100,"seen_nodes":["n1","n0","n3","n4"],"type":"gossip"}}
2025/04/21 10:14:50 Sent {"src":"n4","dest":"n1","body":{"already_seen":true,"in_reply_to":100,"msg_id":131,"seen_nodes":["n4","n3","n0","n1"],"type":"gossip_ok"}}
2025/04/21 10:14:50 Received {n1 n4 {"already_seen":true,"in_reply_to":50,"msg_id":178,"seen_nodes":["n1","n0","n3","n4","n2"],"type":"gossip_ok"}}
2025/04/21 10:14:50 Received {n1 n4 {"data_id":"c11_17","message":47,"msg_id":102,"seen_nodes":["n1","n4"],"type":"gossip"}}
2025/04/21 10:14:50 Sent {"src":"n4","dest":"n3","body":{"data_id":"c11_17","message":47,"msg_id":51,"seen_nodes":["n4","n1","n3"],"type":"gossip"}}
2025/04/21 10:14:50 Sent {"src":"n4","dest":"n1","body":{"already_seen":false,"in_reply_to":102,"msg_id":133,"seen_nodes":["n4","n1","n3"],"type":"gossip_ok"}}
2025/04/21 10:14:50 Received {n3 n4 {"already_seen":false,"in_reply_to":51,"msg_id":131,"seen_nodes":["n3","n4","n1","n0"],"type":"gossip_ok"}}
2025/04/21 10:14:50 Received {c14 n4 {"type":"broadcast","message":48,"msg_id":17}}
2025/04/21 10:14:50 Sent {"src":"n4","dest":"n1","body":{"data_id":"c14_17","message":48,"msg_id":52,"seen_nodes":["n4","n1"],"type":"gossip"}}
2025/04/21 10:14:50 Sent {"src":"n4","dest":"n3","body":{"data_id":"c14_17","message":48,"msg_id":53,"seen_nodes":["n4","n1","n3"],"type":"gossip"}}
2025/04/21 10:14:50 Sent {"src":"n4","dest":"c14","body":{"in_reply_to":17,"msg_id":136,"type":"broadcast_ok"}}
2025/04/21 10:14:50 Received {n1 n4 {"already_seen":false,"in_reply_to":52,"msg_id":185,"seen_nodes":["n1","n4","n2","n0"],"type":"gossip_ok"}}
2025/04/21 10:14:50 Received {n3 n4 {"already_seen":false,"in_reply_to":53,"msg_id":134,"seen_nodes":["n3","n4","n1","n0"],"type":"gossip_ok"}}
2025/04/21 10:14:51 Received {n1 n4 {"data_id":"c10_34","message":49,"msg_id":107,"seen_nodes":["n1","n0","n3","n4"],"type":"gossip"}}
2025/04/21 10:14:51 Received {n3 n4 {"data_id":"c10_34","message":49,"msg_id":57,"seen_nodes":["n3","n0","n4"],"type":"gossip"}}
2025/04/21 10:14:51 Sent {"src":"n4","dest":"n1","body":{"already_seen":false,"in_reply_to":107,"msg_id":137,"seen_nodes":["n4","n1","n0","n3"],"type":"gossip_ok"}}
2025/04/21 10:14:51 Sent {"src":"n4","dest":"n3","body":{"already_seen":true,"in_reply_to":57,"msg_id":138,"seen_nodes":["n4","n1","n0","n3"],"type":"gossip_ok"}}
2025/04/21 10:14:51 Received {n1 n4 {"data_id":"c11_18","message":50,"msg_id":109,"seen_nodes":["n1","n4"],"type":"gossip"}}
2025/04/21 10:14:51 Sent {"src":"n4","dest":"n3","body":{"data_id":"c11_18","message":50,"msg_id":54,"seen_nodes":["n4","n1","n3"],"type":"gossip"}}
2025/04/21 10:14:51 Sent {"src":"n4","dest":"n1","body":{"already_seen":false,"in_reply_to":109,"msg_id":140,"seen_nodes":["n4","n1","n3"],"type":"gossip_ok"}}
2025/04/21 10:14:51 Received {n3 n4 {"already_seen":false,"in_reply_to":54,"msg_id":140,"seen_nodes":["n3","n4","n1","n0"],"type":"gossip_ok"}}
2025/04/21 10:14:51 Received {n1 n4 {"data_id":"c12_18","message":51,"msg_id":112,"seen_nodes":["n1","n2","n4"],"type":"gossip"}}
2025/04/21 10:14:51 Sent {"src":"n4","dest":"n3","body":{"data_id":"c12_18","message":51,"msg_id":55,"seen_nodes":["n4","n1","n2","n3"],"type":"gossip"}}
2025/04/21 10:14:51 Sent {"src":"n4","dest":"n1","body":{"already_seen":false,"in_reply_to":112,"msg_id":142,"seen_nodes":["n4","n1","n2","n3"],"type":"gossip_ok"}}
2025/04/21 10:14:51 Received {n3 n4 {"already_seen":false,"in_reply_to":55,"msg_id":143,"seen_nodes":["n3","n4","n1","n2","n0"],"type":"gossip_ok"}}
2025/04/21 10:14:51 Received {c14 n4 {"type":"broadcast","message":52,"msg_id":18}}
2025/04/21 10:14:51 Sent {"src":"n4","dest":"n1","body":{"data_id":"c14_18","message":52,"msg_id":56,"seen_nodes":["n4","n1"],"type":"gossip"}}
2025/04/21 10:14:51 Sent {"src":"n4","dest":"n3","body":{"data_id":"c14_18","message":52,"msg_id":57,"seen_nodes":["n4","n1","n3"],"type":"gossip"}}
2025/04/21 10:14:51 Sent {"src":"n4","dest":"c14","body":{"in_reply_to":18,"msg_id":145,"type":"broadcast_ok"}}
2025/04/21 10:14:51 Received {n3 n4 {"already_seen":false,"in_reply_to":57,"msg_id":146,"seen_nodes":["n3","n4","n1","n0"],"type":"gossip_ok"}}
2025/04/21 10:14:51 Received {n1 n4 {"already_seen":false,"in_reply_to":56,"msg_id":198,"seen_nodes":["n1","n4","n2","n0"],"type":"gossip_ok"}}
2025/04/21 10:14:51 Received {n3 n4 {"data_id":"c10_37","message":53,"msg_id":61,"seen_nodes":["n3","n0","n4"],"type":"gossip"}}
2025/04/21 10:14:51 Received {n1 n4 {"data_id":"c10_37","message":53,"msg_id":116,"seen_nodes":["n1","n0","n3","n4"],"type":"gossip"}}
2025/04/21 10:14:51 Sent {"src":"n4","dest":"n1","body":{"data_id":"c10_37","message":53,"msg_id":58,"seen_nodes":["n4","n3","n0","n1"],"type":"gossip"}}
2025/04/21 10:14:51 Sent {"src":"n4","dest":"n3","body":{"already_seen":false,"in_reply_to":61,"msg_id":148,"seen_nodes":["n4","n3","n0","n1"],"type":"gossip_ok"}}
2025/04/21 10:14:51 Sent {"src":"n4","dest":"n1","body":{"already_seen":true,"in_reply_to":116,"msg_id":147,"seen_nodes":["n4","n3","n0","n1"],"type":"gossip_ok"}}
2025/04/21 10:14:51 Received {n1 n4 {"already_seen":true,"in_reply_to":58,"msg_id":202,"seen_nodes":["n1","n0","n3","n4","n2"],"type":"gossip_ok"}}
2025/04/21 10:14:52 Received {n1 n4 {"data_id":"c12_19","message":54,"msg_id":118,"seen_nodes":["n1","n2","n4"],"type":"gossip"}}
2025/04/21 10:14:52 Sent {"src":"n4","dest":"n3","body":{"data_id":"c12_19","message":54,"msg_id":59,"seen_nodes":["n4","n1","n2","n3"],"type":"gossip"}}
2025/04/21 10:14:52 Sent {"src":"n4","dest":"n1","body":{"already_seen":false,"in_reply_to":118,"msg_id":150,"seen_nodes":["n4","n1","n2","n3"],"type":"gossip_ok"}}
2025/04/21 10:14:52 Received {n3 n4 {"already_seen":false,"in_reply_to":59,"msg_id":151,"seen_nodes":["n3","n4","n1","n2","n0"],"type":"gossip_ok"}}
2025/04/21 10:14:52 Received {c14 n4 {"type":"read","msg_id":19}}
2025/04/21 10:14:52 Sent {"src":"n4","dest":"c14","body":{"in_reply_to":19,"messages":[4,31,45,50,51,12,22,40,43,48,49,54,16,13,23,28,30,32,39,44,2,9,19,20,26,46,6,24,27,33,47,14,18,41,15,17,35,53,8,10,21,25,36,37,52,3,7,29,5,1,34,42,11,38,0],"msg_id":151,"type":"read_ok"}}
2025/04/21 10:14:52 Received {n3 n4 {"data_id":"c10_38","message":55,"msg_id":63,"seen_nodes":["n3","n0","n4"],"type":"gossip"}}
2025/04/21 10:14:52 Received {n1 n4 {"data_id":"c10_38","message":55,"msg_id":120,"seen_nodes":["n1","n0","n3","n4"],"type":"gossip"}}
2025/04/21 10:14:52 Sent {"src":"n4","dest":"n1","body":{"data_id":"c10_38","message":55,"msg_id":60,"seen_nodes":["n4","n3","n0","n1"],"type":"gossip"}}
2025/04/21 10:14:52 Sent {"src":"n4","dest":"n3","body":{"already_seen":false,"in_reply_to":63,"msg_id":153,"seen_nodes":["n4","n3","n0","n1"],"type":"gossip_ok"}}
2025/04/21 10:14:52 Sent {"src":"n4","dest":"n1","body":{"already_seen":true,"in_reply_to":120,"msg_id":154,"seen_nodes":["n4","n3","n0","n1"],"type":"gossip_ok"}}
2025/04/21 10:14:52 Received {n1 n4 {"already_seen":true,"in_reply_to":60,"msg_id":210,"seen_nodes":["n1","n0","n3","n4","n2"],"type":"gossip_ok"}}
2025/04/21 10:14:52 Received {n1 n4 {"data_id":"c11_20","message":56,"msg_id":122,"seen_nodes":["n1","n4"],"type":"gossip"}}
2025/04/21 10:14:52 Sent {"src":"n4","dest":"n3","body":{"data_id":"c11_20","message":56,"msg_id":61,"seen_nodes":["n4","n1","n3"],"type":"gossip"}}
2025/04/21 10:14:52 Sent {"src":"n4","dest":"n1","body":{"already_seen":false,"in_reply_to":122,"msg_id":156,"seen_nodes":["n4","n1","n3"],"type":"gossip_ok"}}
2025/04/21 10:14:52 Received {n3 n4 {"already_seen":false,"in_reply_to":61,"msg_id":157,"seen_nodes":["n3","n4","n1","n0"],"type":"gossip_ok"}}
2025/04/21 10:14:52 Received {n1 n4 {"data_id":"c12_20","message":57,"msg_id":125,"seen_nodes":["n1","n2","n4"],"type":"gossip"}}
2025/04/21 10:14:52 Sent {"src":"n4","dest":"n3","body":{"data_id":"c12_20","message":57,"msg_id":62,"seen_nodes":["n4","n1","n2","n3"],"type":"gossip"}}
2025/04/21 10:14:52 Sent {"src":"n4","dest":"n1","body":{"already_seen":false,"in_reply_to":125,"msg_id":158,"seen_nodes":["n4","n1","n2","n3"],"type":"gossip_ok"}}
2025/04/21 10:14:52 Received {n3 n4 {"already_seen":false,"in_reply_to":62,"msg_id":160,"seen_nodes":["n3","n4","n1","n2","n0"],"type":"gossip_ok"}}
2025/04/21 10:14:52 Received {n3 n4 {"data_id":"c13_20","message":58,"msg_id":67,"seen_nodes":["n3","n0","n4"],"type":"gossip"}}
2025/04/21 10:14:52 Sent {"src":"n4","dest":"n1","body":{"data_id":"c13_20","message":58,"msg_id":63,"seen_nodes":["n4","n3","n0","n1"],"type":"gossip"}}
2025/04/21 10:14:52 Sent {"src":"n4","dest":"n3","body":{"already_seen":false,"in_reply_to":67,"msg_id":160,"seen_nodes":["n4","n3","n0","n1"],"type":"gossip_ok"}}
2025/04/21 10:14:52 Received {n1 n4 {"data_id":"c13_20","message":58,"msg_id":127,"seen_nodes":["n1","n0","n3","n4"],"type":"gossip"}}
2025/04/21 10:14:52 Received {n1 n4 {"already_seen":true,"in_reply_to":63,"msg_id":221,"seen_nodes":["n1","n0","n3","n4","n2"],"type":"gossip_ok"}}
2025/04/21 10:14:52 Sent {"src":"n4","dest":"n1","body":{"already_seen":true,"in_reply_to":127,"msg_id":161,"seen_nodes":["n4","n3","n0","n1"],"type":"gossip_ok"}}
2025/04/21 10:14:52 Received {c14 n4 {"type":"read","msg_id":20}}
2025/04/21 10:14:52 Sent {"src":"n4","dest":"c14","body":{"in_reply_to":20,"messages":[35,53,15,17,21,25,36,37,8,10,52,29,57,3,7,5,58,42,1,34,11,38,0,45,50,51,4,31,40,43,48,49,54,12,22,16,28,30,32,39,44,13,23,19,20,26,46,56,2,9,27,33,47,55,6,24,41,14,18],"msg_id":162,"type":"read_ok"}}
2025/04/21 10:14:52 Received {n3 n4 {"data_id":"c10_41","message":59,"msg_id":68,"seen_nodes":["n3","n0","n4"],"type":"gossip"}}
2025/04/21 10:14:52 Received {n1 n4 {"data_id":"c10_41","message":59,"msg_id":129,"seen_nodes":["n1","n0","n3","n4"],"type":"gossip"}}
2025/04/21 10:14:52 Sent {"src":"n4","dest":"n1","body":{"data_id":"c10_41","message":59,"msg_id":64,"seen_nodes":["n4","n3","n0","n1"],"type":"gossip"}}
2025/04/21 10:14:52 Sent {"src":"n4","dest":"n1","body":{"already_seen":true,"in_reply_to":129,"msg_id":164,"seen_nodes":["n4","n3","n0","n1"],"type":"gossip_ok"}}
2025/04/21 10:14:52 Sent {"src":"n4","dest":"n3","body":{"already_seen":false,"in_reply_to":68,"msg_id":165,"seen_nodes":["n4","n3","n0","n1"],"type":"gossip_ok"}}
2025/04/21 10:14:52 Received {n1 n4 {"already_seen":true,"in_reply_to":64,"msg_id":225,"seen_nodes":["n1","n0","n3","n4","n2"],"type":"gossip_ok"}}
2025/04/21 10:14:53 Received {n1 n4 {"data_id":"c11_21","message":60,"msg_id":131,"seen_nodes":["n1","n4"],"type":"gossip"}}
2025/04/21 10:14:53 Sent {"src":"n4","dest":"n3","body":{"data_id":"c11_21","message":60,"msg_id":65,"seen_nodes":["n4","n1","n3"],"type":"gossip"}}
2025/04/21 10:14:53 Sent {"src":"n4","dest":"n1","body":{"already_seen":false,"in_reply_to":131,"msg_id":167,"seen_nodes":["n4","n1","n3"],"type":"gossip_ok"}}
2025/04/21 10:14:53 Received {n3 n4 {"already_seen":false,"in_reply_to":65,"msg_id":167,"seen_nodes":["n3","n4","n1","n0"],"type":"gossip_ok"}}
2025/04/21 10:14:53 Received {n1 n4 {"data_id":"c12_21","message":61,"msg_id":134,"seen_nodes":["n1","n2","n4"],"type":"gossip"}}
2025/04/21 10:14:53 Sent {"src":"n4","dest":"n3","body":{"data_id":"c12_21","message":61,"msg_id":66,"seen_nodes":["n4","n1","n2","n3"],"type":"gossip"}}
2025/04/21 10:14:53 Sent {"src":"n4","dest":"n1","body":{"already_seen":false,"in_reply_to":134,"msg_id":169,"seen_nodes":["n4","n1","n2","n3"],"type":"gossip_ok"}}
2025/04/21 10:14:53 Received {n3 n4 {"already_seen":true,"in_reply_to":66,"msg_id":170,"seen_nodes":["n3","n0","n1","n2","n4"],"type":"gossip_ok"}}
2025/04/21 10:14:53 Received {c14 n4 {"type":"broadcast","message":62,"msg_id":21}}
2025/04/21 10:14:53 Sent {"src":"n4","dest":"n1","body":{"data_id":"c14_21","message":62,"msg_id":67,"seen_nodes":["n4","n1"],"type":"gossip"}}
2025/04/21 10:14:53 Sent {"src":"n4","dest":"n3","body":{"data_id":"c14_21","message":62,"msg_id":68,"seen_nodes":["n4","n1","n3"],"type":"gossip"}}
2025/04/21 10:14:53 Sent {"src":"n4","dest":"c14","body":{"in_reply_to":21,"msg_id":172,"type":"broadcast_ok"}}
2025/04/21 10:14:53 Received {n3 n4 {"already_seen":false,"in_reply_to":68,"msg_id":173,"seen_nodes":["n3","n4","n1","n0"],"type":"gossip_ok"}}
2025/04/21 10:14:53 Received {n1 n4 {"already_seen":false,"in_reply_to":67,"msg_id":235,"seen_nodes":["n1","n4","n2","n0"],"type":"gossip_ok"}}
2025/04/21 10:14:53 Received {n3 n4 {"data_id":"c10_42","message":63,"msg_id":71,"seen_nodes":["n3","n0","n4"],"type":"gossip"}}
2025/04/21 10:14:53 Received {n1 n4 {"data_id":"c10_42","message":63,"msg_id":138,"seen_nodes":["n1","n0","n3","n4"],"type":"gossip"}}
2025/04/21 10:14:53 Sent {"src":"n4","dest":"n1","body":{"data_id":"c10_42","message":63,"msg_id":69,"seen_nodes":["n4","n3","n0","n1"],"type":"gossip"}}
2025/04/21 10:14:53 Sent {"src":"n4","dest":"n1","body":{"already_seen":true,"in_reply_to":138,"msg_id":174,"seen_nodes":["n4","n3","n0","n1"],"type":"gossip_ok"}}
2025/04/21 10:14:53 Sent {"src":"n4","dest":"n3","body":{"already_seen":false,"in_reply_to":71,"msg_id":175,"seen_nodes":["n4","n3","n0","n1"],"type":"gossip_ok"}}
2025/04/21 10:14:53 Received {n1 n4 {"already_seen":true,"in_reply_to":69,"msg_id":239,"seen_nodes":["n1","n0","n3","n4","n2"],"type":"gossip_ok"}}
2025/04/21 10:14:53 Received {n1 n4 {"data_id":"c12_22","message":64,"msg_id":140,"seen_nodes":["n1","n2","n4"],"type":"gossip"}}
2025/04/21 10:14:53 Sent {"src":"n4","dest":"n3","body":{"data_id":"c12_22","message":64,"msg_id":70,"seen_nodes":["n4","n1","n2","n3"],"type":"gossip"}}
2025/04/21 10:14:53 Sent {"src":"n4","dest":"n1","body":{"already_seen":false,"in_reply_to":140,"msg_id":177,"seen_nodes":["n4","n1","n2","n3"],"type":"gossip_ok"}}
2025/04/21 10:14:53 Received {n3 n4 {"already_seen":false,"in_reply_to":70,"msg_id":178,"seen_nodes":["n3","n4","n1","n2","n0"],"type":"gossip_ok"}}
2025/04/21 10:14:53 Received {c14 n4 {"type":"broadcast","message":66,"msg_id":22}}
2025/04/21 10:14:53 Sent {"src":"n4","dest":"n1","body":{"data_id":"c14_22","message":66,"msg_id":71,"seen_nodes":["n4","n1"],"type":"gossip"}}
2025/04/21 10:14:53 Sent {"src":"n4","dest":"n3","body":{"data_id":"c14_22","message":66,"msg_id":72,"seen_nodes":["n4","n1","n3"],"type":"gossip"}}
2025/04/21 10:14:53 Sent {"src":"n4","dest":"c14","body":{"in_reply_to":22,"msg_id":180,"type":"broadcast_ok"}}
2025/04/21 10:14:53 Received {n3 n4 {"data_id":"c13_22","message":65,"msg_id":74,"seen_nodes":["n3","n0","n4"],"type":"gossip"}}
2025/04/21 10:14:53 Sent {"src":"n4","dest":"n1","body":{"data_id":"c13_22","message":65,"msg_id":73,"seen_nodes":["n4","n3","n0","n1"],"type":"gossip"}}
2025/04/21 10:14:53 Sent {"src":"n4","dest":"n3","body":{"already_seen":false,"in_reply_to":74,"msg_id":182,"seen_nodes":["n4","n3","n0","n1"],"type":"gossip_ok"}}
2025/04/21 10:14:53 Received {n1 n4 {"already_seen":false,"in_reply_to":71,"msg_id":246,"seen_nodes":["n1","n4","n2","n0"],"type":"gossip_ok"}}
2025/04/21 10:14:53 Received {n3 n4 {"already_seen":false,"in_reply_to":72,"msg_id":183,"seen_nodes":["n3","n4","n1","n0"],"type":"gossip_ok"}}
2025/04/21 10:14:53 Received {n1 n4 {"already_seen":false,"in_reply_to":73,"msg_id":248,"seen_nodes":["n1","n4","n3","n0","n2"],"type":"gossip_ok"}}
2025/04/21 10:14:54 Received {n1 n4 {"data_id":"c10_45","message":67,"msg_id":145,"seen_nodes":["n1","n0","n3","n4"],"type":"gossip"}}
2025/04/21 10:14:54 Received {n3 n4 {"data_id":"c10_45","message":67,"msg_id":76,"seen_nodes":["n3","n0","n4"],"type":"gossip"}}
2025/04/21 10:14:54 Sent {"src":"n4","dest":"n1","body":{"already_seen":false,"in_reply_to":145,"msg_id":183,"seen_nodes":["n4","n1","n0","n3"],"type":"gossip_ok"}}
2025/04/21 10:14:54 Sent {"src":"n4","dest":"n3","body":{"already_seen":true,"in_reply_to":76,"msg_id":184,"seen_nodes":["n4","n1","n0","n3"],"type":"gossip_ok"}}
2025/04/21 10:14:54 Received {n1 n4 {"data_id":"c12_23","message":68,"msg_id":147,"seen_nodes":["n1","n2","n4"],"type":"gossip"}}
2025/04/21 10:14:54 Sent {"src":"n4","dest":"n3","body":{"data_id":"c12_23","message":68,"msg_id":74,"seen_nodes":["n4","n1","n2","n3"],"type":"gossip"}}
2025/04/21 10:14:54 Sent {"src":"n4","dest":"n1","body":{"already_seen":false,"in_reply_to":147,"msg_id":186,"seen_nodes":["n4","n1","n2","n3"],"type":"gossip_ok"}}
2025/04/21 10:14:54 Received {n3 n4 {"already_seen":false,"in_reply_to":74,"msg_id":188,"seen_nodes":["n3","n4","n1","n2","n0"],"type":"gossip_ok"}}
2025/04/21 10:14:54 Received {n3 n4 {"data_id":"c13_23","message":69,"msg_id":79,"seen_nodes":["n3","n0","n4"],"type":"gossip"}}
2025/04/21 10:14:54 Sent {"src":"n4","dest":"n1","body":{"data_id":"c13_23","message":69,"msg_id":75,"seen_nodes":["n4","n3","n0","n1"],"type":"gossip"}}
2025/04/21 10:14:54 Sent {"src":"n4","dest":"n3","body":{"already_seen":false,"in_reply_to":79,"msg_id":188,"seen_nodes":["n4","n3","n0","n1"],"type":"gossip_ok"}}
2025/04/21 10:14:54 Received {n1 n4 {"already_seen":false,"in_reply_to":75,"msg_id":258,"seen_nodes":["n1","n4","n3","n0","n2"],"type":"gossip_ok"}}
2025/04/21 10:14:54 Received {c14 n4 {"type":"read","msg_id":23}}
2025/04/21 10:14:54 Sent {"src":"n4","dest":"c14","body":{"in_reply_to":23,"messages":[5,58,62,1,34,42,11,38,65,0,50,51,67,4,31,45,43,48,49,54,12,22,40,16,69,30,32,39,44,59,13,23,28,20,26,46,56,2,9,19,33,47,55,6,24,27,14,18,41,60,68,53,64,15,17,35,25,36,37,8,10,21,52,57,61,63,66,3,7,29],"msg_id":189,"type":"read_ok"}}
2025/04/21 10:14:54 Received {n1 n4 {"data_id":"c11_24","message":70,"msg_id":150,"seen_nodes":["n1","n4"],"type":"gossip"}}
2025/04/21 10:14:54 Sent {"src":"n4","dest":"n3","body":{"data_id":"c11_24","message":70,"msg_id":76,"seen_nodes":["n4","n1","n3"],"type":"gossip"}}
2025/04/21 10:14:54 Sent {"src":"n4","dest":"n1","body":{"already_seen":false,"in_reply_to":150,"msg_id":191,"seen_nodes":["n4","n1","n3"],"type":"gossip_ok"}}
2025/04/21 10:14:54 Received {n3 n4 {"already_seen":false,"in_reply_to":76,"msg_id":195,"seen_nodes":["n3","n4","n1","n0"],"type":"gossip_ok"}}
2025/04/21 10:14:54 Received {n1 n4 {"data_id":"c12_24","message":71,"msg_id":153,"seen_nodes":["n1","n2","n4"],"type":"gossip"}}
2025/04/21 10:14:54 Sent {"src":"n4","dest":"n3","body":{"data_id":"c12_24","message":71,"msg_id":77,"seen_nodes":["n4","n1","n2","n3"],"type":"gossip"}}
2025/04/21 10:14:54 Sent {"src":"n4","dest":"n1","body":{"already_seen":false,"in_reply_to":153,"msg_id":193,"seen_nodes":["n4","n1","n2","n3"],"type":"gossip_ok"}}
2025/04/21 10:14:54 Received {n3 n4 {"already_seen":false,"in_reply_to":77,"msg_id":198,"seen_nodes":["n3","n4","n1","n2","n0"],"type":"gossip_ok"}}
2025/04/21 10:14:54 Received {n3 n4 {"data_id":"c13_24","message":72,"msg_id":83,"seen_nodes":["n3","n0","n4"],"type":"gossip"}}
2025/04/21 10:14:54 Sent {"src":"n4","dest":"n1","body":{"data_id":"c13_24","message":72,"msg_id":78,"seen_nodes":["n4","n3","n0","n1"],"type":"gossip"}}
2025/04/21 10:14:54 Sent {"src":"n4","dest":"n3","body":{"already_seen":false,"in_reply_to":83,"msg_id":195,"seen_nodes":["n4","n3","n0","n1"],"type":"gossip_ok"}}
2025/04/21 10:14:54 Received {n1 n4 {"data_id":"c13_24","message":72,"msg_id":155,"seen_nodes":["n1","n0","n3","n4"],"type":"gossip"}}
2025/04/21 10:14:54 Sent {"src":"n4","dest":"n1","body":{"already_seen":true,"in_reply_to":155,"msg_id":196,"seen_nodes":["n4","n3","n0","n1"],"type":"gossip_ok"}}
2025/04/21 10:14:54 Received {n1 n4 {"already_seen":true,"in_reply_to":78,"msg_id":270,"seen_nodes":["n1","n0","n3","n4","n2"],"type":"gossip_ok"}}
2025/04/21 10:14:55 Received {c14 n4 {"type":"read","msg_id":24}}
2025/04/21 10:14:55 Sent {"src":"n4","dest":"c14","body":{"in_reply_to":24,"messages":[65,72,11,38,0,45,50,51,67,4,31,40,43,48,49,54,12,22,16,69,28,30,32,39,44,59,13,23,19,20,26,46,56,70,2,9,71,27,33,47,55,6,24,41,14,18,60,68,35,53,64,15,17,21,25,36,37,8,10,52,29,57,61,63,66,3,7,5,58,42,62,1,34],"msg_id":197,"type":"read_ok"}}
2025/04/21 10:14:55 Received {n3 n4 {"data_id":"c10_49","message":73,"msg_id":84,"seen_nodes":["n3","n0","n4"],"type":"gossip"}}
2025/04/21 10:14:55 Received {n1 n4 {"data_id":"c10_49","message":73,"msg_id":157,"seen_nodes":["n1","n0","n3","n4"],"type":"gossip"}}
2025/04/21 10:14:55 Sent {"src":"n4","dest":"n1","body":{"already_seen":false,"in_reply_to":157,"msg_id":198,"seen_nodes":["n4","n1","n0","n3"],"type":"gossip_ok"}}
2025/04/21 10:14:55 Sent {"src":"n4","dest":"n3","body":{"already_seen":true,"in_reply_to":84,"msg_id":199,"seen_nodes":["n4","n1","n0","n3"],"type":"gossip_ok"}}
2025/04/21 10:14:55 Received {n1 n4 {"data_id":"c12_25","message":74,"msg_id":159,"seen_nodes":["n1","n2","n4"],"type":"gossip"}}
2025/04/21 10:14:55 Sent {"src":"n4","dest":"n3","body":{"data_id":"c12_25","message":74,"msg_id":79,"seen_nodes":["n4","n1","n2","n3"],"type":"gossip"}}
2025/04/21 10:14:55 Sent {"src":"n4","dest":"n1","body":{"already_seen":false,"in_reply_to":159,"msg_id":201,"seen_nodes":["n4","n1","n2","n3"],"type":"gossip_ok"}}
2025/04/21 10:14:55 Received {n3 n4 {"already_seen":false,"in_reply_to":79,"msg_id":206,"seen_nodes":["n3","n4","n1","n2","n0"],"type":"gossip_ok"}}
2025/04/21 10:14:55 Received {c14 n4 {"type":"broadcast","message":75,"msg_id":25}}
2025/04/21 10:14:55 Sent {"src":"n4","dest":"n1","body":{"data_id":"c14_25","message":75,"msg_id":80,"seen_nodes":["n4","n1"],"type":"gossip"}}
2025/04/21 10:14:55 Sent {"src":"n4","dest":"n3","body":{"data_id":"c14_25","message":75,"msg_id":81,"seen_nodes":["n4","n1","n3"],"type":"gossip"}}
2025/04/21 10:14:55 Sent {"src":"n4","dest":"c14","body":{"in_reply_to":25,"msg_id":204,"type":"broadcast_ok"}}
2025/04/21 10:14:55 Received {n1 n4 {"already_seen":false,"in_reply_to":80,"msg_id":280,"seen_nodes":["n1","n4","n2","n0"],"type":"gossip_ok"}}
2025/04/21 10:14:55 Received {n3 n4 {"already_seen":false,"in_reply_to":81,"msg_id":209,"seen_nodes":["n3","n4","n1","n0"],"type":"gossip_ok"}}
2025/04/21 10:14:55 Received {n3 n4 {"data_id":"c10_50","message":76,"msg_id":87,"seen_nodes":["n3","n0","n4"],"type":"gossip"}}
2025/04/21 10:14:55 Sent {"src":"n4","dest":"n1","body":{"data_id":"c10_50","message":76,"msg_id":82,"seen_nodes":["n4","n3","n0","n1"],"type":"gossip"}}
2025/04/21 10:14:55 Sent {"src":"n4","dest":"n3","body":{"already_seen":false,"in_reply_to":87,"msg_id":206,"seen_nodes":["n4","n3","n0","n1"],"type":"gossip_ok"}}
2025/04/21 10:14:55 Received {n1 n4 {"data_id":"c10_50","message":76,"msg_id":163,"seen_nodes":["n1","n0","n3","n4"],"type":"gossip"}}
2025/04/21 10:14:55 Sent {"src":"n4","dest":"n1","body":{"already_seen":true,"in_reply_to":163,"msg_id":207,"seen_nodes":["n4","n3","n0","n1"],"type":"gossip_ok"}}
2025/04/21 10:14:55 Received {n1 n4 {"already_seen":true,"in_reply_to":82,"msg_id":284,"seen_nodes":["n1","n0","n3","n4","n2"],"type":"gossip_ok"}}
2025/04/21 10:14:55 Received {n3 n4 {"data_id":"c10_51","message":77,"msg_id":88,"seen_nodes":["n3","n0","n4"],"type":"gossip"}}
2025/04/21 10:14:55 Received {n1 n4 {"data_id":"c10_51","message":77,"msg_id":165,"seen_nodes":["n1","n0","n3","n4"],"type":"gossip"}}
2025/04/21 10:14:55 Sent {"src":"n4","dest":"n1","body":{"data_id":"c10_51","message":77,"msg_id":83,"seen_nodes":["n4","n3","n0","n1"],"type":"gossip"}}
2025/04/21 10:14:55 Sent {"src":"n4","dest":"n3","body":{"already_seen":false,"in_reply_to":88,"msg_id":210,"seen_nodes":["n4","n3","n0","n1"],"type":"gossip_ok"}}
2025/04/21 10:14:55 Sent {"src":"n4","dest":"n1","body":{"already_seen":true,"in_reply_to":165,"msg_id":209,"seen_nodes":["n4","n3","n0","n1"],"type":"gossip_ok"}}
2025/04/21 10:14:55 Received {n1 n4 {"already_seen":true,"in_reply_to":83,"msg_id":288,"seen_nodes":["n1","n0","n3","n4","n2"],"type":"gossip_ok"}}
2025/04/21 10:14:55 Received {n1 n4 {"data_id":"c12_26","message":78,"msg_id":167,"seen_nodes":["n1","n2","n4"],"type":"gossip"}}
2025/04/21 10:14:55 Sent {"src":"n4","dest":"n3","body":{"data_id":"c12_26","message":78,"msg_id":84,"seen_nodes":["n4","n1","n2","n3"],"type":"gossip"}}
2025/04/21 10:14:55 Sent {"src":"n4","dest":"n1","body":{"already_seen":false,"in_reply_to":167,"msg_id":212,"seen_nodes":["n4","n1","n2","n3"],"type":"gossip_ok"}}
2025/04/21 10:14:55 Received {n3 n4 {"already_seen":false,"in_reply_to":84,"msg_id":217,"seen_nodes":["n3","n4","n1","n2","n0"],"type":"gossip_ok"}}
2025/04/21 10:14:56 Received {c14 n4 {"type":"read","msg_id":26}}
2025/04/21 10:14:56 Sent {"src":"n4","dest":"c14","body":{"in_reply_to":26,"messages":[78,6,24,27,33,47,55,14,18,41,73,60,68,77,15,17,35,53,64,75,8,10,21,25,36,37,52,66,76,3,7,29,57,61,63,5,58,1,34,42,62,11,38,65,72,0,4,31,45,50,51,67,54,12,22,40,43,48,49,16,69,44,59,13,23,28,30,32,39,74,56,70,2,9,19,20,26,46,71],"msg_id":213,"type":"read_ok"}}
2025/04/21 10:14:56 Received {n1 n4 {"data_id":"c11_27","message":79,"msg_id":169,"seen_nodes":["n1","n4"],"type":"gossip"}}
2025/04/21 10:14:56 Sent {"src":"n4","dest":"n3","body":{"data_id":"c11_27","message":79,"msg_id":85,"seen_nodes":["n4","n1","n3"],"type":"gossip"}}
2025/04/21 10:14:56 Sent {"src":"n4","dest":"n1","body":{"already_seen":false,"in_reply_to":169,"msg_id":215,"seen_nodes":["n4","n1","n3"],"type":"gossip_ok"}}
2025/04/21 10:14:56 Received {n3 n4 {"already_seen":false,"in_reply_to":85,"msg_id":221,"seen_nodes":["n3","n4","n1","n0"],"type":"gossip_ok"}}
2025/04/21 10:14:56 Received {n1 n4 {"data_id":"c12_27","message":80,"msg_id":172,"seen_nodes":["n1","n2","n4"],"type":"gossip"}}
2025/04/21 10:14:56 Sent {"src":"n4","dest":"n3","body":{"data_id":"c12_27","message":80,"msg_id":86,"seen_nodes":["n4","n1","n2","n3"],"type":"gossip"}}
2025/04/21 10:14:56 Sent {"src":"n4","dest":"n1","body":{"already_seen":false,"in_reply_to":172,"msg_id":217,"seen_nodes":["n4","n1","n2","n3"],"type":"gossip_ok"}}
2025/04/21 10:14:56 Received {n3 n4 {"already_seen":false,"in_reply_to":86,"msg_id":224,"seen_nodes":["n3","n4","n1","n2","n0"],"type":"gossip_ok"}}
2025/04/21 10:14:56 Received {n3 n4 {"data_id":"c13_27","message":81,"msg_id":93,"seen_nodes":["n3","n0","n4"],"type":"gossip"}}
2025/04/21 10:14:56 Sent {"src":"n4","dest":"n1","body":{"data_id":"c13_27","message":81,"msg_id":87,"seen_nodes":["n4","n3","n0","n1"],"type":"gossip"}}
2025/04/21 10:14:56 Sent {"src":"n4","dest":"n3","body":{"already_seen":false,"in_reply_to":93,"msg_id":219,"seen_nodes":["n4","n3","n0","n1"],"type":"gossip_ok"}}
2025/04/21 10:14:56 Received {n1 n4 {"data_id":"c13_27","message":81,"msg_id":174,"seen_nodes":["n1","n0","n3","n4"],"type":"gossip"}}
2025/04/21 10:14:56 Sent {"src":"n4","dest":"n1","body":{"already_seen":true,"in_reply_to":174,"msg_id":220,"seen_nodes":["n4","n3","n0","n1"],"type":"gossip_ok"}}
2025/04/21 10:14:56 Received {n1 n4 {"already_seen":true,"in_reply_to":87,"msg_id":301,"seen_nodes":["n1","n0","n3","n4"],"type":"gossip_ok"}}
2025/04/21 10:14:56 Received {c14 n4 {"type":"read","msg_id":27}}
2025/04/21 10:14:56 Sent {"src":"n4","dest":"c14","body":{"in_reply_to":27,"messages":[42,62,79,1,34,65,72,81,11,38,0,45,50,51,67,4,31,40,43,48,49,54,12,22,16,69,28,30,32,39,44,59,13,23,74,19,20,26,46,56,70,2,9,71,27,33,47,55,78,6,24,41,73,80,14,18,77,60,68,35,53,64,75,15,17,21,25,36,37,8,10,52,29,57,61,63,66,76,3,7,5,58],"msg_id":221,"type":"read_ok"}}
2025/04/21 10:14:56 Received {n3 n4 {"data_id":"c10_54","message":82,"msg_id":94,"seen_nodes":["n3","n0","n4"],"type":"gossip"}}
2025/04/21 10:14:56 Received {n1 n4 {"data_id":"c10_54","message":82,"msg_id":176,"seen_nodes":["n1","n0","n3","n4"],"type":"gossip"}}
2025/04/21 10:14:56 Sent {"src":"n4","dest":"n1","body":{"already_seen":true,"in_reply_to":176,"msg_id":223,"seen_nodes":["n4","n3","n0","n1"],"type":"gossip_ok"}}
2025/04/21 10:14:56 Sent {"src":"n4","dest":"n1","body":{"data_id":"c10_54","message":82,"msg_id":88,"seen_nodes":["n4","n3","n0","n1"],"type":"gossip"}}
2025/04/21 10:14:56 Sent {"src":"n4","dest":"n3","body":{"already_seen":false,"in_reply_to":94,"msg_id":224,"seen_nodes":["n4","n3","n0","n1"],"type":"gossip_ok"}}
2025/04/21 10:14:56 Received {n1 n4 {"already_seen":true,"in_reply_to":88,"msg_id":307,"seen_nodes":["n1","n0","n3","n4","n2"],"type":"gossip_ok"}}
2025/04/21 10:14:57 Received {n1 n4 {"data_id":"c11_28","message":83,"msg_id":178,"seen_nodes":["n1","n4"],"type":"gossip"}}
2025/04/21 10:14:57 Sent {"src":"n4","dest":"n3","body":{"data_id":"c11_28","message":83,"msg_id":89,"seen_nodes":["n4","n1","n3"],"type":"gossip"}}
2025/04/21 10:14:57 Sent {"src":"n4","dest":"n1","body":{"already_seen":false,"in_reply_to":178,"msg_id":226,"seen_nodes":["n4","n1","n3"],"type":"gossip_ok"}}
2025/04/21 10:14:57 Received {n3 n4 {"already_seen":false,"in_reply_to":89,"msg_id":232,"seen_nodes":["n3","n4","n1","n0"],"type":"gossip_ok"}}
2025/04/21 10:14:57 Received {n1 n4 {"data_id":"c12_28","message":84,"msg_id":181,"seen_nodes":["n1","n2","n4"],"type":"gossip"}}
2025/04/21 10:14:57 Sent {"src":"n4","dest":"n3","body":{"data_id":"c12_28","message":84,"msg_id":90,"seen_nodes":["n4","n1","n2","n3"],"type":"gossip"}}
2025/04/21 10:14:57 Sent {"src":"n4","dest":"n1","body":{"already_seen":false,"in_reply_to":181,"msg_id":228,"seen_nodes":["n4","n1","n2","n3"],"type":"gossip_ok"}}
2025/04/21 10:14:57 Received {n3 n4 {"already_seen":false,"in_reply_to":90,"msg_id":235,"seen_nodes":["n3","n4","n1","n2","n0"],"type":"gossip_ok"}}
2025/04/21 10:14:57 Received {c14 n4 {"type":"broadcast","message":85,"msg_id":28}}
2025/04/21 10:14:57 Sent {"src":"n4","dest":"n1","body":{"data_id":"c14_28","message":85,"msg_id":91,"seen_nodes":["n4","n1"],"type":"gossip"}}
2025/04/21 10:14:57 Sent {"src":"n4","dest":"n3","body":{"data_id":"c14_28","message":85,"msg_id":92,"seen_nodes":["n4","n1","n3"],"type":"gossip"}}
2025/04/21 10:14:57 Sent {"src":"n4","dest":"c14","body":{"in_reply_to":28,"msg_id":231,"type":"broadcast_ok"}}
2025/04/21 10:14:57 Received {n1 n4 {"already_seen":false,"in_reply_to":91,"msg_id":317,"seen_nodes":["n1","n4","n2","n0"],"type":"gossip_ok"}}
2025/04/21 10:14:57 Received {n3 n4 {"already_seen":false,"in_reply_to":92,"msg_id":238,"seen_nodes":["n3","n4","n1","n0"],"type":"gossip_ok"}}
2025/04/21 10:14:57 Received {n3 n4 {"data_id":"c10_56","message":86,"msg_id":98,"seen_nodes":["n3","n0","n4"],"type":"gossip"}}
2025/04/21 10:14:57 Received {n1 n4 {"data_id":"c10_56","message":86,"msg_id":185,"seen_nodes":["n1","n0","n3","n4"],"type":"gossip"}}
2025/04/21 10:14:57 Sent {"src":"n4","dest":"n1","body":{"data_id":"c10_56","message":86,"msg_id":93,"seen_nodes":["n4","n3","n0","n1"],"type":"gossip"}}
2025/04/21 10:14:57 Sent {"src":"n4","dest":"n3","body":{"already_seen":false,"in_reply_to":98,"msg_id":233,"seen_nodes":["n4","n3","n0","n1"],"type":"gossip_ok"}}
2025/04/21 10:14:57 Sent {"src":"n4","dest":"n1","body":{"already_seen":true,"in_reply_to":185,"msg_id":234,"seen_nodes":["n4","n3","n0","n1"],"type":"gossip_ok"}}
2025/04/21 10:14:57 Received {n1 n4 {"already_seen":true,"in_reply_to":93,"msg_id":321,"seen_nodes":["n1","n0","n3","n4","n2"],"type":"gossip_ok"}}
2025/04/21 10:14:57 Received {n3 n4 {"data_id":"c10_57","message":87,"msg_id":99,"seen_nodes":["n3","n0","n4"],"type":"gossip"}}
2025/04/21 10:14:57 Received {n1 n4 {"data_id":"c10_57","message":87,"msg_id":187,"seen_nodes":["n1","n0","n3","n4"],"type":"gossip"}}
2025/04/21 10:14:57 Sent {"src":"n4","dest":"n1","body":{"data_id":"c10_57","message":87,"msg_id":94,"seen_nodes":["n4","n3","n0","n1"],"type":"gossip"}}
2025/04/21 10:14:57 Sent {"src":"n4","dest":"n1","body":{"already_seen":true,"in_reply_to":187,"msg_id":236,"seen_nodes":["n4","n3","n0","n1"],"type":"gossip_ok"}}
2025/04/21 10:14:57 Sent {"src":"n4","dest":"n3","body":{"already_seen":false,"in_reply_to":99,"msg_id":237,"seen_nodes":["n4","n3","n0","n1"],"type":"gossip_ok"}}
2025/04/21 10:14:57 Received {n1 n4 {"already_seen":true,"in_reply_to":94,"msg_id":325,"seen_nodes":["n1","n0","n3","n4","n2"],"type":"gossip_ok"}}
2025/04/21 10:14:57 Received {n1 n4 {"data_id":"c11_29","message":88,"msg_id":189,"seen_nodes":["n1","n4"],"type":"gossip"}}
2025/04/21 10:14:57 Sent {"src":"n4","dest":"n3","body":{"data_id":"c11_29","message":88,"msg_id":95,"seen_nodes":["n4","n1","n3"],"type":"gossip"}}
2025/04/21 10:14:57 Sent {"src":"n4","dest":"n1","body":{"already_seen":false,"in_reply_to":189,"msg_id":239,"seen_nodes":["n4","n1","n3"],"type":"gossip_ok"}}
2025/04/21 10:14:57 Received {n3 n4 {"already_seen":true,"in_reply_to":95,"msg_id":245,"seen_nodes":["n3","n0","n1","n4","n2"],"type":"gossip_ok"}}
2025/04/21 10:14:57 Received {n1 n4 {"data_id":"c12_29","message":89,"msg_id":192,"seen_nodes":["n1","n2","n4"],"type":"gossip"}}
2025/04/21 10:14:57 Sent {"src":"n4","dest":"n3","body":{"data_id":"c12_29","message":89,"msg_id":96,"seen_nodes":["n4","n1","n2","n3"],"type":"gossip"}}
2025/04/21 10:14:57 Sent {"src":"n4","dest":"n1","body":{"already_seen":false,"in_reply_to":192,"msg_id":241,"seen_nodes":["n4","n1","n2","n3"],"type":"gossip_ok"}}
2025/04/21 10:14:57 Received {n3 n4 {"already_seen":true,"in_reply_to":96,"msg_id":247,"seen_nodes":["n3","n0","n1","n2","n4"],"type":"gossip_ok"}}
2025/04/21 10:14:57 Received {n3 n4 {"data_id":"c13_29","message":90,"msg_id":101,"seen_nodes":["n3","n0","n4"],"type":"gossip"}}
2025/04/21 10:14:57 Sent {"src":"n4","dest":"n1","body":{"data_id":"c13_29","message":90,"msg_id":97,"seen_nodes":["n4","n3","n0","n1"],"type":"gossip"}}
2025/04/21 10:14:57 Sent {"src":"n4","dest":"n3","body":{"already_seen":false,"in_reply_to":101,"msg_id":243,"seen_nodes":["n4","n3","n0","n1"],"type":"gossip_ok"}}
2025/04/21 10:14:57 Received {n1 n4 {"data_id":"c13_29","message":90,"msg_id":194,"seen_nodes":["n1","n0","n3","n4"],"type":"gossip"}}
2025/04/21 10:14:57 Sent {"src":"n4","dest":"n1","body":{"already_seen":true,"in_reply_to":194,"msg_id":244,"seen_nodes":["n4","n3","n0","n1"],"type":"gossip_ok"}}
2025/04/21 10:14:57 Received {n1 n4 {"already_seen":true,"in_reply_to":97,"msg_id":335,"seen_nodes":["n1","n0","n3","n4","n2"],"type":"gossip_ok"}}
2025/04/21 10:14:57 Received {c14 n4 {"type":"read","msg_id":29}}
2025/04/21 10:14:57 Sent {"src":"n4","dest":"c14","body":{"in_reply_to":29,"messages":[75,15,17,35,53,64,37,8,10,21,25,36,52,63,66,76,3,7,29,57,61,88,5,58,86,1,34,42,62,79,84,11,38,65,72,81,0,67,87,4,31,45,50,51,49,54,83,12,22,40,43,48,85,89,16,69,39,44,59,13,23,28,30,32,74,46,56,70,2,9,19,20,26,71,55,78,6,24,27,33,47,14,18,41,73,80,60,68,77,82,90],"msg_id":245,"type":"read_ok"}}
2025/04/21 10:14:58 Received {n3 n4 {"data_id":"c10_58","message":91,"msg_id":102,"seen_nodes":["n3","n0","n4"],"type":"gossip"}}
2025/04/21 10:14:58 Received {n1 n4 {"data_id":"c10_58","message":91,"msg_id":196,"seen_nodes":["n1","n0","n3","n4"],"type":"gossip"}}
2025/04/21 10:14:58 Sent {"src":"n4","dest":"n1","body":{"data_id":"c10_58","message":91,"msg_id":98,"seen_nodes":["n4","n3","n0","n1"],"type":"gossip"}}
2025/04/21 10:14:58 Sent {"src":"n4","dest":"n1","body":{"already_seen":true,"in_reply_to":196,"msg_id":247,"seen_nodes":["n4","n3","n0","n1"],"type":"gossip_ok"}}
2025/04/21 10:14:58 Sent {"src":"n4","dest":"n3","body":{"already_seen":false,"in_reply_to":102,"msg_id":248,"seen_nodes":["n4","n3","n0","n1"],"type":"gossip_ok"}}
2025/04/21 10:14:58 Received {n1 n4 {"already_seen":true,"in_reply_to":98,"msg_id":340,"seen_nodes":["n1","n0","n3","n4","n2"],"type":"gossip_ok"}}
2025/04/21 10:14:58 Received {n1 n4 {"data_id":"c12_30","message":92,"msg_id":198,"seen_nodes":["n1","n2","n4"],"type":"gossip"}}
2025/04/21 10:14:58 Sent {"src":"n4","dest":"n3","body":{"data_id":"c12_30","message":92,"msg_id":99,"seen_nodes":["n4","n1","n2","n3"],"type":"gossip"}}
2025/04/21 10:14:58 Sent {"src":"n4","dest":"n1","body":{"already_seen":false,"in_reply_to":198,"msg_id":250,"seen_nodes":["n4","n1","n2","n3"],"type":"gossip_ok"}}
2025/04/21 10:14:58 Received {n3 n4 {"already_seen":true,"in_reply_to":99,"msg_id":253,"seen_nodes":["n3","n0","n1","n2","n4"],"type":"gossip_ok"}}
2025/04/21 10:14:58 Received {c14 n4 {"type":"read","msg_id":30}}
2025/04/21 10:14:58 Sent {"src":"n4","dest":"c14","body":{"in_reply_to":30,"messages":[32,39,44,59,13,23,28,30,74,91,26,46,56,70,2,9,19,20,71,47,55,78,92,6,24,27,33,80,14,18,41,73,90,60,68,77,82,64,75,15,17,35,53,36,37,8,10,21,25,52,61,63,66,76,3,7,29,57,88,5,58,86,79,1,34,42,62,81,84,11,38,65,72,0,51,67,87,4,31,45,50,48,49,54,83,12,22,40,43,85,89,16,69],"msg_id":251,"type":"read_ok"}}
2025/04/21 10:14:58 Received {n1 n4 {"data_id":"c10_61","message":93,"msg_id":200,"seen_nodes":["n1","n0","n3","n4"],"type":"gossip"}}
2025/04/21 10:14:58 Received {n3 n4 {"data_id":"c10_61","message":93,"msg_id":103,"seen_nodes":["n3","n0","n4"],"type":"gossip"}}
2025/04/21 10:14:58 Sent {"src":"n4","dest":"n1","body":{"already_seen":false,"in_reply_to":200,"msg_id":252,"seen_nodes":["n4","n1","n0","n3"],"type":"gossip_ok"}}
2025/04/21 10:14:58 Sent {"src":"n4","dest":"n3","body":{"already_seen":true,"in_reply_to":103,"msg_id":253,"seen_nodes":["n4","n1","n0","n3"],"type":"gossip_ok"}}
2025/04/21 10:14:58 Received {n1 n4 {"data_id":"c11_31","message":94,"msg_id":202,"seen_nodes":["n1","n4"],"type":"gossip"}}
2025/04/21 10:14:58 Sent {"src":"n4","dest":"n3","body":{"data_id":"c11_31","message":94,"msg_id":100,"seen_nodes":["n4","n1","n3"],"type":"gossip"}}
2025/04/21 10:14:58 Sent {"src":"n4","dest":"n1","body":{"already_seen":false,"in_reply_to":202,"msg_id":255,"seen_nodes":["n4","n1","n3"],"type":"gossip_ok"}}
2025/04/21 10:14:58 Received {n3 n4 {"already_seen":false,"in_reply_to":100,"msg_id":260,"seen_nodes":["n3","n4","n1","n0"],"type":"gossip_ok"}}
2025/04/21 10:14:59 Received {n1 n4 {"data_id":"c12_31","message":95,"msg_id":205,"seen_nodes":["n1","n2","n4"],"type":"gossip"}}
2025/04/21 10:14:59 Sent {"src":"n4","dest":"n3","body":{"data_id":"c12_31","message":95,"msg_id":101,"seen_nodes":["n4","n1","n2","n3"],"type":"gossip"}}
2025/04/21 10:14:59 Sent {"src":"n4","dest":"n1","body":{"already_seen":false,"in_reply_to":205,"msg_id":257,"seen_nodes":["n4","n1","n2","n3"],"type":"gossip_ok"}}
2025/04/21 10:14:59 Received {n3 n4 {"already_seen":false,"in_reply_to":101,"msg_id":263,"seen_nodes":["n3","n4","n1","n2","n0"],"type":"gossip_ok"}}
2025/04/21 10:14:59 Received {c14 n4 {"type":"broadcast","message":96,"msg_id":31}}
2025/04/21 10:14:59 Sent {"src":"n4","dest":"n1","body":{"data_id":"c14_31","message":96,"msg_id":102,"seen_nodes":["n4","n1"],"type":"gossip"}}
2025/04/21 10:14:59 Sent {"src":"n4","dest":"n3","body":{"data_id":"c14_31","message":96,"msg_id":103,"seen_nodes":["n4","n1","n3"],"type":"gossip"}}
2025/04/21 10:14:59 Sent {"src":"n4","dest":"c14","body":{"in_reply_to":31,"msg_id":260,"type":"broadcast_ok"}}
2025/04/21 10:14:59 Received {n3 n4 {"already_seen":false,"in_reply_to":103,"msg_id":266,"seen_nodes":["n3","n4","n1","n0"],"type":"gossip_ok"}}
2025/04/21 10:14:59 Received {n1 n4 {"already_seen":false,"in_reply_to":102,"msg_id":357,"seen_nodes":["n1","n4","n2","n0"],"type":"gossip_ok"}}
2025/04/21 10:14:59 Received {n1 n4 {"data_id":"c10_63","message":97,"msg_id":209,"seen_nodes":["n1","n0","n3","n4"],"type":"gossip"}}
2025/04/21 10:14:59 Received {n3 n4 {"data_id":"c10_63","message":97,"msg_id":107,"seen_nodes":["n3","n0","n4"],"type":"gossip"}}
2025/04/21 10:14:59 Sent {"src":"n4","dest":"n1","body":{"already_seen":false,"in_reply_to":209,"msg_id":261,"seen_nodes":["n4","n1","n0","n3"],"type":"gossip_ok"}}
2025/04/21 10:14:59 Sent {"src":"n4","dest":"n3","body":{"already_seen":true,"in_reply_to":107,"msg_id":262,"seen_nodes":["n4","n1","n0","n3"],"type":"gossip_ok"}}
2025/04/21 10:14:59 Received {n1 n4 {"data_id":"c11_32","message":98,"msg_id":211,"seen_nodes":["n1","n4"],"type":"gossip"}}
2025/04/21 10:14:59 Sent {"src":"n4","dest":"n3","body":{"data_id":"c11_32","message":98,"msg_id":104,"seen_nodes":["n4","n1","n3"],"type":"gossip"}}
2025/04/21 10:14:59 Sent {"src":"n4","dest":"n1","body":{"already_seen":false,"in_reply_to":211,"msg_id":264,"seen_nodes":["n4","n1","n3"],"type":"gossip_ok"}}
2025/04/21 10:14:59 Received {n3 n4 {"already_seen":false,"in_reply_to":104,"msg_id":271,"seen_nodes":["n3","n4","n1","n0"],"type":"gossip_ok"}}
2025/04/21 10:14:59 Received {c14 n4 {"type":"read","msg_id":32}}
2025/04/21 10:14:59 Sent {"src":"n4","dest":"c14","body":{"in_reply_to":32,"messages":[15,17,35,53,64,75,97,8,10,21,25,36,37,52,98,66,76,3,7,29,57,61,63,88,95,5,58,86,1,34,42,62,79,94,11,38,65,72,81,84,0,87,4,31,45,50,51,67,54,83,12,22,40,43,48,49,85,89,16,69,93,44,59,13,23,28,30,32,39,74,91,56,70,2,9,19,20,26,46,71,78,92,6,24,27,33,47,55,14,18,41,73,80,96,60,68,77,82,90],"msg_id":265,"type":"read_ok"}}
2025/04/21 10:15:00 Received {n1 n4 {"data_id":"c11_33","message":99,"msg_id":214,"seen_nodes":["n1","n4"],"type":"gossip"}}
2025/04/21 10:15:00 Sent {"src":"n4","dest":"n3","body":{"data_id":"c11_33","message":99,"msg_id":105,"seen_nodes":["n4","n1","n3"],"type":"gossip"}}
2025/04/21 10:15:00 Sent {"src":"n4","dest":"n1","body":{"already_seen":false,"in_reply_to":214,"msg_id":267,"seen_nodes":["n4","n1","n3"],"type":"gossip_ok"}}
2025/04/21 10:15:00 Received {n3 n4 {"already_seen":false,"in_reply_to":105,"msg_id":274,"seen_nodes":["n3","n4","n1","n0"],"type":"gossip_ok"}}
2025/04/21 10:15:00 Received {n1 n4 {"data_id":"c12_33","message":100,"msg_id":217,"seen_nodes":["n1","n2","n4"],"type":"gossip"}}
2025/04/21 10:15:00 Sent {"src":"n4","dest":"n3","body":{"data_id":"c12_33","message":100,"msg_id":106,"seen_nodes":["n4","n1","n2","n3"],"type":"gossip"}}
2025/04/21 10:15:00 Sent {"src":"n4","dest":"n1","body":{"already_seen":false,"in_reply_to":217,"msg_id":269,"seen_nodes":["n4","n1","n2","n3"],"type":"gossip_ok"}}
2025/04/21 10:15:00 Received {n3 n4 {"already_seen":false,"in_reply_to":106,"msg_id":278,"seen_nodes":["n3","n4","n1","n2","n0"],"type":"gossip_ok"}}
2025/04/21 10:15:00 Received {n3 n4 {"data_id":"c13_33","message":101,"msg_id":112,"seen_nodes":["n3","n0","n4"],"type":"gossip"}}
2025/04/21 10:15:00 Sent {"src":"n4","dest":"n1","body":{"data_id":"c13_33","message":101,"msg_id":107,"seen_nodes":["n4","n3","n0","n1"],"type":"gossip"}}
2025/04/21 10:15:00 Sent {"src":"n4","dest":"n3","body":{"already_seen":false,"in_reply_to":112,"msg_id":271,"seen_nodes":["n4","n3","n0","n1"],"type":"gossip_ok"}}
2025/04/21 10:15:00 Received {n1 n4 {"data_id":"c13_33","message":101,"msg_id":219,"seen_nodes":["n1","n0","n3","n4"],"type":"gossip"}}
2025/04/21 10:15:00 Received {n1 n4 {"already_seen":true,"in_reply_to":107,"msg_id":373,"seen_nodes":["n1","n0","n3","n4"],"type":"gossip_ok"}}
2025/04/21 10:15:00 Sent {"src":"n4","dest":"n1","body":{"already_seen":true,"in_reply_to":219,"msg_id":272,"seen_nodes":["n4","n3","n0","n1"],"type":"gossip_ok"}}
2025/04/21 10:15:00 Received {c14 n4 {"type":"read","msg_id":33}}
2025/04/21 10:15:00 Sent {"src":"n4","dest":"c14","body":{"in_reply_to":33,"messages":[52,98,76,3,7,29,57,61,63,66,88,95,5,58,86,1,34,42,62,79,99,11,38,65,72,81,84,94,0,4,31,45,50,51,67,87,83,12,22,40,43,48,49,54,85,89,100,16,69,93,59,13,23,28,30,32,39,44,74,91,70,2,9,19,20,26,46,56,71,92,6,24,27,33,47,55,78,14,18,41,73,80,96,60,68,77,82,90,15,17,35,53,64,75,101,8,10,21,25,36,37,97],"msg_id":273,"type":"read_ok"}}
2025/04/21 10:15:00 Received {n3 n4 {"data_id":"c10_66","message":102,"msg_id":113,"seen_nodes":["n3","n0","n4"],"type":"gossip"}}
2025/04/21 10:15:00 Received {n1 n4 {"data_id":"c10_66","message":102,"msg_id":221,"seen_nodes":["n1","n0","n3","n4"],"type":"gossip"}}
2025/04/21 10:15:00 Sent {"src":"n4","dest":"n1","body":{"data_id":"c10_66","message":102,"msg_id":108,"seen_nodes":["n4","n3","n0","n1"],"type":"gossip"}}
2025/04/21 10:15:00 Sent {"src":"n4","dest":"n3","body":{"already_seen":false,"in_reply_to":113,"msg_id":275,"seen_nodes":["n4","n3","n0","n1"],"type":"gossip_ok"}}
2025/04/21 10:15:00 Sent {"src":"n4","dest":"n1","body":{"already_seen":true,"in_reply_to":221,"msg_id":276,"seen_nodes":["n4","n3","n0","n1"],"type":"gossip_ok"}}
2025/04/21 10:15:00 Received {n1 n4 {"already_seen":true,"in_reply_to":108,"msg_id":379,"seen_nodes":["n1","n0","n3","n4","n2"],"type":"gossip_ok"}}
2025/04/21 10:15:00 Received {n3 n4 {"data_id":"c10_67","message":103,"msg_id":114,"seen_nodes":["n3","n0","n4"],"type":"gossip"}}
2025/04/21 10:15:00 Received {n1 n4 {"data_id":"c10_67","message":103,"msg_id":223,"seen_nodes":["n1","n0","n3","n4"],"type":"gossip"}}
2025/04/21 10:15:00 Sent {"src":"n4","dest":"n1","body":{"data_id":"c10_67","message":103,"msg_id":109,"seen_nodes":["n4","n3","n0","n1"],"type":"gossip"}}
2025/04/21 10:15:00 Sent {"src":"n4","dest":"n1","body":{"already_seen":true,"in_reply_to":223,"msg_id":278,"seen_nodes":["n4","n3","n0","n1"],"type":"gossip_ok"}}
2025/04/21 10:15:00 Sent {"src":"n4","dest":"n3","body":{"already_seen":false,"in_reply_to":114,"msg_id":279,"seen_nodes":["n4","n3","n0","n1"],"type":"gossip_ok"}}
2025/04/21 10:15:00 Received {n1 n4 {"already_seen":true,"in_reply_to":109,"msg_id":383,"seen_nodes":["n1","n0","n3","n4","n2"],"type":"gossip_ok"}}
2025/04/21 10:15:00 Received {n1 n4 {"data_id":"c11_34","message":104,"msg_id":225,"seen_nodes":["n1","n4"],"type":"gossip"}}
2025/04/21 10:15:00 Sent {"src":"n4","dest":"n3","body":{"data_id":"c11_34","message":104,"msg_id":110,"seen_nodes":["n4","n1","n3"],"type":"gossip"}}
2025/04/21 10:15:00 Sent {"src":"n4","dest":"n1","body":{"already_seen":false,"in_reply_to":225,"msg_id":281,"seen_nodes":["n4","n1","n3"],"type":"gossip_ok"}}
2025/04/21 10:15:00 Received {n3 n4 {"already_seen":false,"in_reply_to":110,"msg_id":288,"seen_nodes":["n3","n4","n1","n0"],"type":"gossip_ok"}}
2025/04/21 10:15:00 Received {c14 n4 {"type":"broadcast","message":105,"msg_id":34}}
2025/04/21 10:15:00 Sent {"src":"n4","dest":"n1","body":{"data_id":"c14_34","message":105,"msg_id":111,"seen_nodes":["n4","n1"],"type":"gossip"}}
2025/04/21 10:15:00 Sent {"src":"n4","dest":"n3","body":{"data_id":"c14_34","message":105,"msg_id":112,"seen_nodes":["n4","n1","n3"],"type":"gossip"}}
2025/04/21 10:15:00 Sent {"src":"n4","dest":"c14","body":{"in_reply_to":34,"msg_id":284,"type":"broadcast_ok"}}
2025/04/21 10:15:00 Received {n1 n4 {"already_seen":false,"in_reply_to":111,"msg_id":390,"seen_nodes":["n1","n4","n2","n0"],"type":"gossip_ok"}}
2025/04/21 10:15:00 Received {n3 n4 {"already_seen":false,"in_reply_to":112,"msg_id":291,"seen_nodes":["n3","n4","n1","n0"],"type":"gossip_ok"}}
2025/04/21 10:15:10 Received {c14 n4 {"type":"read","msg_id":35}}
2025/04/21 10:15:10 Sent {"src":"n4","dest":"c14","body":{"in_reply_to":35,"messages":[31,45,50,51,48,40,89,69,28,74,46,55,78,6,24,33,90,60,82,15,17,64,101,36,97,21,52,98,102,57,61,95,58,86,79,1,34,81,94,11,0,4,67,87,105,49,54,83,12,22,43,85,100,16,93,32,39,44,59,13,23,30,91,26,56,70,2,9,19,20,71,103,47,92,27,80,96,14,18,41,73,68,77,35,53,75,104,37,8,10,25,66,76,88,3,7,29,63,5,42,62,84,99,38,65,72],"msg_id":285,"type":"read_ok"}}
