2025-04-20 16:47:42,100{GMT}	INFO	[jepsen test runner] jepsen.core: Command line:
lein run test -w echo --bin ./fly-io node-count 1 --time-limit 10
2025-04-20 16:47:42,172{GMT}	INFO	[jepsen test runner] jepsen.core: Running test:
{:args ["node-count" "1"]
 :remote
 #jepsen.control.retry.Remote{:remote #jepsen.control.scp.Remote{:cmd-remote #jepsen.control.sshj.SSHJRemote{:concurrency-limit 6,
                                                                                                             :conn-spec nil,
                                                                                                             :client nil,
                                                                                                             :semaphore nil},
                                                                 :conn-spec nil},
                              :conn nil}
 :log-net-send false
 :node-count nil
 :availability nil
 :max-txn-length 4
 :concurrency 5
 :db
 #object[maelstrom.db$db$reify__16612
         "0x7f913c47"
         "maelstrom.db$db$reify__16612@7f913c47"]
 :max-writes-per-key 16
 :leave-db-running? false
 :name "echo"
 :logging-json? false
 :start-time
 #object[org.joda.time.DateTime "0x2c9573f1" "2025-04-20T16:47:42.075+05:30"]
 :nemesis-interval 10
 :net
 #object[maelstrom.net$jepsen_net$reify__15721
         "0x6cf58989"
         "maelstrom.net$jepsen_net$reify__15721@6cf58989"]
 :client
 #object[maelstrom.workload.echo$client$reify__17402
         "0x3a1dc432"
         "maelstrom.workload.echo$client$reify__17402@3a1dc432"]
 :barrier
 #object[java.util.concurrent.CyclicBarrier
         "0x4c18b432"
         "java.util.concurrent.CyclicBarrier@4c18b432"]
 :log-stderr false
 :pure-generators true
 :ssh {:dummy? true}
 :rate 5
 :checker
 #object[jepsen.checker$compose$reify__11089
         "0x4b954cbb"
         "jepsen.checker$compose$reify__11089@4b954cbb"]
 :argv
 ("test" "-w" "echo" "--bin" "./fly-io" "node-count" "1" "--time-limit" "10")
 :nemesis
 (jepsen.nemesis.ReflCompose
  {:fm {:start-partition 0,
        :stop-partition 0,
        :kill 1,
        :start 1,
        :pause 1,
        :resume 1},
   :nemeses [#unprintable "jepsen.nemesis.combined$partition_nemesis$reify__16905@bec2d81"
             #unprintable "jepsen.nemesis.combined$db_nemesis$reify__16886@5f04449a"]})
 :nodes ["n1" "n2" "n3" "n4" "n5"]
 :test-count 1
 :latency {:mean 0, :dist :constant}
 :bin "./fly-io"
 :generator
 #object[jepsen.util.Forgettable
         "0x5aaecd25"
         (jepsen.generator.TimeLimit
          {:limit 10000000000,
           :cutoff nil,
           :gen (jepsen.generator.Any
                 {:gens [(jepsen.generator.OnThreads
                          {:f #{:nemesis},
                           :context-filter #object[jepsen.generator.context$make_thread_filter$lazy_filter__12077
                                                   "0x1df6f57d"
                                                   "jepsen.generator.context$make_thread_filter$lazy_filter__12077@1df6f57d"],
                           :gen nil})
                         (jepsen.generator.OnThreads
                          {:f #jepsen.generator.context.AllBut{:element :nemesis},
                           :context-filter #object[jepsen.generator.context$make_thread_filter$lazy_filter__12077
                                                   "0x578036a2"
                                                   "jepsen.generator.context$make_thread_filter$lazy_filter__12077@578036a2"],
                           :gen (jepsen.generator.Stagger
                                 {:dt 400000000,
                                  :next-time nil,
                                  :gen (jepsen.generator.EachThread
                                        {:fresh-gen #object[maelstrom.workload.echo$workload$fn__17421
                                                            "0x36cc6055"
                                                            "maelstrom.workload.echo$workload$fn__17421@36cc6055"],
                                         :context-filters #object[clojure.core$promise$reify__8621
                                                                  "0x41d1bcbd"
                                                                  {:status :pending,
                                                                   :val nil}],
                                         :gens {}})})})]})})]
 :log-net-recv false
 :os
 #object[maelstrom.net$jepsen_os$reify__15724
         "0x6ba6f4e7"
         "maelstrom.net$jepsen_os$reify__15724@6ba6f4e7"]
 :time-limit 10
 :workload :echo
 :consistency-models [:strict-serializable]
 :topology :grid}

2025-04-20 16:47:44,113{GMT}	INFO	[jepsen node n1] maelstrom.net: Starting Maelstrom network
2025-04-20 16:47:44,115{GMT}	INFO	[jepsen test runner] jepsen.db: Tearing down DB
2025-04-20 16:47:44,117{GMT}	INFO	[jepsen test runner] jepsen.db: Setting up DB
2025-04-20 16:47:44,119{GMT}	INFO	[jepsen node n4] maelstrom.db: Setting up n4
2025-04-20 16:47:44,119{GMT}	INFO	[jepsen node n2] maelstrom.db: Setting up n2
2025-04-20 16:47:44,119{GMT}	INFO	[jepsen node n5] maelstrom.db: Setting up n5
2025-04-20 16:47:44,119{GMT}	INFO	[jepsen node n3] maelstrom.db: Setting up n3
2025-04-20 16:47:44,120{GMT}	INFO	[jepsen node n2] maelstrom.process: launching ./fly-io ["node-count" "1"]
2025-04-20 16:47:44,120{GMT}	INFO	[jepsen node n5] maelstrom.process: launching ./fly-io ["node-count" "1"]
2025-04-20 16:47:44,120{GMT}	INFO	[jepsen node n4] maelstrom.process: launching ./fly-io ["node-count" "1"]
2025-04-20 16:47:44,121{GMT}	INFO	[jepsen node n3] maelstrom.process: launching ./fly-io ["node-count" "1"]
2025-04-20 16:47:44,122{GMT}	INFO	[jepsen node n1] maelstrom.service: Starting services: (lin-kv lin-tso lww-kv seq-kv)
2025-04-20 16:47:44,128{GMT}	INFO	[jepsen node n1] maelstrom.db: Setting up n1
2025-04-20 16:47:44,129{GMT}	INFO	[jepsen node n1] maelstrom.process: launching ./fly-io ["node-count" "1"]
2025-04-20 16:47:44,166{GMT}	INFO	[jepsen test runner] jepsen.core: Relative time begins now
2025-04-20 16:47:44,189{GMT}	INFO	[jepsen worker 2] jepsen.util: 2	:invoke	:echo	"Please echo 58"
2025-04-20 16:47:44,199{GMT}	INFO	[jepsen worker 2] jepsen.util: 2	:ok	:echo	{:echo "Please echo 58", :in_reply_to 1, :msg_id 1, :type "echo_ok"}
2025-04-20 16:47:44,474{GMT}	INFO	[jepsen worker 2] jepsen.util: 2	:invoke	:echo	"Please echo 90"
2025-04-20 16:47:44,477{GMT}	INFO	[jepsen worker 2] jepsen.util: 2	:ok	:echo	{:echo "Please echo 90", :in_reply_to 2, :msg_id 2, :type "echo_ok"}
2025-04-20 16:47:44,783{GMT}	INFO	[jepsen worker 1] jepsen.util: 1	:invoke	:echo	"Please echo 76"
2025-04-20 16:47:44,786{GMT}	INFO	[jepsen worker 1] jepsen.util: 1	:ok	:echo	{:echo "Please echo 76", :in_reply_to 1, :msg_id 1, :type "echo_ok"}
2025-04-20 16:47:45,124{GMT}	INFO	[jepsen worker 3] jepsen.util: 3	:invoke	:echo	"Please echo 64"
2025-04-20 16:47:45,127{GMT}	INFO	[jepsen worker 3] jepsen.util: 3	:ok	:echo	{:echo "Please echo 64", :in_reply_to 1, :msg_id 1, :type "echo_ok"}
2025-04-20 16:47:45,322{GMT}	INFO	[jepsen worker 0] jepsen.util: 0	:invoke	:echo	"Please echo 81"
2025-04-20 16:47:45,322{GMT}	INFO	[jepsen worker 2] jepsen.util: 2	:invoke	:echo	"Please echo 9"
2025-04-20 16:47:45,325{GMT}	INFO	[jepsen worker 2] jepsen.util: 2	:ok	:echo	{:echo "Please echo 9", :in_reply_to 3, :msg_id 3, :type "echo_ok"}
2025-04-20 16:47:45,325{GMT}	INFO	[jepsen worker 0] jepsen.util: 0	:ok	:echo	{:echo "Please echo 81", :in_reply_to 1, :msg_id 1, :type "echo_ok"}
2025-04-20 16:47:45,658{GMT}	INFO	[jepsen worker 0] jepsen.util: 0	:invoke	:echo	"Please echo 23"
2025-04-20 16:47:45,659{GMT}	INFO	[jepsen worker 0] jepsen.util: 0	:ok	:echo	{:echo "Please echo 23", :in_reply_to 2, :msg_id 2, :type "echo_ok"}
2025-04-20 16:47:45,881{GMT}	INFO	[jepsen worker 4] jepsen.util: 4	:invoke	:echo	"Please echo 30"
2025-04-20 16:47:45,885{GMT}	INFO	[jepsen worker 4] jepsen.util: 4	:ok	:echo	{:echo "Please echo 30", :in_reply_to 1, :msg_id 1, :type "echo_ok"}
2025-04-20 16:47:46,215{GMT}	INFO	[jepsen worker 2] jepsen.util: 2	:invoke	:echo	"Please echo 0"
2025-04-20 16:47:46,218{GMT}	INFO	[jepsen worker 2] jepsen.util: 2	:ok	:echo	{:echo "Please echo 0", :in_reply_to 4, :msg_id 4, :type "echo_ok"}
2025-04-20 16:47:46,404{GMT}	INFO	[jepsen worker 3] jepsen.util: 3	:invoke	:echo	"Please echo 50"
2025-04-20 16:47:46,407{GMT}	INFO	[jepsen worker 3] jepsen.util: 3	:ok	:echo	{:echo "Please echo 50", :in_reply_to 2, :msg_id 2, :type "echo_ok"}
2025-04-20 16:47:46,534{GMT}	INFO	[jepsen worker 4] jepsen.util: 4	:invoke	:echo	"Please echo 91"
2025-04-20 16:47:46,537{GMT}	INFO	[jepsen worker 4] jepsen.util: 4	:ok	:echo	{:echo "Please echo 91", :in_reply_to 2, :msg_id 2, :type "echo_ok"}
2025-04-20 16:47:46,664{GMT}	INFO	[jepsen worker 3] jepsen.util: 3	:invoke	:echo	"Please echo 49"
2025-04-20 16:47:46,667{GMT}	INFO	[jepsen worker 3] jepsen.util: 3	:ok	:echo	{:echo "Please echo 49", :in_reply_to 3, :msg_id 3, :type "echo_ok"}
2025-04-20 16:47:46,920{GMT}	INFO	[jepsen worker 3] jepsen.util: 3	:invoke	:echo	"Please echo 5"
2025-04-20 16:47:46,923{GMT}	INFO	[jepsen worker 3] jepsen.util: 3	:ok	:echo	{:echo "Please echo 5", :in_reply_to 4, :msg_id 4, :type "echo_ok"}
2025-04-20 16:47:47,269{GMT}	INFO	[jepsen worker 3] jepsen.util: 3	:invoke	:echo	"Please echo 44"
2025-04-20 16:47:47,272{GMT}	INFO	[jepsen worker 3] jepsen.util: 3	:ok	:echo	{:echo "Please echo 44", :in_reply_to 5, :msg_id 5, :type "echo_ok"}
2025-04-20 16:47:47,595{GMT}	INFO	[jepsen worker 3] jepsen.util: 3	:invoke	:echo	"Please echo 68"
2025-04-20 16:47:47,597{GMT}	INFO	[jepsen worker 3] jepsen.util: 3	:ok	:echo	{:echo "Please echo 68", :in_reply_to 6, :msg_id 6, :type "echo_ok"}
2025-04-20 16:47:47,776{GMT}	INFO	[jepsen worker 0] jepsen.util: 0	:invoke	:echo	"Please echo 14"
2025-04-20 16:47:47,780{GMT}	INFO	[jepsen worker 0] jepsen.util: 0	:ok	:echo	{:echo "Please echo 14", :in_reply_to 3, :msg_id 3, :type "echo_ok"}
2025-04-20 16:47:47,853{GMT}	INFO	[jepsen worker 1] jepsen.util: 1	:invoke	:echo	"Please echo 93"
2025-04-20 16:47:47,856{GMT}	INFO	[jepsen worker 2] jepsen.util: 2	:invoke	:echo	"Please echo 87"
2025-04-20 16:47:47,857{GMT}	INFO	[jepsen worker 1] jepsen.util: 1	:ok	:echo	{:echo "Please echo 93", :in_reply_to 2, :msg_id 2, :type "echo_ok"}
2025-04-20 16:47:47,859{GMT}	INFO	[jepsen worker 2] jepsen.util: 2	:ok	:echo	{:echo "Please echo 87", :in_reply_to 5, :msg_id 5, :type "echo_ok"}
2025-04-20 16:47:48,101{GMT}	INFO	[jepsen worker 4] jepsen.util: 4	:invoke	:echo	"Please echo 20"
2025-04-20 16:47:48,104{GMT}	INFO	[jepsen worker 4] jepsen.util: 4	:ok	:echo	{:echo "Please echo 20", :in_reply_to 3, :msg_id 3, :type "echo_ok"}
2025-04-20 16:47:48,296{GMT}	INFO	[jepsen worker 1] jepsen.util: 1	:invoke	:echo	"Please echo 72"
2025-04-20 16:47:48,298{GMT}	INFO	[jepsen worker 1] jepsen.util: 1	:ok	:echo	{:echo "Please echo 72", :in_reply_to 3, :msg_id 3, :type "echo_ok"}
2025-04-20 16:47:48,552{GMT}	INFO	[jepsen worker 3] jepsen.util: 3	:invoke	:echo	"Please echo 121"
2025-04-20 16:47:48,555{GMT}	INFO	[jepsen worker 3] jepsen.util: 3	:ok	:echo	{:echo "Please echo 121", :in_reply_to 7, :msg_id 7, :type "echo_ok"}
2025-04-20 16:47:48,657{GMT}	INFO	[jepsen worker 3] jepsen.util: 3	:invoke	:echo	"Please echo 27"
2025-04-20 16:47:48,660{GMT}	INFO	[jepsen worker 3] jepsen.util: 3	:ok	:echo	{:echo "Please echo 27", :in_reply_to 8, :msg_id 8, :type "echo_ok"}
2025-04-20 16:47:48,692{GMT}	INFO	[jepsen worker 1] jepsen.util: 1	:invoke	:echo	"Please echo 64"
2025-04-20 16:47:48,694{GMT}	INFO	[jepsen worker 1] jepsen.util: 1	:ok	:echo	{:echo "Please echo 64", :in_reply_to 4, :msg_id 4, :type "echo_ok"}
2025-04-20 16:47:48,724{GMT}	INFO	[jepsen worker 1] jepsen.util: 1	:invoke	:echo	"Please echo 31"
2025-04-20 16:47:48,727{GMT}	INFO	[jepsen worker 1] jepsen.util: 1	:ok	:echo	{:echo "Please echo 31", :in_reply_to 5, :msg_id 5, :type "echo_ok"}
2025-04-20 16:47:49,019{GMT}	INFO	[jepsen worker 1] jepsen.util: 1	:invoke	:echo	"Please echo 18"
2025-04-20 16:47:49,021{GMT}	INFO	[jepsen worker 1] jepsen.util: 1	:ok	:echo	{:echo "Please echo 18", :in_reply_to 6, :msg_id 6, :type "echo_ok"}
2025-04-20 16:47:49,114{GMT}	INFO	[jepsen worker 4] jepsen.util: 4	:invoke	:echo	"Please echo 96"
2025-04-20 16:47:49,116{GMT}	INFO	[jepsen worker 4] jepsen.util: 4	:ok	:echo	{:echo "Please echo 96", :in_reply_to 4, :msg_id 4, :type "echo_ok"}
2025-04-20 16:47:49,313{GMT}	INFO	[jepsen worker 1] jepsen.util: 1	:invoke	:echo	"Please echo 77"
2025-04-20 16:47:49,315{GMT}	INFO	[jepsen worker 1] jepsen.util: 1	:ok	:echo	{:echo "Please echo 77", :in_reply_to 7, :msg_id 7, :type "echo_ok"}
2025-04-20 16:47:49,653{GMT}	INFO	[jepsen worker 2] jepsen.util: 2	:invoke	:echo	"Please echo 4"
2025-04-20 16:47:49,655{GMT}	INFO	[jepsen worker 2] jepsen.util: 2	:ok	:echo	{:echo "Please echo 4", :in_reply_to 6, :msg_id 6, :type "echo_ok"}
2025-04-20 16:47:50,006{GMT}	INFO	[jepsen worker 4] jepsen.util: 4	:invoke	:echo	"Please echo 77"
2025-04-20 16:47:50,008{GMT}	INFO	[jepsen worker 4] jepsen.util: 4	:ok	:echo	{:echo "Please echo 77", :in_reply_to 5, :msg_id 5, :type "echo_ok"}
2025-04-20 16:47:50,046{GMT}	INFO	[jepsen worker 0] jepsen.util: 0	:invoke	:echo	"Please echo 83"
2025-04-20 16:47:50,049{GMT}	INFO	[jepsen worker 0] jepsen.util: 0	:ok	:echo	{:echo "Please echo 83", :in_reply_to 4, :msg_id 4, :type "echo_ok"}
2025-04-20 16:47:50,398{GMT}	INFO	[jepsen worker 3] jepsen.util: 3	:invoke	:echo	"Please echo 70"
2025-04-20 16:47:50,400{GMT}	INFO	[jepsen worker 3] jepsen.util: 3	:ok	:echo	{:echo "Please echo 70", :in_reply_to 9, :msg_id 9, :type "echo_ok"}
2025-04-20 16:47:50,589{GMT}	INFO	[jepsen worker 0] jepsen.util: 0	:invoke	:echo	"Please echo 18"
2025-04-20 16:47:50,591{GMT}	INFO	[jepsen worker 0] jepsen.util: 0	:ok	:echo	{:echo "Please echo 18", :in_reply_to 5, :msg_id 5, :type "echo_ok"}
2025-04-20 16:47:50,811{GMT}	INFO	[jepsen worker 3] jepsen.util: 3	:invoke	:echo	"Please echo 99"
2025-04-20 16:47:50,814{GMT}	INFO	[jepsen worker 3] jepsen.util: 3	:ok	:echo	{:echo "Please echo 99", :in_reply_to 10, :msg_id 10, :type "echo_ok"}
2025-04-20 16:47:51,057{GMT}	INFO	[jepsen worker 0] jepsen.util: 0	:invoke	:echo	"Please echo 26"
2025-04-20 16:47:51,060{GMT}	INFO	[jepsen worker 0] jepsen.util: 0	:ok	:echo	{:echo "Please echo 26", :in_reply_to 6, :msg_id 6, :type "echo_ok"}
2025-04-20 16:47:51,140{GMT}	INFO	[jepsen worker 2] jepsen.util: 2	:invoke	:echo	"Please echo 71"
2025-04-20 16:47:51,143{GMT}	INFO	[jepsen worker 2] jepsen.util: 2	:ok	:echo	{:echo "Please echo 71", :in_reply_to 7, :msg_id 7, :type "echo_ok"}
2025-04-20 16:47:51,478{GMT}	INFO	[jepsen worker 0] jepsen.util: 0	:invoke	:echo	"Please echo 42"
2025-04-20 16:47:51,480{GMT}	INFO	[jepsen worker 0] jepsen.util: 0	:ok	:echo	{:echo "Please echo 42", :in_reply_to 7, :msg_id 7, :type "echo_ok"}
2025-04-20 16:47:51,512{GMT}	INFO	[jepsen worker 4] jepsen.util: 4	:invoke	:echo	"Please echo 43"
2025-04-20 16:47:51,514{GMT}	INFO	[jepsen worker 4] jepsen.util: 4	:ok	:echo	{:echo "Please echo 43", :in_reply_to 6, :msg_id 6, :type "echo_ok"}
2025-04-20 16:47:51,583{GMT}	INFO	[jepsen worker 0] jepsen.util: 0	:invoke	:echo	"Please echo 57"
2025-04-20 16:47:51,585{GMT}	INFO	[jepsen worker 0] jepsen.util: 0	:ok	:echo	{:echo "Please echo 57", :in_reply_to 8, :msg_id 8, :type "echo_ok"}
2025-04-20 16:47:51,805{GMT}	INFO	[jepsen worker 2] jepsen.util: 2	:invoke	:echo	"Please echo 57"
2025-04-20 16:47:51,807{GMT}	INFO	[jepsen worker 2] jepsen.util: 2	:ok	:echo	{:echo "Please echo 57", :in_reply_to 8, :msg_id 8, :type "echo_ok"}
2025-04-20 16:47:51,968{GMT}	INFO	[jepsen worker 2] jepsen.util: 2	:invoke	:echo	"Please echo 24"
2025-04-20 16:47:51,970{GMT}	INFO	[jepsen worker 2] jepsen.util: 2	:ok	:echo	{:echo "Please echo 24", :in_reply_to 9, :msg_id 9, :type "echo_ok"}
2025-04-20 16:47:52,094{GMT}	INFO	[jepsen worker 1] jepsen.util: 1	:invoke	:echo	"Please echo 24"
2025-04-20 16:47:52,096{GMT}	INFO	[jepsen worker 1] jepsen.util: 1	:ok	:echo	{:echo "Please echo 24", :in_reply_to 8, :msg_id 8, :type "echo_ok"}
2025-04-20 16:47:52,463{GMT}	INFO	[jepsen worker 2] jepsen.util: 2	:invoke	:echo	"Please echo 113"
2025-04-20 16:47:52,466{GMT}	INFO	[jepsen worker 2] jepsen.util: 2	:ok	:echo	{:echo "Please echo 113", :in_reply_to 10, :msg_id 10, :type "echo_ok"}
2025-04-20 16:47:52,613{GMT}	INFO	[jepsen worker 3] jepsen.util: 3	:invoke	:echo	"Please echo 82"
2025-04-20 16:47:52,615{GMT}	INFO	[jepsen worker 3] jepsen.util: 3	:ok	:echo	{:echo "Please echo 82", :in_reply_to 11, :msg_id 11, :type "echo_ok"}
2025-04-20 16:47:52,786{GMT}	INFO	[jepsen worker 2] jepsen.util: 2	:invoke	:echo	"Please echo 56"
2025-04-20 16:47:52,788{GMT}	INFO	[jepsen worker 2] jepsen.util: 2	:ok	:echo	{:echo "Please echo 56", :in_reply_to 11, :msg_id 11, :type "echo_ok"}
2025-04-20 16:47:53,124{GMT}	INFO	[jepsen worker 3] jepsen.util: 3	:invoke	:echo	"Please echo 57"
2025-04-20 16:47:53,126{GMT}	INFO	[jepsen worker 3] jepsen.util: 3	:ok	:echo	{:echo "Please echo 57", :in_reply_to 12, :msg_id 12, :type "echo_ok"}
2025-04-20 16:47:53,514{GMT}	INFO	[jepsen worker 1] jepsen.util: 1	:invoke	:echo	"Please echo 14"
2025-04-20 16:47:53,516{GMT}	INFO	[jepsen worker 1] jepsen.util: 1	:ok	:echo	{:echo "Please echo 14", :in_reply_to 9, :msg_id 9, :type "echo_ok"}
2025-04-20 16:47:53,526{GMT}	INFO	[jepsen worker 1] jepsen.util: 1	:invoke	:echo	"Please echo 17"
2025-04-20 16:47:53,528{GMT}	INFO	[jepsen worker 1] jepsen.util: 1	:ok	:echo	{:echo "Please echo 17", :in_reply_to 10, :msg_id 10, :type "echo_ok"}
2025-04-20 16:47:53,818{GMT}	INFO	[jepsen worker 4] jepsen.util: 4	:invoke	:echo	"Please echo 31"
2025-04-20 16:47:53,820{GMT}	INFO	[jepsen worker 4] jepsen.util: 4	:ok	:echo	{:echo "Please echo 31", :in_reply_to 7, :msg_id 7, :type "echo_ok"}
2025-04-20 16:47:53,880{GMT}	INFO	[jepsen worker 3] jepsen.util: 3	:invoke	:echo	"Please echo 81"
2025-04-20 16:47:53,882{GMT}	INFO	[jepsen worker 3] jepsen.util: 3	:ok	:echo	{:echo "Please echo 81", :in_reply_to 13, :msg_id 13, :type "echo_ok"}
2025-04-20 16:47:54,157{GMT}	INFO	[jepsen worker 3] jepsen.util: 3	:invoke	:echo	"Please echo 27"
2025-04-20 16:47:54,159{GMT}	INFO	[jepsen worker 3] jepsen.util: 3	:ok	:echo	{:echo "Please echo 27", :in_reply_to 14, :msg_id 14, :type "echo_ok"}
2025-04-20 16:47:54,181{GMT}	INFO	[jepsen test runner] jepsen.core: Run complete, writing
2025-04-20 16:47:54,248{GMT}	INFO	[jepsen node n1] maelstrom.db: Tearing down n1
2025-04-20 16:47:54,248{GMT}	INFO	[jepsen node n3] maelstrom.db: Tearing down n3
2025-04-20 16:47:54,248{GMT}	INFO	[jepsen node n2] maelstrom.db: Tearing down n2
2025-04-20 16:47:54,248{GMT}	INFO	[jepsen node n4] maelstrom.db: Tearing down n4
2025-04-20 16:47:54,248{GMT}	INFO	[jepsen node n5] maelstrom.db: Tearing down n5
2025-04-20 16:47:55,160{GMT}	INFO	[jepsen node n1] maelstrom.net: Shutting down Maelstrom network
2025-04-20 16:47:55,161{GMT}	INFO	[jepsen test runner] jepsen.core: Analyzing...
2025-04-20 16:47:55,351{GMT}	INFO	[jepsen test runner] jepsen.core: Analysis complete
2025-04-20 16:47:55,361{GMT}	INFO	[jepsen results] jepsen.store: Wrote /home/divi/git/fly.io/store/echo/20250420T164742.075+0530/results.edn
2025-04-20 16:47:55,373{GMT}	INFO	[jepsen test runner] jepsen.core: {:perf {:latency-graph {:valid? true},
        :rate-graph {:valid? true},
        :valid? true},
 :timeline {:valid? true},
 :exceptions {:valid? true},
 :stats {:valid? true,
         :count 50,
         :ok-count 50,
         :fail-count 0,
         :info-count 0,
         :by-f {:echo {:valid? true,
                       :count 50,
                       :ok-count 50,
                       :fail-count 0,
                       :info-count 0}}},
 :availability {:valid? true, :ok-fraction 1.0},
 :net {:all {:send-count 110,
             :recv-count 110,
             :msg-count 110,
             :msgs-per-op 2.2},
       :clients {:send-count 110, :recv-count 110, :msg-count 110},
       :servers {:send-count 0,
                 :recv-count 0,
                 :msg-count 0,
                 :msgs-per-op 0.0},
       :valid? true},
 :workload {:valid? true, :errors ()},
 :valid? true}


Everything looks good! ヽ(‘ー`)ノ
