2025-04-20 20:06:16,424{GMT}	INFO	[jepsen test runner] jepsen.core: Command line:
lein run test -w broadcast --bin fly-io --node-count 2 --time-limit 1 --rate 1
2025-04-20 20:06:16,500{GMT}	INFO	[jepsen test runner] jepsen.core: Running test:
{:args []
 :remote
 #jepsen.control.retry.Remote{:remote #jepsen.control.scp.Remote{:cmd-remote #jepsen.control.sshj.SSHJRemote{:concurrency-limit 6,
                                                                                                             :conn-spec nil,
                                                                                                             :client nil,
                                                                                                             :semaphore nil},
                                                                 :conn-spec nil},
                              :conn nil}
 :log-net-send false
 :node-count 2
 :availability nil
 :max-txn-length 4
 :concurrency 2
 :db
 #object[maelstrom.db$db$reify__16612
         "0x178826db"
         "maelstrom.db$db$reify__16612@178826db"]
 :max-writes-per-key 16
 :leave-db-running? false
 :name "broadcast"
 :logging-json? false
 :start-time
 #object[org.joda.time.DateTime "0x3a1dc432" "2025-04-20T20:06:16.404+05:30"]
 :nemesis-interval 10
 :net
 #object[maelstrom.net$jepsen_net$reify__15721
         "0x4c18b432"
         "maelstrom.net$jepsen_net$reify__15721@4c18b432"]
 :client
 #object[maelstrom.workload.broadcast$client$reify__17142
         "0x4b954cbb"
         "maelstrom.workload.broadcast$client$reify__17142@4b954cbb"]
 :barrier
 #object[java.util.concurrent.CyclicBarrier
         "0xbec2d81"
         "java.util.concurrent.CyclicBarrier@bec2d81"]
 :log-stderr false
 :pure-generators true
 :ssh {:dummy? true}
 :rate 1.0
 :checker
 #object[jepsen.checker$compose$reify__11089
         "0x5f04449a"
         "jepsen.checker$compose$reify__11089@5f04449a"]
 :argv
 ("test"
  "-w"
  "broadcast"
  "--bin"
  "fly-io"
  "--node-count"
  "2"
  "--time-limit"
  "1"
  "--rate"
  "1")
 :nemesis
 (jepsen.nemesis.ReflCompose
  {:fm {:start-partition 0,
        :stop-partition 0,
        :kill 1,
        :start 1,
        :pause 1,
        :resume 1},
   :nemeses [#unprintable "jepsen.nemesis.combined$partition_nemesis$reify__16905@5634c26c"
             #unprintable "jepsen.nemesis.combined$db_nemesis$reify__16886@37a5ac85"]})
 :nodes ["n0" "n1"]
 :test-count 1
 :latency {:mean 0, :dist :constant}
 :bin "fly-io"
 :generator
 #object[jepsen.util.Forgettable
         "0x1acd660d"
         ((jepsen.generator.Synchronize
           {:gen (jepsen.generator.TimeLimit
                  {:limit 1000000000,
                   :cutoff nil,
                   :gen (jepsen.generator.Any
                         {:gens [(jepsen.generator.OnThreads
                                  {:f #{:nemesis},
                                   :context-filter #object[jepsen.generator.context$make_thread_filter$lazy_filter__12077
                                                           "0x36cc6055"
                                                           "jepsen.generator.context$make_thread_filter$lazy_filter__12077@36cc6055"],
                                   :gen nil})
                                 (jepsen.generator.OnThreads
                                  {:f #jepsen.generator.context.AllBut{:element :nemesis},
                                   :context-filter #object[jepsen.generator.context$make_thread_filter$lazy_filter__12077
                                                           "0x41d1bcbd"
                                                           "jepsen.generator.context$make_thread_filter$lazy_filter__12077@41d1bcbd"],
                                   :gen (jepsen.generator.Stagger
                                         {:dt 2000000000,
                                          :next-time nil,
                                          :gen (jepsen.generator.Mix
                                                {:i 0,
                                                 :gens [({:f :broadcast,
                                                          :value 0}
                                                         {:f :broadcast,
                                                          :value 1}
                                                         {:f :broadcast,
                                                          :value 2}
                                                         {:f :broadcast,
                                                          :value 3}
                                                         {:f :broadcast,
                                                          :value 4}
                                                         {:f :broadcast,
                                                          :value 5}
                                                         {:f :broadcast,
                                                          :value 6}
                                                         {:f :broadcast,
                                                          :value 7}
                                                         ...)
                                                        ({:f :read}
                                                         {:f :read}
                                                         {:f :read}
                                                         {:f :read}
                                                         {:f :read}
                                                         {:f :read}
                                                         {:f :read}
                                                         {:f :read}
                                                         ...)]})})})]})})})
          (jepsen.generator.Synchronize
           {:gen (jepsen.generator.OnThreads
                  {:f #{:nemesis},
                   :context-filter #object[jepsen.generator.context$make_thread_filter$lazy_filter__12077
                                           "0x3d45ea17"
                                           "jepsen.generator.context$make_thread_filter$lazy_filter__12077@3d45ea17"],
                   :gen ()})})
          (jepsen.generator.Synchronize
           {:gen {:type :log, :value "Waiting for recovery..."}})
          (jepsen.generator.Synchronize {:gen {:type :sleep, :value 10}})
          (jepsen.generator.Synchronize
           {:gen (jepsen.generator.OnThreads
                  {:f #jepsen.generator.context.AllBut{:element :nemesis},
                   :context-filter #object[jepsen.generator.context$make_thread_filter$lazy_filter__12077
                                           "0x685efb22"
                                           "jepsen.generator.context$make_thread_filter$lazy_filter__12077@685efb22"],
                   :gen (jepsen.generator.EachThread
                         {:fresh-gen {:f :read, :final? true},
                          :context-filters #object[clojure.core$promise$reify__8621
                                                   "0x24a696c0"
                                                   {:status :pending, :val nil}],
                          :gens {}})})}))]
 :log-net-recv false
 :os
 #object[maelstrom.net$jepsen_os$reify__15724
         "0x78fb4f7f"
         "maelstrom.net$jepsen_os$reify__15724@78fb4f7f"]
 :time-limit 1
 :workload :broadcast
 :consistency-models [:strict-serializable]
 :topology :grid}

2025-04-20 20:06:18,067{GMT}	INFO	[jepsen node n0] maelstrom.net: Starting Maelstrom network
2025-04-20 20:06:18,068{GMT}	INFO	[jepsen test runner] jepsen.db: Tearing down DB
2025-04-20 20:06:18,070{GMT}	INFO	[jepsen test runner] jepsen.db: Setting up DB
2025-04-20 20:06:18,071{GMT}	INFO	[jepsen node n1] maelstrom.db: Setting up n1
2025-04-20 20:06:18,072{GMT}	INFO	[jepsen node n0] maelstrom.service: Starting services: (lin-kv lin-tso lww-kv seq-kv)
2025-04-20 20:06:18,072{GMT}	INFO	[jepsen node n1] maelstrom.process: launching fly-io []
2025-04-20 20:06:18,074{GMT}	INFO	[jepsen node n0] maelstrom.db: Setting up n0
2025-04-20 20:06:18,074{GMT}	INFO	[jepsen node n0] maelstrom.process: launching fly-io []
2025-04-20 20:06:18,102{GMT}	INFO	[jepsen test runner] jepsen.core: Relative time begins now
2025-04-20 20:06:18,118{GMT}	INFO	[jepsen worker 0] jepsen.util: 0	:invoke	:broadcast	0
2025-04-20 20:06:18,122{GMT}	INFO	[jepsen worker 0] jepsen.util: 0	:ok	:broadcast	0
2025-04-20 20:06:18,122{GMT}	INFO	[jepsen worker 1] jepsen.generator.interpreter: Waiting for recovery...
2025-04-20 20:06:28,125{GMT}	INFO	[jepsen worker 0] jepsen.util: 0	:invoke	:read	nil
2025-04-20 20:06:28,125{GMT}	INFO	[jepsen worker 1] jepsen.util: 1	:invoke	:read	nil
2025-04-20 20:06:28,132{GMT}	INFO	[jepsen worker 0] jepsen.util: 0	:ok	:read	[{}]
2025-04-20 20:06:28,132{GMT}	INFO	[jepsen worker 1] jepsen.util: 1	:ok	:read	[{}]
2025-04-20 20:06:28,153{GMT}	INFO	[jepsen test runner] jepsen.core: Run complete, writing
2025-04-20 20:06:28,198{GMT}	INFO	[jepsen node n1] maelstrom.db: Tearing down n1
2025-04-20 20:06:28,198{GMT}	INFO	[jepsen node n0] maelstrom.db: Tearing down n0
2025-04-20 20:06:30,080{GMT}	INFO	[jepsen node n0] maelstrom.net: Shutting down Maelstrom network
2025-04-20 20:06:30,081{GMT}	INFO	[jepsen test runner] jepsen.core: Analyzing...
2025-04-20 20:06:30,232{GMT}	INFO	[jepsen test runner] jepsen.core: Analysis complete
2025-04-20 20:06:30,243{GMT}	INFO	[jepsen results] jepsen.store: Wrote /home/divi/git/fly.io/store/broadcast/20250420T200616.404+0530/results.edn
2025-04-20 20:06:30,261{GMT}	INFO	[jepsen test runner] jepsen.core: {:perf {:latency-graph {:valid? true},
        :rate-graph {:valid? true},
        :valid? true},
 :timeline {:valid? true},
 :exceptions {:valid? true},
 :stats {:valid? true,
         :count 3,
         :ok-count 3,
         :fail-count 0,
         :info-count 0,
         :by-f {:broadcast {:valid? true,
                            :count 1,
                            :ok-count 1,
                            :fail-count 0,
                            :info-count 0},
                :read {:valid? true,
                       :count 2,
                       :ok-count 2,
                       :fail-count 0,
                       :info-count 0}}},
 :availability {:valid? true, :ok-fraction 1.0},
 :net {:all {:send-count 16,
             :recv-count 16,
             :msg-count 16,
             :msgs-per-op 5.3333335},
       :clients {:send-count 14, :recv-count 14, :msg-count 14},
       :servers {:send-count 2,
                 :recv-count 2,
                 :msg-count 2,
                 :msgs-per-op 0.6666667},
       :valid? true},
 :workload {:worst-stale (),
            :duplicated-count 0,
            :valid? false,
            :lost-count 1,
            :lost (0),
            :stable-count 0,
            :stale-count 0,
            :stale (),
            :never-read-count 0,
            :attempt-count 1,
            :lost-latencies {0 0, 0.5 0, 0.95 0, 0.99 0, 1 0},
            :never-read (),
            :duplicated {}},
 :valid? false}


Analysis invalid! (ﾉಥ益ಥ）ﾉ ┻━┻
