2025-04-20 18:11:55,175{GMT}	INFO	[jepsen test runner] jepsen.core: Command line:
lein run test -w broadcast --bin fly-io --node-count 1 --time-limit 2 --rate 1
2025-04-20 18:11:55,291{GMT}	INFO	[jepsen test runner] jepsen.core: Running test:
{:args []
 :remote
 #jepsen.control.retry.Remote{:remote #jepsen.control.scp.Remote{:cmd-remote #jepsen.control.sshj.SSHJRemote{:concurrency-limit 6,
                                                                                                             :conn-spec nil,
                                                                                                             :client nil,
                                                                                                             :semaphore nil},
                                                                 :conn-spec nil},
                              :conn nil}
 :log-net-send false
 :node-count 1
 :availability nil
 :max-txn-length 4
 :concurrency 1
 :db
 #object[maelstrom.db$db$reify__16612
         "0x7f913c47"
         "maelstrom.db$db$reify__16612@7f913c47"]
 :max-writes-per-key 16
 :leave-db-running? false
 :name "broadcast"
 :logging-json? false
 :start-time
 #object[org.joda.time.DateTime "0x4c18b432" "2025-04-20T18:11:55.149+05:30"]
 :nemesis-interval 10
 :net
 #object[maelstrom.net$jepsen_net$reify__15721
         "0x4b954cbb"
         "maelstrom.net$jepsen_net$reify__15721@4b954cbb"]
 :client
 #object[maelstrom.workload.broadcast$client$reify__17142
         "0xbec2d81"
         "maelstrom.workload.broadcast$client$reify__17142@bec2d81"]
 :barrier
 #object[java.util.concurrent.CyclicBarrier
         "0x5f04449a"
         "java.util.concurrent.CyclicBarrier@5f04449a"]
 :log-stderr false
 :pure-generators true
 :ssh {:dummy? true}
 :rate 1.0
 :checker
 #object[jepsen.checker$compose$reify__11089
         "0x5634c26c"
         "jepsen.checker$compose$reify__11089@5634c26c"]
 :argv
 ("test"
  "-w"
  "broadcast"
  "--bin"
  "fly-io"
  "--node-count"
  "1"
  "--time-limit"
  "2"
  "--rate"
  "1")
 :nemesis
 (jepsen.nemesis.ReflCompose
  {:fm {:start-partition 0,
        :stop-partition 0,
        :kill 1,
        :start 1,
        :pause 1,
        :resume 1},
   :nemeses [#unprintable "jepsen.nemesis.combined$partition_nemesis$reify__16905@37a5ac85"
             #unprintable "jepsen.nemesis.combined$db_nemesis$reify__16886@5d4f0fd5"]})
 :nodes ["n0"]
 :test-count 1
 :latency {:mean 0, :dist :constant}
 :bin "fly-io"
 :generator
 #object[jepsen.util.Forgettable
         "0x22f3b213"
         ((jepsen.generator.Synchronize
           {:gen (jepsen.generator.TimeLimit
                  {:limit 2000000000,
                   :cutoff nil,
                   :gen (jepsen.generator.Any
                         {:gens [(jepsen.generator.OnThreads
                                  {:f #{:nemesis},
                                   :context-filter #object[jepsen.generator.context$make_thread_filter$lazy_filter__12077
                                                           "0x41d1bcbd"
                                                           "jepsen.generator.context$make_thread_filter$lazy_filter__12077@41d1bcbd"],
                                   :gen nil})
                                 (jepsen.generator.OnThreads
                                  {:f #jepsen.generator.context.AllBut{:element :nemesis},
                                   :context-filter #object[jepsen.generator.context$make_thread_filter$lazy_filter__12077
                                                           "0x6ba6f4e7"
                                                           "jepsen.generator.context$make_thread_filter$lazy_filter__12077@6ba6f4e7"],
                                   :gen (jepsen.generator.Stagger
                                         {:dt 2000000000,
                                          :next-time nil,
                                          :gen (jepsen.generator.Mix
                                                {:i 1,
                                                 :gens [({:f :broadcast,
                                                          :value 0}
                                                         {:f :broadcast,
                                                          :value 1}
                                                         {:f :broadcast,
                                                          :value 2}
                                                         {:f :broadcast,
                                                          :value 3}
                                                         {:f :broadcast,
                                                          :value 4}
                                                         {:f :broadcast,
                                                          :value 5}
                                                         {:f :broadcast,
                                                          :value 6}
                                                         {:f :broadcast,
                                                          :value 7}
                                                         ...)
                                                        ({:f :read}
                                                         {:f :read}
                                                         {:f :read}
                                                         {:f :read}
                                                         {:f :read}
                                                         {:f :read}
                                                         {:f :read}
                                                         {:f :read}
                                                         ...)]})})})]})})})
          (jepsen.generator.Synchronize
           {:gen (jepsen.generator.OnThreads
                  {:f #{:nemesis},
                   :context-filter #object[jepsen.generator.context$make_thread_filter$lazy_filter__12077
                                           "0x685efb22"
                                           "jepsen.generator.context$make_thread_filter$lazy_filter__12077@685efb22"],
                   :gen ()})})
          (jepsen.generator.Synchronize
           {:gen {:type :log, :value "Waiting for recovery..."}})
          (jepsen.generator.Synchronize {:gen {:type :sleep, :value 10}})
          (jepsen.generator.Synchronize
           {:gen (jepsen.generator.OnThreads
                  {:f #jepsen.generator.context.AllBut{:element :nemesis},
                   :context-filter #object[jepsen.generator.context$make_thread_filter$lazy_filter__12077
                                           "0x24a696c0"
                                           "jepsen.generator.context$make_thread_filter$lazy_filter__12077@24a696c0"],
                   :gen (jepsen.generator.EachThread
                         {:fresh-gen {:f :read, :final? true},
                          :context-filters #object[clojure.core$promise$reify__8621
                                                   "0x78fb4f7f"
                                                   {:status :pending, :val nil}],
                          :gens {}})})}))]
 :log-net-recv false
 :os
 #object[maelstrom.net$jepsen_os$reify__15724
         "0x6a7c1725"
         "maelstrom.net$jepsen_os$reify__15724@6a7c1725"]
 :time-limit 2
 :workload :broadcast
 :consistency-models [:strict-serializable]
 :topology :grid}

2025-04-20 18:11:57,057{GMT}	INFO	[jepsen node n0] maelstrom.net: Starting Maelstrom network
2025-04-20 18:11:57,058{GMT}	INFO	[jepsen test runner] jepsen.db: Tearing down DB
2025-04-20 18:11:57,059{GMT}	INFO	[jepsen test runner] jepsen.db: Setting up DB
2025-04-20 18:11:57,061{GMT}	INFO	[jepsen node n0] maelstrom.service: Starting services: (lin-kv lin-tso lww-kv seq-kv)
2025-04-20 18:11:57,062{GMT}	INFO	[jepsen node n0] maelstrom.db: Setting up n0
2025-04-20 18:11:57,063{GMT}	INFO	[jepsen node n0] maelstrom.process: launching fly-io []
2025-04-20 18:11:57,088{GMT}	INFO	[jepsen test runner] jepsen.core: Relative time begins now
2025-04-20 18:11:57,109{GMT}	INFO	[jepsen worker 0] jepsen.util: 0	:invoke	:read	nil
2025-04-20 18:11:57,112{GMT}	INFO	[jepsen worker 0] jepsen.util: 0	:ok	:read	[]
2025-04-20 18:11:57,422{GMT}	INFO	[jepsen worker 0] jepsen.util: 0	:invoke	:broadcast	0
2025-04-20 18:11:57,426{GMT}	INFO	[jepsen worker 0] jepsen.util: 0	:ok	:broadcast	0
2025-04-20 18:11:58,696{GMT}	INFO	[jepsen worker 0] jepsen.util: 0	:invoke	:read	nil
2025-04-20 18:11:58,699{GMT}	INFO	[jepsen worker 0] jepsen.util: 0	:ok	:read	[0]
2025-04-20 18:11:59,074{GMT}	INFO	[jepsen worker 0] jepsen.util: 0	:invoke	:read	nil
2025-04-20 18:11:59,076{GMT}	INFO	[jepsen worker 0] jepsen.util: 0	:ok	:read	[0]
2025-04-20 18:11:59,077{GMT}	INFO	[jepsen worker 0] jepsen.generator.interpreter: Waiting for recovery...
2025-04-20 18:12:09,079{GMT}	INFO	[jepsen worker 0] jepsen.util: 0	:invoke	:read	nil
2025-04-20 18:12:09,083{GMT}	INFO	[jepsen worker 0] jepsen.util: 0	:ok	:read	[0]
2025-04-20 18:12:09,100{GMT}	INFO	[jepsen test runner] jepsen.core: Run complete, writing
2025-04-20 18:12:09,130{GMT}	INFO	[jepsen node n0] maelstrom.db: Tearing down n0
2025-04-20 18:12:11,068{GMT}	INFO	[jepsen node n0] maelstrom.net: Shutting down Maelstrom network
2025-04-20 18:12:11,069{GMT}	INFO	[jepsen test runner] jepsen.core: Analyzing...
2025-04-20 18:12:11,225{GMT}	INFO	[jepsen test runner] jepsen.core: Analysis complete
2025-04-20 18:12:11,241{GMT}	INFO	[jepsen results] jepsen.store: Wrote /home/divi/git/fly.io/store/broadcast/20250420T181155.149+0530/results.edn
2025-04-20 18:12:11,258{GMT}	INFO	[jepsen test runner] jepsen.core: {:perf {:latency-graph {:valid? true},
        :rate-graph {:valid? true},
        :valid? true},
 :timeline {:valid? true},
 :exceptions {:valid? true},
 :stats {:valid? true,
         :count 5,
         :ok-count 5,
         :fail-count 0,
         :info-count 0,
         :by-f {:broadcast {:valid? true,
                            :count 1,
                            :ok-count 1,
                            :fail-count 0,
                            :info-count 0},
                :read {:valid? true,
                       :count 4,
                       :ok-count 4,
                       :fail-count 0,
                       :info-count 0}}},
 :availability {:valid? true, :ok-fraction 1.0},
 :net {:all {:send-count 14,
             :recv-count 14,
             :msg-count 14,
             :msgs-per-op 2.8},
       :clients {:send-count 14, :recv-count 14, :msg-count 14},
       :servers {:send-count 0,
                 :recv-count 0,
                 :msg-count 0,
                 :msgs-per-op 0.0},
       :valid? true},
 :workload {:worst-stale (),
            :duplicated-count 0,
            :valid? true,
            :lost-count 0,
            :lost (),
            :stable-count 1,
            :stale-count 0,
            :stale (),
            :never-read-count 0,
            :stable-latencies {0 0, 0.5 0, 0.95 0, 0.99 0, 1 0},
            :attempt-count 1,
            :never-read (),
            :duplicated {}},
 :valid? true}


Everything looks good! ヽ(‘ー`)ノ
