2025-04-20 16:44:50,193{GMT}	INFO	[jepsen test runner] jepsen.core: Command line:
lein run test -w echo --bin ./fly-io node-count 1 --time-limit 10
2025-04-20 16:44:50,268{GMT}	INFO	[jepsen test runner] jepsen.core: Running test:
{:args ["node-count" "1"]
 :remote
 #jepsen.control.retry.Remote{:remote #jepsen.control.scp.Remote{:cmd-remote #jepsen.control.sshj.SSHJRemote{:concurrency-limit 6,
                                                                                                             :conn-spec nil,
                                                                                                             :client nil,
                                                                                                             :semaphore nil},
                                                                 :conn-spec nil},
                              :conn nil}
 :log-net-send false
 :node-count nil
 :availability nil
 :max-txn-length 4
 :concurrency 5
 :db
 #object[maelstrom.db$db$reify__16612
         "0x2c9573f1"
         "maelstrom.db$db$reify__16612@2c9573f1"]
 :max-writes-per-key 16
 :leave-db-running? false
 :name "echo"
 :logging-json? false
 :start-time
 #object[org.joda.time.DateTime "0x6cf58989" "2025-04-20T16:44:50.164+05:30"]
 :nemesis-interval 10
 :net
 #object[maelstrom.net$jepsen_net$reify__15721
         "0x3a1dc432"
         "maelstrom.net$jepsen_net$reify__15721@3a1dc432"]
 :client
 #object[maelstrom.workload.echo$client$reify__17402
         "0x4c18b432"
         "maelstrom.workload.echo$client$reify__17402@4c18b432"]
 :barrier
 #object[java.util.concurrent.CyclicBarrier
         "0x4b954cbb"
         "java.util.concurrent.CyclicBarrier@4b954cbb"]
 :log-stderr false
 :pure-generators true
 :ssh {:dummy? true}
 :rate 5
 :checker
 #object[jepsen.checker$compose$reify__11089
         "0xbec2d81"
         "jepsen.checker$compose$reify__11089@bec2d81"]
 :argv
 ("test" "-w" "echo" "--bin" "./fly-io" "node-count" "1" "--time-limit" "10")
 :nemesis
 (jepsen.nemesis.ReflCompose
  {:fm {:start-partition 0,
        :stop-partition 0,
        :kill 1,
        :start 1,
        :pause 1,
        :resume 1},
   :nemeses [#unprintable "jepsen.nemesis.combined$partition_nemesis$reify__16905@5f04449a"
             #unprintable "jepsen.nemesis.combined$db_nemesis$reify__16886@5634c26c"]})
 :nodes ["n1" "n2" "n3" "n4" "n5"]
 :test-count 1
 :latency {:mean 0, :dist :constant}
 :bin "./fly-io"
 :generator
 #object[jepsen.util.Forgettable
         "0x239fdf8f"
         (jepsen.generator.TimeLimit
          {:limit 10000000000,
           :cutoff nil,
           :gen (jepsen.generator.Any
                 {:gens [(jepsen.generator.OnThreads
                          {:f #{:nemesis},
                           :context-filter #object[jepsen.generator.context$make_thread_filter$lazy_filter__12077
                                                   "0x578036a2"
                                                   "jepsen.generator.context$make_thread_filter$lazy_filter__12077@578036a2"],
                           :gen nil})
                         (jepsen.generator.OnThreads
                          {:f #jepsen.generator.context.AllBut{:element :nemesis},
                           :context-filter #object[jepsen.generator.context$make_thread_filter$lazy_filter__12077
                                                   "0x36cc6055"
                                                   "jepsen.generator.context$make_thread_filter$lazy_filter__12077@36cc6055"],
                           :gen (jepsen.generator.Stagger
                                 {:dt 400000000,
                                  :next-time nil,
                                  :gen (jepsen.generator.EachThread
                                        {:fresh-gen #object[maelstrom.workload.echo$workload$fn__17421
                                                            "0x41d1bcbd"
                                                            "maelstrom.workload.echo$workload$fn__17421@41d1bcbd"],
                                         :context-filters #object[clojure.core$promise$reify__8621
                                                                  "0x6ba6f4e7"
                                                                  {:status :pending,
                                                                   :val nil}],
                                         :gens {}})})})]})})]
 :log-net-recv false
 :os
 #object[maelstrom.net$jepsen_os$reify__15724
         "0x3d45ea17"
         "maelstrom.net$jepsen_os$reify__15724@3d45ea17"]
 :time-limit 10
 :workload :echo
 :consistency-models [:strict-serializable]
 :topology :grid}

2025-04-20 16:44:51,936{GMT}	INFO	[jepsen node n1] maelstrom.net: Starting Maelstrom network
2025-04-20 16:44:51,937{GMT}	INFO	[jepsen test runner] jepsen.db: Tearing down DB
2025-04-20 16:44:51,939{GMT}	INFO	[jepsen test runner] jepsen.db: Setting up DB
2025-04-20 16:44:51,940{GMT}	INFO	[jepsen node n2] maelstrom.db: Setting up n2
2025-04-20 16:44:51,940{GMT}	INFO	[jepsen node n5] maelstrom.db: Setting up n5
2025-04-20 16:44:51,940{GMT}	INFO	[jepsen node n3] maelstrom.db: Setting up n3
2025-04-20 16:44:51,940{GMT}	INFO	[jepsen node n4] maelstrom.db: Setting up n4
2025-04-20 16:44:51,941{GMT}	INFO	[jepsen node n2] maelstrom.process: launching ./fly-io ["node-count" "1"]
2025-04-20 16:44:51,941{GMT}	INFO	[jepsen node n3] maelstrom.process: launching ./fly-io ["node-count" "1"]
2025-04-20 16:44:51,941{GMT}	INFO	[jepsen node n5] maelstrom.process: launching ./fly-io ["node-count" "1"]
2025-04-20 16:44:51,941{GMT}	INFO	[jepsen node n4] maelstrom.process: launching ./fly-io ["node-count" "1"]
2025-04-20 16:44:51,943{GMT}	INFO	[jepsen node n1] maelstrom.service: Starting services: (lin-kv lin-tso lww-kv seq-kv)
2025-04-20 16:44:51,946{GMT}	INFO	[jepsen node n1] maelstrom.db: Setting up n1
2025-04-20 16:44:51,947{GMT}	INFO	[jepsen node n1] maelstrom.process: launching ./fly-io ["node-count" "1"]
2025-04-20 16:44:51,969{GMT}	INFO	[jepsen test runner] jepsen.core: Relative time begins now
2025-04-20 16:44:51,983{GMT}	INFO	[jepsen worker 4] jepsen.util: 4	:invoke	:echo	"Please echo 94"
2025-04-20 16:44:51,989{GMT}	INFO	[jepsen worker 4] jepsen.util: 4	:ok	:echo	{:echo "Please echo 94", :in_reply_to 1, :msg_id 1, :type "echo_ok"}
2025-04-20 16:44:52,345{GMT}	INFO	[jepsen worker 1] jepsen.util: 1	:invoke	:echo	"Please echo 58"
2025-04-20 16:44:52,348{GMT}	INFO	[jepsen worker 1] jepsen.util: 1	:ok	:echo	{:echo "Please echo 58", :in_reply_to 1, :msg_id 1, :type "echo_ok"}
2025-04-20 16:44:52,349{GMT}	INFO	[jepsen worker 2] jepsen.util: 2	:invoke	:echo	"Please echo 79"
2025-04-20 16:44:52,353{GMT}	INFO	[jepsen worker 2] jepsen.util: 2	:ok	:echo	{:echo "Please echo 79", :in_reply_to 1, :msg_id 1, :type "echo_ok"}
2025-04-20 16:44:52,724{GMT}	INFO	[jepsen worker 4] jepsen.util: 4	:invoke	:echo	"Please echo 91"
2025-04-20 16:44:52,727{GMT}	INFO	[jepsen worker 4] jepsen.util: 4	:ok	:echo	{:echo "Please echo 91", :in_reply_to 2, :msg_id 2, :type "echo_ok"}
2025-04-20 16:44:52,989{GMT}	INFO	[jepsen worker 2] jepsen.util: 2	:invoke	:echo	"Please echo 79"
2025-04-20 16:44:52,993{GMT}	INFO	[jepsen worker 2] jepsen.util: 2	:ok	:echo	{:echo "Please echo 79", :in_reply_to 2, :msg_id 2, :type "echo_ok"}
2025-04-20 16:44:53,119{GMT}	INFO	[jepsen worker 4] jepsen.util: 4	:invoke	:echo	"Please echo 84"
2025-04-20 16:44:53,122{GMT}	INFO	[jepsen worker 4] jepsen.util: 4	:ok	:echo	{:echo "Please echo 84", :in_reply_to 3, :msg_id 3, :type "echo_ok"}
2025-04-20 16:44:53,272{GMT}	INFO	[jepsen worker 4] jepsen.util: 4	:invoke	:echo	"Please echo 25"
2025-04-20 16:44:53,275{GMT}	INFO	[jepsen worker 4] jepsen.util: 4	:ok	:echo	{:echo "Please echo 25", :in_reply_to 4, :msg_id 4, :type "echo_ok"}
2025-04-20 16:44:53,447{GMT}	INFO	[jepsen worker 4] jepsen.util: 4	:invoke	:echo	"Please echo 105"
2025-04-20 16:44:53,450{GMT}	INFO	[jepsen worker 4] jepsen.util: 4	:ok	:echo	{:echo "Please echo 105", :in_reply_to 5, :msg_id 5, :type "echo_ok"}
2025-04-20 16:44:53,497{GMT}	INFO	[jepsen worker 0] jepsen.util: 0	:invoke	:echo	"Please echo 0"
2025-04-20 16:44:53,501{GMT}	INFO	[jepsen worker 0] jepsen.util: 0	:ok	:echo	{:echo "Please echo 0", :in_reply_to 1, :msg_id 1, :type "echo_ok"}
2025-04-20 16:44:53,544{GMT}	INFO	[jepsen worker 4] jepsen.util: 4	:invoke	:echo	"Please echo 104"
2025-04-20 16:44:53,547{GMT}	INFO	[jepsen worker 4] jepsen.util: 4	:ok	:echo	{:echo "Please echo 104", :in_reply_to 6, :msg_id 6, :type "echo_ok"}
2025-04-20 16:44:53,707{GMT}	INFO	[jepsen worker 4] jepsen.util: 4	:invoke	:echo	"Please echo 126"
2025-04-20 16:44:53,710{GMT}	INFO	[jepsen worker 4] jepsen.util: 4	:ok	:echo	{:echo "Please echo 126", :in_reply_to 7, :msg_id 7, :type "echo_ok"}
2025-04-20 16:44:54,039{GMT}	INFO	[jepsen worker 4] jepsen.util: 4	:invoke	:echo	"Please echo 101"
2025-04-20 16:44:54,043{GMT}	INFO	[jepsen worker 4] jepsen.util: 4	:ok	:echo	{:echo "Please echo 101", :in_reply_to 8, :msg_id 8, :type "echo_ok"}
2025-04-20 16:44:54,325{GMT}	INFO	[jepsen worker 3] jepsen.util: 3	:invoke	:echo	"Please echo 89"
2025-04-20 16:44:54,330{GMT}	INFO	[jepsen worker 3] jepsen.util: 3	:ok	:echo	{:echo "Please echo 89", :in_reply_to 1, :msg_id 1, :type "echo_ok"}
2025-04-20 16:44:54,688{GMT}	INFO	[jepsen worker 4] jepsen.util: 4	:invoke	:echo	"Please echo 104"
2025-04-20 16:44:54,691{GMT}	INFO	[jepsen worker 4] jepsen.util: 4	:ok	:echo	{:echo "Please echo 104", :in_reply_to 9, :msg_id 9, :type "echo_ok"}
2025-04-20 16:44:54,761{GMT}	INFO	[jepsen worker 0] jepsen.util: 0	:invoke	:echo	"Please echo 38"
2025-04-20 16:44:54,764{GMT}	INFO	[jepsen worker 0] jepsen.util: 0	:ok	:echo	{:echo "Please echo 38", :in_reply_to 2, :msg_id 2, :type "echo_ok"}
2025-04-20 16:44:54,899{GMT}	INFO	[jepsen worker 2] jepsen.util: 2	:invoke	:echo	"Please echo 73"
2025-04-20 16:44:54,902{GMT}	INFO	[jepsen worker 2] jepsen.util: 2	:ok	:echo	{:echo "Please echo 73", :in_reply_to 3, :msg_id 3, :type "echo_ok"}
2025-04-20 16:44:55,000{GMT}	INFO	[jepsen worker 1] jepsen.util: 1	:invoke	:echo	"Please echo 55"
2025-04-20 16:44:55,003{GMT}	INFO	[jepsen worker 1] jepsen.util: 1	:ok	:echo	{:echo "Please echo 55", :in_reply_to 2, :msg_id 2, :type "echo_ok"}
2025-04-20 16:44:55,350{GMT}	INFO	[jepsen worker 1] jepsen.util: 1	:invoke	:echo	"Please echo 75"
2025-04-20 16:44:55,353{GMT}	INFO	[jepsen worker 1] jepsen.util: 1	:ok	:echo	{:echo "Please echo 75", :in_reply_to 3, :msg_id 3, :type "echo_ok"}
2025-04-20 16:44:55,582{GMT}	INFO	[jepsen worker 2] jepsen.util: 2	:invoke	:echo	"Please echo 46"
2025-04-20 16:44:55,585{GMT}	INFO	[jepsen worker 2] jepsen.util: 2	:ok	:echo	{:echo "Please echo 46", :in_reply_to 4, :msg_id 4, :type "echo_ok"}
2025-04-20 16:44:55,939{GMT}	INFO	[jepsen worker 3] jepsen.util: 3	:invoke	:echo	"Please echo 7"
2025-04-20 16:44:55,942{GMT}	INFO	[jepsen worker 3] jepsen.util: 3	:ok	:echo	{:echo "Please echo 7", :in_reply_to 2, :msg_id 2, :type "echo_ok"}
2025-04-20 16:44:56,216{GMT}	INFO	[jepsen worker 2] jepsen.util: 2	:invoke	:echo	"Please echo 109"
2025-04-20 16:44:56,218{GMT}	INFO	[jepsen worker 2] jepsen.util: 2	:ok	:echo	{:echo "Please echo 109", :in_reply_to 5, :msg_id 5, :type "echo_ok"}
2025-04-20 16:44:56,399{GMT}	INFO	[jepsen worker 4] jepsen.util: 4	:invoke	:echo	"Please echo 1"
2025-04-20 16:44:56,402{GMT}	INFO	[jepsen worker 4] jepsen.util: 4	:ok	:echo	{:echo "Please echo 1", :in_reply_to 10, :msg_id 10, :type "echo_ok"}
2025-04-20 16:44:56,698{GMT}	INFO	[jepsen worker 4] jepsen.util: 4	:invoke	:echo	"Please echo 63"
2025-04-20 16:44:56,700{GMT}	INFO	[jepsen worker 4] jepsen.util: 4	:ok	:echo	{:echo "Please echo 63", :in_reply_to 11, :msg_id 11, :type "echo_ok"}
2025-04-20 16:44:56,821{GMT}	INFO	[jepsen worker 2] jepsen.util: 2	:invoke	:echo	"Please echo 109"
2025-04-20 16:44:56,823{GMT}	INFO	[jepsen worker 2] jepsen.util: 2	:ok	:echo	{:echo "Please echo 109", :in_reply_to 6, :msg_id 6, :type "echo_ok"}
2025-04-20 16:44:57,102{GMT}	INFO	[jepsen worker 3] jepsen.util: 3	:invoke	:echo	"Please echo 10"
2025-04-20 16:44:57,106{GMT}	INFO	[jepsen worker 3] jepsen.util: 3	:ok	:echo	{:echo "Please echo 10", :in_reply_to 3, :msg_id 3, :type "echo_ok"}
2025-04-20 16:44:57,449{GMT}	INFO	[jepsen worker 0] jepsen.util: 0	:invoke	:echo	"Please echo 40"
2025-04-20 16:44:57,452{GMT}	INFO	[jepsen worker 0] jepsen.util: 0	:ok	:echo	{:echo "Please echo 40", :in_reply_to 3, :msg_id 3, :type "echo_ok"}
2025-04-20 16:44:57,808{GMT}	INFO	[jepsen worker 1] jepsen.util: 1	:invoke	:echo	"Please echo 4"
2025-04-20 16:44:57,811{GMT}	INFO	[jepsen worker 1] jepsen.util: 1	:ok	:echo	{:echo "Please echo 4", :in_reply_to 4, :msg_id 4, :type "echo_ok"}
2025-04-20 16:44:58,180{GMT}	INFO	[jepsen worker 1] jepsen.util: 1	:invoke	:echo	"Please echo 59"
2025-04-20 16:44:58,183{GMT}	INFO	[jepsen worker 1] jepsen.util: 1	:ok	:echo	{:echo "Please echo 59", :in_reply_to 5, :msg_id 5, :type "echo_ok"}
2025-04-20 16:44:58,364{GMT}	INFO	[jepsen worker 0] jepsen.util: 0	:invoke	:echo	"Please echo 4"
2025-04-20 16:44:58,367{GMT}	INFO	[jepsen worker 0] jepsen.util: 0	:ok	:echo	{:echo "Please echo 4", :in_reply_to 4, :msg_id 4, :type "echo_ok"}
2025-04-20 16:44:58,487{GMT}	INFO	[jepsen worker 3] jepsen.util: 3	:invoke	:echo	"Please echo 7"
2025-04-20 16:44:58,490{GMT}	INFO	[jepsen worker 3] jepsen.util: 3	:ok	:echo	{:echo "Please echo 7", :in_reply_to 4, :msg_id 4, :type "echo_ok"}
2025-04-20 16:44:58,661{GMT}	INFO	[jepsen worker 0] jepsen.util: 0	:invoke	:echo	"Please echo 117"
2025-04-20 16:44:58,663{GMT}	INFO	[jepsen worker 0] jepsen.util: 0	:ok	:echo	{:echo "Please echo 117", :in_reply_to 5, :msg_id 5, :type "echo_ok"}
2025-04-20 16:44:58,681{GMT}	INFO	[jepsen worker 4] jepsen.util: 4	:invoke	:echo	"Please echo 58"
2025-04-20 16:44:58,684{GMT}	INFO	[jepsen worker 4] jepsen.util: 4	:ok	:echo	{:echo "Please echo 58", :in_reply_to 12, :msg_id 12, :type "echo_ok"}
2025-04-20 16:44:58,978{GMT}	INFO	[jepsen worker 3] jepsen.util: 3	:invoke	:echo	"Please echo 100"
2025-04-20 16:44:58,981{GMT}	INFO	[jepsen worker 3] jepsen.util: 3	:ok	:echo	{:echo "Please echo 100", :in_reply_to 5, :msg_id 5, :type "echo_ok"}
2025-04-20 16:44:59,073{GMT}	INFO	[jepsen worker 0] jepsen.util: 0	:invoke	:echo	"Please echo 101"
2025-04-20 16:44:59,076{GMT}	INFO	[jepsen worker 0] jepsen.util: 0	:ok	:echo	{:echo "Please echo 101", :in_reply_to 6, :msg_id 6, :type "echo_ok"}
2025-04-20 16:44:59,078{GMT}	INFO	[jepsen worker 2] jepsen.util: 2	:invoke	:echo	"Please echo 73"
2025-04-20 16:44:59,080{GMT}	INFO	[jepsen worker 2] jepsen.util: 2	:ok	:echo	{:echo "Please echo 73", :in_reply_to 7, :msg_id 7, :type "echo_ok"}
2025-04-20 16:44:59,211{GMT}	INFO	[jepsen worker 4] jepsen.util: 4	:invoke	:echo	"Please echo 1"
2025-04-20 16:44:59,213{GMT}	INFO	[jepsen worker 4] jepsen.util: 4	:ok	:echo	{:echo "Please echo 1", :in_reply_to 13, :msg_id 13, :type "echo_ok"}
2025-04-20 16:44:59,395{GMT}	INFO	[jepsen worker 2] jepsen.util: 2	:invoke	:echo	"Please echo 124"
2025-04-20 16:44:59,397{GMT}	INFO	[jepsen worker 2] jepsen.util: 2	:ok	:echo	{:echo "Please echo 124", :in_reply_to 8, :msg_id 8, :type "echo_ok"}
2025-04-20 16:44:59,455{GMT}	INFO	[jepsen worker 3] jepsen.util: 3	:invoke	:echo	"Please echo 61"
2025-04-20 16:44:59,457{GMT}	INFO	[jepsen worker 3] jepsen.util: 3	:ok	:echo	{:echo "Please echo 61", :in_reply_to 6, :msg_id 6, :type "echo_ok"}
2025-04-20 16:44:59,630{GMT}	INFO	[jepsen worker 1] jepsen.util: 1	:invoke	:echo	"Please echo 19"
2025-04-20 16:44:59,633{GMT}	INFO	[jepsen worker 1] jepsen.util: 1	:ok	:echo	{:echo "Please echo 19", :in_reply_to 6, :msg_id 6, :type "echo_ok"}
2025-04-20 16:44:59,697{GMT}	INFO	[jepsen worker 1] jepsen.util: 1	:invoke	:echo	"Please echo 56"
2025-04-20 16:44:59,699{GMT}	INFO	[jepsen worker 1] jepsen.util: 1	:ok	:echo	{:echo "Please echo 56", :in_reply_to 7, :msg_id 7, :type "echo_ok"}
2025-04-20 16:44:59,772{GMT}	INFO	[jepsen worker 1] jepsen.util: 1	:invoke	:echo	"Please echo 72"
2025-04-20 16:44:59,775{GMT}	INFO	[jepsen worker 1] jepsen.util: 1	:ok	:echo	{:echo "Please echo 72", :in_reply_to 8, :msg_id 8, :type "echo_ok"}
2025-04-20 16:45:00,040{GMT}	INFO	[jepsen worker 1] jepsen.util: 1	:invoke	:echo	"Please echo 46"
2025-04-20 16:45:00,042{GMT}	INFO	[jepsen worker 1] jepsen.util: 1	:ok	:echo	{:echo "Please echo 46", :in_reply_to 9, :msg_id 9, :type "echo_ok"}
2025-04-20 16:45:00,234{GMT}	INFO	[jepsen worker 4] jepsen.util: 4	:invoke	:echo	"Please echo 82"
2025-04-20 16:45:00,236{GMT}	INFO	[jepsen worker 4] jepsen.util: 4	:ok	:echo	{:echo "Please echo 82", :in_reply_to 14, :msg_id 14, :type "echo_ok"}
2025-04-20 16:45:00,453{GMT}	INFO	[jepsen worker 0] jepsen.util: 0	:invoke	:echo	"Please echo 101"
2025-04-20 16:45:00,455{GMT}	INFO	[jepsen worker 0] jepsen.util: 0	:ok	:echo	{:echo "Please echo 101", :in_reply_to 7, :msg_id 7, :type "echo_ok"}
2025-04-20 16:45:00,592{GMT}	INFO	[jepsen worker 0] jepsen.util: 0	:invoke	:echo	"Please echo 49"
2025-04-20 16:45:00,595{GMT}	INFO	[jepsen worker 0] jepsen.util: 0	:ok	:echo	{:echo "Please echo 49", :in_reply_to 8, :msg_id 8, :type "echo_ok"}
2025-04-20 16:45:00,626{GMT}	INFO	[jepsen worker 1] jepsen.util: 1	:invoke	:echo	"Please echo 74"
2025-04-20 16:45:00,628{GMT}	INFO	[jepsen worker 1] jepsen.util: 1	:ok	:echo	{:echo "Please echo 74", :in_reply_to 10, :msg_id 10, :type "echo_ok"}
2025-04-20 16:45:01,015{GMT}	INFO	[jepsen worker 3] jepsen.util: 3	:invoke	:echo	"Please echo 111"
2025-04-20 16:45:01,017{GMT}	INFO	[jepsen worker 3] jepsen.util: 3	:ok	:echo	{:echo "Please echo 111", :in_reply_to 7, :msg_id 7, :type "echo_ok"}
2025-04-20 16:45:01,028{GMT}	INFO	[jepsen worker 1] jepsen.util: 1	:invoke	:echo	"Please echo 33"
2025-04-20 16:45:01,031{GMT}	INFO	[jepsen worker 1] jepsen.util: 1	:ok	:echo	{:echo "Please echo 33", :in_reply_to 11, :msg_id 11, :type "echo_ok"}
2025-04-20 16:45:01,063{GMT}	INFO	[jepsen worker 0] jepsen.util: 0	:invoke	:echo	"Please echo 101"
2025-04-20 16:45:01,065{GMT}	INFO	[jepsen worker 0] jepsen.util: 0	:ok	:echo	{:echo "Please echo 101", :in_reply_to 9, :msg_id 9, :type "echo_ok"}
2025-04-20 16:45:01,261{GMT}	INFO	[jepsen worker 0] jepsen.util: 0	:invoke	:echo	"Please echo 36"
2025-04-20 16:45:01,263{GMT}	INFO	[jepsen worker 0] jepsen.util: 0	:ok	:echo	{:echo "Please echo 36", :in_reply_to 10, :msg_id 10, :type "echo_ok"}
2025-04-20 16:45:01,552{GMT}	INFO	[jepsen worker 0] jepsen.util: 0	:invoke	:echo	"Please echo 48"
2025-04-20 16:45:01,554{GMT}	INFO	[jepsen worker 0] jepsen.util: 0	:ok	:echo	{:echo "Please echo 48", :in_reply_to 11, :msg_id 11, :type "echo_ok"}
2025-04-20 16:45:01,858{GMT}	INFO	[jepsen worker 0] jepsen.util: 0	:invoke	:echo	"Please echo 27"
2025-04-20 16:45:01,861{GMT}	INFO	[jepsen worker 0] jepsen.util: 0	:ok	:echo	{:echo "Please echo 27", :in_reply_to 12, :msg_id 12, :type "echo_ok"}
2025-04-20 16:45:01,876{GMT}	INFO	[jepsen worker 4] jepsen.util: 4	:invoke	:echo	"Please echo 71"
2025-04-20 16:45:01,879{GMT}	INFO	[jepsen worker 4] jepsen.util: 4	:ok	:echo	{:echo "Please echo 71", :in_reply_to 15, :msg_id 15, :type "echo_ok"}
2025-04-20 16:45:01,965{GMT}	INFO	[jepsen worker 3] jepsen.util: 3	:invoke	:echo	"Please echo 10"
2025-04-20 16:45:01,968{GMT}	INFO	[jepsen worker 3] jepsen.util: 3	:ok	:echo	{:echo "Please echo 10", :in_reply_to 8, :msg_id 8, :type "echo_ok"}
2025-04-20 16:45:01,990{GMT}	INFO	[jepsen test runner] jepsen.core: Run complete, writing
2025-04-20 16:45:02,055{GMT}	INFO	[jepsen node n5] maelstrom.db: Tearing down n5
2025-04-20 16:45:02,055{GMT}	INFO	[jepsen node n1] maelstrom.db: Tearing down n1
2025-04-20 16:45:02,055{GMT}	INFO	[jepsen node n3] maelstrom.db: Tearing down n3
2025-04-20 16:45:02,055{GMT}	INFO	[jepsen node n4] maelstrom.db: Tearing down n4
2025-04-20 16:45:02,055{GMT}	INFO	[jepsen node n2] maelstrom.db: Tearing down n2
2025-04-20 16:45:03,032{GMT}	INFO	[jepsen node n1] maelstrom.net: Shutting down Maelstrom network
2025-04-20 16:45:03,033{GMT}	INFO	[jepsen test runner] jepsen.core: Analyzing...
2025-04-20 16:45:03,072{GMT}	WARN	[clojure-agent-send-off-pool-1] jepsen.checker: Error while checking history:
java.lang.IllegalStateException: Error rendering plot, verify gnuplot is installed and reachable
	at jepsen.checker.perf$plot_BANG_.invokeStatic(perf.clj:494)
	at jepsen.checker.perf$plot_BANG_.invoke(perf.clj:431)
	at jepsen.checker.perf$point_graph_BANG_.invokeStatic(perf.clj:525)
	at jepsen.checker.perf$point_graph_BANG_.invoke(perf.clj:498)
	at jepsen.checker$latency_graph$reify__11306.check(checker.clj:832)
	at jepsen.checker$check_safe.invokeStatic(checker.clj:88)
	at jepsen.checker$check_safe.invoke(checker.clj:80)
	at jepsen.checker$compose$reify__11089$fn__11091.invoke(checker.clj:104)
	at clojure.core$pmap$fn__8582$fn__8583.invoke(core.clj:7169)
	at clojure.core$binding_conveyor_fn$fn__5842.invoke(core.clj:2047)
	at clojure.lang.AFn.call(AFn.java:18)
	at java.base/java.util.concurrent.FutureTask.run(FutureTask.java:264)
	at java.base/java.util.concurrent.ThreadPoolExecutor.runWorker(ThreadPoolExecutor.java:1136)
	at java.base/java.util.concurrent.ThreadPoolExecutor$Worker.run(ThreadPoolExecutor.java:635)
	at java.base/java.lang.Thread.run(Thread.java:840)
Caused by: java.io.IOException: Cannot run program "gnuplot": error=2, No such file or directory
	at java.base/java.lang.ProcessBuilder.start(ProcessBuilder.java:1143)
	at java.base/java.lang.ProcessBuilder.start(ProcessBuilder.java:1073)
	at java.base/java.lang.Runtime.exec(Runtime.java:594)
	at clojure.java.shell$sh.invokeStatic(shell.clj:113)
	at clojure.java.shell$sh.doInvoke(shell.clj:79)
	at clojure.lang.RestFn.invoke(RestFn.java:515)
	at gnuplot.core$run_BANG_.invokeStatic(core.clj:76)
	at gnuplot.core$run_BANG_.invoke(core.clj:66)
	at gnuplot.core$raw_plot_BANG_.invokeStatic(core.clj:106)
	at gnuplot.core$raw_plot_BANG_.invoke(core.clj:91)
	... 15 common frames omitted
Caused by: java.io.IOException: error=2, No such file or directory
	at java.base/java.lang.ProcessImpl.forkAndExec(Native Method)
	at java.base/java.lang.ProcessImpl.<init>(ProcessImpl.java:314)
	at java.base/java.lang.ProcessImpl.start(ProcessImpl.java:244)
	at java.base/java.lang.ProcessBuilder.start(ProcessBuilder.java:1110)
	... 24 common frames omitted
2025-04-20 16:45:03,072{GMT}	WARN	[clojure-agent-send-off-pool-0] jepsen.checker: Error while checking history:
java.lang.IllegalStateException: Error rendering plot, verify gnuplot is installed and reachable
	at jepsen.checker.perf$plot_BANG_.invokeStatic(perf.clj:494)
	at jepsen.checker.perf$plot_BANG_.invoke(perf.clj:431)
	at jepsen.checker.perf$rate_graph_BANG_.invokeStatic(perf.clj:628)
	at jepsen.checker.perf$rate_graph_BANG_.invoke(perf.clj:573)
	at jepsen.checker$rate_graph$reify__11309.check(checker.clj:845)
	at jepsen.checker$check_safe.invokeStatic(checker.clj:88)
	at jepsen.checker$check_safe.invoke(checker.clj:80)
	at jepsen.checker$compose$reify__11089$fn__11091.invoke(checker.clj:104)
	at clojure.core$pmap$fn__8582$fn__8583.invoke(core.clj:7169)
	at clojure.core$binding_conveyor_fn$fn__5842.invoke(core.clj:2047)
	at clojure.lang.AFn.call(AFn.java:18)
	at java.base/java.util.concurrent.FutureTask.run(FutureTask.java:264)
	at java.base/java.util.concurrent.ThreadPoolExecutor.runWorker(ThreadPoolExecutor.java:1136)
	at java.base/java.util.concurrent.ThreadPoolExecutor$Worker.run(ThreadPoolExecutor.java:635)
	at java.base/java.lang.Thread.run(Thread.java:840)
Caused by: java.io.IOException: Cannot run program "gnuplot": error=2, No such file or directory
	at java.base/java.lang.ProcessBuilder.start(ProcessBuilder.java:1143)
	at java.base/java.lang.ProcessBuilder.start(ProcessBuilder.java:1073)
	at java.base/java.lang.Runtime.exec(Runtime.java:594)
	at clojure.java.shell$sh.invokeStatic(shell.clj:113)
	at clojure.java.shell$sh.doInvoke(shell.clj:79)
	at clojure.lang.RestFn.invoke(RestFn.java:515)
	at gnuplot.core$run_BANG_.invokeStatic(core.clj:76)
	at gnuplot.core$run_BANG_.invoke(core.clj:66)
	at gnuplot.core$raw_plot_BANG_.invokeStatic(core.clj:106)
	at gnuplot.core$raw_plot_BANG_.invoke(core.clj:91)
	... 15 common frames omitted
Caused by: java.io.IOException: error=2, No such file or directory
	at java.base/java.lang.ProcessImpl.forkAndExec(Native Method)
	at java.base/java.lang.ProcessImpl.<init>(ProcessImpl.java:314)
	at java.base/java.lang.ProcessImpl.start(ProcessImpl.java:244)
	at java.base/java.lang.ProcessBuilder.start(ProcessBuilder.java:1110)
	... 24 common frames omitted
2025-04-20 16:45:03,132{GMT}	INFO	[jepsen test runner] jepsen.core: Analysis complete
2025-04-20 16:45:03,158{GMT}	INFO	[jepsen results] jepsen.store: Wrote /home/divi/git/fly.io/store/echo/20250420T164450.164+0530/results.edn
2025-04-20 16:45:03,182{GMT}	INFO	[jepsen test runner] jepsen.core: {:perf {:latency-graph {:valid? :unknown,
                        :error {:via [{:type java.lang.IllegalStateException,
                                       :message "Error rendering plot, verify gnuplot is installed and reachable",
                                       :at [jepsen.checker.perf$plot_BANG_
                                            invokeStatic
                                            "perf.clj"
                                            494]}
                                      {:type java.io.IOException,
                                       :message "Cannot run program \"gnuplot\": error=2, No such file or directory",
                                       :at [java.lang.ProcessBuilder
                                            start
                                            "ProcessBuilder.java"
                                            1143]}
                                      {:type java.io.IOException,
                                       :message "error=2, No such file or directory",
                                       :at [java.lang.ProcessImpl
                                            forkAndExec
                                            "ProcessImpl.java"
                                            -2]}],
                                :trace [[java.lang.ProcessImpl
                                         forkAndExec
                                         "ProcessImpl.java"
                                         -2]
                                        [java.lang.ProcessImpl
                                         <init>
                                         "ProcessImpl.java"
                                         314]
                                        [java.lang.ProcessImpl
                                         start
                                         "ProcessImpl.java"
                                         244]
                                        [java.lang.ProcessBuilder
                                         start
                                         "ProcessBuilder.java"
                                         1110]
                                        [java.lang.ProcessBuilder
                                         start
                                         "ProcessBuilder.java"
                                         1073]
                                        [java.lang.Runtime
                                         exec
                                         "Runtime.java"
                                         594]
                                        [clojure.java.shell$sh
                                         invokeStatic
                                         "shell.clj"
                                         113]
                                        [clojure.java.shell$sh
                                         doInvoke
                                         "shell.clj"
                                         79]
                                        [clojure.lang.RestFn
                                         invoke
                                         "RestFn.java"
                                         515]
                                        [gnuplot.core$run_BANG_
                                         invokeStatic
                                         "core.clj"
                                         76]
                                        [gnuplot.core$run_BANG_
                                         invoke
                                         "core.clj"
                                         66]
                                        [gnuplot.core$raw_plot_BANG_
                                         invokeStatic
                                         "core.clj"
                                         106]
                                        [gnuplot.core$raw_plot_BANG_
                                         invoke
                                         "core.clj"
                                         91]
                                        [jepsen.checker.perf$plot_BANG_
                                         invokeStatic
                                         "perf.clj"
                                         494]
                                        [jepsen.checker.perf$plot_BANG_
                                         invoke
                                         "perf.clj"
                                         431]
                                        [jepsen.checker.perf$point_graph_BANG_
                                         invokeStatic
                                         "perf.clj"
                                         525]
                                        [jepsen.checker.perf$point_graph_BANG_
                                         invoke
                                         "perf.clj"
                                         498]
                                        [jepsen.checker$latency_graph$reify__11306
                                         check
                                         "checker.clj"
                                         832]
                                        [jepsen.checker$check_safe
                                         invokeStatic
                                         "checker.clj"
                                         88]
                                        [jepsen.checker$check_safe
                                         invoke
                                         "checker.clj"
                                         80]
                                        [jepsen.checker$compose$reify__11089$fn__11091
                                         invoke
                                         "checker.clj"
                                         104]
                                        [clojure.core$pmap$fn__8582$fn__8583
                                         invoke
                                         "core.clj"
                                         7169]
                                        [clojure.core$binding_conveyor_fn$fn__5842
                                         invoke
                                         "core.clj"
                                         2047]
                                        [clojure.lang.AFn
                                         call
                                         "AFn.java"
                                         18]
                                        [java.util.concurrent.FutureTask
                                         run
                                         "FutureTask.java"
                                         264]
                                        [java.util.concurrent.ThreadPoolExecutor
                                         runWorker
                                         "ThreadPoolExecutor.java"
                                         1136]
                                        [java.util.concurrent.ThreadPoolExecutor$Worker
                                         run
                                         "ThreadPoolExecutor.java"
                                         635]
                                        [java.lang.Thread
                                         run
                                         "Thread.java"
                                         840]],
                                :cause "error=2, No such file or directory"}},
        :rate-graph {:valid? :unknown,
                     :error {:via [{:type java.lang.IllegalStateException,
                                    :message "Error rendering plot, verify gnuplot is installed and reachable",
                                    :at [jepsen.checker.perf$plot_BANG_
                                         invokeStatic
                                         "perf.clj"
                                         494]}
                                   {:type java.io.IOException,
                                    :message "Cannot run program \"gnuplot\": error=2, No such file or directory",
                                    :at [java.lang.ProcessBuilder
                                         start
                                         "ProcessBuilder.java"
                                         1143]}
                                   {:type java.io.IOException,
                                    :message "error=2, No such file or directory",
                                    :at [java.lang.ProcessImpl
                                         forkAndExec
                                         "ProcessImpl.java"
                                         -2]}],
                             :trace [[java.lang.ProcessImpl
                                      forkAndExec
                                      "ProcessImpl.java"
                                      -2]
                                     [java.lang.ProcessImpl
                                      <init>
                                      "ProcessImpl.java"
                                      314]
                                     [java.lang.ProcessImpl
                                      start
                                      "ProcessImpl.java"
                                      244]
                                     [java.lang.ProcessBuilder
                                      start
                                      "ProcessBuilder.java"
                                      1110]
                                     [java.lang.ProcessBuilder
                                      start
                                      "ProcessBuilder.java"
                                      1073]
                                     [java.lang.Runtime
                                      exec
                                      "Runtime.java"
                                      594]
                                     [clojure.java.shell$sh
                                      invokeStatic
                                      "shell.clj"
                                      113]
                                     [clojure.java.shell$sh
                                      doInvoke
                                      "shell.clj"
                                      79]
                                     [clojure.lang.RestFn
                                      invoke
                                      "RestFn.java"
                                      515]
                                     [gnuplot.core$run_BANG_
                                      invokeStatic
                                      "core.clj"
                                      76]
                                     [gnuplot.core$run_BANG_
                                      invoke
                                      "core.clj"
                                      66]
                                     [gnuplot.core$raw_plot_BANG_
                                      invokeStatic
                                      "core.clj"
                                      106]
                                     [gnuplot.core$raw_plot_BANG_
                                      invoke
                                      "core.clj"
                                      91]
                                     [jepsen.checker.perf$plot_BANG_
                                      invokeStatic
                                      "perf.clj"
                                      494]
                                     [jepsen.checker.perf$plot_BANG_
                                      invoke
                                      "perf.clj"
                                      431]
                                     [jepsen.checker.perf$rate_graph_BANG_
                                      invokeStatic
                                      "perf.clj"
                                      628]
                                     [jepsen.checker.perf$rate_graph_BANG_
                                      invoke
                                      "perf.clj"
                                      573]
                                     [jepsen.checker$rate_graph$reify__11309
                                      check
                                      "checker.clj"
                                      845]
                                     [jepsen.checker$check_safe
                                      invokeStatic
                                      "checker.clj"
                                      88]
                                     [jepsen.checker$check_safe
                                      invoke
                                      "checker.clj"
                                      80]
                                     [jepsen.checker$compose$reify__11089$fn__11091
                                      invoke
                                      "checker.clj"
                                      104]
                                     [clojure.core$pmap$fn__8582$fn__8583
                                      invoke
                                      "core.clj"
                                      7169]
                                     [clojure.core$binding_conveyor_fn$fn__5842
                                      invoke
                                      "core.clj"
                                      2047]
                                     [clojure.lang.AFn
                                      call
                                      "AFn.java"
                                      18]
                                     [java.util.concurrent.FutureTask
                                      run
                                      "FutureTask.java"
                                      264]
                                     [java.util.concurrent.ThreadPoolExecutor
                                      runWorker
                                      "ThreadPoolExecutor.java"
                                      1136]
                                     [java.util.concurrent.ThreadPoolExecutor$Worker
                                      run
                                      "ThreadPoolExecutor.java"
                                      635]
                                     [java.lang.Thread
                                      run
                                      "Thread.java"
                                      840]],
                             :cause "error=2, No such file or directory"}},
        :valid? :unknown},
 :timeline {:valid? true},
 :exceptions {:valid? true},
 :stats {:valid? true,
         :count 54,
         :ok-count 54,
         :fail-count 0,
         :info-count 0,
         :by-f {:echo {:valid? true,
                       :count 54,
                       :ok-count 54,
                       :fail-count 0,
                       :info-count 0}}},
 :availability {:valid? true, :ok-fraction 1.0},
 :net {:all {:send-count 118,
             :recv-count 118,
             :msg-count 118,
             :msgs-per-op 2.1851852},
       :clients {:send-count 118, :recv-count 118, :msg-count 118},
       :servers {:send-count 0,
                 :recv-count 0,
                 :msg-count 0,
                 :msgs-per-op 0.0},
       :valid? true},
 :workload {:valid? true, :errors ()},
 :valid? :unknown}


Errors occurred during analysis, but no anomalies found. ಠ~ಠ
