2025-04-21 10:04:38,794{GMT}	INFO	[jepsen test runner] jepsen.core: Test version 6fa3a09e65632bfed86e2d92449604cb4c985c06 (plus uncommitted changes)
2025-04-21 10:04:38,795{GMT}	INFO	[jepsen test runner] jepsen.core: Command line:
lein run test -w broadcast --bin fly-io --node-count 5 --time-limit 1 --rate 1 --nemesis partition --log-stderr true
2025-04-21 10:04:38,909{GMT}	INFO	[jepsen test runner] jepsen.core: Running test:
{:args ["true"]
 :remote
 #jepsen.control.retry.Remote{:remote #jepsen.control.scp.Remote{:cmd-remote #jepsen.control.sshj.SSHJRemote{:concurrency-limit 6,
                                                                                                             :conn-spec nil,
                                                                                                             :client nil,
                                                                                                             :semaphore nil},
                                                                 :conn-spec nil},
                              :conn nil}
 :log-net-send false
 :node-count 5
 :availability nil
 :max-txn-length 4
 :concurrency 5
 :db
 #object[maelstrom.db$db$reify__16612
         "0x4b954cbb"
         "maelstrom.db$db$reify__16612@4b954cbb"]
 :max-writes-per-key 16
 :leave-db-running? false
 :name "broadcast"
 :logging-json? false
 :start-time
 #object[org.joda.time.DateTime "0xbec2d81" "2025-04-21T10:04:38.757+05:30"]
 :nemesis-interval 10
 :net
 #object[maelstrom.net$jepsen_net$reify__15721
         "0x5f04449a"
         "maelstrom.net$jepsen_net$reify__15721@5f04449a"]
 :client
 #object[maelstrom.workload.broadcast$client$reify__17142
         "0x5634c26c"
         "maelstrom.workload.broadcast$client$reify__17142@5634c26c"]
 :barrier
 #object[java.util.concurrent.CyclicBarrier
         "0x37a5ac85"
         "java.util.concurrent.CyclicBarrier@37a5ac85"]
 :log-stderr true
 :pure-generators true
 :ssh {:dummy? true}
 :rate 1.0
 :checker
 #object[jepsen.checker$compose$reify__11089
         "0x5d4f0fd5"
         "jepsen.checker$compose$reify__11089@5d4f0fd5"]
 :argv
 ("test"
  "-w"
  "broadcast"
  "--bin"
  "fly-io"
  "--node-count"
  "5"
  "--time-limit"
  "1"
  "--rate"
  "1"
  "--nemesis"
  "partition"
  "--log-stderr"
  "true")
 :nemesis
 (jepsen.nemesis.ReflCompose
  {:fm {:start-partition 0,
        :stop-partition 0,
        :kill 1,
        :start 1,
        :pause 1,
        :resume 1},
   :nemeses [#unprintable "jepsen.nemesis.combined$partition_nemesis$reify__16905@2092b072"
             #unprintable "jepsen.nemesis.combined$db_nemesis$reify__16886@504521ae"]})
 :nodes ["n0" "n1" "n2" "n3" "n4"]
 :test-count 1
 :latency {:mean 0, :dist :constant}
 :bin "fly-io"
 :generator
 #object[jepsen.util.Forgettable
         "0x53a65166"
         ((jepsen.generator.Synchronize
           {:gen (jepsen.generator.TimeLimit
                  {:limit 1000000000,
                   :cutoff nil,
                   :gen (jepsen.generator.Any
                         {:gens [(jepsen.generator.OnThreads
                                  {:f #{:nemesis},
                                   :context-filter #object[jepsen.generator.context$make_thread_filter$lazy_filter__12077
                                                           "0x3d45ea17"
                                                           "jepsen.generator.context$make_thread_filter$lazy_filter__12077@3d45ea17"],
                                   :gen (jepsen.generator.Stagger
                                         {:dt 20000000000,
                                          :next-time nil,
                                          :gen (jepsen.generator.FlipFlop
                                                {:gens [#object[jepsen.nemesis.combined$partition_package$start__16909
                                                                "0x685efb22"
                                                                "jepsen.nemesis.combined$partition_package$start__16909@685efb22"]
                                                        (jepsen.generator.Repeat
                                                         {:remaining -1,
                                                          :gen {:type :info,
                                                                :f :stop-partition,
                                                                :value nil}})],
                                                 :i 0})})})
                                 (jepsen.generator.OnThreads
                                  {:f #jepsen.generator.context.AllBut{:element :nemesis},
                                   :context-filter #object[jepsen.generator.context$make_thread_filter$lazy_filter__12077
                                                           "0x24a696c0"
                                                           "jepsen.generator.context$make_thread_filter$lazy_filter__12077@24a696c0"],
                                   :gen (jepsen.generator.Stagger
                                         {:dt 2000000000,
                                          :next-time nil,
                                          :gen (jepsen.generator.Mix
                                                {:i 0,
                                                 :gens [({:f :broadcast,
                                                          :value 0}
                                                         {:f :broadcast,
                                                          :value 1}
                                                         {:f :broadcast,
                                                          :value 2}
                                                         {:f :broadcast,
                                                          :value 3}
                                                         {:f :broadcast,
                                                          :value 4}
                                                         {:f :broadcast,
                                                          :value 5}
                                                         {:f :broadcast,
                                                          :value 6}
                                                         {:f :broadcast,
                                                          :value 7}
                                                         ...)
                                                        ({:f :read}
                                                         {:f :read}
                                                         {:f :read}
                                                         {:f :read}
                                                         {:f :read}
                                                         {:f :read}
                                                         {:f :read}
                                                         {:f :read}
                                                         ...)]})})})]})})})
          (jepsen.generator.Synchronize
           {:gen (jepsen.generator.OnThreads
                  {:f #{:nemesis},
                   :context-filter #object[jepsen.generator.context$make_thread_filter$lazy_filter__12077
                                           "0x6a7c1725"
                                           "jepsen.generator.context$make_thread_filter$lazy_filter__12077@6a7c1725"],
                   :gen ({:type :info, :f :stop-partition, :value nil})})})
          (jepsen.generator.Synchronize
           {:gen {:type :log, :value "Waiting for recovery..."}})
          (jepsen.generator.Synchronize {:gen {:type :sleep, :value 10}})
          (jepsen.generator.Synchronize
           {:gen (jepsen.generator.OnThreads
                  {:f #jepsen.generator.context.AllBut{:element :nemesis},
                   :context-filter #object[jepsen.generator.context$make_thread_filter$lazy_filter__12077
                                           "0x756476a3"
                                           "jepsen.generator.context$make_thread_filter$lazy_filter__12077@756476a3"],
                   :gen (jepsen.generator.EachThread
                         {:fresh-gen {:f :read, :final? true},
                          :context-filters #object[clojure.core$promise$reify__8621
                                                   "0x65e4ee59"
                                                   {:status :pending, :val nil}],
                          :gens {}})})}))]
 :log-net-recv false
 :os
 #object[maelstrom.net$jepsen_os$reify__15724
         "0x4746d52d"
         "maelstrom.net$jepsen_os$reify__15724@4746d52d"]
 :time-limit 1
 :workload :broadcast
 :consistency-models [:strict-serializable]
 :topology :grid}

2025-04-21 10:04:40,502{GMT}	INFO	[jepsen node n0] maelstrom.net: Starting Maelstrom network
2025-04-21 10:04:40,504{GMT}	INFO	[jepsen test runner] jepsen.db: Tearing down DB
2025-04-21 10:04:40,508{GMT}	INFO	[jepsen test runner] jepsen.db: Setting up DB
2025-04-21 10:04:40,510{GMT}	INFO	[jepsen node n2] maelstrom.db: Setting up n2
2025-04-21 10:04:40,510{GMT}	INFO	[jepsen node n1] maelstrom.db: Setting up n1
2025-04-21 10:04:40,510{GMT}	INFO	[jepsen node n2] maelstrom.process: launching fly-io ["true"]
2025-04-21 10:04:40,510{GMT}	INFO	[jepsen node n4] maelstrom.db: Setting up n4
2025-04-21 10:04:40,510{GMT}	INFO	[jepsen node n3] maelstrom.db: Setting up n3
2025-04-21 10:04:40,511{GMT}	INFO	[jepsen node n1] maelstrom.process: launching fly-io ["true"]
2025-04-21 10:04:40,511{GMT}	INFO	[jepsen node n4] maelstrom.process: launching fly-io ["true"]
2025-04-21 10:04:40,511{GMT}	INFO	[jepsen node n3] maelstrom.process: launching fly-io ["true"]
2025-04-21 10:04:40,513{GMT}	INFO	[jepsen node n0] maelstrom.service: Starting services: (lin-kv lin-tso lww-kv seq-kv)
2025-04-21 10:04:40,517{GMT}	INFO	[jepsen node n0] maelstrom.db: Setting up n0
2025-04-21 10:04:40,518{GMT}	INFO	[jepsen node n0] maelstrom.process: launching fly-io ["true"]
2025-04-21 10:04:40,531{GMT}	INFO	[n2 stderr] maelstrom.process: 2025/04/21 10:04:40 Received {c1 n2 {"type":"init","node_id":"n2","node_ids":["n0","n1","n2","n3","n4"],"msg_id":1}}
2025-04-21 10:04:40,531{GMT}	INFO	[n3 stderr] maelstrom.process: 2025/04/21 10:04:40 Received {c0 n3 {"type":"init","node_id":"n3","node_ids":["n0","n1","n2","n3","n4"],"msg_id":1}}
2025-04-21 10:04:40,531{GMT}	INFO	[n0 stderr] maelstrom.process: 2025/04/21 10:04:40 Received {c4 n0 {"type":"init","node_id":"n0","node_ids":["n0","n1","n2","n3","n4"],"msg_id":1}}
2025-04-21 10:04:40,531{GMT}	INFO	[n1 stderr] maelstrom.process: 2025/04/21 10:04:40 Received {c3 n1 {"type":"init","node_id":"n1","node_ids":["n0","n1","n2","n3","n4"],"msg_id":1}}
2025-04-21 10:04:40,531{GMT}	INFO	[n4 stderr] maelstrom.process: 2025/04/21 10:04:40 Received {c2 n4 {"type":"init","node_id":"n4","node_ids":["n0","n1","n2","n3","n4"],"msg_id":1}}
2025-04-21 10:04:40,532{GMT}	INFO	[n3 stderr] maelstrom.process: 2025/04/21 10:04:40 Node n3 initialized
2025-04-21 10:04:40,532{GMT}	INFO	[n0 stderr] maelstrom.process: 2025/04/21 10:04:40 Node n0 initialized
2025-04-21 10:04:40,532{GMT}	INFO	[n1 stderr] maelstrom.process: 2025/04/21 10:04:40 Node n1 initialized
2025-04-21 10:04:40,532{GMT}	INFO	[n2 stderr] maelstrom.process: 2025/04/21 10:04:40 Node n2 initialized
2025-04-21 10:04:40,532{GMT}	INFO	[n4 stderr] maelstrom.process: 2025/04/21 10:04:40 Node n4 initialized
2025-04-21 10:04:40,532{GMT}	INFO	[n3 stderr] maelstrom.process: 2025/04/21 10:04:40 Sent {"src":"n3","dest":"c0","body":{"in_reply_to":1,"type":"init_ok"}}
2025-04-21 10:04:40,532{GMT}	INFO	[n0 stderr] maelstrom.process: 2025/04/21 10:04:40 Sent {"src":"n0","dest":"c4","body":{"in_reply_to":1,"type":"init_ok"}}
2025-04-21 10:04:40,532{GMT}	INFO	[n2 stderr] maelstrom.process: 2025/04/21 10:04:40 Sent {"src":"n2","dest":"c1","body":{"in_reply_to":1,"type":"init_ok"}}
2025-04-21 10:04:40,532{GMT}	INFO	[n4 stderr] maelstrom.process: 2025/04/21 10:04:40 Sent {"src":"n4","dest":"c2","body":{"in_reply_to":1,"type":"init_ok"}}
2025-04-21 10:04:40,532{GMT}	INFO	[n1 stderr] maelstrom.process: 2025/04/21 10:04:40 Sent {"src":"n1","dest":"c3","body":{"in_reply_to":1,"type":"init_ok"}}
2025-04-21 10:04:40,540{GMT}	INFO	[jepsen test runner] jepsen.core: Relative time begins now
2025-04-21 10:04:40,547{GMT}	INFO	[n1 stderr] maelstrom.process: 2025/04/21 10:04:40 Received {c6 n1 {"type":"topology","topology":{"n0":["n3","n1"],"n1":["n4","n2","n0"],"n2":["n1"],"n3":["n0","n4"],"n4":["n1","n3"]},"msg_id":1}}
2025-04-21 10:04:40,547{GMT}	INFO	[n2 stderr] maelstrom.process: 2025/04/21 10:04:40 Received {c7 n2 {"type":"topology","topology":{"n0":["n3","n1"],"n1":["n4","n2","n0"],"n2":["n1"],"n3":["n0","n4"],"n4":["n1","n3"]},"msg_id":1}}
2025-04-21 10:04:40,547{GMT}	INFO	[n4 stderr] maelstrom.process: 2025/04/21 10:04:40 Received {c9 n4 {"type":"topology","topology":{"n0":["n3","n1"],"n1":["n4","n2","n0"],"n2":["n1"],"n3":["n0","n4"],"n4":["n1","n3"]},"msg_id":1}}
2025-04-21 10:04:40,547{GMT}	INFO	[n0 stderr] maelstrom.process: 2025/04/21 10:04:40 Received {c5 n0 {"type":"topology","topology":{"n0":["n3","n1"],"n1":["n4","n2","n0"],"n2":["n1"],"n3":["n0","n4"],"n4":["n1","n3"]},"msg_id":1}}
2025-04-21 10:04:40,547{GMT}	INFO	[n3 stderr] maelstrom.process: 2025/04/21 10:04:40 Received {c8 n3 {"type":"topology","topology":{"n0":["n3","n1"],"n1":["n4","n2","n0"],"n2":["n1"],"n3":["n0","n4"],"n4":["n1","n3"]},"msg_id":1}}
2025-04-21 10:04:40,547{GMT}	INFO	[n2 stderr] maelstrom.process: 2025/04/21 10:04:40 Sent {"src":"n2","dest":"c7","body":{"in_reply_to":1,"msg_id":1,"type":"topology_ok"}}
2025-04-21 10:04:40,547{GMT}	INFO	[n1 stderr] maelstrom.process: 2025/04/21 10:04:40 Sent {"src":"n1","dest":"c6","body":{"in_reply_to":1,"msg_id":1,"type":"topology_ok"}}
2025-04-21 10:04:40,548{GMT}	INFO	[n0 stderr] maelstrom.process: 2025/04/21 10:04:40 Sent {"src":"n0","dest":"c5","body":{"in_reply_to":1,"msg_id":1,"type":"topology_ok"}}
2025-04-21 10:04:40,548{GMT}	INFO	[n4 stderr] maelstrom.process: 2025/04/21 10:04:40 Sent {"src":"n4","dest":"c9","body":{"in_reply_to":1,"msg_id":1,"type":"topology_ok"}}
2025-04-21 10:04:40,548{GMT}	INFO	[n3 stderr] maelstrom.process: 2025/04/21 10:04:40 Sent {"src":"n3","dest":"c8","body":{"in_reply_to":1,"msg_id":1,"type":"topology_ok"}}
2025-04-21 10:04:40,561{GMT}	INFO	[jepsen worker nemesis] jepsen.util: :nemesis	:info	:start-partition	:minority-third
2025-04-21 10:04:40,561{GMT}	INFO	[jepsen worker 1] jepsen.util: 1	:invoke	:broadcast	0
2025-04-21 10:04:40,564{GMT}	INFO	[n1 stderr] maelstrom.process: 2025/04/21 10:04:40 Received {c10 n1 {"type":"broadcast","message":0,"msg_id":1}}
2025-04-21 10:04:40,564{GMT}	INFO	[n1 stderr] maelstrom.process: 2025/04/21 10:04:40 Sent {"src":"n1","dest":"n4","body":{"data_id":"c10_1","message":0,"msg_id":1,"seen_nodes":["n1","n4"],"type":"gossip"}}
2025-04-21 10:04:40,564{GMT}	INFO	[n1 stderr] maelstrom.process: 2025/04/21 10:04:40 Sent {"src":"n1","dest":"n2","body":{"data_id":"c10_1","message":0,"msg_id":2,"seen_nodes":["n1","n4","n2"],"type":"gossip"}}
2025-04-21 10:04:40,564{GMT}	INFO	[n1 stderr] maelstrom.process: 2025/04/21 10:04:40 Sent {"src":"n1","dest":"n0","body":{"data_id":"c10_1","message":0,"msg_id":3,"seen_nodes":["n1","n4","n2","n0"],"type":"gossip"}}
2025-04-21 10:04:40,565{GMT}	INFO	[n1 stderr] maelstrom.process: 2025/04/21 10:04:40 Sent {"src":"n1","dest":"c10","body":{"in_reply_to":1,"msg_id":5,"type":"broadcast_ok"}}
2025-04-21 10:04:40,565{GMT}	INFO	[n4 stderr] maelstrom.process: 2025/04/21 10:04:40 Received {n1 n4 {"data_id":"c10_1","message":0,"msg_id":1,"seen_nodes":["n1","n4"],"type":"gossip"}}
2025-04-21 10:04:40,565{GMT}	INFO	[n2 stderr] maelstrom.process: 2025/04/21 10:04:40 Received {n1 n2 {"data_id":"c10_1","message":0,"msg_id":2,"seen_nodes":["n1","n4","n2"],"type":"gossip"}}
2025-04-21 10:04:40,566{GMT}	INFO	[n4 stderr] maelstrom.process: 2025/04/21 10:04:40 Sent {"src":"n4","dest":"n3","body":{"data_id":"c10_1","message":0,"msg_id":1,"seen_nodes":["n4","n1","n3"],"type":"gossip"}}
2025-04-21 10:04:40,566{GMT}	INFO	[n2 stderr] maelstrom.process: 2025/04/21 10:04:40 Sent {"src":"n2","dest":"n1","body":{"already_seen":false,"in_reply_to":2,"msg_id":2,"seen_nodes":["n2","n1","n4"],"type":"gossip_ok"}}
2025-04-21 10:04:40,566{GMT}	INFO	[n4 stderr] maelstrom.process: 2025/04/21 10:04:40 Sent {"src":"n4","dest":"n1","body":{"already_seen":false,"in_reply_to":1,"msg_id":3,"seen_nodes":["n4","n1","n3"],"type":"gossip_ok"}}
2025-04-21 10:04:40,566{GMT}	INFO	[jepsen worker 1] jepsen.util: 1	:ok	:broadcast	0
2025-04-21 10:04:40,566{GMT}	INFO	[n0 stderr] maelstrom.process: 2025/04/21 10:04:40 Received {n1 n0 {"data_id":"c10_1","message":0,"msg_id":3,"seen_nodes":["n1","n4","n2","n0"],"type":"gossip"}}
2025-04-21 10:04:40,567{GMT}	INFO	[n0 stderr] maelstrom.process: 2025/04/21 10:04:40 Sent {"src":"n0","dest":"n3","body":{"data_id":"c10_1","message":0,"msg_id":1,"seen_nodes":["n0","n1","n4","n2","n3"],"type":"gossip"}}
2025-04-21 10:04:40,567{GMT}	INFO	[n1 stderr] maelstrom.process: 2025/04/21 10:04:40 Received {n2 n1 {"already_seen":false,"in_reply_to":2,"msg_id":2,"seen_nodes":["n2","n1","n4"],"type":"gossip_ok"}}
2025-04-21 10:04:40,567{GMT}	INFO	[n0 stderr] maelstrom.process: 2025/04/21 10:04:40 Sent {"src":"n0","dest":"n1","body":{"already_seen":false,"in_reply_to":3,"msg_id":3,"seen_nodes":["n0","n1","n4","n2","n3"],"type":"gossip_ok"}}
2025-04-21 10:04:40,567{GMT}	INFO	[jepsen worker nemesis] jepsen.util: :nemesis	:info	:start-partition	[:isolated {"n3" #{"n2" "n1" "n4" "n0"}, "n2" #{"n3"}, "n1" #{"n3"}, "n4" #{"n3"}, "n0" #{"n3"}}]
2025-04-21 10:04:40,567{GMT}	INFO	[jepsen worker nemesis] jepsen.util: :nemesis	:info	:stop-partition	nil
2025-04-21 10:04:40,567{GMT}	INFO	[n1 stderr] maelstrom.process: 2025/04/21 10:04:40 Received {n4 n1 {"already_seen":false,"in_reply_to":1,"msg_id":3,"seen_nodes":["n4","n1","n3"],"type":"gossip_ok"}}
2025-04-21 10:04:40,568{GMT}	INFO	[jepsen worker nemesis] jepsen.util: :nemesis	:info	:stop-partition	:network-healed
2025-04-21 10:04:40,568{GMT}	INFO	[n1 stderr] maelstrom.process: 2025/04/21 10:04:40 Received {n0 n1 {"already_seen":false,"in_reply_to":3,"msg_id":3,"seen_nodes":["n0","n1","n4","n2","n3"],"type":"gossip_ok"}}
2025-04-21 10:04:40,568{GMT}	INFO	[jepsen worker 3] jepsen.generator.interpreter: Waiting for recovery...
2025-04-21 10:04:50,572{GMT}	INFO	[jepsen worker 3] jepsen.util: 3	:invoke	:read	nil
2025-04-21 10:04:50,572{GMT}	INFO	[jepsen worker 1] jepsen.util: 1	:invoke	:read	nil
2025-04-21 10:04:50,572{GMT}	INFO	[jepsen worker 0] jepsen.util: 0	:invoke	:read	nil
2025-04-21 10:04:50,573{GMT}	INFO	[jepsen worker 4] jepsen.util: 4	:invoke	:read	nil
2025-04-21 10:04:50,573{GMT}	INFO	[jepsen worker 2] jepsen.util: 2	:invoke	:read	nil
2025-04-21 10:04:50,573{GMT}	INFO	[n1 stderr] maelstrom.process: 2025/04/21 10:04:50 Received {c10 n1 {"type":"read","msg_id":2}}
2025-04-21 10:04:50,573{GMT}	INFO	[n1 stderr] maelstrom.process: 2025/04/21 10:04:50 Sent {"src":"n1","dest":"c10","body":{"in_reply_to":2,"messages":[0],"msg_id":6,"type":"read_ok"}}
2025-04-21 10:04:50,574{GMT}	INFO	[n0 stderr] maelstrom.process: 2025/04/21 10:04:50 Received {c12 n0 {"type":"read","msg_id":1}}
2025-04-21 10:04:50,574{GMT}	INFO	[n0 stderr] maelstrom.process: 2025/04/21 10:04:50 Sent {"src":"n0","dest":"c12","body":{"in_reply_to":1,"messages":[0],"msg_id":4,"type":"read_ok"}}
2025-04-21 10:04:50,574{GMT}	INFO	[jepsen worker 1] jepsen.util: 1	:ok	:read	[0]
2025-04-21 10:04:50,574{GMT}	INFO	[n3 stderr] maelstrom.process: 2025/04/21 10:04:50 Received {c11 n3 {"type":"read","msg_id":1}}
2025-04-21 10:04:50,575{GMT}	INFO	[jepsen worker 0] jepsen.util: 0	:ok	:read	[0]
2025-04-21 10:04:50,575{GMT}	INFO	[n4 stderr] maelstrom.process: 2025/04/21 10:04:50 Received {c13 n4 {"type":"read","msg_id":1}}
2025-04-21 10:04:50,575{GMT}	INFO	[n2 stderr] maelstrom.process: 2025/04/21 10:04:50 Received {c14 n2 {"type":"read","msg_id":1}}
2025-04-21 10:04:50,575{GMT}	INFO	[n3 stderr] maelstrom.process: 2025/04/21 10:04:50 Sent {"src":"n3","dest":"c11","body":{"in_reply_to":1,"messages":[],"msg_id":2,"type":"read_ok"}}
2025-04-21 10:04:50,575{GMT}	INFO	[n2 stderr] maelstrom.process: 2025/04/21 10:04:50 Sent {"src":"n2","dest":"c14","body":{"in_reply_to":1,"messages":[0],"msg_id":3,"type":"read_ok"}}
2025-04-21 10:04:50,575{GMT}	INFO	[n4 stderr] maelstrom.process: 2025/04/21 10:04:50 Sent {"src":"n4","dest":"c13","body":{"in_reply_to":1,"messages":[0],"msg_id":4,"type":"read_ok"}}
2025-04-21 10:04:50,575{GMT}	INFO	[jepsen worker 3] jepsen.util: 3	:ok	:read	[]
2025-04-21 10:04:50,576{GMT}	INFO	[jepsen worker 4] jepsen.util: 4	:ok	:read	[0]
2025-04-21 10:04:50,576{GMT}	INFO	[jepsen worker 2] jepsen.util: 2	:ok	:read	[0]
2025-04-21 10:04:50,597{GMT}	INFO	[jepsen test runner] jepsen.core: Run complete, writing
2025-04-21 10:04:50,643{GMT}	INFO	[jepsen node n0] maelstrom.db: Tearing down n0
2025-04-21 10:04:50,643{GMT}	INFO	[jepsen node n1] maelstrom.db: Tearing down n1
2025-04-21 10:04:50,643{GMT}	INFO	[jepsen node n2] maelstrom.db: Tearing down n2
2025-04-21 10:04:50,644{GMT}	INFO	[jepsen node n3] maelstrom.db: Tearing down n3
2025-04-21 10:04:50,644{GMT}	INFO	[jepsen node n4] maelstrom.db: Tearing down n4
2025-04-21 10:04:52,523{GMT}	INFO	[jepsen node n0] maelstrom.net: Shutting down Maelstrom network
2025-04-21 10:04:52,524{GMT}	INFO	[jepsen test runner] jepsen.core: Analyzing...
2025-04-21 10:04:52,673{GMT}	INFO	[jepsen test runner] jepsen.core: Analysis complete
2025-04-21 10:04:52,694{GMT}	INFO	[jepsen results] jepsen.store: Wrote /home/divi/git/fly.io/store/broadcast/20250421T100438.757+0530/results.edn
2025-04-21 10:04:52,705{GMT}	INFO	[jepsen test runner] jepsen.core: {:perf {:latency-graph {:valid? true},
        :rate-graph {:valid? true},
        :valid? true},
 :timeline {:valid? true},
 :exceptions {:valid? true},
 :stats {:valid? true,
         :count 6,
         :ok-count 6,
         :fail-count 0,
         :info-count 0,
         :by-f {:broadcast {:valid? true,
                            :count 1,
                            :ok-count 1,
                            :fail-count 0,
                            :info-count 0},
                :read {:valid? true,
                       :count 5,
                       :ok-count 5,
                       :fail-count 0,
                       :info-count 0}}},
 :availability {:valid? true, :ok-fraction 1.0},
 :net {:all {:send-count 40,
             :recv-count 38,
             :msg-count 40,
             :msgs-per-op 6.6666665},
       :clients {:send-count 32, :recv-count 32, :msg-count 32},
       :servers {:send-count 8,
                 :recv-count 6,
                 :msg-count 8,
                 :msgs-per-op 1.3333334},
       :valid? true},
 :workload {:worst-stale ({:element 0,
                           :outcome :stable,
                           :stable-latency 10002,
                           :lost-latency nil,
                           :known #jepsen.history.Op{:index 3,
                                                     :time 26930917,
                                                     :type :ok,
                                                     :process 1,
                                                     :f :add,
                                                     :value 0},
                           :last-absent #jepsen.history.Op{:index 6,
                                                           :time 10029210864,
                                                           :type :invoke,
                                                           :process 3,
                                                           :f :read,
                                                           :value nil,
                                                           :final? true}}),
            :duplicated-count 0,
            :valid? true,
            :lost-count 0,
            :lost (),
            :stable-count 1,
            :stale-count 1,
            :stale (0),
            :never-read-count 0,
            :stable-latencies {0 10002,
                               0.5 10002,
                               0.95 10002,
                               0.99 10002,
                               1 10002},
            :attempt-count 1,
            :never-read (),
            :duplicated {}},
 :valid? true}


Everything looks good! ヽ(‘ー`)ノ
