2025/04/21 10:11:17 Received {c4 n0 {"type":"init","node_id":"n0","node_ids":["n0","n1","n2","n3","n4"],"msg_id":1}}
2025/04/21 10:11:17 Node n0 initialized
2025/04/21 10:11:17 Sent {"src":"n0","dest":"c4","body":{"in_reply_to":1,"type":"init_ok"}}
2025/04/21 10:11:17 Received {c5 n0 {"type":"topology","topology":{"n0":["n3","n1"],"n1":["n4","n2","n0"],"n2":["n1"],"n3":["n0","n4"],"n4":["n1","n3"]},"msg_id":1}}
2025/04/21 10:11:17 Sent {"src":"n0","dest":"c5","body":{"in_reply_to":1,"msg_id":1,"type":"topology_ok"}}
2025/04/21 10:11:17 Received {c10 n0 {"type":"broadcast","message":0,"msg_id":1}}
2025/04/21 10:11:17 Sent {"src":"n0","dest":"n3","body":{"data_id":"c10_1","message":0,"msg_id":1,"seen_nodes":["n0","n3"],"type":"gossip"}}
2025/04/21 10:11:17 Sent {"src":"n0","dest":"n1","body":{"data_id":"c10_1","message":0,"msg_id":2,"seen_nodes":["n0","n3","n1"],"type":"gossip"}}
2025/04/21 10:11:17 Sent {"src":"n0","dest":"c10","body":{"in_reply_to":1,"msg_id":4,"type":"broadcast_ok"}}
2025/04/21 10:11:17 Received {c10 n0 {"type":"broadcast","message":4,"msg_id":2}}
2025/04/21 10:11:17 Sent {"src":"n0","dest":"n3","body":{"data_id":"c10_2","message":4,"msg_id":3,"seen_nodes":["n0","n3"],"type":"gossip"}}
2025/04/21 10:11:17 Sent {"src":"n0","dest":"n1","body":{"data_id":"c10_2","message":4,"msg_id":4,"seen_nodes":["n0","n3","n1"],"type":"gossip"}}
2025/04/21 10:11:17 Sent {"src":"n0","dest":"c10","body":{"in_reply_to":2,"msg_id":7,"type":"broadcast_ok"}}
2025/04/21 10:11:17 Received {c10 n0 {"type":"read","msg_id":3}}
2025/04/21 10:11:17 Sent {"src":"n0","dest":"c10","body":{"in_reply_to":3,"messages":[0,4],"msg_id":8,"type":"read_ok"}}
2025/04/21 10:11:19 Received {n3 n0 {"already_seen":false,"in_reply_to":1,"msg_id":3,"seen_nodes":["n3","n0","n4"],"type":"gossip_ok"}}
2025/04/21 10:11:19 Received {c10 n0 {"type":"broadcast","message":9,"msg_id":4}}
2025/04/21 10:11:19 Sent {"src":"n0","dest":"n3","body":{"data_id":"c10_4","message":9,"msg_id":5,"seen_nodes":["n0","n3"],"type":"gossip"}}
2025/04/21 10:11:19 Sent {"src":"n0","dest":"n1","body":{"data_id":"c10_4","message":9,"msg_id":6,"seen_nodes":["n0","n3","n1"],"type":"gossip"}}
2025/04/21 10:11:19 Sent {"src":"n0","dest":"c10","body":{"in_reply_to":4,"msg_id":11,"type":"broadcast_ok"}}
2025/04/21 10:11:19 Received {n3 n0 {"data_id":"c13_1","message":2,"msg_id":2,"seen_nodes":["n3","n0"],"type":"gossip"}}
2025/04/21 10:11:19 Sent {"src":"n0","dest":"n1","body":{"data_id":"c13_1","message":2,"msg_id":7,"seen_nodes":["n0","n3","n1"],"type":"gossip"}}
2025/04/21 10:11:19 Sent {"src":"n0","dest":"n3","body":{"already_seen":false,"in_reply_to":2,"msg_id":13,"seen_nodes":["n0","n3","n1"],"type":"gossip_ok"}}
2025/04/21 10:11:19 Received {n1 n0 {"already_seen":false,"in_reply_to":2,"msg_id":4,"seen_nodes":["n1","n0","n3","n4","n2"],"type":"gossip_ok"}}
2025/04/21 10:11:19 Received {n1 n0 {"data_id":"c12_1","message":1,"msg_id":4,"seen_nodes":["n1","n2","n4","n0"],"type":"gossip"}}
2025/04/21 10:11:19 Sent {"src":"n0","dest":"n3","body":{"data_id":"c12_1","message":1,"msg_id":8,"seen_nodes":["n0","n1","n2","n4","n3"],"type":"gossip"}}
2025/04/21 10:11:19 Sent {"src":"n0","dest":"n1","body":{"already_seen":false,"in_reply_to":4,"msg_id":15,"seen_nodes":["n0","n1","n2","n4","n3"],"type":"gossip_ok"}}
2025/04/21 10:11:19 Received {n1 n0 {"data_id":"c14_1","message":3,"msg_id":6,"seen_nodes":["n1","n4","n2","n0"],"type":"gossip"}}
2025/04/21 10:11:19 Received {c10 n0 {"type":"read","msg_id":5}}
2025/04/21 10:11:19 Sent {"src":"n0","dest":"n3","body":{"data_id":"c14_1","message":3,"msg_id":9,"seen_nodes":["n0","n1","n4","n2","n3"],"type":"gossip"}}
2025/04/21 10:11:19 Sent {"src":"n0","dest":"n1","body":{"already_seen":false,"in_reply_to":6,"msg_id":17,"seen_nodes":["n0","n1","n4","n2","n3"],"type":"gossip_ok"}}
2025/04/21 10:11:19 Received {n3 n0 {"data_id":"c14_1","message":3,"msg_id":4,"seen_nodes":["n3","n4","n1","n0"],"type":"gossip"}}
2025/04/21 10:11:19 Sent {"src":"n0","dest":"n3","body":{"already_seen":true,"in_reply_to":4,"msg_id":19,"seen_nodes":["n0","n1","n4","n2","n3"],"type":"gossip_ok"}}
2025/04/21 10:11:19 Sent {"src":"n0","dest":"c10","body":{"in_reply_to":5,"messages":[4,9,2,1,3,0],"msg_id":18,"type":"read_ok"}}
2025/04/21 10:11:19 Received {n3 n0 {"data_id":"c13_2","message":11,"msg_id":5,"seen_nodes":["n3","n0"],"type":"gossip"}}
2025/04/21 10:11:19 Sent {"src":"n0","dest":"n1","body":{"data_id":"c13_2","message":11,"msg_id":10,"seen_nodes":["n0","n3","n1"],"type":"gossip"}}
2025/04/21 10:11:19 Sent {"src":"n0","dest":"n3","body":{"already_seen":false,"in_reply_to":5,"msg_id":21,"seen_nodes":["n0","n3","n1"],"type":"gossip_ok"}}
2025/04/21 10:11:19 Received {n3 n0 {"already_seen":false,"in_reply_to":3,"msg_id":13,"seen_nodes":["n3","n0","n4"],"type":"gossip_ok"}}
2025/04/21 10:11:19 Received {n3 n0 {"data_id":"c13_3","message":13,"msg_id":8,"seen_nodes":["n3","n0"],"type":"gossip"}}
2025/04/21 10:11:19 Sent {"src":"n0","dest":"n1","body":{"data_id":"c13_3","message":13,"msg_id":11,"seen_nodes":["n0","n3","n1"],"type":"gossip"}}
2025/04/21 10:11:19 Sent {"src":"n0","dest":"n3","body":{"already_seen":false,"in_reply_to":8,"msg_id":23,"seen_nodes":["n0","n3","n1"],"type":"gossip_ok"}}
2025/04/21 10:11:19 Received {n1 n0 {"already_seen":false,"in_reply_to":4,"msg_id":17,"seen_nodes":["n1","n0","n3","n4","n2"],"type":"gossip_ok"}}
2025/04/21 10:11:19 Received {n1 n0 {"data_id":"c11_4","message":12,"msg_id":11,"seen_nodes":["n1","n4","n2","n0"],"type":"gossip"}}
2025/04/21 10:11:19 Sent {"src":"n0","dest":"n3","body":{"data_id":"c11_4","message":12,"msg_id":12,"seen_nodes":["n0","n1","n4","n2","n3"],"type":"gossip"}}
2025/04/21 10:11:19 Sent {"src":"n0","dest":"n1","body":{"already_seen":false,"in_reply_to":11,"msg_id":25,"seen_nodes":["n0","n1","n4","n2","n3"],"type":"gossip_ok"}}
2025/04/21 10:11:20 Received {n1 n0 {"data_id":"c12_2","message":5,"msg_id":13,"seen_nodes":["n1","n2","n4","n0"],"type":"gossip"}}
2025/04/21 10:11:20 Sent {"src":"n0","dest":"n3","body":{"data_id":"c12_2","message":5,"msg_id":13,"seen_nodes":["n0","n1","n2","n4","n3"],"type":"gossip"}}
2025/04/21 10:11:20 Sent {"src":"n0","dest":"n1","body":{"already_seen":false,"in_reply_to":13,"msg_id":27,"seen_nodes":["n0","n1","n2","n4","n3"],"type":"gossip_ok"}}
2025/04/21 10:11:20 Received {n1 n0 {"data_id":"c12_3","message":6,"msg_id":15,"seen_nodes":["n1","n2","n4","n0"],"type":"gossip"}}
2025/04/21 10:11:20 Sent {"src":"n0","dest":"n3","body":{"data_id":"c12_3","message":6,"msg_id":14,"seen_nodes":["n0","n1","n2","n4","n3"],"type":"gossip"}}
2025/04/21 10:11:20 Sent {"src":"n0","dest":"n1","body":{"already_seen":false,"in_reply_to":15,"msg_id":29,"seen_nodes":["n0","n1","n2","n4","n3"],"type":"gossip_ok"}}
2025/04/21 10:11:20 Received {n1 n0 {"data_id":"c11_6","message":14,"msg_id":18,"seen_nodes":["n1","n4","n2","n0"],"type":"gossip"}}
2025/04/21 10:11:20 Sent {"src":"n0","dest":"n3","body":{"data_id":"c11_6","message":14,"msg_id":15,"seen_nodes":["n0","n1","n4","n2","n3"],"type":"gossip"}}
2025/04/21 10:11:20 Sent {"src":"n0","dest":"n1","body":{"already_seen":false,"in_reply_to":18,"msg_id":31,"seen_nodes":["n0","n1","n4","n2","n3"],"type":"gossip_ok"}}
2025/04/21 10:11:20 Received {n3 n0 {"data_id":"c14_2","message":7,"msg_id":10,"seen_nodes":["n3","n4","n1","n0"],"type":"gossip"}}
2025/04/21 10:11:20 Received {c10 n0 {"type":"read","msg_id":6}}
2025/04/21 10:11:20 Sent {"src":"n0","dest":"n3","body":{"already_seen":false,"in_reply_to":10,"msg_id":32,"seen_nodes":["n0","n3","n4","n1"],"type":"gossip_ok"}}
2025/04/21 10:11:20 Sent {"src":"n0","dest":"c10","body":{"in_reply_to":6,"messages":[3,13,12,5,0,9,2,1,6,7,4,11,14],"msg_id":33,"type":"read_ok"}}
2025/04/21 10:11:20 Received {n1 n0 {"data_id":"c14_2","message":7,"msg_id":23,"seen_nodes":["n1","n4","n2","n0"],"type":"gossip"}}
2025/04/21 10:11:20 Sent {"src":"n0","dest":"n1","body":{"already_seen":true,"in_reply_to":23,"msg_id":34,"seen_nodes":["n0","n3","n4","n1"],"type":"gossip_ok"}}
2025/04/21 10:11:20 Received {n1 n0 {"data_id":"c11_7","message":15,"msg_id":22,"seen_nodes":["n1","n4","n2","n0"],"type":"gossip"}}
2025/04/21 10:11:20 Sent {"src":"n0","dest":"n3","body":{"data_id":"c11_7","message":15,"msg_id":16,"seen_nodes":["n0","n1","n4","n2","n3"],"type":"gossip"}}
2025/04/21 10:11:20 Sent {"src":"n0","dest":"n1","body":{"already_seen":false,"in_reply_to":22,"msg_id":36,"seen_nodes":["n0","n1","n4","n2","n3"],"type":"gossip_ok"}}
2025/04/21 10:11:20 Received {n3 n0 {"data_id":"c13_5","message":16,"msg_id":11,"seen_nodes":["n3","n0"],"type":"gossip"}}
2025/04/21 10:11:20 Received {c10 n0 {"type":"broadcast","message":21,"msg_id":7}}
2025/04/21 10:11:20 Sent {"src":"n0","dest":"n1","body":{"data_id":"c13_5","message":16,"msg_id":17,"seen_nodes":["n0","n3","n1"],"type":"gossip"}}
2025/04/21 10:11:20 Sent {"src":"n0","dest":"n3","body":{"already_seen":false,"in_reply_to":11,"msg_id":38,"seen_nodes":["n0","n3","n1"],"type":"gossip_ok"}}
2025/04/21 10:11:20 Sent {"src":"n0","dest":"n3","body":{"data_id":"c10_7","message":21,"msg_id":18,"seen_nodes":["n0","n3"],"type":"gossip"}}
2025/04/21 10:11:20 Sent {"src":"n0","dest":"n1","body":{"data_id":"c10_7","message":21,"msg_id":19,"seen_nodes":["n0","n3","n1"],"type":"gossip"}}
2025/04/21 10:11:20 Sent {"src":"n0","dest":"c10","body":{"in_reply_to":7,"msg_id":41,"type":"broadcast_ok"}}
2025/04/21 10:11:21 Received {n3 n0 {"data_id":"c13_6","message":18,"msg_id":13,"seen_nodes":["n3","n0"],"type":"gossip"}}
2025/04/21 10:11:21 Received {c10 n0 {"type":"read","msg_id":8}}
2025/04/21 10:11:21 Sent {"src":"n0","dest":"n1","body":{"data_id":"c13_6","message":18,"msg_id":20,"seen_nodes":["n0","n3","n1"],"type":"gossip"}}
2025/04/21 10:11:21 Sent {"src":"n0","dest":"n3","body":{"already_seen":false,"in_reply_to":13,"msg_id":43,"seen_nodes":["n0","n3","n1"],"type":"gossip_ok"}}
2025/04/21 10:11:21 Sent {"src":"n0","dest":"c10","body":{"in_reply_to":8,"messages":[4,11,9,13,6,21,14,16,7,15,0,2,1,3,12,5,18],"msg_id":44,"type":"read_ok"}}
2025/04/21 10:11:21 Received {n1 n0 {"data_id":"c12_4","message":10,"msg_id":25,"seen_nodes":["n1","n2","n4","n0"],"type":"gossip"}}
2025/04/21 10:11:21 Sent {"src":"n0","dest":"n3","body":{"data_id":"c12_4","message":10,"msg_id":21,"seen_nodes":["n0","n1","n2","n4","n3"],"type":"gossip"}}
2025/04/21 10:11:21 Sent {"src":"n0","dest":"n1","body":{"already_seen":false,"in_reply_to":25,"msg_id":46,"seen_nodes":["n0","n1","n2","n4","n3"],"type":"gossip_ok"}}
2025/04/21 10:11:21 Received {n3 n0 {"already_seen":false,"in_reply_to":5,"msg_id":27,"seen_nodes":["n3","n0","n4"],"type":"gossip_ok"}}
2025/04/21 10:11:21 Received {n3 n0 {"data_id":"c14_3","message":8,"msg_id":16,"seen_nodes":["n3","n4","n1","n0"],"type":"gossip"}}
2025/04/21 10:11:21 Received {n1 n0 {"data_id":"c14_3","message":8,"msg_id":27,"seen_nodes":["n1","n4","n2","n0"],"type":"gossip"}}
2025/04/21 10:11:21 Sent {"src":"n0","dest":"n3","body":{"already_seen":false,"in_reply_to":16,"msg_id":47,"seen_nodes":["n0","n3","n4","n1"],"type":"gossip_ok"}}
2025/04/21 10:11:21 Sent {"src":"n0","dest":"n1","body":{"already_seen":true,"in_reply_to":27,"msg_id":48,"seen_nodes":["n0","n3","n4","n1"],"type":"gossip_ok"}}
2025/04/21 10:11:21 Received {n1 n0 {"already_seen":false,"in_reply_to":6,"msg_id":49,"seen_nodes":["n1","n0","n3","n4","n2"],"type":"gossip_ok"}}
2025/04/21 10:11:21 Received {n1 n0 {"already_seen":false,"in_reply_to":7,"msg_id":52,"seen_nodes":["n1","n0","n3","n4","n2"],"type":"gossip_ok"}}
2025/04/21 10:11:21 Received {n3 n0 {"data_id":"c12_1","message":1,"msg_id":17,"seen_nodes":["n3","n4","n1","n2","n0"],"type":"gossip"}}
2025/04/21 10:11:21 Received {c10 n0 {"type":"broadcast","message":29,"msg_id":9}}
2025/04/21 10:11:21 Sent {"src":"n0","dest":"n3","body":{"already_seen":true,"in_reply_to":17,"msg_id":49,"seen_nodes":["n0","n1","n2","n4","n3"],"type":"gossip_ok"}}
2025/04/21 10:11:21 Received {n3 n0 {"already_seen":true,"in_reply_to":8,"msg_id":32,"seen_nodes":["n3","n4","n1","n2","n0"],"type":"gossip_ok"}}
2025/04/21 10:11:21 Sent {"src":"n0","dest":"n3","body":{"data_id":"c10_9","message":29,"msg_id":22,"seen_nodes":["n0","n3"],"type":"gossip"}}
2025/04/21 10:11:21 Sent {"src":"n0","dest":"n1","body":{"data_id":"c10_9","message":29,"msg_id":23,"seen_nodes":["n0","n3","n1"],"type":"gossip"}}
2025/04/21 10:11:21 Sent {"src":"n0","dest":"c10","body":{"in_reply_to":9,"msg_id":52,"type":"broadcast_ok"}}
2025/04/21 10:11:21 Received {n3 n0 {"already_seen":true,"in_reply_to":9,"msg_id":33,"seen_nodes":["n3","n4","n1","n0"],"type":"gossip_ok"}}
2025/04/21 10:11:21 Received {n3 n0 {"data_id":"c13_7","message":23,"msg_id":18,"seen_nodes":["n3","n0"],"type":"gossip"}}
2025/04/21 10:11:21 Received {c10 n0 {"type":"read","msg_id":10}}
2025/04/21 10:11:21 Sent {"src":"n0","dest":"n1","body":{"data_id":"c13_7","message":23,"msg_id":24,"seen_nodes":["n0","n3","n1"],"type":"gossip"}}
2025/04/21 10:11:21 Sent {"src":"n0","dest":"n3","body":{"already_seen":false,"in_reply_to":18,"msg_id":54,"seen_nodes":["n0","n3","n1"],"type":"gossip_ok"}}
2025/04/21 10:11:21 Sent {"src":"n0","dest":"c10","body":{"in_reply_to":10,"messages":[7,15,0,2,1,3,12,5,18,10,4,11,8,9,13,6,21,23,14,16,29],"msg_id":55,"type":"read_ok"}}
2025/04/21 10:11:21 Received {n1 n0 {"already_seen":true,"in_reply_to":10,"msg_id":55,"seen_nodes":["n1","n4","n3","n0","n2"],"type":"gossip_ok"}}
2025/04/21 10:11:21 Received {n1 n0 {"data_id":"c11_9","message":24,"msg_id":35,"seen_nodes":["n1","n4","n2","n0"],"type":"gossip"}}
2025/04/21 10:11:21 Sent {"src":"n0","dest":"n3","body":{"data_id":"c11_9","message":24,"msg_id":25,"seen_nodes":["n0","n1","n4","n2","n3"],"type":"gossip"}}
2025/04/21 10:11:21 Sent {"src":"n0","dest":"n1","body":{"already_seen":false,"in_reply_to":35,"msg_id":57,"seen_nodes":["n0","n1","n4","n2","n3"],"type":"gossip_ok"}}
2025/04/21 10:11:21 Received {n3 n0 {"data_id":"c11_4","message":12,"msg_id":20,"seen_nodes":["n3","n4","n1","n0"],"type":"gossip"}}
2025/04/21 10:11:21 Received {n1 n0 {"already_seen":false,"in_reply_to":11,"msg_id":64,"seen_nodes":["n1","n0","n3","n4","n2"],"type":"gossip_ok"}}
2025/04/21 10:11:21 Sent {"src":"n0","dest":"n3","body":{"already_seen":true,"in_reply_to":20,"msg_id":58,"seen_nodes":["n0","n1","n4","n2","n3"],"type":"gossip_ok"}}
2025/04/21 10:11:21 Received {n3 n0 {"already_seen":true,"in_reply_to":12,"msg_id":39,"seen_nodes":["n3","n4","n1","n0"],"type":"gossip_ok"}}
2025/04/21 10:11:22 Received {n3 n0 {"data_id":"c12_2","message":5,"msg_id":21,"seen_nodes":["n3","n4","n1","n2","n0"],"type":"gossip"}}
2025/04/21 10:11:22 Received {n3 n0 {"data_id":"c13_8","message":26,"msg_id":22,"seen_nodes":["n3","n0"],"type":"gossip"}}
2025/04/21 10:11:22 Sent {"src":"n0","dest":"n3","body":{"already_seen":true,"in_reply_to":21,"msg_id":59,"seen_nodes":["n0","n1","n2","n4","n3"],"type":"gossip_ok"}}
2025/04/21 10:11:22 Sent {"src":"n0","dest":"n1","body":{"data_id":"c13_8","message":26,"msg_id":26,"seen_nodes":["n0","n3","n1"],"type":"gossip"}}
2025/04/21 10:11:22 Sent {"src":"n0","dest":"n3","body":{"already_seen":false,"in_reply_to":22,"msg_id":61,"seen_nodes":["n0","n3","n1"],"type":"gossip_ok"}}
2025/04/21 10:11:22 Received {n1 n0 {"data_id":"c11_10","message":25,"msg_id":40,"seen_nodes":["n1","n4","n2","n0"],"type":"gossip"}}
2025/04/21 10:11:22 Sent {"src":"n0","dest":"n3","body":{"data_id":"c11_10","message":25,"msg_id":27,"seen_nodes":["n0","n1","n4","n2","n3"],"type":"gossip"}}
2025/04/21 10:11:22 Received {n3 n0 {"already_seen":true,"in_reply_to":13,"msg_id":44,"seen_nodes":["n3","n4","n1","n2","n0"],"type":"gossip_ok"}}
2025/04/21 10:11:22 Sent {"src":"n0","dest":"n1","body":{"already_seen":false,"in_reply_to":40,"msg_id":63,"seen_nodes":["n0","n1","n4","n2","n3"],"type":"gossip_ok"}}
2025/04/21 10:11:22 Received {n1 n0 {"data_id":"c12_6","message":17,"msg_id":42,"seen_nodes":["n1","n2","n4","n0"],"type":"gossip"}}
2025/04/21 10:11:22 Sent {"src":"n0","dest":"n3","body":{"data_id":"c12_6","message":17,"msg_id":28,"seen_nodes":["n0","n1","n2","n4","n3"],"type":"gossip"}}
2025/04/21 10:11:22 Sent {"src":"n0","dest":"n1","body":{"already_seen":false,"in_reply_to":42,"msg_id":65,"seen_nodes":["n0","n1","n2","n4","n3"],"type":"gossip_ok"}}
2025/04/21 10:11:22 Received {n3 n0 {"data_id":"c12_3","message":6,"msg_id":24,"seen_nodes":["n3","n4","n1","n2","n0"],"type":"gossip"}}
2025/04/21 10:11:22 Sent {"src":"n0","dest":"n3","body":{"already_seen":true,"in_reply_to":24,"msg_id":66,"seen_nodes":["n0","n1","n2","n4","n3"],"type":"gossip_ok"}}
2025/04/21 10:11:22 Received {n3 n0 {"data_id":"c13_9","message":27,"msg_id":25,"seen_nodes":["n3","n0"],"type":"gossip"}}
2025/04/21 10:11:22 Received {n3 n0 {"already_seen":true,"in_reply_to":14,"msg_id":51,"seen_nodes":["n3","n4","n1","n2","n0"],"type":"gossip_ok"}}
2025/04/21 10:11:22 Received {n3 n0 {"data_id":"c11_6","message":14,"msg_id":27,"seen_nodes":["n3","n4","n1","n0"],"type":"gossip"}}
2025/04/21 10:11:22 Received {n3 n0 {"already_seen":true,"in_reply_to":15,"msg_id":54,"seen_nodes":["n3","n4","n1","n0"],"type":"gossip_ok"}}
2025/04/21 10:11:22 Sent {"src":"n0","dest":"n1","body":{"data_id":"c13_9","message":27,"msg_id":29,"seen_nodes":["n0","n3","n1"],"type":"gossip"}}
2025/04/21 10:11:22 Sent {"src":"n0","dest":"n3","body":{"already_seen":false,"in_reply_to":25,"msg_id":69,"seen_nodes":["n0","n3","n1"],"type":"gossip_ok"}}
2025/04/21 10:11:22 Sent {"src":"n0","dest":"n3","body":{"already_seen":true,"in_reply_to":27,"msg_id":68,"seen_nodes":["n0","n1","n4","n2","n3"],"type":"gossip_ok"}}
2025/04/21 10:11:22 Received {n3 n0 {"data_id":"c11_7","message":15,"msg_id":28,"seen_nodes":["n3","n4","n1","n0"],"type":"gossip"}}
2025/04/21 10:11:22 Sent {"src":"n0","dest":"n3","body":{"already_seen":true,"in_reply_to":28,"msg_id":70,"seen_nodes":["n0","n1","n4","n2","n3"],"type":"gossip_ok"}}
2025/04/21 10:11:22 Received {n1 n0 {"data_id":"c11_11","message":28,"msg_id":45,"seen_nodes":["n1","n4","n2","n0"],"type":"gossip"}}
2025/04/21 10:11:22 Received {n3 n0 {"already_seen":true,"in_reply_to":16,"msg_id":57,"seen_nodes":["n3","n4","n1","n0"],"type":"gossip_ok"}}
2025/04/21 10:11:22 Sent {"src":"n0","dest":"n3","body":{"data_id":"c11_11","message":28,"msg_id":30,"seen_nodes":["n0","n1","n4","n2","n3"],"type":"gossip"}}
2025/04/21 10:11:22 Sent {"src":"n0","dest":"n1","body":{"already_seen":false,"in_reply_to":45,"msg_id":72,"seen_nodes":["n0","n1","n4","n2","n3"],"type":"gossip_ok"}}
2025/04/21 10:11:22 Received {n3 n0 {"data_id":"c14_4","message":19,"msg_id":29,"seen_nodes":["n3","n4","n1","n0"],"type":"gossip"}}
2025/04/21 10:11:22 Sent {"src":"n0","dest":"n3","body":{"already_seen":false,"in_reply_to":29,"msg_id":73,"seen_nodes":["n0","n3","n4","n1"],"type":"gossip_ok"}}
2025/04/21 10:11:22 Received {n1 n0 {"data_id":"c12_7","message":20,"msg_id":47,"seen_nodes":["n1","n2","n4","n0"],"type":"gossip"}}
2025/04/21 10:11:22 Received {n1 n0 {"data_id":"c14_4","message":19,"msg_id":49,"seen_nodes":["n1","n4","n2","n0"],"type":"gossip"}}
2025/04/21 10:11:22 Sent {"src":"n0","dest":"n3","body":{"data_id":"c12_7","message":20,"msg_id":31,"seen_nodes":["n0","n1","n2","n4","n3"],"type":"gossip"}}
2025/04/21 10:11:22 Sent {"src":"n0","dest":"n1","body":{"already_seen":false,"in_reply_to":47,"msg_id":75,"seen_nodes":["n0","n1","n2","n4","n3"],"type":"gossip_ok"}}
2025/04/21 10:11:22 Sent {"src":"n0","dest":"n1","body":{"already_seen":true,"in_reply_to":49,"msg_id":76,"seen_nodes":["n0","n3","n4","n1"],"type":"gossip_ok"}}
2025/04/21 10:11:22 Received {n3 n0 {"already_seen":false,"in_reply_to":18,"msg_id":61,"seen_nodes":["n3","n0","n4"],"type":"gossip_ok"}}
2025/04/21 10:11:22 Received {n1 n0 {"already_seen":false,"in_reply_to":17,"msg_id":86,"seen_nodes":["n1","n0","n3","n4","n2"],"type":"gossip_ok"}}
2025/04/21 10:11:22 Received {n1 n0 {"already_seen":false,"in_reply_to":19,"msg_id":89,"seen_nodes":["n1","n0","n3","n4","n2"],"type":"gossip_ok"}}
2025/04/21 10:11:22 Received {c10 n0 {"type":"broadcast","message":32,"msg_id":11}}
2025/04/21 10:11:22 Sent {"src":"n0","dest":"n3","body":{"data_id":"c10_11","message":32,"msg_id":32,"seen_nodes":["n0","n3"],"type":"gossip"}}
2025/04/21 10:11:22 Sent {"src":"n0","dest":"n1","body":{"data_id":"c10_11","message":32,"msg_id":33,"seen_nodes":["n0","n3","n1"],"type":"gossip"}}
2025/04/21 10:11:22 Sent {"src":"n0","dest":"c10","body":{"in_reply_to":11,"msg_id":79,"type":"broadcast_ok"}}
2025/04/21 10:11:23 Received {n1 n0 {"already_seen":false,"in_reply_to":20,"msg_id":92,"seen_nodes":["n1","n0","n3","n4","n2"],"type":"gossip_ok"}}
2025/04/21 10:11:23 Received {c10 n0 {"type":"broadcast","message":33,"msg_id":12}}
2025/04/21 10:11:23 Sent {"src":"n0","dest":"n3","body":{"data_id":"c10_12","message":33,"msg_id":34,"seen_nodes":["n0","n3"],"type":"gossip"}}
2025/04/21 10:11:23 Received {n3 n0 {"data_id":"c12_4","message":10,"msg_id":31,"seen_nodes":["n3","n4","n1","n2","n0"],"type":"gossip"}}
2025/04/21 10:11:23 Sent {"src":"n0","dest":"n1","body":{"data_id":"c10_12","message":33,"msg_id":35,"seen_nodes":["n0","n3","n1"],"type":"gossip"}}
2025/04/21 10:11:23 Sent {"src":"n0","dest":"c10","body":{"in_reply_to":12,"msg_id":82,"type":"broadcast_ok"}}
2025/04/21 10:11:23 Received {n3 n0 {"already_seen":true,"in_reply_to":21,"msg_id":65,"seen_nodes":["n3","n4","n1","n2","n0"],"type":"gossip_ok"}}
2025/04/21 10:11:23 Received {n1 n0 {"data_id":"c11_12","message":30,"msg_id":58,"seen_nodes":["n1","n4","n2","n0"],"type":"gossip"}}
2025/04/21 10:11:23 Sent {"src":"n0","dest":"n3","body":{"data_id":"c11_12","message":30,"msg_id":36,"seen_nodes":["n0","n1","n4","n2","n3"],"type":"gossip"}}
2025/04/21 10:11:23 Sent {"src":"n0","dest":"n1","body":{"already_seen":false,"in_reply_to":58,"msg_id":84,"seen_nodes":["n0","n1","n4","n2","n3"],"type":"gossip_ok"}}
2025/04/21 10:11:23 Sent {"src":"n0","dest":"n3","body":{"already_seen":true,"in_reply_to":31,"msg_id":85,"seen_nodes":["n0","n1","n2","n4","n3"],"type":"gossip_ok"}}
2025/04/21 10:11:23 Received {n1 n0 {"data_id":"c12_8","message":22,"msg_id":60,"seen_nodes":["n1","n2","n4","n0"],"type":"gossip"}}
2025/04/21 10:11:23 Sent {"src":"n0","dest":"n3","body":{"data_id":"c12_8","message":22,"msg_id":37,"seen_nodes":["n0","n1","n2","n4","n3"],"type":"gossip"}}
2025/04/21 10:11:23 Sent {"src":"n0","dest":"n1","body":{"already_seen":false,"in_reply_to":60,"msg_id":87,"seen_nodes":["n0","n1","n2","n4","n3"],"type":"gossip_ok"}}
2025/04/21 10:11:23 Received {n3 n0 {"already_seen":false,"in_reply_to":22,"msg_id":67,"seen_nodes":["n3","n0","n4"],"type":"gossip_ok"}}
2025/04/21 10:11:23 Received {n1 n0 {"already_seen":false,"in_reply_to":23,"msg_id":104,"seen_nodes":["n1","n0","n3","n4","n2"],"type":"gossip_ok"}}
2025/04/21 10:11:23 Received {n1 n0 {"already_seen":false,"in_reply_to":24,"msg_id":108,"seen_nodes":["n1","n0","n3","n4","n2"],"type":"gossip_ok"}}
2025/04/21 10:11:23 Received {c10 n0 {"type":"broadcast","message":40,"msg_id":13}}
2025/04/21 10:11:23 Sent {"src":"n0","dest":"n3","body":{"data_id":"c10_13","message":40,"msg_id":38,"seen_nodes":["n0","n3"],"type":"gossip"}}
2025/04/21 10:11:23 Sent {"src":"n0","dest":"n1","body":{"data_id":"c10_13","message":40,"msg_id":39,"seen_nodes":["n0","n3","n1"],"type":"gossip"}}
2025/04/21 10:11:23 Sent {"src":"n0","dest":"c10","body":{"in_reply_to":13,"msg_id":90,"type":"broadcast_ok"}}
2025/04/21 10:11:23 Received {n3 n0 {"already_seen":false,"in_reply_to":25,"msg_id":68,"seen_nodes":["n3","n0","n1","n4","n2"],"type":"gossip_ok"}}
2025/04/21 10:11:24 Received {n3 n0 {"data_id":"c13_12","message":36,"msg_id":33,"seen_nodes":["n3","n0"],"type":"gossip"}}
2025/04/21 10:11:24 Received {n3 n0 {"data_id":"c11_10","message":25,"msg_id":35,"seen_nodes":["n3","n4","n1","n0"],"type":"gossip"}}
2025/04/21 10:11:24 Sent {"src":"n0","dest":"n1","body":{"data_id":"c13_12","message":36,"msg_id":40,"seen_nodes":["n0","n3","n1"],"type":"gossip"}}
2025/04/21 10:11:24 Received {n3 n0 {"data_id":"c12_6","message":17,"msg_id":36,"seen_nodes":["n3","n4","n1","n2","n0"],"type":"gossip"}}
2025/04/21 10:11:24 Sent {"src":"n0","dest":"n3","body":{"already_seen":false,"in_reply_to":33,"msg_id":93,"seen_nodes":["n0","n3","n1"],"type":"gossip_ok"}}
2025/04/21 10:11:24 Sent {"src":"n0","dest":"n3","body":{"already_seen":true,"in_reply_to":35,"msg_id":92,"seen_nodes":["n0","n1","n4","n2","n3"],"type":"gossip_ok"}}
2025/04/21 10:11:24 Sent {"src":"n0","dest":"n3","body":{"already_seen":true,"in_reply_to":36,"msg_id":94,"seen_nodes":["n0","n1","n2","n4","n3"],"type":"gossip_ok"}}
2025/04/21 10:11:24 Received {n1 n0 {"already_seen":false,"in_reply_to":26,"msg_id":113,"seen_nodes":["n1","n0","n3","n4","n2"],"type":"gossip_ok"}}
2025/04/21 10:11:24 Received {n3 n0 {"already_seen":true,"in_reply_to":27,"msg_id":78,"seen_nodes":["n3","n4","n1","n0"],"type":"gossip_ok"}}
2025/04/21 10:11:24 Received {n1 n0 {"data_id":"c11_14","message":35,"msg_id":69,"seen_nodes":["n1","n4","n2","n0"],"type":"gossip"}}
2025/04/21 10:11:24 Received {n3 n0 {"already_seen":true,"in_reply_to":28,"msg_id":79,"seen_nodes":["n3","n4","n1","n2","n0"],"type":"gossip_ok"}}
2025/04/21 10:11:24 Sent {"src":"n0","dest":"n3","body":{"data_id":"c11_14","message":35,"msg_id":41,"seen_nodes":["n0","n1","n4","n2","n3"],"type":"gossip"}}
2025/04/21 10:11:24 Sent {"src":"n0","dest":"n1","body":{"already_seen":false,"in_reply_to":69,"msg_id":96,"seen_nodes":["n0","n1","n4","n2","n3"],"type":"gossip_ok"}}
2025/04/21 10:11:24 Received {n3 n0 {"data_id":"c14_6","message":31,"msg_id":37,"seen_nodes":["n3","n4","n1","n0"],"type":"gossip"}}
2025/04/21 10:11:24 Sent {"src":"n0","dest":"n3","body":{"already_seen":false,"in_reply_to":37,"msg_id":97,"seen_nodes":["n0","n3","n4","n1"],"type":"gossip_ok"}}
2025/04/21 10:11:24 Received {n1 n0 {"already_seen":true,"in_reply_to":29,"msg_id":120,"seen_nodes":["n1","n4","n3","n0","n2"],"type":"gossip_ok"}}
2025/04/21 10:11:24 Received {n1 n0 {"data_id":"c14_6","message":31,"msg_id":72,"seen_nodes":["n1","n4","n2","n0"],"type":"gossip"}}
2025/04/21 10:11:24 Sent {"src":"n0","dest":"n1","body":{"already_seen":true,"in_reply_to":72,"msg_id":98,"seen_nodes":["n0","n3","n4","n1"],"type":"gossip_ok"}}
2025/04/21 10:11:24 Received {n3 n0 {"data_id":"c13_13","message":37,"msg_id":38,"seen_nodes":["n3","n0"],"type":"gossip"}}
2025/04/21 10:11:24 Sent {"src":"n0","dest":"n1","body":{"data_id":"c13_13","message":37,"msg_id":42,"seen_nodes":["n0","n3","n1"],"type":"gossip"}}
2025/04/21 10:11:24 Received {c10 n0 {"type":"read","msg_id":14}}
2025/04/21 10:11:24 Sent {"src":"n0","dest":"n3","body":{"already_seen":false,"in_reply_to":38,"msg_id":100,"seen_nodes":["n0","n3","n1"],"type":"gossip_ok"}}
2025/04/21 10:11:24 Sent {"src":"n0","dest":"c10","body":{"in_reply_to":14,"messages":[6,24,17,28,19,32,9,13,40,16,1,3,18,10,33,35,0,2,31,36,11,30,37,21,23,14,29,7,15,26,25,20,12,5,27,22,4,8],"msg_id":101,"type":"read_ok"}}
2025/04/21 10:11:24 Received {n3 n0 {"data_id":"c11_11","message":28,"msg_id":39,"seen_nodes":["n3","n4","n1","n0"],"type":"gossip"}}
2025/04/21 10:11:24 Received {n3 n0 {"already_seen":true,"in_reply_to":30,"msg_id":87,"seen_nodes":["n3","n4","n1","n0"],"type":"gossip_ok"}}
2025/04/21 10:11:24 Sent {"src":"n0","dest":"n3","body":{"already_seen":true,"in_reply_to":39,"msg_id":102,"seen_nodes":["n0","n1","n4","n2","n3"],"type":"gossip_ok"}}
2025/04/21 10:11:24 Received {n3 n0 {"data_id":"c12_7","message":20,"msg_id":41,"seen_nodes":["n3","n4","n1","n2","n0"],"type":"gossip"}}
2025/04/21 10:11:24 Received {n3 n0 {"already_seen":true,"in_reply_to":31,"msg_id":90,"seen_nodes":["n3","n4","n1","n2","n0"],"type":"gossip_ok"}}
2025/04/21 10:11:24 Sent {"src":"n0","dest":"n3","body":{"already_seen":true,"in_reply_to":41,"msg_id":103,"seen_nodes":["n0","n1","n2","n4","n3"],"type":"gossip_ok"}}
2025/04/21 10:11:24 Received {n3 n0 {"data_id":"c13_14","message":38,"msg_id":42,"seen_nodes":["n3","n0"],"type":"gossip"}}
2025/04/21 10:11:24 Sent {"src":"n0","dest":"n1","body":{"data_id":"c13_14","message":38,"msg_id":43,"seen_nodes":["n0","n3","n1"],"type":"gossip"}}
2025/04/21 10:11:24 Sent {"src":"n0","dest":"n3","body":{"already_seen":false,"in_reply_to":42,"msg_id":105,"seen_nodes":["n0","n3","n1"],"type":"gossip_ok"}}
2025/04/21 10:11:24 Received {n3 n0 {"already_seen":false,"in_reply_to":32,"msg_id":95,"seen_nodes":["n3","n0","n4"],"type":"gossip_ok"}}
2025/04/21 10:11:24 Received {n1 n0 {"already_seen":false,"in_reply_to":33,"msg_id":128,"seen_nodes":["n1","n0","n3","n4","n2"],"type":"gossip_ok"}}
2025/04/21 10:11:24 Received {n1 n0 {"data_id":"c11_16","message":39,"msg_id":77,"seen_nodes":["n1","n4","n2","n0"],"type":"gossip"}}
2025/04/21 10:11:24 Sent {"src":"n0","dest":"n3","body":{"data_id":"c11_16","message":39,"msg_id":44,"seen_nodes":["n0","n1","n4","n2","n3"],"type":"gossip"}}
2025/04/21 10:11:24 Sent {"src":"n0","dest":"n1","body":{"already_seen":false,"in_reply_to":77,"msg_id":107,"seen_nodes":["n0","n1","n4","n2","n3"],"type":"gossip_ok"}}
2025/04/21 10:11:25 Received {n3 n0 {"data_id":"c13_15","message":42,"msg_id":46,"seen_nodes":["n3","n0"],"type":"gossip"}}
2025/04/21 10:11:25 Received {c10 n0 {"type":"broadcast","message":47,"msg_id":15}}
2025/04/21 10:11:25 Received {n3 n0 {"already_seen":false,"in_reply_to":34,"msg_id":98,"seen_nodes":["n3","n0","n4"],"type":"gossip_ok"}}
2025/04/21 10:11:25 Received {n1 n0 {"data_id":"c11_17","message":41,"msg_id":81,"seen_nodes":["n1","n4","n2","n0"],"type":"gossip"}}
2025/04/21 10:11:25 Sent {"src":"n0","dest":"n1","body":{"data_id":"c13_15","message":42,"msg_id":45,"seen_nodes":["n0","n3","n1"],"type":"gossip"}}
2025/04/21 10:11:25 Sent {"src":"n0","dest":"n3","body":{"already_seen":false,"in_reply_to":46,"msg_id":110,"seen_nodes":["n0","n3","n1"],"type":"gossip_ok"}}
2025/04/21 10:11:25 Sent {"src":"n0","dest":"n3","body":{"data_id":"c10_15","message":47,"msg_id":46,"seen_nodes":["n0","n3"],"type":"gossip"}}
2025/04/21 10:11:25 Sent {"src":"n0","dest":"n3","body":{"data_id":"c11_17","message":41,"msg_id":47,"seen_nodes":["n0","n1","n4","n2","n3"],"type":"gossip"}}
2025/04/21 10:11:25 Received {n1 n0 {"already_seen":false,"in_reply_to":35,"msg_id":140,"seen_nodes":["n1","n0","n3","n4","n2"],"type":"gossip_ok"}}
2025/04/21 10:11:25 Sent {"src":"n0","dest":"n1","body":{"data_id":"c10_15","message":47,"msg_id":48,"seen_nodes":["n0","n3","n1"],"type":"gossip"}}
2025/04/21 10:11:25 Sent {"src":"n0","dest":"c10","body":{"in_reply_to":15,"msg_id":114,"type":"broadcast_ok"}}
2025/04/21 10:11:25 Sent {"src":"n0","dest":"n1","body":{"already_seen":false,"in_reply_to":81,"msg_id":113,"seen_nodes":["n0","n1","n4","n2","n3"],"type":"gossip_ok"}}
2025/04/21 10:11:25 Received {n1 n0 {"data_id":"c12_10","message":34,"msg_id":84,"seen_nodes":["n1","n2","n4","n0"],"type":"gossip"}}
2025/04/21 10:11:25 Received {n3 n0 {"already_seen":false,"in_reply_to":36,"msg_id":101,"seen_nodes":["n3","n0","n1","n4","n2"],"type":"gossip_ok"}}
2025/04/21 10:11:25 Sent {"src":"n0","dest":"n3","body":{"data_id":"c12_10","message":34,"msg_id":49,"seen_nodes":["n0","n1","n2","n4","n3"],"type":"gossip"}}
2025/04/21 10:11:25 Sent {"src":"n0","dest":"n1","body":{"already_seen":false,"in_reply_to":84,"msg_id":116,"seen_nodes":["n0","n1","n2","n4","n3"],"type":"gossip_ok"}}
2025/04/21 10:11:25 Received {n3 n0 {"data_id":"c12_8","message":22,"msg_id":48,"seen_nodes":["n3","n4","n1","n2","n0"],"type":"gossip"}}
2025/04/21 10:11:25 Sent {"src":"n0","dest":"n3","body":{"already_seen":true,"in_reply_to":48,"msg_id":117,"seen_nodes":["n0","n1","n2","n4","n3"],"type":"gossip_ok"}}
2025/04/21 10:11:25 Received {n3 n0 {"already_seen":true,"in_reply_to":37,"msg_id":104,"seen_nodes":["n3","n4","n1","n2","n0"],"type":"gossip_ok"}}
2025/04/21 10:11:25 Received {n3 n0 {"already_seen":false,"in_reply_to":38,"msg_id":107,"seen_nodes":["n3","n0","n4"],"type":"gossip_ok"}}
2025/04/21 10:11:25 Received {c10 n0 {"type":"broadcast","message":50,"msg_id":16}}
2025/04/21 10:11:25 Received {n1 n0 {"already_seen":false,"in_reply_to":39,"msg_id":146,"seen_nodes":["n1","n0","n3","n4","n2"],"type":"gossip_ok"}}
2025/04/21 10:11:25 Sent {"src":"n0","dest":"n3","body":{"data_id":"c10_16","message":50,"msg_id":50,"seen_nodes":["n0","n3"],"type":"gossip"}}
2025/04/21 10:11:25 Sent {"src":"n0","dest":"n1","body":{"data_id":"c10_16","message":50,"msg_id":51,"seen_nodes":["n0","n3","n1"],"type":"gossip"}}
2025/04/21 10:11:25 Sent {"src":"n0","dest":"c10","body":{"in_reply_to":16,"msg_id":120,"type":"broadcast_ok"}}
2025/04/21 10:11:26 Received {n1 n0 {"data_id":"c14_8","message":43,"msg_id":91,"seen_nodes":["n1","n4","n2","n0"],"type":"gossip"}}
2025/04/21 10:11:26 Received {c10 n0 {"type":"broadcast","message":51,"msg_id":17}}
2025/04/21 10:11:26 Received {n1 n0 {"already_seen":false,"in_reply_to":40,"msg_id":152,"seen_nodes":["n1","n0","n3","n4","n2"],"type":"gossip_ok"}}
2025/04/21 10:11:26 Received {n1 n0 {"data_id":"c11_18","message":48,"msg_id":93,"seen_nodes":["n1","n4","n2","n0"],"type":"gossip"}}
2025/04/21 10:11:26 Sent {"src":"n0","dest":"n3","body":{"data_id":"c14_8","message":43,"msg_id":52,"seen_nodes":["n0","n1","n4","n2","n3"],"type":"gossip"}}
2025/04/21 10:11:26 Sent {"src":"n0","dest":"n1","body":{"already_seen":false,"in_reply_to":91,"msg_id":123,"seen_nodes":["n0","n1","n4","n2","n3"],"type":"gossip_ok"}}
2025/04/21 10:11:26 Sent {"src":"n0","dest":"n3","body":{"data_id":"c10_17","message":51,"msg_id":53,"seen_nodes":["n0","n3"],"type":"gossip"}}
2025/04/21 10:11:26 Sent {"src":"n0","dest":"n1","body":{"data_id":"c10_17","message":51,"msg_id":54,"seen_nodes":["n0","n3","n1"],"type":"gossip"}}
2025/04/21 10:11:26 Sent {"src":"n0","dest":"c10","body":{"in_reply_to":17,"msg_id":126,"type":"broadcast_ok"}}
2025/04/21 10:11:26 Received {n3 n0 {"data_id":"c14_8","message":43,"msg_id":50,"seen_nodes":["n3","n4","n1","n0"],"type":"gossip"}}
2025/04/21 10:11:26 Sent {"src":"n0","dest":"n3","body":{"data_id":"c11_18","message":48,"msg_id":55,"seen_nodes":["n0","n1","n4","n2","n3"],"type":"gossip"}}
2025/04/21 10:11:26 Received {n3 n0 {"data_id":"c11_14","message":35,"msg_id":51,"seen_nodes":["n3","n4","n1","n0"],"type":"gossip"}}
2025/04/21 10:11:26 Sent {"src":"n0","dest":"n1","body":{"already_seen":false,"in_reply_to":93,"msg_id":127,"seen_nodes":["n0","n1","n4","n2","n3"],"type":"gossip_ok"}}
2025/04/21 10:11:26 Received {n3 n0 {"already_seen":true,"in_reply_to":41,"msg_id":113,"seen_nodes":["n3","n4","n1","n0"],"type":"gossip_ok"}}
2025/04/21 10:11:26 Sent {"src":"n0","dest":"n3","body":{"already_seen":true,"in_reply_to":50,"msg_id":128,"seen_nodes":["n0","n1","n4","n2","n3"],"type":"gossip_ok"}}
2025/04/21 10:11:26 Sent {"src":"n0","dest":"n3","body":{"already_seen":true,"in_reply_to":51,"msg_id":129,"seen_nodes":["n0","n1","n4","n2","n3"],"type":"gossip_ok"}}
2025/04/21 10:11:26 Received {n3 n0 {"data_id":"c13_17","message":49,"msg_id":52,"seen_nodes":["n3","n0"],"type":"gossip"}}
2025/04/21 10:11:26 Sent {"src":"n0","dest":"n1","body":{"data_id":"c13_17","message":49,"msg_id":56,"seen_nodes":["n0","n3","n1"],"type":"gossip"}}
2025/04/21 10:11:26 Received {n1 n0 {"already_seen":false,"in_reply_to":42,"msg_id":163,"seen_nodes":["n1","n0","n3","n4","n2"],"type":"gossip_ok"}}
2025/04/21 10:11:26 Sent {"src":"n0","dest":"n3","body":{"already_seen":false,"in_reply_to":52,"msg_id":131,"seen_nodes":["n0","n3","n1"],"type":"gossip_ok"}}
2025/04/21 10:11:26 Received {n1 n0 {"already_seen":false,"in_reply_to":43,"msg_id":167,"seen_nodes":["n1","n0","n3","n4","n2"],"type":"gossip_ok"}}
2025/04/21 10:11:26 Received {c10 n0 {"type":"read","msg_id":18}}
2025/04/21 10:11:26 Sent {"src":"n0","dest":"c10","body":{"in_reply_to":18,"messages":[47,41,51,11,30,36,21,23,37,14,29,15,26,25,20,38,12,5,7,42,50,22,39,4,8,27,24,17,28,19,32,9,13,6,40,48,49,16,34,3,18,10,33,35,0,2,1,31,43],"msg_id":132,"type":"read_ok"}}
2025/04/21 10:11:26 Received {n3 n0 {"already_seen":false,"in_reply_to":44,"msg_id":117,"seen_nodes":["n3","n0","n1","n4","n2"],"type":"gossip_ok"}}
2025/04/21 10:11:26 Received {n1 n0 {"data_id":"c12_14","message":44,"msg_id":99,"seen_nodes":["n1","n2","n4","n0"],"type":"gossip"}}
2025/04/21 10:11:26 Sent {"src":"n0","dest":"n3","body":{"data_id":"c12_14","message":44,"msg_id":57,"seen_nodes":["n0","n1","n2","n4","n3"],"type":"gossip"}}
2025/04/21 10:11:26 Sent {"src":"n0","dest":"n1","body":{"already_seen":false,"in_reply_to":99,"msg_id":134,"seen_nodes":["n0","n1","n2","n4","n3"],"type":"gossip_ok"}}
2025/04/21 10:11:27 Received {n3 n0 {"data_id":"c13_18","message":52,"msg_id":55,"seen_nodes":["n3","n0"],"type":"gossip"}}
2025/04/21 10:11:27 Received {c10 n0 {"type":"broadcast","message":57,"msg_id":19}}
2025/04/21 10:11:27 Received {n3 n0 {"data_id":"c11_17","message":41,"msg_id":54,"seen_nodes":["n3","n4","n1","n0"],"type":"gossip"}}
2025/04/21 10:11:27 Sent {"src":"n0","dest":"n1","body":{"data_id":"c13_18","message":52,"msg_id":58,"seen_nodes":["n0","n3","n1"],"type":"gossip"}}
2025/04/21 10:11:27 Sent {"src":"n0","dest":"n3","body":{"already_seen":false,"in_reply_to":55,"msg_id":137,"seen_nodes":["n0","n3","n1"],"type":"gossip_ok"}}
2025/04/21 10:11:27 Sent {"src":"n0","dest":"n3","body":{"data_id":"c10_19","message":57,"msg_id":59,"seen_nodes":["n0","n3"],"type":"gossip"}}
2025/04/21 10:11:27 Sent {"src":"n0","dest":"n1","body":{"data_id":"c10_19","message":57,"msg_id":60,"seen_nodes":["n0","n3","n1"],"type":"gossip"}}
2025/04/21 10:11:27 Sent {"src":"n0","dest":"c10","body":{"in_reply_to":19,"msg_id":139,"type":"broadcast_ok"}}
2025/04/21 10:11:27 Sent {"src":"n0","dest":"n3","body":{"already_seen":true,"in_reply_to":54,"msg_id":140,"seen_nodes":["n0","n1","n4","n2","n3"],"type":"gossip_ok"}}
2025/04/21 10:11:27 Received {n3 n0 {"already_seen":false,"in_reply_to":46,"msg_id":124,"seen_nodes":["n3","n0","n4"],"type":"gossip_ok"}}
2025/04/21 10:11:27 Received {n1 n0 {"already_seen":false,"in_reply_to":45,"msg_id":174,"seen_nodes":["n1","n0","n3","n4","n2"],"type":"gossip_ok"}}
2025/04/21 10:11:27 Received {n1 n0 {"data_id":"c14_9","message":46,"msg_id":103,"seen_nodes":["n1","n4","n2","n0"],"type":"gossip"}}
2025/04/21 10:11:27 Received {n3 n0 {"already_seen":true,"in_reply_to":47,"msg_id":125,"seen_nodes":["n3","n4","n1","n0"],"type":"gossip_ok"}}
2025/04/21 10:11:27 Received {n3 n0 {"data_id":"c14_9","message":46,"msg_id":58,"seen_nodes":["n3","n4","n1","n0"],"type":"gossip"}}
2025/04/21 10:11:27 Received {n1 n0 {"data_id":"c12_15","message":45,"msg_id":105,"seen_nodes":["n1","n2","n4","n0"],"type":"gossip"}}
2025/04/21 10:11:27 Received {n3 n0 {"data_id":"c12_10","message":34,"msg_id":59,"seen_nodes":["n3","n4","n1","n2","n0"],"type":"gossip"}}
2025/04/21 10:11:27 Received {n3 n0 {"already_seen":true,"in_reply_to":49,"msg_id":131,"seen_nodes":["n3","n4","n1","n2","n0"],"type":"gossip_ok"}}
2025/04/21 10:11:27 Sent {"src":"n0","dest":"n3","body":{"data_id":"c14_9","message":46,"msg_id":61,"seen_nodes":["n0","n1","n4","n2","n3"],"type":"gossip"}}
2025/04/21 10:11:27 Received {n1 n0 {"already_seen":false,"in_reply_to":48,"msg_id":184,"seen_nodes":["n1","n0","n3","n4","n2"],"type":"gossip_ok"}}
2025/04/21 10:11:27 Sent {"src":"n0","dest":"n3","body":{"already_seen":true,"in_reply_to":58,"msg_id":142,"seen_nodes":["n0","n1","n4","n2","n3"],"type":"gossip_ok"}}
2025/04/21 10:11:27 Sent {"src":"n0","dest":"n1","body":{"already_seen":false,"in_reply_to":103,"msg_id":144,"seen_nodes":["n0","n1","n4","n2","n3"],"type":"gossip_ok"}}
2025/04/21 10:11:27 Sent {"src":"n0","dest":"n3","body":{"data_id":"c12_15","message":45,"msg_id":62,"seen_nodes":["n0","n1","n2","n4","n3"],"type":"gossip"}}
2025/04/21 10:11:27 Sent {"src":"n0","dest":"n1","body":{"already_seen":false,"in_reply_to":105,"msg_id":145,"seen_nodes":["n0","n1","n2","n4","n3"],"type":"gossip_ok"}}
2025/04/21 10:11:27 Sent {"src":"n0","dest":"n3","body":{"already_seen":true,"in_reply_to":59,"msg_id":146,"seen_nodes":["n0","n1","n2","n4","n3"],"type":"gossip_ok"}}
2025/04/21 10:11:27 Received {n3 n0 {"already_seen":false,"in_reply_to":50,"msg_id":133,"seen_nodes":["n3","n0","n4"],"type":"gossip_ok"}}
2025/04/21 10:11:27 Received {n1 n0 {"data_id":"c11_22","message":54,"msg_id":110,"seen_nodes":["n1","n4","n2","n0"],"type":"gossip"}}
2025/04/21 10:11:27 Received {n1 n0 {"already_seen":false,"in_reply_to":51,"msg_id":193,"seen_nodes":["n1","n0","n3","n4","n2"],"type":"gossip_ok"}}
2025/04/21 10:11:27 Sent {"src":"n0","dest":"n3","body":{"data_id":"c11_22","message":54,"msg_id":63,"seen_nodes":["n0","n1","n4","n2","n3"],"type":"gossip"}}
2025/04/21 10:11:27 Sent {"src":"n0","dest":"n1","body":{"already_seen":false,"in_reply_to":110,"msg_id":148,"seen_nodes":["n0","n1","n4","n2","n3"],"type":"gossip_ok"}}
2025/04/21 10:11:28 Received {n1 n0 {"data_id":"c11_23","message":58,"msg_id":115,"seen_nodes":["n1","n4","n2","n0"],"type":"gossip"}}
2025/04/21 10:11:28 Received {c10 n0 {"type":"broadcast","message":62,"msg_id":20}}
2025/04/21 10:11:28 Received {n3 n0 {"data_id":"c14_11","message":53,"msg_id":61,"seen_nodes":["n3","n4","n1","n0"],"type":"gossip"}}
2025/04/21 10:11:28 Sent {"src":"n0","dest":"n3","body":{"data_id":"c11_23","message":58,"msg_id":64,"seen_nodes":["n0","n1","n4","n2","n3"],"type":"gossip"}}
2025/04/21 10:11:28 Received {n1 n0 {"data_id":"c14_11","message":53,"msg_id":117,"seen_nodes":["n1","n4","n2","n0"],"type":"gossip"}}
2025/04/21 10:11:28 Received {n3 n0 {"data_id":"c13_19","message":56,"msg_id":62,"seen_nodes":["n3","n0"],"type":"gossip"}}
2025/04/21 10:11:28 Received {n3 n0 {"data_id":"c11_18","message":48,"msg_id":63,"seen_nodes":["n3","n4","n1","n0"],"type":"gossip"}}
2025/04/21 10:11:28 Received {n3 n0 {"already_seen":true,"in_reply_to":52,"msg_id":141,"seen_nodes":["n3","n4","n1","n0"],"type":"gossip_ok"}}
2025/04/21 10:11:28 Sent {"src":"n0","dest":"n3","body":{"already_seen":true,"in_reply_to":63,"msg_id":154,"seen_nodes":["n0","n1","n4","n2","n3"],"type":"gossip_ok"}}
2025/04/21 10:11:28 Sent {"src":"n0","dest":"n3","body":{"data_id":"c10_20","message":62,"msg_id":65,"seen_nodes":["n0","n3"],"type":"gossip"}}
2025/04/21 10:11:28 Sent {"src":"n0","dest":"n1","body":{"already_seen":false,"in_reply_to":115,"msg_id":155,"seen_nodes":["n0","n1","n4","n2","n3"],"type":"gossip_ok"}}
2025/04/21 10:11:28 Sent {"src":"n0","dest":"n1","body":{"data_id":"c10_20","message":62,"msg_id":66,"seen_nodes":["n0","n3","n1"],"type":"gossip"}}
2025/04/21 10:11:28 Sent {"src":"n0","dest":"c10","body":{"in_reply_to":20,"msg_id":157,"type":"broadcast_ok"}}
2025/04/21 10:11:28 Sent {"src":"n0","dest":"n3","body":{"already_seen":false,"in_reply_to":61,"msg_id":151,"seen_nodes":["n0","n3","n4","n1"],"type":"gossip_ok"}}
2025/04/21 10:11:28 Sent {"src":"n0","dest":"n1","body":{"already_seen":true,"in_reply_to":117,"msg_id":152,"seen_nodes":["n0","n3","n4","n1"],"type":"gossip_ok"}}
2025/04/21 10:11:28 Received {n3 n0 {"already_seen":false,"in_reply_to":53,"msg_id":143,"seen_nodes":["n3","n0","n4"],"type":"gossip_ok"}}
2025/04/21 10:11:28 Received {n1 n0 {"already_seen":false,"in_reply_to":54,"msg_id":203,"seen_nodes":["n1","n0","n3","n4","n2"],"type":"gossip_ok"}}
2025/04/21 10:11:28 Received {n3 n0 {"already_seen":true,"in_reply_to":55,"msg_id":144,"seen_nodes":["n3","n4","n1","n0"],"type":"gossip_ok"}}
2025/04/21 10:11:28 Sent {"src":"n0","dest":"n1","body":{"data_id":"c13_19","message":56,"msg_id":67,"seen_nodes":["n0","n3","n1"],"type":"gossip"}}
2025/04/21 10:11:28 Sent {"src":"n0","dest":"n3","body":{"already_seen":false,"in_reply_to":62,"msg_id":158,"seen_nodes":["n0","n3","n1"],"type":"gossip_ok"}}
2025/04/21 10:11:28 Received {n1 n0 {"data_id":"c11_24","message":59,"msg_id":122,"seen_nodes":["n1","n4","n2","n0"],"type":"gossip"}}
2025/04/21 10:11:28 Sent {"src":"n0","dest":"n3","body":{"data_id":"c11_24","message":59,"msg_id":68,"seen_nodes":["n0","n1","n4","n2","n3"],"type":"gossip"}}
2025/04/21 10:11:28 Received {n1 n0 {"already_seen":true,"in_reply_to":56,"msg_id":209,"seen_nodes":["n1","n4","n3","n0","n2"],"type":"gossip_ok"}}
2025/04/21 10:11:28 Sent {"src":"n0","dest":"n1","body":{"already_seen":false,"in_reply_to":122,"msg_id":160,"seen_nodes":["n0","n1","n4","n2","n3"],"type":"gossip_ok"}}
2025/04/21 10:11:28 Received {n3 n0 {"data_id":"c12_14","message":44,"msg_id":66,"seen_nodes":["n3","n4","n1","n2","n0"],"type":"gossip"}}
2025/04/21 10:11:28 Received {n3 n0 {"already_seen":true,"in_reply_to":57,"msg_id":148,"seen_nodes":["n3","n4","n1","n2","n0"],"type":"gossip_ok"}}
2025/04/21 10:11:28 Sent {"src":"n0","dest":"n3","body":{"already_seen":true,"in_reply_to":66,"msg_id":161,"seen_nodes":["n0","n1","n2","n4","n3"],"type":"gossip_ok"}}
2025/04/21 10:11:29 Received {n3 n0 {"data_id":"c13_21","message":60,"msg_id":67,"seen_nodes":["n3","n0"],"type":"gossip"}}
2025/04/21 10:11:29 Received {c10 n0 {"type":"broadcast","message":67,"msg_id":21}}
2025/04/21 10:11:29 Sent {"src":"n0","dest":"n1","body":{"data_id":"c13_21","message":60,"msg_id":69,"seen_nodes":["n0","n3","n1"],"type":"gossip"}}
2025/04/21 10:11:29 Sent {"src":"n0","dest":"n3","body":{"already_seen":false,"in_reply_to":67,"msg_id":164,"seen_nodes":["n0","n3","n1"],"type":"gossip_ok"}}
2025/04/21 10:11:29 Sent {"src":"n0","dest":"n3","body":{"data_id":"c10_21","message":67,"msg_id":70,"seen_nodes":["n0","n3"],"type":"gossip"}}
2025/04/21 10:11:29 Sent {"src":"n0","dest":"n1","body":{"data_id":"c10_21","message":67,"msg_id":71,"seen_nodes":["n0","n3","n1"],"type":"gossip"}}
2025/04/21 10:11:29 Sent {"src":"n0","dest":"c10","body":{"in_reply_to":21,"msg_id":166,"type":"broadcast_ok"}}
2025/04/21 10:11:29 Received {n3 n0 {"already_seen":false,"in_reply_to":59,"msg_id":153,"seen_nodes":["n3","n0","n4"],"type":"gossip_ok"}}
2025/04/21 10:11:29 Received {n1 n0 {"data_id":"c12_17","message":55,"msg_id":129,"seen_nodes":["n1","n2","n4","n0"],"type":"gossip"}}
2025/04/21 10:11:29 Received {n3 n0 {"data_id":"c12_15","message":45,"msg_id":70,"seen_nodes":["n3","n4","n1","n2","n0"],"type":"gossip"}}
2025/04/21 10:11:29 Received {n1 n0 {"data_id":"c11_25","message":63,"msg_id":128,"seen_nodes":["n1","n4","n2","n0"],"type":"gossip"}}
2025/04/21 10:11:29 Sent {"src":"n0","dest":"n3","body":{"data_id":"c12_17","message":55,"msg_id":72,"seen_nodes":["n0","n1","n2","n4","n3"],"type":"gossip"}}
2025/04/21 10:11:29 Received {n3 n0 {"already_seen":true,"in_reply_to":61,"msg_id":156,"seen_nodes":["n3","n4","n1","n0"],"type":"gossip_ok"}}
2025/04/21 10:11:29 Sent {"src":"n0","dest":"n1","body":{"already_seen":false,"in_reply_to":129,"msg_id":169,"seen_nodes":["n0","n1","n2","n4","n3"],"type":"gossip_ok"}}
2025/04/21 10:11:29 Sent {"src":"n0","dest":"n3","body":{"already_seen":true,"in_reply_to":70,"msg_id":168,"seen_nodes":["n0","n1","n2","n4","n3"],"type":"gossip_ok"}}
2025/04/21 10:11:29 Sent {"src":"n0","dest":"n3","body":{"data_id":"c11_25","message":63,"msg_id":73,"seen_nodes":["n0","n1","n4","n2","n3"],"type":"gossip"}}
2025/04/21 10:11:29 Sent {"src":"n0","dest":"n1","body":{"already_seen":false,"in_reply_to":128,"msg_id":171,"seen_nodes":["n0","n1","n4","n2","n3"],"type":"gossip_ok"}}
2025/04/21 10:11:29 Received {n3 n0 {"already_seen":true,"in_reply_to":62,"msg_id":157,"seen_nodes":["n3","n4","n1","n2","n0"],"type":"gossip_ok"}}
2025/04/21 10:11:29 Received {n1 n0 {"already_seen":false,"in_reply_to":58,"msg_id":221,"seen_nodes":["n1","n0","n3","n4","n2"],"type":"gossip_ok"}}
2025/04/21 10:11:29 Received {n1 n0 {"already_seen":false,"in_reply_to":60,"msg_id":225,"seen_nodes":["n1","n0","n3","n4","n2"],"type":"gossip_ok"}}
2025/04/21 10:11:29 Received {n3 n0 {"already_seen":false,"in_reply_to":63,"msg_id":158,"seen_nodes":["n3","n0","n1","n4","n2"],"type":"gossip_ok"}}
2025/04/21 10:11:29 Received {c10 n0 {"type":"broadcast","message":71,"msg_id":22}}
2025/04/21 10:11:29 Received {n3 n0 {"data_id":"c14_14","message":61,"msg_id":71,"seen_nodes":["n3","n4","n1","n0"],"type":"gossip"}}
2025/04/21 10:11:29 Sent {"src":"n0","dest":"n3","body":{"data_id":"c10_22","message":71,"msg_id":74,"seen_nodes":["n0","n3"],"type":"gossip"}}
2025/04/21 10:11:29 Sent {"src":"n0","dest":"n3","body":{"already_seen":false,"in_reply_to":71,"msg_id":173,"seen_nodes":["n0","n3","n4","n1"],"type":"gossip_ok"}}
2025/04/21 10:11:29 Sent {"src":"n0","dest":"n1","body":{"data_id":"c10_22","message":71,"msg_id":75,"seen_nodes":["n0","n3","n1"],"type":"gossip"}}
2025/04/21 10:11:29 Sent {"src":"n0","dest":"c10","body":{"in_reply_to":22,"msg_id":175,"type":"broadcast_ok"}}
2025/04/21 10:11:29 Received {n1 n0 {"data_id":"c14_14","message":61,"msg_id":134,"seen_nodes":["n1","n4","n2","n0"],"type":"gossip"}}
2025/04/21 10:11:29 Sent {"src":"n0","dest":"n1","body":{"already_seen":true,"in_reply_to":134,"msg_id":176,"seen_nodes":["n0","n3","n4","n1"],"type":"gossip_ok"}}
2025/04/21 10:11:30 Received {n1 n0 {"data_id":"c12_18","message":64,"msg_id":137,"seen_nodes":["n1","n2","n4","n0"],"type":"gossip"}}
2025/04/21 10:11:30 Received {c10 n0 {"type":"broadcast","message":74,"msg_id":23}}
2025/04/21 10:11:30 Received {n3 n0 {"data_id":"c11_23","message":58,"msg_id":72,"seen_nodes":["n3","n4","n1","n0"],"type":"gossip"}}
2025/04/21 10:11:30 Received {n3 n0 {"already_seen":true,"in_reply_to":64,"msg_id":164,"seen_nodes":["n3","n4","n1","n0"],"type":"gossip_ok"}}
2025/04/21 10:11:30 Received {n3 n0 {"data_id":"c13_22","message":69,"msg_id":73,"seen_nodes":["n3","n0"],"type":"gossip"}}
2025/04/21 10:11:30 Sent {"src":"n0","dest":"n3","body":{"data_id":"c10_23","message":74,"msg_id":76,"seen_nodes":["n0","n3"],"type":"gossip"}}
2025/04/21 10:11:30 Sent {"src":"n0","dest":"n3","body":{"already_seen":true,"in_reply_to":72,"msg_id":178,"seen_nodes":["n0","n1","n4","n2","n3"],"type":"gossip_ok"}}
2025/04/21 10:11:30 Sent {"src":"n0","dest":"n1","body":{"data_id":"c10_23","message":74,"msg_id":77,"seen_nodes":["n0","n3","n1"],"type":"gossip"}}
2025/04/21 10:11:30 Sent {"src":"n0","dest":"c10","body":{"in_reply_to":23,"msg_id":180,"type":"broadcast_ok"}}
2025/04/21 10:11:30 Received {n3 n0 {"already_seen":false,"in_reply_to":65,"msg_id":168,"seen_nodes":["n3","n0","n4"],"type":"gossip_ok"}}
2025/04/21 10:11:30 Sent {"src":"n0","dest":"n3","body":{"data_id":"c12_18","message":64,"msg_id":78,"seen_nodes":["n0","n1","n2","n4","n3"],"type":"gossip"}}
2025/04/21 10:11:30 Sent {"src":"n0","dest":"n1","body":{"data_id":"c13_22","message":69,"msg_id":79,"seen_nodes":["n0","n3","n1"],"type":"gossip"}}
2025/04/21 10:11:30 Sent {"src":"n0","dest":"n1","body":{"already_seen":false,"in_reply_to":137,"msg_id":183,"seen_nodes":["n0","n1","n2","n4","n3"],"type":"gossip_ok"}}
2025/04/21 10:11:30 Sent {"src":"n0","dest":"n3","body":{"already_seen":false,"in_reply_to":73,"msg_id":184,"seen_nodes":["n0","n3","n1"],"type":"gossip_ok"}}
2025/04/21 10:11:30 Received {n1 n0 {"data_id":"c11_26","message":68,"msg_id":139,"seen_nodes":["n1","n4","n2","n0"],"type":"gossip"}}
2025/04/21 10:11:30 Received {n1 n0 {"already_seen":false,"in_reply_to":66,"msg_id":242,"seen_nodes":["n1","n0","n3","n4","n2"],"type":"gossip_ok"}}
2025/04/21 10:11:30 Sent {"src":"n0","dest":"n3","body":{"data_id":"c11_26","message":68,"msg_id":80,"seen_nodes":["n0","n1","n4","n2","n3"],"type":"gossip"}}
2025/04/21 10:11:30 Sent {"src":"n0","dest":"n1","body":{"already_seen":false,"in_reply_to":139,"msg_id":186,"seen_nodes":["n0","n1","n4","n2","n3"],"type":"gossip_ok"}}
2025/04/21 10:11:30 Received {n1 n0 {"already_seen":true,"in_reply_to":67,"msg_id":243,"seen_nodes":["n1","n4","n3","n0","n2"],"type":"gossip_ok"}}
2025/04/21 10:11:30 Received {n3 n0 {"data_id":"c11_24","message":59,"msg_id":76,"seen_nodes":["n3","n4","n1","n0"],"type":"gossip"}}
2025/04/21 10:11:30 Received {c10 n0 {"type":"broadcast","message":75,"msg_id":24}}
2025/04/21 10:11:30 Received {n3 n0 {"already_seen":true,"in_reply_to":68,"msg_id":173,"seen_nodes":["n3","n4","n1","n0"],"type":"gossip_ok"}}
2025/04/21 10:11:30 Received {n1 n0 {"data_id":"c14_15","message":66,"msg_id":145,"seen_nodes":["n1","n4","n2","n0"],"type":"gossip"}}
2025/04/21 10:11:30 Received {n1 n0 {"data_id":"c12_19","message":65,"msg_id":148,"seen_nodes":["n1","n2","n4","n0"],"type":"gossip"}}
2025/04/21 10:11:30 Sent {"src":"n0","dest":"n3","body":{"data_id":"c10_24","message":75,"msg_id":81,"seen_nodes":["n0","n3"],"type":"gossip"}}
2025/04/21 10:11:30 Received {n3 n0 {"data_id":"c14_15","message":66,"msg_id":77,"seen_nodes":["n3","n4","n1","n0"],"type":"gossip"}}
2025/04/21 10:11:30 Sent {"src":"n0","dest":"n1","body":{"data_id":"c10_24","message":75,"msg_id":82,"seen_nodes":["n0","n3","n1"],"type":"gossip"}}
2025/04/21 10:11:30 Sent {"src":"n0","dest":"n3","body":{"data_id":"c14_15","message":66,"msg_id":83,"seen_nodes":["n0","n1","n4","n2","n3"],"type":"gossip"}}
2025/04/21 10:11:30 Sent {"src":"n0","dest":"n1","body":{"already_seen":false,"in_reply_to":145,"msg_id":192,"seen_nodes":["n0","n1","n4","n2","n3"],"type":"gossip_ok"}}
2025/04/21 10:11:30 Sent {"src":"n0","dest":"c10","body":{"in_reply_to":24,"msg_id":191,"type":"broadcast_ok"}}
2025/04/21 10:11:30 Sent {"src":"n0","dest":"n3","body":{"already_seen":true,"in_reply_to":76,"msg_id":187,"seen_nodes":["n0","n1","n4","n2","n3"],"type":"gossip_ok"}}
2025/04/21 10:11:30 Sent {"src":"n0","dest":"n3","body":{"data_id":"c12_19","message":65,"msg_id":84,"seen_nodes":["n0","n1","n2","n4","n3"],"type":"gossip"}}
2025/04/21 10:11:30 Sent {"src":"n0","dest":"n1","body":{"already_seen":false,"in_reply_to":148,"msg_id":194,"seen_nodes":["n0","n1","n2","n4","n3"],"type":"gossip_ok"}}
2025/04/21 10:11:30 Sent {"src":"n0","dest":"n3","body":{"already_seen":true,"in_reply_to":77,"msg_id":195,"seen_nodes":["n0","n1","n4","n2","n3"],"type":"gossip_ok"}}
2025/04/21 10:11:30 Received {n1 n0 {"data_id":"c11_27","message":70,"msg_id":149,"seen_nodes":["n1","n4","n2","n0"],"type":"gossip"}}
2025/04/21 10:11:30 Sent {"src":"n0","dest":"n3","body":{"data_id":"c11_27","message":70,"msg_id":85,"seen_nodes":["n0","n1","n4","n2","n3"],"type":"gossip"}}
2025/04/21 10:11:30 Sent {"src":"n0","dest":"n1","body":{"already_seen":false,"in_reply_to":149,"msg_id":197,"seen_nodes":["n0","n1","n4","n2","n3"],"type":"gossip_ok"}}
2025/04/21 10:11:30 Received {c10 n0 {"type":"read","msg_id":25}}
2025/04/21 10:11:30 Sent {"src":"n0","dest":"c10","body":{"in_reply_to":25,"messages":[29,25,20,38,42,50,7,15,22,39,62,8,27,28,19,32,40,48,49,13,24,16,34,10,33,35,31,60,66,3,18,65,56,55,36,47,57,54,61,74,23,37,14,44,26,53,12,5,67,70,4,46,17,75,9,6,45,59,1,43,52,71,64,69,0,2,68,41,51,58,11,30,21,63],"msg_id":198,"type":"read_ok"}}
2025/04/21 10:11:31 Received {n3 n0 {"already_seen":false,"in_reply_to":70,"msg_id":178,"seen_nodes":["n3","n0","n4"],"type":"gossip_ok"}}
2025/04/21 10:11:31 Received {c10 n0 {"type":"broadcast","message":77,"msg_id":26}}
2025/04/21 10:11:31 Received {n1 n0 {"already_seen":false,"in_reply_to":69,"msg_id":260,"seen_nodes":["n1","n0","n3","n4","n2"],"type":"gossip_ok"}}
2025/04/21 10:11:31 Received {n1 n0 {"already_seen":false,"in_reply_to":71,"msg_id":263,"seen_nodes":["n1","n0","n3","n4","n2"],"type":"gossip_ok"}}
2025/04/21 10:11:31 Received {n3 n0 {"data_id":"c12_17","message":55,"msg_id":79,"seen_nodes":["n3","n4","n1","n2","n0"],"type":"gossip"}}
2025/04/21 10:11:31 Sent {"src":"n0","dest":"n3","body":{"data_id":"c10_26","message":77,"msg_id":86,"seen_nodes":["n0","n3"],"type":"gossip"}}
2025/04/21 10:11:31 Received {n3 n0 {"already_seen":true,"in_reply_to":72,"msg_id":181,"seen_nodes":["n3","n4","n1","n2","n0"],"type":"gossip_ok"}}
2025/04/21 10:11:31 Sent {"src":"n0","dest":"n1","body":{"data_id":"c10_26","message":77,"msg_id":87,"seen_nodes":["n0","n3","n1"],"type":"gossip"}}
2025/04/21 10:11:31 Sent {"src":"n0","dest":"c10","body":{"in_reply_to":26,"msg_id":202,"type":"broadcast_ok"}}
2025/04/21 10:11:31 Sent {"src":"n0","dest":"n3","body":{"already_seen":true,"in_reply_to":79,"msg_id":201,"seen_nodes":["n0","n1","n2","n4","n3"],"type":"gossip_ok"}}
2025/04/21 10:11:31 Received {n3 n0 {"data_id":"c11_25","message":63,"msg_id":80,"seen_nodes":["n3","n4","n1","n0"],"type":"gossip"}}
2025/04/21 10:11:31 Sent {"src":"n0","dest":"n3","body":{"already_seen":true,"in_reply_to":80,"msg_id":203,"seen_nodes":["n0","n1","n4","n2","n3"],"type":"gossip_ok"}}
2025/04/21 10:11:31 Received {n3 n0 {"already_seen":true,"in_reply_to":73,"msg_id":184,"seen_nodes":["n3","n4","n1","n0"],"type":"gossip_ok"}}
2025/04/21 10:11:31 Received {n3 n0 {"already_seen":false,"in_reply_to":74,"msg_id":186,"seen_nodes":["n3","n0","n4"],"type":"gossip_ok"}}
2025/04/21 10:11:31 Received {n1 n0 {"already_seen":false,"in_reply_to":75,"msg_id":267,"seen_nodes":["n1","n0","n3","n4","n2"],"type":"gossip_ok"}}
2025/04/21 10:11:31 Received {n1 n0 {"data_id":"c11_30","message":78,"msg_id":158,"seen_nodes":["n1","n4","n2","n0"],"type":"gossip"}}
2025/04/21 10:11:31 Sent {"src":"n0","dest":"n3","body":{"data_id":"c11_30","message":78,"msg_id":88,"seen_nodes":["n0","n1","n4","n2","n3"],"type":"gossip"}}
2025/04/21 10:11:31 Sent {"src":"n0","dest":"n1","body":{"already_seen":false,"in_reply_to":158,"msg_id":205,"seen_nodes":["n0","n1","n4","n2","n3"],"type":"gossip_ok"}}
2025/04/21 10:11:32 Received {n1 n0 {"data_id":"c14_17","message":73,"msg_id":160,"seen_nodes":["n1","n4","n2","n0"],"type":"gossip"}}
2025/04/21 10:11:32 Received {c10 n0 {"type":"broadcast","message":84,"msg_id":27}}
2025/04/21 10:11:32 Received {n3 n0 {"data_id":"c14_17","message":73,"msg_id":82,"seen_nodes":["n3","n4","n1","n0"],"type":"gossip"}}
2025/04/21 10:11:32 Received {n1 n0 {"data_id":"c12_21","message":72,"msg_id":162,"seen_nodes":["n1","n2","n4","n0"],"type":"gossip"}}
2025/04/21 10:11:32 Sent {"src":"n0","dest":"n3","body":{"data_id":"c10_27","message":84,"msg_id":89,"seen_nodes":["n0","n3"],"type":"gossip"}}
2025/04/21 10:11:32 Sent {"src":"n0","dest":"n1","body":{"data_id":"c10_27","message":84,"msg_id":90,"seen_nodes":["n0","n3","n1"],"type":"gossip"}}
2025/04/21 10:11:32 Sent {"src":"n0","dest":"n1","body":{"already_seen":true,"in_reply_to":160,"msg_id":209,"seen_nodes":["n0","n3","n4","n1"],"type":"gossip_ok"}}
2025/04/21 10:11:32 Sent {"src":"n0","dest":"c10","body":{"in_reply_to":27,"msg_id":210,"type":"broadcast_ok"}}
2025/04/21 10:11:32 Sent {"src":"n0","dest":"n3","body":{"data_id":"c12_21","message":72,"msg_id":91,"seen_nodes":["n0","n1","n2","n4","n3"],"type":"gossip"}}
2025/04/21 10:11:32 Sent {"src":"n0","dest":"n3","body":{"already_seen":false,"in_reply_to":82,"msg_id":207,"seen_nodes":["n0","n3","n4","n1"],"type":"gossip_ok"}}
2025/04/21 10:11:32 Sent {"src":"n0","dest":"n1","body":{"already_seen":false,"in_reply_to":162,"msg_id":212,"seen_nodes":["n0","n1","n2","n4","n3"],"type":"gossip_ok"}}
2025/04/21 10:11:32 Received {n3 n0 {"data_id":"c12_18","message":64,"msg_id":83,"seen_nodes":["n3","n4","n1","n2","n0"],"type":"gossip"}}
2025/04/21 10:11:32 Received {n1 n0 {"already_seen":false,"in_reply_to":77,"msg_id":281,"seen_nodes":["n1","n0","n3","n4","n2"],"type":"gossip_ok"}}
2025/04/21 10:11:32 Received {n3 n0 {"already_seen":false,"in_reply_to":76,"msg_id":193,"seen_nodes":["n3","n0","n4"],"type":"gossip_ok"}}
2025/04/21 10:11:32 Received {n3 n0 {"already_seen":true,"in_reply_to":78,"msg_id":194,"seen_nodes":["n3","n4","n1","n2","n0"],"type":"gossip_ok"}}
2025/04/21 10:11:32 Received {n1 n0 {"already_seen":false,"in_reply_to":79,"msg_id":284,"seen_nodes":["n1","n0","n3","n4","n2"],"type":"gossip_ok"}}
2025/04/21 10:11:32 Received {n3 n0 {"data_id":"c11_26","message":68,"msg_id":85,"seen_nodes":["n3","n4","n1","n0"],"type":"gossip"}}
2025/04/21 10:11:32 Sent {"src":"n0","dest":"n3","body":{"already_seen":true,"in_reply_to":83,"msg_id":213,"seen_nodes":["n0","n1","n2","n4","n3"],"type":"gossip_ok"}}
2025/04/21 10:11:32 Received {n3 n0 {"already_seen":true,"in_reply_to":80,"msg_id":197,"seen_nodes":["n3","n4","n1","n0"],"type":"gossip_ok"}}
2025/04/21 10:11:32 Sent {"src":"n0","dest":"n3","body":{"already_seen":true,"in_reply_to":85,"msg_id":214,"seen_nodes":["n0","n1","n4","n2","n3"],"type":"gossip_ok"}}
2025/04/21 10:11:32 Received {n3 n0 {"already_seen":true,"in_reply_to":83,"msg_id":199,"seen_nodes":["n3","n4","n1","n0"],"type":"gossip_ok"}}
2025/04/21 10:11:32 Received {n3 n0 {"already_seen":false,"in_reply_to":81,"msg_id":200,"seen_nodes":["n3","n0","n4"],"type":"gossip_ok"}}
2025/04/21 10:11:32 Received {n3 n0 {"data_id":"c11_27","message":70,"msg_id":87,"seen_nodes":["n3","n4","n1","n0"],"type":"gossip"}}
2025/04/21 10:11:32 Received {n3 n0 {"data_id":"c12_19","message":65,"msg_id":88,"seen_nodes":["n3","n4","n1","n2","n0"],"type":"gossip"}}
2025/04/21 10:11:32 Received {n3 n0 {"already_seen":true,"in_reply_to":84,"msg_id":206,"seen_nodes":["n3","n4","n1","n2","n0"],"type":"gossip_ok"}}
2025/04/21 10:11:32 Received {n3 n0 {"already_seen":true,"in_reply_to":85,"msg_id":207,"seen_nodes":["n3","n4","n1","n0"],"type":"gossip_ok"}}
2025/04/21 10:11:32 Sent {"src":"n0","dest":"n3","body":{"already_seen":true,"in_reply_to":87,"msg_id":215,"seen_nodes":["n0","n1","n4","n2","n3"],"type":"gossip_ok"}}
2025/04/21 10:11:32 Received {n1 n0 {"already_seen":false,"in_reply_to":82,"msg_id":289,"seen_nodes":["n1","n0","n3","n4","n2"],"type":"gossip_ok"}}
2025/04/21 10:11:32 Sent {"src":"n0","dest":"n3","body":{"already_seen":true,"in_reply_to":88,"msg_id":216,"seen_nodes":["n0","n1","n2","n4","n3"],"type":"gossip_ok"}}
2025/04/21 10:11:32 Received {n3 n0 {"data_id":"c13_27","message":79,"msg_id":89,"seen_nodes":["n3","n0"],"type":"gossip"}}
2025/04/21 10:11:32 Sent {"src":"n0","dest":"n1","body":{"data_id":"c13_27","message":79,"msg_id":92,"seen_nodes":["n0","n3","n1"],"type":"gossip"}}
2025/04/21 10:11:32 Sent {"src":"n0","dest":"n3","body":{"already_seen":false,"in_reply_to":89,"msg_id":218,"seen_nodes":["n0","n3","n1"],"type":"gossip_ok"}}
2025/04/21 10:11:33 Received {n3 n0 {"data_id":"c13_28","message":82,"msg_id":92,"seen_nodes":["n3","n0"],"type":"gossip"}}
2025/04/21 10:11:33 Received {c10 n0 {"type":"broadcast","message":87,"msg_id":28}}
2025/04/21 10:11:33 Received {n1 n0 {"data_id":"c11_33","message":80,"msg_id":173,"seen_nodes":["n1","n4","n2","n0"],"type":"gossip"}}
2025/04/21 10:11:33 Received {n3 n0 {"data_id":"c14_19","message":76,"msg_id":94,"seen_nodes":["n3","n4","n1","n0"],"type":"gossip"}}
2025/04/21 10:11:33 Sent {"src":"n0","dest":"n3","body":{"data_id":"c10_28","message":87,"msg_id":93,"seen_nodes":["n0","n3"],"type":"gossip"}}
2025/04/21 10:11:33 Received {n1 n0 {"data_id":"c14_19","message":76,"msg_id":174,"seen_nodes":["n1","n4","n2","n0"],"type":"gossip"}}
2025/04/21 10:11:33 Received {n3 n0 {"already_seen":false,"in_reply_to":86,"msg_id":213,"seen_nodes":["n3","n0","n4"],"type":"gossip_ok"}}
2025/04/21 10:11:33 Received {n1 n0 {"already_seen":false,"in_reply_to":87,"msg_id":299,"seen_nodes":["n1","n0","n3","n4","n2"],"type":"gossip_ok"}}
2025/04/21 10:11:33 Sent {"src":"n0","dest":"n1","body":{"data_id":"c13_28","message":82,"msg_id":94,"seen_nodes":["n0","n3","n1"],"type":"gossip"}}
2025/04/21 10:11:33 Sent {"src":"n0","dest":"n3","body":{"already_seen":false,"in_reply_to":94,"msg_id":223,"seen_nodes":["n0","n3","n4","n1"],"type":"gossip_ok"}}
2025/04/21 10:11:33 Sent {"src":"n0","dest":"n3","body":{"data_id":"c11_33","message":80,"msg_id":96,"seen_nodes":["n0","n1","n4","n2","n3"],"type":"gossip"}}
2025/04/21 10:11:33 Sent {"src":"n0","dest":"n1","body":{"already_seen":true,"in_reply_to":174,"msg_id":225,"seen_nodes":["n0","n3","n4","n1"],"type":"gossip_ok"}}
2025/04/21 10:11:33 Sent {"src":"n0","dest":"n1","body":{"already_seen":false,"in_reply_to":173,"msg_id":226,"seen_nodes":["n0","n1","n4","n2","n3"],"type":"gossip_ok"}}
2025/04/21 10:11:33 Sent {"src":"n0","dest":"n1","body":{"data_id":"c10_28","message":87,"msg_id":95,"seen_nodes":["n0","n3","n1"],"type":"gossip"}}
2025/04/21 10:11:33 Sent {"src":"n0","dest":"c10","body":{"in_reply_to":28,"msg_id":227,"type":"broadcast_ok"}}
2025/04/21 10:11:33 Sent {"src":"n0","dest":"n3","body":{"already_seen":false,"in_reply_to":92,"msg_id":224,"seen_nodes":["n0","n3","n1"],"type":"gossip_ok"}}
2025/04/21 10:11:33 Received {n3 n0 {"already_seen":false,"in_reply_to":88,"msg_id":219,"seen_nodes":["n3","n0","n1","n4","n2"],"type":"gossip_ok"}}
2025/04/21 10:11:33 Received {c10 n0 {"type":"broadcast","message":90,"msg_id":29}}
2025/04/21 10:11:33 Received {n3 n0 {"data_id":"c14_20","message":83,"msg_id":95,"seen_nodes":["n3","n4","n1","n0"],"type":"gossip"}}
2025/04/21 10:11:33 Received {n1 n0 {"data_id":"c12_24","message":81,"msg_id":177,"seen_nodes":["n1","n2","n4","n0"],"type":"gossip"}}
2025/04/21 10:11:33 Received {n1 n0 {"data_id":"c14_20","message":83,"msg_id":179,"seen_nodes":["n1","n4","n2","n0"],"type":"gossip"}}
2025/04/21 10:11:33 Sent {"src":"n0","dest":"n3","body":{"already_seen":false,"in_reply_to":95,"msg_id":228,"seen_nodes":["n0","n3","n4","n1"],"type":"gossip_ok"}}
2025/04/21 10:11:33 Sent {"src":"n0","dest":"n1","body":{"already_seen":true,"in_reply_to":179,"msg_id":231,"seen_nodes":["n0","n3","n4","n1"],"type":"gossip_ok"}}
2025/04/21 10:11:33 Sent {"src":"n0","dest":"n3","body":{"data_id":"c12_24","message":81,"msg_id":97,"seen_nodes":["n0","n1","n2","n4","n3"],"type":"gossip"}}
2025/04/21 10:11:33 Sent {"src":"n0","dest":"n1","body":{"already_seen":false,"in_reply_to":177,"msg_id":232,"seen_nodes":["n0","n1","n2","n4","n3"],"type":"gossip_ok"}}
2025/04/21 10:11:33 Sent {"src":"n0","dest":"n3","body":{"data_id":"c10_29","message":90,"msg_id":98,"seen_nodes":["n0","n3"],"type":"gossip"}}
2025/04/21 10:11:33 Sent {"src":"n0","dest":"n1","body":{"data_id":"c10_29","message":90,"msg_id":99,"seen_nodes":["n0","n3","n1"],"type":"gossip"}}
2025/04/21 10:11:33 Sent {"src":"n0","dest":"c10","body":{"in_reply_to":29,"msg_id":234,"type":"broadcast_ok"}}
2025/04/21 10:11:34 Received {n1 n0 {"already_seen":false,"in_reply_to":90,"msg_id":310,"seen_nodes":["n1","n0","n3","n4","n2"],"type":"gossip_ok"}}
2025/04/21 10:11:34 Received {c10 n0 {"type":"broadcast","message":92,"msg_id":30}}
2025/04/21 10:11:34 Received {n3 n0 {"already_seen":false,"in_reply_to":91,"msg_id":224,"seen_nodes":["n3","n0","n1","n2","n4"],"type":"gossip_ok"}}
2025/04/21 10:11:34 Received {n3 n0 {"already_seen":false,"in_reply_to":89,"msg_id":225,"seen_nodes":["n3","n0","n4"],"type":"gossip_ok"}}
2025/04/21 10:11:34 Received {n1 n0 {"data_id":"c14_21","message":85,"msg_id":183,"seen_nodes":["n1","n4","n2","n0"],"type":"gossip"}}
2025/04/21 10:11:34 Received {n3 n0 {"data_id":"c14_21","message":85,"msg_id":97,"seen_nodes":["n3","n4","n1","n0"],"type":"gossip"}}
2025/04/21 10:11:34 Sent {"src":"n0","dest":"n3","body":{"data_id":"c10_30","message":92,"msg_id":100,"seen_nodes":["n0","n3"],"type":"gossip"}}
2025/04/21 10:11:34 Sent {"src":"n0","dest":"n1","body":{"data_id":"c10_30","message":92,"msg_id":101,"seen_nodes":["n0","n3","n1"],"type":"gossip"}}
2025/04/21 10:11:34 Sent {"src":"n0","dest":"n3","body":{"data_id":"c14_21","message":85,"msg_id":102,"seen_nodes":["n0","n1","n4","n2","n3"],"type":"gossip"}}
2025/04/21 10:11:34 Sent {"src":"n0","dest":"n3","body":{"already_seen":true,"in_reply_to":97,"msg_id":238,"seen_nodes":["n0","n1","n4","n2","n3"],"type":"gossip_ok"}}
2025/04/21 10:11:34 Sent {"src":"n0","dest":"c10","body":{"in_reply_to":30,"msg_id":239,"type":"broadcast_ok"}}
2025/04/21 10:11:34 Sent {"src":"n0","dest":"n1","body":{"already_seen":false,"in_reply_to":183,"msg_id":240,"seen_nodes":["n0","n1","n4","n2","n3"],"type":"gossip_ok"}}
2025/04/21 10:11:34 Received {n1 n0 {"data_id":"c11_35","message":88,"msg_id":186,"seen_nodes":["n1","n4","n2","n0"],"type":"gossip"}}
2025/04/21 10:11:34 Received {c10 n0 {"type":"read","msg_id":31}}
2025/04/21 10:11:34 Received {n1 n0 {"data_id":"c14_22","message":86,"msg_id":188,"seen_nodes":["n1","n4","n2","n0"],"type":"gossip"}}
2025/04/21 10:11:34 Received {n3 n0 {"data_id":"c14_22","message":86,"msg_id":98,"seen_nodes":["n3","n4","n1","n0"],"type":"gossip"}}
2025/04/21 10:11:34 Sent {"src":"n0","dest":"n3","body":{"data_id":"c11_35","message":88,"msg_id":103,"seen_nodes":["n0","n1","n4","n2","n3"],"type":"gossip"}}
2025/04/21 10:11:34 Sent {"src":"n0","dest":"n3","body":{"data_id":"c14_22","message":86,"msg_id":104,"seen_nodes":["n0","n1","n4","n2","n3"],"type":"gossip"}}
2025/04/21 10:11:34 Sent {"src":"n0","dest":"n3","body":{"already_seen":true,"in_reply_to":98,"msg_id":244,"seen_nodes":["n0","n1","n4","n2","n3"],"type":"gossip_ok"}}
2025/04/21 10:11:34 Sent {"src":"n0","dest":"n1","body":{"already_seen":false,"in_reply_to":186,"msg_id":245,"seen_nodes":["n0","n1","n4","n2","n3"],"type":"gossip_ok"}}
2025/04/21 10:11:34 Sent {"src":"n0","dest":"n1","body":{"already_seen":false,"in_reply_to":188,"msg_id":246,"seen_nodes":["n0","n1","n4","n2","n3"],"type":"gossip_ok"}}
2025/04/21 10:11:34 Sent {"src":"n0","dest":"c10","body":{"in_reply_to":31,"messages":[8,27,22,39,62,90,49,13,24,28,19,32,40,48,83,16,34,79,81,85,66,3,18,10,33,35,31,60,65,36,47,56,55,78,23,37,57,54,61,74,76,14,44,73,12,5,26,53,4,46,67,70,80,9,6,17,75,45,59,69,0,2,1,43,52,71,64,68,88,11,30,41,51,58,84,21,63,77,72,87,29,92,82,7,15,25,20,38,42,50],"msg_id":242,"type":"read_ok"}}
2025/04/21 10:11:34 Received {n1 n0 {"already_seen":true,"in_reply_to":92,"msg_id":325,"seen_nodes":["n1","n4","n3","n0","n2"],"type":"gossip_ok"}}
2025/04/21 10:11:34 Received {n1 n0 {"data_id":"c11_36","message":89,"msg_id":192,"seen_nodes":["n1","n4","n2","n0"],"type":"gossip"}}
2025/04/21 10:11:34 Sent {"src":"n0","dest":"n3","body":{"data_id":"c11_36","message":89,"msg_id":105,"seen_nodes":["n0","n1","n4","n2","n3"],"type":"gossip"}}
2025/04/21 10:11:34 Sent {"src":"n0","dest":"n1","body":{"already_seen":false,"in_reply_to":192,"msg_id":248,"seen_nodes":["n0","n1","n4","n2","n3"],"type":"gossip_ok"}}
2025/04/21 10:11:35 Received {n3 n0 {"already_seen":false,"in_reply_to":93,"msg_id":234,"seen_nodes":["n3","n0","n4"],"type":"gossip_ok"}}
2025/04/21 10:11:35 Received {c10 n0 {"type":"broadcast","message":95,"msg_id":32}}
2025/04/21 10:11:35 Received {n3 n0 {"already_seen":false,"in_reply_to":96,"msg_id":235,"seen_nodes":["n3","n0","n1","n4","n2"],"type":"gossip_ok"}}
2025/04/21 10:11:35 Sent {"src":"n0","dest":"n3","body":{"data_id":"c10_32","message":95,"msg_id":106,"seen_nodes":["n0","n3"],"type":"gossip"}}
2025/04/21 10:11:35 Sent {"src":"n0","dest":"n1","body":{"data_id":"c10_32","message":95,"msg_id":107,"seen_nodes":["n0","n3","n1"],"type":"gossip"}}
2025/04/21 10:11:35 Sent {"src":"n0","dest":"c10","body":{"in_reply_to":32,"msg_id":251,"type":"broadcast_ok"}}
2025/04/21 10:11:35 Received {n1 n0 {"already_seen":false,"in_reply_to":94,"msg_id":333,"seen_nodes":["n1","n0","n3","n4","n2"],"type":"gossip_ok"}}
2025/04/21 10:11:35 Received {n1 n0 {"already_seen":false,"in_reply_to":95,"msg_id":337,"seen_nodes":["n1","n0","n3","n4","n2"],"type":"gossip_ok"}}
2025/04/21 10:11:35 Received {n3 n0 {"data_id":"c12_24","message":81,"msg_id":100,"seen_nodes":["n3","n4","n1","n2","n0"],"type":"gossip"}}
2025/04/21 10:11:35 Received {c10 n0 {"type":"broadcast","message":97,"msg_id":33}}
2025/04/21 10:11:35 Received {n1 n0 {"already_seen":false,"in_reply_to":99,"msg_id":340,"seen_nodes":["n1","n0","n3","n4","n2"],"type":"gossip_ok"}}
2025/04/21 10:11:35 Received {n3 n0 {"data_id":"c13_32","message":94,"msg_id":101,"seen_nodes":["n3","n0"],"type":"gossip"}}
2025/04/21 10:11:35 Received {n3 n0 {"already_seen":true,"in_reply_to":97,"msg_id":241,"seen_nodes":["n3","n4","n1","n2","n0"],"type":"gossip_ok"}}
2025/04/21 10:11:35 Received {n3 n0 {"already_seen":false,"in_reply_to":98,"msg_id":243,"seen_nodes":["n3","n0","n4"],"type":"gossip_ok"}}
2025/04/21 10:11:35 Sent {"src":"n0","dest":"n3","body":{"data_id":"c10_33","message":97,"msg_id":108,"seen_nodes":["n0","n3"],"type":"gossip"}}
2025/04/21 10:11:35 Sent {"src":"n0","dest":"n1","body":{"data_id":"c10_33","message":97,"msg_id":109,"seen_nodes":["n0","n3","n1"],"type":"gossip"}}
2025/04/21 10:11:35 Sent {"src":"n0","dest":"n3","body":{"already_seen":true,"in_reply_to":100,"msg_id":253,"seen_nodes":["n0","n1","n2","n4","n3"],"type":"gossip_ok"}}
2025/04/21 10:11:35 Sent {"src":"n0","dest":"c10","body":{"in_reply_to":33,"msg_id":256,"type":"broadcast_ok"}}
2025/04/21 10:11:35 Sent {"src":"n0","dest":"n1","body":{"data_id":"c13_32","message":94,"msg_id":110,"seen_nodes":["n0","n3","n1"],"type":"gossip"}}
2025/04/21 10:11:35 Sent {"src":"n0","dest":"n3","body":{"already_seen":false,"in_reply_to":101,"msg_id":257,"seen_nodes":["n0","n3","n1"],"type":"gossip_ok"}}
2025/04/21 10:11:36 Received {n3 n0 {"already_seen":true,"in_reply_to":102,"msg_id":246,"seen_nodes":["n3","n4","n1","n0"],"type":"gossip_ok"}}
2025/04/21 10:11:36 Received {c10 n0 {"type":"broadcast","message":99,"msg_id":34}}
2025/04/21 10:11:36 Received {n1 n0 {"data_id":"c11_38","message":96,"msg_id":202,"seen_nodes":["n1","n4","n2","n0"],"type":"gossip"}}
2025/04/21 10:11:36 Received {n3 n0 {"already_seen":false,"in_reply_to":100,"msg_id":249,"seen_nodes":["n3","n0","n4"],"type":"gossip_ok"}}
2025/04/21 10:11:36 Received {n3 n0 {"data_id":"c14_24","message":91,"msg_id":105,"seen_nodes":["n3","n4","n1","n0"],"type":"gossip"}}
2025/04/21 10:11:36 Received {n1 n0 {"data_id":"c14_24","message":91,"msg_id":205,"seen_nodes":["n1","n4","n2","n0"],"type":"gossip"}}
2025/04/21 10:11:36 Sent {"src":"n0","dest":"n3","body":{"data_id":"c10_34","message":99,"msg_id":111,"seen_nodes":["n0","n3"],"type":"gossip"}}
2025/04/21 10:11:36 Sent {"src":"n0","dest":"n1","body":{"data_id":"c10_34","message":99,"msg_id":112,"seen_nodes":["n0","n3","n1"],"type":"gossip"}}
2025/04/21 10:11:36 Sent {"src":"n0","dest":"n3","body":{"data_id":"c11_38","message":96,"msg_id":113,"seen_nodes":["n0","n1","n4","n2","n3"],"type":"gossip"}}
2025/04/21 10:11:36 Received {n1 n0 {"already_seen":false,"in_reply_to":101,"msg_id":349,"seen_nodes":["n1","n0","n3","n4","n2"],"type":"gossip_ok"}}
2025/04/21 10:11:36 Sent {"src":"n0","dest":"n3","body":{"data_id":"c14_24","message":91,"msg_id":114,"seen_nodes":["n0","n1","n4","n2","n3"],"type":"gossip"}}
2025/04/21 10:11:36 Sent {"src":"n0","dest":"n3","body":{"already_seen":true,"in_reply_to":105,"msg_id":263,"seen_nodes":["n0","n1","n4","n2","n3"],"type":"gossip_ok"}}
2025/04/21 10:11:36 Sent {"src":"n0","dest":"n1","body":{"already_seen":false,"in_reply_to":205,"msg_id":265,"seen_nodes":["n0","n1","n4","n2","n3"],"type":"gossip_ok"}}
2025/04/21 10:11:36 Sent {"src":"n0","dest":"n1","body":{"already_seen":false,"in_reply_to":202,"msg_id":264,"seen_nodes":["n0","n1","n4","n2","n3"],"type":"gossip_ok"}}
2025/04/21 10:11:36 Sent {"src":"n0","dest":"c10","body":{"in_reply_to":34,"msg_id":262,"type":"broadcast_ok"}}
2025/04/21 10:11:36 Received {n3 n0 {"data_id":"c11_35","message":88,"msg_id":106,"seen_nodes":["n3","n4","n1","n0"],"type":"gossip"}}
2025/04/21 10:11:36 Received {c10 n0 {"type":"broadcast","message":100,"msg_id":35}}
2025/04/21 10:11:36 Received {n3 n0 {"already_seen":true,"in_reply_to":104,"msg_id":253,"seen_nodes":["n3","n4","n1","n0"],"type":"gossip_ok"}}
2025/04/21 10:11:36 Received {n3 n0 {"already_seen":true,"in_reply_to":103,"msg_id":252,"seen_nodes":["n3","n4","n1","n0"],"type":"gossip_ok"}}
2025/04/21 10:11:36 Received {n1 n0 {"data_id":"c12_29","message":93,"msg_id":207,"seen_nodes":["n1","n2","n4","n0"],"type":"gossip"}}
2025/04/21 10:11:36 Sent {"src":"n0","dest":"n3","body":{"already_seen":true,"in_reply_to":106,"msg_id":266,"seen_nodes":["n0","n1","n4","n2","n3"],"type":"gossip_ok"}}
2025/04/21 10:11:36 Sent {"src":"n0","dest":"n3","body":{"data_id":"c10_35","message":100,"msg_id":115,"seen_nodes":["n0","n3"],"type":"gossip"}}
2025/04/21 10:11:36 Sent {"src":"n0","dest":"n1","body":{"data_id":"c10_35","message":100,"msg_id":116,"seen_nodes":["n0","n3","n1"],"type":"gossip"}}
2025/04/21 10:11:36 Sent {"src":"n0","dest":"c10","body":{"in_reply_to":35,"msg_id":269,"type":"broadcast_ok"}}
2025/04/21 10:11:36 Sent {"src":"n0","dest":"n3","body":{"data_id":"c12_29","message":93,"msg_id":117,"seen_nodes":["n0","n1","n2","n4","n3"],"type":"gossip"}}
2025/04/21 10:11:36 Sent {"src":"n0","dest":"n1","body":{"already_seen":false,"in_reply_to":207,"msg_id":271,"seen_nodes":["n0","n1","n2","n4","n3"],"type":"gossip_ok"}}
2025/04/21 10:11:36 Received {n3 n0 {"data_id":"c11_36","message":89,"msg_id":107,"seen_nodes":["n3","n4","n1","n0"],"type":"gossip"}}
2025/04/21 10:11:36 Received {n3 n0 {"already_seen":true,"in_reply_to":105,"msg_id":258,"seen_nodes":["n3","n4","n1","n0"],"type":"gossip_ok"}}
2025/04/21 10:11:36 Sent {"src":"n0","dest":"n3","body":{"already_seen":true,"in_reply_to":107,"msg_id":272,"seen_nodes":["n0","n1","n4","n2","n3"],"type":"gossip_ok"}}
2025/04/21 10:11:37 Received {n3 n0 {"already_seen":false,"in_reply_to":106,"msg_id":260,"seen_nodes":["n3","n0","n4"],"type":"gossip_ok"}}
2025/04/21 10:11:37 Received {c10 n0 {"type":"broadcast","message":103,"msg_id":36}}
2025/04/21 10:11:37 Received {n1 n0 {"already_seen":false,"in_reply_to":107,"msg_id":359,"seen_nodes":["n1","n0","n3","n4","n2"],"type":"gossip_ok"}}
2025/04/21 10:11:37 Sent {"src":"n0","dest":"n3","body":{"data_id":"c10_36","message":103,"msg_id":118,"seen_nodes":["n0","n3"],"type":"gossip"}}
2025/04/21 10:11:37 Sent {"src":"n0","dest":"n1","body":{"data_id":"c10_36","message":103,"msg_id":119,"seen_nodes":["n0","n3","n1"],"type":"gossip"}}
2025/04/21 10:11:37 Sent {"src":"n0","dest":"c10","body":{"in_reply_to":36,"msg_id":275,"type":"broadcast_ok"}}
2025/04/21 10:11:37 Received {n3 n0 {"already_seen":false,"in_reply_to":108,"msg_id":264,"seen_nodes":["n3","n0","n4"],"type":"gossip_ok"}}
2025/04/21 10:11:37 Received {n1 n0 {"already_seen":false,"in_reply_to":109,"msg_id":365,"seen_nodes":["n1","n0","n3","n4","n2"],"type":"gossip_ok"}}
2025/04/21 10:11:37 Received {n3 n0 {"data_id":"c13_36","message":102,"msg_id":110,"seen_nodes":["n3","n0"],"type":"gossip"}}
2025/04/21 10:11:37 Received {n1 n0 {"already_seen":true,"in_reply_to":110,"msg_id":362,"seen_nodes":["n1","n4","n3","n0","n2"],"type":"gossip_ok"}}
2025/04/21 10:11:37 Sent {"src":"n0","dest":"n1","body":{"data_id":"c13_36","message":102,"msg_id":120,"seen_nodes":["n0","n3","n1"],"type":"gossip"}}
2025/04/21 10:11:37 Sent {"src":"n0","dest":"n3","body":{"already_seen":false,"in_reply_to":110,"msg_id":277,"seen_nodes":["n0","n3","n1"],"type":"gossip_ok"}}
2025/04/21 10:11:38 Received {n3 n0 {"data_id":"c13_37","message":104,"msg_id":113,"seen_nodes":["n3","n0"],"type":"gossip"}}
2025/04/21 10:11:38 Received {n3 n0 {"already_seen":false,"in_reply_to":111,"msg_id":270,"seen_nodes":["n3","n0","n4"],"type":"gossip_ok"}}
2025/04/21 10:11:38 Received {n1 n0 {"already_seen":false,"in_reply_to":112,"msg_id":370,"seen_nodes":["n1","n0","n3","n4","n2"],"type":"gossip_ok"}}
2025/04/21 10:11:38 Received {n3 n0 {"already_seen":true,"in_reply_to":113,"msg_id":272,"seen_nodes":["n3","n4","n1","n0"],"type":"gossip_ok"}}
2025/04/21 10:11:38 Received {n3 n0 {"already_seen":true,"in_reply_to":114,"msg_id":273,"seen_nodes":["n3","n4","n1","n0","n2"],"type":"gossip_ok"}}
2025/04/21 10:11:38 Received {n3 n0 {"data_id":"c11_38","message":96,"msg_id":115,"seen_nodes":["n3","n4","n1","n0"],"type":"gossip"}}
2025/04/21 10:11:38 Sent {"src":"n0","dest":"n1","body":{"data_id":"c13_37","message":104,"msg_id":121,"seen_nodes":["n0","n3","n1"],"type":"gossip"}}
2025/04/21 10:11:38 Received {n1 n0 {"data_id":"c12_31","message":98,"msg_id":216,"seen_nodes":["n1","n2","n4","n0"],"type":"gossip"}}
2025/04/21 10:11:38 Sent {"src":"n0","dest":"n3","body":{"already_seen":false,"in_reply_to":113,"msg_id":279,"seen_nodes":["n0","n3","n1"],"type":"gossip_ok"}}
2025/04/21 10:11:38 Sent {"src":"n0","dest":"n3","body":{"already_seen":true,"in_reply_to":115,"msg_id":280,"seen_nodes":["n0","n1","n4","n2","n3"],"type":"gossip_ok"}}
2025/04/21 10:11:38 Sent {"src":"n0","dest":"n3","body":{"data_id":"c12_31","message":98,"msg_id":122,"seen_nodes":["n0","n1","n2","n4","n3"],"type":"gossip"}}
2025/04/21 10:11:38 Sent {"src":"n0","dest":"n1","body":{"already_seen":false,"in_reply_to":216,"msg_id":282,"seen_nodes":["n0","n1","n2","n4","n3"],"type":"gossip_ok"}}
2025/04/21 10:11:38 Received {n3 n0 {"already_seen":false,"in_reply_to":115,"msg_id":278,"seen_nodes":["n3","n0","n4"],"type":"gossip_ok"}}
2025/04/21 10:11:38 Received {n3 n0 {"already_seen":false,"in_reply_to":117,"msg_id":277,"seen_nodes":["n3","n0","n1","n2","n4"],"type":"gossip_ok"}}
2025/04/21 10:11:38 Received {n1 n0 {"already_seen":false,"in_reply_to":116,"msg_id":379,"seen_nodes":["n1","n0","n3","n4","n2"],"type":"gossip_ok"}}
2025/04/21 10:11:38 Received {n1 n0 {"data_id":"c11_42","message":105,"msg_id":221,"seen_nodes":["n1","n4","n2","n0"],"type":"gossip"}}
2025/04/21 10:11:38 Sent {"src":"n0","dest":"n3","body":{"data_id":"c11_42","message":105,"msg_id":123,"seen_nodes":["n0","n1","n4","n2","n3"],"type":"gossip"}}
2025/04/21 10:11:38 Sent {"src":"n0","dest":"n1","body":{"already_seen":false,"in_reply_to":221,"msg_id":284,"seen_nodes":["n0","n1","n4","n2","n3"],"type":"gossip_ok"}}
2025/04/21 10:11:38 Received {n1 n0 {"data_id":"c12_32","message":101,"msg_id":223,"seen_nodes":["n1","n2","n4","n0"],"type":"gossip"}}
2025/04/21 10:11:38 Sent {"src":"n0","dest":"n3","body":{"data_id":"c12_32","message":101,"msg_id":124,"seen_nodes":["n0","n1","n2","n4","n3"],"type":"gossip"}}
2025/04/21 10:11:38 Sent {"src":"n0","dest":"n1","body":{"already_seen":false,"in_reply_to":223,"msg_id":286,"seen_nodes":["n0","n1","n2","n4","n3"],"type":"gossip_ok"}}
2025/04/21 10:11:39 Received {n1 n0 {"already_seen":false,"in_reply_to":119,"msg_id":387,"seen_nodes":["n1","n0","n3","n4","n2"],"type":"gossip_ok"}}
2025/04/21 10:11:39 Received {n3 n0 {"already_seen":false,"in_reply_to":118,"msg_id":282,"seen_nodes":["n3","n0","n4"],"type":"gossip_ok"}}
2025/04/21 10:11:39 Received {n1 n0 {"already_seen":true,"in_reply_to":120,"msg_id":390,"seen_nodes":["n1","n4","n3","n0","n2"],"type":"gossip_ok"}}
2025/04/21 10:11:40 Received {n1 n0 {"already_seen":false,"in_reply_to":121,"msg_id":395,"seen_nodes":["n1","n0","n3","n4","n2"],"type":"gossip_ok"}}
2025/04/21 10:11:40 Received {n3 n0 {"data_id":"c12_31","message":98,"msg_id":118,"seen_nodes":["n3","n4","n1","n2","n0"],"type":"gossip"}}
2025/04/21 10:11:40 Received {n3 n0 {"already_seen":true,"in_reply_to":122,"msg_id":285,"seen_nodes":["n3","n4","n1","n2","n0"],"type":"gossip_ok"}}
2025/04/21 10:11:40 Sent {"src":"n0","dest":"n3","body":{"already_seen":true,"in_reply_to":118,"msg_id":287,"seen_nodes":["n0","n1","n2","n4","n3"],"type":"gossip_ok"}}
2025/04/21 10:11:40 Received {n3 n0 {"already_seen":false,"in_reply_to":123,"msg_id":286,"seen_nodes":["n3","n0","n1","n4","n2"],"type":"gossip_ok"}}
2025/04/21 10:11:40 Received {n3 n0 {"already_seen":false,"in_reply_to":124,"msg_id":288,"seen_nodes":["n3","n0","n1","n2","n4"],"type":"gossip_ok"}}
2025/04/21 10:11:47 Received {c10 n0 {"type":"read","msg_id":37}}
2025/04/21 10:11:47 Sent {"src":"n0","dest":"c10","body":{"in_reply_to":37,"messages":[98,36,56,55,74,76,37,54,5,26,95,4,70,80,9,6,17,75,59,1,52,11,41,51,58,104,21,63,77,87,29,92,102,42,15,25,20,93,27,22,90,89,24,28,32,48,49,16,81,85,18,35,60,105,47,78,23,57,61,14,44,73,101,12,53,46,67,103,45,94,91,71,64,69,0,2,43,68,88,100,84,30,99,72,97,50,82,7,38,86,8,39,62,13,19,40,83,96,34,79,65,3,10,33,31,66],"msg_id":288,"type":"read_ok"}}
