2025/04/21 10:11:17 Received {c3 n2 {"type":"init","node_id":"n2","node_ids":["n0","n1","n2","n3","n4"],"msg_id":1}}
2025/04/21 10:11:17 Node n2 initialized
2025/04/21 10:11:17 Sent {"src":"n2","dest":"c3","body":{"in_reply_to":1,"type":"init_ok"}}
2025/04/21 10:11:17 Received {c7 n2 {"type":"topology","topology":{"n0":["n3","n1"],"n1":["n4","n2","n0"],"n2":["n1"],"n3":["n0","n4"],"n4":["n1","n3"]},"msg_id":1}}
2025/04/21 10:11:17 Sent {"src":"n2","dest":"c7","body":{"in_reply_to":1,"msg_id":1,"type":"topology_ok"}}
2025/04/21 10:11:17 Received {c12 n2 {"type":"broadcast","message":1,"msg_id":1}}
2025/04/21 10:11:17 Sent {"src":"n2","dest":"n1","body":{"data_id":"c12_1","message":1,"msg_id":1,"seen_nodes":["n2","n1"],"type":"gossip"}}
2025/04/21 10:11:17 Sent {"src":"n2","dest":"c12","body":{"in_reply_to":1,"msg_id":3,"type":"broadcast_ok"}}
2025/04/21 10:11:18 Received {c12 n2 {"type":"broadcast","message":5,"msg_id":2}}
2025/04/21 10:11:18 Sent {"src":"n2","dest":"n1","body":{"data_id":"c12_2","message":5,"msg_id":2,"seen_nodes":["n2","n1"],"type":"gossip"}}
2025/04/21 10:11:18 Sent {"src":"n2","dest":"c12","body":{"in_reply_to":2,"msg_id":5,"type":"broadcast_ok"}}
2025/04/21 10:11:18 Received {c12 n2 {"type":"broadcast","message":6,"msg_id":3}}
2025/04/21 10:11:18 Sent {"src":"n2","dest":"n1","body":{"data_id":"c12_3","message":6,"msg_id":3,"seen_nodes":["n2","n1"],"type":"gossip"}}
2025/04/21 10:11:18 Sent {"src":"n2","dest":"c12","body":{"in_reply_to":3,"msg_id":7,"type":"broadcast_ok"}}
2025/04/21 10:11:19 Received {n1 n2 {"data_id":"c10_1","message":0,"msg_id":2,"seen_nodes":["n1","n0","n3","n4","n2"],"type":"gossip"}}
2025/04/21 10:11:19 Received {c12 n2 {"type":"broadcast","message":10,"msg_id":4}}
2025/04/21 10:11:19 Sent {"src":"n2","dest":"n1","body":{"already_seen":false,"in_reply_to":2,"msg_id":8,"seen_nodes":["n2","n1","n0","n3","n4"],"type":"gossip_ok"}}
2025/04/21 10:11:19 Sent {"src":"n2","dest":"n1","body":{"data_id":"c12_4","message":10,"msg_id":4,"seen_nodes":["n2","n1"],"type":"gossip"}}
2025/04/21 10:11:19 Sent {"src":"n2","dest":"c12","body":{"in_reply_to":4,"msg_id":10,"type":"broadcast_ok"}}
2025/04/21 10:11:19 Received {n1 n2 {"already_seen":false,"in_reply_to":1,"msg_id":9,"seen_nodes":["n1","n2","n4","n0"],"type":"gossip_ok"}}
2025/04/21 10:11:19 Received {n1 n2 {"data_id":"c14_1","message":3,"msg_id":5,"seen_nodes":["n1","n4","n2"],"type":"gossip"}}
2025/04/21 10:11:19 Sent {"src":"n2","dest":"n1","body":{"already_seen":false,"in_reply_to":5,"msg_id":11,"seen_nodes":["n2","n1","n4"],"type":"gossip_ok"}}
2025/04/21 10:11:19 Received {n1 n2 {"data_id":"c10_2","message":4,"msg_id":8,"seen_nodes":["n1","n0","n3","n4","n2"],"type":"gossip"}}
2025/04/21 10:11:19 Received {c12 n2 {"type":"read","msg_id":5}}
2025/04/21 10:11:19 Sent {"src":"n2","dest":"n1","body":{"already_seen":false,"in_reply_to":8,"msg_id":12,"seen_nodes":["n2","n1","n0","n3","n4"],"type":"gossip_ok"}}
2025/04/21 10:11:19 Sent {"src":"n2","dest":"c12","body":{"in_reply_to":5,"messages":[4,1,5,6,0,10,3],"msg_id":13,"type":"read_ok"}}
2025/04/21 10:11:19 Received {n1 n2 {"data_id":"c11_4","message":12,"msg_id":10,"seen_nodes":["n1","n4","n2"],"type":"gossip"}}
2025/04/21 10:11:19 Sent {"src":"n2","dest":"n1","body":{"already_seen":false,"in_reply_to":10,"msg_id":14,"seen_nodes":["n2","n1","n4"],"type":"gossip_ok"}}
2025/04/21 10:11:20 Received {n1 n2 {"already_seen":false,"in_reply_to":2,"msg_id":23,"seen_nodes":["n1","n2","n4","n0"],"type":"gossip_ok"}}
2025/04/21 10:11:20 Received {c12 n2 {"type":"broadcast","message":17,"msg_id":6}}
2025/04/21 10:11:20 Sent {"src":"n2","dest":"n1","body":{"data_id":"c12_6","message":17,"msg_id":5,"seen_nodes":["n2","n1"],"type":"gossip"}}
2025/04/21 10:11:20 Sent {"src":"n2","dest":"c12","body":{"in_reply_to":6,"msg_id":16,"type":"broadcast_ok"}}
2025/04/21 10:11:20 Received {n1 n2 {"already_seen":false,"in_reply_to":3,"msg_id":28,"seen_nodes":["n1","n2","n4","n0"],"type":"gossip_ok"}}
2025/04/21 10:11:20 Received {n1 n2 {"data_id":"c11_6","message":14,"msg_id":17,"seen_nodes":["n1","n4","n2"],"type":"gossip"}}
2025/04/21 10:11:20 Sent {"src":"n2","dest":"n1","body":{"already_seen":false,"in_reply_to":17,"msg_id":17,"seen_nodes":["n2","n1","n4"],"type":"gossip_ok"}}
2025/04/21 10:11:20 Received {n1 n2 {"data_id":"c11_7","message":15,"msg_id":20,"seen_nodes":["n1","n4","n2"],"type":"gossip"}}
2025/04/21 10:11:20 Received {c12 n2 {"type":"broadcast","message":20,"msg_id":7}}
2025/04/21 10:11:20 Sent {"src":"n2","dest":"n1","body":{"already_seen":false,"in_reply_to":20,"msg_id":18,"seen_nodes":["n2","n1","n4"],"type":"gossip_ok"}}
2025/04/21 10:11:20 Sent {"src":"n2","dest":"n1","body":{"data_id":"c12_7","message":20,"msg_id":6,"seen_nodes":["n2","n1"],"type":"gossip"}}
2025/04/21 10:11:20 Sent {"src":"n2","dest":"c12","body":{"in_reply_to":7,"msg_id":20,"type":"broadcast_ok"}}
2025/04/21 10:11:20 Received {n1 n2 {"data_id":"c14_2","message":7,"msg_id":21,"seen_nodes":["n1","n4","n2"],"type":"gossip"}}
2025/04/21 10:11:20 Sent {"src":"n2","dest":"n1","body":{"already_seen":false,"in_reply_to":21,"msg_id":21,"seen_nodes":["n2","n1","n4"],"type":"gossip_ok"}}
2025/04/21 10:11:21 Received {n1 n2 {"already_seen":false,"in_reply_to":4,"msg_id":43,"seen_nodes":["n1","n2","n4","n0"],"type":"gossip_ok"}}
2025/04/21 10:11:21 Received {c12 n2 {"type":"broadcast","message":22,"msg_id":8}}
2025/04/21 10:11:21 Received {n1 n2 {"data_id":"c14_3","message":8,"msg_id":26,"seen_nodes":["n1","n4","n2"],"type":"gossip"}}
2025/04/21 10:11:21 Sent {"src":"n2","dest":"n1","body":{"already_seen":false,"in_reply_to":26,"msg_id":22,"seen_nodes":["n2","n1","n4"],"type":"gossip_ok"}}
2025/04/21 10:11:21 Sent {"src":"n2","dest":"n1","body":{"data_id":"c12_8","message":22,"msg_id":7,"seen_nodes":["n2","n1"],"type":"gossip"}}
2025/04/21 10:11:21 Sent {"src":"n2","dest":"c12","body":{"in_reply_to":8,"msg_id":24,"type":"broadcast_ok"}}
2025/04/21 10:11:21 Received {n1 n2 {"data_id":"c10_4","message":9,"msg_id":29,"seen_nodes":["n1","n0","n3","n4","n2"],"type":"gossip"}}
2025/04/21 10:11:21 Sent {"src":"n2","dest":"n1","body":{"already_seen":false,"in_reply_to":29,"msg_id":25,"seen_nodes":["n2","n1","n0","n3","n4"],"type":"gossip_ok"}}
2025/04/21 10:11:21 Received {n1 n2 {"data_id":"c13_1","message":2,"msg_id":31,"seen_nodes":["n1","n0","n3","n4","n2"],"type":"gossip"}}
2025/04/21 10:11:21 Sent {"src":"n2","dest":"n1","body":{"already_seen":false,"in_reply_to":31,"msg_id":26,"seen_nodes":["n2","n1","n0","n3","n4"],"type":"gossip_ok"}}
2025/04/21 10:11:21 Received {n1 n2 {"data_id":"c13_2","message":11,"msg_id":32,"seen_nodes":["n1","n4","n3","n0","n2"],"type":"gossip"}}
2025/04/21 10:11:21 Sent {"src":"n2","dest":"n1","body":{"already_seen":false,"in_reply_to":32,"msg_id":27,"seen_nodes":["n2","n1","n4","n3","n0"],"type":"gossip_ok"}}
2025/04/21 10:11:21 Received {n1 n2 {"data_id":"c11_9","message":24,"msg_id":34,"seen_nodes":["n1","n4","n2"],"type":"gossip"}}
2025/04/21 10:11:21 Sent {"src":"n2","dest":"n1","body":{"already_seen":false,"in_reply_to":34,"msg_id":28,"seen_nodes":["n2","n1","n4"],"type":"gossip_ok"}}
2025/04/21 10:11:21 Received {n1 n2 {"data_id":"c13_3","message":13,"msg_id":37,"seen_nodes":["n1","n0","n3","n4","n2"],"type":"gossip"}}
2025/04/21 10:11:21 Sent {"src":"n2","dest":"n1","body":{"already_seen":false,"in_reply_to":37,"msg_id":29,"seen_nodes":["n2","n1","n0","n3","n4"],"type":"gossip_ok"}}
2025/04/21 10:11:22 Received {n1 n2 {"data_id":"c11_10","message":25,"msg_id":39,"seen_nodes":["n1","n4","n2"],"type":"gossip"}}
2025/04/21 10:11:22 Received {c12 n2 {"type":"read","msg_id":9}}
2025/04/21 10:11:22 Sent {"src":"n2","dest":"n1","body":{"already_seen":false,"in_reply_to":39,"msg_id":30,"seen_nodes":["n2","n1","n4"],"type":"gossip_ok"}}
2025/04/21 10:11:22 Sent {"src":"n2","dest":"c12","body":{"in_reply_to":9,"messages":[24,5,0,4,7,2,22,13,1,6,3,17,14,10,20,8,11,12,15,9,25],"msg_id":31,"type":"read_ok"}}
2025/04/21 10:11:22 Received {n1 n2 {"already_seen":false,"in_reply_to":5,"msg_id":72,"seen_nodes":["n1","n2","n4","n0"],"type":"gossip_ok"}}
2025/04/21 10:11:22 Received {n1 n2 {"data_id":"c11_11","message":28,"msg_id":44,"seen_nodes":["n1","n4","n2"],"type":"gossip"}}
2025/04/21 10:11:22 Sent {"src":"n2","dest":"n1","body":{"already_seen":false,"in_reply_to":44,"msg_id":32,"seen_nodes":["n2","n1","n4"],"type":"gossip_ok"}}
2025/04/21 10:11:22 Received {n1 n2 {"already_seen":false,"in_reply_to":6,"msg_id":79,"seen_nodes":["n1","n2","n4","n0"],"type":"gossip_ok"}}
2025/04/21 10:11:22 Received {n1 n2 {"data_id":"c14_4","message":19,"msg_id":48,"seen_nodes":["n1","n4","n2"],"type":"gossip"}}
2025/04/21 10:11:22 Sent {"src":"n2","dest":"n1","body":{"already_seen":false,"in_reply_to":48,"msg_id":33,"seen_nodes":["n2","n1","n4"],"type":"gossip_ok"}}
2025/04/21 10:11:22 Received {n1 n2 {"data_id":"c13_5","message":16,"msg_id":51,"seen_nodes":["n1","n0","n3","n4","n2"],"type":"gossip"}}
2025/04/21 10:11:22 Sent {"src":"n2","dest":"n1","body":{"already_seen":false,"in_reply_to":51,"msg_id":34,"seen_nodes":["n2","n1","n0","n3","n4"],"type":"gossip_ok"}}
2025/04/21 10:11:22 Received {n1 n2 {"data_id":"c10_7","message":21,"msg_id":53,"seen_nodes":["n1","n0","n3","n4","n2"],"type":"gossip"}}
2025/04/21 10:11:22 Sent {"src":"n2","dest":"n1","body":{"already_seen":false,"in_reply_to":53,"msg_id":35,"seen_nodes":["n2","n1","n0","n3","n4"],"type":"gossip_ok"}}
2025/04/21 10:11:23 Received {n1 n2 {"data_id":"c13_6","message":18,"msg_id":55,"seen_nodes":["n1","n0","n3","n4","n2"],"type":"gossip"}}
2025/04/21 10:11:23 Received {c12 n2 {"type":"broadcast","message":34,"msg_id":10}}
2025/04/21 10:11:23 Sent {"src":"n2","dest":"n1","body":{"data_id":"c12_10","message":34,"msg_id":8,"seen_nodes":["n2","n1"],"type":"gossip"}}
2025/04/21 10:11:23 Sent {"src":"n2","dest":"c12","body":{"in_reply_to":10,"msg_id":38,"type":"broadcast_ok"}}
2025/04/21 10:11:23 Sent {"src":"n2","dest":"n1","body":{"already_seen":false,"in_reply_to":55,"msg_id":36,"seen_nodes":["n2","n1","n0","n3","n4"],"type":"gossip_ok"}}
2025/04/21 10:11:23 Received {n1 n2 {"data_id":"c11_12","message":30,"msg_id":57,"seen_nodes":["n1","n4","n2"],"type":"gossip"}}
2025/04/21 10:11:23 Sent {"src":"n2","dest":"n1","body":{"already_seen":false,"in_reply_to":57,"msg_id":39,"seen_nodes":["n2","n1","n4"],"type":"gossip_ok"}}
2025/04/21 10:11:23 Received {n1 n2 {"already_seen":false,"in_reply_to":7,"msg_id":101,"seen_nodes":["n1","n2","n4","n0"],"type":"gossip_ok"}}
2025/04/21 10:11:23 Received {n1 n2 {"data_id":"c10_9","message":29,"msg_id":62,"seen_nodes":["n1","n0","n3","n4","n2"],"type":"gossip"}}
2025/04/21 10:11:23 Sent {"src":"n2","dest":"n1","body":{"already_seen":false,"in_reply_to":62,"msg_id":40,"seen_nodes":["n2","n1","n0","n3","n4"],"type":"gossip_ok"}}
2025/04/21 10:11:23 Received {n1 n2 {"data_id":"c13_7","message":23,"msg_id":64,"seen_nodes":["n1","n0","n3","n4","n2"],"type":"gossip"}}
2025/04/21 10:11:23 Received {c12 n2 {"type":"read","msg_id":11}}
2025/04/21 10:11:23 Sent {"src":"n2","dest":"n1","body":{"already_seen":false,"in_reply_to":64,"msg_id":41,"seen_nodes":["n2","n1","n0","n3","n4"],"type":"gossip_ok"}}
2025/04/21 10:11:23 Sent {"src":"n2","dest":"c12","body":{"in_reply_to":11,"messages":[7,23,5,0,4,6,17,13,20,12,16,29,21,30,2,24,19,22,34,1,3,14,10,8,11,28,18,15,9,25],"msg_id":42,"type":"read_ok"}}
2025/04/21 10:11:24 Received {n1 n2 {"data_id":"c13_8","message":26,"msg_id":67,"seen_nodes":["n1","n0","n3","n4","n2"],"type":"gossip"}}
2025/04/21 10:11:24 Received {c12 n2 {"type":"read","msg_id":12}}
2025/04/21 10:11:24 Received {n1 n2 {"data_id":"c11_14","message":35,"msg_id":68,"seen_nodes":["n1","n4","n2"],"type":"gossip"}}
2025/04/21 10:11:24 Sent {"src":"n2","dest":"n1","body":{"already_seen":false,"in_reply_to":67,"msg_id":43,"seen_nodes":["n2","n1","n0","n3","n4"],"type":"gossip_ok"}}
2025/04/21 10:11:24 Sent {"src":"n2","dest":"n1","body":{"already_seen":false,"in_reply_to":68,"msg_id":44,"seen_nodes":["n2","n1","n4"],"type":"gossip_ok"}}
2025/04/21 10:11:24 Sent {"src":"n2","dest":"c12","body":{"in_reply_to":12,"messages":[5,0,4,7,23,6,17,13,20,12,16,29,2,24,19,21,30,26,1,3,14,22,34,10,8,11,15,9,25,28,18,35],"msg_id":45,"type":"read_ok"}}
2025/04/21 10:11:24 Received {n1 n2 {"data_id":"c14_6","message":31,"msg_id":70,"seen_nodes":["n1","n4","n2"],"type":"gossip"}}
2025/04/21 10:11:24 Received {n1 n2 {"data_id":"c13_9","message":27,"msg_id":71,"seen_nodes":["n1","n4","n3","n0","n2"],"type":"gossip"}}
2025/04/21 10:11:24 Sent {"src":"n2","dest":"n1","body":{"already_seen":false,"in_reply_to":70,"msg_id":46,"seen_nodes":["n2","n1","n4"],"type":"gossip_ok"}}
2025/04/21 10:11:24 Sent {"src":"n2","dest":"n1","body":{"already_seen":false,"in_reply_to":71,"msg_id":47,"seen_nodes":["n2","n1","n4","n3","n0"],"type":"gossip_ok"}}
2025/04/21 10:11:24 Received {n1 n2 {"data_id":"c10_11","message":32,"msg_id":74,"seen_nodes":["n1","n0","n3","n4","n2"],"type":"gossip"}}
2025/04/21 10:11:24 Received {c12 n2 {"type":"read","msg_id":13}}
2025/04/21 10:11:24 Sent {"src":"n2","dest":"n1","body":{"already_seen":false,"in_reply_to":74,"msg_id":48,"seen_nodes":["n2","n1","n0","n3","n4"],"type":"gossip_ok"}}
2025/04/21 10:11:24 Sent {"src":"n2","dest":"c12","body":{"in_reply_to":13,"messages":[30,26,2,24,19,21,34,1,3,14,22,10,8,11,18,35,15,9,25,28,23,5,0,4,7,6,17,13,20,32,27,12,16,29,31],"msg_id":49,"type":"read_ok"}}
2025/04/21 10:11:24 Received {n1 n2 {"data_id":"c11_16","message":39,"msg_id":76,"seen_nodes":["n1","n4","n2"],"type":"gossip"}}
2025/04/21 10:11:24 Received {c12 n2 {"type":"broadcast","message":44,"msg_id":14}}
2025/04/21 10:11:24 Sent {"src":"n2","dest":"n1","body":{"already_seen":false,"in_reply_to":76,"msg_id":50,"seen_nodes":["n2","n1","n4"],"type":"gossip_ok"}}
2025/04/21 10:11:24 Sent {"src":"n2","dest":"n1","body":{"data_id":"c12_14","message":44,"msg_id":9,"seen_nodes":["n2","n1"],"type":"gossip"}}
2025/04/21 10:11:24 Sent {"src":"n2","dest":"c12","body":{"in_reply_to":14,"msg_id":52,"type":"broadcast_ok"}}
2025/04/21 10:11:25 Received {n1 n2 {"data_id":"c11_17","message":41,"msg_id":79,"seen_nodes":["n1","n4","n2"],"type":"gossip"}}
2025/04/21 10:11:25 Received {c12 n2 {"type":"broadcast","message":45,"msg_id":15}}
2025/04/21 10:11:25 Received {n1 n2 {"data_id":"c10_12","message":33,"msg_id":82,"seen_nodes":["n1","n0","n3","n4","n2"],"type":"gossip"}}
2025/04/21 10:11:25 Sent {"src":"n2","dest":"n1","body":{"already_seen":false,"in_reply_to":79,"msg_id":53,"seen_nodes":["n2","n1","n4"],"type":"gossip_ok"}}
2025/04/21 10:11:25 Sent {"src":"n2","dest":"n1","body":{"already_seen":false,"in_reply_to":82,"msg_id":54,"seen_nodes":["n2","n1","n0","n3","n4"],"type":"gossip_ok"}}
2025/04/21 10:11:25 Sent {"src":"n2","dest":"n1","body":{"data_id":"c12_15","message":45,"msg_id":10,"seen_nodes":["n2","n1"],"type":"gossip"}}
2025/04/21 10:11:25 Sent {"src":"n2","dest":"c12","body":{"in_reply_to":15,"msg_id":56,"type":"broadcast_ok"}}
2025/04/21 10:11:25 Received {n1 n2 {"already_seen":false,"in_reply_to":8,"msg_id":142,"seen_nodes":["n1","n2","n4","n0"],"type":"gossip_ok"}}
2025/04/21 10:11:25 Received {n1 n2 {"data_id":"c10_13","message":40,"msg_id":86,"seen_nodes":["n1","n0","n3","n4","n2"],"type":"gossip"}}
2025/04/21 10:11:25 Sent {"src":"n2","dest":"n1","body":{"already_seen":false,"in_reply_to":86,"msg_id":57,"seen_nodes":["n2","n1","n0","n3","n4"],"type":"gossip_ok"}}
2025/04/21 10:11:26 Received {n1 n2 {"data_id":"c14_8","message":43,"msg_id":88,"seen_nodes":["n1","n4","n2"],"type":"gossip"}}
2025/04/21 10:11:26 Received {c12 n2 {"type":"read","msg_id":16}}
2025/04/21 10:11:26 Received {n1 n2 {"data_id":"c13_12","message":36,"msg_id":90,"seen_nodes":["n1","n0","n3","n4","n2"],"type":"gossip"}}
2025/04/21 10:11:26 Received {n1 n2 {"data_id":"c11_18","message":48,"msg_id":92,"seen_nodes":["n1","n4","n2"],"type":"gossip"}}
2025/04/21 10:11:26 Sent {"src":"n2","dest":"n1","body":{"already_seen":false,"in_reply_to":88,"msg_id":58,"seen_nodes":["n2","n1","n4"],"type":"gossip_ok"}}
2025/04/21 10:11:26 Sent {"src":"n2","dest":"n1","body":{"already_seen":false,"in_reply_to":90,"msg_id":60,"seen_nodes":["n2","n1","n0","n3","n4"],"type":"gossip_ok"}}
2025/04/21 10:11:26 Sent {"src":"n2","dest":"c12","body":{"in_reply_to":16,"messages":[32,39,20,16,29,31,27,41,45,12,24,19,21,30,26,40,2,3,14,22,34,43,1,8,11,44,10,9,25,28,18,35,33,15,0,4,7,23,5,17,13,6],"msg_id":59,"type":"read_ok"}}
2025/04/21 10:11:26 Sent {"src":"n2","dest":"n1","body":{"already_seen":false,"in_reply_to":92,"msg_id":61,"seen_nodes":["n2","n1","n4"],"type":"gossip_ok"}}
2025/04/21 10:11:26 Received {n1 n2 {"data_id":"c13_13","message":37,"msg_id":95,"seen_nodes":["n1","n0","n3","n4","n2"],"type":"gossip"}}
2025/04/21 10:11:26 Sent {"src":"n2","dest":"n1","body":{"already_seen":false,"in_reply_to":95,"msg_id":62,"seen_nodes":["n2","n1","n0","n3","n4"],"type":"gossip_ok"}}
2025/04/21 10:11:26 Received {n1 n2 {"data_id":"c13_14","message":38,"msg_id":97,"seen_nodes":["n1","n0","n3","n4","n2"],"type":"gossip"}}
2025/04/21 10:11:26 Sent {"src":"n2","dest":"n1","body":{"already_seen":false,"in_reply_to":97,"msg_id":63,"seen_nodes":["n2","n1","n0","n3","n4"],"type":"gossip_ok"}}
2025/04/21 10:11:26 Received {n1 n2 {"already_seen":false,"in_reply_to":9,"msg_id":170,"seen_nodes":["n1","n2","n4","n0"],"type":"gossip_ok"}}
2025/04/21 10:11:27 Received {n1 n2 {"data_id":"c13_15","message":42,"msg_id":101,"seen_nodes":["n1","n0","n3","n4","n2"],"type":"gossip"}}
2025/04/21 10:11:27 Received {c12 n2 {"type":"broadcast","message":55,"msg_id":17}}
2025/04/21 10:11:27 Received {n1 n2 {"data_id":"c14_9","message":46,"msg_id":102,"seen_nodes":["n1","n4","n2"],"type":"gossip"}}
2025/04/21 10:11:27 Sent {"src":"n2","dest":"n1","body":{"data_id":"c12_17","message":55,"msg_id":11,"seen_nodes":["n2","n1"],"type":"gossip"}}
2025/04/21 10:11:27 Sent {"src":"n2","dest":"c12","body":{"in_reply_to":17,"msg_id":65,"type":"broadcast_ok"}}
2025/04/21 10:11:27 Sent {"src":"n2","dest":"n1","body":{"already_seen":false,"in_reply_to":102,"msg_id":66,"seen_nodes":["n2","n1","n4"],"type":"gossip_ok"}}
2025/04/21 10:11:27 Received {n1 n2 {"already_seen":false,"in_reply_to":10,"msg_id":180,"seen_nodes":["n1","n2","n4","n0"],"type":"gossip_ok"}}
2025/04/21 10:11:27 Sent {"src":"n2","dest":"n1","body":{"already_seen":false,"in_reply_to":101,"msg_id":67,"seen_nodes":["n2","n1","n0","n3","n4"],"type":"gossip_ok"}}
2025/04/21 10:11:27 Received {n1 n2 {"data_id":"c10_15","message":47,"msg_id":107,"seen_nodes":["n1","n0","n3","n4","n2"],"type":"gossip"}}
2025/04/21 10:11:27 Sent {"src":"n2","dest":"n1","body":{"already_seen":false,"in_reply_to":107,"msg_id":68,"seen_nodes":["n2","n1","n0","n3","n4"],"type":"gossip_ok"}}
2025/04/21 10:11:27 Received {n1 n2 {"data_id":"c11_22","message":54,"msg_id":109,"seen_nodes":["n1","n4","n2"],"type":"gossip"}}
2025/04/21 10:11:27 Received {n1 n2 {"data_id":"c10_16","message":50,"msg_id":112,"seen_nodes":["n1","n0","n3","n4","n2"],"type":"gossip"}}
2025/04/21 10:11:27 Sent {"src":"n2","dest":"n1","body":{"already_seen":false,"in_reply_to":109,"msg_id":69,"seen_nodes":["n2","n1","n4"],"type":"gossip_ok"}}
2025/04/21 10:11:27 Sent {"src":"n2","dest":"n1","body":{"already_seen":false,"in_reply_to":112,"msg_id":70,"seen_nodes":["n2","n1","n0","n3","n4"],"type":"gossip_ok"}}
2025/04/21 10:11:28 Received {n1 n2 {"data_id":"c11_23","message":58,"msg_id":114,"seen_nodes":["n1","n4","n2"],"type":"gossip"}}
2025/04/21 10:11:28 Received {c12 n2 {"type":"broadcast","message":64,"msg_id":18}}
2025/04/21 10:11:28 Received {n1 n2 {"data_id":"c14_11","message":53,"msg_id":116,"seen_nodes":["n1","n4","n2"],"type":"gossip"}}
2025/04/21 10:11:28 Sent {"src":"n2","dest":"n1","body":{"already_seen":false,"in_reply_to":114,"msg_id":71,"seen_nodes":["n2","n1","n4"],"type":"gossip_ok"}}
2025/04/21 10:11:28 Sent {"src":"n2","dest":"n1","body":{"already_seen":false,"in_reply_to":116,"msg_id":72,"seen_nodes":["n2","n1","n4"],"type":"gossip_ok"}}
2025/04/21 10:11:28 Sent {"src":"n2","dest":"n1","body":{"data_id":"c12_18","message":64,"msg_id":12,"seen_nodes":["n2","n1"],"type":"gossip"}}
2025/04/21 10:11:28 Sent {"src":"n2","dest":"c12","body":{"in_reply_to":18,"msg_id":74,"type":"broadcast_ok"}}
2025/04/21 10:11:28 Received {n1 n2 {"data_id":"c10_17","message":51,"msg_id":119,"seen_nodes":["n1","n0","n3","n4","n2"],"type":"gossip"}}
2025/04/21 10:11:28 Sent {"src":"n2","dest":"n1","body":{"already_seen":false,"in_reply_to":119,"msg_id":75,"seen_nodes":["n2","n1","n0","n3","n4"],"type":"gossip_ok"}}
2025/04/21 10:11:28 Received {n1 n2 {"data_id":"c11_24","message":59,"msg_id":121,"seen_nodes":["n1","n4","n2"],"type":"gossip"}}
2025/04/21 10:11:28 Received {c12 n2 {"type":"broadcast","message":65,"msg_id":19}}
2025/04/21 10:11:28 Received {n1 n2 {"data_id":"c13_17","message":49,"msg_id":123,"seen_nodes":["n1","n4","n3","n0","n2"],"type":"gossip"}}
2025/04/21 10:11:28 Sent {"src":"n2","dest":"n1","body":{"already_seen":false,"in_reply_to":121,"msg_id":76,"seen_nodes":["n2","n1","n4"],"type":"gossip_ok"}}
2025/04/21 10:11:28 Sent {"src":"n2","dest":"n1","body":{"data_id":"c12_19","message":65,"msg_id":13,"seen_nodes":["n2","n1"],"type":"gossip"}}
2025/04/21 10:11:28 Sent {"src":"n2","dest":"n1","body":{"already_seen":false,"in_reply_to":123,"msg_id":78,"seen_nodes":["n2","n1","n4","n3","n0"],"type":"gossip_ok"}}
2025/04/21 10:11:28 Sent {"src":"n2","dest":"c12","body":{"in_reply_to":19,"msg_id":79,"type":"broadcast_ok"}}
2025/04/21 10:11:29 Received {n1 n2 {"data_id":"c11_25","message":63,"msg_id":126,"seen_nodes":["n1","n4","n2"],"type":"gossip"}}
2025/04/21 10:11:29 Received {c12 n2 {"type":"read","msg_id":20}}
2025/04/21 10:11:29 Sent {"src":"n2","dest":"n1","body":{"already_seen":false,"in_reply_to":126,"msg_id":80,"seen_nodes":["n2","n1","n4"],"type":"gossip_ok"}}
2025/04/21 10:11:29 Sent {"src":"n2","dest":"c12","body":{"in_reply_to":20,"messages":[16,29,27,41,55,53,59,22,34,46,51,8,11,9,33,58,0,7,17,20,32,48,64,12,31,45,47,49,2,24,19,21,30,26,40,1,3,14,43,50,65,10,44,38,42,15,25,28,18,35,37,5,4,23,36,54,63,6,13,39],"msg_id":81,"type":"read_ok"}}
2025/04/21 10:11:29 Received {n1 n2 {"already_seen":false,"in_reply_to":11,"msg_id":219,"seen_nodes":["n1","n2","n4","n0"],"type":"gossip_ok"}}
2025/04/21 10:11:29 Received {n1 n2 {"data_id":"c13_18","message":52,"msg_id":130,"seen_nodes":["n1","n0","n3","n4","n2"],"type":"gossip"}}
2025/04/21 10:11:29 Received {n1 n2 {"data_id":"c10_19","message":57,"msg_id":132,"seen_nodes":["n1","n0","n3","n4","n2"],"type":"gossip"}}
2025/04/21 10:11:29 Sent {"src":"n2","dest":"n1","body":{"already_seen":false,"in_reply_to":130,"msg_id":82,"seen_nodes":["n2","n1","n0","n3","n4"],"type":"gossip_ok"}}
2025/04/21 10:11:29 Sent {"src":"n2","dest":"n1","body":{"already_seen":false,"in_reply_to":132,"msg_id":83,"seen_nodes":["n2","n1","n0","n3","n4"],"type":"gossip_ok"}}
2025/04/21 10:11:29 Received {n1 n2 {"data_id":"c14_14","message":61,"msg_id":133,"seen_nodes":["n1","n4","n2"],"type":"gossip"}}
2025/04/21 10:11:29 Sent {"src":"n2","dest":"n1","body":{"already_seen":false,"in_reply_to":133,"msg_id":84,"seen_nodes":["n2","n1","n4"],"type":"gossip_ok"}}
2025/04/21 10:11:30 Received {n1 n2 {"data_id":"c11_26","message":68,"msg_id":138,"seen_nodes":["n1","n4","n2"],"type":"gossip"}}
2025/04/21 10:11:30 Received {c12 n2 {"type":"broadcast","message":72,"msg_id":21}}
2025/04/21 10:11:30 Received {n1 n2 {"already_seen":false,"in_reply_to":12,"msg_id":236,"seen_nodes":["n1","n2","n4","n0"],"type":"gossip_ok"}}
2025/04/21 10:11:30 Received {n1 n2 {"data_id":"c13_19","message":56,"msg_id":140,"seen_nodes":["n1","n4","n3","n0","n2"],"type":"gossip"}}
2025/04/21 10:11:30 Received {n1 n2 {"data_id":"c10_20","message":62,"msg_id":142,"seen_nodes":["n1","n0","n3","n4","n2"],"type":"gossip"}}
2025/04/21 10:11:30 Sent {"src":"n2","dest":"n1","body":{"already_seen":false,"in_reply_to":138,"msg_id":85,"seen_nodes":["n2","n1","n4"],"type":"gossip_ok"}}
2025/04/21 10:11:30 Sent {"src":"n2","dest":"n1","body":{"data_id":"c12_21","message":72,"msg_id":14,"seen_nodes":["n2","n1"],"type":"gossip"}}
2025/04/21 10:11:30 Sent {"src":"n2","dest":"c12","body":{"in_reply_to":21,"msg_id":89,"type":"broadcast_ok"}}
2025/04/21 10:11:30 Sent {"src":"n2","dest":"n1","body":{"already_seen":false,"in_reply_to":140,"msg_id":87,"seen_nodes":["n2","n1","n4","n3","n0"],"type":"gossip_ok"}}
2025/04/21 10:11:30 Sent {"src":"n2","dest":"n1","body":{"already_seen":false,"in_reply_to":142,"msg_id":88,"seen_nodes":["n2","n1","n0","n3","n4"],"type":"gossip_ok"}}
2025/04/21 10:11:30 Received {n1 n2 {"data_id":"c14_15","message":66,"msg_id":143,"seen_nodes":["n1","n4","n2"],"type":"gossip"}}
2025/04/21 10:11:30 Received {c12 n2 {"type":"read","msg_id":22}}
2025/04/21 10:11:30 Received {n1 n2 {"data_id":"c11_27","message":70,"msg_id":147,"seen_nodes":["n1","n4","n2"],"type":"gossip"}}
2025/04/21 10:11:30 Sent {"src":"n2","dest":"n1","body":{"already_seen":false,"in_reply_to":143,"msg_id":90,"seen_nodes":["n2","n1","n4"],"type":"gossip_ok"}}
2025/04/21 10:11:30 Sent {"src":"n2","dest":"n1","body":{"already_seen":false,"in_reply_to":147,"msg_id":92,"seen_nodes":["n2","n1","n4"],"type":"gossip_ok"}}
2025/04/21 10:11:30 Sent {"src":"n2","dest":"c12","body":{"in_reply_to":22,"messages":[65,1,3,14,43,50,10,44,38,42,37,62,15,25,28,18,35,63,5,4,23,36,54,6,13,39,53,16,29,27,41,55,59,22,34,46,51,61,8,11,9,33,58,0,7,57,17,56,20,32,48,64,68,72,12,31,45,47,49,26,40,52,2,24,19,21,30,66],"msg_id":91,"type":"read_ok"}}
2025/04/21 10:11:30 Received {n1 n2 {"already_seen":false,"in_reply_to":13,"msg_id":252,"seen_nodes":["n1","n2","n4","n0"],"type":"gossip_ok"}}
2025/04/21 10:11:31 Received {n1 n2 {"data_id":"c13_21","message":60,"msg_id":151,"seen_nodes":["n1","n0","n3","n4","n2"],"type":"gossip"}}
2025/04/21 10:11:31 Received {c12 n2 {"type":"read","msg_id":23}}
2025/04/21 10:11:31 Received {n1 n2 {"data_id":"c10_21","message":67,"msg_id":153,"seen_nodes":["n1","n0","n3","n4","n2"],"type":"gossip"}}
2025/04/21 10:11:31 Sent {"src":"n2","dest":"n1","body":{"already_seen":false,"in_reply_to":153,"msg_id":93,"seen_nodes":["n2","n1","n0","n3","n4"],"type":"gossip_ok"}}
2025/04/21 10:11:31 Sent {"src":"n2","dest":"n1","body":{"already_seen":false,"in_reply_to":151,"msg_id":94,"seen_nodes":["n2","n1","n0","n3","n4"],"type":"gossip_ok"}}
2025/04/21 10:11:31 Sent {"src":"n2","dest":"c12","body":{"in_reply_to":23,"messages":[8,11,9,33,58,0,7,57,60,17,56,20,32,48,64,12,31,45,47,49,68,72,2,24,19,21,30,26,40,52,66,1,3,14,43,50,65,10,44,38,42,15,25,28,18,35,37,62,5,4,23,36,54,63,70,6,13,39,16,29,27,41,55,53,59,67,22,34,46,51,61],"msg_id":95,"type":"read_ok"}}
2025/04/21 10:11:31 Received {n1 n2 {"data_id":"c10_22","message":71,"msg_id":156,"seen_nodes":["n1","n0","n3","n4","n2"],"type":"gossip"}}
2025/04/21 10:11:31 Received {c12 n2 {"type":"broadcast","message":81,"msg_id":24}}
2025/04/21 10:11:31 Received {n1 n2 {"data_id":"c11_30","message":78,"msg_id":157,"seen_nodes":["n1","n4","n2"],"type":"gossip"}}
2025/04/21 10:11:31 Sent {"src":"n2","dest":"n1","body":{"already_seen":false,"in_reply_to":156,"msg_id":96,"seen_nodes":["n2","n1","n0","n3","n4"],"type":"gossip_ok"}}
2025/04/21 10:11:31 Sent {"src":"n2","dest":"n1","body":{"data_id":"c12_24","message":81,"msg_id":15,"seen_nodes":["n2","n1"],"type":"gossip"}}
2025/04/21 10:11:31 Sent {"src":"n2","dest":"c12","body":{"in_reply_to":24,"msg_id":99,"type":"broadcast_ok"}}
2025/04/21 10:11:31 Sent {"src":"n2","dest":"n1","body":{"already_seen":false,"in_reply_to":157,"msg_id":98,"seen_nodes":["n2","n1","n4"],"type":"gossip_ok"}}
2025/04/21 10:11:32 Received {n1 n2 {"data_id":"c14_17","message":73,"msg_id":159,"seen_nodes":["n1","n4","n2"],"type":"gossip"}}
2025/04/21 10:11:32 Received {c12 n2 {"type":"read","msg_id":25}}
2025/04/21 10:11:32 Sent {"src":"n2","dest":"n1","body":{"already_seen":false,"in_reply_to":159,"msg_id":100,"seen_nodes":["n2","n1","n4"],"type":"gossip_ok"}}
2025/04/21 10:11:32 Sent {"src":"n2","dest":"c12","body":{"in_reply_to":25,"messages":[20,32,48,64,72,73,12,31,45,47,49,68,40,52,2,24,19,21,30,26,66,71,1,3,14,43,50,65,10,44,38,42,62,15,25,28,18,35,37,70,5,4,23,36,54,63,6,13,39,16,29,27,41,55,53,59,67,78,22,34,46,51,61,8,11,9,33,58,0,7,57,60,81,17,56],"msg_id":101,"type":"read_ok"}}
2025/04/21 10:11:32 Received {n1 n2 {"already_seen":false,"in_reply_to":14,"msg_id":278,"seen_nodes":["n1","n2","n4","n0"],"type":"gossip_ok"}}
2025/04/21 10:11:32 Received {n1 n2 {"data_id":"c10_23","message":74,"msg_id":164,"seen_nodes":["n1","n0","n3","n4","n2"],"type":"gossip"}}
2025/04/21 10:11:32 Received {n1 n2 {"data_id":"c13_22","message":69,"msg_id":166,"seen_nodes":["n1","n0","n3","n4","n2"],"type":"gossip"}}
2025/04/21 10:11:32 Sent {"src":"n2","dest":"n1","body":{"already_seen":false,"in_reply_to":164,"msg_id":102,"seen_nodes":["n2","n1","n0","n3","n4"],"type":"gossip_ok"}}
2025/04/21 10:11:32 Sent {"src":"n2","dest":"n1","body":{"already_seen":false,"in_reply_to":166,"msg_id":103,"seen_nodes":["n2","n1","n0","n3","n4"],"type":"gossip_ok"}}
2025/04/21 10:11:32 Received {n1 n2 {"data_id":"c10_24","message":75,"msg_id":168,"seen_nodes":["n1","n0","n3","n4","n2"],"type":"gossip"}}
2025/04/21 10:11:32 Received {c12 n2 {"type":"read","msg_id":26}}
2025/04/21 10:11:32 Sent {"src":"n2","dest":"n1","body":{"already_seen":false,"in_reply_to":168,"msg_id":104,"seen_nodes":["n2","n1","n0","n3","n4"],"type":"gossip_ok"}}
2025/04/21 10:11:32 Sent {"src":"n2","dest":"c12","body":{"in_reply_to":26,"messages":[42,75,10,44,38,18,35,37,62,15,25,28,36,54,63,70,5,4,23,6,13,39,41,55,53,16,29,27,59,67,78,51,61,22,34,46,8,11,69,9,33,58,60,81,74,0,7,57,17,56,64,20,32,48,47,49,68,72,73,12,31,45,21,30,26,40,52,2,24,19,66,71,43,50,65,1,3,14],"msg_id":105,"type":"read_ok"}}
2025/04/21 10:11:33 Received {n1 n2 {"data_id":"c11_33","message":80,"msg_id":171,"seen_nodes":["n1","n4","n2"],"type":"gossip"}}
2025/04/21 10:11:33 Received {c12 n2 {"type":"read","msg_id":27}}
2025/04/21 10:11:33 Received {n1 n2 {"data_id":"c14_19","message":76,"msg_id":169,"seen_nodes":["n1","n4","n2"],"type":"gossip"}}
2025/04/21 10:11:33 Sent {"src":"n2","dest":"n1","body":{"already_seen":false,"in_reply_to":171,"msg_id":106,"seen_nodes":["n2","n1","n4"],"type":"gossip_ok"}}
2025/04/21 10:11:33 Received {n1 n2 {"data_id":"c10_26","message":77,"msg_id":175,"seen_nodes":["n1","n0","n3","n4","n2"],"type":"gossip"}}
2025/04/21 10:11:33 Sent {"src":"n2","dest":"n1","body":{"already_seen":false,"in_reply_to":169,"msg_id":108,"seen_nodes":["n2","n1","n4"],"type":"gossip_ok"}}
2025/04/21 10:11:33 Sent {"src":"n2","dest":"c12","body":{"in_reply_to":27,"messages":[39,55,53,16,29,27,41,59,67,78,61,22,34,46,51,8,11,69,9,33,58,81,74,0,7,57,60,17,56,80,20,32,48,64,49,68,72,73,12,31,45,47,30,26,40,52,2,24,19,21,66,71,50,65,1,3,14,43,75,10,44,38,42,35,37,62,15,25,28,18,54,63,70,5,4,23,36,6,13],"msg_id":107,"type":"read_ok"}}
2025/04/21 10:11:33 Sent {"src":"n2","dest":"n1","body":{"already_seen":false,"in_reply_to":175,"msg_id":109,"seen_nodes":["n2","n1","n0","n3","n4"],"type":"gossip_ok"}}
2025/04/21 10:11:33 Received {n1 n2 {"already_seen":false,"in_reply_to":15,"msg_id":303,"seen_nodes":["n1","n2","n4","n0"],"type":"gossip_ok"}}
2025/04/21 10:11:33 Received {n1 n2 {"data_id":"c14_20","message":83,"msg_id":178,"seen_nodes":["n1","n4","n2"],"type":"gossip"}}
2025/04/21 10:11:33 Sent {"src":"n2","dest":"n1","body":{"already_seen":false,"in_reply_to":178,"msg_id":110,"seen_nodes":["n2","n1","n4"],"type":"gossip_ok"}}
2025/04/21 10:11:34 Received {n1 n2 {"data_id":"c10_27","message":84,"msg_id":181,"seen_nodes":["n1","n0","n3","n4","n2"],"type":"gossip"}}
2025/04/21 10:11:34 Received {c12 n2 {"type":"read","msg_id":28}}
2025/04/21 10:11:34 Sent {"src":"n2","dest":"n1","body":{"already_seen":false,"in_reply_to":181,"msg_id":111,"seen_nodes":["n2","n1","n0","n3","n4"],"type":"gossip_ok"}}
2025/04/21 10:11:34 Sent {"src":"n2","dest":"c12","body":{"in_reply_to":28,"messages":[51,61,22,34,46,8,11,69,9,33,58,60,81,74,0,7,57,17,56,80,64,20,32,48,47,49,68,72,73,12,31,45,21,30,26,40,52,2,24,19,66,71,43,50,65,1,3,14,42,75,10,44,38,18,35,37,62,15,25,28,36,54,63,70,5,4,23,6,13,39,41,55,53,76,83,16,29,27,77,84,59,67,78],"msg_id":112,"type":"read_ok"}}
2025/04/21 10:11:34 Received {n1 n2 {"data_id":"c14_21","message":85,"msg_id":182,"seen_nodes":["n1","n4","n2"],"type":"gossip"}}
2025/04/21 10:11:34 Sent {"src":"n2","dest":"n1","body":{"already_seen":false,"in_reply_to":182,"msg_id":113,"seen_nodes":["n2","n1","n4"],"type":"gossip_ok"}}
2025/04/21 10:11:34 Received {n1 n2 {"data_id":"c11_35","message":88,"msg_id":185,"seen_nodes":["n1","n4","n2"],"type":"gossip"}}
2025/04/21 10:11:34 Received {c12 n2 {"type":"broadcast","message":93,"msg_id":29}}
2025/04/21 10:11:34 Received {n1 n2 {"data_id":"c14_22","message":86,"msg_id":187,"seen_nodes":["n1","n4","n2"],"type":"gossip"}}
2025/04/21 10:11:34 Sent {"src":"n2","dest":"n1","body":{"already_seen":false,"in_reply_to":185,"msg_id":114,"seen_nodes":["n2","n1","n4"],"type":"gossip_ok"}}
2025/04/21 10:11:34 Sent {"src":"n2","dest":"n1","body":{"data_id":"c12_29","message":93,"msg_id":16,"seen_nodes":["n2","n1"],"type":"gossip"}}
2025/04/21 10:11:34 Sent {"src":"n2","dest":"n1","body":{"already_seen":false,"in_reply_to":187,"msg_id":116,"seen_nodes":["n2","n1","n4"],"type":"gossip_ok"}}
2025/04/21 10:11:34 Sent {"src":"n2","dest":"c12","body":{"in_reply_to":29,"msg_id":117,"type":"broadcast_ok"}}
2025/04/21 10:11:34 Received {n1 n2 {"data_id":"c13_27","message":79,"msg_id":189,"seen_nodes":["n1","n4","n3","n0","n2"],"type":"gossip"}}
2025/04/21 10:11:34 Received {n1 n2 {"data_id":"c11_36","message":89,"msg_id":191,"seen_nodes":["n1","n4","n2"],"type":"gossip"}}
2025/04/21 10:11:34 Sent {"src":"n2","dest":"n1","body":{"already_seen":false,"in_reply_to":191,"msg_id":118,"seen_nodes":["n2","n1","n4"],"type":"gossip_ok"}}
2025/04/21 10:11:34 Sent {"src":"n2","dest":"n1","body":{"already_seen":false,"in_reply_to":189,"msg_id":119,"seen_nodes":["n2","n1","n4","n3","n0"],"type":"gossip_ok"}}
2025/04/21 10:11:35 Received {n1 n2 {"data_id":"c13_28","message":82,"msg_id":194,"seen_nodes":["n1","n0","n3","n4","n2"],"type":"gossip"}}
2025/04/21 10:11:35 Received {c12 n2 {"type":"read","msg_id":30}}
2025/04/21 10:11:35 Received {n1 n2 {"data_id":"c10_28","message":87,"msg_id":196,"seen_nodes":["n1","n0","n3","n4","n2"],"type":"gossip"}}
2025/04/21 10:11:35 Sent {"src":"n2","dest":"n1","body":{"already_seen":false,"in_reply_to":194,"msg_id":120,"seen_nodes":["n2","n1","n0","n3","n4"],"type":"gossip_ok"}}
2025/04/21 10:11:35 Sent {"src":"n2","dest":"n1","body":{"already_seen":false,"in_reply_to":196,"msg_id":122,"seen_nodes":["n2","n1","n0","n3","n4"],"type":"gossip_ok"}}
2025/04/21 10:11:35 Sent {"src":"n2","dest":"c12","body":{"in_reply_to":30,"messages":[42,75,85,89,79,10,44,38,18,35,37,62,15,25,28,36,54,63,70,5,4,23,6,13,82,39,41,55,53,76,83,16,29,27,77,84,59,67,78,51,61,22,34,46,8,11,69,9,33,58,60,81,74,0,7,57,17,56,80,64,93,20,32,48,47,49,68,72,73,12,31,45,88,86,21,30,26,40,52,2,24,19,66,71,43,50,65,1,3,14],"msg_id":121,"type":"read_ok"}}
2025/04/21 10:11:35 Received {n1 n2 {"data_id":"c10_29","message":90,"msg_id":198,"seen_nodes":["n1","n0","n3","n4","n2"],"type":"gossip"}}
2025/04/21 10:11:35 Sent {"src":"n2","dest":"n1","body":{"already_seen":false,"in_reply_to":198,"msg_id":123,"seen_nodes":["n2","n1","n0","n3","n4"],"type":"gossip_ok"}}
2025/04/21 10:11:36 Received {n1 n2 {"data_id":"c14_24","message":91,"msg_id":200,"seen_nodes":["n1","n4","n2"],"type":"gossip"}}
2025/04/21 10:11:36 Received {c12 n2 {"type":"broadcast","message":98,"msg_id":31}}
2025/04/21 10:11:36 Received {n1 n2 {"data_id":"c11_38","message":96,"msg_id":201,"seen_nodes":["n1","n4","n2"],"type":"gossip"}}
2025/04/21 10:11:36 Received {n1 n2 {"data_id":"c10_30","message":92,"msg_id":204,"seen_nodes":["n1","n0","n3","n4","n2"],"type":"gossip"}}
2025/04/21 10:11:36 Sent {"src":"n2","dest":"n1","body":{"already_seen":false,"in_reply_to":200,"msg_id":124,"seen_nodes":["n2","n1","n4"],"type":"gossip_ok"}}
2025/04/21 10:11:36 Sent {"src":"n2","dest":"n1","body":{"already_seen":false,"in_reply_to":201,"msg_id":126,"seen_nodes":["n2","n1","n4"],"type":"gossip_ok"}}
2025/04/21 10:11:36 Sent {"src":"n2","dest":"n1","body":{"data_id":"c12_31","message":98,"msg_id":17,"seen_nodes":["n2","n1"],"type":"gossip"}}
2025/04/21 10:11:36 Sent {"src":"n2","dest":"c12","body":{"in_reply_to":31,"msg_id":128,"type":"broadcast_ok"}}
2025/04/21 10:11:36 Sent {"src":"n2","dest":"n1","body":{"already_seen":false,"in_reply_to":204,"msg_id":127,"seen_nodes":["n2","n1","n0","n3","n4"],"type":"gossip_ok"}}
2025/04/21 10:11:36 Received {n1 n2 {"already_seen":false,"in_reply_to":16,"msg_id":354,"seen_nodes":["n1","n2","n4","n0"],"type":"gossip_ok"}}
2025/04/21 10:11:36 Received {c12 n2 {"type":"broadcast","message":101,"msg_id":32}}
2025/04/21 10:11:36 Sent {"src":"n2","dest":"n1","body":{"data_id":"c12_32","message":101,"msg_id":18,"seen_nodes":["n2","n1"],"type":"gossip"}}
2025/04/21 10:11:36 Sent {"src":"n2","dest":"c12","body":{"in_reply_to":32,"msg_id":130,"type":"broadcast_ok"}}
2025/04/21 10:11:37 Received {n1 n2 {"data_id":"c10_32","message":95,"msg_id":209,"seen_nodes":["n1","n0","n3","n4","n2"],"type":"gossip"}}
2025/04/21 10:11:37 Received {c12 n2 {"type":"read","msg_id":33}}
2025/04/21 10:11:37 Sent {"src":"n2","dest":"n1","body":{"already_seen":false,"in_reply_to":209,"msg_id":131,"seen_nodes":["n2","n1","n0","n3","n4"],"type":"gossip_ok"}}
2025/04/21 10:11:37 Sent {"src":"n2","dest":"c12","body":{"in_reply_to":33,"messages":[58,9,33,57,60,81,74,91,92,0,7,80,87,17,56,48,64,93,96,20,32,45,47,49,68,72,73,12,31,88,86,19,21,30,26,40,52,2,24,98,66,71,14,43,50,65,101,1,3,38,42,75,85,89,79,10,44,28,18,35,37,62,90,15,25,23,36,54,63,70,5,4,82,6,13,39,95,27,41,55,53,76,83,16,29,78,77,84,59,67,46,51,61,22,34,69,8,11],"msg_id":132,"type":"read_ok"}}
2025/04/21 10:11:37 Received {n1 n2 {"data_id":"c13_32","message":94,"msg_id":211,"seen_nodes":["n1","n4","n3","n0","n2"],"type":"gossip"}}
2025/04/21 10:11:37 Received {n1 n2 {"data_id":"c10_33","message":97,"msg_id":212,"seen_nodes":["n1","n0","n3","n4","n2"],"type":"gossip"}}
2025/04/21 10:11:37 Sent {"src":"n2","dest":"n1","body":{"already_seen":false,"in_reply_to":212,"msg_id":133,"seen_nodes":["n2","n1","n0","n3","n4"],"type":"gossip_ok"}}
2025/04/21 10:11:37 Sent {"src":"n2","dest":"n1","body":{"already_seen":false,"in_reply_to":211,"msg_id":134,"seen_nodes":["n2","n1","n4","n3","n0"],"type":"gossip_ok"}}
2025/04/21 10:11:38 Received {n1 n2 {"data_id":"c10_34","message":99,"msg_id":214,"seen_nodes":["n1","n0","n3","n4","n2"],"type":"gossip"}}
2025/04/21 10:11:38 Sent {"src":"n2","dest":"n1","body":{"already_seen":false,"in_reply_to":214,"msg_id":135,"seen_nodes":["n2","n1","n0","n3","n4"],"type":"gossip_ok"}}
2025/04/21 10:11:38 Received {n1 n2 {"already_seen":false,"in_reply_to":17,"msg_id":373,"seen_nodes":["n1","n2","n4","n0"],"type":"gossip_ok"}}
2025/04/21 10:11:38 Received {n1 n2 {"data_id":"c11_42","message":105,"msg_id":220,"seen_nodes":["n1","n4","n2"],"type":"gossip"}}
2025/04/21 10:11:38 Received {n1 n2 {"data_id":"c10_35","message":100,"msg_id":219,"seen_nodes":["n1","n0","n3","n4","n2"],"type":"gossip"}}
2025/04/21 10:11:38 Sent {"src":"n2","dest":"n1","body":{"already_seen":false,"in_reply_to":219,"msg_id":137,"seen_nodes":["n2","n1","n0","n3","n4"],"type":"gossip_ok"}}
2025/04/21 10:11:38 Sent {"src":"n2","dest":"n1","body":{"already_seen":false,"in_reply_to":220,"msg_id":136,"seen_nodes":["n2","n1","n4"],"type":"gossip_ok"}}
2025/04/21 10:11:38 Received {n1 n2 {"already_seen":false,"in_reply_to":18,"msg_id":384,"seen_nodes":["n1","n2","n4","n0"],"type":"gossip_ok"}}
2025/04/21 10:11:39 Received {n1 n2 {"data_id":"c10_36","message":103,"msg_id":225,"seen_nodes":["n1","n0","n3","n4","n2"],"type":"gossip"}}
2025/04/21 10:11:39 Sent {"src":"n2","dest":"n1","body":{"already_seen":false,"in_reply_to":225,"msg_id":138,"seen_nodes":["n2","n1","n0","n3","n4"],"type":"gossip_ok"}}
2025/04/21 10:11:39 Received {n1 n2 {"data_id":"c13_36","message":102,"msg_id":226,"seen_nodes":["n1","n4","n3","n0","n2"],"type":"gossip"}}
2025/04/21 10:11:39 Sent {"src":"n2","dest":"n1","body":{"already_seen":false,"in_reply_to":226,"msg_id":139,"seen_nodes":["n2","n1","n4","n3","n0"],"type":"gossip_ok"}}
2025/04/21 10:11:40 Received {n1 n2 {"data_id":"c13_37","message":104,"msg_id":228,"seen_nodes":["n1","n0","n3","n4","n2"],"type":"gossip"}}
2025/04/21 10:11:40 Sent {"src":"n2","dest":"n1","body":{"already_seen":false,"in_reply_to":228,"msg_id":140,"seen_nodes":["n2","n1","n0","n3","n4"],"type":"gossip_ok"}}
2025/04/21 10:11:47 Received {c12 n2 {"type":"read","msg_id":34}}
2025/04/21 10:11:47 Sent {"src":"n2","dest":"c12","body":{"in_reply_to":34,"messages":[87,20,64,96,47,49,72,19,26,71,98,97,1,3,44,42,85,100,25,28,4,54,63,13,82,95,94,29,27,76,103,59,67,77,84,105,22,46,51,33,0,60,74,91,99,102,17,56,80,32,48,93,12,31,45,68,73,88,86,2,24,21,30,40,52,66,14,43,50,65,101,10,38,75,89,79,15,18,35,37,62,90,5,23,36,70,104,6,39,16,41,55,53,83,78,34,61,8,11,69,9,58,7,57,81,92],"msg_id":141,"type":"read_ok"}}
