2025/04/21 10:11:17 Received {c2 n3 {"type":"init","node_id":"n3","node_ids":["n0","n1","n2","n3","n4"],"msg_id":1}}
2025/04/21 10:11:17 Node n3 initialized
2025/04/21 10:11:17 Sent {"src":"n3","dest":"c2","body":{"in_reply_to":1,"type":"init_ok"}}
2025/04/21 10:11:17 Received {c8 n3 {"type":"topology","topology":{"n0":["n3","n1"],"n1":["n4","n2","n0"],"n2":["n1"],"n3":["n0","n4"],"n4":["n1","n3"]},"msg_id":1}}
2025/04/21 10:11:17 Sent {"src":"n3","dest":"c8","body":{"in_reply_to":1,"msg_id":1,"type":"topology_ok"}}
2025/04/21 10:11:18 Received {n0 n3 {"data_id":"c10_1","message":0,"msg_id":1,"seen_nodes":["n0","n3"],"type":"gossip"}}
2025/04/21 10:11:18 Sent {"src":"n3","dest":"n4","body":{"data_id":"c10_1","message":0,"msg_id":1,"seen_nodes":["n3","n0","n4"],"type":"gossip"}}
2025/04/21 10:11:18 Received {c13 n3 {"type":"broadcast","message":2,"msg_id":1}}
2025/04/21 10:11:18 Sent {"src":"n3","dest":"n0","body":{"already_seen":false,"in_reply_to":1,"msg_id":3,"seen_nodes":["n3","n0","n4"],"type":"gossip_ok"}}
2025/04/21 10:11:18 Sent {"src":"n3","dest":"n0","body":{"data_id":"c13_1","message":2,"msg_id":2,"seen_nodes":["n3","n0"],"type":"gossip"}}
2025/04/21 10:11:18 Sent {"src":"n3","dest":"n4","body":{"data_id":"c13_1","message":2,"msg_id":3,"seen_nodes":["n3","n0","n4"],"type":"gossip"}}
2025/04/21 10:11:18 Sent {"src":"n3","dest":"c13","body":{"in_reply_to":1,"msg_id":6,"type":"broadcast_ok"}}
2025/04/21 10:11:18 Received {n4 n3 {"data_id":"c14_1","message":3,"msg_id":2,"seen_nodes":["n4","n1","n3"],"type":"gossip"}}
2025/04/21 10:11:18 Sent {"src":"n3","dest":"n0","body":{"data_id":"c14_1","message":3,"msg_id":4,"seen_nodes":["n3","n4","n1","n0"],"type":"gossip"}}
2025/04/21 10:11:18 Sent {"src":"n3","dest":"n4","body":{"already_seen":false,"in_reply_to":2,"msg_id":8,"seen_nodes":["n3","n4","n1","n0"],"type":"gossip_ok"}}
2025/04/21 10:11:18 Received {c13 n3 {"type":"broadcast","message":11,"msg_id":2}}
2025/04/21 10:11:18 Sent {"src":"n3","dest":"n0","body":{"data_id":"c13_2","message":11,"msg_id":5,"seen_nodes":["n3","n0"],"type":"gossip"}}
2025/04/21 10:11:18 Sent {"src":"n3","dest":"n4","body":{"data_id":"c13_2","message":11,"msg_id":6,"seen_nodes":["n3","n0","n4"],"type":"gossip"}}
2025/04/21 10:11:18 Sent {"src":"n3","dest":"c13","body":{"in_reply_to":2,"msg_id":11,"type":"broadcast_ok"}}
2025/04/21 10:11:18 Received {n0 n3 {"data_id":"c10_2","message":4,"msg_id":3,"seen_nodes":["n0","n3"],"type":"gossip"}}
2025/04/21 10:11:18 Sent {"src":"n3","dest":"n4","body":{"data_id":"c10_2","message":4,"msg_id":7,"seen_nodes":["n3","n0","n4"],"type":"gossip"}}
2025/04/21 10:11:18 Sent {"src":"n3","dest":"n0","body":{"already_seen":false,"in_reply_to":3,"msg_id":13,"seen_nodes":["n3","n0","n4"],"type":"gossip_ok"}}
2025/04/21 10:11:18 Received {c13 n3 {"type":"broadcast","message":13,"msg_id":3}}
2025/04/21 10:11:18 Sent {"src":"n3","dest":"n0","body":{"data_id":"c13_3","message":13,"msg_id":8,"seen_nodes":["n3","n0"],"type":"gossip"}}
2025/04/21 10:11:18 Sent {"src":"n3","dest":"n4","body":{"data_id":"c13_3","message":13,"msg_id":9,"seen_nodes":["n3","n0","n4"],"type":"gossip"}}
2025/04/21 10:11:18 Sent {"src":"n3","dest":"c13","body":{"in_reply_to":3,"msg_id":16,"type":"broadcast_ok"}}
2025/04/21 10:11:19 Received {n4 n3 {"data_id":"c14_2","message":7,"msg_id":4,"seen_nodes":["n4","n1","n3"],"type":"gossip"}}
2025/04/21 10:11:19 Received {c13 n3 {"type":"read","msg_id":4}}
2025/04/21 10:11:19 Sent {"src":"n3","dest":"n0","body":{"data_id":"c14_2","message":7,"msg_id":10,"seen_nodes":["n3","n4","n1","n0"],"type":"gossip"}}
2025/04/21 10:11:19 Sent {"src":"n3","dest":"n4","body":{"already_seen":false,"in_reply_to":4,"msg_id":18,"seen_nodes":["n3","n4","n1","n0"],"type":"gossip_ok"}}
2025/04/21 10:11:19 Sent {"src":"n3","dest":"c13","body":{"in_reply_to":4,"messages":[0,2,3,11,4,13,7],"msg_id":19,"type":"read_ok"}}
2025/04/21 10:11:19 Received {c13 n3 {"type":"broadcast","message":16,"msg_id":5}}
2025/04/21 10:11:19 Sent {"src":"n3","dest":"n0","body":{"data_id":"c13_5","message":16,"msg_id":11,"seen_nodes":["n3","n0"],"type":"gossip"}}
2025/04/21 10:11:19 Sent {"src":"n3","dest":"n4","body":{"data_id":"c13_5","message":16,"msg_id":12,"seen_nodes":["n3","n0","n4"],"type":"gossip"}}
2025/04/21 10:11:19 Sent {"src":"n3","dest":"c13","body":{"in_reply_to":5,"msg_id":22,"type":"broadcast_ok"}}
2025/04/21 10:11:20 Received {n4 n3 {"already_seen":false,"in_reply_to":1,"msg_id":9,"seen_nodes":["n4","n3","n0","n1"],"type":"gossip_ok"}}
2025/04/21 10:11:20 Received {c13 n3 {"type":"broadcast","message":18,"msg_id":6}}
2025/04/21 10:11:20 Sent {"src":"n3","dest":"n0","body":{"data_id":"c13_6","message":18,"msg_id":13,"seen_nodes":["n3","n0"],"type":"gossip"}}
2025/04/21 10:11:20 Sent {"src":"n3","dest":"n4","body":{"data_id":"c13_6","message":18,"msg_id":14,"seen_nodes":["n3","n0","n4"],"type":"gossip"}}
2025/04/21 10:11:20 Sent {"src":"n3","dest":"c13","body":{"in_reply_to":6,"msg_id":25,"type":"broadcast_ok"}}
2025/04/21 10:11:20 Received {n0 n3 {"data_id":"c10_4","message":9,"msg_id":5,"seen_nodes":["n0","n3"],"type":"gossip"}}
2025/04/21 10:11:20 Sent {"src":"n3","dest":"n4","body":{"data_id":"c10_4","message":9,"msg_id":15,"seen_nodes":["n3","n0","n4"],"type":"gossip"}}
2025/04/21 10:11:20 Sent {"src":"n3","dest":"n0","body":{"already_seen":false,"in_reply_to":5,"msg_id":27,"seen_nodes":["n3","n0","n4"],"type":"gossip_ok"}}
2025/04/21 10:11:20 Received {n4 n3 {"data_id":"c14_3","message":8,"msg_id":7,"seen_nodes":["n4","n1","n3"],"type":"gossip"}}
2025/04/21 10:11:20 Sent {"src":"n3","dest":"n0","body":{"data_id":"c14_3","message":8,"msg_id":16,"seen_nodes":["n3","n4","n1","n0"],"type":"gossip"}}
2025/04/21 10:11:20 Sent {"src":"n3","dest":"n4","body":{"already_seen":false,"in_reply_to":7,"msg_id":29,"seen_nodes":["n3","n4","n1","n0"],"type":"gossip_ok"}}
2025/04/21 10:11:20 Received {n0 n3 {"already_seen":false,"in_reply_to":2,"msg_id":13,"seen_nodes":["n0","n3","n1"],"type":"gossip_ok"}}
2025/04/21 10:11:20 Received {n4 n3 {"already_seen":false,"in_reply_to":3,"msg_id":15,"seen_nodes":["n4","n3","n0","n1"],"type":"gossip_ok"}}
2025/04/21 10:11:20 Received {n4 n3 {"data_id":"c12_1","message":1,"msg_id":9,"seen_nodes":["n4","n1","n2","n3"],"type":"gossip"}}
2025/04/21 10:11:20 Sent {"src":"n3","dest":"n0","body":{"data_id":"c12_1","message":1,"msg_id":17,"seen_nodes":["n3","n4","n1","n2","n0"],"type":"gossip"}}
2025/04/21 10:11:20 Sent {"src":"n3","dest":"n4","body":{"already_seen":false,"in_reply_to":9,"msg_id":31,"seen_nodes":["n3","n4","n1","n2","n0"],"type":"gossip_ok"}}
2025/04/21 10:11:20 Received {n0 n3 {"data_id":"c12_1","message":1,"msg_id":8,"seen_nodes":["n0","n1","n2","n4","n3"],"type":"gossip"}}
2025/04/21 10:11:20 Sent {"src":"n3","dest":"n0","body":{"already_seen":true,"in_reply_to":8,"msg_id":32,"seen_nodes":["n3","n4","n1","n2","n0"],"type":"gossip_ok"}}
2025/04/21 10:11:20 Received {n0 n3 {"data_id":"c14_1","message":3,"msg_id":9,"seen_nodes":["n0","n1","n4","n2","n3"],"type":"gossip"}}
2025/04/21 10:11:20 Received {c13 n3 {"type":"broadcast","message":23,"msg_id":7}}
2025/04/21 10:11:20 Received {n0 n3 {"already_seen":true,"in_reply_to":4,"msg_id":19,"seen_nodes":["n0","n1","n4","n2","n3"],"type":"gossip_ok"}}
2025/04/21 10:11:20 Sent {"src":"n3","dest":"n0","body":{"already_seen":true,"in_reply_to":9,"msg_id":33,"seen_nodes":["n3","n4","n1","n0"],"type":"gossip_ok"}}
2025/04/21 10:11:20 Sent {"src":"n3","dest":"n0","body":{"data_id":"c13_7","message":23,"msg_id":18,"seen_nodes":["n3","n0"],"type":"gossip"}}
2025/04/21 10:11:20 Sent {"src":"n3","dest":"n4","body":{"data_id":"c13_7","message":23,"msg_id":19,"seen_nodes":["n3","n0","n4"],"type":"gossip"}}
2025/04/21 10:11:20 Sent {"src":"n3","dest":"c13","body":{"in_reply_to":7,"msg_id":36,"type":"broadcast_ok"}}
2025/04/21 10:11:20 Received {n4 n3 {"already_seen":false,"in_reply_to":6,"msg_id":19,"seen_nodes":["n4","n3","n0","n1"],"type":"gossip_ok"}}
2025/04/21 10:11:20 Received {n0 n3 {"already_seen":false,"in_reply_to":5,"msg_id":21,"seen_nodes":["n0","n3","n1"],"type":"gossip_ok"}}
2025/04/21 10:11:20 Received {n4 n3 {"already_seen":false,"in_reply_to":7,"msg_id":21,"seen_nodes":["n4","n3","n0","n1"],"type":"gossip_ok"}}
2025/04/21 10:11:20 Received {n0 n3 {"already_seen":false,"in_reply_to":8,"msg_id":23,"seen_nodes":["n0","n3","n1"],"type":"gossip_ok"}}
2025/04/21 10:11:20 Received {n4 n3 {"data_id":"c11_4","message":12,"msg_id":12,"seen_nodes":["n4","n1","n3"],"type":"gossip"}}
2025/04/21 10:11:20 Sent {"src":"n3","dest":"n0","body":{"data_id":"c11_4","message":12,"msg_id":20,"seen_nodes":["n3","n4","n1","n0"],"type":"gossip"}}
2025/04/21 10:11:20 Sent {"src":"n3","dest":"n4","body":{"already_seen":false,"in_reply_to":12,"msg_id":38,"seen_nodes":["n3","n4","n1","n0"],"type":"gossip_ok"}}
2025/04/21 10:11:20 Received {n4 n3 {"already_seen":false,"in_reply_to":9,"msg_id":26,"seen_nodes":["n4","n3","n0","n1"],"type":"gossip_ok"}}
2025/04/21 10:11:20 Received {n0 n3 {"data_id":"c11_4","message":12,"msg_id":12,"seen_nodes":["n0","n1","n4","n2","n3"],"type":"gossip"}}
2025/04/21 10:11:20 Sent {"src":"n3","dest":"n0","body":{"already_seen":true,"in_reply_to":12,"msg_id":39,"seen_nodes":["n3","n4","n1","n0"],"type":"gossip_ok"}}
2025/04/21 10:11:21 Received {n4 n3 {"data_id":"c12_2","message":5,"msg_id":14,"seen_nodes":["n4","n1","n2","n3"],"type":"gossip"}}
2025/04/21 10:11:21 Received {c13 n3 {"type":"broadcast","message":26,"msg_id":8}}
2025/04/21 10:11:21 Sent {"src":"n3","dest":"n0","body":{"data_id":"c12_2","message":5,"msg_id":21,"seen_nodes":["n3","n4","n1","n2","n0"],"type":"gossip"}}
2025/04/21 10:11:21 Received {n0 n3 {"data_id":"c12_2","message":5,"msg_id":13,"seen_nodes":["n0","n1","n2","n4","n3"],"type":"gossip"}}
2025/04/21 10:11:21 Sent {"src":"n3","dest":"n0","body":{"data_id":"c13_8","message":26,"msg_id":22,"seen_nodes":["n3","n0"],"type":"gossip"}}
2025/04/21 10:11:21 Sent {"src":"n3","dest":"n4","body":{"already_seen":false,"in_reply_to":14,"msg_id":42,"seen_nodes":["n3","n4","n1","n2","n0"],"type":"gossip_ok"}}
2025/04/21 10:11:21 Sent {"src":"n3","dest":"n4","body":{"data_id":"c13_8","message":26,"msg_id":23,"seen_nodes":["n3","n0","n4"],"type":"gossip"}}
2025/04/21 10:11:21 Sent {"src":"n3","dest":"c13","body":{"in_reply_to":8,"msg_id":45,"type":"broadcast_ok"}}
2025/04/21 10:11:21 Sent {"src":"n3","dest":"n0","body":{"already_seen":true,"in_reply_to":13,"msg_id":44,"seen_nodes":["n3","n4","n1","n2","n0"],"type":"gossip_ok"}}
2025/04/21 10:11:21 Received {n4 n3 {"data_id":"c12_3","message":6,"msg_id":15,"seen_nodes":["n4","n1","n2","n3"],"type":"gossip"}}
2025/04/21 10:11:21 Received {c13 n3 {"type":"broadcast","message":27,"msg_id":9}}
2025/04/21 10:11:21 Sent {"src":"n3","dest":"n0","body":{"data_id":"c12_3","message":6,"msg_id":24,"seen_nodes":["n3","n4","n1","n2","n0"],"type":"gossip"}}
2025/04/21 10:11:21 Received {n0 n3 {"data_id":"c12_3","message":6,"msg_id":14,"seen_nodes":["n0","n1","n2","n4","n3"],"type":"gossip"}}
2025/04/21 10:11:21 Sent {"src":"n3","dest":"n4","body":{"already_seen":false,"in_reply_to":15,"msg_id":48,"seen_nodes":["n3","n4","n1","n2","n0"],"type":"gossip_ok"}}
2025/04/21 10:11:21 Sent {"src":"n3","dest":"n0","body":{"data_id":"c13_9","message":27,"msg_id":25,"seen_nodes":["n3","n0"],"type":"gossip"}}
2025/04/21 10:11:21 Sent {"src":"n3","dest":"n4","body":{"data_id":"c13_9","message":27,"msg_id":26,"seen_nodes":["n3","n0","n4"],"type":"gossip"}}
2025/04/21 10:11:21 Sent {"src":"n3","dest":"c13","body":{"in_reply_to":9,"msg_id":50,"type":"broadcast_ok"}}
2025/04/21 10:11:21 Received {n4 n3 {"data_id":"c11_6","message":14,"msg_id":16,"seen_nodes":["n4","n1","n3"],"type":"gossip"}}
2025/04/21 10:11:21 Sent {"src":"n3","dest":"n0","body":{"already_seen":true,"in_reply_to":14,"msg_id":51,"seen_nodes":["n3","n4","n1","n2","n0"],"type":"gossip_ok"}}
2025/04/21 10:11:21 Sent {"src":"n3","dest":"n0","body":{"data_id":"c11_6","message":14,"msg_id":27,"seen_nodes":["n3","n4","n1","n0"],"type":"gossip"}}
2025/04/21 10:11:21 Sent {"src":"n3","dest":"n4","body":{"already_seen":false,"in_reply_to":16,"msg_id":53,"seen_nodes":["n3","n4","n1","n0"],"type":"gossip_ok"}}
2025/04/21 10:11:21 Received {n0 n3 {"data_id":"c11_6","message":14,"msg_id":15,"seen_nodes":["n0","n1","n4","n2","n3"],"type":"gossip"}}
2025/04/21 10:11:21 Sent {"src":"n3","dest":"n0","body":{"already_seen":true,"in_reply_to":15,"msg_id":54,"seen_nodes":["n3","n4","n1","n0"],"type":"gossip_ok"}}
2025/04/21 10:11:21 Received {n0 n3 {"already_seen":false,"in_reply_to":10,"msg_id":32,"seen_nodes":["n0","n3","n4","n1"],"type":"gossip_ok"}}
2025/04/21 10:11:21 Received {n4 n3 {"data_id":"c11_7","message":15,"msg_id":17,"seen_nodes":["n4","n1","n3"],"type":"gossip"}}
2025/04/21 10:11:21 Sent {"src":"n3","dest":"n0","body":{"data_id":"c11_7","message":15,"msg_id":28,"seen_nodes":["n3","n4","n1","n0"],"type":"gossip"}}
2025/04/21 10:11:21 Sent {"src":"n3","dest":"n4","body":{"already_seen":false,"in_reply_to":17,"msg_id":56,"seen_nodes":["n3","n4","n1","n0"],"type":"gossip_ok"}}
2025/04/21 10:11:21 Received {n0 n3 {"data_id":"c11_7","message":15,"msg_id":16,"seen_nodes":["n0","n1","n4","n2","n3"],"type":"gossip"}}
2025/04/21 10:11:21 Received {n4 n3 {"data_id":"c14_4","message":19,"msg_id":19,"seen_nodes":["n4","n1","n3"],"type":"gossip"}}
2025/04/21 10:11:21 Sent {"src":"n3","dest":"n0","body":{"already_seen":true,"in_reply_to":16,"msg_id":57,"seen_nodes":["n3","n4","n1","n0"],"type":"gossip_ok"}}
2025/04/21 10:11:21 Sent {"src":"n3","dest":"n0","body":{"data_id":"c14_4","message":19,"msg_id":29,"seen_nodes":["n3","n4","n1","n0"],"type":"gossip"}}
2025/04/21 10:11:21 Sent {"src":"n3","dest":"n4","body":{"already_seen":false,"in_reply_to":19,"msg_id":59,"seen_nodes":["n3","n4","n1","n0"],"type":"gossip_ok"}}
2025/04/21 10:11:21 Received {n0 n3 {"already_seen":false,"in_reply_to":11,"msg_id":38,"seen_nodes":["n0","n3","n1"],"type":"gossip_ok"}}
2025/04/21 10:11:21 Received {n0 n3 {"data_id":"c10_7","message":21,"msg_id":18,"seen_nodes":["n0","n3"],"type":"gossip"}}
2025/04/21 10:11:21 Sent {"src":"n3","dest":"n4","body":{"data_id":"c10_7","message":21,"msg_id":30,"seen_nodes":["n3","n0","n4"],"type":"gossip"}}
2025/04/21 10:11:21 Received {n4 n3 {"already_seen":false,"in_reply_to":12,"msg_id":39,"seen_nodes":["n4","n3","n0","n1"],"type":"gossip_ok"}}
2025/04/21 10:11:21 Sent {"src":"n3","dest":"n0","body":{"already_seen":false,"in_reply_to":18,"msg_id":61,"seen_nodes":["n3","n0","n4"],"type":"gossip_ok"}}
2025/04/21 10:11:22 Received {n0 n3 {"already_seen":false,"in_reply_to":13,"msg_id":43,"seen_nodes":["n0","n3","n1"],"type":"gossip_ok"}}
2025/04/21 10:11:22 Received {c13 n3 {"type":"read","msg_id":10}}
2025/04/21 10:11:22 Received {n4 n3 {"already_seen":false,"in_reply_to":14,"msg_id":42,"seen_nodes":["n4","n3","n0","n1"],"type":"gossip_ok"}}
2025/04/21 10:11:22 Sent {"src":"n3","dest":"c13","body":{"in_reply_to":10,"messages":[14,21,13,7,9,1,23,6,12,5,26,0,3,16,18,27,15,19,2,11,4,8],"msg_id":62,"type":"read_ok"}}
2025/04/21 10:11:22 Received {n4 n3 {"data_id":"c12_4","message":10,"msg_id":22,"seen_nodes":["n4","n1","n2","n3"],"type":"gossip"}}
2025/04/21 10:11:22 Received {n0 n3 {"data_id":"c12_4","message":10,"msg_id":21,"seen_nodes":["n0","n1","n2","n4","n3"],"type":"gossip"}}
2025/04/21 10:11:22 Sent {"src":"n3","dest":"n0","body":{"data_id":"c12_4","message":10,"msg_id":31,"seen_nodes":["n3","n4","n1","n2","n0"],"type":"gossip"}}
2025/04/21 10:11:22 Sent {"src":"n3","dest":"n4","body":{"already_seen":false,"in_reply_to":22,"msg_id":64,"seen_nodes":["n3","n4","n1","n2","n0"],"type":"gossip_ok"}}
2025/04/21 10:11:22 Sent {"src":"n3","dest":"n0","body":{"already_seen":true,"in_reply_to":21,"msg_id":65,"seen_nodes":["n3","n4","n1","n2","n0"],"type":"gossip_ok"}}
2025/04/21 10:11:22 Received {n4 n3 {"already_seen":false,"in_reply_to":15,"msg_id":46,"seen_nodes":["n4","n3","n0","n1"],"type":"gossip_ok"}}
2025/04/21 10:11:22 Received {n0 n3 {"already_seen":false,"in_reply_to":16,"msg_id":47,"seen_nodes":["n0","n3","n4","n1"],"type":"gossip_ok"}}
2025/04/21 10:11:22 Received {n0 n3 {"already_seen":true,"in_reply_to":17,"msg_id":49,"seen_nodes":["n0","n1","n2","n4","n3"],"type":"gossip_ok"}}
2025/04/21 10:11:22 Received {n0 n3 {"data_id":"c10_9","message":29,"msg_id":22,"seen_nodes":["n0","n3"],"type":"gossip"}}
2025/04/21 10:11:22 Sent {"src":"n3","dest":"n4","body":{"data_id":"c10_9","message":29,"msg_id":32,"seen_nodes":["n3","n0","n4"],"type":"gossip"}}
2025/04/21 10:11:22 Sent {"src":"n3","dest":"n0","body":{"already_seen":false,"in_reply_to":22,"msg_id":67,"seen_nodes":["n3","n0","n4"],"type":"gossip_ok"}}
2025/04/21 10:11:22 Received {n0 n3 {"already_seen":false,"in_reply_to":18,"msg_id":54,"seen_nodes":["n0","n3","n1"],"type":"gossip_ok"}}
2025/04/21 10:11:22 Received {n4 n3 {"already_seen":false,"in_reply_to":19,"msg_id":50,"seen_nodes":["n4","n3","n0","n1"],"type":"gossip_ok"}}
2025/04/21 10:11:22 Received {n0 n3 {"data_id":"c11_9","message":24,"msg_id":25,"seen_nodes":["n0","n1","n4","n2","n3"],"type":"gossip"}}
2025/04/21 10:11:22 Received {c13 n3 {"type":"read","msg_id":11}}
2025/04/21 10:11:22 Received {n4 n3 {"data_id":"c11_9","message":24,"msg_id":25,"seen_nodes":["n4","n1","n3"],"type":"gossip"}}
2025/04/21 10:11:22 Sent {"src":"n3","dest":"n0","body":{"already_seen":false,"in_reply_to":25,"msg_id":68,"seen_nodes":["n3","n0","n1","n4","n2"],"type":"gossip_ok"}}
2025/04/21 10:11:22 Received {n0 n3 {"already_seen":true,"in_reply_to":20,"msg_id":58,"seen_nodes":["n0","n1","n4","n2","n3"],"type":"gossip_ok"}}
2025/04/21 10:11:22 Sent {"src":"n3","dest":"c13","body":{"in_reply_to":11,"messages":[13,7,9,1,14,21,29,23,6,10,0,3,16,18,12,5,26,24,2,11,4,8,27,15,19],"msg_id":69,"type":"read_ok"}}
2025/04/21 10:11:22 Sent {"src":"n3","dest":"n4","body":{"already_seen":true,"in_reply_to":25,"msg_id":70,"seen_nodes":["n3","n0","n1","n4","n2"],"type":"gossip_ok"}}
2025/04/21 10:11:23 Received {n0 n3 {"already_seen":true,"in_reply_to":21,"msg_id":59,"seen_nodes":["n0","n1","n2","n4","n3"],"type":"gossip_ok"}}
2025/04/21 10:11:23 Received {c13 n3 {"type":"broadcast","message":36,"msg_id":12}}
2025/04/21 10:11:23 Received {n0 n3 {"already_seen":false,"in_reply_to":22,"msg_id":61,"seen_nodes":["n0","n3","n1"],"type":"gossip_ok"}}
2025/04/21 10:11:23 Received {n4 n3 {"data_id":"c11_10","message":25,"msg_id":26,"seen_nodes":["n4","n1","n3"],"type":"gossip"}}
2025/04/21 10:11:23 Sent {"src":"n3","dest":"n0","body":{"data_id":"c13_12","message":36,"msg_id":33,"seen_nodes":["n3","n0"],"type":"gossip"}}
2025/04/21 10:11:23 Received {n4 n3 {"data_id":"c12_6","message":17,"msg_id":28,"seen_nodes":["n4","n1","n2","n3"],"type":"gossip"}}
2025/04/21 10:11:23 Sent {"src":"n3","dest":"n4","body":{"data_id":"c13_12","message":36,"msg_id":34,"seen_nodes":["n3","n0","n4"],"type":"gossip"}}
2025/04/21 10:11:23 Sent {"src":"n3","dest":"c13","body":{"in_reply_to":12,"msg_id":73,"type":"broadcast_ok"}}
2025/04/21 10:11:23 Sent {"src":"n3","dest":"n0","body":{"data_id":"c11_10","message":25,"msg_id":35,"seen_nodes":["n3","n4","n1","n0"],"type":"gossip"}}
2025/04/21 10:11:23 Sent {"src":"n3","dest":"n0","body":{"data_id":"c12_6","message":17,"msg_id":36,"seen_nodes":["n3","n4","n1","n2","n0"],"type":"gossip"}}
2025/04/21 10:11:23 Received {n4 n3 {"already_seen":false,"in_reply_to":23,"msg_id":58,"seen_nodes":["n4","n3","n0","n1"],"type":"gossip_ok"}}
2025/04/21 10:11:23 Sent {"src":"n3","dest":"n4","body":{"already_seen":false,"in_reply_to":26,"msg_id":76,"seen_nodes":["n3","n4","n1","n0"],"type":"gossip_ok"}}
2025/04/21 10:11:23 Sent {"src":"n3","dest":"n4","body":{"already_seen":false,"in_reply_to":28,"msg_id":77,"seen_nodes":["n3","n4","n1","n2","n0"],"type":"gossip_ok"}}
2025/04/21 10:11:23 Received {n0 n3 {"data_id":"c11_10","message":25,"msg_id":27,"seen_nodes":["n0","n1","n4","n2","n3"],"type":"gossip"}}
2025/04/21 10:11:23 Sent {"src":"n3","dest":"n0","body":{"already_seen":true,"in_reply_to":27,"msg_id":78,"seen_nodes":["n3","n4","n1","n0"],"type":"gossip_ok"}}
2025/04/21 10:11:23 Received {n0 n3 {"data_id":"c12_6","message":17,"msg_id":28,"seen_nodes":["n0","n1","n2","n4","n3"],"type":"gossip"}}
2025/04/21 10:11:23 Sent {"src":"n3","dest":"n0","body":{"already_seen":true,"in_reply_to":28,"msg_id":79,"seen_nodes":["n3","n4","n1","n2","n0"],"type":"gossip_ok"}}
2025/04/21 10:11:23 Received {n0 n3 {"already_seen":true,"in_reply_to":24,"msg_id":66,"seen_nodes":["n0","n1","n2","n4","n3"],"type":"gossip_ok"}}
2025/04/21 10:11:23 Received {n4 n3 {"data_id":"c14_6","message":31,"msg_id":30,"seen_nodes":["n4","n1","n3"],"type":"gossip"}}
2025/04/21 10:11:23 Received {n4 n3 {"already_seen":false,"in_reply_to":26,"msg_id":64,"seen_nodes":["n4","n3","n0","n1"],"type":"gossip_ok"}}
2025/04/21 10:11:23 Sent {"src":"n3","dest":"n0","body":{"data_id":"c14_6","message":31,"msg_id":37,"seen_nodes":["n3","n4","n1","n0"],"type":"gossip"}}
2025/04/21 10:11:23 Sent {"src":"n3","dest":"n4","body":{"already_seen":false,"in_reply_to":30,"msg_id":81,"seen_nodes":["n3","n4","n1","n0"],"type":"gossip_ok"}}
2025/04/21 10:11:23 Received {n0 n3 {"already_seen":false,"in_reply_to":25,"msg_id":69,"seen_nodes":["n0","n3","n1"],"type":"gossip_ok"}}
2025/04/21 10:11:23 Received {n0 n3 {"already_seen":true,"in_reply_to":27,"msg_id":68,"seen_nodes":["n0","n1","n4","n2","n3"],"type":"gossip_ok"}}
2025/04/21 10:11:23 Received {n0 n3 {"already_seen":true,"in_reply_to":28,"msg_id":70,"seen_nodes":["n0","n1","n4","n2","n3"],"type":"gossip_ok"}}
2025/04/21 10:11:23 Received {c13 n3 {"type":"broadcast","message":37,"msg_id":13}}
2025/04/21 10:11:23 Received {n4 n3 {"data_id":"c11_11","message":28,"msg_id":32,"seen_nodes":["n4","n1","n3"],"type":"gossip"}}
2025/04/21 10:11:23 Sent {"src":"n3","dest":"n0","body":{"data_id":"c13_13","message":37,"msg_id":38,"seen_nodes":["n3","n0"],"type":"gossip"}}
2025/04/21 10:11:23 Sent {"src":"n3","dest":"n0","body":{"data_id":"c11_11","message":28,"msg_id":39,"seen_nodes":["n3","n4","n1","n0"],"type":"gossip"}}
2025/04/21 10:11:23 Sent {"src":"n3","dest":"n4","body":{"data_id":"c13_13","message":37,"msg_id":40,"seen_nodes":["n3","n0","n4"],"type":"gossip"}}
2025/04/21 10:11:23 Sent {"src":"n3","dest":"c13","body":{"in_reply_to":13,"msg_id":86,"type":"broadcast_ok"}}
2025/04/21 10:11:23 Sent {"src":"n3","dest":"n4","body":{"already_seen":false,"in_reply_to":32,"msg_id":85,"seen_nodes":["n3","n4","n1","n0"],"type":"gossip_ok"}}
2025/04/21 10:11:23 Received {n0 n3 {"data_id":"c11_11","message":28,"msg_id":30,"seen_nodes":["n0","n1","n4","n2","n3"],"type":"gossip"}}
2025/04/21 10:11:23 Received {n4 n3 {"data_id":"c12_7","message":20,"msg_id":33,"seen_nodes":["n4","n1","n2","n3"],"type":"gossip"}}
2025/04/21 10:11:23 Received {n0 n3 {"already_seen":false,"in_reply_to":29,"msg_id":73,"seen_nodes":["n0","n3","n4","n1"],"type":"gossip_ok"}}
2025/04/21 10:11:23 Sent {"src":"n3","dest":"n0","body":{"already_seen":true,"in_reply_to":30,"msg_id":87,"seen_nodes":["n3","n4","n1","n0"],"type":"gossip_ok"}}
2025/04/21 10:11:23 Sent {"src":"n3","dest":"n0","body":{"data_id":"c12_7","message":20,"msg_id":41,"seen_nodes":["n3","n4","n1","n2","n0"],"type":"gossip"}}
2025/04/21 10:11:23 Received {n0 n3 {"data_id":"c12_7","message":20,"msg_id":31,"seen_nodes":["n0","n1","n2","n4","n3"],"type":"gossip"}}
2025/04/21 10:11:23 Sent {"src":"n3","dest":"n4","body":{"already_seen":false,"in_reply_to":33,"msg_id":89,"seen_nodes":["n3","n4","n1","n2","n0"],"type":"gossip_ok"}}
2025/04/21 10:11:23 Sent {"src":"n3","dest":"n0","body":{"already_seen":true,"in_reply_to":31,"msg_id":90,"seen_nodes":["n3","n4","n1","n2","n0"],"type":"gossip_ok"}}
2025/04/21 10:11:23 Received {n4 n3 {"already_seen":false,"in_reply_to":30,"msg_id":71,"seen_nodes":["n4","n3","n0","n1"],"type":"gossip_ok"}}
2025/04/21 10:11:23 Received {c13 n3 {"type":"broadcast","message":38,"msg_id":14}}
2025/04/21 10:11:23 Sent {"src":"n3","dest":"n0","body":{"data_id":"c13_14","message":38,"msg_id":42,"seen_nodes":["n3","n0"],"type":"gossip"}}
2025/04/21 10:11:23 Sent {"src":"n3","dest":"n4","body":{"data_id":"c13_14","message":38,"msg_id":43,"seen_nodes":["n3","n0","n4"],"type":"gossip"}}
2025/04/21 10:11:23 Sent {"src":"n3","dest":"c13","body":{"in_reply_to":14,"msg_id":93,"type":"broadcast_ok"}}
2025/04/21 10:11:23 Received {n0 n3 {"data_id":"c10_11","message":32,"msg_id":32,"seen_nodes":["n0","n3"],"type":"gossip"}}
2025/04/21 10:11:23 Sent {"src":"n3","dest":"n4","body":{"data_id":"c10_11","message":32,"msg_id":44,"seen_nodes":["n3","n0","n4"],"type":"gossip"}}
2025/04/21 10:11:23 Sent {"src":"n3","dest":"n0","body":{"already_seen":false,"in_reply_to":32,"msg_id":95,"seen_nodes":["n3","n0","n4"],"type":"gossip_ok"}}
2025/04/21 10:11:24 Received {n0 n3 {"data_id":"c10_12","message":33,"msg_id":34,"seen_nodes":["n0","n3"],"type":"gossip"}}
2025/04/21 10:11:24 Received {c13 n3 {"type":"broadcast","message":42,"msg_id":15}}
2025/04/21 10:11:24 Sent {"src":"n3","dest":"n4","body":{"data_id":"c10_12","message":33,"msg_id":45,"seen_nodes":["n3","n0","n4"],"type":"gossip"}}
2025/04/21 10:11:24 Sent {"src":"n3","dest":"n0","body":{"data_id":"c13_15","message":42,"msg_id":46,"seen_nodes":["n3","n0"],"type":"gossip"}}
2025/04/21 10:11:24 Sent {"src":"n3","dest":"n0","body":{"already_seen":false,"in_reply_to":34,"msg_id":98,"seen_nodes":["n3","n0","n4"],"type":"gossip_ok"}}
2025/04/21 10:11:24 Sent {"src":"n3","dest":"n4","body":{"data_id":"c13_15","message":42,"msg_id":47,"seen_nodes":["n3","n0","n4"],"type":"gossip"}}
2025/04/21 10:11:24 Sent {"src":"n3","dest":"c13","body":{"in_reply_to":15,"msg_id":100,"type":"broadcast_ok"}}
2025/04/21 10:11:24 Received {n0 n3 {"data_id":"c11_12","message":30,"msg_id":36,"seen_nodes":["n0","n1","n4","n2","n3"],"type":"gossip"}}
2025/04/21 10:11:24 Received {n0 n3 {"already_seen":true,"in_reply_to":31,"msg_id":85,"seen_nodes":["n0","n1","n2","n4","n3"],"type":"gossip_ok"}}
2025/04/21 10:11:24 Sent {"src":"n3","dest":"n0","body":{"already_seen":false,"in_reply_to":36,"msg_id":101,"seen_nodes":["n3","n0","n1","n4","n2"],"type":"gossip_ok"}}
2025/04/21 10:11:24 Received {n4 n3 {"data_id":"c11_12","message":30,"msg_id":35,"seen_nodes":["n4","n1","n3"],"type":"gossip"}}
2025/04/21 10:11:24 Received {n4 n3 {"data_id":"c12_8","message":22,"msg_id":36,"seen_nodes":["n4","n1","n2","n3"],"type":"gossip"}}
2025/04/21 10:11:24 Received {n0 n3 {"data_id":"c12_8","message":22,"msg_id":37,"seen_nodes":["n0","n1","n2","n4","n3"],"type":"gossip"}}
2025/04/21 10:11:24 Sent {"src":"n3","dest":"n4","body":{"already_seen":true,"in_reply_to":35,"msg_id":102,"seen_nodes":["n3","n0","n1","n4","n2"],"type":"gossip_ok"}}
2025/04/21 10:11:24 Sent {"src":"n3","dest":"n0","body":{"data_id":"c12_8","message":22,"msg_id":48,"seen_nodes":["n3","n4","n1","n2","n0"],"type":"gossip"}}
2025/04/21 10:11:24 Sent {"src":"n3","dest":"n0","body":{"already_seen":true,"in_reply_to":37,"msg_id":104,"seen_nodes":["n3","n4","n1","n2","n0"],"type":"gossip_ok"}}
2025/04/21 10:11:24 Sent {"src":"n3","dest":"n4","body":{"already_seen":false,"in_reply_to":36,"msg_id":105,"seen_nodes":["n3","n4","n1","n2","n0"],"type":"gossip_ok"}}
2025/04/21 10:11:24 Received {n4 n3 {"already_seen":false,"in_reply_to":32,"msg_id":81,"seen_nodes":["n4","n3","n0","n1"],"type":"gossip_ok"}}
2025/04/21 10:11:24 Received {n0 n3 {"data_id":"c10_13","message":40,"msg_id":38,"seen_nodes":["n0","n3"],"type":"gossip"}}
2025/04/21 10:11:24 Sent {"src":"n3","dest":"n4","body":{"data_id":"c10_13","message":40,"msg_id":49,"seen_nodes":["n3","n0","n4"],"type":"gossip"}}
2025/04/21 10:11:24 Sent {"src":"n3","dest":"n0","body":{"already_seen":false,"in_reply_to":38,"msg_id":107,"seen_nodes":["n3","n0","n4"],"type":"gossip_ok"}}
2025/04/21 10:11:25 Received {n0 n3 {"already_seen":false,"in_reply_to":33,"msg_id":93,"seen_nodes":["n0","n3","n1"],"type":"gossip_ok"}}
2025/04/21 10:11:25 Received {c13 n3 {"type":"read","msg_id":16}}
2025/04/21 10:11:25 Received {n0 n3 {"already_seen":true,"in_reply_to":35,"msg_id":92,"seen_nodes":["n0","n1","n4","n2","n3"],"type":"gossip_ok"}}
2025/04/21 10:11:25 Received {n4 n3 {"data_id":"c14_8","message":43,"msg_id":40,"seen_nodes":["n4","n1","n3"],"type":"gossip"}}
2025/04/21 10:11:25 Received {n4 n3 {"data_id":"c11_14","message":35,"msg_id":41,"seen_nodes":["n4","n1","n3"],"type":"gossip"}}
2025/04/21 10:11:25 Sent {"src":"n3","dest":"c13","body":{"in_reply_to":16,"messages":[6,31,40,36,38,16,18,5,26,10,24,33,22,4,15,17,20,42,1,23,0,3,12,25,28,32,2,11,8,27,19,37,30,13,7,9,14,21,29],"msg_id":108,"type":"read_ok"}}
2025/04/21 10:11:25 Sent {"src":"n3","dest":"n0","body":{"data_id":"c14_8","message":43,"msg_id":50,"seen_nodes":["n3","n4","n1","n0"],"type":"gossip"}}
2025/04/21 10:11:25 Received {n0 n3 {"already_seen":true,"in_reply_to":36,"msg_id":94,"seen_nodes":["n0","n1","n2","n4","n3"],"type":"gossip_ok"}}
2025/04/21 10:11:25 Sent {"src":"n3","dest":"n4","body":{"already_seen":false,"in_reply_to":40,"msg_id":110,"seen_nodes":["n3","n4","n1","n0"],"type":"gossip_ok"}}
2025/04/21 10:11:25 Sent {"src":"n3","dest":"n0","body":{"data_id":"c11_14","message":35,"msg_id":51,"seen_nodes":["n3","n4","n1","n0"],"type":"gossip"}}
2025/04/21 10:11:25 Received {n0 n3 {"data_id":"c11_14","message":35,"msg_id":41,"seen_nodes":["n0","n1","n4","n2","n3"],"type":"gossip"}}
2025/04/21 10:11:25 Sent {"src":"n3","dest":"n4","body":{"already_seen":false,"in_reply_to":41,"msg_id":112,"seen_nodes":["n3","n4","n1","n0"],"type":"gossip_ok"}}
2025/04/21 10:11:25 Received {n4 n3 {"already_seen":false,"in_reply_to":34,"msg_id":90,"seen_nodes":["n4","n3","n0","n1"],"type":"gossip_ok"}}
2025/04/21 10:11:25 Sent {"src":"n3","dest":"n0","body":{"already_seen":true,"in_reply_to":41,"msg_id":113,"seen_nodes":["n3","n4","n1","n0"],"type":"gossip_ok"}}
2025/04/21 10:11:25 Received {n0 n3 {"already_seen":false,"in_reply_to":37,"msg_id":97,"seen_nodes":["n0","n3","n4","n1"],"type":"gossip_ok"}}
2025/04/21 10:11:25 Received {n0 n3 {"already_seen":false,"in_reply_to":38,"msg_id":100,"seen_nodes":["n0","n3","n1"],"type":"gossip_ok"}}
2025/04/21 10:11:25 Received {c13 n3 {"type":"broadcast","message":49,"msg_id":17}}
2025/04/21 10:11:25 Received {n0 n3 {"already_seen":true,"in_reply_to":39,"msg_id":102,"seen_nodes":["n0","n1","n4","n2","n3"],"type":"gossip_ok"}}
2025/04/21 10:11:25 Received {n4 n3 {"already_seen":false,"in_reply_to":40,"msg_id":92,"seen_nodes":["n4","n3","n0","n1"],"type":"gossip_ok"}}
2025/04/21 10:11:25 Sent {"src":"n3","dest":"n0","body":{"data_id":"c13_17","message":49,"msg_id":52,"seen_nodes":["n3","n0"],"type":"gossip"}}
2025/04/21 10:11:25 Sent {"src":"n3","dest":"n4","body":{"data_id":"c13_17","message":49,"msg_id":53,"seen_nodes":["n3","n0","n4"],"type":"gossip"}}
2025/04/21 10:11:25 Sent {"src":"n3","dest":"c13","body":{"in_reply_to":17,"msg_id":116,"type":"broadcast_ok"}}
2025/04/21 10:11:25 Received {n0 n3 {"already_seen":true,"in_reply_to":41,"msg_id":103,"seen_nodes":["n0","n1","n2","n4","n3"],"type":"gossip_ok"}}
2025/04/21 10:11:25 Received {n0 n3 {"already_seen":false,"in_reply_to":42,"msg_id":105,"seen_nodes":["n0","n3","n1"],"type":"gossip_ok"}}
2025/04/21 10:11:25 Received {n4 n3 {"already_seen":false,"in_reply_to":43,"msg_id":94,"seen_nodes":["n4","n3","n0","n1"],"type":"gossip_ok"}}
2025/04/21 10:11:25 Received {n4 n3 {"already_seen":true,"in_reply_to":44,"msg_id":96,"seen_nodes":["n4","n1","n0","n3"],"type":"gossip_ok"}}
2025/04/21 10:11:25 Received {n0 n3 {"data_id":"c11_16","message":39,"msg_id":44,"seen_nodes":["n0","n1","n4","n2","n3"],"type":"gossip"}}
2025/04/21 10:11:25 Received {n4 n3 {"data_id":"c11_16","message":39,"msg_id":44,"seen_nodes":["n4","n1","n3"],"type":"gossip"}}
2025/04/21 10:11:25 Sent {"src":"n3","dest":"n0","body":{"already_seen":false,"in_reply_to":44,"msg_id":117,"seen_nodes":["n3","n0","n1","n4","n2"],"type":"gossip_ok"}}
2025/04/21 10:11:25 Sent {"src":"n3","dest":"n4","body":{"already_seen":true,"in_reply_to":44,"msg_id":118,"seen_nodes":["n3","n0","n1","n4","n2"],"type":"gossip_ok"}}
2025/04/21 10:11:26 Received {n4 n3 {"data_id":"c11_17","message":41,"msg_id":45,"seen_nodes":["n4","n1","n3"],"type":"gossip"}}
2025/04/21 10:11:26 Received {c13 n3 {"type":"broadcast","message":52,"msg_id":18}}
2025/04/21 10:11:26 Received {n0 n3 {"already_seen":false,"in_reply_to":46,"msg_id":110,"seen_nodes":["n0","n3","n1"],"type":"gossip_ok"}}
2025/04/21 10:11:26 Received {n0 n3 {"data_id":"c10_15","message":47,"msg_id":46,"seen_nodes":["n0","n3"],"type":"gossip"}}
2025/04/21 10:11:26 Received {n4 n3 {"data_id":"c14_9","message":46,"msg_id":47,"seen_nodes":["n4","n1","n3"],"type":"gossip"}}
2025/04/21 10:11:26 Sent {"src":"n3","dest":"n0","body":{"data_id":"c13_18","message":52,"msg_id":55,"seen_nodes":["n3","n0"],"type":"gossip"}}
2025/04/21 10:11:26 Sent {"src":"n3","dest":"n0","body":{"data_id":"c11_17","message":41,"msg_id":54,"seen_nodes":["n3","n4","n1","n0"],"type":"gossip"}}
2025/04/21 10:11:26 Received {n0 n3 {"data_id":"c11_17","message":41,"msg_id":47,"seen_nodes":["n0","n1","n4","n2","n3"],"type":"gossip"}}
2025/04/21 10:11:26 Sent {"src":"n3","dest":"n4","body":{"already_seen":false,"in_reply_to":45,"msg_id":123,"seen_nodes":["n3","n4","n1","n0"],"type":"gossip_ok"}}
2025/04/21 10:11:26 Sent {"src":"n3","dest":"n4","body":{"data_id":"c10_15","message":47,"msg_id":56,"seen_nodes":["n3","n0","n4"],"type":"gossip"}}
2025/04/21 10:11:26 Sent {"src":"n3","dest":"n0","body":{"already_seen":false,"in_reply_to":46,"msg_id":124,"seen_nodes":["n3","n0","n4"],"type":"gossip_ok"}}
2025/04/21 10:11:26 Sent {"src":"n3","dest":"n4","body":{"data_id":"c13_18","message":52,"msg_id":57,"seen_nodes":["n3","n0","n4"],"type":"gossip"}}
2025/04/21 10:11:26 Sent {"src":"n3","dest":"c13","body":{"in_reply_to":18,"msg_id":126,"type":"broadcast_ok"}}
2025/04/21 10:11:26 Sent {"src":"n3","dest":"n0","body":{"already_seen":true,"in_reply_to":47,"msg_id":125,"seen_nodes":["n3","n4","n1","n0"],"type":"gossip_ok"}}
2025/04/21 10:11:26 Received {n4 n3 {"already_seen":false,"in_reply_to":45,"msg_id":106,"seen_nodes":["n4","n3","n0","n1"],"type":"gossip_ok"}}
2025/04/21 10:11:26 Sent {"src":"n3","dest":"n0","body":{"data_id":"c14_9","message":46,"msg_id":58,"seen_nodes":["n3","n4","n1","n0"],"type":"gossip"}}
2025/04/21 10:11:26 Sent {"src":"n3","dest":"n4","body":{"already_seen":false,"in_reply_to":47,"msg_id":128,"seen_nodes":["n3","n4","n1","n0"],"type":"gossip_ok"}}
2025/04/21 10:11:26 Received {n4 n3 {"data_id":"c12_10","message":34,"msg_id":49,"seen_nodes":["n4","n1","n2","n3"],"type":"gossip"}}
2025/04/21 10:11:26 Received {n0 n3 {"data_id":"c12_10","message":34,"msg_id":49,"seen_nodes":["n0","n1","n2","n4","n3"],"type":"gossip"}}
2025/04/21 10:11:26 Received {n4 n3 {"already_seen":false,"in_reply_to":47,"msg_id":110,"seen_nodes":["n4","n3","n0","n1"],"type":"gossip_ok"}}
2025/04/21 10:11:26 Sent {"src":"n3","dest":"n0","body":{"data_id":"c12_10","message":34,"msg_id":59,"seen_nodes":["n3","n4","n1","n2","n0"],"type":"gossip"}}
2025/04/21 10:11:26 Sent {"src":"n3","dest":"n4","body":{"already_seen":false,"in_reply_to":49,"msg_id":130,"seen_nodes":["n3","n4","n1","n2","n0"],"type":"gossip_ok"}}
2025/04/21 10:11:26 Received {n0 n3 {"already_seen":true,"in_reply_to":48,"msg_id":117,"seen_nodes":["n0","n1","n2","n4","n3"],"type":"gossip_ok"}}
2025/04/21 10:11:26 Sent {"src":"n3","dest":"n0","body":{"already_seen":true,"in_reply_to":49,"msg_id":131,"seen_nodes":["n3","n4","n1","n2","n0"],"type":"gossip_ok"}}
2025/04/21 10:11:26 Received {n0 n3 {"data_id":"c10_16","message":50,"msg_id":50,"seen_nodes":["n0","n3"],"type":"gossip"}}
2025/04/21 10:11:26 Received {n4 n3 {"already_seen":false,"in_reply_to":49,"msg_id":114,"seen_nodes":["n4","n3","n0","n1"],"type":"gossip_ok"}}
2025/04/21 10:11:26 Sent {"src":"n3","dest":"n4","body":{"data_id":"c10_16","message":50,"msg_id":60,"seen_nodes":["n3","n0","n4"],"type":"gossip"}}
2025/04/21 10:11:26 Sent {"src":"n3","dest":"n0","body":{"already_seen":false,"in_reply_to":50,"msg_id":133,"seen_nodes":["n3","n0","n4"],"type":"gossip_ok"}}
2025/04/21 10:11:27 Received {n4 n3 {"data_id":"c14_11","message":53,"msg_id":53,"seen_nodes":["n4","n1","n3"],"type":"gossip"}}
2025/04/21 10:11:27 Received {c13 n3 {"type":"broadcast","message":56,"msg_id":19}}
2025/04/21 10:11:27 Received {n4 n3 {"data_id":"c11_18","message":48,"msg_id":54,"seen_nodes":["n4","n1","n3"],"type":"gossip"}}
2025/04/21 10:11:27 Sent {"src":"n3","dest":"n0","body":{"data_id":"c14_11","message":53,"msg_id":61,"seen_nodes":["n3","n4","n1","n0"],"type":"gossip"}}
2025/04/21 10:11:27 Sent {"src":"n3","dest":"n0","body":{"data_id":"c13_19","message":56,"msg_id":62,"seen_nodes":["n3","n0"],"type":"gossip"}}
2025/04/21 10:11:27 Received {n0 n3 {"data_id":"c14_8","message":43,"msg_id":52,"seen_nodes":["n0","n1","n4","n2","n3"],"type":"gossip"}}
2025/04/21 10:11:27 Sent {"src":"n3","dest":"n4","body":{"already_seen":false,"in_reply_to":53,"msg_id":136,"seen_nodes":["n3","n4","n1","n0"],"type":"gossip_ok"}}
2025/04/21 10:11:27 Sent {"src":"n3","dest":"n4","body":{"data_id":"c13_19","message":56,"msg_id":64,"seen_nodes":["n3","n0","n4"],"type":"gossip"}}
2025/04/21 10:11:27 Sent {"src":"n3","dest":"n0","body":{"data_id":"c11_18","message":48,"msg_id":63,"seen_nodes":["n3","n4","n1","n0"],"type":"gossip"}}
2025/04/21 10:11:27 Received {n0 n3 {"data_id":"c10_17","message":51,"msg_id":53,"seen_nodes":["n0","n3"],"type":"gossip"}}
2025/04/21 10:11:27 Sent {"src":"n3","dest":"c13","body":{"in_reply_to":19,"msg_id":139,"type":"broadcast_ok"}}
2025/04/21 10:11:27 Sent {"src":"n3","dest":"n4","body":{"already_seen":false,"in_reply_to":54,"msg_id":140,"seen_nodes":["n3","n4","n1","n0"],"type":"gossip_ok"}}
2025/04/21 10:11:27 Sent {"src":"n3","dest":"n0","body":{"already_seen":true,"in_reply_to":52,"msg_id":141,"seen_nodes":["n3","n4","n1","n0"],"type":"gossip_ok"}}
2025/04/21 10:11:27 Sent {"src":"n3","dest":"n4","body":{"data_id":"c10_17","message":51,"msg_id":65,"seen_nodes":["n3","n0","n4"],"type":"gossip"}}
2025/04/21 10:11:27 Sent {"src":"n3","dest":"n0","body":{"already_seen":false,"in_reply_to":53,"msg_id":143,"seen_nodes":["n3","n0","n4"],"type":"gossip_ok"}}
2025/04/21 10:11:27 Received {n0 n3 {"data_id":"c11_18","message":48,"msg_id":55,"seen_nodes":["n0","n1","n4","n2","n3"],"type":"gossip"}}
2025/04/21 10:11:27 Received {n0 n3 {"already_seen":true,"in_reply_to":50,"msg_id":128,"seen_nodes":["n0","n1","n4","n2","n3"],"type":"gossip_ok"}}
2025/04/21 10:11:27 Sent {"src":"n3","dest":"n0","body":{"already_seen":true,"in_reply_to":55,"msg_id":144,"seen_nodes":["n3","n4","n1","n0"],"type":"gossip_ok"}}
2025/04/21 10:11:27 Received {n0 n3 {"already_seen":true,"in_reply_to":51,"msg_id":129,"seen_nodes":["n0","n1","n4","n2","n3"],"type":"gossip_ok"}}
2025/04/21 10:11:27 Received {n4 n3 {"already_seen":false,"in_reply_to":53,"msg_id":124,"seen_nodes":["n4","n3","n0","n1"],"type":"gossip_ok"}}
2025/04/21 10:11:27 Received {c13 n3 {"type":"read","msg_id":20}}
2025/04/21 10:11:27 Received {n0 n3 {"already_seen":false,"in_reply_to":52,"msg_id":131,"seen_nodes":["n0","n3","n1"],"type":"gossip_ok"}}
2025/04/21 10:11:27 Sent {"src":"n3","dest":"c13","body":{"in_reply_to":20,"messages":[38,33,22,16,5,24,36,42,15,17,39,50,46,3,28,8,27,41,43,13,9,48,6,40,18,26,10,47,4,20,1,35,23,56,49,0,12,25,19,37,32,2,11,34,53,21,29,30,7,14,31,52,51],"msg_id":145,"type":"read_ok"}}
2025/04/21 10:11:27 Received {n4 n3 {"data_id":"c12_14","message":44,"msg_id":56,"seen_nodes":["n4","n1","n2","n3"],"type":"gossip"}}
2025/04/21 10:11:27 Sent {"src":"n3","dest":"n0","body":{"data_id":"c12_14","message":44,"msg_id":66,"seen_nodes":["n3","n4","n1","n2","n0"],"type":"gossip"}}
2025/04/21 10:11:27 Sent {"src":"n3","dest":"n4","body":{"already_seen":false,"in_reply_to":56,"msg_id":147,"seen_nodes":["n3","n4","n1","n2","n0"],"type":"gossip_ok"}}
2025/04/21 10:11:27 Received {n0 n3 {"data_id":"c12_14","message":44,"msg_id":57,"seen_nodes":["n0","n1","n2","n4","n3"],"type":"gossip"}}
2025/04/21 10:11:27 Sent {"src":"n3","dest":"n0","body":{"already_seen":true,"in_reply_to":57,"msg_id":148,"seen_nodes":["n3","n4","n1","n2","n0"],"type":"gossip_ok"}}
2025/04/21 10:11:28 Received {n4 n3 {"already_seen":false,"in_reply_to":56,"msg_id":131,"seen_nodes":["n4","n3","n0","n1"],"type":"gossip_ok"}}
2025/04/21 10:11:28 Received {c13 n3 {"type":"broadcast","message":60,"msg_id":21}}
2025/04/21 10:11:28 Received {n0 n3 {"already_seen":false,"in_reply_to":55,"msg_id":137,"seen_nodes":["n0","n3","n1"],"type":"gossip_ok"}}
2025/04/21 10:11:28 Received {n0 n3 {"data_id":"c10_19","message":57,"msg_id":59,"seen_nodes":["n0","n3"],"type":"gossip"}}
2025/04/21 10:11:28 Sent {"src":"n3","dest":"n0","body":{"data_id":"c13_21","message":60,"msg_id":67,"seen_nodes":["n3","n0"],"type":"gossip"}}
2025/04/21 10:11:28 Sent {"src":"n3","dest":"n4","body":{"data_id":"c13_21","message":60,"msg_id":68,"seen_nodes":["n3","n0","n4"],"type":"gossip"}}
2025/04/21 10:11:28 Received {n0 n3 {"already_seen":true,"in_reply_to":54,"msg_id":140,"seen_nodes":["n0","n1","n4","n2","n3"],"type":"gossip_ok"}}
2025/04/21 10:11:28 Sent {"src":"n3","dest":"c13","body":{"in_reply_to":21,"msg_id":151,"type":"broadcast_ok"}}
2025/04/21 10:11:28 Sent {"src":"n3","dest":"n4","body":{"data_id":"c10_19","message":57,"msg_id":69,"seen_nodes":["n3","n0","n4"],"type":"gossip"}}
2025/04/21 10:11:28 Sent {"src":"n3","dest":"n0","body":{"already_seen":false,"in_reply_to":59,"msg_id":153,"seen_nodes":["n3","n0","n4"],"type":"gossip_ok"}}
2025/04/21 10:11:28 Received {n4 n3 {"already_seen":false,"in_reply_to":57,"msg_id":133,"seen_nodes":["n4","n3","n0","n1"],"type":"gossip_ok"}}
2025/04/21 10:11:28 Received {n4 n3 {"data_id":"c12_15","message":45,"msg_id":59,"seen_nodes":["n4","n1","n2","n3"],"type":"gossip"}}
2025/04/21 10:11:28 Sent {"src":"n3","dest":"n0","body":{"data_id":"c12_15","message":45,"msg_id":70,"seen_nodes":["n3","n4","n1","n2","n0"],"type":"gossip"}}
2025/04/21 10:11:28 Sent {"src":"n3","dest":"n4","body":{"already_seen":false,"in_reply_to":59,"msg_id":155,"seen_nodes":["n3","n4","n1","n2","n0"],"type":"gossip_ok"}}
2025/04/21 10:11:28 Received {n0 n3 {"data_id":"c14_9","message":46,"msg_id":61,"seen_nodes":["n0","n1","n4","n2","n3"],"type":"gossip"}}
2025/04/21 10:11:28 Sent {"src":"n3","dest":"n0","body":{"already_seen":true,"in_reply_to":61,"msg_id":156,"seen_nodes":["n3","n4","n1","n0"],"type":"gossip_ok"}}
2025/04/21 10:11:28 Received {n0 n3 {"already_seen":true,"in_reply_to":58,"msg_id":142,"seen_nodes":["n0","n1","n4","n2","n3"],"type":"gossip_ok"}}
2025/04/21 10:11:28 Received {n0 n3 {"data_id":"c12_15","message":45,"msg_id":62,"seen_nodes":["n0","n1","n2","n4","n3"],"type":"gossip"}}
2025/04/21 10:11:28 Sent {"src":"n3","dest":"n0","body":{"already_seen":true,"in_reply_to":62,"msg_id":157,"seen_nodes":["n3","n4","n1","n2","n0"],"type":"gossip_ok"}}
2025/04/21 10:11:28 Received {n0 n3 {"already_seen":true,"in_reply_to":59,"msg_id":146,"seen_nodes":["n0","n1","n2","n4","n3"],"type":"gossip_ok"}}
2025/04/21 10:11:28 Received {n4 n3 {"already_seen":false,"in_reply_to":60,"msg_id":140,"seen_nodes":["n4","n3","n0","n1"],"type":"gossip_ok"}}
2025/04/21 10:11:28 Received {n0 n3 {"data_id":"c11_22","message":54,"msg_id":63,"seen_nodes":["n0","n1","n4","n2","n3"],"type":"gossip"}}
2025/04/21 10:11:28 Received {n4 n3 {"data_id":"c11_22","message":54,"msg_id":61,"seen_nodes":["n4","n1","n3"],"type":"gossip"}}
2025/04/21 10:11:28 Received {n4 n3 {"data_id":"c14_14","message":61,"msg_id":63,"seen_nodes":["n4","n1","n3"],"type":"gossip"}}
2025/04/21 10:11:28 Sent {"src":"n3","dest":"n0","body":{"already_seen":false,"in_reply_to":63,"msg_id":158,"seen_nodes":["n3","n0","n1","n4","n2"],"type":"gossip_ok"}}
2025/04/21 10:11:28 Sent {"src":"n3","dest":"n4","body":{"already_seen":true,"in_reply_to":61,"msg_id":159,"seen_nodes":["n3","n0","n1","n4","n2"],"type":"gossip_ok"}}
2025/04/21 10:11:28 Sent {"src":"n3","dest":"n0","body":{"data_id":"c14_14","message":61,"msg_id":71,"seen_nodes":["n3","n4","n1","n0"],"type":"gossip"}}
2025/04/21 10:11:28 Sent {"src":"n3","dest":"n4","body":{"already_seen":false,"in_reply_to":63,"msg_id":161,"seen_nodes":["n3","n4","n1","n0"],"type":"gossip_ok"}}
2025/04/21 10:11:29 Received {n4 n3 {"data_id":"c11_23","message":58,"msg_id":64,"seen_nodes":["n4","n1","n3"],"type":"gossip"}}
2025/04/21 10:11:29 Received {c13 n3 {"type":"broadcast","message":69,"msg_id":22}}
2025/04/21 10:11:29 Received {n0 n3 {"data_id":"c11_23","message":58,"msg_id":64,"seen_nodes":["n0","n1","n4","n2","n3"],"type":"gossip"}}
2025/04/21 10:11:29 Received {n0 n3 {"already_seen":true,"in_reply_to":63,"msg_id":154,"seen_nodes":["n0","n1","n4","n2","n3"],"type":"gossip_ok"}}
2025/04/21 10:11:29 Received {n0 n3 {"data_id":"c10_20","message":62,"msg_id":65,"seen_nodes":["n0","n3"],"type":"gossip"}}
2025/04/21 10:11:29 Sent {"src":"n3","dest":"n0","body":{"data_id":"c11_23","message":58,"msg_id":72,"seen_nodes":["n3","n4","n1","n0"],"type":"gossip"}}
2025/04/21 10:11:29 Sent {"src":"n3","dest":"n0","body":{"already_seen":true,"in_reply_to":64,"msg_id":164,"seen_nodes":["n3","n4","n1","n0"],"type":"gossip_ok"}}
2025/04/21 10:11:29 Received {n4 n3 {"already_seen":false,"in_reply_to":65,"msg_id":150,"seen_nodes":["n4","n3","n0","n1"],"type":"gossip_ok"}}
2025/04/21 10:11:29 Sent {"src":"n3","dest":"n4","body":{"already_seen":false,"in_reply_to":64,"msg_id":165,"seen_nodes":["n3","n4","n1","n0"],"type":"gossip_ok"}}
2025/04/21 10:11:29 Sent {"src":"n3","dest":"n0","body":{"data_id":"c13_22","message":69,"msg_id":73,"seen_nodes":["n3","n0"],"type":"gossip"}}
2025/04/21 10:11:29 Sent {"src":"n3","dest":"n4","body":{"data_id":"c10_20","message":62,"msg_id":74,"seen_nodes":["n3","n0","n4"],"type":"gossip"}}
2025/04/21 10:11:29 Sent {"src":"n3","dest":"n0","body":{"already_seen":false,"in_reply_to":65,"msg_id":168,"seen_nodes":["n3","n0","n4"],"type":"gossip_ok"}}
2025/04/21 10:11:29 Received {n4 n3 {"already_seen":false,"in_reply_to":64,"msg_id":149,"seen_nodes":["n4","n3","n0","n1"],"type":"gossip_ok"}}
2025/04/21 10:11:29 Sent {"src":"n3","dest":"n4","body":{"data_id":"c13_22","message":69,"msg_id":75,"seen_nodes":["n3","n0","n4"],"type":"gossip"}}
2025/04/21 10:11:29 Sent {"src":"n3","dest":"c13","body":{"in_reply_to":22,"msg_id":169,"type":"broadcast_ok"}}
2025/04/21 10:11:29 Received {n0 n3 {"already_seen":false,"in_reply_to":61,"msg_id":151,"seen_nodes":["n0","n3","n4","n1"],"type":"gossip_ok"}}
2025/04/21 10:11:29 Received {n0 n3 {"already_seen":false,"in_reply_to":62,"msg_id":158,"seen_nodes":["n0","n3","n1"],"type":"gossip_ok"}}
2025/04/21 10:11:29 Received {n4 n3 {"data_id":"c11_24","message":59,"msg_id":67,"seen_nodes":["n4","n1","n3"],"type":"gossip"}}
2025/04/21 10:11:29 Received {c13 n3 {"type":"read","msg_id":23}}
2025/04/21 10:11:29 Received {n0 n3 {"data_id":"c11_24","message":59,"msg_id":68,"seen_nodes":["n0","n1","n4","n2","n3"],"type":"gossip"}}
2025/04/21 10:11:29 Sent {"src":"n3","dest":"n0","body":{"data_id":"c11_24","message":59,"msg_id":76,"seen_nodes":["n3","n4","n1","n0"],"type":"gossip"}}
2025/04/21 10:11:29 Sent {"src":"n3","dest":"n4","body":{"already_seen":false,"in_reply_to":67,"msg_id":171,"seen_nodes":["n3","n4","n1","n0"],"type":"gossip_ok"}}
2025/04/21 10:11:29 Sent {"src":"n3","dest":"n0","body":{"already_seen":true,"in_reply_to":68,"msg_id":173,"seen_nodes":["n3","n4","n1","n0"],"type":"gossip_ok"}}
2025/04/21 10:11:29 Received {n4 n3 {"data_id":"c14_15","message":66,"msg_id":69,"seen_nodes":["n4","n1","n3"],"type":"gossip"}}
2025/04/21 10:11:29 Sent {"src":"n3","dest":"c13","body":{"in_reply_to":23,"messages":[62,8,27,28,41,45,13,9,43,48,6,40,18,26,10,58,4,20,47,1,35,61,23,56,54,0,12,25,49,32,34,53,2,11,19,37,30,7,14,21,29,31,52,51,44,38,33,22,69,16,5,24,36,15,17,42,57,39,59,50,60,3,46],"msg_id":172,"type":"read_ok"}}
2025/04/21 10:11:29 Sent {"src":"n3","dest":"n0","body":{"data_id":"c14_15","message":66,"msg_id":77,"seen_nodes":["n3","n4","n1","n0"],"type":"gossip"}}
2025/04/21 10:11:29 Sent {"src":"n3","dest":"n4","body":{"already_seen":false,"in_reply_to":69,"msg_id":175,"seen_nodes":["n3","n4","n1","n0"],"type":"gossip_ok"}}
2025/04/21 10:11:29 Received {n0 n3 {"already_seen":true,"in_reply_to":66,"msg_id":161,"seen_nodes":["n0","n1","n2","n4","n3"],"type":"gossip_ok"}}
2025/04/21 10:11:30 Received {n0 n3 {"already_seen":false,"in_reply_to":67,"msg_id":164,"seen_nodes":["n0","n3","n1"],"type":"gossip_ok"}}
2025/04/21 10:11:30 Received {c13 n3 {"type":"read","msg_id":24}}
2025/04/21 10:11:30 Received {n0 n3 {"data_id":"c10_21","message":67,"msg_id":70,"seen_nodes":["n0","n3"],"type":"gossip"}}
2025/04/21 10:11:30 Received {n4 n3 {"already_seen":false,"in_reply_to":68,"msg_id":160,"seen_nodes":["n4","n3","n0","n1"],"type":"gossip_ok"}}
2025/04/21 10:11:30 Sent {"src":"n3","dest":"n4","body":{"data_id":"c10_21","message":67,"msg_id":78,"seen_nodes":["n3","n0","n4"],"type":"gossip"}}
2025/04/21 10:11:30 Sent {"src":"n3","dest":"n0","body":{"already_seen":false,"in_reply_to":70,"msg_id":178,"seen_nodes":["n3","n0","n4"],"type":"gossip_ok"}}
2025/04/21 10:11:30 Sent {"src":"n3","dest":"c13","body":{"in_reply_to":24,"messages":[7,14,21,29,30,66,31,52,51,44,16,5,24,36,38,33,22,69,15,17,42,57,39,59,50,60,3,46,8,27,28,41,62,13,9,43,48,45,6,40,18,26,10,58,4,20,47,1,35,61,23,56,54,0,12,25,49,2,11,19,37,32,34,53],"msg_id":176,"type":"read_ok"}}
2025/04/21 10:11:30 Received {n4 n3 {"already_seen":false,"in_reply_to":69,"msg_id":164,"seen_nodes":["n4","n3","n0","n1"],"type":"gossip_ok"}}
2025/04/21 10:11:30 Received {n4 n3 {"data_id":"c12_17","message":55,"msg_id":71,"seen_nodes":["n4","n1","n2","n3"],"type":"gossip"}}
2025/04/21 10:11:30 Received {n0 n3 {"data_id":"c12_17","message":55,"msg_id":72,"seen_nodes":["n0","n1","n2","n4","n3"],"type":"gossip"}}
2025/04/21 10:11:30 Received {n4 n3 {"data_id":"c11_25","message":63,"msg_id":73,"seen_nodes":["n4","n1","n3"],"type":"gossip"}}
2025/04/21 10:11:30 Received {n0 n3 {"already_seen":true,"in_reply_to":70,"msg_id":168,"seen_nodes":["n0","n1","n2","n4","n3"],"type":"gossip_ok"}}
2025/04/21 10:11:30 Sent {"src":"n3","dest":"n0","body":{"data_id":"c12_17","message":55,"msg_id":79,"seen_nodes":["n3","n4","n1","n2","n0"],"type":"gossip"}}
2025/04/21 10:11:30 Received {n0 n3 {"data_id":"c11_25","message":63,"msg_id":73,"seen_nodes":["n0","n1","n4","n2","n3"],"type":"gossip"}}
2025/04/21 10:11:30 Sent {"src":"n3","dest":"n4","body":{"already_seen":false,"in_reply_to":71,"msg_id":182,"seen_nodes":["n3","n4","n1","n2","n0"],"type":"gossip_ok"}}
2025/04/21 10:11:30 Sent {"src":"n3","dest":"n0","body":{"already_seen":true,"in_reply_to":72,"msg_id":181,"seen_nodes":["n3","n4","n1","n2","n0"],"type":"gossip_ok"}}
2025/04/21 10:11:30 Sent {"src":"n3","dest":"n0","body":{"data_id":"c11_25","message":63,"msg_id":80,"seen_nodes":["n3","n4","n1","n0"],"type":"gossip"}}
2025/04/21 10:11:30 Sent {"src":"n3","dest":"n4","body":{"already_seen":false,"in_reply_to":73,"msg_id":183,"seen_nodes":["n3","n4","n1","n0"],"type":"gossip_ok"}}
2025/04/21 10:11:30 Sent {"src":"n3","dest":"n0","body":{"already_seen":true,"in_reply_to":73,"msg_id":184,"seen_nodes":["n3","n4","n1","n0"],"type":"gossip_ok"}}
2025/04/21 10:11:30 Received {n0 n3 {"data_id":"c10_22","message":71,"msg_id":74,"seen_nodes":["n0","n3"],"type":"gossip"}}
2025/04/21 10:11:30 Received {n0 n3 {"already_seen":false,"in_reply_to":71,"msg_id":173,"seen_nodes":["n0","n3","n4","n1"],"type":"gossip_ok"}}
2025/04/21 10:11:30 Sent {"src":"n3","dest":"n4","body":{"data_id":"c10_22","message":71,"msg_id":81,"seen_nodes":["n3","n0","n4"],"type":"gossip"}}
2025/04/21 10:11:30 Sent {"src":"n3","dest":"n0","body":{"already_seen":false,"in_reply_to":74,"msg_id":186,"seen_nodes":["n3","n0","n4"],"type":"gossip_ok"}}
2025/04/21 10:11:31 Received {n4 n3 {"data_id":"c14_17","message":73,"msg_id":75,"seen_nodes":["n4","n1","n3"],"type":"gossip"}}
2025/04/21 10:11:31 Received {c13 n3 {"type":"read","msg_id":25}}
2025/04/21 10:11:31 Received {n0 n3 {"data_id":"c10_23","message":74,"msg_id":76,"seen_nodes":["n0","n3"],"type":"gossip"}}
2025/04/21 10:11:31 Received {n4 n3 {"data_id":"c12_18","message":64,"msg_id":76,"seen_nodes":["n4","n1","n2","n3"],"type":"gossip"}}
2025/04/21 10:11:31 Sent {"src":"n3","dest":"n0","body":{"data_id":"c14_17","message":73,"msg_id":82,"seen_nodes":["n3","n4","n1","n0"],"type":"gossip"}}
2025/04/21 10:11:31 Received {n0 n3 {"already_seen":true,"in_reply_to":72,"msg_id":178,"seen_nodes":["n0","n1","n4","n2","n3"],"type":"gossip_ok"}}
2025/04/21 10:11:31 Sent {"src":"n3","dest":"n4","body":{"already_seen":false,"in_reply_to":75,"msg_id":188,"seen_nodes":["n3","n4","n1","n0"],"type":"gossip_ok"}}
2025/04/21 10:11:31 Received {n4 n3 {"already_seen":false,"in_reply_to":74,"msg_id":175,"seen_nodes":["n4","n3","n0","n1"],"type":"gossip_ok"}}
2025/04/21 10:11:31 Sent {"src":"n3","dest":"n0","body":{"data_id":"c12_18","message":64,"msg_id":83,"seen_nodes":["n3","n4","n1","n2","n0"],"type":"gossip"}}
2025/04/21 10:11:31 Received {n0 n3 {"data_id":"c12_18","message":64,"msg_id":78,"seen_nodes":["n0","n1","n2","n4","n3"],"type":"gossip"}}
2025/04/21 10:11:31 Sent {"src":"n3","dest":"n4","body":{"data_id":"c10_23","message":74,"msg_id":84,"seen_nodes":["n3","n0","n4"],"type":"gossip"}}
2025/04/21 10:11:31 Sent {"src":"n3","dest":"n4","body":{"already_seen":false,"in_reply_to":76,"msg_id":191,"seen_nodes":["n3","n4","n1","n2","n0"],"type":"gossip_ok"}}
2025/04/21 10:11:31 Sent {"src":"n3","dest":"n0","body":{"already_seen":false,"in_reply_to":76,"msg_id":193,"seen_nodes":["n3","n0","n4"],"type":"gossip_ok"}}
2025/04/21 10:11:31 Received {n4 n3 {"data_id":"c11_26","message":68,"msg_id":78,"seen_nodes":["n4","n1","n3"],"type":"gossip"}}
2025/04/21 10:11:31 Sent {"src":"n3","dest":"n0","body":{"already_seen":true,"in_reply_to":78,"msg_id":194,"seen_nodes":["n3","n4","n1","n2","n0"],"type":"gossip_ok"}}
2025/04/21 10:11:31 Sent {"src":"n3","dest":"c13","body":{"in_reply_to":25,"messages":[8,27,28,41,62,13,9,43,48,45,6,40,18,26,10,58,4,20,47,63,73,1,35,61,23,56,54,71,64,0,12,25,49,2,11,19,37,32,34,53,7,14,21,29,30,66,31,52,51,44,69,16,5,24,36,38,33,22,74,15,17,42,57,39,59,67,55,50,60,3,46],"msg_id":192,"type":"read_ok"}}
2025/04/21 10:11:31 Received {n0 n3 {"already_seen":false,"in_reply_to":73,"msg_id":184,"seen_nodes":["n0","n3","n1"],"type":"gossip_ok"}}
2025/04/21 10:11:31 Sent {"src":"n3","dest":"n0","body":{"data_id":"c11_26","message":68,"msg_id":85,"seen_nodes":["n3","n4","n1","n0"],"type":"gossip"}}
2025/04/21 10:11:31 Received {n4 n3 {"already_seen":false,"in_reply_to":75,"msg_id":179,"seen_nodes":["n4","n3","n0","n1"],"type":"gossip_ok"}}
2025/04/21 10:11:31 Sent {"src":"n3","dest":"n4","body":{"already_seen":false,"in_reply_to":78,"msg_id":196,"seen_nodes":["n3","n4","n1","n0"],"type":"gossip_ok"}}
2025/04/21 10:11:31 Received {n0 n3 {"data_id":"c11_26","message":68,"msg_id":80,"seen_nodes":["n0","n1","n4","n2","n3"],"type":"gossip"}}
2025/04/21 10:11:31 Sent {"src":"n3","dest":"n0","body":{"already_seen":true,"in_reply_to":80,"msg_id":197,"seen_nodes":["n3","n4","n1","n0"],"type":"gossip_ok"}}
2025/04/21 10:11:31 Received {n0 n3 {"data_id":"c10_24","message":75,"msg_id":81,"seen_nodes":["n0","n3"],"type":"gossip"}}
2025/04/21 10:11:31 Received {c13 n3 {"type":"read","msg_id":26}}
2025/04/21 10:11:31 Received {n0 n3 {"data_id":"c14_15","message":66,"msg_id":83,"seen_nodes":["n0","n1","n4","n2","n3"],"type":"gossip"}}
2025/04/21 10:11:31 Received {n4 n3 {"data_id":"c11_27","message":70,"msg_id":80,"seen_nodes":["n4","n1","n3"],"type":"gossip"}}
2025/04/21 10:11:31 Sent {"src":"n3","dest":"n4","body":{"data_id":"c10_24","message":75,"msg_id":86,"seen_nodes":["n3","n0","n4"],"type":"gossip"}}
2025/04/21 10:11:31 Sent {"src":"n3","dest":"n0","body":{"already_seen":true,"in_reply_to":83,"msg_id":199,"seen_nodes":["n3","n4","n1","n0"],"type":"gossip_ok"}}
2025/04/21 10:11:31 Sent {"src":"n3","dest":"n0","body":{"already_seen":false,"in_reply_to":81,"msg_id":200,"seen_nodes":["n3","n0","n4"],"type":"gossip_ok"}}
2025/04/21 10:11:31 Sent {"src":"n3","dest":"n0","body":{"data_id":"c11_27","message":70,"msg_id":87,"seen_nodes":["n3","n4","n1","n0"],"type":"gossip"}}
2025/04/21 10:11:31 Sent {"src":"n3","dest":"n4","body":{"already_seen":false,"in_reply_to":80,"msg_id":203,"seen_nodes":["n3","n4","n1","n0"],"type":"gossip_ok"}}
2025/04/21 10:11:31 Sent {"src":"n3","dest":"c13","body":{"in_reply_to":26,"messages":[69,16,5,24,36,38,33,22,74,15,17,42,57,39,59,67,55,50,60,68,3,46,8,27,28,41,62,13,9,43,48,45,6,40,18,26,10,58,4,20,47,63,73,1,35,61,23,56,54,71,64,0,12,25,49,2,11,19,37,32,34,53,7,14,21,29,30,66,31,52,51,44,75],"msg_id":201,"type":"read_ok"}}
2025/04/21 10:11:31 Received {n0 n3 {"already_seen":true,"in_reply_to":76,"msg_id":187,"seen_nodes":["n0","n1","n4","n2","n3"],"type":"gossip_ok"}}
2025/04/21 10:11:31 Received {n4 n3 {"data_id":"c12_19","message":65,"msg_id":81,"seen_nodes":["n4","n1","n2","n3"],"type":"gossip"}}
2025/04/21 10:11:31 Received {n0 n3 {"data_id":"c12_19","message":65,"msg_id":84,"seen_nodes":["n0","n1","n2","n4","n3"],"type":"gossip"}}
2025/04/21 10:11:31 Received {n0 n3 {"already_seen":true,"in_reply_to":77,"msg_id":195,"seen_nodes":["n0","n1","n4","n2","n3"],"type":"gossip_ok"}}
2025/04/21 10:11:31 Sent {"src":"n3","dest":"n0","body":{"data_id":"c12_19","message":65,"msg_id":88,"seen_nodes":["n3","n4","n1","n2","n0"],"type":"gossip"}}
2025/04/21 10:11:31 Sent {"src":"n3","dest":"n4","body":{"already_seen":false,"in_reply_to":81,"msg_id":205,"seen_nodes":["n3","n4","n1","n2","n0"],"type":"gossip_ok"}}
2025/04/21 10:11:31 Sent {"src":"n3","dest":"n0","body":{"already_seen":true,"in_reply_to":84,"msg_id":206,"seen_nodes":["n3","n4","n1","n2","n0"],"type":"gossip_ok"}}
2025/04/21 10:11:31 Received {n0 n3 {"data_id":"c11_27","message":70,"msg_id":85,"seen_nodes":["n0","n1","n4","n2","n3"],"type":"gossip"}}
2025/04/21 10:11:31 Sent {"src":"n3","dest":"n0","body":{"already_seen":true,"in_reply_to":85,"msg_id":207,"seen_nodes":["n3","n4","n1","n0"],"type":"gossip_ok"}}
2025/04/21 10:11:31 Received {c13 n3 {"type":"broadcast","message":79,"msg_id":27}}
2025/04/21 10:11:31 Sent {"src":"n3","dest":"n0","body":{"data_id":"c13_27","message":79,"msg_id":89,"seen_nodes":["n3","n0"],"type":"gossip"}}
2025/04/21 10:11:31 Sent {"src":"n3","dest":"n4","body":{"data_id":"c13_27","message":79,"msg_id":90,"seen_nodes":["n3","n0","n4"],"type":"gossip"}}
2025/04/21 10:11:31 Sent {"src":"n3","dest":"c13","body":{"in_reply_to":27,"msg_id":210,"type":"broadcast_ok"}}
2025/04/21 10:11:32 Received {n0 n3 {"data_id":"c10_26","message":77,"msg_id":86,"seen_nodes":["n0","n3"],"type":"gossip"}}
2025/04/21 10:11:32 Received {c13 n3 {"type":"broadcast","message":82,"msg_id":28}}
2025/04/21 10:11:32 Received {n4 n3 {"data_id":"c14_19","message":76,"msg_id":83,"seen_nodes":["n4","n1","n3"],"type":"gossip"}}
2025/04/21 10:11:32 Sent {"src":"n3","dest":"n4","body":{"data_id":"c10_26","message":77,"msg_id":91,"seen_nodes":["n3","n0","n4"],"type":"gossip"}}
2025/04/21 10:11:32 Received {n0 n3 {"already_seen":true,"in_reply_to":79,"msg_id":201,"seen_nodes":["n0","n1","n2","n4","n3"],"type":"gossip_ok"}}
2025/04/21 10:11:32 Received {n4 n3 {"already_seen":true,"in_reply_to":78,"msg_id":189,"seen_nodes":["n4","n1","n0","n3"],"type":"gossip_ok"}}
2025/04/21 10:11:32 Sent {"src":"n3","dest":"n0","body":{"data_id":"c13_28","message":82,"msg_id":92,"seen_nodes":["n3","n0"],"type":"gossip"}}
2025/04/21 10:11:32 Sent {"src":"n3","dest":"n4","body":{"data_id":"c13_28","message":82,"msg_id":93,"seen_nodes":["n3","n0","n4"],"type":"gossip"}}
2025/04/21 10:11:32 Sent {"src":"n3","dest":"c13","body":{"in_reply_to":28,"msg_id":215,"type":"broadcast_ok"}}
2025/04/21 10:11:32 Sent {"src":"n3","dest":"n0","body":{"data_id":"c14_19","message":76,"msg_id":94,"seen_nodes":["n3","n4","n1","n0"],"type":"gossip"}}
2025/04/21 10:11:32 Received {n0 n3 {"already_seen":true,"in_reply_to":80,"msg_id":203,"seen_nodes":["n0","n1","n4","n2","n3"],"type":"gossip_ok"}}
2025/04/21 10:11:32 Sent {"src":"n3","dest":"n4","body":{"already_seen":false,"in_reply_to":83,"msg_id":217,"seen_nodes":["n3","n4","n1","n0"],"type":"gossip_ok"}}
2025/04/21 10:11:32 Sent {"src":"n3","dest":"n0","body":{"already_seen":false,"in_reply_to":86,"msg_id":213,"seen_nodes":["n3","n0","n4"],"type":"gossip_ok"}}
2025/04/21 10:11:32 Received {n4 n3 {"already_seen":false,"in_reply_to":81,"msg_id":194,"seen_nodes":["n4","n3","n0","n1"],"type":"gossip_ok"}}
2025/04/21 10:11:32 Received {n0 n3 {"data_id":"c11_30","message":78,"msg_id":88,"seen_nodes":["n0","n1","n4","n2","n3"],"type":"gossip"}}
2025/04/21 10:11:32 Received {n4 n3 {"data_id":"c14_20","message":83,"msg_id":87,"seen_nodes":["n4","n1","n3"],"type":"gossip"}}
2025/04/21 10:11:32 Received {n4 n3 {"data_id":"c11_30","message":78,"msg_id":86,"seen_nodes":["n4","n1","n3"],"type":"gossip"}}
2025/04/21 10:11:32 Sent {"src":"n3","dest":"n0","body":{"already_seen":false,"in_reply_to":88,"msg_id":219,"seen_nodes":["n3","n0","n1","n4","n2"],"type":"gossip_ok"}}
2025/04/21 10:11:32 Sent {"src":"n3","dest":"n0","body":{"data_id":"c14_20","message":83,"msg_id":95,"seen_nodes":["n3","n4","n1","n0"],"type":"gossip"}}
2025/04/21 10:11:32 Sent {"src":"n3","dest":"n4","body":{"already_seen":false,"in_reply_to":87,"msg_id":221,"seen_nodes":["n3","n4","n1","n0"],"type":"gossip_ok"}}
2025/04/21 10:11:32 Sent {"src":"n3","dest":"n4","body":{"already_seen":true,"in_reply_to":86,"msg_id":220,"seen_nodes":["n3","n0","n1","n4","n2"],"type":"gossip_ok"}}
2025/04/21 10:11:33 Received {n0 n3 {"data_id":"c10_27","message":84,"msg_id":89,"seen_nodes":["n0","n3"],"type":"gossip"}}
2025/04/21 10:11:33 Received {c13 n3 {"type":"read","msg_id":29}}
2025/04/21 10:11:33 Received {n0 n3 {"data_id":"c12_21","message":72,"msg_id":91,"seen_nodes":["n0","n1","n2","n4","n3"],"type":"gossip"}}
2025/04/21 10:11:33 Received {n0 n3 {"already_seen":false,"in_reply_to":82,"msg_id":207,"seen_nodes":["n0","n3","n4","n1"],"type":"gossip_ok"}}
2025/04/21 10:11:33 Received {n4 n3 {"data_id":"c12_21","message":72,"msg_id":88,"seen_nodes":["n4","n1","n2","n3"],"type":"gossip"}}
2025/04/21 10:11:33 Sent {"src":"n3","dest":"n4","body":{"data_id":"c10_27","message":84,"msg_id":96,"seen_nodes":["n3","n0","n4"],"type":"gossip"}}
2025/04/21 10:11:33 Sent {"src":"n3","dest":"n0","body":{"already_seen":false,"in_reply_to":91,"msg_id":224,"seen_nodes":["n3","n0","n1","n2","n4"],"type":"gossip_ok"}}
2025/04/21 10:11:33 Sent {"src":"n3","dest":"n0","body":{"already_seen":false,"in_reply_to":89,"msg_id":225,"seen_nodes":["n3","n0","n4"],"type":"gossip_ok"}}
2025/04/21 10:11:33 Sent {"src":"n3","dest":"c13","body":{"in_reply_to":29,"messages":[64,23,56,54,71,0,12,25,49,32,34,53,70,2,11,19,37,30,66,7,14,21,29,75,31,52,51,44,38,33,22,69,16,5,24,36,74,65,15,17,42,57,77,82,39,59,67,55,50,60,68,3,46,76,62,8,27,28,41,45,13,9,43,48,6,40,83,78,79,18,26,10,58,73,4,20,47,63,1,35,61],"msg_id":222,"type":"read_ok"}}
2025/04/21 10:11:33 Sent {"src":"n3","dest":"n4","body":{"already_seen":true,"in_reply_to":88,"msg_id":226,"seen_nodes":["n3","n0","n1","n2","n4"],"type":"gossip_ok"}}
2025/04/21 10:11:33 Received {n4 n3 {"data_id":"c14_21","message":85,"msg_id":90,"seen_nodes":["n4","n1","n3"],"type":"gossip"}}
2025/04/21 10:11:33 Received {n4 n3 {"already_seen":true,"in_reply_to":84,"msg_id":205,"seen_nodes":["n4","n1","n0","n3"],"type":"gossip_ok"}}
2025/04/21 10:11:33 Received {n0 n3 {"already_seen":true,"in_reply_to":83,"msg_id":213,"seen_nodes":["n0","n1","n2","n4","n3"],"type":"gossip_ok"}}
2025/04/21 10:11:33 Received {n0 n3 {"already_seen":true,"in_reply_to":85,"msg_id":214,"seen_nodes":["n0","n1","n4","n2","n3"],"type":"gossip_ok"}}
2025/04/21 10:11:33 Sent {"src":"n3","dest":"n0","body":{"data_id":"c14_21","message":85,"msg_id":97,"seen_nodes":["n3","n4","n1","n0"],"type":"gossip"}}
2025/04/21 10:11:33 Sent {"src":"n3","dest":"n4","body":{"already_seen":false,"in_reply_to":90,"msg_id":228,"seen_nodes":["n3","n4","n1","n0"],"type":"gossip_ok"}}
2025/04/21 10:11:33 Received {n0 n3 {"already_seen":true,"in_reply_to":87,"msg_id":215,"seen_nodes":["n0","n1","n4","n2","n3"],"type":"gossip_ok"}}
2025/04/21 10:11:33 Received {c13 n3 {"type":"read","msg_id":30}}
2025/04/21 10:11:33 Received {n0 n3 {"already_seen":true,"in_reply_to":88,"msg_id":216,"seen_nodes":["n0","n1","n2","n4","n3"],"type":"gossip_ok"}}
2025/04/21 10:11:33 Received {n4 n3 {"already_seen":false,"in_reply_to":86,"msg_id":209,"seen_nodes":["n4","n3","n0","n1"],"type":"gossip_ok"}}
2025/04/21 10:11:33 Received {n4 n3 {"data_id":"c14_22","message":86,"msg_id":93,"seen_nodes":["n4","n1","n3"],"type":"gossip"}}
2025/04/21 10:11:33 Sent {"src":"n3","dest":"n0","body":{"data_id":"c14_22","message":86,"msg_id":98,"seen_nodes":["n3","n4","n1","n0"],"type":"gossip"}}
2025/04/21 10:11:33 Sent {"src":"n3","dest":"n4","body":{"already_seen":false,"in_reply_to":93,"msg_id":231,"seen_nodes":["n3","n4","n1","n0"],"type":"gossip_ok"}}
2025/04/21 10:11:33 Sent {"src":"n3","dest":"c13","body":{"in_reply_to":30,"messages":[3,46,76,8,27,28,41,62,85,13,9,43,48,45,6,40,83,78,18,26,10,58,79,4,20,47,63,73,1,35,61,23,56,54,71,64,86,0,12,25,49,84,53,70,2,11,19,37,32,34,7,14,21,29,30,66,31,52,51,44,75,22,69,16,5,24,36,38,33,74,72,15,17,42,57,65,39,59,67,55,77,82,50,60,68],"msg_id":230,"type":"read_ok"}}
2025/04/21 10:11:33 Received {n4 n3 {"already_seen":false,"in_reply_to":90,"msg_id":214,"seen_nodes":["n4","n3","n0","n1"],"type":"gossip_ok"}}
2025/04/21 10:11:33 Received {n0 n3 {"already_seen":false,"in_reply_to":89,"msg_id":218,"seen_nodes":["n0","n3","n1"],"type":"gossip_ok"}}
2025/04/21 10:11:34 Received {n0 n3 {"data_id":"c10_28","message":87,"msg_id":93,"seen_nodes":["n0","n3"],"type":"gossip"}}
2025/04/21 10:11:34 Received {c13 n3 {"type":"read","msg_id":31}}
2025/04/21 10:11:34 Received {n4 n3 {"already_seen":false,"in_reply_to":91,"msg_id":216,"seen_nodes":["n4","n3","n0","n1"],"type":"gossip_ok"}}
2025/04/21 10:11:34 Received {n0 n3 {"already_seen":false,"in_reply_to":94,"msg_id":223,"seen_nodes":["n0","n3","n4","n1"],"type":"gossip_ok"}}
2025/04/21 10:11:34 Received {n0 n3 {"data_id":"c11_33","message":80,"msg_id":96,"seen_nodes":["n0","n1","n4","n2","n3"],"type":"gossip"}}
2025/04/21 10:11:34 Sent {"src":"n3","dest":"n4","body":{"data_id":"c10_28","message":87,"msg_id":99,"seen_nodes":["n3","n0","n4"],"type":"gossip"}}
2025/04/21 10:11:34 Received {n4 n3 {"data_id":"c11_33","message":80,"msg_id":96,"seen_nodes":["n4","n1","n3"],"type":"gossip"}}
2025/04/21 10:11:34 Received {n4 n3 {"already_seen":false,"in_reply_to":93,"msg_id":222,"seen_nodes":["n4","n3","n0","n1"],"type":"gossip_ok"}}
2025/04/21 10:11:34 Sent {"src":"n3","dest":"n0","body":{"already_seen":false,"in_reply_to":93,"msg_id":234,"seen_nodes":["n3","n0","n4"],"type":"gossip_ok"}}
2025/04/21 10:11:34 Sent {"src":"n3","dest":"c13","body":{"in_reply_to":31,"messages":[39,59,67,55,77,82,50,60,68,3,46,76,8,27,28,41,62,85,13,9,43,48,45,6,40,83,78,18,26,10,58,79,4,20,47,63,73,87,1,35,61,23,56,54,71,64,86,0,12,25,49,84,2,11,19,37,32,34,53,70,7,14,21,29,30,66,31,52,51,44,75,16,5,24,36,38,33,22,69,74,72,15,17,42,57,65],"msg_id":233,"type":"read_ok"}}
2025/04/21 10:11:34 Received {n0 n3 {"already_seen":false,"in_reply_to":92,"msg_id":224,"seen_nodes":["n0","n3","n1"],"type":"gossip_ok"}}
2025/04/21 10:11:34 Sent {"src":"n3","dest":"n0","body":{"already_seen":false,"in_reply_to":96,"msg_id":235,"seen_nodes":["n3","n0","n1","n4","n2"],"type":"gossip_ok"}}
2025/04/21 10:11:34 Sent {"src":"n3","dest":"n4","body":{"already_seen":true,"in_reply_to":96,"msg_id":236,"seen_nodes":["n3","n0","n1","n4","n2"],"type":"gossip_ok"}}
2025/04/21 10:11:34 Received {n4 n3 {"data_id":"c12_24","message":81,"msg_id":98,"seen_nodes":["n4","n1","n2","n3"],"type":"gossip"}}
2025/04/21 10:11:34 Received {c13 n3 {"type":"broadcast","message":94,"msg_id":32}}
2025/04/21 10:11:34 Received {n0 n3 {"already_seen":false,"in_reply_to":95,"msg_id":228,"seen_nodes":["n0","n3","n4","n1"],"type":"gossip_ok"}}
2025/04/21 10:11:34 Received {n0 n3 {"data_id":"c12_24","message":81,"msg_id":97,"seen_nodes":["n0","n1","n2","n4","n3"],"type":"gossip"}}
2025/04/21 10:11:34 Received {n0 n3 {"data_id":"c10_29","message":90,"msg_id":98,"seen_nodes":["n0","n3"],"type":"gossip"}}
2025/04/21 10:11:34 Sent {"src":"n3","dest":"n0","body":{"data_id":"c12_24","message":81,"msg_id":100,"seen_nodes":["n3","n4","n1","n2","n0"],"type":"gossip"}}
2025/04/21 10:11:34 Sent {"src":"n3","dest":"n4","body":{"already_seen":false,"in_reply_to":98,"msg_id":238,"seen_nodes":["n3","n4","n1","n2","n0"],"type":"gossip_ok"}}
2025/04/21 10:11:34 Sent {"src":"n3","dest":"n0","body":{"data_id":"c13_32","message":94,"msg_id":101,"seen_nodes":["n3","n0"],"type":"gossip"}}
2025/04/21 10:11:34 Sent {"src":"n3","dest":"n0","body":{"already_seen":true,"in_reply_to":97,"msg_id":241,"seen_nodes":["n3","n4","n1","n2","n0"],"type":"gossip_ok"}}
2025/04/21 10:11:34 Sent {"src":"n3","dest":"n4","body":{"data_id":"c10_29","message":90,"msg_id":102,"seen_nodes":["n3","n0","n4"],"type":"gossip"}}
2025/04/21 10:11:34 Sent {"src":"n3","dest":"n0","body":{"already_seen":false,"in_reply_to":98,"msg_id":243,"seen_nodes":["n3","n0","n4"],"type":"gossip_ok"}}
2025/04/21 10:11:34 Sent {"src":"n3","dest":"n4","body":{"data_id":"c13_32","message":94,"msg_id":103,"seen_nodes":["n3","n0","n4"],"type":"gossip"}}
2025/04/21 10:11:34 Sent {"src":"n3","dest":"c13","body":{"in_reply_to":32,"msg_id":244,"type":"broadcast_ok"}}
2025/04/21 10:11:35 Received {n4 n3 {"already_seen":true,"in_reply_to":96,"msg_id":227,"seen_nodes":["n4","n1","n0","n3"],"type":"gossip_ok"}}
2025/04/21 10:11:35 Received {c13 n3 {"type":"read","msg_id":33}}
2025/04/21 10:11:35 Received {n4 n3 {"data_id":"c14_24","message":91,"msg_id":100,"seen_nodes":["n4","n1","n3"],"type":"gossip"}}
2025/04/21 10:11:35 Received {n0 n3 {"data_id":"c10_30","message":92,"msg_id":100,"seen_nodes":["n0","n3"],"type":"gossip"}}
2025/04/21 10:11:35 Received {n0 n3 {"data_id":"c14_21","message":85,"msg_id":102,"seen_nodes":["n0","n1","n4","n2","n3"],"type":"gossip"}}
2025/04/21 10:11:35 Received {n0 n3 {"already_seen":true,"in_reply_to":97,"msg_id":238,"seen_nodes":["n0","n1","n4","n2","n3"],"type":"gossip_ok"}}
2025/04/21 10:11:35 Sent {"src":"n3","dest":"n0","body":{"already_seen":true,"in_reply_to":102,"msg_id":246,"seen_nodes":["n3","n4","n1","n0"],"type":"gossip_ok"}}
2025/04/21 10:11:35 Sent {"src":"n3","dest":"n4","body":{"data_id":"c10_30","message":92,"msg_id":104,"seen_nodes":["n3","n0","n4"],"type":"gossip"}}
2025/04/21 10:11:35 Sent {"src":"n3","dest":"c13","body":{"in_reply_to":33,"messages":[50,60,68,81,3,46,76,62,85,8,27,28,41,45,80,13,9,43,48,6,40,83,78,79,18,26,10,58,73,87,4,20,47,63,1,35,61,94,64,86,23,56,54,71,84,0,12,25,49,32,34,53,70,2,11,19,37,30,66,7,14,21,29,75,31,52,51,44,38,33,22,69,16,5,24,36,74,72,90,65,15,17,42,57,77,82,39,59,67,55],"msg_id":245,"type":"read_ok"}}
2025/04/21 10:11:35 Sent {"src":"n3","dest":"n0","body":{"already_seen":false,"in_reply_to":100,"msg_id":249,"seen_nodes":["n3","n0","n4"],"type":"gossip_ok"}}
2025/04/21 10:11:35 Sent {"src":"n3","dest":"n0","body":{"data_id":"c14_24","message":91,"msg_id":105,"seen_nodes":["n3","n4","n1","n0"],"type":"gossip"}}
2025/04/21 10:11:35 Sent {"src":"n3","dest":"n4","body":{"already_seen":false,"in_reply_to":100,"msg_id":250,"seen_nodes":["n3","n4","n1","n0"],"type":"gossip_ok"}}
2025/04/21 10:11:35 Received {n4 n3 {"data_id":"c11_35","message":88,"msg_id":101,"seen_nodes":["n4","n1","n3"],"type":"gossip"}}
2025/04/21 10:11:35 Received {c13 n3 {"type":"read","msg_id":34}}
2025/04/21 10:11:35 Received {n0 n3 {"data_id":"c11_35","message":88,"msg_id":103,"seen_nodes":["n0","n1","n4","n2","n3"],"type":"gossip"}}
2025/04/21 10:11:35 Received {n0 n3 {"data_id":"c14_22","message":86,"msg_id":104,"seen_nodes":["n0","n1","n4","n2","n3"],"type":"gossip"}}
2025/04/21 10:11:35 Received {n0 n3 {"already_seen":true,"in_reply_to":98,"msg_id":244,"seen_nodes":["n0","n1","n4","n2","n3"],"type":"gossip_ok"}}
2025/04/21 10:11:35 Sent {"src":"n3","dest":"n0","body":{"data_id":"c11_35","message":88,"msg_id":106,"seen_nodes":["n3","n4","n1","n0"],"type":"gossip"}}
2025/04/21 10:11:35 Sent {"src":"n3","dest":"n0","body":{"already_seen":true,"in_reply_to":104,"msg_id":253,"seen_nodes":["n3","n4","n1","n0"],"type":"gossip_ok"}}
2025/04/21 10:11:35 Sent {"src":"n3","dest":"n0","body":{"already_seen":true,"in_reply_to":103,"msg_id":252,"seen_nodes":["n3","n4","n1","n0"],"type":"gossip_ok"}}
2025/04/21 10:11:35 Sent {"src":"n3","dest":"n4","body":{"already_seen":false,"in_reply_to":101,"msg_id":254,"seen_nodes":["n3","n4","n1","n0"],"type":"gossip_ok"}}
2025/04/21 10:11:35 Sent {"src":"n3","dest":"c13","body":{"in_reply_to":34,"messages":[59,67,55,77,82,88,39,60,68,81,50,46,76,3,27,28,41,62,85,8,9,43,48,45,80,13,40,83,78,6,26,10,58,79,18,20,47,63,73,87,4,35,61,94,1,56,54,71,64,86,23,12,25,49,84,92,0,11,19,37,32,34,53,70,2,91,14,21,29,30,66,7,52,51,44,75,31,5,24,36,38,33,22,69,16,72,90,74,17,42,57,65,15],"msg_id":255,"type":"read_ok"}}
2025/04/21 10:11:35 Received {n4 n3 {"data_id":"c11_36","message":89,"msg_id":102,"seen_nodes":["n4","n1","n3"],"type":"gossip"}}
2025/04/21 10:11:35 Sent {"src":"n3","dest":"n0","body":{"data_id":"c11_36","message":89,"msg_id":107,"seen_nodes":["n3","n4","n1","n0"],"type":"gossip"}}
2025/04/21 10:11:35 Received {n0 n3 {"data_id":"c11_36","message":89,"msg_id":105,"seen_nodes":["n0","n1","n4","n2","n3"],"type":"gossip"}}
2025/04/21 10:11:35 Sent {"src":"n3","dest":"n4","body":{"already_seen":false,"in_reply_to":102,"msg_id":257,"seen_nodes":["n3","n4","n1","n0"],"type":"gossip_ok"}}
2025/04/21 10:11:35 Sent {"src":"n3","dest":"n0","body":{"already_seen":true,"in_reply_to":105,"msg_id":258,"seen_nodes":["n3","n4","n1","n0"],"type":"gossip_ok"}}
2025/04/21 10:11:36 Received {n0 n3 {"data_id":"c10_32","message":95,"msg_id":106,"seen_nodes":["n0","n3"],"type":"gossip"}}
2025/04/21 10:11:36 Received {c13 n3 {"type":"read","msg_id":35}}
2025/04/21 10:11:36 Received {n4 n3 {"already_seen":false,"in_reply_to":99,"msg_id":238,"seen_nodes":["n4","n3","n0","n1"],"type":"gossip_ok"}}
2025/04/21 10:11:36 Sent {"src":"n3","dest":"n4","body":{"data_id":"c10_32","message":95,"msg_id":108,"seen_nodes":["n3","n0","n4"],"type":"gossip"}}
2025/04/21 10:11:36 Sent {"src":"n3","dest":"n0","body":{"already_seen":false,"in_reply_to":106,"msg_id":260,"seen_nodes":["n3","n0","n4"],"type":"gossip_ok"}}
2025/04/21 10:11:36 Sent {"src":"n3","dest":"c13","body":{"in_reply_to":35,"messages":[19,37,32,34,53,70,2,11,91,95,21,29,30,66,7,14,51,44,75,31,52,24,36,38,33,22,69,16,5,90,74,72,42,57,65,15,17,67,55,77,82,88,39,59,68,81,89,50,60,76,3,46,28,41,62,85,8,27,43,48,45,80,13,9,83,78,6,40,10,58,79,18,26,47,63,73,87,4,20,61,94,1,35,54,71,64,86,23,56,25,49,84,92,0,12],"msg_id":261,"type":"read_ok"}}
2025/04/21 10:11:36 Received {n0 n3 {"data_id":"c10_33","message":97,"msg_id":108,"seen_nodes":["n0","n3"],"type":"gossip"}}
2025/04/21 10:11:36 Received {c13 n3 {"type":"broadcast","message":102,"msg_id":36}}
2025/04/21 10:11:36 Received {n4 n3 {"already_seen":true,"in_reply_to":102,"msg_id":241,"seen_nodes":["n4","n1","n0","n3"],"type":"gossip_ok"}}
2025/04/21 10:11:36 Received {n4 n3 {"already_seen":false,"in_reply_to":103,"msg_id":243,"seen_nodes":["n4","n3","n0","n1"],"type":"gossip_ok"}}
2025/04/21 10:11:36 Received {n0 n3 {"already_seen":true,"in_reply_to":100,"msg_id":253,"seen_nodes":["n0","n1","n2","n4","n3"],"type":"gossip_ok"}}
2025/04/21 10:11:36 Received {n0 n3 {"already_seen":false,"in_reply_to":101,"msg_id":257,"seen_nodes":["n0","n3","n1"],"type":"gossip_ok"}}
2025/04/21 10:11:36 Sent {"src":"n3","dest":"n4","body":{"data_id":"c10_33","message":97,"msg_id":109,"seen_nodes":["n3","n0","n4"],"type":"gossip"}}
2025/04/21 10:11:36 Sent {"src":"n3","dest":"n0","body":{"already_seen":false,"in_reply_to":108,"msg_id":264,"seen_nodes":["n3","n0","n4"],"type":"gossip_ok"}}
2025/04/21 10:11:36 Sent {"src":"n3","dest":"n0","body":{"data_id":"c13_36","message":102,"msg_id":110,"seen_nodes":["n3","n0"],"type":"gossip"}}
2025/04/21 10:11:36 Sent {"src":"n3","dest":"n4","body":{"data_id":"c13_36","message":102,"msg_id":111,"seen_nodes":["n3","n0","n4"],"type":"gossip"}}
2025/04/21 10:11:36 Sent {"src":"n3","dest":"c13","body":{"in_reply_to":36,"msg_id":266,"type":"broadcast_ok"}}
2025/04/21 10:11:37 Received {n0 n3 {"data_id":"c10_34","message":99,"msg_id":111,"seen_nodes":["n0","n3"],"type":"gossip"}}
2025/04/21 10:11:37 Received {c13 n3 {"type":"broadcast","message":104,"msg_id":37}}
2025/04/21 10:11:37 Received {n4 n3 {"already_seen":false,"in_reply_to":104,"msg_id":246,"seen_nodes":["n4","n3","n0","n1"],"type":"gossip_ok"}}
2025/04/21 10:11:37 Received {n4 n3 {"data_id":"c11_38","message":96,"msg_id":106,"seen_nodes":["n4","n1","n3"],"type":"gossip"}}
2025/04/21 10:11:37 Received {n0 n3 {"data_id":"c11_38","message":96,"msg_id":113,"seen_nodes":["n0","n1","n4","n2","n3"],"type":"gossip"}}
2025/04/21 10:11:37 Received {n0 n3 {"data_id":"c14_24","message":91,"msg_id":114,"seen_nodes":["n0","n1","n4","n2","n3"],"type":"gossip"}}
2025/04/21 10:11:37 Received {n0 n3 {"already_seen":true,"in_reply_to":105,"msg_id":263,"seen_nodes":["n0","n1","n4","n2","n3"],"type":"gossip_ok"}}
2025/04/21 10:11:37 Sent {"src":"n3","dest":"n4","body":{"data_id":"c10_34","message":99,"msg_id":112,"seen_nodes":["n3","n0","n4"],"type":"gossip"}}
2025/04/21 10:11:37 Sent {"src":"n3","dest":"n0","body":{"data_id":"c13_37","message":104,"msg_id":113,"seen_nodes":["n3","n0"],"type":"gossip"}}
2025/04/21 10:11:37 Sent {"src":"n3","dest":"n0","body":{"already_seen":false,"in_reply_to":111,"msg_id":270,"seen_nodes":["n3","n0","n4"],"type":"gossip_ok"}}
2025/04/21 10:11:37 Sent {"src":"n3","dest":"n4","body":{"data_id":"c13_37","message":104,"msg_id":114,"seen_nodes":["n3","n0","n4"],"type":"gossip"}}
2025/04/21 10:11:37 Sent {"src":"n3","dest":"n0","body":{"already_seen":true,"in_reply_to":113,"msg_id":272,"seen_nodes":["n3","n4","n1","n0"],"type":"gossip_ok"}}
2025/04/21 10:11:37 Sent {"src":"n3","dest":"n0","body":{"already_seen":true,"in_reply_to":114,"msg_id":273,"seen_nodes":["n3","n4","n1","n0","n2"],"type":"gossip_ok"}}
2025/04/21 10:11:37 Sent {"src":"n3","dest":"c13","body":{"in_reply_to":37,"msg_id":274,"type":"broadcast_ok"}}
2025/04/21 10:11:37 Sent {"src":"n3","dest":"n0","body":{"data_id":"c11_38","message":96,"msg_id":115,"seen_nodes":["n3","n4","n1","n0"],"type":"gossip"}}
2025/04/21 10:11:37 Sent {"src":"n3","dest":"n4","body":{"already_seen":false,"in_reply_to":106,"msg_id":275,"seen_nodes":["n3","n4","n1","n0","n2"],"type":"gossip_ok"}}
2025/04/21 10:11:37 Received {n0 n3 {"already_seen":true,"in_reply_to":106,"msg_id":266,"seen_nodes":["n0","n1","n4","n2","n3"],"type":"gossip_ok"}}
2025/04/21 10:11:37 Received {c13 n3 {"type":"read","msg_id":38}}
2025/04/21 10:11:37 Received {n0 n3 {"data_id":"c10_35","message":100,"msg_id":115,"seen_nodes":["n0","n3"],"type":"gossip"}}
2025/04/21 10:11:37 Received {n0 n3 {"data_id":"c12_29","message":93,"msg_id":117,"seen_nodes":["n0","n1","n2","n4","n3"],"type":"gossip"}}
2025/04/21 10:11:37 Sent {"src":"n3","dest":"n4","body":{"data_id":"c10_35","message":100,"msg_id":116,"seen_nodes":["n3","n0","n4"],"type":"gossip"}}
2025/04/21 10:11:37 Sent {"src":"n3","dest":"n0","body":{"already_seen":false,"in_reply_to":115,"msg_id":278,"seen_nodes":["n3","n0","n4"],"type":"gossip_ok"}}
2025/04/21 10:11:37 Sent {"src":"n3","dest":"n0","body":{"already_seen":false,"in_reply_to":117,"msg_id":277,"seen_nodes":["n3","n0","n1","n2","n4"],"type":"gossip_ok"}}
2025/04/21 10:11:37 Sent {"src":"n3","dest":"c13","body":{"in_reply_to":38,"messages":[21,29,30,66,93,7,14,51,44,75,31,52,24,36,38,33,22,69,16,5,90,74,72,42,57,65,96,15,17,67,55,77,82,88,39,59,68,81,89,50,60,76,3,46,28,41,62,85,8,27,43,48,45,80,13,9,83,78,104,6,40,10,58,79,102,18,26,47,63,73,87,99,4,20,61,94,97,100,1,35,54,71,64,86,23,56,25,49,84,92,0,12,19,37,32,34,53,70,2,11,91,95],"msg_id":279,"type":"read_ok"}}
2025/04/21 10:11:37 Received {n4 n3 {"data_id":"c12_29","message":93,"msg_id":107,"seen_nodes":["n4","n1","n2","n3"],"type":"gossip"}}
2025/04/21 10:11:37 Received {n0 n3 {"already_seen":true,"in_reply_to":107,"msg_id":272,"seen_nodes":["n0","n1","n4","n2","n3"],"type":"gossip_ok"}}
2025/04/21 10:11:37 Sent {"src":"n3","dest":"n4","body":{"already_seen":true,"in_reply_to":107,"msg_id":280,"seen_nodes":["n3","n0","n1","n2","n4"],"type":"gossip_ok"}}
2025/04/21 10:11:38 Received {n4 n3 {"already_seen":true,"in_reply_to":108,"msg_id":255,"seen_nodes":["n4","n1","n0","n3"],"type":"gossip_ok"}}
2025/04/21 10:11:38 Received {n0 n3 {"data_id":"c10_36","message":103,"msg_id":118,"seen_nodes":["n0","n3"],"type":"gossip"}}
2025/04/21 10:11:38 Sent {"src":"n3","dest":"n4","body":{"data_id":"c10_36","message":103,"msg_id":117,"seen_nodes":["n3","n0","n4"],"type":"gossip"}}
2025/04/21 10:11:38 Sent {"src":"n3","dest":"n0","body":{"already_seen":false,"in_reply_to":118,"msg_id":282,"seen_nodes":["n3","n0","n4"],"type":"gossip_ok"}}
2025/04/21 10:11:38 Received {n4 n3 {"already_seen":true,"in_reply_to":109,"msg_id":257,"seen_nodes":["n4","n1","n0","n3"],"type":"gossip_ok"}}
2025/04/21 10:11:38 Received {n4 n3 {"already_seen":false,"in_reply_to":111,"msg_id":259,"seen_nodes":["n4","n3","n0","n1"],"type":"gossip_ok"}}
2025/04/21 10:11:38 Received {n0 n3 {"already_seen":false,"in_reply_to":110,"msg_id":277,"seen_nodes":["n0","n3","n1"],"type":"gossip_ok"}}
2025/04/21 10:11:39 Received {n4 n3 {"already_seen":false,"in_reply_to":112,"msg_id":262,"seen_nodes":["n4","n3","n0","n1"],"type":"gossip_ok"}}
2025/04/21 10:11:39 Received {n0 n3 {"already_seen":false,"in_reply_to":113,"msg_id":279,"seen_nodes":["n0","n3","n1"],"type":"gossip_ok"}}
2025/04/21 10:11:39 Received {n4 n3 {"data_id":"c12_31","message":98,"msg_id":110,"seen_nodes":["n4","n1","n2","n3"],"type":"gossip"}}
2025/04/21 10:11:39 Received {n0 n3 {"already_seen":true,"in_reply_to":115,"msg_id":280,"seen_nodes":["n0","n1","n4","n2","n3"],"type":"gossip_ok"}}
2025/04/21 10:11:39 Received {n0 n3 {"data_id":"c12_31","message":98,"msg_id":122,"seen_nodes":["n0","n1","n2","n4","n3"],"type":"gossip"}}
2025/04/21 10:11:39 Sent {"src":"n3","dest":"n0","body":{"data_id":"c12_31","message":98,"msg_id":118,"seen_nodes":["n3","n4","n1","n2","n0"],"type":"gossip"}}
2025/04/21 10:11:39 Received {n4 n3 {"already_seen":false,"in_reply_to":114,"msg_id":266,"seen_nodes":["n4","n3","n0","n1"],"type":"gossip_ok"}}
2025/04/21 10:11:39 Sent {"src":"n3","dest":"n4","body":{"already_seen":false,"in_reply_to":110,"msg_id":284,"seen_nodes":["n3","n4","n1","n2","n0"],"type":"gossip_ok"}}
2025/04/21 10:11:39 Sent {"src":"n3","dest":"n0","body":{"already_seen":true,"in_reply_to":122,"msg_id":285,"seen_nodes":["n3","n4","n1","n2","n0"],"type":"gossip_ok"}}
2025/04/21 10:11:39 Received {n0 n3 {"data_id":"c11_42","message":105,"msg_id":123,"seen_nodes":["n0","n1","n4","n2","n3"],"type":"gossip"}}
2025/04/21 10:11:39 Received {n4 n3 {"data_id":"c11_42","message":105,"msg_id":113,"seen_nodes":["n4","n1","n3"],"type":"gossip"}}
2025/04/21 10:11:39 Received {n4 n3 {"already_seen":false,"in_reply_to":116,"msg_id":269,"seen_nodes":["n4","n3","n0","n1"],"type":"gossip_ok"}}
2025/04/21 10:11:39 Sent {"src":"n3","dest":"n0","body":{"already_seen":false,"in_reply_to":123,"msg_id":286,"seen_nodes":["n3","n0","n1","n4","n2"],"type":"gossip_ok"}}
2025/04/21 10:11:39 Sent {"src":"n3","dest":"n4","body":{"already_seen":true,"in_reply_to":113,"msg_id":287,"seen_nodes":["n3","n0","n1","n4","n2"],"type":"gossip_ok"}}
2025/04/21 10:11:39 Received {n0 n3 {"data_id":"c12_32","message":101,"msg_id":124,"seen_nodes":["n0","n1","n2","n4","n3"],"type":"gossip"}}
2025/04/21 10:11:39 Received {n4 n3 {"data_id":"c12_32","message":101,"msg_id":114,"seen_nodes":["n4","n1","n2","n3"],"type":"gossip"}}
2025/04/21 10:11:39 Sent {"src":"n3","dest":"n0","body":{"already_seen":false,"in_reply_to":124,"msg_id":288,"seen_nodes":["n3","n0","n1","n2","n4"],"type":"gossip_ok"}}
2025/04/21 10:11:39 Sent {"src":"n3","dest":"n4","body":{"already_seen":true,"in_reply_to":114,"msg_id":289,"seen_nodes":["n3","n0","n1","n2","n4"],"type":"gossip_ok"}}
2025/04/21 10:11:40 Received {n4 n3 {"already_seen":true,"in_reply_to":117,"msg_id":274,"seen_nodes":["n4","n1","n0","n3"],"type":"gossip_ok"}}
2025/04/21 10:11:41 Received {n0 n3 {"already_seen":true,"in_reply_to":118,"msg_id":287,"seen_nodes":["n0","n1","n2","n4","n3"],"type":"gossip_ok"}}
2025/04/21 10:11:47 Received {c13 n3 {"type":"read","msg_id":39}}
2025/04/21 10:11:47 Sent {"src":"n3","dest":"c13","body":{"in_reply_to":39,"messages":[1,35,94,64,86,98,23,56,92,12,25,49,70,91,95,101,11,37,32,53,30,66,51,44,38,69,36,72,65,96,15,42,57,77,60,68,81,89,76,28,41,13,104,83,26,10,4,47,73,99,97,100,61,54,71,84,0,2,19,34,93,7,14,21,29,75,31,52,33,22,16,5,24,74,90,17,82,88,39,59,67,55,50,105,3,46,62,85,8,27,45,80,9,43,48,6,40,78,103,18,58,79,102,20,63,87],"msg_id":290,"type":"read_ok"}}
