2025-04-21 09:43:38,296{GMT}	INFO	[jepsen test runner] jepsen.core: Test version 6fa3a09e65632bfed86e2d92449604cb4c985c06 (plus uncommitted changes)
2025-04-21 09:43:38,297{GMT}	INFO	[jepsen test runner] jepsen.core: Command line:
lein run test -w broadcast --bin fly-io --node-count 5 --time-limit 20 --rate 10 --nemesis partition
2025-04-21 09:43:38,398{GMT}	INFO	[jepsen test runner] jepsen.core: Running test:
{:args []
 :remote
 #jepsen.control.retry.Remote{:remote #jepsen.control.scp.Remote{:cmd-remote #jepsen.control.sshj.SSHJRemote{:concurrency-limit 6,
                                                                                                             :conn-spec nil,
                                                                                                             :client nil,
                                                                                                             :semaphore nil},
                                                                 :conn-spec nil},
                              :conn nil}
 :log-net-send false
 :node-count 5
 :availability nil
 :max-txn-length 4
 :concurrency 5
 :db
 #object[maelstrom.db$db$reify__16612
         "0x6cf58989"
         "maelstrom.db$db$reify__16612@6cf58989"]
 :max-writes-per-key 16
 :leave-db-running? false
 :name "broadcast"
 :logging-json? false
 :start-time
 #object[org.joda.time.DateTime "0xbec2d81" "2025-04-21T09:43:38.263+05:30"]
 :nemesis-interval 10
 :net
 #object[maelstrom.net$jepsen_net$reify__15721
         "0x5f04449a"
         "maelstrom.net$jepsen_net$reify__15721@5f04449a"]
 :client
 #object[maelstrom.workload.broadcast$client$reify__17142
         "0x5634c26c"
         "maelstrom.workload.broadcast$client$reify__17142@5634c26c"]
 :barrier
 #object[java.util.concurrent.CyclicBarrier
         "0x37a5ac85"
         "java.util.concurrent.CyclicBarrier@37a5ac85"]
 :log-stderr false
 :pure-generators true
 :ssh {:dummy? true}
 :rate 10.0
 :checker
 #object[jepsen.checker$compose$reify__11089
         "0x5d4f0fd5"
         "jepsen.checker$compose$reify__11089@5d4f0fd5"]
 :argv
 ("test"
  "-w"
  "broadcast"
  "--bin"
  "fly-io"
  "--node-count"
  "5"
  "--time-limit"
  "20"
  "--rate"
  "10"
  "--nemesis"
  "partition")
 :nemesis
 (jepsen.nemesis.ReflCompose
  {:fm {:start-partition 0,
        :stop-partition 0,
        :kill 1,
        :start 1,
        :pause 1,
        :resume 1},
   :nemeses [#unprintable "jepsen.nemesis.combined$partition_nemesis$reify__16905@2092b072"
             #unprintable "jepsen.nemesis.combined$db_nemesis$reify__16886@504521ae"]})
 :nodes ["n0" "n1" "n2" "n3" "n4"]
 :test-count 1
 :latency {:mean 0, :dist :constant}
 :bin "fly-io"
 :generator
 #object[jepsen.util.Forgettable
         "0x53a65166"
         ((jepsen.generator.Synchronize
           {:gen (jepsen.generator.TimeLimit
                  {:limit 20000000000,
                   :cutoff nil,
                   :gen (jepsen.generator.Any
                         {:gens [(jepsen.generator.OnThreads
                                  {:f #{:nemesis},
                                   :context-filter #object[jepsen.generator.context$make_thread_filter$lazy_filter__12077
                                                           "0x3d45ea17"
                                                           "jepsen.generator.context$make_thread_filter$lazy_filter__12077@3d45ea17"],
                                   :gen (jepsen.generator.Stagger
                                         {:dt 20000000000,
                                          :next-time nil,
                                          :gen (jepsen.generator.FlipFlop
                                                {:gens [#object[jepsen.nemesis.combined$partition_package$start__16909
                                                                "0x685efb22"
                                                                "jepsen.nemesis.combined$partition_package$start__16909@685efb22"]
                                                        (jepsen.generator.Repeat
                                                         {:remaining -1,
                                                          :gen {:type :info,
                                                                :f :stop-partition,
                                                                :value nil}})],
                                                 :i 0})})})
                                 (jepsen.generator.OnThreads
                                  {:f #jepsen.generator.context.AllBut{:element :nemesis},
                                   :context-filter #object[jepsen.generator.context$make_thread_filter$lazy_filter__12077
                                                           "0x24a696c0"
                                                           "jepsen.generator.context$make_thread_filter$lazy_filter__12077@24a696c0"],
                                   :gen (jepsen.generator.Stagger
                                         {:dt 200000000,
                                          :next-time nil,
                                          :gen (jepsen.generator.Mix
                                                {:i 0,
                                                 :gens [({:f :broadcast,
                                                          :value 0}
                                                         {:f :broadcast,
                                                          :value 1}
                                                         {:f :broadcast,
                                                          :value 2}
                                                         {:f :broadcast,
                                                          :value 3}
                                                         {:f :broadcast,
                                                          :value 4}
                                                         {:f :broadcast,
                                                          :value 5}
                                                         {:f :broadcast,
                                                          :value 6}
                                                         {:f :broadcast,
                                                          :value 7}
                                                         ...)
                                                        ({:f :read}
                                                         {:f :read}
                                                         {:f :read}
                                                         {:f :read}
                                                         {:f :read}
                                                         {:f :read}
                                                         {:f :read}
                                                         {:f :read}
                                                         ...)]})})})]})})})
          (jepsen.generator.Synchronize
           {:gen (jepsen.generator.OnThreads
                  {:f #{:nemesis},
                   :context-filter #object[jepsen.generator.context$make_thread_filter$lazy_filter__12077
                                           "0x6a7c1725"
                                           "jepsen.generator.context$make_thread_filter$lazy_filter__12077@6a7c1725"],
                   :gen ({:type :info, :f :stop-partition, :value nil})})})
          (jepsen.generator.Synchronize
           {:gen {:type :log, :value "Waiting for recovery..."}})
          (jepsen.generator.Synchronize {:gen {:type :sleep, :value 10}})
          (jepsen.generator.Synchronize
           {:gen (jepsen.generator.OnThreads
                  {:f #jepsen.generator.context.AllBut{:element :nemesis},
                   :context-filter #object[jepsen.generator.context$make_thread_filter$lazy_filter__12077
                                           "0x756476a3"
                                           "jepsen.generator.context$make_thread_filter$lazy_filter__12077@756476a3"],
                   :gen (jepsen.generator.EachThread
                         {:fresh-gen {:f :read, :final? true},
                          :context-filters #object[clojure.core$promise$reify__8621
                                                   "0x65e4ee59"
                                                   {:status :pending, :val nil}],
                          :gens {}})})}))]
 :log-net-recv false
 :os
 #object[maelstrom.net$jepsen_os$reify__15724
         "0x4746d52d"
         "maelstrom.net$jepsen_os$reify__15724@4746d52d"]
 :time-limit 20
 :workload :broadcast
 :consistency-models [:strict-serializable]
 :topology :grid}

2025-04-21 09:43:39,993{GMT}	INFO	[jepsen node n0] maelstrom.net: Starting Maelstrom network
2025-04-21 09:43:39,995{GMT}	INFO	[jepsen test runner] jepsen.db: Tearing down DB
2025-04-21 09:43:39,996{GMT}	INFO	[jepsen test runner] jepsen.db: Setting up DB
2025-04-21 09:43:39,997{GMT}	INFO	[jepsen node n2] maelstrom.db: Setting up n2
2025-04-21 09:43:39,998{GMT}	INFO	[jepsen node n3] maelstrom.db: Setting up n3
2025-04-21 09:43:39,998{GMT}	INFO	[jepsen node n2] maelstrom.process: launching fly-io []
2025-04-21 09:43:39,997{GMT}	INFO	[jepsen node n1] maelstrom.db: Setting up n1
2025-04-21 09:43:39,998{GMT}	INFO	[jepsen node n4] maelstrom.db: Setting up n4
2025-04-21 09:43:39,998{GMT}	INFO	[jepsen node n3] maelstrom.process: launching fly-io []
2025-04-21 09:43:39,999{GMT}	INFO	[jepsen node n4] maelstrom.process: launching fly-io []
2025-04-21 09:43:39,999{GMT}	INFO	[jepsen node n1] maelstrom.process: launching fly-io []
2025-04-21 09:43:40,000{GMT}	INFO	[jepsen node n0] maelstrom.service: Starting services: (lin-kv lin-tso lww-kv seq-kv)
2025-04-21 09:43:40,003{GMT}	INFO	[jepsen node n0] maelstrom.db: Setting up n0
2025-04-21 09:43:40,004{GMT}	INFO	[jepsen node n0] maelstrom.process: launching fly-io []
2025-04-21 09:43:40,029{GMT}	INFO	[jepsen test runner] jepsen.core: Relative time begins now
2025-04-21 09:43:40,048{GMT}	INFO	[jepsen worker nemesis] jepsen.util: :nemesis	:info	:start-partition	:majority
2025-04-21 09:43:40,048{GMT}	INFO	[jepsen worker 1] jepsen.util: 1	:invoke	:broadcast	0
2025-04-21 09:43:40,054{GMT}	INFO	[jepsen worker 1] jepsen.util: 1	:ok	:broadcast	0
2025-04-21 09:43:40,055{GMT}	INFO	[jepsen worker nemesis] jepsen.util: :nemesis	:info	:start-partition	[:isolated {"n2" #{"n1" "n4" "n0"}, "n3" #{"n1" "n4" "n0"}, "n1" #{"n2" "n3"}, "n4" #{"n2" "n3"}, "n0" #{"n2" "n3"}}]
2025-04-21 09:43:40,131{GMT}	INFO	[jepsen worker 2] jepsen.util: 2	:invoke	:broadcast	1
2025-04-21 09:43:40,134{GMT}	INFO	[jepsen worker 2] jepsen.util: 2	:ok	:broadcast	1
2025-04-21 09:43:40,193{GMT}	INFO	[jepsen worker 3] jepsen.util: 3	:invoke	:read	nil
2025-04-21 09:43:40,197{GMT}	INFO	[jepsen worker 3] jepsen.util: 3	:ok	:read	[]
2025-04-21 09:43:40,225{GMT}	INFO	[jepsen worker 4] jepsen.util: 4	:invoke	:read	nil
2025-04-21 09:43:40,229{GMT}	INFO	[jepsen worker 4] jepsen.util: 4	:ok	:read	[0]
2025-04-21 09:43:40,406{GMT}	INFO	[jepsen worker 0] jepsen.util: 0	:invoke	:broadcast	2
2025-04-21 09:43:40,410{GMT}	INFO	[jepsen worker 0] jepsen.util: 0	:ok	:broadcast	2
2025-04-21 09:43:40,514{GMT}	INFO	[jepsen worker 0] jepsen.util: 0	:invoke	:broadcast	3
2025-04-21 09:43:40,517{GMT}	INFO	[jepsen worker 0] jepsen.util: 0	:ok	:broadcast	3
2025-04-21 09:43:40,646{GMT}	INFO	[jepsen worker 1] jepsen.util: 1	:invoke	:broadcast	4
2025-04-21 09:43:40,650{GMT}	INFO	[jepsen worker 1] jepsen.util: 1	:ok	:broadcast	4
2025-04-21 09:43:40,783{GMT}	INFO	[jepsen worker 2] jepsen.util: 2	:invoke	:broadcast	5
2025-04-21 09:43:40,786{GMT}	INFO	[jepsen worker 2] jepsen.util: 2	:ok	:broadcast	5
2025-04-21 09:43:40,852{GMT}	INFO	[jepsen worker 3] jepsen.util: 3	:invoke	:read	nil
2025-04-21 09:43:40,855{GMT}	INFO	[jepsen worker 3] jepsen.util: 3	:ok	:read	[]
2025-04-21 09:43:40,890{GMT}	INFO	[jepsen worker 4] jepsen.util: 4	:invoke	:read	nil
2025-04-21 09:43:40,893{GMT}	INFO	[jepsen worker 4] jepsen.util: 4	:ok	:read	[2 3 4 0]
2025-04-21 09:43:41,022{GMT}	INFO	[jepsen worker 0] jepsen.util: 0	:invoke	:broadcast	6
2025-04-21 09:43:41,025{GMT}	INFO	[jepsen worker 0] jepsen.util: 0	:ok	:broadcast	6
2025-04-21 09:43:41,195{GMT}	INFO	[jepsen worker 0] jepsen.util: 0	:invoke	:broadcast	7
2025-04-21 09:43:41,198{GMT}	INFO	[jepsen worker 0] jepsen.util: 0	:ok	:broadcast	7
2025-04-21 09:43:41,206{GMT}	INFO	[jepsen worker 1] jepsen.util: 1	:invoke	:broadcast	8
2025-04-21 09:43:41,209{GMT}	INFO	[jepsen worker 1] jepsen.util: 1	:ok	:broadcast	8
2025-04-21 09:43:41,361{GMT}	INFO	[jepsen worker 2] jepsen.util: 2	:invoke	:read	nil
2025-04-21 09:43:41,364{GMT}	INFO	[jepsen worker 2] jepsen.util: 2	:ok	:read	[1 5]
2025-04-21 09:43:41,416{GMT}	INFO	[jepsen worker 3] jepsen.util: 3	:invoke	:read	nil
2025-04-21 09:43:41,418{GMT}	INFO	[jepsen worker 3] jepsen.util: 3	:ok	:read	[]
2025-04-21 09:43:41,476{GMT}	INFO	[jepsen worker 4] jepsen.util: 4	:invoke	:read	nil
2025-04-21 09:43:41,478{GMT}	INFO	[jepsen worker 4] jepsen.util: 4	:ok	:read	[0 2 3 4 6 7 8]
2025-04-21 09:43:41,620{GMT}	INFO	[jepsen worker 0] jepsen.util: 0	:invoke	:broadcast	9
2025-04-21 09:43:41,624{GMT}	INFO	[jepsen worker 0] jepsen.util: 0	:ok	:broadcast	9
2025-04-21 09:43:41,780{GMT}	INFO	[jepsen worker 0] jepsen.util: 0	:invoke	:broadcast	10
2025-04-21 09:43:41,783{GMT}	INFO	[jepsen worker 0] jepsen.util: 0	:ok	:broadcast	10
2025-04-21 09:43:41,883{GMT}	INFO	[jepsen worker 1] jepsen.util: 1	:invoke	:broadcast	11
2025-04-21 09:43:41,887{GMT}	INFO	[jepsen worker 1] jepsen.util: 1	:ok	:broadcast	11
2025-04-21 09:43:42,062{GMT}	INFO	[jepsen worker 2] jepsen.util: 2	:invoke	:read	nil
2025-04-21 09:43:42,065{GMT}	INFO	[jepsen worker 2] jepsen.util: 2	:ok	:read	[5 1]
2025-04-21 09:43:42,196{GMT}	INFO	[jepsen worker 3] jepsen.util: 3	:invoke	:read	nil
2025-04-21 09:43:42,198{GMT}	INFO	[jepsen worker 3] jepsen.util: 3	:ok	:read	[]
2025-04-21 09:43:42,333{GMT}	INFO	[jepsen worker 4] jepsen.util: 4	:invoke	:read	nil
2025-04-21 09:43:42,336{GMT}	INFO	[jepsen worker 4] jepsen.util: 4	:ok	:read	[4 7 9 11 0 2 8 10 3 6]
2025-04-21 09:43:42,432{GMT}	INFO	[jepsen worker 0] jepsen.util: 0	:invoke	:read	nil
2025-04-21 09:43:42,434{GMT}	INFO	[jepsen worker 0] jepsen.util: 0	:ok	:read	[4 8 10 0 3 6 7 9 11 2]
2025-04-21 09:43:42,567{GMT}	INFO	[jepsen worker 0] jepsen.util: 0	:invoke	:broadcast	12
2025-04-21 09:43:42,570{GMT}	INFO	[jepsen worker 0] jepsen.util: 0	:ok	:broadcast	12
2025-04-21 09:43:42,687{GMT}	INFO	[jepsen worker 1] jepsen.util: 1	:invoke	:broadcast	13
2025-04-21 09:43:42,690{GMT}	INFO	[jepsen worker 1] jepsen.util: 1	:ok	:broadcast	13
2025-04-21 09:43:42,824{GMT}	INFO	[jepsen worker 2] jepsen.util: 2	:invoke	:broadcast	14
2025-04-21 09:43:42,826{GMT}	INFO	[jepsen worker 2] jepsen.util: 2	:ok	:broadcast	14
2025-04-21 09:43:42,857{GMT}	INFO	[jepsen worker 3] jepsen.util: 3	:invoke	:read	nil
2025-04-21 09:43:42,859{GMT}	INFO	[jepsen worker 3] jepsen.util: 3	:ok	:read	[]
2025-04-21 09:43:42,985{GMT}	INFO	[jepsen worker 4] jepsen.util: 4	:invoke	:read	nil
2025-04-21 09:43:42,987{GMT}	INFO	[jepsen worker 4] jepsen.util: 4	:ok	:read	[0 2 4 7 9 11 12 3 6 8 10 13]
2025-04-21 09:43:43,155{GMT}	INFO	[jepsen worker 0] jepsen.util: 0	:invoke	:read	nil
2025-04-21 09:43:43,157{GMT}	INFO	[jepsen worker 0] jepsen.util: 0	:ok	:read	[0 4 8 10 13 2 3 6 7 9 11 12]
2025-04-21 09:43:43,174{GMT}	INFO	[jepsen worker 0] jepsen.util: 0	:invoke	:broadcast	15
2025-04-21 09:43:43,176{GMT}	INFO	[jepsen worker 0] jepsen.util: 0	:ok	:broadcast	15
2025-04-21 09:43:43,263{GMT}	INFO	[jepsen worker 1] jepsen.util: 1	:invoke	:broadcast	16
2025-04-21 09:43:43,265{GMT}	INFO	[jepsen worker 1] jepsen.util: 1	:ok	:broadcast	16
2025-04-21 09:43:43,463{GMT}	INFO	[jepsen worker 2] jepsen.util: 2	:invoke	:read	nil
2025-04-21 09:43:43,465{GMT}	INFO	[jepsen worker 2] jepsen.util: 2	:ok	:read	[1 5 14]
2025-04-21 09:43:43,483{GMT}	INFO	[jepsen worker 3] jepsen.util: 3	:invoke	:read	nil
2025-04-21 09:43:43,486{GMT}	INFO	[jepsen worker 3] jepsen.util: 3	:ok	:read	[]
2025-04-21 09:43:43,532{GMT}	INFO	[jepsen worker 4] jepsen.util: 4	:invoke	:broadcast	17
2025-04-21 09:43:43,535{GMT}	INFO	[jepsen worker 4] jepsen.util: 4	:ok	:broadcast	17
2025-04-21 09:43:43,719{GMT}	INFO	[jepsen worker 0] jepsen.util: 0	:invoke	:read	nil
2025-04-21 09:43:43,722{GMT}	INFO	[jepsen worker 0] jepsen.util: 0	:ok	:read	[2 3 6 7 11 13 4 8 15 9 12 16 17 0 10]
2025-04-21 09:43:43,814{GMT}	INFO	[jepsen worker 0] jepsen.util: 0	:invoke	:broadcast	18
2025-04-21 09:43:43,816{GMT}	INFO	[jepsen worker 1] jepsen.util: 1	:invoke	:read	nil
2025-04-21 09:43:43,817{GMT}	INFO	[jepsen worker 0] jepsen.util: 0	:ok	:broadcast	18
2025-04-21 09:43:43,819{GMT}	INFO	[jepsen worker 1] jepsen.util: 1	:ok	:read	[2 15 18 4 8 13 17 6 7 10 11 12 16 0 3 9]
2025-04-21 09:43:43,947{GMT}	INFO	[jepsen worker 2] jepsen.util: 2	:invoke	:read	nil
2025-04-21 09:43:43,949{GMT}	INFO	[jepsen worker 2] jepsen.util: 2	:ok	:read	[14 1 5]
2025-04-21 09:43:44,000{GMT}	INFO	[jepsen worker 3] jepsen.util: 3	:invoke	:broadcast	19
2025-04-21 09:43:44,003{GMT}	INFO	[jepsen worker 3] jepsen.util: 3	:ok	:broadcast	19
2025-04-21 09:43:44,100{GMT}	INFO	[jepsen worker 4] jepsen.util: 4	:invoke	:read	nil
2025-04-21 09:43:44,103{GMT}	INFO	[jepsen worker 4] jepsen.util: 4	:ok	:read	[15 17 10 18 12 6 8 13 16 3 2 4 7 9 11 0]
2025-04-21 09:43:44,146{GMT}	INFO	[jepsen worker 0] jepsen.util: 0	:invoke	:broadcast	20
2025-04-21 09:43:44,148{GMT}	INFO	[jepsen worker 0] jepsen.util: 0	:ok	:broadcast	20
2025-04-21 09:43:44,241{GMT}	INFO	[jepsen worker 0] jepsen.util: 0	:invoke	:broadcast	21
2025-04-21 09:43:44,244{GMT}	INFO	[jepsen worker 0] jepsen.util: 0	:ok	:broadcast	21
2025-04-21 09:43:44,331{GMT}	INFO	[jepsen worker 1] jepsen.util: 1	:invoke	:broadcast	22
2025-04-21 09:43:44,334{GMT}	INFO	[jepsen worker 1] jepsen.util: 1	:ok	:broadcast	22
2025-04-21 09:43:44,515{GMT}	INFO	[jepsen worker 2] jepsen.util: 2	:invoke	:read	nil
2025-04-21 09:43:44,517{GMT}	INFO	[jepsen worker 2] jepsen.util: 2	:ok	:read	[5 14 1]
2025-04-21 09:43:44,536{GMT}	INFO	[jepsen worker 3] jepsen.util: 3	:invoke	:read	nil
2025-04-21 09:43:44,538{GMT}	INFO	[jepsen worker 3] jepsen.util: 3	:ok	:read	[19]
2025-04-21 09:43:44,568{GMT}	INFO	[jepsen worker 4] jepsen.util: 4	:invoke	:read	nil
2025-04-21 09:43:44,570{GMT}	INFO	[jepsen worker 4] jepsen.util: 4	:ok	:read	[2 4 7 9 11 0 15 17 20 10 18 21 12 6 8 13 16 22 3]
2025-04-21 09:43:44,623{GMT}	INFO	[jepsen worker 0] jepsen.util: 0	:invoke	:broadcast	23
2025-04-21 09:43:44,625{GMT}	INFO	[jepsen worker 0] jepsen.util: 0	:ok	:broadcast	23
2025-04-21 09:43:44,634{GMT}	INFO	[jepsen worker 0] jepsen.util: 0	:invoke	:broadcast	24
2025-04-21 09:43:44,636{GMT}	INFO	[jepsen worker 0] jepsen.util: 0	:ok	:broadcast	24
2025-04-21 09:43:44,699{GMT}	INFO	[jepsen worker 1] jepsen.util: 1	:invoke	:broadcast	25
2025-04-21 09:43:44,702{GMT}	INFO	[jepsen worker 1] jepsen.util: 1	:ok	:broadcast	25
2025-04-21 09:43:44,871{GMT}	INFO	[jepsen worker 2] jepsen.util: 2	:invoke	:broadcast	26
2025-04-21 09:43:44,874{GMT}	INFO	[jepsen worker 2] jepsen.util: 2	:ok	:broadcast	26
2025-04-21 09:43:45,048{GMT}	INFO	[jepsen worker 3] jepsen.util: 3	:invoke	:broadcast	27
2025-04-21 09:43:45,050{GMT}	INFO	[jepsen worker 3] jepsen.util: 3	:ok	:broadcast	27
2025-04-21 09:43:45,104{GMT}	INFO	[jepsen worker 4] jepsen.util: 4	:invoke	:broadcast	28
2025-04-21 09:43:45,106{GMT}	INFO	[jepsen worker 4] jepsen.util: 4	:ok	:broadcast	28
2025-04-21 09:43:45,142{GMT}	INFO	[jepsen worker 0] jepsen.util: 0	:invoke	:broadcast	29
2025-04-21 09:43:45,144{GMT}	INFO	[jepsen worker 0] jepsen.util: 0	:ok	:broadcast	29
2025-04-21 09:43:45,183{GMT}	INFO	[jepsen worker 0] jepsen.util: 0	:invoke	:read	nil
2025-04-21 09:43:45,185{GMT}	INFO	[jepsen worker 0] jepsen.util: 0	:ok	:read	[10 20 22 23 25 29 0 3 6 7 11 13 18 28 2 8 15 21 4 12 16 17 24 9]
2025-04-21 09:43:45,287{GMT}	INFO	[jepsen worker 1] jepsen.util: 1	:invoke	:broadcast	30
2025-04-21 09:43:45,289{GMT}	INFO	[jepsen worker 1] jepsen.util: 1	:ok	:broadcast	30
2025-04-21 09:43:45,406{GMT}	INFO	[jepsen worker nemesis] jepsen.util: :nemesis	:info	:stop-partition	nil
2025-04-21 09:43:45,406{GMT}	INFO	[jepsen worker nemesis] jepsen.util: :nemesis	:info	:stop-partition	:network-healed
2025-04-21 09:43:45,486{GMT}	INFO	[jepsen worker 3] jepsen.util: 3	:invoke	:read	nil
2025-04-21 09:43:45,488{GMT}	INFO	[jepsen worker 3] jepsen.util: 3	:ok	:read	[19 27]
2025-04-21 09:43:45,502{GMT}	INFO	[jepsen worker 4] jepsen.util: 4	:invoke	:read	nil
2025-04-21 09:43:45,503{GMT}	INFO	[jepsen worker 4] jepsen.util: 4	:ok	:read	[11 25 0 2 4 7 9 30 10 15 17 20 23 12 18 21 28 29 22 24 3 6 8 13 16]
2025-04-21 09:43:45,690{GMT}	INFO	[jepsen worker 0] jepsen.util: 0	:invoke	:read	nil
2025-04-21 09:43:45,692{GMT}	INFO	[jepsen worker 0] jepsen.util: 0	:ok	:read	[28 2 3 6 7 11 13 18 4 8 15 21 9 12 16 17 24 30 0 10 20 22 23 25 29]
2025-04-21 09:43:45,727{GMT}	INFO	[jepsen worker 0] jepsen.util: 0	:invoke	:broadcast	31
2025-04-21 09:43:45,729{GMT}	INFO	[jepsen worker 0] jepsen.util: 0	:ok	:broadcast	31
2025-04-21 09:43:45,766{GMT}	INFO	[jepsen worker 1] jepsen.util: 1	:invoke	:read	nil
2025-04-21 09:43:45,768{GMT}	INFO	[jepsen worker 1] jepsen.util: 1	:ok	:read	[0 3 9 11 12 16 2 15 18 20 22 29 30 31 4 8 13 21 23 28 6 7 10 17 24 25]
2025-04-21 09:43:45,922{GMT}	INFO	[jepsen worker 2] jepsen.util: 2	:invoke	:read	nil
2025-04-21 09:43:45,924{GMT}	INFO	[jepsen worker 2] jepsen.util: 2	:ok	:read	[14 26 31 1 5]
2025-04-21 09:43:46,051{GMT}	INFO	[jepsen worker 3] jepsen.util: 3	:invoke	:broadcast	32
2025-04-21 09:43:46,053{GMT}	INFO	[jepsen worker 3] jepsen.util: 3	:ok	:broadcast	32
2025-04-21 09:43:46,177{GMT}	INFO	[jepsen worker 4] jepsen.util: 4	:invoke	:broadcast	33
2025-04-21 09:43:46,179{GMT}	INFO	[jepsen worker 4] jepsen.util: 4	:ok	:broadcast	33
2025-04-21 09:43:46,272{GMT}	INFO	[jepsen worker 0] jepsen.util: 0	:invoke	:read	nil
2025-04-21 09:43:46,274{GMT}	INFO	[jepsen worker 0] jepsen.util: 0	:ok	:read	[4 31 32 24 9 12 16 17 0 22 30 2 7 11 33 8 15 21 29 10 20 23 25 28 3 6 13 18]
2025-04-21 09:43:46,396{GMT}	INFO	[jepsen worker 0] jepsen.util: 0	:invoke	:read	nil
2025-04-21 09:43:46,398{GMT}	INFO	[jepsen worker 0] jepsen.util: 0	:ok	:read	[25 29 10 20 23 18 28 3 6 13 4 31 32 17 24 9 12 16 0 22 30 33 2 7 11 8 15 21]
2025-04-21 09:43:46,414{GMT}	INFO	[jepsen worker 1] jepsen.util: 1	:invoke	:read	nil
2025-04-21 09:43:46,416{GMT}	INFO	[jepsen worker 1] jepsen.util: 1	:ok	:read	[29 15 20 31 13 21 25 7 24 3 22 2 18 23 28 30 32 4 8 17 6 10 11 12 16 33 0 9]
2025-04-21 09:43:46,429{GMT}	INFO	[jepsen worker 2] jepsen.util: 2	:invoke	:broadcast	34
2025-04-21 09:43:46,431{GMT}	INFO	[jepsen worker 2] jepsen.util: 2	:ok	:broadcast	34
2025-04-21 09:43:46,470{GMT}	INFO	[jepsen worker 3] jepsen.util: 3	:invoke	:broadcast	35
2025-04-21 09:43:46,472{GMT}	INFO	[jepsen worker 3] jepsen.util: 3	:ok	:broadcast	35
2025-04-21 09:43:46,634{GMT}	INFO	[jepsen worker 4] jepsen.util: 4	:invoke	:broadcast	36
2025-04-21 09:43:46,637{GMT}	INFO	[jepsen worker 4] jepsen.util: 4	:ok	:broadcast	36
2025-04-21 09:43:46,641{GMT}	INFO	[jepsen worker 0] jepsen.util: 0	:invoke	:broadcast	37
2025-04-21 09:43:46,643{GMT}	INFO	[jepsen worker 0] jepsen.util: 0	:ok	:broadcast	37
2025-04-21 09:43:46,701{GMT}	INFO	[jepsen worker 0] jepsen.util: 0	:invoke	:read	nil
2025-04-21 09:43:46,703{GMT}	INFO	[jepsen worker 0] jepsen.util: 0	:ok	:read	[10 20 23 25 29 34 37 3 6 13 18 28 36 4 31 32 9 12 16 17 24 0 22 30 2 7 11 33 8 15 21 35]
2025-04-21 09:43:46,857{GMT}	INFO	[jepsen worker 1] jepsen.util: 1	:invoke	:read	nil
2025-04-21 09:43:46,859{GMT}	INFO	[jepsen worker 1] jepsen.util: 1	:ok	:read	[6 10 17 0 9 11 12 16 33 15 20 29 35 36 13 21 31 7 24 25 3 2 18 22 34 37 4 8 23 28 30 32]
2025-04-21 09:43:46,988{GMT}	INFO	[jepsen worker 2] jepsen.util: 2	:invoke	:read	nil
2025-04-21 09:43:46,989{GMT}	INFO	[jepsen worker 2] jepsen.util: 2	:ok	:read	[34 35 36 37 5 14 26 32 1 31 33]
2025-04-21 09:43:47,187{GMT}	INFO	[jepsen worker 3] jepsen.util: 3	:invoke	:broadcast	38
2025-04-21 09:43:47,189{GMT}	INFO	[jepsen worker 3] jepsen.util: 3	:ok	:broadcast	38
2025-04-21 09:43:47,248{GMT}	INFO	[jepsen worker 4] jepsen.util: 4	:invoke	:read	nil
2025-04-21 09:43:47,250{GMT}	INFO	[jepsen worker 4] jepsen.util: 4	:ok	:read	[7 9 25 31 38 20 23 30 34 12 18 21 29 32 36 3 6 8 13 24 35 37 0 2 4 11 33 10 15 17 28 16 22]
2025-04-21 09:43:47,274{GMT}	INFO	[jepsen worker 0] jepsen.util: 0	:invoke	:broadcast	39
2025-04-21 09:43:47,276{GMT}	INFO	[jepsen worker 0] jepsen.util: 0	:ok	:broadcast	39
2025-04-21 09:43:47,302{GMT}	INFO	[jepsen worker 0] jepsen.util: 0	:invoke	:broadcast	40
2025-04-21 09:43:47,304{GMT}	INFO	[jepsen worker 0] jepsen.util: 0	:ok	:broadcast	40
2025-04-21 09:43:47,483{GMT}	INFO	[jepsen worker 1] jepsen.util: 1	:invoke	:broadcast	41
2025-04-21 09:43:47,485{GMT}	INFO	[jepsen worker 1] jepsen.util: 1	:ok	:broadcast	41
2025-04-21 09:43:47,656{GMT}	INFO	[jepsen worker 2] jepsen.util: 2	:invoke	:read	nil
2025-04-21 09:43:47,658{GMT}	INFO	[jepsen worker 2] jepsen.util: 2	:ok	:read	[37 40 5 35 41 1 33 32 34 36 14 26 39 31 38]
2025-04-21 09:43:47,855{GMT}	INFO	[jepsen worker 3] jepsen.util: 3	:invoke	:read	nil
2025-04-21 09:43:47,857{GMT}	INFO	[jepsen worker 3] jepsen.util: 3	:ok	:read	[19 27 31 32 33 35 39 41 34 36 37 38 40]
2025-04-21 09:43:47,939{GMT}	INFO	[jepsen worker 4] jepsen.util: 4	:invoke	:read	nil
2025-04-21 09:43:47,941{GMT}	INFO	[jepsen worker 4] jepsen.util: 4	:ok	:read	[39 3 6 8 13 24 32 36 40 0 2 4 11 33 35 37 10 15 17 28 16 22 7 9 25 31 38 41 20 23 30 34 12 18 21 29]
2025-04-21 09:43:48,025{GMT}	INFO	[jepsen worker 0] jepsen.util: 0	:invoke	:broadcast	42
2025-04-21 09:43:48,027{GMT}	INFO	[jepsen worker 0] jepsen.util: 0	:ok	:broadcast	42
2025-04-21 09:43:48,190{GMT}	INFO	[jepsen worker 0] jepsen.util: 0	:invoke	:read	nil
2025-04-21 09:43:48,192{GMT}	INFO	[jepsen worker 0] jepsen.util: 0	:ok	:read	[2 7 11 33 38 42 8 15 21 35 37 10 20 23 25 29 34 39 40 3 6 13 18 28 36 4 31 32 9 12 16 17 24 0 22 30 41]
2025-04-21 09:43:48,205{GMT}	INFO	[jepsen worker 1] jepsen.util: 1	:invoke	:read	nil
2025-04-21 09:43:48,207{GMT}	INFO	[jepsen worker 1] jepsen.util: 1	:ok	:read	[37 2 18 22 34 30 32 39 4 8 23 28 6 10 17 40 16 33 38 0 9 11 12 36 15 20 29 35 13 21 31 41 7 24 25 42 3]
2025-04-21 09:43:48,392{GMT}	INFO	[jepsen worker 2] jepsen.util: 2	:invoke	:broadcast	43
2025-04-21 09:43:48,394{GMT}	INFO	[jepsen worker 2] jepsen.util: 2	:ok	:broadcast	43
2025-04-21 09:43:48,527{GMT}	INFO	[jepsen worker 3] jepsen.util: 3	:invoke	:broadcast	44
2025-04-21 09:43:48,529{GMT}	INFO	[jepsen worker 3] jepsen.util: 3	:ok	:broadcast	44
2025-04-21 09:43:48,707{GMT}	INFO	[jepsen worker 4] jepsen.util: 4	:invoke	:read	nil
2025-04-21 09:43:48,710{GMT}	INFO	[jepsen worker 4] jepsen.util: 4	:ok	:read	[0 2 4 11 33 35 37 10 15 17 43 28 16 22 44 7 9 25 31 38 41 42 20 23 30 34 12 18 21 29 39 3 6 8 13 24 32 36 40]
2025-04-21 09:43:48,773{GMT}	INFO	[jepsen worker 0] jepsen.util: 0	:invoke	:read	nil
2025-04-21 09:43:48,775{GMT}	INFO	[jepsen worker 0] jepsen.util: 0	:ok	:read	[30 41 0 22 11 33 38 42 43 2 7 21 35 8 15 23 25 29 34 37 10 20 13 18 28 36 39 40 3 6 44 32 4 31 16 17 24 9 12]
2025-04-21 09:43:48,896{GMT}	INFO	[jepsen worker 0] jepsen.util: 0	:invoke	:broadcast	45
2025-04-21 09:43:48,897{GMT}	INFO	[jepsen worker 0] jepsen.util: 0	:ok	:broadcast	45
2025-04-21 09:43:49,068{GMT}	INFO	[jepsen worker 1] jepsen.util: 1	:invoke	:read	nil
2025-04-21 09:43:49,070{GMT}	INFO	[jepsen worker 1] jepsen.util: 1	:ok	:read	[15 20 29 35 36 45 13 21 31 41 7 24 25 42 3 2 18 22 34 37 44 39 4 8 23 28 30 32 6 10 17 40 38 43 0 9 11 12 16 33]
2025-04-21 09:43:49,085{GMT}	INFO	[jepsen worker 2] jepsen.util: 2	:invoke	:broadcast	46
2025-04-21 09:43:49,087{GMT}	INFO	[jepsen worker 2] jepsen.util: 2	:ok	:broadcast	46
2025-04-21 09:43:49,229{GMT}	INFO	[jepsen worker 3] jepsen.util: 3	:invoke	:broadcast	47
2025-04-21 09:43:49,231{GMT}	INFO	[jepsen worker 3] jepsen.util: 3	:ok	:broadcast	47
2025-04-21 09:43:49,409{GMT}	INFO	[jepsen worker 4] jepsen.util: 4	:invoke	:broadcast	48
2025-04-21 09:43:49,411{GMT}	INFO	[jepsen worker 4] jepsen.util: 4	:ok	:broadcast	48
2025-04-21 09:43:49,441{GMT}	INFO	[jepsen worker 0] jepsen.util: 0	:invoke	:read	nil
2025-04-21 09:43:49,443{GMT}	INFO	[jepsen worker 0] jepsen.util: 0	:ok	:read	[16 17 24 48 9 12 30 41 0 22 11 33 38 42 43 46 2 7 21 35 45 8 15 23 25 29 34 37 10 20 13 18 28 36 39 40 3 6 44 32 47 4 31]
2025-04-21 09:43:49,490{GMT}	INFO	[jepsen worker 0] jepsen.util: 0	:invoke	:broadcast	49
2025-04-21 09:43:49,492{GMT}	INFO	[jepsen worker 0] jepsen.util: 0	:ok	:broadcast	49
2025-04-21 09:43:49,566{GMT}	INFO	[jepsen worker 1] jepsen.util: 1	:invoke	:broadcast	50
2025-04-21 09:43:49,567{GMT}	INFO	[jepsen worker 1] jepsen.util: 1	:ok	:broadcast	50
2025-04-21 09:43:49,637{GMT}	INFO	[jepsen worker 2] jepsen.util: 2	:invoke	:read	nil
2025-04-21 09:43:49,638{GMT}	INFO	[jepsen worker 2] jepsen.util: 2	:ok	:read	[38 39 42 44 45 31 35 37 40 50 5 33 41 47 1 26 32 34 36 43 46 48 14 49]
2025-04-21 09:43:49,765{GMT}	INFO	[jepsen worker 3] jepsen.util: 3	:invoke	:read	nil
2025-04-21 09:43:49,767{GMT}	INFO	[jepsen worker 3] jepsen.util: 3	:ok	:read	[34 36 43 44 45 19 31 33 39 42 49 50 37 38 40 47 48 27 32 35 41 46]
2025-04-21 09:43:49,889{GMT}	INFO	[jepsen worker 4] jepsen.util: 4	:invoke	:broadcast	51
2025-04-21 09:43:49,891{GMT}	INFO	[jepsen worker 4] jepsen.util: 4	:ok	:broadcast	51
2025-04-21 09:43:50,030{GMT}	INFO	[jepsen worker 0] jepsen.util: 0	:invoke	:broadcast	52
2025-04-21 09:43:50,032{GMT}	INFO	[jepsen worker 0] jepsen.util: 0	:ok	:broadcast	52
2025-04-21 09:43:50,065{GMT}	INFO	[jepsen worker 0] jepsen.util: 0	:invoke	:broadcast	53
2025-04-21 09:43:50,067{GMT}	INFO	[jepsen worker 0] jepsen.util: 0	:ok	:broadcast	53
2025-04-21 09:43:50,078{GMT}	INFO	[jepsen worker 1] jepsen.util: 1	:invoke	:broadcast	54
2025-04-21 09:43:50,080{GMT}	INFO	[jepsen worker 1] jepsen.util: 1	:ok	:broadcast	54
2025-04-21 09:43:50,159{GMT}	INFO	[jepsen worker 2] jepsen.util: 2	:invoke	:broadcast	55
2025-04-21 09:43:50,161{GMT}	INFO	[jepsen worker 2] jepsen.util: 2	:ok	:broadcast	55
2025-04-21 09:43:50,207{GMT}	INFO	[jepsen worker 3] jepsen.util: 3	:invoke	:read	nil
2025-04-21 09:43:50,209{GMT}	INFO	[jepsen worker 3] jepsen.util: 3	:ok	:read	[34 45 19 31 33 39 40 47 27 35 46 55 36 43 44 51 42 53 54 52 37 38 48 49 50 32 41]
2025-04-21 09:43:50,298{GMT}	INFO	[jepsen worker 4] jepsen.util: 4	:invoke	:broadcast	56
2025-04-21 09:43:50,300{GMT}	INFO	[jepsen worker 4] jepsen.util: 4	:ok	:broadcast	56
2025-04-21 09:43:50,495{GMT}	INFO	[jepsen worker 0] jepsen.util: 0	:invoke	:read	nil
2025-04-21 09:43:50,497{GMT}	INFO	[jepsen worker 0] jepsen.util: 0	:ok	:read	[39 40 3 6 13 18 28 36 44 50 51 4 31 32 47 56 55 9 12 16 17 24 48 0 22 30 41 49 43 46 2 7 11 33 38 42 8 15 21 35 45 54 37 52 10 20 23 25 29 34 53]
2025-04-21 09:43:50,537{GMT}	INFO	[jepsen worker 0] jepsen.util: 0	:invoke	:read	nil
2025-04-21 09:43:50,539{GMT}	INFO	[jepsen worker 0] jepsen.util: 0	:ok	:read	[37 52 10 20 23 25 29 34 53 39 40 3 6 13 18 28 36 44 50 51 4 31 32 47 56 55 9 12 16 17 24 48 0 22 30 41 49 43 46 2 7 11 33 38 42 8 15 21 35 45 54]
2025-04-21 09:43:50,645{GMT}	INFO	[jepsen worker 1] jepsen.util: 1	:invoke	:broadcast	57
2025-04-21 09:43:50,647{GMT}	INFO	[jepsen worker 1] jepsen.util: 1	:ok	:broadcast	57
2025-04-21 09:43:50,706{GMT}	INFO	[jepsen worker 2] jepsen.util: 2	:invoke	:read	nil
2025-04-21 09:43:50,707{GMT}	INFO	[jepsen worker 3] jepsen.util: 3	:invoke	:broadcast	58
2025-04-21 09:43:50,708{GMT}	INFO	[jepsen worker 2] jepsen.util: 2	:ok	:read	[14 26 32 34 48 49 51 56 38 39 42 54 40 57 41 53 36 43 46 31 44 45 55 5 35 37 50 52 1 33 47]
2025-04-21 09:43:50,709{GMT}	INFO	[jepsen worker 3] jepsen.util: 3	:ok	:broadcast	58
2025-04-21 09:43:50,820{GMT}	INFO	[jepsen worker 4] jepsen.util: 4	:invoke	:broadcast	59
2025-04-21 09:43:50,821{GMT}	INFO	[jepsen worker 4] jepsen.util: 4	:ok	:broadcast	59
2025-04-21 09:43:50,923{GMT}	INFO	[jepsen worker 0] jepsen.util: 0	:invoke	:broadcast	60
2025-04-21 09:43:50,925{GMT}	INFO	[jepsen worker 0] jepsen.util: 0	:ok	:broadcast	60
2025-04-21 09:43:51,051{GMT}	INFO	[jepsen worker 0] jepsen.util: 0	:invoke	:read	nil
2025-04-21 09:43:51,053{GMT}	INFO	[jepsen worker 0] jepsen.util: 0	:ok	:read	[22 41 49 38 42 43 8 15 21 35 37 52 10 20 29 53 39 50 59 6 13 18 28 36 31 12 16 17 24 55 0 30 2 7 11 33 46 54 45 58 60 34 23 25 3 40 44 51 4 32 47 56 9 48 57]
2025-04-21 09:43:51,247{GMT}	INFO	[jepsen worker 1] jepsen.util: 1	:invoke	:broadcast	61
2025-04-21 09:43:51,249{GMT}	INFO	[jepsen worker 1] jepsen.util: 1	:ok	:broadcast	61
2025-04-21 09:43:51,417{GMT}	INFO	[jepsen worker 2] jepsen.util: 2	:invoke	:broadcast	62
2025-04-21 09:43:51,419{GMT}	INFO	[jepsen worker 2] jepsen.util: 2	:ok	:broadcast	62
2025-04-21 09:43:51,436{GMT}	INFO	[jepsen worker 3] jepsen.util: 3	:invoke	:read	nil
2025-04-21 09:43:51,437{GMT}	INFO	[jepsen worker 3] jepsen.util: 3	:ok	:read	[60 61 62 27 35 46 55 36 43 44 51 42 53 54 58 50 52 59 37 38 48 49 32 41 56 57 34 45 19 31 33 39 40 47]
2025-04-21 09:43:51,590{GMT}	INFO	[jepsen worker 4] jepsen.util: 4	:invoke	:broadcast	63
2025-04-21 09:43:51,592{GMT}	INFO	[jepsen worker 4] jepsen.util: 4	:ok	:broadcast	63
2025-04-21 09:43:51,613{GMT}	INFO	[jepsen worker 0] jepsen.util: 0	:invoke	:broadcast	64
2025-04-21 09:43:51,615{GMT}	INFO	[jepsen worker 0] jepsen.util: 0	:ok	:broadcast	64
2025-04-21 09:43:51,740{GMT}	INFO	[jepsen worker 0] jepsen.util: 0	:invoke	:broadcast	65
2025-04-21 09:43:51,742{GMT}	INFO	[jepsen worker 0] jepsen.util: 0	:ok	:broadcast	65
2025-04-21 09:43:51,913{GMT}	INFO	[jepsen worker 1] jepsen.util: 1	:invoke	:read	nil
2025-04-21 09:43:51,915{GMT}	INFO	[jepsen worker 1] jepsen.util: 1	:ok	:read	[53 13 21 41 24 59 58 18 37 47 28 32 39 48 51 4 8 23 10 60 38 43 57 0 9 16 29 36 45 31 46 56 49 62 7 25 42 3 65 44 55 2 22 34 30 50 63 52 64 6 17 40 11 12 33 54 61 15 20 35]
2025-04-21 09:43:52,081{GMT}	INFO	[jepsen worker 2] jepsen.util: 2	:invoke	:broadcast	66
2025-04-21 09:43:52,083{GMT}	INFO	[jepsen worker 2] jepsen.util: 2	:ok	:broadcast	66
2025-04-21 09:43:52,207{GMT}	INFO	[jepsen worker 3] jepsen.util: 3	:invoke	:broadcast	67
2025-04-21 09:43:52,209{GMT}	INFO	[jepsen worker 3] jepsen.util: 3	:ok	:broadcast	67
2025-04-21 09:43:52,328{GMT}	INFO	[jepsen worker 4] jepsen.util: 4	:invoke	:read	nil
2025-04-21 09:43:52,330{GMT}	INFO	[jepsen worker 4] jepsen.util: 4	:ok	:read	[65 22 60 42 53 7 25 30 34 47 61 20 23 62 18 21 8 32 36 39 54 67 3 6 35 66 11 33 43 51 15 17 55 50 52 16 44 38 41 58 9 31 49 56 59 63 12 29 40 13 24 4 37 46 57 0 2 48 10 45 28 64]
2025-04-21 09:43:52,528{GMT}	INFO	[jepsen worker 0] jepsen.util: 0	:invoke	:read	nil
2025-04-21 09:43:52,530{GMT}	INFO	[jepsen worker 0] jepsen.util: 0	:ok	:read	[23 25 34 3 40 44 51 61 4 32 47 56 9 48 57 22 41 49 38 42 43 8 15 21 35 62 67 10 20 29 37 52 53 6 13 18 28 36 39 50 59 65 31 12 16 17 24 55 0 30 2 7 11 33 46 66 45 54 58 60 63 64]
2025-04-21 09:43:52,631{GMT}	INFO	[jepsen worker 0] jepsen.util: 0	:invoke	:broadcast	68
2025-04-21 09:43:52,633{GMT}	INFO	[jepsen worker 0] jepsen.util: 0	:ok	:broadcast	68
2025-04-21 09:43:52,817{GMT}	INFO	[jepsen worker 1] jepsen.util: 1	:invoke	:read	nil
2025-04-21 09:43:52,819{GMT}	INFO	[jepsen worker 1] jepsen.util: 1	:ok	:read	[3 65 68 2 22 34 44 55 30 50 63 6 17 40 52 64 11 12 33 15 20 35 54 61 13 21 41 53 24 59 18 37 47 58 48 51 4 8 23 28 32 39 10 60 0 9 16 38 43 57 29 36 45 66 31 46 56 67 7 25 42 49 62]
2025-04-21 09:43:52,962{GMT}	INFO	[jepsen worker 2] jepsen.util: 2	:invoke	:broadcast	69
2025-04-21 09:43:52,964{GMT}	INFO	[jepsen worker 2] jepsen.util: 2	:ok	:broadcast	69
2025-04-21 09:43:53,117{GMT}	INFO	[jepsen worker 3] jepsen.util: 3	:invoke	:read	nil
2025-04-21 09:43:53,119{GMT}	INFO	[jepsen worker 3] jepsen.util: 3	:ok	:read	[38 48 49 50 52 59 37 41 56 57 32 45 65 34 31 33 39 66 69 19 47 67 68 40 35 46 55 60 61 62 63 27 43 44 51 36 53 54 58 64 42]
2025-04-21 09:43:53,205{GMT}	INFO	[jepsen worker 4] jepsen.util: 4	:invoke	:read	nil
2025-04-21 09:43:53,207{GMT}	INFO	[jepsen worker 4] jepsen.util: 4	:ok	:read	[11 33 35 66 15 17 43 51 50 52 55 16 44 9 31 38 41 58 49 12 29 56 59 63 13 24 40 0 2 4 37 46 57 10 45 48 28 64 22 60 65 7 25 42 53 20 23 30 34 47 61 18 21 62 67 3 6 8 32 36 39 54 68 69]
2025-04-21 09:43:53,336{GMT}	INFO	[jepsen worker 0] jepsen.util: 0	:invoke	:broadcast	70
2025-04-21 09:43:53,338{GMT}	INFO	[jepsen worker 0] jepsen.util: 0	:ok	:broadcast	70
2025-04-21 09:43:53,400{GMT}	INFO	[jepsen worker 0] jepsen.util: 0	:invoke	:broadcast	71
2025-04-21 09:43:53,401{GMT}	INFO	[jepsen worker 0] jepsen.util: 0	:ok	:broadcast	71
2025-04-21 09:43:53,405{GMT}	INFO	[jepsen worker 1] jepsen.util: 1	:invoke	:read	nil
2025-04-21 09:43:53,406{GMT}	INFO	[jepsen worker 1] jepsen.util: 1	:ok	:read	[31 46 56 67 62 7 25 42 49 3 65 68 55 2 22 34 44 30 50 63 64 69 70 6 17 40 52 11 12 33 61 15 20 35 54 13 21 41 53 24 59 18 37 47 58 32 39 48 51 4 8 23 28 71 10 60 43 57 0 9 16 38 29 36 45 66]
2025-04-21 09:43:53,586{GMT}	INFO	[jepsen worker 2] jepsen.util: 2	:invoke	:broadcast	72
2025-04-21 09:43:53,588{GMT}	INFO	[jepsen worker 2] jepsen.util: 2	:ok	:broadcast	72
2025-04-21 09:43:53,651{GMT}	INFO	[jepsen worker 3] jepsen.util: 3	:invoke	:broadcast	73
2025-04-21 09:43:53,652{GMT}	INFO	[jepsen worker 3] jepsen.util: 3	:ok	:broadcast	73
2025-04-21 09:43:53,833{GMT}	INFO	[jepsen worker 4] jepsen.util: 4	:invoke	:broadcast	74
2025-04-21 09:43:53,835{GMT}	INFO	[jepsen worker 4] jepsen.util: 4	:ok	:broadcast	74
2025-04-21 09:43:54,005{GMT}	INFO	[jepsen worker 0] jepsen.util: 0	:invoke	:read	nil
2025-04-21 09:43:54,007{GMT}	INFO	[jepsen worker 0] jepsen.util: 0	:ok	:read	[31 70 69 12 16 17 24 55 0 30 66 73 2 7 11 33 46 45 54 58 60 63 64 71 23 25 34 3 40 44 51 61 4 32 47 56 9 48 57 72 22 41 49 38 42 43 8 15 21 35 62 67 68 53 10 20 29 37 52 39 50 59 6 13 18 28 36 65 74]
2025-04-21 09:43:54,090{GMT}	INFO	[jepsen worker 0] jepsen.util: 0	:invoke	:broadcast	75
2025-04-21 09:43:54,092{GMT}	INFO	[jepsen worker 0] jepsen.util: 0	:ok	:broadcast	75
2025-04-21 09:43:54,205{GMT}	INFO	[jepsen worker 1] jepsen.util: 1	:invoke	:broadcast	76
2025-04-21 09:43:54,207{GMT}	INFO	[jepsen worker 2] jepsen.util: 2	:invoke	:read	nil
2025-04-21 09:43:54,207{GMT}	INFO	[jepsen worker 1] jepsen.util: 1	:ok	:broadcast	76
2025-04-21 09:43:54,208{GMT}	INFO	[jepsen worker 2] jepsen.util: 2	:ok	:read	[61 65 66 76 40 57 60 63 70 73 75 41 53 46 74 36 43 45 55 58 69 72 31 44 37 50 52 59 5 35 47 62 64 1 33 32 34 48 49 51 56 14 26 67 68 42 54 71 38 39]
2025-04-21 09:43:54,263{GMT}	INFO	[jepsen worker 3] jepsen.util: 3	:invoke	:read	nil
2025-04-21 09:43:54,265{GMT}	INFO	[jepsen worker 3] jepsen.util: 3	:ok	:read	[40 47 67 68 63 27 35 46 55 60 61 62 70 71 72 76 36 43 44 51 73 42 53 54 58 64 37 38 48 49 50 52 59 32 41 56 57 74 75 34 45 65 19 31 33 39 66 69]
2025-04-21 09:43:54,407{GMT}	INFO	[jepsen worker 4] jepsen.util: 4	:invoke	:read	nil
2025-04-21 09:43:54,409{GMT}	INFO	[jepsen worker 4] jepsen.util: 4	:ok	:read	[34 47 61 20 23 30 18 21 62 32 36 39 54 67 3 6 8 68 69 66 75 11 33 35 51 15 17 43 50 52 55 16 44 73 41 58 9 31 38 49 76 59 63 12 29 56 13 24 40 37 46 57 0 2 4 70 72 74 10 45 48 28 64 71 22 60 65 53 7 25 42]
2025-04-21 09:43:54,459{GMT}	INFO	[jepsen worker 0] jepsen.util: 0	:invoke	:broadcast	77
2025-04-21 09:43:54,460{GMT}	INFO	[jepsen worker 0] jepsen.util: 0	:ok	:broadcast	77
2025-04-21 09:43:54,627{GMT}	INFO	[jepsen worker 0] jepsen.util: 0	:invoke	:read	nil
2025-04-21 09:43:54,629{GMT}	INFO	[jepsen worker 0] jepsen.util: 0	:ok	:read	[20 29 37 52 53 75 10 13 18 28 36 39 50 59 6 74 65 70 31 16 17 24 55 69 77 12 30 76 0 7 11 33 46 66 73 2 54 45 60 63 64 71 58 25 34 23 40 44 51 61 3 32 47 56 4 48 57 72 9 41 49 22 42 43 38 15 21 35 62 8 68 67]
2025-04-21 09:43:54,758{GMT}	INFO	[jepsen worker 1] jepsen.util: 1	:invoke	:read	nil
2025-04-21 09:43:54,760{GMT}	INFO	[jepsen worker 1] jepsen.util: 1	:ok	:read	[48 51 4 8 23 28 32 39 71 73 10 60 0 9 16 38 43 57 29 36 45 66 31 46 56 67 72 76 7 25 42 49 62 74 3 65 68 2 22 34 44 55 30 50 63 70 75 6 17 40 52 64 69 11 12 33 15 20 35 54 61 13 21 41 53 24 59 77 18 37 47 58]
2025-04-21 09:43:54,870{GMT}	INFO	[jepsen worker 2] jepsen.util: 2	:invoke	:broadcast	78
2025-04-21 09:43:54,872{GMT}	INFO	[jepsen worker 2] jepsen.util: 2	:ok	:broadcast	78
2025-04-21 09:43:55,041{GMT}	INFO	[jepsen worker 3] jepsen.util: 3	:invoke	:broadcast	79
2025-04-21 09:43:55,042{GMT}	INFO	[jepsen worker 3] jepsen.util: 3	:ok	:broadcast	79
2025-04-21 09:43:55,164{GMT}	INFO	[jepsen worker 4] jepsen.util: 4	:invoke	:read	nil
2025-04-21 09:43:55,166{GMT}	INFO	[jepsen worker 4] jepsen.util: 4	:ok	:read	[9 31 38 41 58 49 76 12 29 56 59 63 13 24 40 77 79 0 2 4 37 46 57 10 45 48 70 72 74 28 64 71 78 22 60 65 7 25 42 53 20 23 30 34 47 61 18 21 62 54 67 3 6 8 32 36 39 68 69 11 33 35 66 75 15 17 43 51 50 52 55 16 44 73]
2025-04-21 09:43:55,346{GMT}	INFO	[jepsen worker 0] jepsen.util: 0	:invoke	:read	nil
2025-04-21 09:43:55,348{GMT}	INFO	[jepsen worker 0] jepsen.util: 0	:ok	:read	[31 70 77 12 16 17 24 55 69 0 30 76 73 2 7 11 33 46 66 45 54 58 60 63 64 71 79 23 25 34 3 40 44 51 61 4 32 47 56 9 48 57 72 22 41 49 38 42 43 8 15 21 35 62 67 68 75 10 20 29 37 52 53 50 59 6 13 18 28 36 39 65 74 78]
2025-04-21 09:43:55,504{GMT}	INFO	[jepsen worker 0] jepsen.util: 0	:invoke	:broadcast	80
2025-04-21 09:43:55,506{GMT}	INFO	[jepsen worker 0] jepsen.util: 0	:ok	:broadcast	80
2025-04-21 09:43:55,542{GMT}	INFO	[jepsen worker 1] jepsen.util: 1	:invoke	:read	nil
2025-04-21 09:43:55,544{GMT}	INFO	[jepsen worker 1] jepsen.util: 1	:ok	:read	[18 37 47 58 48 51 4 8 23 28 32 39 71 73 10 60 79 0 9 16 38 43 57 29 36 45 66 31 46 56 67 72 78 76 7 25 42 49 62 74 3 65 68 2 22 34 44 55 80 30 50 63 70 75 6 17 40 52 64 69 11 12 33 15 20 35 54 61 13 21 41 53 24 59 77]
2025-04-21 09:43:55,704{GMT}	INFO	[jepsen worker 2] jepsen.util: 2	:invoke	:broadcast	81
2025-04-21 09:43:55,705{GMT}	INFO	[jepsen worker 2] jepsen.util: 2	:ok	:broadcast	81
2025-04-21 09:43:55,766{GMT}	INFO	[jepsen worker 3] jepsen.util: 3	:invoke	:read	nil
2025-04-21 09:43:55,767{GMT}	INFO	[jepsen worker 3] jepsen.util: 3	:ok	:read	[37 38 48 49 50 59 57 74 75 81 45 19 33 39 80 40 47 67 27 46 62 63 70 72 76 43 44 42 53 64 77 52 32 41 56 34 65 31 66 69 68 35 55 60 61 71 36 51 73 54 58 78 79]
2025-04-21 09:43:55,863{GMT}	INFO	[jepsen worker 4] jepsen.util: 4	:invoke	:read	nil
2025-04-21 09:43:55,865{GMT}	INFO	[jepsen worker 4] jepsen.util: 4	:ok	:read	[49 76 59 63 12 29 56 77 79 13 24 40 37 46 57 0 2 4 70 72 74 10 45 48 78 28 64 71 22 60 65 53 7 25 42 34 47 61 80 20 23 30 18 21 62 32 36 39 54 67 3 6 8 68 69 66 75 81 11 33 35 51 15 17 43 50 52 55 16 44 73 41 58 9 31 38]
2025-04-21 09:43:55,881{GMT}	INFO	[jepsen worker 0] jepsen.util: 0	:invoke	:read	nil
2025-04-21 09:43:55,883{GMT}	INFO	[jepsen worker 0] jepsen.util: 0	:ok	:read	[9 48 57 72 22 41 49 38 42 43 62 8 15 21 35 67 68 52 53 75 10 20 29 37 36 39 50 59 6 13 18 28 65 74 78 31 70 55 69 77 12 16 17 24 0 30 76 46 66 73 2 7 11 33 45 54 71 79 80 58 60 63 64 23 25 34 61 3 40 44 51 81 4 32 47 56]
2025-04-21 09:43:55,971{GMT}	INFO	[jepsen worker 0] jepsen.util: 0	:invoke	:read	nil
2025-04-21 09:43:55,973{GMT}	INFO	[jepsen worker 0] jepsen.util: 0	:ok	:read	[24 55 69 77 12 16 17 0 30 76 33 46 66 73 2 7 11 45 54 64 71 79 80 58 60 63 23 25 34 51 61 3 40 44 56 81 4 32 47 72 9 48 57 22 41 49 38 42 43 35 62 8 15 21 67 68 37 52 53 75 10 20 29 28 36 39 50 59 6 13 18 65 74 78 31 70]
2025-04-21 09:43:56,069{GMT}	INFO	[jepsen worker 1] jepsen.util: 1	:invoke	:broadcast	82
2025-04-21 09:43:56,071{GMT}	INFO	[jepsen worker 1] jepsen.util: 1	:ok	:broadcast	82
2025-04-21 09:43:56,208{GMT}	INFO	[jepsen worker 2] jepsen.util: 2	:invoke	:broadcast	83
2025-04-21 09:43:56,210{GMT}	INFO	[jepsen worker 2] jepsen.util: 2	:ok	:broadcast	83
2025-04-21 09:43:56,371{GMT}	INFO	[jepsen worker 3] jepsen.util: 3	:invoke	:read	nil
2025-04-21 09:43:56,373{GMT}	INFO	[jepsen worker 3] jepsen.util: 3	:ok	:read	[56 32 41 34 65 69 31 66 68 55 60 61 35 71 51 73 36 78 79 83 54 58 48 49 50 59 37 38 75 81 82 57 74 45 39 80 19 33 67 40 47 46 62 63 27 72 76 70 44 43 64 77 42 53 52]
2025-04-21 09:43:56,487{GMT}	INFO	[jepsen worker 4] jepsen.util: 4	:invoke	:broadcast	84
2025-04-21 09:43:56,488{GMT}	INFO	[jepsen worker 4] jepsen.util: 4	:ok	:broadcast	84
2025-04-21 09:43:56,490{GMT}	INFO	[jepsen worker 0] jepsen.util: 0	:invoke	:read	nil
2025-04-21 09:43:56,491{GMT}	INFO	[jepsen worker 0] jepsen.util: 0	:ok	:read	[50 59 6 13 18 28 36 39 65 74 78 31 70 77 12 16 17 24 55 69 0 30 76 73 2 7 11 33 46 66 45 54 83 80 58 60 63 64 71 79 23 25 34 3 40 44 51 61 82 4 32 47 56 81 9 48 57 72 22 41 49 38 42 43 8 15 21 35 62 67 68 84 75 10 20 29 37 52 53]
2025-04-21 09:43:56,688{GMT}	INFO	[jepsen worker 0] jepsen.util: 0	:invoke	:broadcast	85
2025-04-21 09:43:56,689{GMT}	INFO	[jepsen worker 0] jepsen.util: 0	:ok	:broadcast	85
2025-04-21 09:43:56,759{GMT}	INFO	[jepsen worker 1] jepsen.util: 1	:invoke	:broadcast	86
2025-04-21 09:43:56,761{GMT}	INFO	[jepsen worker 1] jepsen.util: 1	:ok	:broadcast	86
2025-04-21 09:43:56,801{GMT}	INFO	[jepsen worker 2] jepsen.util: 2	:invoke	:broadcast	87
2025-04-21 09:43:56,802{GMT}	INFO	[jepsen worker 2] jepsen.util: 2	:ok	:broadcast	87
2025-04-21 09:43:56,878{GMT}	INFO	[jepsen worker 3] jepsen.util: 3	:invoke	:broadcast	88
2025-04-21 09:43:56,880{GMT}	INFO	[jepsen worker 3] jepsen.util: 3	:ok	:broadcast	88
2025-04-21 09:43:56,912{GMT}	INFO	[jepsen worker 4] jepsen.util: 4	:invoke	:read	nil
2025-04-21 09:43:56,915{GMT}	INFO	[jepsen worker 4] jepsen.util: 4	:ok	:read	[34 47 61 80 88 20 23 30 83 18 21 62 32 36 39 54 67 3 6 8 68 69 85 66 75 81 11 33 35 51 15 17 43 84 50 52 55 16 44 73 41 58 87 9 31 38 49 76 59 63 12 29 56 77 79 13 24 40 37 46 57 0 2 4 70 72 74 10 45 48 78 86 28 64 71 82 22 60 65 53 7 25 42]
2025-04-21 09:43:56,952{GMT}	INFO	[jepsen worker 0] jepsen.util: 0	:invoke	:read	nil
2025-04-21 09:43:56,954{GMT}	INFO	[jepsen worker 0] jepsen.util: 0	:ok	:read	[53 75 10 20 29 37 52 39 50 59 6 13 18 28 36 65 74 78 87 31 70 69 77 88 12 16 17 24 55 0 30 76 66 73 86 2 7 11 33 46 45 54 83 79 80 58 60 63 64 71 23 25 34 82 3 40 44 51 61 4 32 47 56 81 9 48 57 72 22 41 49 38 42 43 8 15 21 35 62 67 68 84 85]
2025-04-21 09:43:56,983{GMT}	INFO	[jepsen worker 0] jepsen.util: 0	:invoke	:broadcast	89
2025-04-21 09:43:56,984{GMT}	INFO	[jepsen worker 0] jepsen.util: 0	:ok	:broadcast	89
2025-04-21 09:43:57,047{GMT}	INFO	[jepsen worker 1] jepsen.util: 1	:invoke	:broadcast	90
2025-04-21 09:43:57,049{GMT}	INFO	[jepsen worker 1] jepsen.util: 1	:ok	:broadcast	90
2025-04-21 09:43:57,134{GMT}	INFO	[jepsen worker 2] jepsen.util: 2	:invoke	:read	nil
2025-04-21 09:43:57,136{GMT}	INFO	[jepsen worker 2] jepsen.util: 2	:ok	:read	[51 56 26 49 54 38 42 66 76 83 57 61 75 63 70 46 77 36 43 69 72 82 90 31 58 50 52 64 80 1 47 34 48 67 68 86 14 32 39 71 40 65 60 73 89 41 53 85 74 79 55 81 84 44 45 37 59 78 87 88 5 35 33 62]
2025-04-21 09:43:57,249{GMT}	INFO	[jepsen worker 3] jepsen.util: 3	:invoke	:read	nil
2025-04-21 09:43:57,250{GMT}	INFO	[jepsen worker 3] jepsen.util: 3	:ok	:read	[35 55 60 61 71 36 51 73 87 88 54 58 78 79 83 85 37 38 48 49 50 59 57 74 75 81 82 45 84 19 33 39 80 40 47 67 76 27 46 62 63 70 72 43 44 42 53 64 77 52 32 41 56 89 90 34 65 31 66 69 86 68]
2025-04-21 09:43:57,344{GMT}	INFO	[jepsen worker 4] jepsen.util: 4	:invoke	:broadcast	91
2025-04-21 09:43:57,345{GMT}	INFO	[jepsen worker 4] jepsen.util: 4	:ok	:broadcast	91
2025-04-21 09:43:57,487{GMT}	INFO	[jepsen worker 0] jepsen.util: 0	:invoke	:broadcast	92
2025-04-21 09:43:57,489{GMT}	INFO	[jepsen worker 0] jepsen.util: 0	:ok	:broadcast	92
2025-04-21 09:43:57,577{GMT}	INFO	[jepsen worker 0] jepsen.util: 0	:invoke	:read	nil
2025-04-21 09:43:57,579{GMT}	INFO	[jepsen worker 0] jepsen.util: 0	:ok	:read	[6 13 18 28 36 39 50 59 65 74 78 87 31 70 12 16 17 24 55 69 77 88 0 30 76 2 7 11 33 46 66 73 86 45 54 83 91 58 60 63 64 71 79 80 23 25 34 3 40 44 51 61 82 4 32 47 56 81 9 48 57 72 92 22 41 49 38 42 43 8 15 21 35 62 90 67 68 84 85 10 20 29 37 52 53 75 89]
2025-04-21 09:43:57,758{GMT}	INFO	[jepsen worker 1] jepsen.util: 1	:invoke	:broadcast	93
2025-04-21 09:43:57,759{GMT}	INFO	[jepsen worker 1] jepsen.util: 1	:ok	:broadcast	93
2025-04-21 09:43:57,873{GMT}	INFO	[jepsen worker 2] jepsen.util: 2	:invoke	:broadcast	94
2025-04-21 09:43:57,875{GMT}	INFO	[jepsen worker 2] jepsen.util: 2	:ok	:broadcast	94
2025-04-21 09:43:58,047{GMT}	INFO	[jepsen worker 3] jepsen.util: 3	:invoke	:broadcast	95
2025-04-21 09:43:58,048{GMT}	INFO	[jepsen worker 3] jepsen.util: 3	:ok	:broadcast	95
2025-04-21 09:43:58,202{GMT}	INFO	[jepsen worker 4] jepsen.util: 4	:invoke	:read	nil
2025-04-21 09:43:58,204{GMT}	INFO	[jepsen worker 4] jepsen.util: 4	:ok	:read	[43 51 94 15 17 55 84 50 52 73 16 44 38 41 58 87 9 31 49 76 56 59 63 12 29 40 77 79 91 92 95 13 24 4 37 46 57 0 2 48 70 72 74 10 45 71 78 86 28 64 65 82 90 22 60 42 53 89 7 25 30 34 47 61 80 88 20 23 62 83 18 21 8 32 36 39 54 67 3 6 85 93 68 69 35 66 75 81 11 33]
2025-04-21 09:43:58,234{GMT}	INFO	[jepsen worker 0] jepsen.util: 0	:invoke	:broadcast	96
2025-04-21 09:43:58,236{GMT}	INFO	[jepsen worker 0] jepsen.util: 0	:ok	:broadcast	96
2025-04-21 09:43:58,320{GMT}	INFO	[jepsen worker 0] jepsen.util: 0	:invoke	:broadcast	97
2025-04-21 09:43:58,321{GMT}	INFO	[jepsen worker 0] jepsen.util: 0	:ok	:broadcast	97
2025-04-21 09:43:58,509{GMT}	INFO	[jepsen worker 1] jepsen.util: 1	:invoke	:read	nil
2025-04-21 09:43:58,511{GMT}	INFO	[jepsen worker 1] jepsen.util: 1	:ok	:read	[89 29 36 45 66 72 78 87 31 46 56 67 62 74 76 7 25 42 49 3 65 68 92 55 80 97 2 22 34 44 30 50 63 81 64 69 70 75 6 17 40 52 86 95 93 94 11 12 33 88 61 90 15 20 35 54 13 21 41 53 24 59 77 84 82 83 18 37 47 58 32 39 48 51 4 8 23 28 71 73 91 96 10 60 79 85 43 57 0 9 16 38]
2025-04-21 09:43:58,661{GMT}	INFO	[jepsen worker 2] jepsen.util: 2	:invoke	:broadcast	98
2025-04-21 09:43:58,663{GMT}	INFO	[jepsen worker 2] jepsen.util: 2	:ok	:broadcast	98
2025-04-21 09:43:58,683{GMT}	INFO	[jepsen worker 3] jepsen.util: 3	:invoke	:broadcast	99
2025-04-21 09:43:58,685{GMT}	INFO	[jepsen worker 3] jepsen.util: 3	:ok	:broadcast	99
2025-04-21 09:43:58,755{GMT}	INFO	[jepsen worker 4] jepsen.util: 4	:invoke	:read	nil
2025-04-21 09:43:58,757{GMT}	INFO	[jepsen worker 4] jepsen.util: 4	:ok	:read	[9 31 38 41 58 87 49 76 12 29 56 59 63 95 13 24 40 77 79 91 92 0 2 4 37 46 57 10 45 48 70 72 74 28 64 71 78 86 22 60 65 82 90 97 99 7 25 42 53 89 88 20 23 30 34 47 61 80 18 21 62 83 98 67 3 6 8 32 36 39 54 68 69 85 93 11 33 35 66 75 81 15 17 43 51 94 50 52 55 84 16 44 73 96]
2025-04-21 09:43:58,950{GMT}	INFO	[jepsen worker 0] jepsen.util: 0	:invoke	:broadcast	100
2025-04-21 09:43:58,951{GMT}	INFO	[jepsen worker 0] jepsen.util: 0	:ok	:broadcast	100
2025-04-21 09:43:59,048{GMT}	INFO	[jepsen worker 0] jepsen.util: 0	:invoke	:read	nil
2025-04-21 09:43:59,050{GMT}	INFO	[jepsen worker 0] jepsen.util: 0	:ok	:read	[53 75 89 10 20 29 37 52 39 50 59 6 13 18 28 36 98 65 74 78 87 94 31 70 69 77 88 12 16 17 24 55 0 30 76 95 66 73 86 2 7 11 33 46 45 54 83 91 79 80 58 60 63 64 71 23 25 34 96 99 82 3 40 44 51 61 4 32 47 56 81 9 48 57 72 92 22 41 49 38 42 43 100 90 8 15 21 35 62 97 67 68 84 85 93]
2025-04-21 09:43:59,091{GMT}	INFO	[jepsen worker 1] jepsen.util: 1	:invoke	:broadcast	101
2025-04-21 09:43:59,093{GMT}	INFO	[jepsen worker 1] jepsen.util: 1	:ok	:broadcast	101
2025-04-21 09:43:59,103{GMT}	INFO	[jepsen worker 2] jepsen.util: 2	:invoke	:read	nil
2025-04-21 09:43:59,105{GMT}	INFO	[jepsen worker 2] jepsen.util: 2	:ok	:read	[36 43 46 77 95 31 58 69 72 82 90 50 52 1 47 64 80 93 99 14 32 34 48 67 68 86 39 71 40 65 41 53 60 73 89 74 79 85 91 96 44 45 55 81 84 98 5 35 37 59 78 87 88 33 62 26 49 51 56 94 38 42 54 92 57 61 66 76 83 97 100 101 63 70 75]
2025-04-21 09:43:59,166{GMT}	INFO	[jepsen worker 3] jepsen.util: 3	:invoke	:broadcast	102
2025-04-21 09:43:59,168{GMT}	INFO	[jepsen worker 3] jepsen.util: 3	:ok	:broadcast	102
2025-04-21 09:43:59,234{GMT}	INFO	[jepsen worker 4] jepsen.util: 4	:invoke	:read	nil
2025-04-21 09:43:59,235{GMT}	INFO	[jepsen worker 4] jepsen.util: 4	:ok	:read	[79 91 92 95 13 24 40 77 46 57 0 2 4 37 72 74 10 45 48 70 86 28 64 71 78 90 97 99 22 60 65 82 89 7 25 42 53 47 61 80 88 20 23 30 34 98 102 18 21 62 83 36 39 54 67 3 6 8 32 68 69 85 93 75 81 11 33 35 66 94 15 17 43 51 50 52 55 84 100 16 44 73 96 58 87 9 31 38 41 49 76 63 101 12 29 56 59]
2025-04-21 09:43:59,345{GMT}	INFO	[jepsen worker 0] jepsen.util: 0	:invoke	:read	nil
2025-04-21 09:43:59,347{GMT}	INFO	[jepsen worker 0] jepsen.util: 0	:ok	:read	[81 4 32 47 56 92 101 9 48 57 72 22 41 49 38 42 43 100 62 90 8 15 21 35 93 97 67 68 84 85 52 53 75 89 10 20 29 37 36 39 50 59 6 13 18 28 94 98 65 74 78 87 31 70 55 69 77 88 12 16 17 24 0 30 76 95 46 66 73 86 2 7 11 33 45 54 83 91 71 79 80 102 58 60 63 64 99 23 25 34 96 61 82 3 40 44 51]
2025-04-21 09:43:59,352{GMT}	INFO	[jepsen worker 0] jepsen.util: 0	:invoke	:read	nil
2025-04-21 09:43:59,353{GMT}	INFO	[jepsen worker 0] jepsen.util: 0	:ok	:read	[102 58 60 63 64 71 79 80 23 25 34 96 99 3 40 44 51 61 82 4 32 47 56 81 9 48 57 72 92 101 22 41 49 38 42 43 100 8 15 21 35 62 90 67 68 84 85 93 97 89 10 20 29 37 52 53 75 59 6 13 18 28 36 39 50 65 74 78 87 94 98 31 70 88 12 16 17 24 55 69 77 0 30 76 95 86 2 7 11 33 46 66 73 45 54 83 91]
2025-04-21 09:43:59,548{GMT}	INFO	[jepsen worker 1] jepsen.util: 1	:invoke	:read	nil
2025-04-21 09:43:59,550{GMT}	INFO	[jepsen worker 1] jepsen.util: 1	:ok	:read	[51 4 8 23 28 32 39 48 71 73 91 99 10 60 79 85 96 0 9 16 38 43 57 102 29 36 45 66 89 31 46 56 67 72 78 87 7 25 42 49 62 74 76 3 65 68 92 2 22 34 44 55 80 97 30 50 63 81 101 75 6 17 40 52 64 69 70 86 95 11 12 33 88 93 94 15 20 35 54 61 90 13 21 41 53 24 59 77 84 100 82 83 98 18 37 47 58]
2025-04-21 09:43:59,703{GMT}	INFO	[jepsen worker 2] jepsen.util: 2	:invoke	:broadcast	103
2025-04-21 09:43:59,704{GMT}	INFO	[jepsen worker 2] jepsen.util: 2	:ok	:broadcast	103
2025-04-21 09:43:59,770{GMT}	INFO	[jepsen worker 3] jepsen.util: 3	:invoke	:read	nil
2025-04-21 09:43:59,772{GMT}	INFO	[jepsen worker 3] jepsen.util: 3	:ok	:read	[31 66 69 86 95 100 68 94 103 35 55 60 61 71 98 36 51 73 87 88 54 58 78 79 83 93 101 37 38 48 49 50 59 85 57 74 75 81 82 96 45 84 19 33 39 80 40 47 67 99 27 46 62 63 70 72 76 43 44 42 53 64 77 52 91 32 41 56 89 90 97 34 65 92 102]
2025-04-21 09:43:59,840{GMT}	INFO	[jepsen worker 4] jepsen.util: 4	:invoke	:read	nil
2025-04-21 09:43:59,842{GMT}	INFO	[jepsen worker 4] jepsen.util: 4	:ok	:read	[11 33 35 66 75 81 15 17 43 51 94 50 52 55 84 16 44 73 96 100 9 31 38 41 58 87 49 76 12 29 56 59 63 101 95 13 24 40 77 79 91 92 0 2 4 37 46 57 10 45 48 70 72 74 28 64 71 78 86 22 60 65 82 90 97 99 7 25 42 53 89 88 20 23 30 34 47 61 80 18 21 62 83 98 102 103 67 3 6 8 32 36 39 54 68 69 85 93]
2025-04-21 09:44:00,024{GMT}	INFO	[jepsen worker 0] jepsen.util: 0	:invoke	:read	nil
2025-04-21 09:44:00,026{GMT}	INFO	[jepsen worker 0] jepsen.util: 0	:ok	:read	[9 48 57 72 92 101 22 41 49 38 42 43 100 8 15 21 35 62 90 103 67 68 84 85 93 97 89 10 20 29 37 52 53 75 59 6 13 18 28 36 39 50 65 74 78 87 94 98 31 70 88 12 16 17 24 55 69 77 0 30 76 95 86 2 7 11 33 46 66 73 45 54 83 91 102 58 60 63 64 71 79 80 23 25 34 96 99 3 40 44 51 61 82 4 32 47 56 81]
2025-04-21 09:44:00,026{GMT}	INFO	[jepsen worker nemesis] jepsen.util: :nemesis	:info	:stop-partition	nil
2025-04-21 09:44:00,026{GMT}	INFO	[jepsen worker nemesis] jepsen.util: :nemesis	:info	:stop-partition	:network-healed
2025-04-21 09:44:00,027{GMT}	INFO	[jepsen worker 1] jepsen.generator.interpreter: Waiting for recovery...
2025-04-21 09:44:10,030{GMT}	INFO	[jepsen worker 2] jepsen.util: 2	:invoke	:read	nil
2025-04-21 09:44:10,030{GMT}	INFO	[jepsen worker 3] jepsen.util: 3	:invoke	:read	nil
2025-04-21 09:44:10,030{GMT}	INFO	[jepsen worker 0] jepsen.util: 0	:invoke	:read	nil
2025-04-21 09:44:10,030{GMT}	INFO	[jepsen worker 4] jepsen.util: 4	:invoke	:read	nil
2025-04-21 09:44:10,030{GMT}	INFO	[jepsen worker 1] jepsen.util: 1	:invoke	:read	nil
2025-04-21 09:44:10,031{GMT}	INFO	[jepsen worker 3] jepsen.util: 3	:ok	:read	[49 50 59 85 37 38 48 81 82 96 57 74 75 45 84 80 19 33 39 99 40 47 67 63 70 72 76 27 46 62 43 44 77 42 53 64 52 91 89 90 97 32 41 56 102 34 65 92 86 95 100 31 66 69 68 94 103 61 71 98 35 55 60 87 88 36 51 73 79 83 93 101 54 58 78]
2025-04-21 09:44:10,031{GMT}	INFO	[jepsen worker 2] jepsen.util: 2	:ok	:read	[51 56 94 26 49 54 92 38 42 66 76 83 97 100 101 57 61 75 63 70 46 77 95 36 43 69 72 82 90 31 58 102 50 52 64 80 93 99 1 47 34 48 67 68 86 14 32 39 71 40 65 60 73 89 41 53 85 91 96 74 79 55 81 84 98 44 45 37 59 78 87 88 103 5 35 33 62]
2025-04-21 09:44:10,031{GMT}	INFO	[jepsen worker 0] jepsen.util: 0	:ok	:read	[31 70 77 88 12 16 17 24 55 69 0 30 76 95 73 86 2 7 11 33 46 66 45 54 83 91 80 102 58 60 63 64 71 79 23 25 34 96 99 3 40 44 51 61 82 4 32 47 56 81 9 48 57 72 92 101 22 41 49 38 42 43 100 103 8 15 21 35 62 90 67 68 84 85 93 97 75 89 10 20 29 37 52 53 50 59 6 13 18 28 36 39 65 74 78 87 94 98]
2025-04-21 09:44:10,031{GMT}	INFO	[jepsen worker 4] jepsen.util: 4	:ok	:read	[0 2 4 37 46 57 10 45 48 70 72 74 28 64 71 78 86 99 22 60 65 82 90 97 7 25 42 53 89 80 88 20 23 30 34 47 61 103 18 21 62 83 98 102 54 67 3 6 8 32 36 39 68 69 85 93 11 33 35 66 75 81 15 17 43 51 94 50 52 55 84 16 44 73 96 100 9 31 38 41 58 87 49 76 12 29 56 59 63 101 92 95 13 24 40 77 79 91]
2025-04-21 09:44:10,031{GMT}	INFO	[jepsen worker 1] jepsen.util: 1	:ok	:read	[64 69 70 75 6 17 40 52 86 95 103 93 94 11 12 33 88 61 90 15 20 35 54 13 21 41 53 100 24 59 77 84 82 83 98 18 37 47 58 32 39 48 51 4 8 23 28 71 73 91 99 96 10 60 79 85 43 57 102 0 9 16 38 89 29 36 45 66 72 78 87 31 46 56 67 62 74 76 7 25 42 49 3 65 68 92 55 80 97 2 22 34 44 101 30 50 63 81]
2025-04-21 09:44:10,049{GMT}	INFO	[jepsen test runner] jepsen.core: Run complete, writing
2025-04-21 09:44:10,129{GMT}	INFO	[jepsen node n0] maelstrom.db: Tearing down n0
2025-04-21 09:44:10,129{GMT}	INFO	[jepsen node n1] maelstrom.db: Tearing down n1
2025-04-21 09:44:10,129{GMT}	INFO	[jepsen node n3] maelstrom.db: Tearing down n3
2025-04-21 09:44:10,129{GMT}	INFO	[jepsen node n4] maelstrom.db: Tearing down n4
2025-04-21 09:44:10,129{GMT}	INFO	[jepsen node n2] maelstrom.db: Tearing down n2
2025-04-21 09:44:12,012{GMT}	INFO	[jepsen node n0] maelstrom.net: Shutting down Maelstrom network
2025-04-21 09:44:12,014{GMT}	INFO	[jepsen test runner] jepsen.core: Analyzing...
2025-04-21 09:44:12,357{GMT}	INFO	[jepsen test runner] jepsen.core: Analysis complete
2025-04-21 09:44:12,389{GMT}	INFO	[jepsen results] jepsen.store: Wrote /home/divi/git/fly.io/store/broadcast/20250421T094338.263+0530/results.edn
2025-04-21 09:44:12,420{GMT}	INFO	[jepsen test runner] jepsen.core: {:perf {:latency-graph {:valid? true},
        :rate-graph {:valid? true},
        :valid? true},
 :timeline {:valid? true},
 :exceptions {:valid? true},
 :stats {:valid? true,
         :count 201,
         :ok-count 201,
         :fail-count 0,
         :info-count 0,
         :by-f {:broadcast {:valid? true,
                            :count 104,
                            :ok-count 104,
                            :fail-count 0,
                            :info-count 0},
                :read {:valid? true,
                       :count 97,
                       :ok-count 97,
                       :fail-count 0,
                       :info-count 0}}},
 :availability {:valid? true, :ok-fraction 1.0},
 :net {:all {:send-count 1433,
             :recv-count 1364,
             :msg-count 1433,
             :msgs-per-op 7.129353},
       :clients {:send-count 422, :recv-count 422, :msg-count 422},
       :servers {:send-count 1011,
                 :recv-count 942,
                 :msg-count 1011,
                 :msgs-per-op 5.029851},
       :valid? true},
 :workload {:worst-stale ({:element 0,
                           :outcome :stable,
                           :stable-latency 29975,
                           :lost-latency nil,
                           :known #jepsen.history.Op{:index 3,
                                                     :time 26334014,
                                                     :type :ok,
                                                     :process 1,
                                                     :f :add,
                                                     :value 0},
                           :last-absent #jepsen.history.Op{:index 399,
                                                           :time 30002202597,
                                                           :type :invoke,
                                                           :process 3,
                                                           :f :read,
                                                           :value nil,
                                                           :final? true}}
                          {:element 2,
                           :outcome :stable,
                           :stable-latency 29619,
                           :lost-latency nil,
                           :known #jepsen.history.Op{:index 11,
                                                     :time 382954773,
                                                     :type :ok,
                                                     :process 0,
                                                     :f :add,
                                                     :value 2},
                           :last-absent #jepsen.history.Op{:index 399,
                                                           :time 30002202597,
                                                           :type :invoke,
                                                           :process 3,
                                                           :f :read,
                                                           :value nil,
                                                           :final? true}}
                          {:element 3,
                           :outcome :stable,
                           :stable-latency 29512,
                           :lost-latency nil,
                           :known #jepsen.history.Op{:index 13,
                                                     :time 489661060,
                                                     :type :ok,
                                                     :process 0,
                                                     :f :add,
                                                     :value 3},
                           :last-absent #jepsen.history.Op{:index 399,
                                                           :time 30002202597,
                                                           :type :invoke,
                                                           :process 3,
                                                           :f :read,
                                                           :value nil,
                                                           :final? true}}
                          {:element 4,
                           :outcome :stable,
                           :stable-latency 29379,
                           :lost-latency nil,
                           :known #jepsen.history.Op{:index 15,
                                                     :time 622689906,
                                                     :type :ok,
                                                     :process 1,
                                                     :f :add,
                                                     :value 4},
                           :last-absent #jepsen.history.Op{:index 399,
                                                           :time 30002202597,
                                                           :type :invoke,
                                                           :process 3,
                                                           :f :read,
                                                           :value nil,
                                                           :final? true}}
                          {:element 6,
                           :outcome :stable,
                           :stable-latency 29004,
                           :lost-latency nil,
                           :known #jepsen.history.Op{:index 23,
                                                     :time 997691485,
                                                     :type :ok,
                                                     :process 0,
                                                     :f :add,
                                                     :value 6},
                           :last-absent #jepsen.history.Op{:index 399,
                                                           :time 30002202597,
                                                           :type :invoke,
                                                           :process 3,
                                                           :f :read,
                                                           :value nil,
                                                           :final? true}}
                          {:element 7,
                           :outcome :stable,
                           :stable-latency 28832,
                           :lost-latency nil,
                           :known #jepsen.history.Op{:index 25,
                                                     :time 1170093507,
                                                     :type :ok,
                                                     :process 0,
                                                     :f :add,
                                                     :value 7},
                           :last-absent #jepsen.history.Op{:index 399,
                                                           :time 30002202597,
                                                           :type :invoke,
                                                           :process 3,
                                                           :f :read,
                                                           :value nil,
                                                           :final? true}}
                          {:element 8,
                           :outcome :stable,
                           :stable-latency 28821,
                           :lost-latency nil,
                           :known #jepsen.history.Op{:index 27,
                                                     :time 1181191199,
                                                     :type :ok,
                                                     :process 1,
                                                     :f :add,
                                                     :value 8},
                           :last-absent #jepsen.history.Op{:index 399,
                                                           :time 30002202597,
                                                           :type :invoke,
                                                           :process 3,
                                                           :f :read,
                                                           :value nil,
                                                           :final? true}}
                          {:element 9,
                           :outcome :stable,
                           :stable-latency 28406,
                           :lost-latency nil,
                           :known #jepsen.history.Op{:index 35,
                                                     :time 1595986611,
                                                     :type :ok,
                                                     :process 0,
                                                     :f :add,
                                                     :value 9},
                           :last-absent #jepsen.history.Op{:index 399,
                                                           :time 30002202597,
                                                           :type :invoke,
                                                           :process 3,
                                                           :f :read,
                                                           :value nil,
                                                           :final? true}}),
            :duplicated-count 0,
            :valid? false,
            :lost-count 6,
            :lost (1 5 14 19 26 27),
            :stable-count 98,
            :stale-count 25,
            :stale (0
                    2
                    3
                    4
                    6
                    7
                    8
                    9
                    10
                    11
                    12
                    13
                    15
                    16
                    17
                    18
                    20
                    21
                    22
                    23
                    24
                    25
                    28
                    29
                    30),
            :never-read-count 0,
            :stable-latencies {0 0,
                               0.5 0,
                               0.95 29004,
                               0.99 29975,
                               1 29975},
            :attempt-count 104,
            :lost-latencies {0 24979,
                             0.5 27201,
                             0.95 29893,
                             0.99 29893,
                             1 29893},
            :never-read (),
            :duplicated {}},
 :valid? false}


Analysis invalid! ( 
