2025-04-20 17:13:07,375{GMT}	INFO	[jepsen test runner] jepsen.core: Command line:
lein run test -w unique-ids --bin ./fly-io --time-limit 1 --rate 10 --node-count 1 --availability total --nemesis partition
2025-04-20 17:13:07,455{GMT}	INFO	[jepsen test runner] jepsen.core: Running test:
{:args []
 :remote
 #jepsen.control.retry.Remote{:remote #jepsen.control.scp.Remote{:cmd-remote #jepsen.control.sshj.SSHJRemote{:concurrency-limit 6,
                                                                                                             :conn-spec nil,
                                                                                                             :client nil,
                                                                                                             :semaphore nil},
                                                                 :conn-spec nil},
                              :conn nil}
 :log-net-send false
 :node-count 1
 :availability :total
 :max-txn-length 4
 :concurrency 1
 :db
 #object[maelstrom.db$db$reify__16612
         "0x1f9b8c23"
         "maelstrom.db$db$reify__16612@1f9b8c23"]
 :max-writes-per-key 16
 :leave-db-running? false
 :name "unique-ids"
 :logging-json? false
 :start-time
 #object[org.joda.time.DateTime "0x26e74d50" "2025-04-20T17:13:07.345+05:30"]
 :nemesis-interval 10
 :net
 #object[maelstrom.net$jepsen_net$reify__15721
         "0x6bdc984"
         "maelstrom.net$jepsen_net$reify__15721@6bdc984"]
 :client
 #object[maelstrom.workload.unique_ids$client$reify__21401
         "0x1f299fc3"
         "maelstrom.workload.unique_ids$client$reify__21401@1f299fc3"]
 :barrier
 #object[java.util.concurrent.CyclicBarrier
         "0xb997735"
         "java.util.concurrent.CyclicBarrier@b997735"]
 :log-stderr false
 :pure-generators true
 :ssh {:dummy? true}
 :rate 10.0
 :checker
 #object[jepsen.checker$compose$reify__11089
         "0x178826db"
         "jepsen.checker$compose$reify__11089@178826db"]
 :argv
 ("test"
  "-w"
  "unique-ids"
  "--bin"
  "./fly-io"
  "--time-limit"
  "1"
  "--rate"
  "10"
  "--node-count"
  "1"
  "--availability"
  "total"
  "--nemesis"
  "partition")
 :nemesis
 (jepsen.nemesis.ReflCompose
  {:fm {:start-partition 0,
        :stop-partition 0,
        :kill 1,
        :start 1,
        :pause 1,
        :resume 1},
   :nemeses [#unprintable "jepsen.nemesis.combined$partition_nemesis$reify__16905@7f913c47"
             #unprintable "jepsen.nemesis.combined$db_nemesis$reify__16886@2c9573f1"]})
 :nodes ["n0"]
 :test-count 1
 :latency {:mean 0, :dist :constant}
 :bin "./fly-io"
 :generator
 #object[jepsen.util.Forgettable
         "0x37a5ac85"
         (jepsen.generator.TimeLimit
          {:limit 1000000000,
           :cutoff nil,
           :gen (jepsen.generator.Any
                 {:gens [(jepsen.generator.OnThreads
                          {:f #{:nemesis},
                           :context-filter #object[jepsen.generator.context$make_thread_filter$lazy_filter__12077
                                                   "0x239fdf8f"
                                                   "jepsen.generator.context$make_thread_filter$lazy_filter__12077@239fdf8f"],
                           :gen (jepsen.generator.Stagger
                                 {:dt 20000000000,
                                  :next-time nil,
                                  :gen (jepsen.generator.FlipFlop
                                        {:gens [#object[jepsen.nemesis.combined$partition_package$start__16909
                                                        "0x1acd660d"
                                                        "jepsen.nemesis.combined$partition_package$start__16909@1acd660d"]
                                                (jepsen.generator.Repeat
                                                 {:remaining -1,
                                                  :gen {:type :info,
                                                        :f :stop-partition,
                                                        :value nil}})],
                                         :i 0})})})
                         (jepsen.generator.OnThreads
                          {:f #jepsen.generator.context.AllBut{:element :nemesis},
                           :context-filter #object[jepsen.generator.context$make_thread_filter$lazy_filter__12077
                                                   "0x22f3b213"
                                                   "jepsen.generator.context$make_thread_filter$lazy_filter__12077@22f3b213"],
                           :gen (jepsen.generator.Stagger
                                 {:dt 200000000,
                                  :next-time nil,
                                  :gen (jepsen.generator.Repeat
                                        {:remaining -1, :gen {:f :generate}})})})]})})]
 :log-net-recv false
 :os
 #object[maelstrom.net$jepsen_os$reify__15724
         "0xe18848d"
         "maelstrom.net$jepsen_os$reify__15724@e18848d"]
 :time-limit 1
 :workload :unique-ids
 :consistency-models [:strict-serializable]
 :topology :grid}

2025-04-20 17:13:09,094{GMT}	INFO	[jepsen node n0] maelstrom.net: Starting Maelstrom network
2025-04-20 17:13:09,095{GMT}	INFO	[jepsen test runner] jepsen.db: Tearing down DB
2025-04-20 17:13:09,096{GMT}	INFO	[jepsen test runner] jepsen.db: Setting up DB
2025-04-20 17:13:09,098{GMT}	INFO	[jepsen node n0] maelstrom.service: Starting services: (lin-kv lin-tso lww-kv seq-kv)
2025-04-20 17:13:09,099{GMT}	INFO	[jepsen node n0] maelstrom.db: Setting up n0
2025-04-20 17:13:09,100{GMT}	INFO	[jepsen node n0] maelstrom.process: launching ./fly-io []
2025-04-20 17:13:09,120{GMT}	WARN	[n0 stdout] maelstrom.process: Error!
clojure.lang.ExceptionInfo: Node n0 printed a line to STDOUT which was not well-formed JSON:
{"id": \n}{"src":"n0","dest":"c0","body":{"in_reply_to":1,"type":"init_ok"}}
Did you mean to encode this line as JSON? Or was this line intended for STDERR? See doc/protocol.md for more guidance.
	at slingshot.support$stack_trace.invoke(support.clj:201)
	at maelstrom.process$parse_msg$fn__16326.invoke(process.clj:47)
	at maelstrom.process$parse_msg.invokeStatic(process.clj:45)
	at maelstrom.process$parse_msg.invoke(process.clj:35)
	at maelstrom.process$stdout_thread$fn__16348$fn__16349$fn__16351.invoke(process.clj:146)
	at maelstrom.process$stdout_thread$fn__16348$fn__16349.invoke(process.clj:146)
	at maelstrom.process$stdout_thread$fn__16348.invoke(process.clj:140)
	at clojure.core$binding_conveyor_fn$fn__5842.invoke(core.clj:2047)
	at clojure.lang.AFn.call(AFn.java:18)
	at java.base/java.util.concurrent.FutureTask.run(FutureTask.java:264)
	at java.base/java.util.concurrent.ThreadPoolExecutor.runWorker(ThreadPoolExecutor.java:1136)
	at java.base/java.util.concurrent.ThreadPoolExecutor$Worker.run(ThreadPoolExecutor.java:635)
	at java.base/java.lang.Thread.run(Thread.java:840)
2025-04-20 17:13:19,109{GMT}	INFO	[jepsen node n0] maelstrom.db: Tearing down n0
2025-04-20 17:13:20,103{GMT}	INFO	[jepsen node n0] maelstrom.net: Shutting down Maelstrom network
2025-04-20 17:13:20,105{GMT}	WARN	[jepsen test runner] jepsen.core: Test crashed!
clojure.lang.ExceptionInfo: Expected node n0 to respond to an init message, but node did not respond.
	at slingshot.support$stack_trace.invoke(support.clj:201)
	at maelstrom.db$db$reify__16612.setup_BANG_(db.clj:63)
	at jepsen.db$fn__11614$G__11608__11618.invoke(db.clj:12)
	at jepsen.db$fn__11614$G__11607__11623.invoke(db.clj:12)
	at clojure.core$partial$fn__5927.invoke(core.clj:2642)
	at jepsen.control$on_nodes$fn__9552.invoke(control.clj:319)
	at clojure.lang.AFn.applyToHelper(AFn.java:154)
	at clojure.lang.AFn.applyTo(AFn.java:144)
	at clojure.core$apply.invokeStatic(core.clj:667)
	at clojure.core$with_bindings_STAR_.invokeStatic(core.clj:1990)
	at clojure.core$with_bindings_STAR_.doInvoke(core.clj:1990)
	at clojure.lang.RestFn.applyTo(RestFn.java:145)
	at clojure.core$apply.invokeStatic(core.clj:671)
	at clojure.core$bound_fn_STAR_$fn__5837.doInvoke(core.clj:2020)
	at clojure.lang.RestFn.invoke(RestFn.java:411)
	at clojure.core$mapv$fn__8565.invoke(core.clj:7059)
	at clojure.lang.ArrayChunk.reduce(ArrayChunk.java:60)
	at clojure.core.protocols$fn__8270.invokeStatic(protocols.clj:135)
	at clojure.core.protocols$fn__8270.invoke(protocols.clj:123)
	at clojure.core.protocols$fn__8229$G__8224__8238.invoke(protocols.clj:19)
	at clojure.core.protocols$seq_reduce.invokeStatic(protocols.clj:31)
	at clojure.core.protocols$fn__8262.invokeStatic(protocols.clj:74)
	at clojure.core.protocols$fn__8262.invoke(protocols.clj:74)
	at clojure.core.protocols$fn__8203$G__8198__8216.invoke(protocols.clj:13)
	at clojure.core$reduce.invokeStatic(core.clj:6965)
	at clojure.core$mapv.invokeStatic(core.clj:7050)
	at clojure.core$mapv.invoke(core.clj:7050)
	at jepsen.control$on_nodes.invokeStatic(control.clj:316)
	at jepsen.control$on_nodes.invoke(control.clj:299)
	at jepsen.control$on_nodes.invokeStatic(control.clj:304)
	at jepsen.control$on_nodes.invoke(control.clj:299)
	at jepsen.db$cycle_BANG_$fn__11802.invoke(db.clj:179)
	at jepsen.db$cycle_BANG_.invokeStatic(db.clj:176)
	at jepsen.db$cycle_BANG_.invoke(db.clj:162)
	at jepsen.core$run_BANG_$fn__13912$fn__13915.invoke(core.clj:399)
	at jepsen.core$run_BANG_$fn__13912.invoke(core.clj:398)
	at jepsen.core$run_BANG_.invokeStatic(core.clj:396)
	at jepsen.core$run_BANG_.invoke(core.clj:322)
	at jepsen.cli$single_test_cmd$fn__15082.invoke(cli.clj:396)
	at jepsen.cli$run_BANG_.invokeStatic(cli.clj:329)
	at jepsen.cli$run_BANG_.invoke(cli.clj:258)
	at maelstrom.core$_main.invokeStatic(core.clj:269)
	at maelstrom.core$_main.doInvoke(core.clj:267)
	at clojure.lang.RestFn.applyTo(RestFn.java:140)
	at maelstrom.core.main(Unknown Source)
Caused by: clojure.lang.ExceptionInfo: Client read timeout
	at slingshot.support$stack_trace.invoke(support.clj:201)
	at maelstrom.client$recv_BANG_.invokeStatic(client.clj:98)
	at maelstrom.client$recv_BANG_.invoke(client.clj:81)
	at maelstrom.client$send_PLUS_recv_BANG_.invokeStatic(client.clj:123)
	at maelstrom.client$send_PLUS_recv_BANG_.invoke(client.clj:119)
	at maelstrom.client$rpc_BANG_.invokeStatic(client.clj:149)
	at maelstrom.client$rpc_BANG_.invoke(client.clj:140)
	at maelstrom.db$db$reify__16612.setup_BANG_(db.clj:48)
	... 43 common frames omitted
