2025/04/21 09:33:13 Received {c4 n0 {"type":"init","node_id":"n0","node_ids":["n0","n1","n2","n3","n4"],"msg_id":1}}
2025/04/21 09:33:13 Node n0 initialized
2025/04/21 09:33:13 Sent {"src":"n0","dest":"c4","body":{"in_reply_to":1,"type":"init_ok"}}
2025/04/21 09:33:13 Received {c6 n0 {"type":"topology","topology":{"n0":["n3","n1"],"n1":["n4","n2","n0"],"n2":["n1"],"n3":["n0","n4"],"n4":["n1","n3"]},"msg_id":1}}
2025/04/21 09:33:13 Sent {"src":"n0","dest":"c6","body":{"in_reply_to":1,"msg_id":1,"type":"topology_ok"}}
2025/04/21 09:33:13 Received {c10 n0 {"type":"read","msg_id":1}}
2025/04/21 09:33:13 Sent {"src":"n0","dest":"c10","body":{"in_reply_to":1,"messages":[],"msg_id":2,"type":"read_ok"}}
2025/04/21 09:33:13 Received {c10 n0 {"type":"read","msg_id":2}}
2025/04/21 09:33:13 Sent {"src":"n0","dest":"c10","body":{"in_reply_to":2,"messages":[],"msg_id":3,"type":"read_ok"}}
2025/04/21 09:33:13 Received {c10 n0 {"type":"broadcast","message":0,"msg_id":3}}
2025/04/21 09:33:13 Sent {"src":"n0","dest":"n3","body":{"data_id":"c10_3","message":0,"msg_id":1,"seen_nodes":["n0","n3"],"type":"gossip"}}
2025/04/21 09:33:13 Sent {"src":"n0","dest":"n1","body":{"data_id":"c10_3","message":0,"msg_id":2,"seen_nodes":["n0","n3","n1"],"type":"gossip"}}
2025/04/21 09:33:13 Sent {"src":"n0","dest":"c10","body":{"in_reply_to":3,"msg_id":6,"type":"broadcast_ok"}}
2025/04/21 09:33:13 Received {n3 n0 {"already_seen":false,"in_reply_to":1,"msg_id":4,"seen_nodes":["n3","n0","n4"],"type":"gossip_ok"}}
2025/04/21 09:33:13 Received {n1 n0 {"already_seen":false,"in_reply_to":2,"msg_id":5,"seen_nodes":["n1","n0","n3","n4","n2"],"type":"gossip_ok"}}
2025/04/21 09:33:13 Received {n1 n0 {"data_id":"c12_2","message":1,"msg_id":4,"seen_nodes":["n1","n2","n4","n0"],"type":"gossip"}}
2025/04/21 09:33:13 Sent {"src":"n0","dest":"n3","body":{"data_id":"c12_2","message":1,"msg_id":3,"seen_nodes":["n0","n1","n2","n4","n3"],"type":"gossip"}}
2025/04/21 09:33:13 Sent {"src":"n0","dest":"n1","body":{"already_seen":false,"in_reply_to":4,"msg_id":8,"seen_nodes":["n0","n1","n2","n4","n3"],"type":"gossip_ok"}}
2025/04/21 09:33:13 Received {n3 n0 {"data_id":"c12_2","message":1,"msg_id":2,"seen_nodes":["n3","n4","n1","n2","n0"],"type":"gossip"}}
2025/04/21 09:33:13 Sent {"src":"n0","dest":"n3","body":{"already_seen":true,"in_reply_to":2,"msg_id":9,"seen_nodes":["n0","n1","n2","n4","n3"],"type":"gossip_ok"}}
2025/04/21 09:33:13 Received {n3 n0 {"already_seen":true,"in_reply_to":3,"msg_id":7,"seen_nodes":["n3","n4","n1","n2","n0"],"type":"gossip_ok"}}
2025/04/21 09:33:13 Received {n3 n0 {"data_id":"c13_2","message":2,"msg_id":3,"seen_nodes":["n3","n0"],"type":"gossip"}}
2025/04/21 09:33:13 Sent {"src":"n0","dest":"n1","body":{"data_id":"c13_2","message":2,"msg_id":4,"seen_nodes":["n0","n3","n1"],"type":"gossip"}}
2025/04/21 09:33:13 Sent {"src":"n0","dest":"n3","body":{"already_seen":false,"in_reply_to":3,"msg_id":11,"seen_nodes":["n0","n3","n1"],"type":"gossip_ok"}}
2025/04/21 09:33:13 Received {n1 n0 {"already_seen":false,"in_reply_to":4,"msg_id":13,"seen_nodes":["n1","n0","n3","n4","n2"],"type":"gossip_ok"}}
2025/04/21 09:33:14 Received {c10 n0 {"type":"broadcast","message":3,"msg_id":4}}
2025/04/21 09:33:14 Sent {"src":"n0","dest":"n3","body":{"data_id":"c10_4","message":3,"msg_id":5,"seen_nodes":["n0","n3"],"type":"gossip"}}
2025/04/21 09:33:14 Sent {"src":"n0","dest":"n1","body":{"data_id":"c10_4","message":3,"msg_id":6,"seen_nodes":["n0","n3","n1"],"type":"gossip"}}
2025/04/21 09:33:14 Sent {"src":"n0","dest":"c10","body":{"in_reply_to":4,"msg_id":14,"type":"broadcast_ok"}}
2025/04/21 09:33:14 Received {n3 n0 {"already_seen":false,"in_reply_to":5,"msg_id":12,"seen_nodes":["n3","n0","n4"],"type":"gossip_ok"}}
2025/04/21 09:33:14 Received {n1 n0 {"already_seen":false,"in_reply_to":6,"msg_id":17,"seen_nodes":["n1","n0","n3","n4","n2"],"type":"gossip_ok"}}
2025/04/21 09:33:14 Received {c10 n0 {"type":"read","msg_id":5}}
2025/04/21 09:33:14 Sent {"src":"n0","dest":"c10","body":{"in_reply_to":5,"messages":[3,0,1,2],"msg_id":15,"type":"read_ok"}}
2025/04/21 09:33:14 Received {n1 n0 {"data_id":"c11_3","message":4,"msg_id":11,"seen_nodes":["n1","n4","n2","n0"],"type":"gossip"}}
2025/04/21 09:33:14 Sent {"src":"n0","dest":"n3","body":{"data_id":"c11_3","message":4,"msg_id":7,"seen_nodes":["n0","n1","n4","n2","n3"],"type":"gossip"}}
2025/04/21 09:33:14 Sent {"src":"n0","dest":"n1","body":{"already_seen":false,"in_reply_to":11,"msg_id":17,"seen_nodes":["n0","n1","n4","n2","n3"],"type":"gossip_ok"}}
2025/04/21 09:33:14 Received {n3 n0 {"data_id":"c11_3","message":4,"msg_id":6,"seen_nodes":["n3","n4","n1","n0"],"type":"gossip"}}
2025/04/21 09:33:14 Sent {"src":"n0","dest":"n3","body":{"already_seen":true,"in_reply_to":6,"msg_id":18,"seen_nodes":["n0","n1","n4","n2","n3"],"type":"gossip_ok"}}
2025/04/21 09:33:14 Received {n3 n0 {"already_seen":true,"in_reply_to":7,"msg_id":15,"seen_nodes":["n3","n4","n1","n0"],"type":"gossip_ok"}}
2025/04/21 09:33:15 Received {c10 n0 {"type":"read","msg_id":6}}
2025/04/21 09:33:15 Sent {"src":"n0","dest":"c10","body":{"in_reply_to":6,"messages":[0,1,2,3,4],"msg_id":19,"type":"read_ok"}}
2025/04/21 09:33:15 Received {c10 n0 {"type":"broadcast","message":5,"msg_id":7}}
2025/04/21 09:33:15 Sent {"src":"n0","dest":"n3","body":{"data_id":"c10_7","message":5,"msg_id":8,"seen_nodes":["n0","n3"],"type":"gossip"}}
2025/04/21 09:33:15 Sent {"src":"n0","dest":"n1","body":{"data_id":"c10_7","message":5,"msg_id":9,"seen_nodes":["n0","n3","n1"],"type":"gossip"}}
2025/04/21 09:33:15 Sent {"src":"n0","dest":"c10","body":{"in_reply_to":7,"msg_id":22,"type":"broadcast_ok"}}
2025/04/21 09:33:15 Received {n3 n0 {"already_seen":false,"in_reply_to":8,"msg_id":18,"seen_nodes":["n3","n0","n4"],"type":"gossip_ok"}}
2025/04/21 09:33:15 Received {n1 n0 {"already_seen":false,"in_reply_to":9,"msg_id":25,"seen_nodes":["n1","n0","n3","n4","n2"],"type":"gossip_ok"}}
2025/04/21 09:33:15 Received {n1 n0 {"data_id":"c11_4","message":6,"msg_id":16,"seen_nodes":["n1","n4","n2","n0"],"type":"gossip"}}
2025/04/21 09:33:15 Sent {"src":"n0","dest":"n3","body":{"data_id":"c11_4","message":6,"msg_id":10,"seen_nodes":["n0","n1","n4","n2","n3"],"type":"gossip"}}
2025/04/21 09:33:15 Sent {"src":"n0","dest":"n1","body":{"already_seen":false,"in_reply_to":16,"msg_id":24,"seen_nodes":["n0","n1","n4","n2","n3"],"type":"gossip_ok"}}
2025/04/21 09:33:15 Received {n3 n0 {"data_id":"c11_4","message":6,"msg_id":8,"seen_nodes":["n3","n4","n1","n0"],"type":"gossip"}}
2025/04/21 09:33:15 Received {n1 n0 {"data_id":"c12_4","message":7,"msg_id":18,"seen_nodes":["n1","n2","n4","n0"],"type":"gossip"}}
2025/04/21 09:33:15 Sent {"src":"n0","dest":"n3","body":{"already_seen":true,"in_reply_to":8,"msg_id":25,"seen_nodes":["n0","n1","n4","n2","n3"],"type":"gossip_ok"}}
2025/04/21 09:33:15 Sent {"src":"n0","dest":"n3","body":{"data_id":"c12_4","message":7,"msg_id":11,"seen_nodes":["n0","n1","n2","n4","n3"],"type":"gossip"}}
2025/04/21 09:33:15 Sent {"src":"n0","dest":"n1","body":{"already_seen":false,"in_reply_to":18,"msg_id":27,"seen_nodes":["n0","n1","n2","n4","n3"],"type":"gossip_ok"}}
2025/04/21 09:33:15 Received {n3 n0 {"already_seen":true,"in_reply_to":10,"msg_id":21,"seen_nodes":["n3","n4","n1","n0"],"type":"gossip_ok"}}
2025/04/21 09:33:15 Received {n3 n0 {"data_id":"c12_4","message":7,"msg_id":9,"seen_nodes":["n3","n4","n1","n2","n0"],"type":"gossip"}}
2025/04/21 09:33:15 Sent {"src":"n0","dest":"n3","body":{"already_seen":true,"in_reply_to":9,"msg_id":28,"seen_nodes":["n0","n1","n2","n4","n3"],"type":"gossip_ok"}}
2025/04/21 09:33:15 Received {n3 n0 {"already_seen":true,"in_reply_to":11,"msg_id":24,"seen_nodes":["n3","n4","n1","n2","n0"],"type":"gossip_ok"}}
2025/04/21 09:33:15 Received {n3 n0 {"data_id":"c13_4","message":8,"msg_id":10,"seen_nodes":["n3","n0"],"type":"gossip"}}
2025/04/21 09:33:15 Sent {"src":"n0","dest":"n1","body":{"data_id":"c13_4","message":8,"msg_id":12,"seen_nodes":["n0","n3","n1"],"type":"gossip"}}
2025/04/21 09:33:15 Sent {"src":"n0","dest":"n3","body":{"already_seen":false,"in_reply_to":10,"msg_id":30,"seen_nodes":["n0","n3","n1"],"type":"gossip_ok"}}
2025/04/21 09:33:15 Received {n1 n0 {"already_seen":true,"in_reply_to":12,"msg_id":36,"seen_nodes":["n1","n4","n3","n0","n2"],"type":"gossip_ok"}}
2025/04/21 09:33:15 Received {c10 n0 {"type":"broadcast","message":9,"msg_id":8}}
2025/04/21 09:33:15 Sent {"src":"n0","dest":"n3","body":{"data_id":"c10_8","message":9,"msg_id":13,"seen_nodes":["n0","n3"],"type":"gossip"}}
2025/04/21 09:33:15 Sent {"src":"n0","dest":"n1","body":{"data_id":"c10_8","message":9,"msg_id":14,"seen_nodes":["n0","n3","n1"],"type":"gossip"}}
2025/04/21 09:33:15 Sent {"src":"n0","dest":"c10","body":{"in_reply_to":8,"msg_id":33,"type":"broadcast_ok"}}
2025/04/21 09:33:15 Received {n3 n0 {"already_seen":false,"in_reply_to":13,"msg_id":29,"seen_nodes":["n3","n0","n4"],"type":"gossip_ok"}}
2025/04/21 09:33:15 Received {n1 n0 {"already_seen":false,"in_reply_to":14,"msg_id":39,"seen_nodes":["n1","n0","n3","n4","n2"],"type":"gossip_ok"}}
2025/04/21 09:33:15 Received {c10 n0 {"type":"broadcast","message":10,"msg_id":9}}
2025/04/21 09:33:15 Sent {"src":"n0","dest":"n3","body":{"data_id":"c10_9","message":10,"msg_id":15,"seen_nodes":["n0","n3"],"type":"gossip"}}
2025/04/21 09:33:15 Sent {"src":"n0","dest":"n1","body":{"data_id":"c10_9","message":10,"msg_id":16,"seen_nodes":["n0","n3","n1"],"type":"gossip"}}
2025/04/21 09:33:15 Sent {"src":"n0","dest":"c10","body":{"in_reply_to":9,"msg_id":36,"type":"broadcast_ok"}}
2025/04/21 09:33:15 Received {n3 n0 {"already_seen":false,"in_reply_to":15,"msg_id":31,"seen_nodes":["n3","n0","n4"],"type":"gossip_ok"}}
2025/04/21 09:33:15 Received {n1 n0 {"already_seen":false,"in_reply_to":16,"msg_id":43,"seen_nodes":["n1","n0","n3","n4","n2"],"type":"gossip_ok"}}
2025/04/21 09:33:15 Received {n1 n0 {"data_id":"c11_5","message":11,"msg_id":26,"seen_nodes":["n1","n4","n2","n0"],"type":"gossip"}}
2025/04/21 09:33:15 Sent {"src":"n0","dest":"n3","body":{"data_id":"c11_5","message":11,"msg_id":17,"seen_nodes":["n0","n1","n4","n2","n3"],"type":"gossip"}}
2025/04/21 09:33:15 Sent {"src":"n0","dest":"n1","body":{"already_seen":false,"in_reply_to":26,"msg_id":38,"seen_nodes":["n0","n1","n4","n2","n3"],"type":"gossip_ok"}}
2025/04/21 09:33:15 Received {n3 n0 {"data_id":"c11_5","message":11,"msg_id":14,"seen_nodes":["n3","n4","n1","n0"],"type":"gossip"}}
2025/04/21 09:33:15 Sent {"src":"n0","dest":"n3","body":{"already_seen":true,"in_reply_to":14,"msg_id":39,"seen_nodes":["n0","n1","n4","n2","n3"],"type":"gossip_ok"}}
2025/04/21 09:33:15 Received {n3 n0 {"already_seen":true,"in_reply_to":17,"msg_id":34,"seen_nodes":["n3","n4","n1","n0"],"type":"gossip_ok"}}
2025/04/21 09:33:15 Received {n1 n0 {"data_id":"c12_5","message":12,"msg_id":28,"seen_nodes":["n1","n2","n4","n0"],"type":"gossip"}}
2025/04/21 09:33:15 Sent {"src":"n0","dest":"n3","body":{"data_id":"c12_5","message":12,"msg_id":18,"seen_nodes":["n0","n1","n2","n4","n3"],"type":"gossip"}}
2025/04/21 09:33:15 Sent {"src":"n0","dest":"n1","body":{"already_seen":false,"in_reply_to":28,"msg_id":41,"seen_nodes":["n0","n1","n2","n4","n3"],"type":"gossip_ok"}}
2025/04/21 09:33:15 Received {n3 n0 {"already_seen":false,"in_reply_to":18,"msg_id":35,"seen_nodes":["n3","n0","n1","n2","n4"],"type":"gossip_ok"}}
2025/04/21 09:33:16 Received {n3 n0 {"data_id":"c14_5","message":13,"msg_id":15,"seen_nodes":["n3","n4","n1","n0"],"type":"gossip"}}
2025/04/21 09:33:16 Received {n1 n0 {"data_id":"c14_5","message":13,"msg_id":30,"seen_nodes":["n1","n4","n2","n0"],"type":"gossip"}}
2025/04/21 09:33:16 Sent {"src":"n0","dest":"n3","body":{"already_seen":false,"in_reply_to":15,"msg_id":42,"seen_nodes":["n0","n3","n4","n1"],"type":"gossip_ok"}}
2025/04/21 09:33:16 Sent {"src":"n0","dest":"n1","body":{"already_seen":true,"in_reply_to":30,"msg_id":43,"seen_nodes":["n0","n3","n4","n1"],"type":"gossip_ok"}}
2025/04/21 09:33:16 Received {c10 n0 {"type":"broadcast","message":14,"msg_id":10}}
2025/04/21 09:33:16 Sent {"src":"n0","dest":"n3","body":{"data_id":"c10_10","message":14,"msg_id":19,"seen_nodes":["n0","n3"],"type":"gossip"}}
2025/04/21 09:33:16 Sent {"src":"n0","dest":"n1","body":{"data_id":"c10_10","message":14,"msg_id":20,"seen_nodes":["n0","n3","n1"],"type":"gossip"}}
2025/04/21 09:33:16 Sent {"src":"n0","dest":"c10","body":{"in_reply_to":10,"msg_id":46,"type":"broadcast_ok"}}
2025/04/21 09:33:16 Received {n3 n0 {"already_seen":false,"in_reply_to":19,"msg_id":41,"seen_nodes":["n3","n0","n4"],"type":"gossip_ok"}}
2025/04/21 09:33:16 Received {n1 n0 {"already_seen":false,"in_reply_to":20,"msg_id":57,"seen_nodes":["n1","n0","n3","n4","n2"],"type":"gossip_ok"}}
2025/04/21 09:33:16 Received {c10 n0 {"type":"broadcast","message":15,"msg_id":11}}
2025/04/21 09:33:16 Sent {"src":"n0","dest":"n3","body":{"data_id":"c10_11","message":15,"msg_id":21,"seen_nodes":["n0","n3"],"type":"gossip"}}
2025/04/21 09:33:16 Sent {"src":"n0","dest":"n1","body":{"data_id":"c10_11","message":15,"msg_id":22,"seen_nodes":["n0","n3","n1"],"type":"gossip"}}
2025/04/21 09:33:16 Sent {"src":"n0","dest":"c10","body":{"in_reply_to":11,"msg_id":49,"type":"broadcast_ok"}}
2025/04/21 09:33:16 Received {n3 n0 {"already_seen":false,"in_reply_to":21,"msg_id":43,"seen_nodes":["n3","n0","n4"],"type":"gossip_ok"}}
2025/04/21 09:33:16 Received {n1 n0 {"already_seen":false,"in_reply_to":22,"msg_id":61,"seen_nodes":["n1","n0","n3","n4","n2"],"type":"gossip_ok"}}
2025/04/21 09:33:16 Received {n1 n0 {"data_id":"c12_6","message":16,"msg_id":36,"seen_nodes":["n1","n2","n4","n0"],"type":"gossip"}}
2025/04/21 09:33:16 Sent {"src":"n0","dest":"n3","body":{"data_id":"c12_6","message":16,"msg_id":23,"seen_nodes":["n0","n1","n2","n4","n3"],"type":"gossip"}}
2025/04/21 09:33:16 Sent {"src":"n0","dest":"n1","body":{"already_seen":false,"in_reply_to":36,"msg_id":51,"seen_nodes":["n0","n1","n2","n4","n3"],"type":"gossip_ok"}}
2025/04/21 09:33:16 Received {n3 n0 {"data_id":"c12_6","message":16,"msg_id":18,"seen_nodes":["n3","n4","n1","n2","n0"],"type":"gossip"}}
2025/04/21 09:33:16 Sent {"src":"n0","dest":"n3","body":{"already_seen":true,"in_reply_to":18,"msg_id":52,"seen_nodes":["n0","n1","n2","n4","n3"],"type":"gossip_ok"}}
2025/04/21 09:33:16 Received {n3 n0 {"already_seen":true,"in_reply_to":23,"msg_id":45,"seen_nodes":["n3","n4","n1","n2","n0"],"type":"gossip_ok"}}
2025/04/21 09:33:16 Received {c10 n0 {"type":"read","msg_id":12}}
2025/04/21 09:33:16 Sent {"src":"n0","dest":"c10","body":{"in_reply_to":12,"messages":[4,5,9,12,15,16,1,6,13,14,2,3,7,10,11,0,8],"msg_id":53,"type":"read_ok"}}
2025/04/21 09:33:16 Received {c10 n0 {"type":"broadcast","message":17,"msg_id":13}}
2025/04/21 09:33:16 Sent {"src":"n0","dest":"n3","body":{"data_id":"c10_13","message":17,"msg_id":24,"seen_nodes":["n0","n3"],"type":"gossip"}}
2025/04/21 09:33:16 Sent {"src":"n0","dest":"n1","body":{"data_id":"c10_13","message":17,"msg_id":25,"seen_nodes":["n0","n3","n1"],"type":"gossip"}}
2025/04/21 09:33:16 Sent {"src":"n0","dest":"c10","body":{"in_reply_to":13,"msg_id":56,"type":"broadcast_ok"}}
2025/04/21 09:33:16 Received {n3 n0 {"already_seen":false,"in_reply_to":24,"msg_id":49,"seen_nodes":["n3","n0","n4"],"type":"gossip_ok"}}
2025/04/21 09:33:16 Received {n1 n0 {"already_seen":false,"in_reply_to":25,"msg_id":69,"seen_nodes":["n1","n0","n3","n4","n2"],"type":"gossip_ok"}}
2025/04/21 09:33:17 Received {n1 n0 {"data_id":"c11_7","message":18,"msg_id":41,"seen_nodes":["n1","n4","n2","n0"],"type":"gossip"}}
2025/04/21 09:33:17 Sent {"src":"n0","dest":"n3","body":{"data_id":"c11_7","message":18,"msg_id":26,"seen_nodes":["n0","n1","n4","n2","n3"],"type":"gossip"}}
2025/04/21 09:33:17 Sent {"src":"n0","dest":"n1","body":{"already_seen":false,"in_reply_to":41,"msg_id":58,"seen_nodes":["n0","n1","n4","n2","n3"],"type":"gossip_ok"}}
2025/04/21 09:33:17 Received {n3 n0 {"data_id":"c11_7","message":18,"msg_id":20,"seen_nodes":["n3","n4","n1","n0"],"type":"gossip"}}
2025/04/21 09:33:17 Sent {"src":"n0","dest":"n3","body":{"already_seen":true,"in_reply_to":20,"msg_id":59,"seen_nodes":["n0","n1","n4","n2","n3"],"type":"gossip_ok"}}
2025/04/21 09:33:17 Received {n3 n0 {"already_seen":true,"in_reply_to":26,"msg_id":52,"seen_nodes":["n3","n4","n1","n0"],"type":"gossip_ok"}}
2025/04/21 09:33:17 Received {n1 n0 {"data_id":"c12_7","message":19,"msg_id":43,"seen_nodes":["n1","n2","n4","n0"],"type":"gossip"}}
2025/04/21 09:33:17 Sent {"src":"n0","dest":"n3","body":{"data_id":"c12_7","message":19,"msg_id":27,"seen_nodes":["n0","n1","n2","n4","n3"],"type":"gossip"}}
2025/04/21 09:33:17 Sent {"src":"n0","dest":"n1","body":{"already_seen":false,"in_reply_to":43,"msg_id":61,"seen_nodes":["n0","n1","n2","n4","n3"],"type":"gossip_ok"}}
2025/04/21 09:33:17 Received {n3 n0 {"data_id":"c12_7","message":19,"msg_id":21,"seen_nodes":["n3","n4","n1","n2","n0"],"type":"gossip"}}
2025/04/21 09:33:17 Sent {"src":"n0","dest":"n3","body":{"already_seen":true,"in_reply_to":21,"msg_id":62,"seen_nodes":["n0","n1","n2","n4","n3"],"type":"gossip_ok"}}
2025/04/21 09:33:17 Received {n3 n0 {"already_seen":true,"in_reply_to":27,"msg_id":55,"seen_nodes":["n3","n4","n1","n2","n0"],"type":"gossip_ok"}}
2025/04/21 09:33:17 Received {n1 n0 {"data_id":"c14_7","message":20,"msg_id":45,"seen_nodes":["n1","n4","n2","n0"],"type":"gossip"}}
2025/04/21 09:33:17 Received {n3 n0 {"data_id":"c14_7","message":20,"msg_id":22,"seen_nodes":["n3","n4","n1","n0"],"type":"gossip"}}
2025/04/21 09:33:17 Sent {"src":"n0","dest":"n3","body":{"data_id":"c14_7","message":20,"msg_id":28,"seen_nodes":["n0","n1","n4","n2","n3"],"type":"gossip"}}
2025/04/21 09:33:17 Sent {"src":"n0","dest":"n1","body":{"already_seen":false,"in_reply_to":45,"msg_id":64,"seen_nodes":["n0","n1","n4","n2","n3"],"type":"gossip_ok"}}
2025/04/21 09:33:17 Sent {"src":"n0","dest":"n3","body":{"already_seen":true,"in_reply_to":22,"msg_id":65,"seen_nodes":["n0","n1","n4","n2","n3"],"type":"gossip_ok"}}
2025/04/21 09:33:17 Received {n3 n0 {"already_seen":true,"in_reply_to":28,"msg_id":59,"seen_nodes":["n3","n4","n1","n0"],"type":"gossip_ok"}}
2025/04/21 09:33:17 Received {c10 n0 {"type":"broadcast","message":21,"msg_id":14}}
2025/04/21 09:33:17 Sent {"src":"n0","dest":"n3","body":{"data_id":"c10_14","message":21,"msg_id":29,"seen_nodes":["n0","n3"],"type":"gossip"}}
2025/04/21 09:33:17 Sent {"src":"n0","dest":"n1","body":{"data_id":"c10_14","message":21,"msg_id":30,"seen_nodes":["n0","n3","n1"],"type":"gossip"}}
2025/04/21 09:33:17 Sent {"src":"n0","dest":"c10","body":{"in_reply_to":14,"msg_id":68,"type":"broadcast_ok"}}
2025/04/21 09:33:17 Received {n1 n0 {"already_seen":false,"in_reply_to":30,"msg_id":83,"seen_nodes":["n1","n0","n3","n4","n2"],"type":"gossip_ok"}}
2025/04/21 09:33:17 Received {n3 n0 {"already_seen":false,"in_reply_to":29,"msg_id":61,"seen_nodes":["n3","n0","n4"],"type":"gossip_ok"}}
2025/04/21 09:33:17 Received {c10 n0 {"type":"read","msg_id":15}}
2025/04/21 09:33:17 Sent {"src":"n0","dest":"c10","body":{"in_reply_to":15,"messages":[1,6,13,14,2,3,7,10,11,17,0,8,18,19,21,4,5,9,12,15,16,20],"msg_id":69,"type":"read_ok"}}
2025/04/21 09:33:17 Received {n1 n0 {"data_id":"c11_8","message":22,"msg_id":50,"seen_nodes":["n1","n4","n2","n0"],"type":"gossip"}}
2025/04/21 09:33:17 Sent {"src":"n0","dest":"n3","body":{"data_id":"c11_8","message":22,"msg_id":31,"seen_nodes":["n0","n1","n4","n2","n3"],"type":"gossip"}}
2025/04/21 09:33:17 Sent {"src":"n0","dest":"n1","body":{"already_seen":false,"in_reply_to":50,"msg_id":71,"seen_nodes":["n0","n1","n4","n2","n3"],"type":"gossip_ok"}}
2025/04/21 09:33:17 Received {n3 n0 {"data_id":"c11_8","message":22,"msg_id":24,"seen_nodes":["n3","n4","n1","n0"],"type":"gossip"}}
2025/04/21 09:33:17 Sent {"src":"n0","dest":"n3","body":{"already_seen":true,"in_reply_to":24,"msg_id":72,"seen_nodes":["n0","n1","n4","n2","n3"],"type":"gossip_ok"}}
2025/04/21 09:33:17 Received {n3 n0 {"already_seen":true,"in_reply_to":31,"msg_id":63,"seen_nodes":["n3","n4","n1","n0"],"type":"gossip_ok"}}
2025/04/21 09:33:17 Received {n1 n0 {"data_id":"c12_8","message":23,"msg_id":52,"seen_nodes":["n1","n2","n4","n0"],"type":"gossip"}}
2025/04/21 09:33:17 Sent {"src":"n0","dest":"n3","body":{"data_id":"c12_8","message":23,"msg_id":32,"seen_nodes":["n0","n1","n2","n4","n3"],"type":"gossip"}}
2025/04/21 09:33:17 Sent {"src":"n0","dest":"n1","body":{"already_seen":false,"in_reply_to":52,"msg_id":74,"seen_nodes":["n0","n1","n2","n4","n3"],"type":"gossip_ok"}}
2025/04/21 09:33:17 Received {n3 n0 {"already_seen":false,"in_reply_to":32,"msg_id":66,"seen_nodes":["n3","n0","n1","n2","n4"],"type":"gossip_ok"}}
2025/04/21 09:33:17 Received {n3 n0 {"data_id":"c13_8","message":24,"msg_id":25,"seen_nodes":["n3","n0"],"type":"gossip"}}
2025/04/21 09:33:17 Sent {"src":"n0","dest":"n1","body":{"data_id":"c13_8","message":24,"msg_id":33,"seen_nodes":["n0","n3","n1"],"type":"gossip"}}
2025/04/21 09:33:17 Sent {"src":"n0","dest":"n3","body":{"already_seen":false,"in_reply_to":25,"msg_id":76,"seen_nodes":["n0","n3","n1"],"type":"gossip_ok"}}
2025/04/21 09:33:17 Received {n1 n0 {"already_seen":false,"in_reply_to":33,"msg_id":93,"seen_nodes":["n1","n0","n3","n4","n2"],"type":"gossip_ok"}}
2025/04/21 09:33:18 Received {c10 n0 {"type":"broadcast","message":25,"msg_id":16}}
2025/04/21 09:33:18 Sent {"src":"n0","dest":"n3","body":{"data_id":"c10_16","message":25,"msg_id":34,"seen_nodes":["n0","n3"],"type":"gossip"}}
2025/04/21 09:33:18 Sent {"src":"n0","dest":"n1","body":{"data_id":"c10_16","message":25,"msg_id":35,"seen_nodes":["n0","n3","n1"],"type":"gossip"}}
2025/04/21 09:33:18 Sent {"src":"n0","dest":"c10","body":{"in_reply_to":16,"msg_id":79,"type":"broadcast_ok"}}
2025/04/21 09:33:18 Received {n3 n0 {"already_seen":false,"in_reply_to":34,"msg_id":71,"seen_nodes":["n3","n0","n4"],"type":"gossip_ok"}}
2025/04/21 09:33:18 Received {n1 n0 {"already_seen":false,"in_reply_to":35,"msg_id":97,"seen_nodes":["n1","n0","n3","n4","n2"],"type":"gossip_ok"}}
2025/04/21 09:33:18 Received {c10 n0 {"type":"read","msg_id":17}}
2025/04/21 09:33:18 Sent {"src":"n0","dest":"c10","body":{"in_reply_to":17,"messages":[0,8,18,19,15,16,20,21,4,5,9,12,22,25,24,1,6,13,14,11,17,23,2,3,7,10],"msg_id":80,"type":"read_ok"}}
2025/04/21 09:33:18 Received {n1 n0 {"data_id":"c11_9","message":26,"msg_id":59,"seen_nodes":["n1","n4","n2","n0"],"type":"gossip"}}
2025/04/21 09:33:18 Sent {"src":"n0","dest":"n3","body":{"data_id":"c11_9","message":26,"msg_id":36,"seen_nodes":["n0","n1","n4","n2","n3"],"type":"gossip"}}
2025/04/21 09:33:18 Sent {"src":"n0","dest":"n1","body":{"already_seen":false,"in_reply_to":59,"msg_id":82,"seen_nodes":["n0","n1","n4","n2","n3"],"type":"gossip_ok"}}
2025/04/21 09:33:18 Received {n3 n0 {"data_id":"c11_9","message":26,"msg_id":28,"seen_nodes":["n3","n4","n1","n0"],"type":"gossip"}}
2025/04/21 09:33:18 Received {n3 n0 {"already_seen":true,"in_reply_to":36,"msg_id":73,"seen_nodes":["n3","n4","n1","n0"],"type":"gossip_ok"}}
2025/04/21 09:33:18 Sent {"src":"n0","dest":"n3","body":{"already_seen":true,"in_reply_to":28,"msg_id":83,"seen_nodes":["n0","n1","n4","n2","n3"],"type":"gossip_ok"}}
2025/04/21 09:33:18 Received {n3 n0 {"data_id":"c13_9","message":27,"msg_id":29,"seen_nodes":["n3","n0"],"type":"gossip"}}
2025/04/21 09:33:18 Sent {"src":"n0","dest":"n1","body":{"data_id":"c13_9","message":27,"msg_id":37,"seen_nodes":["n0","n3","n1"],"type":"gossip"}}
2025/04/21 09:33:18 Sent {"src":"n0","dest":"n3","body":{"already_seen":false,"in_reply_to":29,"msg_id":85,"seen_nodes":["n0","n3","n1"],"type":"gossip_ok"}}
2025/04/21 09:33:18 Received {n1 n0 {"already_seen":false,"in_reply_to":37,"msg_id":105,"seen_nodes":["n1","n0","n3","n4","n2"],"type":"gossip_ok"}}
2025/04/21 09:33:18 Received {n3 n0 {"data_id":"c14_9","message":28,"msg_id":31,"seen_nodes":["n3","n4","n1","n0"],"type":"gossip"}}
2025/04/21 09:33:18 Received {n1 n0 {"data_id":"c14_9","message":28,"msg_id":63,"seen_nodes":["n1","n4","n2","n0"],"type":"gossip"}}
2025/04/21 09:33:18 Sent {"src":"n0","dest":"n3","body":{"already_seen":false,"in_reply_to":31,"msg_id":86,"seen_nodes":["n0","n3","n4","n1"],"type":"gossip_ok"}}
2025/04/21 09:33:18 Sent {"src":"n0","dest":"n1","body":{"already_seen":true,"in_reply_to":63,"msg_id":87,"seen_nodes":["n0","n3","n4","n1"],"type":"gossip_ok"}}
2025/04/21 09:33:18 Received {c10 n0 {"type":"broadcast","message":29,"msg_id":18}}
2025/04/21 09:33:18 Sent {"src":"n0","dest":"n3","body":{"data_id":"c10_18","message":29,"msg_id":38,"seen_nodes":["n0","n3"],"type":"gossip"}}
2025/04/21 09:33:18 Sent {"src":"n0","dest":"n1","body":{"data_id":"c10_18","message":29,"msg_id":39,"seen_nodes":["n0","n3","n1"],"type":"gossip"}}
2025/04/21 09:33:18 Sent {"src":"n0","dest":"c10","body":{"in_reply_to":18,"msg_id":90,"type":"broadcast_ok"}}
2025/04/21 09:33:18 Received {n3 n0 {"already_seen":false,"in_reply_to":38,"msg_id":81,"seen_nodes":["n3","n0","n4"],"type":"gossip_ok"}}
2025/04/21 09:33:18 Received {n1 n0 {"already_seen":false,"in_reply_to":39,"msg_id":111,"seen_nodes":["n1","n0","n3","n4","n2"],"type":"gossip_ok"}}
2025/04/21 09:33:19 Received {c10 n0 {"type":"read","msg_id":19}}
2025/04/21 09:33:19 Sent {"src":"n0","dest":"c10","body":{"in_reply_to":19,"messages":[10,11,7,18,26,29,0,16,20,27,12,24,14,3,17,23,2,19,8,5,9,15,21,22,25,28,4,6,13,1],"msg_id":91,"type":"read_ok"}}
2025/04/21 09:33:19 Received {c10 n0 {"type":"read","msg_id":20}}
2025/04/21 09:33:19 Sent {"src":"n0","dest":"c10","body":{"in_reply_to":20,"messages":[8,19,15,21,22,25,28,4,5,9,1,6,13,7,10,11,29,0,18,26,27,12,16,20,14,24,23,2,3,17],"msg_id":92,"type":"read_ok"}}
2025/04/21 09:33:19 Received {c10 n0 {"type":"read","msg_id":21}}
2025/04/21 09:33:19 Sent {"src":"n0","dest":"c10","body":{"in_reply_to":21,"messages":[16,20,27,12,24,14,3,17,23,2,19,8,5,9,15,21,22,25,28,4,6,13,1,10,11,7,18,26,29,0],"msg_id":93,"type":"read_ok"}}
2025/04/21 09:33:19 Received {n1 n0 {"data_id":"c12_11","message":30,"msg_id":67,"seen_nodes":["n1","n2","n4","n0"],"type":"gossip"}}
2025/04/21 09:33:19 Sent {"src":"n0","dest":"n3","body":{"data_id":"c12_11","message":30,"msg_id":40,"seen_nodes":["n0","n1","n2","n4","n3"],"type":"gossip"}}
2025/04/21 09:33:19 Sent {"src":"n0","dest":"n1","body":{"already_seen":false,"in_reply_to":67,"msg_id":95,"seen_nodes":["n0","n1","n2","n4","n3"],"type":"gossip_ok"}}
2025/04/21 09:33:19 Received {n3 n0 {"already_seen":true,"in_reply_to":40,"msg_id":84,"seen_nodes":["n3","n4","n1","n2","n0"],"type":"gossip_ok"}}
2025/04/21 09:33:19 Received {n3 n0 {"data_id":"c12_11","message":30,"msg_id":33,"seen_nodes":["n3","n4","n1","n2","n0"],"type":"gossip"}}
2025/04/21 09:33:19 Sent {"src":"n0","dest":"n3","body":{"already_seen":true,"in_reply_to":33,"msg_id":96,"seen_nodes":["n0","n1","n2","n4","n3"],"type":"gossip_ok"}}
2025/04/21 09:33:20 Received {c10 n0 {"type":"broadcast","message":31,"msg_id":22}}
2025/04/21 09:33:20 Sent {"src":"n0","dest":"n3","body":{"data_id":"c10_22","message":31,"msg_id":41,"seen_nodes":["n0","n3"],"type":"gossip"}}
2025/04/21 09:33:20 Sent {"src":"n0","dest":"n1","body":{"data_id":"c10_22","message":31,"msg_id":42,"seen_nodes":["n0","n3","n1"],"type":"gossip"}}
2025/04/21 09:33:20 Sent {"src":"n0","dest":"c10","body":{"in_reply_to":22,"msg_id":99,"type":"broadcast_ok"}}
2025/04/21 09:33:20 Received {n3 n0 {"already_seen":false,"in_reply_to":41,"msg_id":88,"seen_nodes":["n3","n0","n4"],"type":"gossip_ok"}}
2025/04/21 09:33:20 Received {n1 n0 {"already_seen":false,"in_reply_to":42,"msg_id":121,"seen_nodes":["n1","n0","n3","n4","n2"],"type":"gossip_ok"}}
2025/04/21 09:33:20 Received {n1 n0 {"data_id":"c11_12","message":32,"msg_id":72,"seen_nodes":["n1","n4","n2","n0"],"type":"gossip"}}
2025/04/21 09:33:20 Sent {"src":"n0","dest":"n3","body":{"data_id":"c11_12","message":32,"msg_id":43,"seen_nodes":["n0","n1","n4","n2","n3"],"type":"gossip"}}
2025/04/21 09:33:20 Sent {"src":"n0","dest":"n1","body":{"already_seen":false,"in_reply_to":72,"msg_id":101,"seen_nodes":["n0","n1","n4","n2","n3"],"type":"gossip_ok"}}
2025/04/21 09:33:20 Received {n3 n0 {"data_id":"c11_12","message":32,"msg_id":35,"seen_nodes":["n3","n4","n1","n0"],"type":"gossip"}}
2025/04/21 09:33:20 Sent {"src":"n0","dest":"n3","body":{"already_seen":true,"in_reply_to":35,"msg_id":102,"seen_nodes":["n0","n1","n4","n2","n3"],"type":"gossip_ok"}}
2025/04/21 09:33:20 Received {n3 n0 {"already_seen":true,"in_reply_to":43,"msg_id":90,"seen_nodes":["n3","n4","n1","n0"],"type":"gossip_ok"}}
2025/04/21 09:33:20 Received {n3 n0 {"data_id":"c13_12","message":33,"msg_id":36,"seen_nodes":["n3","n0"],"type":"gossip"}}
2025/04/21 09:33:20 Sent {"src":"n0","dest":"n1","body":{"data_id":"c13_12","message":33,"msg_id":44,"seen_nodes":["n0","n3","n1"],"type":"gossip"}}
2025/04/21 09:33:20 Sent {"src":"n0","dest":"n3","body":{"already_seen":false,"in_reply_to":36,"msg_id":104,"seen_nodes":["n0","n3","n1"],"type":"gossip_ok"}}
2025/04/21 09:33:20 Received {n1 n0 {"already_seen":false,"in_reply_to":44,"msg_id":129,"seen_nodes":["n1","n0","n3","n4","n2"],"type":"gossip_ok"}}
2025/04/21 09:33:20 Received {c10 n0 {"type":"read","msg_id":23}}
2025/04/21 09:33:20 Sent {"src":"n0","dest":"c10","body":{"in_reply_to":23,"messages":[8,19,4,5,9,15,21,22,25,28,1,6,13,7,10,11,0,18,26,29,12,16,20,27,31,33,14,24,2,3,17,23,30,32],"msg_id":105,"type":"read_ok"}}
2025/04/21 09:33:20 Received {c10 n0 {"type":"read","msg_id":24}}
2025/04/21 09:33:20 Sent {"src":"n0","dest":"c10","body":{"in_reply_to":24,"messages":[26,29,0,18,20,27,31,33,12,16,14,24,17,23,30,32,2,3,8,19,9,15,21,22,25,28,4,5,13,1,6,11,7,10],"msg_id":106,"type":"read_ok"}}
2025/04/21 09:33:20 Received {n1 n0 {"data_id":"c12_13","message":34,"msg_id":76,"seen_nodes":["n1","n2","n4","n0"],"type":"gossip"}}
2025/04/21 09:33:20 Sent {"src":"n0","dest":"n3","body":{"data_id":"c12_13","message":34,"msg_id":45,"seen_nodes":["n0","n1","n2","n4","n3"],"type":"gossip"}}
2025/04/21 09:33:20 Sent {"src":"n0","dest":"n1","body":{"already_seen":false,"in_reply_to":76,"msg_id":108,"seen_nodes":["n0","n1","n2","n4","n3"],"type":"gossip_ok"}}
2025/04/21 09:33:20 Received {n3 n0 {"data_id":"c12_13","message":34,"msg_id":38,"seen_nodes":["n3","n4","n1","n2","n0"],"type":"gossip"}}
2025/04/21 09:33:20 Received {n3 n0 {"already_seen":true,"in_reply_to":45,"msg_id":96,"seen_nodes":["n3","n4","n1","n2","n0"],"type":"gossip_ok"}}
2025/04/21 09:33:20 Sent {"src":"n0","dest":"n3","body":{"already_seen":true,"in_reply_to":38,"msg_id":109,"seen_nodes":["n0","n1","n2","n4","n3"],"type":"gossip_ok"}}
2025/04/21 09:33:21 Received {c10 n0 {"type":"read","msg_id":25}}
2025/04/21 09:33:21 Sent {"src":"n0","dest":"c10","body":{"in_reply_to":25,"messages":[8,19,21,22,25,28,4,5,9,15,1,6,13,34,7,10,11,0,18,26,29,31,33,12,16,20,27,14,24,30,32,2,3,17,23],"msg_id":110,"type":"read_ok"}}
2025/04/21 09:33:21 Received {c10 n0 {"type":"read","msg_id":26}}
2025/04/21 09:33:21 Sent {"src":"n0","dest":"c10","body":{"in_reply_to":26,"messages":[7,10,11,0,18,26,29,12,16,20,27,31,33,14,24,2,3,17,23,30,32,8,19,25,28,4,5,9,15,21,22,1,6,13,34],"msg_id":111,"type":"read_ok"}}
2025/04/21 09:33:21 Received {n1 n0 {"data_id":"c12_14","message":35,"msg_id":78,"seen_nodes":["n1","n2","n4","n0"],"type":"gossip"}}
2025/04/21 09:33:21 Sent {"src":"n0","dest":"n3","body":{"data_id":"c12_14","message":35,"msg_id":46,"seen_nodes":["n0","n1","n2","n4","n3"],"type":"gossip"}}
2025/04/21 09:33:21 Sent {"src":"n0","dest":"n1","body":{"already_seen":false,"in_reply_to":78,"msg_id":113,"seen_nodes":["n0","n1","n2","n4","n3"],"type":"gossip_ok"}}
2025/04/21 09:33:21 Received {n3 n0 {"already_seen":true,"in_reply_to":46,"msg_id":99,"seen_nodes":["n3","n4","n1","n2"],"type":"gossip_ok"}}
2025/04/21 09:33:21 Received {n3 n0 {"data_id":"c12_14","message":35,"msg_id":39,"seen_nodes":["n3","n4","n1","n2","n0"],"type":"gossip"}}
2025/04/21 09:33:21 Sent {"src":"n0","dest":"n3","body":{"already_seen":true,"in_reply_to":39,"msg_id":114,"seen_nodes":["n0","n1","n2","n4","n3"],"type":"gossip_ok"}}
2025/04/21 09:33:21 Received {n3 n0 {"data_id":"c13_14","message":36,"msg_id":40,"seen_nodes":["n3","n0"],"type":"gossip"}}
2025/04/21 09:33:21 Sent {"src":"n0","dest":"n1","body":{"data_id":"c13_14","message":36,"msg_id":47,"seen_nodes":["n0","n3","n1"],"type":"gossip"}}
2025/04/21 09:33:21 Sent {"src":"n0","dest":"n3","body":{"already_seen":false,"in_reply_to":40,"msg_id":116,"seen_nodes":["n0","n3","n1"],"type":"gossip_ok"}}
2025/04/21 09:33:21 Received {n1 n0 {"already_seen":false,"in_reply_to":47,"msg_id":141,"seen_nodes":["n1","n0","n3","n4","n2"],"type":"gossip_ok"}}
2025/04/21 09:33:21 Received {n1 n0 {"data_id":"c14_14","message":37,"msg_id":82,"seen_nodes":["n1","n4","n2","n0"],"type":"gossip"}}
2025/04/21 09:33:21 Received {n3 n0 {"data_id":"c14_14","message":37,"msg_id":42,"seen_nodes":["n3","n4","n1","n0"],"type":"gossip"}}
2025/04/21 09:33:21 Sent {"src":"n0","dest":"n3","body":{"already_seen":true,"in_reply_to":42,"msg_id":118,"seen_nodes":["n0","n1","n4","n2","n3"],"type":"gossip_ok"}}
2025/04/21 09:33:21 Sent {"src":"n0","dest":"n3","body":{"data_id":"c14_14","message":37,"msg_id":48,"seen_nodes":["n0","n1","n4","n2","n3"],"type":"gossip"}}
2025/04/21 09:33:21 Sent {"src":"n0","dest":"n1","body":{"already_seen":false,"in_reply_to":82,"msg_id":119,"seen_nodes":["n0","n1","n4","n2","n3"],"type":"gossip_ok"}}
2025/04/21 09:33:21 Received {n3 n0 {"already_seen":true,"in_reply_to":48,"msg_id":107,"seen_nodes":["n3","n4","n1","n0","n2"],"type":"gossip_ok"}}
2025/04/21 09:33:21 Received {c10 n0 {"type":"read","msg_id":27}}
2025/04/21 09:33:21 Sent {"src":"n0","dest":"c10","body":{"in_reply_to":27,"messages":[8,19,35,37,28,4,5,9,15,21,22,25,1,6,13,34,36,7,10,11,0,18,26,29,12,16,20,27,31,33,14,24,2,3,17,23,30,32],"msg_id":120,"type":"read_ok"}}
2025/04/21 09:33:22 Received {c10 n0 {"type":"read","msg_id":28}}
2025/04/21 09:33:22 Sent {"src":"n0","dest":"c10","body":{"in_reply_to":28,"messages":[17,23,30,32,2,3,35,37,8,19,9,15,21,22,25,28,4,5,13,34,36,1,6,11,7,10,26,29,0,18,20,27,31,33,12,16,14,24],"msg_id":121,"type":"read_ok"}}
2025/04/21 09:33:22 Received {n1 n0 {"data_id":"c12_15","message":38,"msg_id":84,"seen_nodes":["n1","n2","n4","n0"],"type":"gossip"}}
2025/04/21 09:33:22 Sent {"src":"n0","dest":"n3","body":{"data_id":"c12_15","message":38,"msg_id":49,"seen_nodes":["n0","n1","n2","n4","n3"],"type":"gossip"}}
2025/04/21 09:33:22 Sent {"src":"n0","dest":"n1","body":{"already_seen":false,"in_reply_to":84,"msg_id":123,"seen_nodes":["n0","n1","n2","n4","n3"],"type":"gossip_ok"}}
2025/04/21 09:33:22 Received {n3 n0 {"data_id":"c12_15","message":38,"msg_id":43,"seen_nodes":["n3","n4","n1","n2","n0"],"type":"gossip"}}
2025/04/21 09:33:22 Received {n3 n0 {"already_seen":true,"in_reply_to":49,"msg_id":110,"seen_nodes":["n3","n4","n1","n2","n0"],"type":"gossip_ok"}}
2025/04/21 09:33:22 Sent {"src":"n0","dest":"n3","body":{"already_seen":true,"in_reply_to":43,"msg_id":124,"seen_nodes":["n0","n1","n2","n4","n3"],"type":"gossip_ok"}}
2025/04/21 09:33:22 Received {n3 n0 {"data_id":"c13_15","message":39,"msg_id":44,"seen_nodes":["n3","n0"],"type":"gossip"}}
2025/04/21 09:33:22 Sent {"src":"n0","dest":"n1","body":{"data_id":"c13_15","message":39,"msg_id":50,"seen_nodes":["n0","n3","n1"],"type":"gossip"}}
2025/04/21 09:33:22 Sent {"src":"n0","dest":"n3","body":{"already_seen":false,"in_reply_to":44,"msg_id":126,"seen_nodes":["n0","n3","n1"],"type":"gossip_ok"}}
2025/04/21 09:33:22 Received {n1 n0 {"already_seen":false,"in_reply_to":50,"msg_id":152,"seen_nodes":["n1","n0","n3","n4","n2"],"type":"gossip_ok"}}
2025/04/21 09:33:22 Received {c10 n0 {"type":"broadcast","message":40,"msg_id":29}}
2025/04/21 09:33:22 Sent {"src":"n0","dest":"n3","body":{"data_id":"c10_29","message":40,"msg_id":51,"seen_nodes":["n0","n3"],"type":"gossip"}}
2025/04/21 09:33:22 Sent {"src":"n0","dest":"n1","body":{"data_id":"c10_29","message":40,"msg_id":52,"seen_nodes":["n0","n3","n1"],"type":"gossip"}}
2025/04/21 09:33:22 Sent {"src":"n0","dest":"c10","body":{"in_reply_to":29,"msg_id":129,"type":"broadcast_ok"}}
2025/04/21 09:33:22 Received {n3 n0 {"already_seen":false,"in_reply_to":51,"msg_id":115,"seen_nodes":["n3","n0","n4"],"type":"gossip_ok"}}
2025/04/21 09:33:22 Received {n1 n0 {"already_seen":false,"in_reply_to":52,"msg_id":155,"seen_nodes":["n1","n0","n3","n4","n2"],"type":"gossip_ok"}}
2025/04/21 09:33:22 Received {c10 n0 {"type":"broadcast","message":41,"msg_id":30}}
2025/04/21 09:33:22 Sent {"src":"n0","dest":"n3","body":{"data_id":"c10_30","message":41,"msg_id":53,"seen_nodes":["n0","n3"],"type":"gossip"}}
2025/04/21 09:33:22 Sent {"src":"n0","dest":"n1","body":{"data_id":"c10_30","message":41,"msg_id":54,"seen_nodes":["n0","n3","n1"],"type":"gossip"}}
2025/04/21 09:33:22 Sent {"src":"n0","dest":"c10","body":{"in_reply_to":30,"msg_id":132,"type":"broadcast_ok"}}
2025/04/21 09:33:22 Received {n3 n0 {"already_seen":false,"in_reply_to":53,"msg_id":117,"seen_nodes":["n3","n0","n4"],"type":"gossip_ok"}}
2025/04/21 09:33:22 Received {n1 n0 {"already_seen":false,"in_reply_to":54,"msg_id":158,"seen_nodes":["n1","n0","n3","n4","n2"],"type":"gossip_ok"}}
2025/04/21 09:33:23 Received {c10 n0 {"type":"read","msg_id":31}}
2025/04/21 09:33:23 Sent {"src":"n0","dest":"c10","body":{"in_reply_to":31,"messages":[31,33,38,12,16,20,27,14,24,30,32,39,2,3,17,23,8,19,35,37,21,22,25,28,4,5,9,15,41,36,1,6,13,34,7,10,11,40,0,18,26,29],"msg_id":133,"type":"read_ok"}}
2025/04/21 09:33:23 Received {c10 n0 {"type":"read","msg_id":32}}
2025/04/21 09:33:23 Sent {"src":"n0","dest":"c10","body":{"in_reply_to":32,"messages":[5,9,15,21,22,25,28,4,41,6,13,34,36,1,10,11,7,18,26,29,40,0,16,20,27,31,33,38,12,24,14,3,17,23,30,32,39,2,19,35,37,8],"msg_id":134,"type":"read_ok"}}
2025/04/21 09:33:23 Received {n1 n0 {"data_id":"c11_18","message":42,"msg_id":93,"seen_nodes":["n1","n4","n2","n0"],"type":"gossip"}}
2025/04/21 09:33:23 Sent {"src":"n0","dest":"n3","body":{"data_id":"c11_18","message":42,"msg_id":55,"seen_nodes":["n0","n1","n4","n2","n3"],"type":"gossip"}}
2025/04/21 09:33:23 Sent {"src":"n0","dest":"n1","body":{"already_seen":false,"in_reply_to":93,"msg_id":136,"seen_nodes":["n0","n1","n4","n2","n3"],"type":"gossip_ok"}}
2025/04/21 09:33:23 Received {n3 n0 {"data_id":"c11_18","message":42,"msg_id":48,"seen_nodes":["n3","n4","n1","n0"],"type":"gossip"}}
2025/04/21 09:33:23 Sent {"src":"n0","dest":"n3","body":{"already_seen":true,"in_reply_to":48,"msg_id":137,"seen_nodes":["n0","n1","n4","n2","n3"],"type":"gossip_ok"}}
2025/04/21 09:33:23 Received {n3 n0 {"already_seen":true,"in_reply_to":55,"msg_id":121,"seen_nodes":["n3","n4","n1","n0"],"type":"gossip_ok"}}
2025/04/21 09:33:23 Received {n3 n0 {"data_id":"c13_17","message":43,"msg_id":49,"seen_nodes":["n3","n0"],"type":"gossip"}}
2025/04/21 09:33:23 Sent {"src":"n0","dest":"n1","body":{"data_id":"c13_17","message":43,"msg_id":56,"seen_nodes":["n0","n3","n1"],"type":"gossip"}}
2025/04/21 09:33:23 Sent {"src":"n0","dest":"n3","body":{"already_seen":false,"in_reply_to":49,"msg_id":139,"seen_nodes":["n0","n3","n1"],"type":"gossip_ok"}}
2025/04/21 09:33:23 Received {n1 n0 {"already_seen":false,"in_reply_to":56,"msg_id":168,"seen_nodes":["n1","n0","n3","n4","n2"],"type":"gossip_ok"}}
2025/04/21 09:33:24 Received {n3 n0 {"data_id":"c14_17","message":44,"msg_id":51,"seen_nodes":["n3","n4","n1","n0"],"type":"gossip"}}
2025/04/21 09:33:24 Received {n1 n0 {"data_id":"c14_17","message":44,"msg_id":97,"seen_nodes":["n1","n4","n2","n0"],"type":"gossip"}}
2025/04/21 09:33:24 Sent {"src":"n0","dest":"n3","body":{"already_seen":false,"in_reply_to":51,"msg_id":140,"seen_nodes":["n0","n3","n4","n1"],"type":"gossip_ok"}}
2025/04/21 09:33:24 Sent {"src":"n0","dest":"n1","body":{"already_seen":true,"in_reply_to":97,"msg_id":141,"seen_nodes":["n0","n3","n4","n1"],"type":"gossip_ok"}}
2025/04/21 09:33:24 Received {c10 n0 {"type":"broadcast","message":45,"msg_id":33}}
2025/04/21 09:33:24 Sent {"src":"n0","dest":"n3","body":{"data_id":"c10_33","message":45,"msg_id":57,"seen_nodes":["n0","n3"],"type":"gossip"}}
2025/04/21 09:33:24 Sent {"src":"n0","dest":"n1","body":{"data_id":"c10_33","message":45,"msg_id":58,"seen_nodes":["n0","n3","n1"],"type":"gossip"}}
2025/04/21 09:33:24 Sent {"src":"n0","dest":"c10","body":{"in_reply_to":33,"msg_id":144,"type":"broadcast_ok"}}
2025/04/21 09:33:24 Received {n3 n0 {"already_seen":false,"in_reply_to":57,"msg_id":128,"seen_nodes":["n3","n0","n4"],"type":"gossip_ok"}}
2025/04/21 09:33:24 Received {n1 n0 {"already_seen":false,"in_reply_to":58,"msg_id":174,"seen_nodes":["n1","n0","n3","n4","n2"],"type":"gossip_ok"}}
2025/04/21 09:33:24 Received {c10 n0 {"type":"broadcast","message":46,"msg_id":34}}
2025/04/21 09:33:24 Sent {"src":"n0","dest":"n3","body":{"data_id":"c10_34","message":46,"msg_id":59,"seen_nodes":["n0","n3"],"type":"gossip"}}
2025/04/21 09:33:24 Sent {"src":"n0","dest":"n1","body":{"data_id":"c10_34","message":46,"msg_id":60,"seen_nodes":["n0","n3","n1"],"type":"gossip"}}
2025/04/21 09:33:24 Sent {"src":"n0","dest":"c10","body":{"in_reply_to":34,"msg_id":147,"type":"broadcast_ok"}}
2025/04/21 09:33:24 Received {n3 n0 {"already_seen":false,"in_reply_to":59,"msg_id":130,"seen_nodes":["n3","n0","n4"],"type":"gossip_ok"}}
2025/04/21 09:33:24 Received {n1 n0 {"already_seen":false,"in_reply_to":60,"msg_id":178,"seen_nodes":["n1","n0","n3","n4","n2"],"type":"gossip_ok"}}
2025/04/21 09:33:24 Received {n1 n0 {"data_id":"c12_18","message":47,"msg_id":103,"seen_nodes":["n1","n2","n4","n0"],"type":"gossip"}}
2025/04/21 09:33:24 Sent {"src":"n0","dest":"n3","body":{"data_id":"c12_18","message":47,"msg_id":61,"seen_nodes":["n0","n1","n2","n4","n3"],"type":"gossip"}}
2025/04/21 09:33:24 Sent {"src":"n0","dest":"n1","body":{"already_seen":false,"in_reply_to":103,"msg_id":149,"seen_nodes":["n0","n1","n2","n4","n3"],"type":"gossip_ok"}}
2025/04/21 09:33:24 Received {n3 n0 {"already_seen":false,"in_reply_to":61,"msg_id":131,"seen_nodes":["n3","n0","n1","n2","n4"],"type":"gossip_ok"}}
2025/04/21 09:33:24 Received {n3 n0 {"data_id":"c14_18","message":48,"msg_id":54,"seen_nodes":["n3","n4","n1","n0"],"type":"gossip"}}
2025/04/21 09:33:24 Received {n1 n0 {"data_id":"c14_18","message":48,"msg_id":105,"seen_nodes":["n1","n4","n2","n0"],"type":"gossip"}}
2025/04/21 09:33:24 Sent {"src":"n0","dest":"n3","body":{"already_seen":false,"in_reply_to":54,"msg_id":150,"seen_nodes":["n0","n3","n4","n1"],"type":"gossip_ok"}}
2025/04/21 09:33:24 Sent {"src":"n0","dest":"n1","body":{"already_seen":true,"in_reply_to":105,"msg_id":151,"seen_nodes":["n0","n3","n4","n1"],"type":"gossip_ok"}}
2025/04/21 09:33:24 Received {c10 n0 {"type":"broadcast","message":49,"msg_id":35}}
2025/04/21 09:33:24 Sent {"src":"n0","dest":"n3","body":{"data_id":"c10_35","message":49,"msg_id":62,"seen_nodes":["n0","n3"],"type":"gossip"}}
2025/04/21 09:33:24 Sent {"src":"n0","dest":"n1","body":{"data_id":"c10_35","message":49,"msg_id":63,"seen_nodes":["n0","n3","n1"],"type":"gossip"}}
2025/04/21 09:33:24 Sent {"src":"n0","dest":"c10","body":{"in_reply_to":35,"msg_id":154,"type":"broadcast_ok"}}
2025/04/21 09:33:24 Received {n3 n0 {"already_seen":false,"in_reply_to":62,"msg_id":137,"seen_nodes":["n3","n0","n4"],"type":"gossip_ok"}}
2025/04/21 09:33:24 Received {n1 n0 {"already_seen":false,"in_reply_to":63,"msg_id":189,"seen_nodes":["n1","n0","n3","n4","n2"],"type":"gossip_ok"}}
2025/04/21 09:33:24 Received {c10 n0 {"type":"broadcast","message":50,"msg_id":36}}
2025/04/21 09:33:24 Sent {"src":"n0","dest":"n3","body":{"data_id":"c10_36","message":50,"msg_id":64,"seen_nodes":["n0","n3"],"type":"gossip"}}
2025/04/21 09:33:24 Sent {"src":"n0","dest":"n1","body":{"data_id":"c10_36","message":50,"msg_id":65,"seen_nodes":["n0","n3","n1"],"type":"gossip"}}
2025/04/21 09:33:24 Sent {"src":"n0","dest":"c10","body":{"in_reply_to":36,"msg_id":157,"type":"broadcast_ok"}}
2025/04/21 09:33:24 Received {n3 n0 {"already_seen":false,"in_reply_to":64,"msg_id":139,"seen_nodes":["n3","n0","n4"],"type":"gossip_ok"}}
2025/04/21 09:33:24 Received {n1 n0 {"already_seen":false,"in_reply_to":65,"msg_id":193,"seen_nodes":["n1","n0","n3","n4","n2"],"type":"gossip_ok"}}
2025/04/21 09:33:25 Received {n1 n0 {"data_id":"c12_19","message":51,"msg_id":111,"seen_nodes":["n1","n2","n4","n0"],"type":"gossip"}}
2025/04/21 09:33:25 Sent {"src":"n0","dest":"n3","body":{"data_id":"c12_19","message":51,"msg_id":66,"seen_nodes":["n0","n1","n2","n4","n3"],"type":"gossip"}}
2025/04/21 09:33:25 Sent {"src":"n0","dest":"n1","body":{"already_seen":false,"in_reply_to":111,"msg_id":159,"seen_nodes":["n0","n1","n2","n4","n3"],"type":"gossip_ok"}}
2025/04/21 09:33:25 Received {n3 n0 {"data_id":"c12_19","message":51,"msg_id":57,"seen_nodes":["n3","n4","n1","n2","n0"],"type":"gossip"}}
2025/04/21 09:33:25 Received {n3 n0 {"already_seen":true,"in_reply_to":66,"msg_id":140,"seen_nodes":["n3","n4","n1","n2"],"type":"gossip_ok"}}
2025/04/21 09:33:25 Sent {"src":"n0","dest":"n3","body":{"already_seen":true,"in_reply_to":57,"msg_id":160,"seen_nodes":["n0","n1","n2","n4","n3"],"type":"gossip_ok"}}
2025/04/21 09:33:25 Received {n3 n0 {"data_id":"c13_19","message":52,"msg_id":58,"seen_nodes":["n3","n0"],"type":"gossip"}}
2025/04/21 09:33:25 Sent {"src":"n0","dest":"n1","body":{"data_id":"c13_19","message":52,"msg_id":67,"seen_nodes":["n0","n3","n1"],"type":"gossip"}}
2025/04/21 09:33:25 Sent {"src":"n0","dest":"n3","body":{"already_seen":false,"in_reply_to":58,"msg_id":162,"seen_nodes":["n0","n3","n1"],"type":"gossip_ok"}}
2025/04/21 09:33:25 Received {n1 n0 {"already_seen":false,"in_reply_to":67,"msg_id":202,"seen_nodes":["n1","n0","n3","n4","n2"],"type":"gossip_ok"}}
2025/04/21 09:33:25 Received {c10 n0 {"type":"read","msg_id":37}}
2025/04/21 09:33:25 Sent {"src":"n0","dest":"c10","body":{"in_reply_to":37,"messages":[43,12,16,20,27,31,33,48,24,44,45,47,46,2,23,30,32,39,8,19,35,28,4,21,25,41,51,1,6,13,34,36,42,10,0,26,40,38,50,14,3,17,37,49,5,9,15,22,52,7,11,18,29],"msg_id":163,"type":"read_ok"}}
2025/04/21 09:33:25 Received {c10 n0 {"type":"read","msg_id":38}}
2025/04/21 09:33:25 Sent {"src":"n0","dest":"c10","body":{"in_reply_to":38,"messages":[37,49,9,15,22,5,52,11,7,29,18,20,27,31,33,43,12,16,48,45,47,24,44,23,30,32,39,46,2,35,8,19,21,25,28,4,41,51,13,34,36,42,1,6,10,26,40,0,38,50,14,17,3],"msg_id":164,"type":"read_ok"}}
2025/04/21 09:33:25 Received {n1 n0 {"data_id":"c11_21","message":53,"msg_id":116,"seen_nodes":["n1","n4","n2","n0"],"type":"gossip"}}
2025/04/21 09:33:25 Sent {"src":"n0","dest":"n3","body":{"data_id":"c11_21","message":53,"msg_id":68,"seen_nodes":["n0","n1","n4","n2","n3"],"type":"gossip"}}
2025/04/21 09:33:25 Sent {"src":"n0","dest":"n1","body":{"already_seen":false,"in_reply_to":116,"msg_id":166,"seen_nodes":["n0","n1","n4","n2","n3"],"type":"gossip_ok"}}
2025/04/21 09:33:25 Received {n3 n0 {"already_seen":false,"in_reply_to":68,"msg_id":146,"seen_nodes":["n3","n0","n1","n4","n2"],"type":"gossip_ok"}}
2025/04/21 09:33:25 Received {n3 n0 {"data_id":"c14_20","message":54,"msg_id":60,"seen_nodes":["n3","n4","n1","n0"],"type":"gossip"}}
2025/04/21 09:33:25 Received {n1 n0 {"data_id":"c14_20","message":54,"msg_id":118,"seen_nodes":["n1","n4","n2","n0"],"type":"gossip"}}
2025/04/21 09:33:25 Sent {"src":"n0","dest":"n3","body":{"already_seen":false,"in_reply_to":60,"msg_id":167,"seen_nodes":["n0","n3","n4","n1"],"type":"gossip_ok"}}
2025/04/21 09:33:25 Sent {"src":"n0","dest":"n1","body":{"already_seen":true,"in_reply_to":118,"msg_id":168,"seen_nodes":["n0","n3","n4","n1"],"type":"gossip_ok"}}
2025/04/21 09:33:26 Received {c10 n0 {"type":"broadcast","message":55,"msg_id":39}}
2025/04/21 09:33:26 Sent {"src":"n0","dest":"n3","body":{"data_id":"c10_39","message":55,"msg_id":69,"seen_nodes":["n0","n3"],"type":"gossip"}}
2025/04/21 09:33:26 Sent {"src":"n0","dest":"n1","body":{"data_id":"c10_39","message":55,"msg_id":70,"seen_nodes":["n0","n3","n1"],"type":"gossip"}}
2025/04/21 09:33:26 Sent {"src":"n0","dest":"c10","body":{"in_reply_to":39,"msg_id":171,"type":"broadcast_ok"}}
2025/04/21 09:33:26 Received {n3 n0 {"already_seen":false,"in_reply_to":69,"msg_id":152,"seen_nodes":["n3","n0","n4"],"type":"gossip_ok"}}
2025/04/21 09:33:26 Received {n1 n0 {"already_seen":false,"in_reply_to":70,"msg_id":212,"seen_nodes":["n1","n0","n3","n4","n2"],"type":"gossip_ok"}}
2025/04/21 09:33:26 Received {c10 n0 {"type":"read","msg_id":40}}
2025/04/21 09:33:26 Sent {"src":"n0","dest":"c10","body":{"in_reply_to":40,"messages":[8,19,35,4,21,25,28,41,51,1,6,13,34,36,42,10,0,26,40,38,50,54,14,53,3,17,37,49,5,9,15,22,52,7,11,18,29,55,43,48,12,16,20,27,31,33,24,44,45,47,2,23,30,32,39,46],"msg_id":172,"type":"read_ok"}}
2025/04/21 09:33:26 Received {n1 n0 {"data_id":"c11_22","message":56,"msg_id":123,"seen_nodes":["n1","n4","n2","n0"],"type":"gossip"}}
2025/04/21 09:33:26 Sent {"src":"n0","dest":"n3","body":{"data_id":"c11_22","message":56,"msg_id":71,"seen_nodes":["n0","n1","n4","n2","n3"],"type":"gossip"}}
2025/04/21 09:33:26 Sent {"src":"n0","dest":"n1","body":{"already_seen":false,"in_reply_to":123,"msg_id":174,"seen_nodes":["n0","n1","n4","n2","n3"],"type":"gossip_ok"}}
2025/04/21 09:33:26 Received {n3 n0 {"already_seen":false,"in_reply_to":71,"msg_id":154,"seen_nodes":["n3","n0","n1","n4","n2"],"type":"gossip_ok"}}
2025/04/21 09:33:26 Received {n1 n0 {"data_id":"c12_21","message":57,"msg_id":125,"seen_nodes":["n1","n2","n4","n0"],"type":"gossip"}}
2025/04/21 09:33:26 Sent {"src":"n0","dest":"n3","body":{"data_id":"c12_21","message":57,"msg_id":72,"seen_nodes":["n0","n1","n2","n4","n3"],"type":"gossip"}}
2025/04/21 09:33:26 Sent {"src":"n0","dest":"n1","body":{"already_seen":false,"in_reply_to":125,"msg_id":176,"seen_nodes":["n0","n1","n2","n4","n3"],"type":"gossip_ok"}}
2025/04/21 09:33:26 Received {n3 n0 {"data_id":"c12_21","message":57,"msg_id":62,"seen_nodes":["n3","n4","n1","n2","n0"],"type":"gossip"}}
2025/04/21 09:33:26 Received {n3 n0 {"already_seen":true,"in_reply_to":72,"msg_id":156,"seen_nodes":["n3","n4","n1","n2","n0"],"type":"gossip_ok"}}
2025/04/21 09:33:26 Sent {"src":"n0","dest":"n3","body":{"already_seen":true,"in_reply_to":62,"msg_id":177,"seen_nodes":["n0","n1","n2","n4","n3"],"type":"gossip_ok"}}
2025/04/21 09:33:26 Received {n3 n0 {"data_id":"c13_21","message":58,"msg_id":63,"seen_nodes":["n3","n0"],"type":"gossip"}}
2025/04/21 09:33:26 Sent {"src":"n0","dest":"n1","body":{"data_id":"c13_21","message":58,"msg_id":73,"seen_nodes":["n0","n3","n1"],"type":"gossip"}}
2025/04/21 09:33:26 Sent {"src":"n0","dest":"n3","body":{"already_seen":false,"in_reply_to":63,"msg_id":179,"seen_nodes":["n0","n3","n1"],"type":"gossip_ok"}}
2025/04/21 09:33:26 Received {n1 n0 {"already_seen":true,"in_reply_to":73,"msg_id":222,"seen_nodes":["n1","n4","n3","n0","n2"],"type":"gossip_ok"}}
2025/04/21 09:33:26 Received {n1 n0 {"data_id":"c14_21","message":59,"msg_id":128,"seen_nodes":["n1","n4","n2","n0"],"type":"gossip"}}
2025/04/21 09:33:26 Received {n3 n0 {"data_id":"c14_21","message":59,"msg_id":65,"seen_nodes":["n3","n4","n1","n0"],"type":"gossip"}}
2025/04/21 09:33:26 Sent {"src":"n0","dest":"n3","body":{"data_id":"c14_21","message":59,"msg_id":74,"seen_nodes":["n0","n1","n4","n2","n3"],"type":"gossip"}}
2025/04/21 09:33:26 Sent {"src":"n0","dest":"n3","body":{"already_seen":true,"in_reply_to":65,"msg_id":181,"seen_nodes":["n0","n1","n4","n2","n3"],"type":"gossip_ok"}}
2025/04/21 09:33:26 Sent {"src":"n0","dest":"n1","body":{"already_seen":false,"in_reply_to":128,"msg_id":182,"seen_nodes":["n0","n1","n4","n2","n3"],"type":"gossip_ok"}}
2025/04/21 09:33:26 Received {n3 n0 {"already_seen":true,"in_reply_to":74,"msg_id":163,"seen_nodes":["n3","n4","n1","n0"],"type":"gossip_ok"}}
2025/04/21 09:33:26 Received {c10 n0 {"type":"read","msg_id":41}}
2025/04/21 09:33:26 Sent {"src":"n0","dest":"c10","body":{"in_reply_to":41,"messages":[8,19,35,28,41,51,4,21,25,34,36,42,1,6,13,10,0,26,40,38,50,54,14,53,3,17,37,49,22,5,9,15,52,58,7,11,57,18,29,55,27,31,33,43,48,12,16,20,47,56,59,24,44,45,32,39,46,2,23,30],"msg_id":183,"type":"read_ok"}}
2025/04/21 09:33:26 Received {c10 n0 {"type":"broadcast","message":60,"msg_id":42}}
2025/04/21 09:33:26 Sent {"src":"n0","dest":"n3","body":{"data_id":"c10_42","message":60,"msg_id":75,"seen_nodes":["n0","n3"],"type":"gossip"}}
2025/04/21 09:33:26 Sent {"src":"n0","dest":"n1","body":{"data_id":"c10_42","message":60,"msg_id":76,"seen_nodes":["n0","n3","n1"],"type":"gossip"}}
2025/04/21 09:33:26 Sent {"src":"n0","dest":"c10","body":{"in_reply_to":42,"msg_id":186,"type":"broadcast_ok"}}
2025/04/21 09:33:26 Received {n3 n0 {"already_seen":false,"in_reply_to":75,"msg_id":165,"seen_nodes":["n3","n0","n4"],"type":"gossip_ok"}}
2025/04/21 09:33:26 Received {n1 n0 {"already_seen":false,"in_reply_to":76,"msg_id":229,"seen_nodes":["n1","n0","n3","n4","n2"],"type":"gossip_ok"}}
2025/04/21 09:33:27 Received {n3 n0 {"data_id":"c13_22","message":61,"msg_id":67,"seen_nodes":["n3","n0"],"type":"gossip"}}
2025/04/21 09:33:27 Sent {"src":"n0","dest":"n1","body":{"data_id":"c13_22","message":61,"msg_id":77,"seen_nodes":["n0","n3","n1"],"type":"gossip"}}
2025/04/21 09:33:27 Sent {"src":"n0","dest":"n3","body":{"already_seen":false,"in_reply_to":67,"msg_id":188,"seen_nodes":["n0","n3","n1"],"type":"gossip_ok"}}
2025/04/21 09:33:27 Received {n1 n0 {"already_seen":false,"in_reply_to":77,"msg_id":235,"seen_nodes":["n1","n0","n3","n4","n2"],"type":"gossip_ok"}}
2025/04/21 09:33:27 Received {n3 n0 {"data_id":"c14_22","message":62,"msg_id":69,"seen_nodes":["n3","n4","n1","n0"],"type":"gossip"}}
2025/04/21 09:33:27 Received {n1 n0 {"data_id":"c14_22","message":62,"msg_id":134,"seen_nodes":["n1","n4","n2","n0"],"type":"gossip"}}
2025/04/21 09:33:27 Sent {"src":"n0","dest":"n3","body":{"already_seen":false,"in_reply_to":69,"msg_id":189,"seen_nodes":["n0","n3","n4","n1"],"type":"gossip_ok"}}
2025/04/21 09:33:27 Sent {"src":"n0","dest":"n1","body":{"already_seen":true,"in_reply_to":134,"msg_id":190,"seen_nodes":["n0","n3","n4","n1"],"type":"gossip_ok"}}
2025/04/21 09:33:27 Received {c10 n0 {"type":"broadcast","message":63,"msg_id":43}}
2025/04/21 09:33:27 Sent {"src":"n0","dest":"n3","body":{"data_id":"c10_43","message":63,"msg_id":78,"seen_nodes":["n0","n3"],"type":"gossip"}}
2025/04/21 09:33:27 Sent {"src":"n0","dest":"n1","body":{"data_id":"c10_43","message":63,"msg_id":79,"seen_nodes":["n0","n3","n1"],"type":"gossip"}}
2025/04/21 09:33:27 Sent {"src":"n0","dest":"c10","body":{"in_reply_to":43,"msg_id":193,"type":"broadcast_ok"}}
2025/04/21 09:33:27 Received {n3 n0 {"already_seen":false,"in_reply_to":78,"msg_id":172,"seen_nodes":["n3","n0","n4"],"type":"gossip_ok"}}
2025/04/21 09:33:27 Received {n1 n0 {"already_seen":false,"in_reply_to":79,"msg_id":241,"seen_nodes":["n1","n0","n3","n4","n2"],"type":"gossip_ok"}}
2025/04/21 09:33:27 Received {c10 n0 {"type":"read","msg_id":44}}
2025/04/21 09:33:27 Sent {"src":"n0","dest":"c10","body":{"in_reply_to":44,"messages":[24,44,45,47,56,59,2,23,30,32,39,46,8,19,35,4,21,25,28,41,51,1,6,13,34,36,42,10,62,0,26,40,38,50,54,14,53,61,3,17,37,49,60,63,5,9,15,22,52,58,7,11,57,18,29,55,48,12,16,20,27,31,33,43],"msg_id":194,"type":"read_ok"}}
2025/04/21 09:33:27 Received {n1 n0 {"data_id":"c12_23","message":64,"msg_id":138,"seen_nodes":["n1","n2","n4","n0"],"type":"gossip"}}
2025/04/21 09:33:27 Sent {"src":"n0","dest":"n3","body":{"data_id":"c12_23","message":64,"msg_id":80,"seen_nodes":["n0","n1","n2","n4","n3"],"type":"gossip"}}
2025/04/21 09:33:27 Sent {"src":"n0","dest":"n1","body":{"already_seen":false,"in_reply_to":138,"msg_id":196,"seen_nodes":["n0","n1","n2","n4","n3"],"type":"gossip_ok"}}
2025/04/21 09:33:27 Received {n3 n0 {"data_id":"c12_23","message":64,"msg_id":71,"seen_nodes":["n3","n4","n1","n2","n0"],"type":"gossip"}}
2025/04/21 09:33:27 Sent {"src":"n0","dest":"n3","body":{"already_seen":true,"in_reply_to":71,"msg_id":197,"seen_nodes":["n0","n1","n2","n4","n3"],"type":"gossip_ok"}}
2025/04/21 09:33:27 Received {n3 n0 {"already_seen":true,"in_reply_to":80,"msg_id":175,"seen_nodes":["n3","n4","n1","n2","n0"],"type":"gossip_ok"}}
2025/04/21 09:33:27 Received {n3 n0 {"data_id":"c13_23","message":65,"msg_id":72,"seen_nodes":["n3","n0"],"type":"gossip"}}
2025/04/21 09:33:27 Sent {"src":"n0","dest":"n1","body":{"data_id":"c13_23","message":65,"msg_id":81,"seen_nodes":["n0","n3","n1"],"type":"gossip"}}
2025/04/21 09:33:27 Sent {"src":"n0","dest":"n3","body":{"already_seen":false,"in_reply_to":72,"msg_id":199,"seen_nodes":["n0","n3","n1"],"type":"gossip_ok"}}
2025/04/21 09:33:27 Received {n1 n0 {"already_seen":false,"in_reply_to":81,"msg_id":250,"seen_nodes":["n1","n0","n3","n4","n2"],"type":"gossip_ok"}}
2025/04/21 09:33:27 Received {c10 n0 {"type":"read","msg_id":45}}
2025/04/21 09:33:27 Sent {"src":"n0","dest":"c10","body":{"in_reply_to":45,"messages":[8,19,35,4,21,25,28,41,51,1,6,13,34,36,42,10,62,0,26,40,38,50,54,14,53,61,3,17,37,49,60,63,5,9,15,22,64,52,58,7,11,57,18,29,55,12,16,20,27,31,33,43,48,24,44,45,47,56,59,65,2,23,30,32,39,46],"msg_id":200,"type":"read_ok"}}
2025/04/21 09:33:27 Received {c10 n0 {"type":"broadcast","message":66,"msg_id":46}}
2025/04/21 09:33:27 Sent {"src":"n0","dest":"n3","body":{"data_id":"c10_46","message":66,"msg_id":82,"seen_nodes":["n0","n3"],"type":"gossip"}}
2025/04/21 09:33:27 Sent {"src":"n0","dest":"n1","body":{"data_id":"c10_46","message":66,"msg_id":83,"seen_nodes":["n0","n3","n1"],"type":"gossip"}}
2025/04/21 09:33:27 Sent {"src":"n0","dest":"c10","body":{"in_reply_to":46,"msg_id":203,"type":"broadcast_ok"}}
2025/04/21 09:33:27 Received {n3 n0 {"already_seen":false,"in_reply_to":82,"msg_id":180,"seen_nodes":["n3","n0","n4"],"type":"gossip_ok"}}
2025/04/21 09:33:27 Received {n1 n0 {"already_seen":false,"in_reply_to":83,"msg_id":253,"seen_nodes":["n1","n0","n3","n4","n2"],"type":"gossip_ok"}}
2025/04/21 09:33:28 Received {n3 n0 {"data_id":"c14_24","message":67,"msg_id":75,"seen_nodes":["n3","n4","n1","n0"],"type":"gossip"}}
2025/04/21 09:33:28 Received {n1 n0 {"data_id":"c14_24","message":67,"msg_id":144,"seen_nodes":["n1","n4","n2","n0"],"type":"gossip"}}
2025/04/21 09:33:28 Sent {"src":"n0","dest":"n3","body":{"already_seen":false,"in_reply_to":75,"msg_id":204,"seen_nodes":["n0","n3","n4","n1"],"type":"gossip_ok"}}
2025/04/21 09:33:28 Sent {"src":"n0","dest":"n1","body":{"already_seen":true,"in_reply_to":144,"msg_id":205,"seen_nodes":["n0","n3","n4","n1"],"type":"gossip_ok"}}
2025/04/21 09:33:28 Received {c10 n0 {"type":"read","msg_id":47}}
2025/04/21 09:33:28 Sent {"src":"n0","dest":"c10","body":{"in_reply_to":47,"messages":[1,6,13,34,36,42,10,62,0,26,40,66,38,50,54,14,53,61,3,17,37,49,60,63,67,5,9,15,22,64,52,58,7,11,57,18,29,55,12,16,20,27,31,33,43,48,24,44,45,47,56,59,65,2,23,30,32,39,46,8,19,35,4,21,25,28,41,51],"msg_id":206,"type":"read_ok"}}
2025/04/21 09:33:28 Received {c10 n0 {"type":"broadcast","message":68,"msg_id":48}}
2025/04/21 09:33:28 Sent {"src":"n0","dest":"n3","body":{"data_id":"c10_48","message":68,"msg_id":84,"seen_nodes":["n0","n3"],"type":"gossip"}}
2025/04/21 09:33:28 Sent {"src":"n0","dest":"n1","body":{"data_id":"c10_48","message":68,"msg_id":85,"seen_nodes":["n0","n3","n1"],"type":"gossip"}}
2025/04/21 09:33:28 Sent {"src":"n0","dest":"c10","body":{"in_reply_to":48,"msg_id":209,"type":"broadcast_ok"}}
2025/04/21 09:33:28 Received {n3 n0 {"already_seen":false,"in_reply_to":84,"msg_id":185,"seen_nodes":["n3","n0","n4"],"type":"gossip_ok"}}
2025/04/21 09:33:28 Received {n1 n0 {"already_seen":false,"in_reply_to":85,"msg_id":260,"seen_nodes":["n1","n0","n3","n4","n2"],"type":"gossip_ok"}}
2025/04/21 09:33:28 Received {n1 n0 {"data_id":"c11_26","message":69,"msg_id":149,"seen_nodes":["n1","n4","n2","n0"],"type":"gossip"}}
2025/04/21 09:33:28 Sent {"src":"n0","dest":"n3","body":{"data_id":"c11_26","message":69,"msg_id":86,"seen_nodes":["n0","n1","n4","n2","n3"],"type":"gossip"}}
2025/04/21 09:33:28 Sent {"src":"n0","dest":"n1","body":{"already_seen":false,"in_reply_to":149,"msg_id":211,"seen_nodes":["n0","n1","n4","n2","n3"],"type":"gossip_ok"}}
2025/04/21 09:33:28 Received {n3 n0 {"data_id":"c11_26","message":69,"msg_id":77,"seen_nodes":["n3","n4","n1","n0"],"type":"gossip"}}
2025/04/21 09:33:28 Received {n3 n0 {"already_seen":true,"in_reply_to":86,"msg_id":188,"seen_nodes":["n3","n4","n1","n0"],"type":"gossip_ok"}}
2025/04/21 09:33:28 Sent {"src":"n0","dest":"n3","body":{"already_seen":true,"in_reply_to":77,"msg_id":212,"seen_nodes":["n0","n1","n4","n2","n3"],"type":"gossip_ok"}}
2025/04/21 09:33:28 Received {n1 n0 {"data_id":"c12_25","message":70,"msg_id":151,"seen_nodes":["n1","n2","n4","n0"],"type":"gossip"}}
2025/04/21 09:33:28 Sent {"src":"n0","dest":"n3","body":{"data_id":"c12_25","message":70,"msg_id":87,"seen_nodes":["n0","n1","n2","n4","n3"],"type":"gossip"}}
2025/04/21 09:33:28 Sent {"src":"n0","dest":"n1","body":{"already_seen":false,"in_reply_to":151,"msg_id":214,"seen_nodes":["n0","n1","n2","n4","n3"],"type":"gossip_ok"}}
2025/04/21 09:33:28 Received {n3 n0 {"data_id":"c12_25","message":70,"msg_id":78,"seen_nodes":["n3","n4","n1","n2","n0"],"type":"gossip"}}
2025/04/21 09:33:28 Received {n3 n0 {"already_seen":true,"in_reply_to":87,"msg_id":190,"seen_nodes":["n3","n4","n1","n2","n0"],"type":"gossip_ok"}}
2025/04/21 09:33:28 Sent {"src":"n0","dest":"n3","body":{"already_seen":true,"in_reply_to":78,"msg_id":215,"seen_nodes":["n0","n1","n2","n4","n3"],"type":"gossip_ok"}}
2025/04/21 09:33:28 Received {n3 n0 {"data_id":"c13_25","message":71,"msg_id":79,"seen_nodes":["n3","n0"],"type":"gossip"}}
2025/04/21 09:33:28 Sent {"src":"n0","dest":"n1","body":{"data_id":"c13_25","message":71,"msg_id":88,"seen_nodes":["n0","n3","n1"],"type":"gossip"}}
2025/04/21 09:33:28 Sent {"src":"n0","dest":"n3","body":{"already_seen":false,"in_reply_to":79,"msg_id":217,"seen_nodes":["n0","n3","n1"],"type":"gossip_ok"}}
2025/04/21 09:33:28 Received {n1 n0 {"already_seen":false,"in_reply_to":88,"msg_id":272,"seen_nodes":["n1","n0","n3","n4","n2"],"type":"gossip_ok"}}
2025/04/21 09:33:28 Received {n1 n0 {"data_id":"c14_25","message":72,"msg_id":155,"seen_nodes":["n1","n4","n2","n0"],"type":"gossip"}}
2025/04/21 09:33:28 Received {n3 n0 {"data_id":"c14_25","message":72,"msg_id":81,"seen_nodes":["n3","n4","n1","n0"],"type":"gossip"}}
2025/04/21 09:33:28 Sent {"src":"n0","dest":"n3","body":{"already_seen":false,"in_reply_to":81,"msg_id":218,"seen_nodes":["n0","n3","n4","n1"],"type":"gossip_ok"}}
2025/04/21 09:33:28 Sent {"src":"n0","dest":"n1","body":{"already_seen":true,"in_reply_to":155,"msg_id":219,"seen_nodes":["n0","n3","n4","n1"],"type":"gossip_ok"}}
2025/04/21 09:33:28 Received {c10 n0 {"type":"read","msg_id":49}}
2025/04/21 09:33:28 Sent {"src":"n0","dest":"c10","body":{"in_reply_to":49,"messages":[0,26,40,66,38,50,54,69,14,53,61,71,3,17,72,37,49,60,63,67,5,9,15,22,64,52,58,7,11,57,18,29,55,33,43,48,12,16,20,27,31,68,59,65,24,44,45,47,56,46,2,23,30,32,39,8,19,35,51,4,21,25,28,41,42,70,1,6,13,34,36,10,62],"msg_id":220,"type":"read_ok"}}
2025/04/21 09:33:29 Received {c10 n0 {"type":"read","msg_id":50}}
2025/04/21 09:33:29 Sent {"src":"n0","dest":"c10","body":{"in_reply_to":50,"messages":[2,23,30,32,39,46,8,19,35,4,21,25,28,41,51,1,6,13,34,36,42,70,10,62,0,26,40,66,38,50,54,69,14,53,61,71,3,17,72,37,49,60,63,67,5,9,15,22,64,52,58,7,11,57,18,29,55,12,16,20,27,31,33,43,48,68,24,44,45,47,56,59,65],"msg_id":221,"type":"read_ok"}}
2025/04/21 09:33:29 Received {n1 n0 {"data_id":"c12_26","message":73,"msg_id":157,"seen_nodes":["n1","n2","n4","n0"],"type":"gossip"}}
2025/04/21 09:33:29 Sent {"src":"n0","dest":"n3","body":{"data_id":"c12_26","message":73,"msg_id":89,"seen_nodes":["n0","n1","n2","n4","n3"],"type":"gossip"}}
2025/04/21 09:33:29 Sent {"src":"n0","dest":"n1","body":{"already_seen":false,"in_reply_to":157,"msg_id":223,"seen_nodes":["n0","n1","n2","n4","n3"],"type":"gossip_ok"}}
2025/04/21 09:33:29 Received {n3 n0 {"data_id":"c12_26","message":73,"msg_id":82,"seen_nodes":["n3","n4","n1","n2","n0"],"type":"gossip"}}
2025/04/21 09:33:29 Received {n3 n0 {"already_seen":true,"in_reply_to":89,"msg_id":198,"seen_nodes":["n3","n4","n1","n2","n0"],"type":"gossip_ok"}}
2025/04/21 09:33:29 Sent {"src":"n0","dest":"n3","body":{"already_seen":true,"in_reply_to":82,"msg_id":224,"seen_nodes":["n0","n1","n2","n4","n3"],"type":"gossip_ok"}}
2025/04/21 09:33:29 Received {n3 n0 {"data_id":"c13_26","message":74,"msg_id":83,"seen_nodes":["n3","n0"],"type":"gossip"}}
2025/04/21 09:33:29 Sent {"src":"n0","dest":"n1","body":{"data_id":"c13_26","message":74,"msg_id":90,"seen_nodes":["n0","n3","n1"],"type":"gossip"}}
2025/04/21 09:33:29 Sent {"src":"n0","dest":"n3","body":{"already_seen":false,"in_reply_to":83,"msg_id":226,"seen_nodes":["n0","n3","n1"],"type":"gossip_ok"}}
2025/04/21 09:33:29 Received {n1 n0 {"already_seen":false,"in_reply_to":90,"msg_id":283,"seen_nodes":["n1","n0","n3","n4","n2"],"type":"gossip_ok"}}
2025/04/21 09:33:29 Received {n3 n0 {"data_id":"c14_26","message":75,"msg_id":85,"seen_nodes":["n3","n4","n1","n0"],"type":"gossip"}}
2025/04/21 09:33:29 Received {n1 n0 {"data_id":"c14_26","message":75,"msg_id":161,"seen_nodes":["n1","n4","n2","n0"],"type":"gossip"}}
2025/04/21 09:33:29 Sent {"src":"n0","dest":"n3","body":{"already_seen":false,"in_reply_to":85,"msg_id":227,"seen_nodes":["n0","n3","n4","n1"],"type":"gossip_ok"}}
2025/04/21 09:33:29 Sent {"src":"n0","dest":"n1","body":{"already_seen":true,"in_reply_to":161,"msg_id":228,"seen_nodes":["n0","n3","n4","n1"],"type":"gossip_ok"}}
2025/04/21 09:33:29 Received {c10 n0 {"type":"read","msg_id":51}}
2025/04/21 09:33:29 Sent {"src":"n0","dest":"c10","body":{"in_reply_to":51,"messages":[12,16,20,27,31,33,43,48,68,24,44,45,47,56,59,65,2,23,30,32,39,46,8,19,35,4,21,25,28,41,51,1,6,13,34,36,42,70,10,62,74,0,26,40,66,38,50,54,69,14,53,61,71,3,17,72,37,49,60,63,67,5,9,15,22,64,52,58,7,11,57,73,18,29,55,75],"msg_id":229,"type":"read_ok"}}
2025/04/21 09:33:29 Received {c10 n0 {"type":"broadcast","message":76,"msg_id":52}}
2025/04/21 09:33:29 Sent {"src":"n0","dest":"n3","body":{"data_id":"c10_52","message":76,"msg_id":91,"seen_nodes":["n0","n3"],"type":"gossip"}}
2025/04/21 09:33:29 Sent {"src":"n0","dest":"n1","body":{"data_id":"c10_52","message":76,"msg_id":92,"seen_nodes":["n0","n3","n1"],"type":"gossip"}}
2025/04/21 09:33:29 Sent {"src":"n0","dest":"c10","body":{"in_reply_to":52,"msg_id":232,"type":"broadcast_ok"}}
2025/04/21 09:33:29 Received {n3 n0 {"already_seen":false,"in_reply_to":91,"msg_id":206,"seen_nodes":["n3","n0","n4"],"type":"gossip_ok"}}
2025/04/21 09:33:29 Received {n1 n0 {"already_seen":false,"in_reply_to":92,"msg_id":289,"seen_nodes":["n1","n0","n3","n4","n2"],"type":"gossip_ok"}}
2025/04/21 09:33:29 Received {n1 n0 {"data_id":"c12_27","message":77,"msg_id":165,"seen_nodes":["n1","n2","n4","n0"],"type":"gossip"}}
2025/04/21 09:33:29 Sent {"src":"n0","dest":"n3","body":{"data_id":"c12_27","message":77,"msg_id":93,"seen_nodes":["n0","n1","n2","n4","n3"],"type":"gossip"}}
2025/04/21 09:33:29 Sent {"src":"n0","dest":"n1","body":{"already_seen":false,"in_reply_to":165,"msg_id":234,"seen_nodes":["n0","n1","n2","n4","n3"],"type":"gossip_ok"}}
2025/04/21 09:33:29 Received {n3 n0 {"already_seen":false,"in_reply_to":93,"msg_id":207,"seen_nodes":["n3","n0","n1","n2","n4"],"type":"gossip_ok"}}
2025/04/21 09:33:30 Received {n1 n0 {"data_id":"c14_27","message":78,"msg_id":167,"seen_nodes":["n1","n4","n2","n0"],"type":"gossip"}}
2025/04/21 09:33:30 Received {n3 n0 {"data_id":"c14_27","message":78,"msg_id":87,"seen_nodes":["n3","n4","n1","n0"],"type":"gossip"}}
2025/04/21 09:33:30 Sent {"src":"n0","dest":"n3","body":{"data_id":"c14_27","message":78,"msg_id":94,"seen_nodes":["n0","n1","n4","n2","n3"],"type":"gossip"}}
2025/04/21 09:33:30 Sent {"src":"n0","dest":"n1","body":{"already_seen":false,"in_reply_to":167,"msg_id":237,"seen_nodes":["n0","n1","n4","n2","n3"],"type":"gossip_ok"}}
2025/04/21 09:33:30 Sent {"src":"n0","dest":"n3","body":{"already_seen":true,"in_reply_to":87,"msg_id":236,"seen_nodes":["n0","n1","n4","n2","n3"],"type":"gossip_ok"}}
2025/04/21 09:33:30 Received {n3 n0 {"already_seen":true,"in_reply_to":94,"msg_id":212,"seen_nodes":["n3","n4","n1","n0"],"type":"gossip_ok"}}
2025/04/21 09:33:30 Received {c10 n0 {"type":"read","msg_id":53}}
2025/04/21 09:33:30 Sent {"src":"n0","dest":"c10","body":{"in_reply_to":53,"messages":[47,56,59,65,76,24,44,45,32,39,46,2,23,30,8,19,35,28,41,51,4,21,25,34,36,42,70,77,1,6,13,10,62,74,66,0,26,40,69,38,50,54,71,14,53,61,3,17,72,63,67,37,49,60,22,64,5,9,15,52,58,73,78,7,11,57,75,18,29,55,27,31,33,43,48,12,16,20,68],"msg_id":238,"type":"read_ok"}}
2025/04/21 09:33:30 Received {c10 n0 {"type":"read","msg_id":54}}
2025/04/21 09:33:30 Sent {"src":"n0","dest":"c10","body":{"in_reply_to":54,"messages":[3,17,72,67,37,49,60,63,64,5,9,15,22,52,58,78,7,11,57,73,18,29,55,75,31,33,43,48,12,16,20,27,68,56,59,65,76,24,44,45,47,39,46,2,23,30,32,8,19,35,41,51,4,21,25,28,36,42,70,77,1,6,13,34,10,62,74,0,26,40,66,38,50,54,69,14,53,61,71],"msg_id":239,"type":"read_ok"}}
2025/04/21 09:33:30 Received {n1 n0 {"data_id":"c11_29","message":79,"msg_id":170,"seen_nodes":["n1","n4","n2","n0"],"type":"gossip"}}
2025/04/21 09:33:30 Sent {"src":"n0","dest":"n3","body":{"data_id":"c11_29","message":79,"msg_id":95,"seen_nodes":["n0","n1","n4","n2","n3"],"type":"gossip"}}
2025/04/21 09:33:30 Sent {"src":"n0","dest":"n1","body":{"already_seen":false,"in_reply_to":170,"msg_id":241,"seen_nodes":["n0","n1","n4","n2","n3"],"type":"gossip_ok"}}
2025/04/21 09:33:30 Received {n3 n0 {"data_id":"c11_29","message":79,"msg_id":88,"seen_nodes":["n3","n4","n1","n0"],"type":"gossip"}}
2025/04/21 09:33:30 Received {n3 n0 {"already_seen":true,"in_reply_to":95,"msg_id":215,"seen_nodes":["n3","n4","n1","n0"],"type":"gossip_ok"}}
2025/04/21 09:33:30 Sent {"src":"n0","dest":"n3","body":{"already_seen":true,"in_reply_to":88,"msg_id":242,"seen_nodes":["n0","n1","n4","n2","n3"],"type":"gossip_ok"}}
2025/04/21 09:33:30 Received {n1 n0 {"data_id":"c12_28","message":80,"msg_id":172,"seen_nodes":["n1","n2","n4","n0"],"type":"gossip"}}
2025/04/21 09:33:30 Sent {"src":"n0","dest":"n3","body":{"data_id":"c12_28","message":80,"msg_id":96,"seen_nodes":["n0","n1","n2","n4","n3"],"type":"gossip"}}
2025/04/21 09:33:30 Sent {"src":"n0","dest":"n1","body":{"already_seen":false,"in_reply_to":172,"msg_id":244,"seen_nodes":["n0","n1","n2","n4","n3"],"type":"gossip_ok"}}
2025/04/21 09:33:30 Received {n3 n0 {"data_id":"c12_28","message":80,"msg_id":89,"seen_nodes":["n3","n4","n1","n2","n0"],"type":"gossip"}}
2025/04/21 09:33:30 Received {n3 n0 {"already_seen":true,"in_reply_to":96,"msg_id":217,"seen_nodes":["n3","n4","n1","n2","n0"],"type":"gossip_ok"}}
2025/04/21 09:33:30 Sent {"src":"n0","dest":"n3","body":{"already_seen":true,"in_reply_to":89,"msg_id":245,"seen_nodes":["n0","n1","n2","n4","n3"],"type":"gossip_ok"}}
2025/04/21 09:33:30 Received {c10 n0 {"type":"read","msg_id":55}}
2025/04/21 09:33:30 Sent {"src":"n0","dest":"c10","body":{"in_reply_to":55,"messages":[71,14,53,61,3,17,72,63,67,37,49,60,22,64,5,9,15,52,58,73,78,80,7,11,57,75,18,29,55,27,31,33,43,48,12,16,20,68,47,56,59,65,76,24,44,45,32,39,46,2,23,30,79,8,19,35,28,41,51,4,21,25,34,36,42,70,77,1,6,13,10,62,74,66,0,26,40,69,38,50,54],"msg_id":246,"type":"read_ok"}}
2025/04/21 09:33:31 Received {c10 n0 {"type":"read","msg_id":56}}
2025/04/21 09:33:31 Sent {"src":"n0","dest":"c10","body":{"in_reply_to":56,"messages":[37,49,60,63,67,5,9,15,22,64,52,58,80,7,11,57,73,78,18,29,55,75,33,43,48,12,16,20,27,31,68,59,65,76,24,44,45,47,56,46,2,23,30,32,39,8,19,35,79,51,4,21,25,28,41,42,70,77,1,6,13,34,36,10,62,74,0,26,40,66,38,50,54,69,14,53,61,71,3,17,72],"msg_id":247,"type":"read_ok"}}
2025/04/21 09:33:31 Received {n1 n0 {"data_id":"c11_30","message":81,"msg_id":175,"seen_nodes":["n1","n4","n2","n0"],"type":"gossip"}}
2025/04/21 09:33:31 Sent {"src":"n0","dest":"n3","body":{"data_id":"c11_30","message":81,"msg_id":97,"seen_nodes":["n0","n1","n4","n2","n3"],"type":"gossip"}}
2025/04/21 09:33:31 Sent {"src":"n0","dest":"n1","body":{"already_seen":false,"in_reply_to":175,"msg_id":249,"seen_nodes":["n0","n1","n4","n2","n3"],"type":"gossip_ok"}}
2025/04/21 09:33:31 Received {n3 n0 {"data_id":"c11_30","message":81,"msg_id":90,"seen_nodes":["n3","n4","n1","n0"],"type":"gossip"}}
2025/04/21 09:33:31 Sent {"src":"n0","dest":"n3","body":{"already_seen":true,"in_reply_to":90,"msg_id":250,"seen_nodes":["n0","n1","n4","n2","n3"],"type":"gossip_ok"}}
2025/04/21 09:33:31 Received {n3 n0 {"already_seen":true,"in_reply_to":97,"msg_id":222,"seen_nodes":["n3","n4","n1","n0"],"type":"gossip_ok"}}
2025/04/21 09:33:31 Received {n1 n0 {"data_id":"c12_29","message":82,"msg_id":177,"seen_nodes":["n1","n2","n4","n0"],"type":"gossip"}}
2025/04/21 09:33:31 Sent {"src":"n0","dest":"n3","body":{"data_id":"c12_29","message":82,"msg_id":98,"seen_nodes":["n0","n1","n2","n4","n3"],"type":"gossip"}}
2025/04/21 09:33:31 Sent {"src":"n0","dest":"n1","body":{"already_seen":false,"in_reply_to":177,"msg_id":252,"seen_nodes":["n0","n1","n2","n4","n3"],"type":"gossip_ok"}}
2025/04/21 09:33:31 Received {n3 n0 {"data_id":"c12_29","message":82,"msg_id":91,"seen_nodes":["n3","n4","n1","n2","n0"],"type":"gossip"}}
2025/04/21 09:33:31 Sent {"src":"n0","dest":"n3","body":{"already_seen":true,"in_reply_to":91,"msg_id":253,"seen_nodes":["n0","n1","n2","n4","n3"],"type":"gossip_ok"}}
2025/04/21 09:33:31 Received {n3 n0 {"already_seen":true,"in_reply_to":98,"msg_id":225,"seen_nodes":["n3","n4","n1","n2","n0"],"type":"gossip_ok"}}
2025/04/21 09:33:31 Received {n3 n0 {"data_id":"c13_29","message":83,"msg_id":92,"seen_nodes":["n3","n0"],"type":"gossip"}}
2025/04/21 09:33:31 Sent {"src":"n0","dest":"n1","body":{"data_id":"c13_29","message":83,"msg_id":99,"seen_nodes":["n0","n3","n1"],"type":"gossip"}}
2025/04/21 09:33:31 Sent {"src":"n0","dest":"n3","body":{"already_seen":false,"in_reply_to":92,"msg_id":255,"seen_nodes":["n0","n3","n1"],"type":"gossip_ok"}}
2025/04/21 09:33:31 Received {n1 n0 {"already_seen":false,"in_reply_to":99,"msg_id":315,"seen_nodes":["n1","n0","n3","n4","n2"],"type":"gossip_ok"}}
2025/04/21 09:33:31 Received {n3 n0 {"data_id":"c14_29","message":84,"msg_id":94,"seen_nodes":["n3","n4","n1","n0"],"type":"gossip"}}
2025/04/21 09:33:31 Received {n1 n0 {"data_id":"c14_29","message":84,"msg_id":181,"seen_nodes":["n1","n4","n2","n0"],"type":"gossip"}}
2025/04/21 09:33:31 Sent {"src":"n0","dest":"n3","body":{"already_seen":false,"in_reply_to":94,"msg_id":256,"seen_nodes":["n0","n3","n4","n1"],"type":"gossip_ok"}}
2025/04/21 09:33:31 Sent {"src":"n0","dest":"n1","body":{"already_seen":true,"in_reply_to":181,"msg_id":257,"seen_nodes":["n0","n3","n4","n1"],"type":"gossip_ok"}}
2025/04/21 09:33:31 Received {c10 n0 {"type":"read","msg_id":57}}
2025/04/21 09:33:31 Sent {"src":"n0","dest":"c10","body":{"in_reply_to":57,"messages":[52,58,78,80,7,11,57,73,84,18,29,55,75,31,33,43,48,12,16,20,27,68,56,59,65,76,24,44,45,47,39,46,2,23,30,32,8,19,35,79,41,51,4,21,25,28,36,42,70,77,1,6,13,34,10,62,74,81,0,26,40,66,38,50,54,69,83,14,53,61,71,3,17,72,67,37,49,60,63,64,82,5,9,15,22],"msg_id":258,"type":"read_ok"}}
2025/04/21 09:33:31 Received {c10 n0 {"type":"broadcast","message":85,"msg_id":58}}
2025/04/21 09:33:31 Sent {"src":"n0","dest":"n3","body":{"data_id":"c10_58","message":85,"msg_id":100,"seen_nodes":["n0","n3"],"type":"gossip"}}
2025/04/21 09:33:31 Sent {"src":"n0","dest":"n1","body":{"data_id":"c10_58","message":85,"msg_id":101,"seen_nodes":["n0","n3","n1"],"type":"gossip"}}
2025/04/21 09:33:31 Sent {"src":"n0","dest":"c10","body":{"in_reply_to":58,"msg_id":261,"type":"broadcast_ok"}}
2025/04/21 09:33:31 Received {n3 n0 {"already_seen":false,"in_reply_to":100,"msg_id":232,"seen_nodes":["n3","n0","n4"],"type":"gossip_ok"}}
2025/04/21 09:33:31 Received {n1 n0 {"already_seen":false,"in_reply_to":101,"msg_id":321,"seen_nodes":["n1","n0","n3","n4","n2"],"type":"gossip_ok"}}
2025/04/21 09:33:32 Received {n3 n0 {"data_id":"c13_30","message":86,"msg_id":96,"seen_nodes":["n3","n0"],"type":"gossip"}}
2025/04/21 09:33:32 Sent {"src":"n0","dest":"n1","body":{"data_id":"c13_30","message":86,"msg_id":102,"seen_nodes":["n0","n3","n1"],"type":"gossip"}}
2025/04/21 09:33:32 Sent {"src":"n0","dest":"n3","body":{"already_seen":false,"in_reply_to":96,"msg_id":263,"seen_nodes":["n0","n3","n1"],"type":"gossip_ok"}}
2025/04/21 09:33:32 Received {n1 n0 {"already_seen":false,"in_reply_to":102,"msg_id":327,"seen_nodes":["n1","n0","n3","n4","n2"],"type":"gossip_ok"}}
2025/04/21 09:33:32 Received {c10 n0 {"type":"broadcast","message":87,"msg_id":59}}
2025/04/21 09:33:32 Sent {"src":"n0","dest":"n3","body":{"data_id":"c10_59","message":87,"msg_id":103,"seen_nodes":["n0","n3"],"type":"gossip"}}
2025/04/21 09:33:32 Sent {"src":"n0","dest":"n1","body":{"data_id":"c10_59","message":87,"msg_id":104,"seen_nodes":["n0","n3","n1"],"type":"gossip"}}
2025/04/21 09:33:32 Sent {"src":"n0","dest":"c10","body":{"in_reply_to":59,"msg_id":266,"type":"broadcast_ok"}}
2025/04/21 09:33:32 Received {n3 n0 {"already_seen":false,"in_reply_to":103,"msg_id":237,"seen_nodes":["n3","n0","n4"],"type":"gossip_ok"}}
2025/04/21 09:33:32 Received {n1 n0 {"already_seen":false,"in_reply_to":104,"msg_id":330,"seen_nodes":["n1","n0","n3","n4","n2"],"type":"gossip_ok"}}
2025/04/21 09:33:32 Received {c10 n0 {"type":"broadcast","message":88,"msg_id":60}}
2025/04/21 09:33:32 Sent {"src":"n0","dest":"n3","body":{"data_id":"c10_60","message":88,"msg_id":105,"seen_nodes":["n0","n3"],"type":"gossip"}}
2025/04/21 09:33:32 Sent {"src":"n0","dest":"n1","body":{"data_id":"c10_60","message":88,"msg_id":106,"seen_nodes":["n0","n3","n1"],"type":"gossip"}}
2025/04/21 09:33:32 Sent {"src":"n0","dest":"c10","body":{"in_reply_to":60,"msg_id":269,"type":"broadcast_ok"}}
2025/04/21 09:33:32 Received {n3 n0 {"already_seen":false,"in_reply_to":105,"msg_id":239,"seen_nodes":["n3","n0","n4"],"type":"gossip_ok"}}
2025/04/21 09:33:32 Received {n1 n0 {"already_seen":false,"in_reply_to":106,"msg_id":334,"seen_nodes":["n1","n0","n3","n4","n2"],"type":"gossip_ok"}}
2025/04/21 09:33:32 Received {n1 n0 {"data_id":"c12_31","message":89,"msg_id":191,"seen_nodes":["n1","n2","n4","n0"],"type":"gossip"}}
2025/04/21 09:33:32 Sent {"src":"n0","dest":"n3","body":{"data_id":"c12_31","message":89,"msg_id":107,"seen_nodes":["n0","n1","n2","n4","n3"],"type":"gossip"}}
2025/04/21 09:33:32 Sent {"src":"n0","dest":"n1","body":{"already_seen":false,"in_reply_to":191,"msg_id":271,"seen_nodes":["n0","n1","n2","n4","n3"],"type":"gossip_ok"}}
2025/04/21 09:33:32 Received {n3 n0 {"already_seen":false,"in_reply_to":107,"msg_id":240,"seen_nodes":["n3","n0","n1","n2","n4"],"type":"gossip_ok"}}
2025/04/21 09:33:32 Received {n3 n0 {"data_id":"c13_31","message":90,"msg_id":100,"seen_nodes":["n3","n0"],"type":"gossip"}}
2025/04/21 09:33:32 Sent {"src":"n0","dest":"n1","body":{"data_id":"c13_31","message":90,"msg_id":108,"seen_nodes":["n0","n3","n1"],"type":"gossip"}}
2025/04/21 09:33:32 Sent {"src":"n0","dest":"n3","body":{"already_seen":false,"in_reply_to":100,"msg_id":273,"seen_nodes":["n0","n3","n1"],"type":"gossip_ok"}}
2025/04/21 09:33:32 Received {n1 n0 {"already_seen":false,"in_reply_to":108,"msg_id":343,"seen_nodes":["n1","n0","n3","n4","n2"],"type":"gossip_ok"}}
2025/04/21 09:33:32 Received {n3 n0 {"data_id":"c14_31","message":91,"msg_id":102,"seen_nodes":["n3","n4","n1","n0"],"type":"gossip"}}
2025/04/21 09:33:32 Received {n1 n0 {"data_id":"c14_31","message":91,"msg_id":195,"seen_nodes":["n1","n4","n2","n0"],"type":"gossip"}}
2025/04/21 09:33:32 Sent {"src":"n0","dest":"n3","body":{"already_seen":false,"in_reply_to":102,"msg_id":274,"seen_nodes":["n0","n3","n4","n1"],"type":"gossip_ok"}}
2025/04/21 09:33:32 Sent {"src":"n0","dest":"n1","body":{"already_seen":true,"in_reply_to":195,"msg_id":275,"seen_nodes":["n0","n3","n4","n1"],"type":"gossip_ok"}}
2025/04/21 09:33:32 Received {c10 n0 {"type":"read","msg_id":61}}
2025/04/21 09:33:32 Sent {"src":"n0","dest":"c10","body":{"in_reply_to":61,"messages":[61,71,83,85,91,14,53,72,3,17,60,63,67,37,49,15,22,64,82,88,5,9,52,58,57,73,78,80,7,11,55,75,84,90,18,29,20,27,31,33,43,48,12,16,68,45,47,56,59,65,76,24,44,87,30,32,39,46,2,23,35,79,8,19,25,28,41,51,4,21,13,34,36,42,70,77,1,6,74,89,10,62,40,66,81,86,0,26,54,69,38,50],"msg_id":276,"type":"read_ok"}}
2025/04/21 09:33:32 Received {c10 n0 {"type":"broadcast","message":92,"msg_id":62}}
2025/04/21 09:33:32 Sent {"src":"n0","dest":"n3","body":{"data_id":"c10_62","message":92,"msg_id":109,"seen_nodes":["n0","n3"],"type":"gossip"}}
2025/04/21 09:33:32 Sent {"src":"n0","dest":"n1","body":{"data_id":"c10_62","message":92,"msg_id":110,"seen_nodes":["n0","n3","n1"],"type":"gossip"}}
2025/04/21 09:33:32 Sent {"src":"n0","dest":"c10","body":{"in_reply_to":62,"msg_id":279,"type":"broadcast_ok"}}
2025/04/21 09:33:32 Received {n3 n0 {"already_seen":false,"in_reply_to":109,"msg_id":248,"seen_nodes":["n3","n0","n4"],"type":"gossip_ok"}}
2025/04/21 09:33:32 Received {n1 n0 {"already_seen":false,"in_reply_to":110,"msg_id":349,"seen_nodes":["n1","n0","n3","n4","n2"],"type":"gossip_ok"}}
2025/04/21 09:33:33 Received {n1 n0 {"data_id":"c12_32","message":93,"msg_id":199,"seen_nodes":["n1","n2","n4","n0"],"type":"gossip"}}
2025/04/21 09:33:33 Sent {"src":"n0","dest":"n3","body":{"data_id":"c12_32","message":93,"msg_id":111,"seen_nodes":["n0","n1","n2","n4","n3"],"type":"gossip"}}
2025/04/21 09:33:33 Sent {"src":"n0","dest":"n1","body":{"already_seen":false,"in_reply_to":199,"msg_id":281,"seen_nodes":["n0","n1","n2","n4","n3"],"type":"gossip_ok"}}
2025/04/21 09:33:33 Received {n3 n0 {"data_id":"c12_32","message":93,"msg_id":104,"seen_nodes":["n3","n4","n1","n2","n0"],"type":"gossip"}}
2025/04/21 09:33:33 Received {n3 n0 {"already_seen":true,"in_reply_to":111,"msg_id":250,"seen_nodes":["n3","n4","n1","n2","n0"],"type":"gossip_ok"}}
2025/04/21 09:33:33 Sent {"src":"n0","dest":"n3","body":{"already_seen":true,"in_reply_to":104,"msg_id":282,"seen_nodes":["n0","n1","n2","n4","n3"],"type":"gossip_ok"}}
2025/04/21 09:33:43 Received {c10 n0 {"type":"read","msg_id":63}}
2025/04/21 09:33:43 Sent {"src":"n0","dest":"c10","body":{"in_reply_to":63,"messages":[79,8,19,35,28,41,51,4,21,25,34,36,42,70,77,1,6,13,89,10,62,74,66,81,86,93,0,26,40,69,38,50,54,71,83,85,91,14,53,61,3,17,72,63,67,37,49,60,22,64,82,88,5,9,15,52,58,73,78,80,7,11,57,75,84,90,92,18,29,55,27,31,33,43,48,12,16,20,68,47,56,59,65,76,24,44,45,87,32,39,46,2,23,30],"msg_id":283,"type":"read_ok"}}
