2025/04/21 09:33:13 Received {c2 n2 {"type":"init","node_id":"n2","node_ids":["n0","n1","n2","n3","n4"],"msg_id":1}}
2025/04/21 09:33:13 Node n2 initialized
2025/04/21 09:33:13 Sent {"src":"n2","dest":"c2","body":{"in_reply_to":1,"type":"init_ok"}}
2025/04/21 09:33:13 Received {c7 n2 {"type":"topology","topology":{"n0":["n3","n1"],"n1":["n4","n2","n0"],"n2":["n1"],"n3":["n0","n4"],"n4":["n1","n3"]},"msg_id":1}}
2025/04/21 09:33:13 Sent {"src":"n2","dest":"c7","body":{"in_reply_to":1,"msg_id":1,"type":"topology_ok"}}
2025/04/21 09:33:13 Received {c12 n2 {"type":"read","msg_id":1}}
2025/04/21 09:33:13 Sent {"src":"n2","dest":"c12","body":{"in_reply_to":1,"messages":[],"msg_id":2,"type":"read_ok"}}
2025/04/21 09:33:13 Received {n1 n2 {"data_id":"c10_3","message":0,"msg_id":2,"seen_nodes":["n1","n0","n3","n4","n2"],"type":"gossip"}}
2025/04/21 09:33:13 Sent {"src":"n2","dest":"n1","body":{"already_seen":false,"in_reply_to":2,"msg_id":3,"seen_nodes":["n2","n1","n0","n3","n4"],"type":"gossip_ok"}}
2025/04/21 09:33:13 Received {c12 n2 {"type":"broadcast","message":1,"msg_id":2}}
2025/04/21 09:33:13 Sent {"src":"n2","dest":"n1","body":{"data_id":"c12_2","message":1,"msg_id":1,"seen_nodes":["n2","n1"],"type":"gossip"}}
2025/04/21 09:33:13 Sent {"src":"n2","dest":"c12","body":{"in_reply_to":2,"msg_id":5,"type":"broadcast_ok"}}
2025/04/21 09:33:13 Received {n1 n2 {"already_seen":false,"in_reply_to":1,"msg_id":10,"seen_nodes":["n1","n2","n4","n0"],"type":"gossip_ok"}}
2025/04/21 09:33:13 Received {n1 n2 {"data_id":"c13_2","message":2,"msg_id":6,"seen_nodes":["n1","n0","n3","n4","n2"],"type":"gossip"}}
2025/04/21 09:33:13 Sent {"src":"n2","dest":"n1","body":{"already_seen":false,"in_reply_to":6,"msg_id":6,"seen_nodes":["n2","n1","n0","n3","n4"],"type":"gossip_ok"}}
2025/04/21 09:33:14 Received {n1 n2 {"data_id":"c10_4","message":3,"msg_id":8,"seen_nodes":["n1","n0","n3","n4","n2"],"type":"gossip"}}
2025/04/21 09:33:14 Sent {"src":"n2","dest":"n1","body":{"already_seen":false,"in_reply_to":8,"msg_id":7,"seen_nodes":["n2","n1","n0","n3","n4"],"type":"gossip_ok"}}
2025/04/21 09:33:14 Received {n1 n2 {"data_id":"c11_3","message":4,"msg_id":10,"seen_nodes":["n1","n4","n2"],"type":"gossip"}}
2025/04/21 09:33:14 Sent {"src":"n2","dest":"n1","body":{"already_seen":false,"in_reply_to":10,"msg_id":8,"seen_nodes":["n2","n1","n4"],"type":"gossip_ok"}}
2025/04/21 09:33:14 Received {c12 n2 {"type":"read","msg_id":3}}
2025/04/21 09:33:14 Sent {"src":"n2","dest":"c12","body":{"in_reply_to":3,"messages":[0,1,2,3,4],"msg_id":9,"type":"read_ok"}}
2025/04/21 09:33:15 Received {n1 n2 {"data_id":"c10_7","message":5,"msg_id":13,"seen_nodes":["n1","n0","n3","n4","n2"],"type":"gossip"}}
2025/04/21 09:33:15 Sent {"src":"n2","dest":"n1","body":{"already_seen":false,"in_reply_to":13,"msg_id":10,"seen_nodes":["n2","n1","n0","n3","n4"],"type":"gossip_ok"}}
2025/04/21 09:33:15 Received {c12 n2 {"type":"broadcast","message":7,"msg_id":4}}
2025/04/21 09:33:15 Sent {"src":"n2","dest":"n1","body":{"data_id":"c12_4","message":7,"msg_id":2,"seen_nodes":["n2","n1"],"type":"gossip"}}
2025/04/21 09:33:15 Sent {"src":"n2","dest":"c12","body":{"in_reply_to":4,"msg_id":12,"type":"broadcast_ok"}}
2025/04/21 09:33:15 Received {n1 n2 {"data_id":"c11_4","message":6,"msg_id":15,"seen_nodes":["n1","n4","n2"],"type":"gossip"}}
2025/04/21 09:33:15 Sent {"src":"n2","dest":"n1","body":{"already_seen":false,"in_reply_to":15,"msg_id":13,"seen_nodes":["n2","n1","n4"],"type":"gossip_ok"}}
2025/04/21 09:33:15 Received {n1 n2 {"already_seen":false,"in_reply_to":2,"msg_id":33,"seen_nodes":["n1","n2","n4","n0"],"type":"gossip_ok"}}
2025/04/21 09:33:15 Received {n1 n2 {"data_id":"c13_4","message":8,"msg_id":19,"seen_nodes":["n1","n4","n3","n0","n2"],"type":"gossip"}}
2025/04/21 09:33:15 Sent {"src":"n2","dest":"n1","body":{"already_seen":false,"in_reply_to":19,"msg_id":14,"seen_nodes":["n2","n1","n4","n3","n0"],"type":"gossip_ok"}}
2025/04/21 09:33:15 Received {n1 n2 {"data_id":"c10_8","message":9,"msg_id":21,"seen_nodes":["n1","n0","n3","n4","n2"],"type":"gossip"}}
2025/04/21 09:33:15 Sent {"src":"n2","dest":"n1","body":{"already_seen":false,"in_reply_to":21,"msg_id":15,"seen_nodes":["n2","n1","n0","n3","n4"],"type":"gossip_ok"}}
2025/04/21 09:33:15 Received {n1 n2 {"data_id":"c10_9","message":10,"msg_id":23,"seen_nodes":["n1","n0","n3","n4","n2"],"type":"gossip"}}
2025/04/21 09:33:15 Sent {"src":"n2","dest":"n1","body":{"already_seen":false,"in_reply_to":23,"msg_id":16,"seen_nodes":["n2","n1","n0","n3","n4"],"type":"gossip_ok"}}
2025/04/21 09:33:15 Received {n1 n2 {"data_id":"c11_5","message":11,"msg_id":25,"seen_nodes":["n1","n4","n2"],"type":"gossip"}}
2025/04/21 09:33:15 Sent {"src":"n2","dest":"n1","body":{"already_seen":false,"in_reply_to":25,"msg_id":17,"seen_nodes":["n2","n1","n4"],"type":"gossip_ok"}}
2025/04/21 09:33:15 Received {c12 n2 {"type":"broadcast","message":12,"msg_id":5}}
2025/04/21 09:33:15 Sent {"src":"n2","dest":"n1","body":{"data_id":"c12_5","message":12,"msg_id":3,"seen_nodes":["n2","n1"],"type":"gossip"}}
2025/04/21 09:33:15 Sent {"src":"n2","dest":"c12","body":{"in_reply_to":5,"msg_id":19,"type":"broadcast_ok"}}
2025/04/21 09:33:15 Received {n1 n2 {"already_seen":false,"in_reply_to":3,"msg_id":51,"seen_nodes":["n1","n2","n4","n0"],"type":"gossip_ok"}}
2025/04/21 09:33:16 Received {n1 n2 {"data_id":"c14_5","message":13,"msg_id":29,"seen_nodes":["n1","n4","n2"],"type":"gossip"}}
2025/04/21 09:33:16 Sent {"src":"n2","dest":"n1","body":{"already_seen":false,"in_reply_to":29,"msg_id":20,"seen_nodes":["n2","n1","n4"],"type":"gossip_ok"}}
2025/04/21 09:33:16 Received {n1 n2 {"data_id":"c10_10","message":14,"msg_id":32,"seen_nodes":["n1","n0","n3","n4","n2"],"type":"gossip"}}
2025/04/21 09:33:16 Sent {"src":"n2","dest":"n1","body":{"already_seen":false,"in_reply_to":32,"msg_id":21,"seen_nodes":["n2","n1","n0","n3","n4"],"type":"gossip_ok"}}
2025/04/21 09:33:16 Received {n1 n2 {"data_id":"c10_11","message":15,"msg_id":34,"seen_nodes":["n1","n0","n3","n4","n2"],"type":"gossip"}}
2025/04/21 09:33:16 Sent {"src":"n2","dest":"n1","body":{"already_seen":false,"in_reply_to":34,"msg_id":22,"seen_nodes":["n2","n1","n0","n3","n4"],"type":"gossip_ok"}}
2025/04/21 09:33:16 Received {c12 n2 {"type":"broadcast","message":16,"msg_id":6}}
2025/04/21 09:33:16 Sent {"src":"n2","dest":"n1","body":{"data_id":"c12_6","message":16,"msg_id":4,"seen_nodes":["n2","n1"],"type":"gossip"}}
2025/04/21 09:33:16 Sent {"src":"n2","dest":"c12","body":{"in_reply_to":6,"msg_id":24,"type":"broadcast_ok"}}
2025/04/21 09:33:16 Received {n1 n2 {"already_seen":false,"in_reply_to":4,"msg_id":66,"seen_nodes":["n1","n2","n4","n0"],"type":"gossip_ok"}}
2025/04/21 09:33:16 Received {n1 n2 {"data_id":"c10_13","message":17,"msg_id":38,"seen_nodes":["n1","n0","n3","n4","n2"],"type":"gossip"}}
2025/04/21 09:33:16 Sent {"src":"n2","dest":"n1","body":{"already_seen":false,"in_reply_to":38,"msg_id":25,"seen_nodes":["n2","n1","n0","n3","n4"],"type":"gossip_ok"}}
2025/04/21 09:33:17 Received {n1 n2 {"data_id":"c11_7","message":18,"msg_id":40,"seen_nodes":["n1","n4","n2"],"type":"gossip"}}
2025/04/21 09:33:17 Sent {"src":"n2","dest":"n1","body":{"already_seen":false,"in_reply_to":40,"msg_id":26,"seen_nodes":["n2","n1","n4"],"type":"gossip_ok"}}
2025/04/21 09:33:17 Received {c12 n2 {"type":"broadcast","message":19,"msg_id":7}}
2025/04/21 09:33:17 Sent {"src":"n2","dest":"n1","body":{"data_id":"c12_7","message":19,"msg_id":5,"seen_nodes":["n2","n1"],"type":"gossip"}}
2025/04/21 09:33:17 Sent {"src":"n2","dest":"c12","body":{"in_reply_to":7,"msg_id":28,"type":"broadcast_ok"}}
2025/04/21 09:33:17 Received {n1 n2 {"already_seen":false,"in_reply_to":5,"msg_id":77,"seen_nodes":["n1","n2","n4","n0"],"type":"gossip_ok"}}
2025/04/21 09:33:17 Received {n1 n2 {"data_id":"c14_7","message":20,"msg_id":44,"seen_nodes":["n1","n4","n2"],"type":"gossip"}}
2025/04/21 09:33:17 Sent {"src":"n2","dest":"n1","body":{"already_seen":false,"in_reply_to":44,"msg_id":29,"seen_nodes":["n2","n1","n4"],"type":"gossip_ok"}}
2025/04/21 09:33:17 Received {n1 n2 {"data_id":"c10_14","message":21,"msg_id":47,"seen_nodes":["n1","n0","n3","n4","n2"],"type":"gossip"}}
2025/04/21 09:33:17 Sent {"src":"n2","dest":"n1","body":{"already_seen":false,"in_reply_to":47,"msg_id":30,"seen_nodes":["n2","n1","n0","n3","n4"],"type":"gossip_ok"}}
2025/04/21 09:33:17 Received {n1 n2 {"data_id":"c11_8","message":22,"msg_id":49,"seen_nodes":["n1","n4","n2"],"type":"gossip"}}
2025/04/21 09:33:17 Sent {"src":"n2","dest":"n1","body":{"already_seen":false,"in_reply_to":49,"msg_id":31,"seen_nodes":["n2","n1","n4"],"type":"gossip_ok"}}
2025/04/21 09:33:17 Received {c12 n2 {"type":"broadcast","message":23,"msg_id":8}}
2025/04/21 09:33:17 Sent {"src":"n2","dest":"n1","body":{"data_id":"c12_8","message":23,"msg_id":6,"seen_nodes":["n2","n1"],"type":"gossip"}}
2025/04/21 09:33:17 Sent {"src":"n2","dest":"c12","body":{"in_reply_to":8,"msg_id":33,"type":"broadcast_ok"}}
2025/04/21 09:33:17 Received {n1 n2 {"already_seen":false,"in_reply_to":6,"msg_id":90,"seen_nodes":["n1","n2","n4","n0"],"type":"gossip_ok"}}
2025/04/21 09:33:17 Received {n1 n2 {"data_id":"c13_8","message":24,"msg_id":54,"seen_nodes":["n1","n0","n3","n4","n2"],"type":"gossip"}}
2025/04/21 09:33:17 Sent {"src":"n2","dest":"n1","body":{"already_seen":false,"in_reply_to":54,"msg_id":34,"seen_nodes":["n2","n1","n0","n3","n4"],"type":"gossip_ok"}}
2025/04/21 09:33:18 Received {n1 n2 {"data_id":"c10_16","message":25,"msg_id":56,"seen_nodes":["n1","n0","n3","n4","n2"],"type":"gossip"}}
2025/04/21 09:33:18 Sent {"src":"n2","dest":"n1","body":{"already_seen":false,"in_reply_to":56,"msg_id":35,"seen_nodes":["n2","n1","n0","n3","n4"],"type":"gossip_ok"}}
2025/04/21 09:33:18 Received {n1 n2 {"data_id":"c11_9","message":26,"msg_id":58,"seen_nodes":["n1","n4","n2"],"type":"gossip"}}
2025/04/21 09:33:18 Sent {"src":"n2","dest":"n1","body":{"already_seen":false,"in_reply_to":58,"msg_id":36,"seen_nodes":["n2","n1","n4"],"type":"gossip_ok"}}
2025/04/21 09:33:18 Received {c12 n2 {"type":"read","msg_id":9}}
2025/04/21 09:33:18 Sent {"src":"n2","dest":"c12","body":{"in_reply_to":9,"messages":[13,22,26,8,11,14,16,9,2,4,5,24,10,23,17,18,15,6,19,21,3,20,25,0,7,12,1],"msg_id":37,"type":"read_ok"}}
2025/04/21 09:33:18 Received {n1 n2 {"data_id":"c13_9","message":27,"msg_id":61,"seen_nodes":["n1","n0","n3","n4","n2"],"type":"gossip"}}
2025/04/21 09:33:18 Sent {"src":"n2","dest":"n1","body":{"already_seen":false,"in_reply_to":61,"msg_id":38,"seen_nodes":["n2","n1","n0","n3","n4"],"type":"gossip_ok"}}
2025/04/21 09:33:18 Received {n1 n2 {"data_id":"c14_9","message":28,"msg_id":62,"seen_nodes":["n1","n4","n2"],"type":"gossip"}}
2025/04/21 09:33:18 Sent {"src":"n2","dest":"n1","body":{"already_seen":false,"in_reply_to":62,"msg_id":39,"seen_nodes":["n2","n1","n4"],"type":"gossip_ok"}}
2025/04/21 09:33:18 Received {n1 n2 {"data_id":"c10_18","message":29,"msg_id":65,"seen_nodes":["n1","n0","n3","n4","n2"],"type":"gossip"}}
2025/04/21 09:33:18 Sent {"src":"n2","dest":"n1","body":{"already_seen":false,"in_reply_to":65,"msg_id":40,"seen_nodes":["n2","n1","n0","n3","n4"],"type":"gossip_ok"}}
2025/04/21 09:33:19 Received {c12 n2 {"type":"read","msg_id":10}}
2025/04/21 09:33:19 Sent {"src":"n2","dest":"c12","body":{"in_reply_to":10,"messages":[2,4,5,24,10,23,15,17,18,3,6,19,21,28,29,0,20,25,27,1,7,12,8,13,22,26,9,11,14,16],"msg_id":41,"type":"read_ok"}}
2025/04/21 09:33:19 Received {c12 n2 {"type":"broadcast","message":30,"msg_id":11}}
2025/04/21 09:33:19 Sent {"src":"n2","dest":"n1","body":{"data_id":"c12_11","message":30,"msg_id":7,"seen_nodes":["n2","n1"],"type":"gossip"}}
2025/04/21 09:33:19 Sent {"src":"n2","dest":"c12","body":{"in_reply_to":11,"msg_id":43,"type":"broadcast_ok"}}
2025/04/21 09:33:19 Received {n1 n2 {"already_seen":false,"in_reply_to":7,"msg_id":117,"seen_nodes":["n1","n2","n4","n0"],"type":"gossip_ok"}}
2025/04/21 09:33:20 Received {n1 n2 {"data_id":"c10_22","message":31,"msg_id":69,"seen_nodes":["n1","n0","n3","n4","n2"],"type":"gossip"}}
2025/04/21 09:33:20 Sent {"src":"n2","dest":"n1","body":{"already_seen":false,"in_reply_to":69,"msg_id":44,"seen_nodes":["n2","n1","n0","n3","n4"],"type":"gossip_ok"}}
2025/04/21 09:33:20 Received {n1 n2 {"data_id":"c11_12","message":32,"msg_id":71,"seen_nodes":["n1","n4","n2"],"type":"gossip"}}
2025/04/21 09:33:20 Sent {"src":"n2","dest":"n1","body":{"already_seen":false,"in_reply_to":71,"msg_id":45,"seen_nodes":["n2","n1","n4"],"type":"gossip_ok"}}
2025/04/21 09:33:20 Received {c12 n2 {"type":"read","msg_id":12}}
2025/04/21 09:33:20 Sent {"src":"n2","dest":"c12","body":{"in_reply_to":12,"messages":[24,2,4,5,10,23,15,17,18,21,28,29,3,6,19,27,0,20,25,30,31,1,7,12,26,32,8,13,22,16,9,11,14],"msg_id":46,"type":"read_ok"}}
2025/04/21 09:33:20 Received {n1 n2 {"data_id":"c13_12","message":33,"msg_id":74,"seen_nodes":["n1","n0","n3","n4","n2"],"type":"gossip"}}
2025/04/21 09:33:20 Sent {"src":"n2","dest":"n1","body":{"already_seen":false,"in_reply_to":74,"msg_id":47,"seen_nodes":["n2","n1","n0","n3","n4"],"type":"gossip_ok"}}
2025/04/21 09:33:20 Received {c12 n2 {"type":"broadcast","message":34,"msg_id":13}}
2025/04/21 09:33:20 Sent {"src":"n2","dest":"n1","body":{"data_id":"c12_13","message":34,"msg_id":8,"seen_nodes":["n2","n1"],"type":"gossip"}}
2025/04/21 09:33:20 Sent {"src":"n2","dest":"c12","body":{"in_reply_to":13,"msg_id":49,"type":"broadcast_ok"}}
2025/04/21 09:33:20 Received {n1 n2 {"already_seen":false,"in_reply_to":8,"msg_id":133,"seen_nodes":["n1","n2","n4","n0"],"type":"gossip_ok"}}
2025/04/21 09:33:21 Received {c12 n2 {"type":"broadcast","message":35,"msg_id":14}}
2025/04/21 09:33:21 Sent {"src":"n2","dest":"n1","body":{"data_id":"c12_14","message":35,"msg_id":9,"seen_nodes":["n2","n1"],"type":"gossip"}}
2025/04/21 09:33:21 Sent {"src":"n2","dest":"c12","body":{"in_reply_to":14,"msg_id":51,"type":"broadcast_ok"}}
2025/04/21 09:33:21 Received {n1 n2 {"already_seen":false,"in_reply_to":9,"msg_id":137,"seen_nodes":["n1","n2","n4","n0"],"type":"gossip_ok"}}
2025/04/21 09:33:21 Received {n1 n2 {"data_id":"c13_14","message":36,"msg_id":80,"seen_nodes":["n1","n0","n3","n4","n2"],"type":"gossip"}}
2025/04/21 09:33:21 Sent {"src":"n2","dest":"n1","body":{"already_seen":false,"in_reply_to":80,"msg_id":52,"seen_nodes":["n2","n1","n0","n3","n4"],"type":"gossip_ok"}}
2025/04/21 09:33:21 Received {n1 n2 {"data_id":"c14_14","message":37,"msg_id":81,"seen_nodes":["n1","n4","n2"],"type":"gossip"}}
2025/04/21 09:33:21 Sent {"src":"n2","dest":"n1","body":{"already_seen":false,"in_reply_to":81,"msg_id":53,"seen_nodes":["n2","n1","n4"],"type":"gossip_ok"}}
2025/04/21 09:33:22 Received {c12 n2 {"type":"broadcast","message":38,"msg_id":15}}
2025/04/21 09:33:22 Sent {"src":"n2","dest":"n1","body":{"data_id":"c12_15","message":38,"msg_id":10,"seen_nodes":["n2","n1"],"type":"gossip"}}
2025/04/21 09:33:22 Sent {"src":"n2","dest":"c12","body":{"in_reply_to":15,"msg_id":55,"type":"broadcast_ok"}}
2025/04/21 09:33:22 Received {n1 n2 {"already_seen":false,"in_reply_to":10,"msg_id":148,"seen_nodes":["n1","n2","n4","n0"],"type":"gossip_ok"}}
2025/04/21 09:33:22 Received {n1 n2 {"data_id":"c13_15","message":39,"msg_id":86,"seen_nodes":["n1","n0","n3","n4","n2"],"type":"gossip"}}
2025/04/21 09:33:22 Sent {"src":"n2","dest":"n1","body":{"already_seen":false,"in_reply_to":86,"msg_id":56,"seen_nodes":["n2","n1","n0","n3","n4"],"type":"gossip_ok"}}
2025/04/21 09:33:22 Received {n1 n2 {"data_id":"c10_29","message":40,"msg_id":88,"seen_nodes":["n1","n0","n3","n4","n2"],"type":"gossip"}}
2025/04/21 09:33:22 Sent {"src":"n2","dest":"n1","body":{"already_seen":false,"in_reply_to":88,"msg_id":57,"seen_nodes":["n2","n1","n0","n3","n4"],"type":"gossip_ok"}}
2025/04/21 09:33:22 Received {n1 n2 {"data_id":"c10_30","message":41,"msg_id":90,"seen_nodes":["n1","n0","n3","n4","n2"],"type":"gossip"}}
2025/04/21 09:33:22 Sent {"src":"n2","dest":"n1","body":{"already_seen":false,"in_reply_to":90,"msg_id":58,"seen_nodes":["n2","n1","n0","n3","n4"],"type":"gossip_ok"}}
2025/04/21 09:33:23 Received {c12 n2 {"type":"read","msg_id":16}}
2025/04/21 09:33:23 Sent {"src":"n2","dest":"c12","body":{"in_reply_to":16,"messages":[10,23,33,37,15,17,18,36,41,3,6,19,21,28,29,38,40,0,20,25,27,1,7,12,30,31,8,13,22,26,32,35,9,11,14,16,39,2,4,5,24,34],"msg_id":59,"type":"read_ok"}}
2025/04/21 09:33:23 Received {n1 n2 {"data_id":"c11_18","message":42,"msg_id":92,"seen_nodes":["n1","n4","n2"],"type":"gossip"}}
2025/04/21 09:33:23 Sent {"src":"n2","dest":"n1","body":{"already_seen":false,"in_reply_to":92,"msg_id":60,"seen_nodes":["n2","n1","n4"],"type":"gossip_ok"}}
2025/04/21 09:33:23 Received {c12 n2 {"type":"read","msg_id":17}}
2025/04/21 09:33:23 Sent {"src":"n2","dest":"c12","body":{"in_reply_to":17,"messages":[10,23,33,37,15,17,18,36,41,38,40,3,6,19,21,28,29,0,20,25,27,1,7,12,30,31,8,13,22,26,32,35,9,11,14,16,39,42,2,4,5,24,34],"msg_id":61,"type":"read_ok"}}
2025/04/21 09:33:23 Received {n1 n2 {"data_id":"c13_17","message":43,"msg_id":95,"seen_nodes":["n1","n0","n3","n4","n2"],"type":"gossip"}}
2025/04/21 09:33:23 Sent {"src":"n2","dest":"n1","body":{"already_seen":false,"in_reply_to":95,"msg_id":62,"seen_nodes":["n2","n1","n0","n3","n4"],"type":"gossip_ok"}}
2025/04/21 09:33:24 Received {n1 n2 {"data_id":"c14_17","message":44,"msg_id":96,"seen_nodes":["n1","n4","n2"],"type":"gossip"}}
2025/04/21 09:33:24 Sent {"src":"n2","dest":"n1","body":{"already_seen":false,"in_reply_to":96,"msg_id":63,"seen_nodes":["n2","n1","n4"],"type":"gossip_ok"}}
2025/04/21 09:33:24 Received {n1 n2 {"data_id":"c10_33","message":45,"msg_id":99,"seen_nodes":["n1","n0","n3","n4","n2"],"type":"gossip"}}
2025/04/21 09:33:24 Sent {"src":"n2","dest":"n1","body":{"already_seen":false,"in_reply_to":99,"msg_id":64,"seen_nodes":["n2","n1","n0","n3","n4"],"type":"gossip_ok"}}
2025/04/21 09:33:24 Received {n1 n2 {"data_id":"c10_34","message":46,"msg_id":101,"seen_nodes":["n1","n0","n3","n4","n2"],"type":"gossip"}}
2025/04/21 09:33:24 Sent {"src":"n2","dest":"n1","body":{"already_seen":false,"in_reply_to":101,"msg_id":65,"seen_nodes":["n2","n1","n0","n3","n4"],"type":"gossip_ok"}}
2025/04/21 09:33:24 Received {c12 n2 {"type":"broadcast","message":47,"msg_id":18}}
2025/04/21 09:33:24 Sent {"src":"n2","dest":"n1","body":{"data_id":"c12_18","message":47,"msg_id":11,"seen_nodes":["n2","n1"],"type":"gossip"}}
2025/04/21 09:33:24 Sent {"src":"n2","dest":"c12","body":{"in_reply_to":18,"msg_id":67,"type":"broadcast_ok"}}
2025/04/21 09:33:24 Received {n1 n2 {"already_seen":false,"in_reply_to":11,"msg_id":183,"seen_nodes":["n1","n2","n4","n0"],"type":"gossip_ok"}}
2025/04/21 09:33:24 Received {n1 n2 {"data_id":"c14_18","message":48,"msg_id":104,"seen_nodes":["n1","n4","n2"],"type":"gossip"}}
2025/04/21 09:33:24 Sent {"src":"n2","dest":"n1","body":{"already_seen":false,"in_reply_to":104,"msg_id":68,"seen_nodes":["n2","n1","n4"],"type":"gossip_ok"}}
2025/04/21 09:33:24 Received {n1 n2 {"data_id":"c10_35","message":49,"msg_id":107,"seen_nodes":["n1","n0","n3","n4","n2"],"type":"gossip"}}
2025/04/21 09:33:24 Sent {"src":"n2","dest":"n1","body":{"already_seen":false,"in_reply_to":107,"msg_id":69,"seen_nodes":["n2","n1","n0","n3","n4"],"type":"gossip_ok"}}
2025/04/21 09:33:24 Received {n1 n2 {"data_id":"c10_36","message":50,"msg_id":109,"seen_nodes":["n1","n0","n3","n4","n2"],"type":"gossip"}}
2025/04/21 09:33:24 Sent {"src":"n2","dest":"n1","body":{"already_seen":false,"in_reply_to":109,"msg_id":70,"seen_nodes":["n2","n1","n0","n3","n4"],"type":"gossip_ok"}}
2025/04/21 09:33:25 Received {c12 n2 {"type":"broadcast","message":51,"msg_id":19}}
2025/04/21 09:33:25 Sent {"src":"n2","dest":"n1","body":{"data_id":"c12_19","message":51,"msg_id":12,"seen_nodes":["n2","n1"],"type":"gossip"}}
2025/04/21 09:33:25 Sent {"src":"n2","dest":"c12","body":{"in_reply_to":19,"msg_id":72,"type":"broadcast_ok"}}
2025/04/21 09:33:25 Received {n1 n2 {"already_seen":false,"in_reply_to":12,"msg_id":198,"seen_nodes":["n1","n2","n4","n0"],"type":"gossip_ok"}}
2025/04/21 09:33:25 Received {n1 n2 {"data_id":"c13_19","message":52,"msg_id":113,"seen_nodes":["n1","n0","n3","n4","n2"],"type":"gossip"}}
2025/04/21 09:33:25 Sent {"src":"n2","dest":"n1","body":{"already_seen":false,"in_reply_to":113,"msg_id":73,"seen_nodes":["n2","n1","n0","n3","n4"],"type":"gossip_ok"}}
2025/04/21 09:33:25 Received {n1 n2 {"data_id":"c11_21","message":53,"msg_id":115,"seen_nodes":["n1","n4","n2"],"type":"gossip"}}
2025/04/21 09:33:25 Sent {"src":"n2","dest":"n1","body":{"already_seen":false,"in_reply_to":115,"msg_id":74,"seen_nodes":["n2","n1","n4"],"type":"gossip_ok"}}
2025/04/21 09:33:25 Received {c12 n2 {"type":"read","msg_id":20}}
2025/04/21 09:33:25 Sent {"src":"n2","dest":"c12","body":{"in_reply_to":20,"messages":[23,44,53,10,17,18,41,50,6,19,21,40,51,20,25,0,7,12,30,31,1,26,32,35,22,11,14,39,9,4,5,46,2,37,43,33,36,45,15,28,29,38,3,48,47,27,49,52,13,8,42,16,24,34],"msg_id":75,"type":"read_ok"}}
2025/04/21 09:33:25 Received {n1 n2 {"data_id":"c14_20","message":54,"msg_id":117,"seen_nodes":["n1","n4","n2"],"type":"gossip"}}
2025/04/21 09:33:25 Sent {"src":"n2","dest":"n1","body":{"already_seen":false,"in_reply_to":117,"msg_id":76,"seen_nodes":["n2","n1","n4"],"type":"gossip_ok"}}
2025/04/21 09:33:26 Received {n1 n2 {"data_id":"c10_39","message":55,"msg_id":120,"seen_nodes":["n1","n0","n3","n4","n2"],"type":"gossip"}}
2025/04/21 09:33:26 Sent {"src":"n2","dest":"n1","body":{"already_seen":false,"in_reply_to":120,"msg_id":77,"seen_nodes":["n2","n1","n0","n3","n4"],"type":"gossip_ok"}}
2025/04/21 09:33:26 Received {n1 n2 {"data_id":"c11_22","message":56,"msg_id":122,"seen_nodes":["n1","n4","n2"],"type":"gossip"}}
2025/04/21 09:33:26 Sent {"src":"n2","dest":"n1","body":{"already_seen":false,"in_reply_to":122,"msg_id":78,"seen_nodes":["n2","n1","n4"],"type":"gossip_ok"}}
2025/04/21 09:33:26 Received {c12 n2 {"type":"broadcast","message":57,"msg_id":21}}
2025/04/21 09:33:26 Sent {"src":"n2","dest":"n1","body":{"data_id":"c12_21","message":57,"msg_id":13,"seen_nodes":["n2","n1"],"type":"gossip"}}
2025/04/21 09:33:26 Sent {"src":"n2","dest":"c12","body":{"in_reply_to":21,"msg_id":80,"type":"broadcast_ok"}}
2025/04/21 09:33:26 Received {n1 n2 {"already_seen":false,"in_reply_to":13,"msg_id":220,"seen_nodes":["n1","n2","n4","n0"],"type":"gossip_ok"}}
2025/04/21 09:33:26 Received {n1 n2 {"data_id":"c13_21","message":58,"msg_id":126,"seen_nodes":["n1","n4","n3","n0","n2"],"type":"gossip"}}
2025/04/21 09:33:26 Sent {"src":"n2","dest":"n1","body":{"already_seen":false,"in_reply_to":126,"msg_id":81,"seen_nodes":["n2","n1","n4","n3","n0"],"type":"gossip_ok"}}
2025/04/21 09:33:26 Received {n1 n2 {"data_id":"c14_21","message":59,"msg_id":127,"seen_nodes":["n1","n4","n2"],"type":"gossip"}}
2025/04/21 09:33:26 Sent {"src":"n2","dest":"n1","body":{"already_seen":false,"in_reply_to":127,"msg_id":82,"seen_nodes":["n2","n1","n4"],"type":"gossip_ok"}}
2025/04/21 09:33:26 Received {n1 n2 {"data_id":"c10_42","message":60,"msg_id":130,"seen_nodes":["n1","n0","n3","n4","n2"],"type":"gossip"}}
2025/04/21 09:33:26 Sent {"src":"n2","dest":"n1","body":{"already_seen":false,"in_reply_to":130,"msg_id":83,"seen_nodes":["n2","n1","n0","n3","n4"],"type":"gossip_ok"}}
2025/04/21 09:33:27 Received {c12 n2 {"type":"read","msg_id":22}}
2025/04/21 09:33:27 Sent {"src":"n2","dest":"c12","body":{"in_reply_to":22,"messages":[26,32,35,57,22,11,14,39,9,4,5,46,56,58,2,37,43,33,36,45,15,28,29,38,47,48,3,49,54,59,27,52,13,8,42,16,34,24,23,44,53,55,10,18,41,50,17,19,21,40,51,60,6,20,25,0,7,12,30,31,1],"msg_id":84,"type":"read_ok"}}
2025/04/21 09:33:27 Received {n1 n2 {"data_id":"c13_22","message":61,"msg_id":132,"seen_nodes":["n1","n0","n3","n4","n2"],"type":"gossip"}}
2025/04/21 09:33:27 Sent {"src":"n2","dest":"n1","body":{"already_seen":false,"in_reply_to":132,"msg_id":85,"seen_nodes":["n2","n1","n0","n3","n4"],"type":"gossip_ok"}}
2025/04/21 09:33:27 Received {n1 n2 {"data_id":"c14_22","message":62,"msg_id":133,"seen_nodes":["n1","n4","n2"],"type":"gossip"}}
2025/04/21 09:33:27 Sent {"src":"n2","dest":"n1","body":{"already_seen":false,"in_reply_to":133,"msg_id":86,"seen_nodes":["n2","n1","n4"],"type":"gossip_ok"}}
2025/04/21 09:33:27 Received {n1 n2 {"data_id":"c10_43","message":63,"msg_id":136,"seen_nodes":["n1","n0","n3","n4","n2"],"type":"gossip"}}
2025/04/21 09:33:27 Sent {"src":"n2","dest":"n1","body":{"already_seen":false,"in_reply_to":136,"msg_id":87,"seen_nodes":["n2","n1","n0","n3","n4"],"type":"gossip_ok"}}
2025/04/21 09:33:27 Received {c12 n2 {"type":"broadcast","message":64,"msg_id":23}}
2025/04/21 09:33:27 Sent {"src":"n2","dest":"n1","body":{"data_id":"c12_23","message":64,"msg_id":14,"seen_nodes":["n2","n1"],"type":"gossip"}}
2025/04/21 09:33:27 Sent {"src":"n2","dest":"c12","body":{"in_reply_to":23,"msg_id":89,"type":"broadcast_ok"}}
2025/04/21 09:33:27 Received {n1 n2 {"already_seen":false,"in_reply_to":14,"msg_id":246,"seen_nodes":["n1","n2","n4","n0"],"type":"gossip_ok"}}
2025/04/21 09:33:27 Received {n1 n2 {"data_id":"c13_23","message":65,"msg_id":140,"seen_nodes":["n1","n0","n3","n4","n2"],"type":"gossip"}}
2025/04/21 09:33:27 Sent {"src":"n2","dest":"n1","body":{"already_seen":false,"in_reply_to":140,"msg_id":90,"seen_nodes":["n2","n1","n0","n3","n4"],"type":"gossip_ok"}}
2025/04/21 09:33:27 Received {n1 n2 {"data_id":"c10_46","message":66,"msg_id":142,"seen_nodes":["n1","n0","n3","n4","n2"],"type":"gossip"}}
2025/04/21 09:33:27 Sent {"src":"n2","dest":"n1","body":{"already_seen":false,"in_reply_to":142,"msg_id":91,"seen_nodes":["n2","n1","n0","n3","n4"],"type":"gossip_ok"}}
2025/04/21 09:33:28 Received {c12 n2 {"type":"read","msg_id":24}}
2025/04/21 09:33:28 Sent {"src":"n2","dest":"c12","body":{"in_reply_to":24,"messages":[8,13,61,16,42,24,34,10,23,44,53,55,17,18,41,50,6,19,21,40,51,60,0,20,25,66,1,7,12,30,31,65,22,26,32,35,57,9,11,14,39,64,2,4,5,46,56,58,33,37,43,15,36,45,62,63,3,28,29,38,47,48,27,49,54,59,52],"msg_id":92,"type":"read_ok"}}
2025/04/21 09:33:28 Received {n1 n2 {"data_id":"c14_24","message":67,"msg_id":143,"seen_nodes":["n1","n4","n2"],"type":"gossip"}}
2025/04/21 09:33:28 Sent {"src":"n2","dest":"n1","body":{"already_seen":false,"in_reply_to":143,"msg_id":93,"seen_nodes":["n2","n1","n4"],"type":"gossip_ok"}}
2025/04/21 09:33:28 Received {n1 n2 {"data_id":"c10_48","message":68,"msg_id":146,"seen_nodes":["n1","n0","n3","n4","n2"],"type":"gossip"}}
2025/04/21 09:33:28 Sent {"src":"n2","dest":"n1","body":{"already_seen":false,"in_reply_to":146,"msg_id":94,"seen_nodes":["n2","n1","n0","n3","n4"],"type":"gossip_ok"}}
2025/04/21 09:33:28 Received {n1 n2 {"data_id":"c11_26","message":69,"msg_id":148,"seen_nodes":["n1","n4","n2"],"type":"gossip"}}
2025/04/21 09:33:28 Sent {"src":"n2","dest":"n1","body":{"already_seen":false,"in_reply_to":148,"msg_id":95,"seen_nodes":["n2","n1","n4"],"type":"gossip_ok"}}
2025/04/21 09:33:28 Received {c12 n2 {"type":"broadcast","message":70,"msg_id":25}}
2025/04/21 09:33:28 Sent {"src":"n2","dest":"n1","body":{"data_id":"c12_25","message":70,"msg_id":15,"seen_nodes":["n2","n1"],"type":"gossip"}}
2025/04/21 09:33:28 Sent {"src":"n2","dest":"c12","body":{"in_reply_to":25,"msg_id":97,"type":"broadcast_ok"}}
2025/04/21 09:33:28 Received {n1 n2 {"already_seen":false,"in_reply_to":15,"msg_id":268,"seen_nodes":["n1","n2","n4","n0"],"type":"gossip_ok"}}
2025/04/21 09:33:28 Received {n1 n2 {"data_id":"c13_25","message":71,"msg_id":153,"seen_nodes":["n1","n0","n3","n4","n2"],"type":"gossip"}}
2025/04/21 09:33:28 Sent {"src":"n2","dest":"n1","body":{"already_seen":false,"in_reply_to":153,"msg_id":98,"seen_nodes":["n2","n1","n0","n3","n4"],"type":"gossip_ok"}}
2025/04/21 09:33:28 Received {n1 n2 {"data_id":"c14_25","message":72,"msg_id":154,"seen_nodes":["n1","n4","n2"],"type":"gossip"}}
2025/04/21 09:33:28 Sent {"src":"n2","dest":"n1","body":{"already_seen":false,"in_reply_to":154,"msg_id":99,"seen_nodes":["n2","n1","n4"],"type":"gossip_ok"}}
2025/04/21 09:33:29 Received {c12 n2 {"type":"broadcast","message":73,"msg_id":26}}
2025/04/21 09:33:29 Sent {"src":"n2","dest":"n1","body":{"data_id":"c12_26","message":73,"msg_id":16,"seen_nodes":["n2","n1"],"type":"gossip"}}
2025/04/21 09:33:29 Sent {"src":"n2","dest":"c12","body":{"in_reply_to":26,"msg_id":101,"type":"broadcast_ok"}}
2025/04/21 09:33:29 Received {n1 n2 {"already_seen":false,"in_reply_to":16,"msg_id":279,"seen_nodes":["n1","n2","n4","n0"],"type":"gossip_ok"}}
2025/04/21 09:33:29 Received {n1 n2 {"data_id":"c13_26","message":74,"msg_id":159,"seen_nodes":["n1","n0","n3","n4","n2"],"type":"gossip"}}
2025/04/21 09:33:29 Sent {"src":"n2","dest":"n1","body":{"already_seen":false,"in_reply_to":159,"msg_id":102,"seen_nodes":["n2","n1","n0","n3","n4"],"type":"gossip_ok"}}
2025/04/21 09:33:29 Received {n1 n2 {"data_id":"c14_26","message":75,"msg_id":160,"seen_nodes":["n1","n4","n2"],"type":"gossip"}}
2025/04/21 09:33:29 Sent {"src":"n2","dest":"n1","body":{"already_seen":false,"in_reply_to":160,"msg_id":103,"seen_nodes":["n2","n1","n4"],"type":"gossip_ok"}}
2025/04/21 09:33:29 Received {n1 n2 {"data_id":"c10_52","message":76,"msg_id":163,"seen_nodes":["n1","n0","n3","n4","n2"],"type":"gossip"}}
2025/04/21 09:33:29 Sent {"src":"n2","dest":"n1","body":{"already_seen":false,"in_reply_to":163,"msg_id":104,"seen_nodes":["n2","n1","n0","n3","n4"],"type":"gossip_ok"}}
2025/04/21 09:33:29 Received {c12 n2 {"type":"broadcast","message":77,"msg_id":27}}
2025/04/21 09:33:29 Sent {"src":"n2","dest":"n1","body":{"data_id":"c12_27","message":77,"msg_id":17,"seen_nodes":["n2","n1"],"type":"gossip"}}
2025/04/21 09:33:29 Sent {"src":"n2","dest":"c12","body":{"in_reply_to":27,"msg_id":106,"type":"broadcast_ok"}}
2025/04/21 09:33:29 Received {n1 n2 {"already_seen":false,"in_reply_to":17,"msg_id":294,"seen_nodes":["n1","n2","n4","n0"],"type":"gossip_ok"}}
2025/04/21 09:33:30 Received {n1 n2 {"data_id":"c14_27","message":78,"msg_id":166,"seen_nodes":["n1","n4","n2"],"type":"gossip"}}
2025/04/21 09:33:30 Sent {"src":"n2","dest":"n1","body":{"already_seen":false,"in_reply_to":166,"msg_id":107,"seen_nodes":["n2","n1","n4"],"type":"gossip_ok"}}
2025/04/21 09:33:30 Received {n1 n2 {"data_id":"c11_29","message":79,"msg_id":169,"seen_nodes":["n1","n4","n2"],"type":"gossip"}}
2025/04/21 09:33:30 Sent {"src":"n2","dest":"n1","body":{"already_seen":false,"in_reply_to":169,"msg_id":108,"seen_nodes":["n2","n1","n4"],"type":"gossip_ok"}}
2025/04/21 09:33:30 Received {c12 n2 {"type":"broadcast","message":80,"msg_id":28}}
2025/04/21 09:33:30 Sent {"src":"n2","dest":"n1","body":{"data_id":"c12_28","message":80,"msg_id":18,"seen_nodes":["n2","n1"],"type":"gossip"}}
2025/04/21 09:33:30 Sent {"src":"n2","dest":"c12","body":{"in_reply_to":28,"msg_id":110,"type":"broadcast_ok"}}
2025/04/21 09:33:30 Received {n1 n2 {"already_seen":false,"in_reply_to":18,"msg_id":304,"seen_nodes":["n1","n2","n4","n0"],"type":"gossip_ok"}}
2025/04/21 09:33:31 Received {n1 n2 {"data_id":"c11_30","message":81,"msg_id":174,"seen_nodes":["n1","n4","n2"],"type":"gossip"}}
2025/04/21 09:33:31 Sent {"src":"n2","dest":"n1","body":{"already_seen":false,"in_reply_to":174,"msg_id":111,"seen_nodes":["n2","n1","n4"],"type":"gossip_ok"}}
2025/04/21 09:33:31 Received {c12 n2 {"type":"broadcast","message":82,"msg_id":29}}
2025/04/21 09:33:31 Sent {"src":"n2","dest":"n1","body":{"data_id":"c12_29","message":82,"msg_id":19,"seen_nodes":["n2","n1"],"type":"gossip"}}
2025/04/21 09:33:31 Sent {"src":"n2","dest":"c12","body":{"in_reply_to":29,"msg_id":113,"type":"broadcast_ok"}}
2025/04/21 09:33:31 Received {n1 n2 {"already_seen":false,"in_reply_to":19,"msg_id":311,"seen_nodes":["n1","n2","n4","n0"],"type":"gossip_ok"}}
2025/04/21 09:33:31 Received {n1 n2 {"data_id":"c13_29","message":83,"msg_id":179,"seen_nodes":["n1","n0","n3","n4","n2"],"type":"gossip"}}
2025/04/21 09:33:31 Sent {"src":"n2","dest":"n1","body":{"already_seen":false,"in_reply_to":179,"msg_id":114,"seen_nodes":["n2","n1","n0","n3","n4"],"type":"gossip_ok"}}
2025/04/21 09:33:31 Received {n1 n2 {"data_id":"c14_29","message":84,"msg_id":180,"seen_nodes":["n1","n4","n2"],"type":"gossip"}}
2025/04/21 09:33:31 Sent {"src":"n2","dest":"n1","body":{"already_seen":false,"in_reply_to":180,"msg_id":115,"seen_nodes":["n2","n1","n4"],"type":"gossip_ok"}}
2025/04/21 09:33:31 Received {n1 n2 {"data_id":"c10_58","message":85,"msg_id":183,"seen_nodes":["n1","n0","n3","n4","n2"],"type":"gossip"}}
2025/04/21 09:33:31 Sent {"src":"n2","dest":"n1","body":{"already_seen":false,"in_reply_to":183,"msg_id":116,"seen_nodes":["n2","n1","n0","n3","n4"],"type":"gossip_ok"}}
2025/04/21 09:33:31 Received {c12 n2 {"type":"read","msg_id":30}}
2025/04/21 09:33:31 Sent {"src":"n2","dest":"c12","body":{"in_reply_to":30,"messages":[45,62,63,78,15,36,29,38,47,48,77,3,28,54,59,73,76,27,49,52,72,61,81,8,13,75,16,42,67,80,83,85,24,34,44,53,55,84,10,23,41,50,79,17,18,21,40,51,60,68,71,6,19,74,25,66,0,20,12,30,31,65,82,1,7,32,35,57,22,26,14,39,64,9,11,5,46,56,58,69,70,2,4,43,33,37],"msg_id":117,"type":"read_ok"}}
2025/04/21 09:33:32 Received {n1 n2 {"data_id":"c13_30","message":86,"msg_id":185,"seen_nodes":["n1","n0","n3","n4","n2"],"type":"gossip"}}
2025/04/21 09:33:32 Sent {"src":"n2","dest":"n1","body":{"already_seen":false,"in_reply_to":185,"msg_id":118,"seen_nodes":["n2","n1","n0","n3","n4"],"type":"gossip_ok"}}
2025/04/21 09:33:32 Received {n1 n2 {"data_id":"c10_59","message":87,"msg_id":187,"seen_nodes":["n1","n0","n3","n4","n2"],"type":"gossip"}}
2025/04/21 09:33:32 Sent {"src":"n2","dest":"n1","body":{"already_seen":false,"in_reply_to":187,"msg_id":119,"seen_nodes":["n2","n1","n0","n3","n4"],"type":"gossip_ok"}}
2025/04/21 09:33:32 Received {n1 n2 {"data_id":"c10_60","message":88,"msg_id":189,"seen_nodes":["n1","n0","n3","n4","n2"],"type":"gossip"}}
2025/04/21 09:33:32 Sent {"src":"n2","dest":"n1","body":{"already_seen":false,"in_reply_to":189,"msg_id":120,"seen_nodes":["n2","n1","n0","n3","n4"],"type":"gossip_ok"}}
2025/04/21 09:33:32 Received {c12 n2 {"type":"broadcast","message":89,"msg_id":31}}
2025/04/21 09:33:32 Sent {"src":"n2","dest":"n1","body":{"data_id":"c12_31","message":89,"msg_id":20,"seen_nodes":["n2","n1"],"type":"gossip"}}
2025/04/21 09:33:32 Sent {"src":"n2","dest":"c12","body":{"in_reply_to":31,"msg_id":122,"type":"broadcast_ok"}}
2025/04/21 09:33:32 Received {n1 n2 {"already_seen":false,"in_reply_to":20,"msg_id":339,"seen_nodes":["n1","n2","n4","n0"],"type":"gossip_ok"}}
2025/04/21 09:33:32 Received {n1 n2 {"data_id":"c13_31","message":90,"msg_id":193,"seen_nodes":["n1","n0","n3","n4","n2"],"type":"gossip"}}
2025/04/21 09:33:32 Sent {"src":"n2","dest":"n1","body":{"already_seen":false,"in_reply_to":193,"msg_id":123,"seen_nodes":["n2","n1","n0","n3","n4"],"type":"gossip_ok"}}
2025/04/21 09:33:32 Received {n1 n2 {"data_id":"c14_31","message":91,"msg_id":194,"seen_nodes":["n1","n4","n2"],"type":"gossip"}}
2025/04/21 09:33:32 Sent {"src":"n2","dest":"n1","body":{"already_seen":false,"in_reply_to":194,"msg_id":124,"seen_nodes":["n2","n1","n4"],"type":"gossip_ok"}}
2025/04/21 09:33:32 Received {n1 n2 {"data_id":"c10_62","message":92,"msg_id":197,"seen_nodes":["n1","n0","n3","n4","n2"],"type":"gossip"}}
2025/04/21 09:33:32 Sent {"src":"n2","dest":"n1","body":{"already_seen":false,"in_reply_to":197,"msg_id":125,"seen_nodes":["n2","n1","n0","n3","n4"],"type":"gossip_ok"}}
2025/04/21 09:33:33 Received {c12 n2 {"type":"broadcast","message":93,"msg_id":32}}
2025/04/21 09:33:33 Sent {"src":"n2","dest":"n1","body":{"data_id":"c12_32","message":93,"msg_id":21,"seen_nodes":["n2","n1"],"type":"gossip"}}
2025/04/21 09:33:33 Sent {"src":"n2","dest":"c12","body":{"in_reply_to":32,"msg_id":127,"type":"broadcast_ok"}}
2025/04/21 09:33:33 Received {n1 n2 {"already_seen":false,"in_reply_to":21,"msg_id":353,"seen_nodes":["n1","n2","n4","n0"],"type":"gossip_ok"}}
2025/04/21 09:33:43 Received {c12 n2 {"type":"read","msg_id":33}}
2025/04/21 09:33:43 Sent {"src":"n2","dest":"c12","body":{"in_reply_to":33,"messages":[40,51,60,68,71,6,19,21,92,74,86,89,66,0,20,25,30,31,65,82,90,1,7,12,91,35,57,22,26,32,39,64,88,9,11,14,46,56,58,69,70,2,4,5,33,37,43,62,63,78,15,36,45,38,47,48,77,3,28,29,59,73,76,27,49,54,52,72,81,8,13,61,16,42,75,80,83,85,87,24,34,67,53,55,84,10,23,44,50,79,93,17,18,41],"msg_id":128,"type":"read_ok"}}
