2025/04/21 09:33:13 Received {c0 n3 {"type":"init","node_id":"n3","node_ids":["n0","n1","n2","n3","n4"],"msg_id":1}}
2025/04/21 09:33:13 Node n3 initialized
2025/04/21 09:33:13 Sent {"src":"n3","dest":"c0","body":{"in_reply_to":1,"type":"init_ok"}}
2025/04/21 09:33:13 Received {c8 n3 {"type":"topology","topology":{"n0":["n3","n1"],"n1":["n4","n2","n0"],"n2":["n1"],"n3":["n0","n4"],"n4":["n1","n3"]},"msg_id":1}}
2025/04/21 09:33:13 Sent {"src":"n3","dest":"c8","body":{"in_reply_to":1,"msg_id":1,"type":"topology_ok"}}
2025/04/21 09:33:13 Received {c13 n3 {"type":"read","msg_id":1}}
2025/04/21 09:33:13 Sent {"src":"n3","dest":"c13","body":{"in_reply_to":1,"messages":[],"msg_id":2,"type":"read_ok"}}
2025/04/21 09:33:13 Received {n0 n3 {"data_id":"c10_3","message":0,"msg_id":1,"seen_nodes":["n0","n3"],"type":"gossip"}}
2025/04/21 09:33:13 Sent {"src":"n3","dest":"n4","body":{"data_id":"c10_3","message":0,"msg_id":1,"seen_nodes":["n3","n0","n4"],"type":"gossip"}}
2025/04/21 09:33:13 Sent {"src":"n3","dest":"n0","body":{"already_seen":false,"in_reply_to":1,"msg_id":4,"seen_nodes":["n3","n0","n4"],"type":"gossip_ok"}}
2025/04/21 09:33:13 Received {n4 n3 {"already_seen":false,"in_reply_to":1,"msg_id":4,"seen_nodes":["n4","n3","n0","n1"],"type":"gossip_ok"}}
2025/04/21 09:33:13 Received {n4 n3 {"data_id":"c12_2","message":1,"msg_id":2,"seen_nodes":["n4","n1","n2","n3"],"type":"gossip"}}
2025/04/21 09:33:13 Sent {"src":"n3","dest":"n0","body":{"data_id":"c12_2","message":1,"msg_id":2,"seen_nodes":["n3","n4","n1","n2","n0"],"type":"gossip"}}
2025/04/21 09:33:13 Received {n0 n3 {"data_id":"c12_2","message":1,"msg_id":3,"seen_nodes":["n0","n1","n2","n4","n3"],"type":"gossip"}}
2025/04/21 09:33:13 Sent {"src":"n3","dest":"n4","body":{"already_seen":false,"in_reply_to":2,"msg_id":6,"seen_nodes":["n3","n4","n1","n2","n0"],"type":"gossip_ok"}}
2025/04/21 09:33:13 Sent {"src":"n3","dest":"n0","body":{"already_seen":true,"in_reply_to":3,"msg_id":7,"seen_nodes":["n3","n4","n1","n2","n0"],"type":"gossip_ok"}}
2025/04/21 09:33:13 Received {n0 n3 {"already_seen":true,"in_reply_to":2,"msg_id":9,"seen_nodes":["n0","n1","n2","n4","n3"],"type":"gossip_ok"}}
2025/04/21 09:33:13 Received {c13 n3 {"type":"broadcast","message":2,"msg_id":2}}
2025/04/21 09:33:13 Sent {"src":"n3","dest":"n0","body":{"data_id":"c13_2","message":2,"msg_id":3,"seen_nodes":["n3","n0"],"type":"gossip"}}
2025/04/21 09:33:13 Sent {"src":"n3","dest":"n4","body":{"data_id":"c13_2","message":2,"msg_id":4,"seen_nodes":["n3","n0","n4"],"type":"gossip"}}
2025/04/21 09:33:13 Sent {"src":"n3","dest":"c13","body":{"in_reply_to":2,"msg_id":10,"type":"broadcast_ok"}}
2025/04/21 09:33:13 Received {n0 n3 {"already_seen":false,"in_reply_to":3,"msg_id":11,"seen_nodes":["n0","n3","n1"],"type":"gossip_ok"}}
2025/04/21 09:33:13 Received {n4 n3 {"already_seen":false,"in_reply_to":4,"msg_id":9,"seen_nodes":["n4","n3","n0","n1"],"type":"gossip_ok"}}
2025/04/21 09:33:14 Received {n0 n3 {"data_id":"c10_4","message":3,"msg_id":5,"seen_nodes":["n0","n3"],"type":"gossip"}}
2025/04/21 09:33:14 Sent {"src":"n3","dest":"n4","body":{"data_id":"c10_4","message":3,"msg_id":5,"seen_nodes":["n3","n0","n4"],"type":"gossip"}}
2025/04/21 09:33:14 Sent {"src":"n3","dest":"n0","body":{"already_seen":false,"in_reply_to":5,"msg_id":12,"seen_nodes":["n3","n0","n4"],"type":"gossip_ok"}}
2025/04/21 09:33:14 Received {n4 n3 {"already_seen":false,"in_reply_to":5,"msg_id":13,"seen_nodes":["n4","n3","n0","n1"],"type":"gossip_ok"}}
2025/04/21 09:33:14 Received {n4 n3 {"data_id":"c11_3","message":4,"msg_id":5,"seen_nodes":["n4","n1","n3"],"type":"gossip"}}
2025/04/21 09:33:14 Sent {"src":"n3","dest":"n0","body":{"data_id":"c11_3","message":4,"msg_id":6,"seen_nodes":["n3","n4","n1","n0"],"type":"gossip"}}
2025/04/21 09:33:14 Sent {"src":"n3","dest":"n4","body":{"already_seen":false,"in_reply_to":5,"msg_id":14,"seen_nodes":["n3","n4","n1","n0"],"type":"gossip_ok"}}
2025/04/21 09:33:14 Received {n0 n3 {"data_id":"c11_3","message":4,"msg_id":7,"seen_nodes":["n0","n1","n4","n2","n3"],"type":"gossip"}}
2025/04/21 09:33:14 Sent {"src":"n3","dest":"n0","body":{"already_seen":true,"in_reply_to":7,"msg_id":15,"seen_nodes":["n3","n4","n1","n0"],"type":"gossip_ok"}}
2025/04/21 09:33:14 Received {n0 n3 {"already_seen":true,"in_reply_to":6,"msg_id":18,"seen_nodes":["n0","n1","n4","n2","n3"],"type":"gossip_ok"}}
2025/04/21 09:33:14 Received {c13 n3 {"type":"read","msg_id":3}}
2025/04/21 09:33:14 Sent {"src":"n3","dest":"c13","body":{"in_reply_to":3,"messages":[0,1,2,3,4],"msg_id":16,"type":"read_ok"}}
2025/04/21 09:33:15 Received {n0 n3 {"data_id":"c10_7","message":5,"msg_id":8,"seen_nodes":["n0","n3"],"type":"gossip"}}
2025/04/21 09:33:15 Sent {"src":"n3","dest":"n4","body":{"data_id":"c10_7","message":5,"msg_id":7,"seen_nodes":["n3","n0","n4"],"type":"gossip"}}
2025/04/21 09:33:15 Sent {"src":"n3","dest":"n0","body":{"already_seen":false,"in_reply_to":8,"msg_id":18,"seen_nodes":["n3","n0","n4"],"type":"gossip_ok"}}
2025/04/21 09:33:15 Received {n4 n3 {"already_seen":false,"in_reply_to":7,"msg_id":19,"seen_nodes":["n4","n3","n0","n1"],"type":"gossip_ok"}}
2025/04/21 09:33:15 Received {n4 n3 {"data_id":"c11_4","message":6,"msg_id":7,"seen_nodes":["n4","n1","n3"],"type":"gossip"}}
2025/04/21 09:33:15 Sent {"src":"n3","dest":"n0","body":{"data_id":"c11_4","message":6,"msg_id":8,"seen_nodes":["n3","n4","n1","n0"],"type":"gossip"}}
2025/04/21 09:33:15 Sent {"src":"n3","dest":"n4","body":{"already_seen":false,"in_reply_to":7,"msg_id":20,"seen_nodes":["n3","n4","n1","n0"],"type":"gossip_ok"}}
2025/04/21 09:33:15 Received {n0 n3 {"data_id":"c11_4","message":6,"msg_id":10,"seen_nodes":["n0","n1","n4","n2","n3"],"type":"gossip"}}
2025/04/21 09:33:15 Sent {"src":"n3","dest":"n0","body":{"already_seen":true,"in_reply_to":10,"msg_id":21,"seen_nodes":["n3","n4","n1","n0"],"type":"gossip_ok"}}
2025/04/21 09:33:15 Received {n4 n3 {"data_id":"c12_4","message":7,"msg_id":8,"seen_nodes":["n4","n1","n2","n3"],"type":"gossip"}}
2025/04/21 09:33:15 Sent {"src":"n3","dest":"n0","body":{"data_id":"c12_4","message":7,"msg_id":9,"seen_nodes":["n3","n4","n1","n2","n0"],"type":"gossip"}}
2025/04/21 09:33:15 Sent {"src":"n3","dest":"n4","body":{"already_seen":false,"in_reply_to":8,"msg_id":23,"seen_nodes":["n3","n4","n1","n2","n0"],"type":"gossip_ok"}}
2025/04/21 09:33:15 Received {n0 n3 {"already_seen":true,"in_reply_to":8,"msg_id":25,"seen_nodes":["n0","n1","n4","n2","n3"],"type":"gossip_ok"}}
2025/04/21 09:33:15 Received {n0 n3 {"data_id":"c12_4","message":7,"msg_id":11,"seen_nodes":["n0","n1","n2","n4","n3"],"type":"gossip"}}
2025/04/21 09:33:15 Sent {"src":"n3","dest":"n0","body":{"already_seen":true,"in_reply_to":11,"msg_id":24,"seen_nodes":["n3","n4","n1","n2","n0"],"type":"gossip_ok"}}
2025/04/21 09:33:15 Received {n0 n3 {"already_seen":true,"in_reply_to":9,"msg_id":28,"seen_nodes":["n0","n1","n2","n4","n3"],"type":"gossip_ok"}}
2025/04/21 09:33:15 Received {c13 n3 {"type":"broadcast","message":8,"msg_id":4}}
2025/04/21 09:33:15 Sent {"src":"n3","dest":"n0","body":{"data_id":"c13_4","message":8,"msg_id":10,"seen_nodes":["n3","n0"],"type":"gossip"}}
2025/04/21 09:33:15 Sent {"src":"n3","dest":"n4","body":{"data_id":"c13_4","message":8,"msg_id":11,"seen_nodes":["n3","n0","n4"],"type":"gossip"}}
2025/04/21 09:33:15 Sent {"src":"n3","dest":"c13","body":{"in_reply_to":4,"msg_id":27,"type":"broadcast_ok"}}
2025/04/21 09:33:15 Received {n4 n3 {"already_seen":false,"in_reply_to":11,"msg_id":26,"seen_nodes":["n4","n3","n0","n1"],"type":"gossip_ok"}}
2025/04/21 09:33:15 Received {n0 n3 {"already_seen":false,"in_reply_to":10,"msg_id":30,"seen_nodes":["n0","n3","n1"],"type":"gossip_ok"}}
2025/04/21 09:33:15 Received {n0 n3 {"data_id":"c10_8","message":9,"msg_id":13,"seen_nodes":["n0","n3"],"type":"gossip"}}
2025/04/21 09:33:15 Sent {"src":"n3","dest":"n4","body":{"data_id":"c10_8","message":9,"msg_id":12,"seen_nodes":["n3","n0","n4"],"type":"gossip"}}
2025/04/21 09:33:15 Sent {"src":"n3","dest":"n0","body":{"already_seen":false,"in_reply_to":13,"msg_id":29,"seen_nodes":["n3","n0","n4"],"type":"gossip_ok"}}
2025/04/21 09:33:15 Received {n4 n3 {"already_seen":false,"in_reply_to":12,"msg_id":29,"seen_nodes":["n4","n3","n0","n1"],"type":"gossip_ok"}}
2025/04/21 09:33:15 Received {n0 n3 {"data_id":"c10_9","message":10,"msg_id":15,"seen_nodes":["n0","n3"],"type":"gossip"}}
2025/04/21 09:33:15 Sent {"src":"n3","dest":"n4","body":{"data_id":"c10_9","message":10,"msg_id":13,"seen_nodes":["n3","n0","n4"],"type":"gossip"}}
2025/04/21 09:33:15 Sent {"src":"n3","dest":"n0","body":{"already_seen":false,"in_reply_to":15,"msg_id":31,"seen_nodes":["n3","n0","n4"],"type":"gossip_ok"}}
2025/04/21 09:33:15 Received {n4 n3 {"already_seen":false,"in_reply_to":13,"msg_id":32,"seen_nodes":["n4","n3","n0","n1"],"type":"gossip_ok"}}
2025/04/21 09:33:15 Received {n4 n3 {"data_id":"c11_5","message":11,"msg_id":12,"seen_nodes":["n4","n1","n3"],"type":"gossip"}}
2025/04/21 09:33:15 Sent {"src":"n3","dest":"n0","body":{"data_id":"c11_5","message":11,"msg_id":14,"seen_nodes":["n3","n4","n1","n0"],"type":"gossip"}}
2025/04/21 09:33:15 Sent {"src":"n3","dest":"n4","body":{"already_seen":false,"in_reply_to":12,"msg_id":33,"seen_nodes":["n3","n4","n1","n0"],"type":"gossip_ok"}}
2025/04/21 09:33:15 Received {n0 n3 {"data_id":"c11_5","message":11,"msg_id":17,"seen_nodes":["n0","n1","n4","n2","n3"],"type":"gossip"}}
2025/04/21 09:33:15 Sent {"src":"n3","dest":"n0","body":{"already_seen":true,"in_reply_to":17,"msg_id":34,"seen_nodes":["n3","n4","n1","n0"],"type":"gossip_ok"}}
2025/04/21 09:33:15 Received {n0 n3 {"already_seen":true,"in_reply_to":14,"msg_id":39,"seen_nodes":["n0","n1","n4","n2","n3"],"type":"gossip_ok"}}
2025/04/21 09:33:15 Received {n0 n3 {"data_id":"c12_5","message":12,"msg_id":18,"seen_nodes":["n0","n1","n2","n4","n3"],"type":"gossip"}}
2025/04/21 09:33:15 Received {n4 n3 {"data_id":"c12_5","message":12,"msg_id":13,"seen_nodes":["n4","n1","n2","n3"],"type":"gossip"}}
2025/04/21 09:33:15 Sent {"src":"n3","dest":"n0","body":{"already_seen":false,"in_reply_to":18,"msg_id":35,"seen_nodes":["n3","n0","n1","n2","n4"],"type":"gossip_ok"}}
2025/04/21 09:33:15 Sent {"src":"n3","dest":"n4","body":{"already_seen":true,"in_reply_to":13,"msg_id":36,"seen_nodes":["n3","n0","n1","n2","n4"],"type":"gossip_ok"}}
2025/04/21 09:33:15 Received {c13 n3 {"type":"read","msg_id":5}}
2025/04/21 09:33:15 Sent {"src":"n3","dest":"c13","body":{"in_reply_to":5,"messages":[2,4,5,6,8,9,12,0,1,3,7,10,11],"msg_id":37,"type":"read_ok"}}
2025/04/21 09:33:16 Received {n4 n3 {"data_id":"c14_5","message":13,"msg_id":15,"seen_nodes":["n4","n1","n3"],"type":"gossip"}}
2025/04/21 09:33:16 Sent {"src":"n3","dest":"n0","body":{"data_id":"c14_5","message":13,"msg_id":15,"seen_nodes":["n3","n4","n1","n0"],"type":"gossip"}}
2025/04/21 09:33:16 Sent {"src":"n3","dest":"n4","body":{"already_seen":false,"in_reply_to":15,"msg_id":39,"seen_nodes":["n3","n4","n1","n0"],"type":"gossip_ok"}}
2025/04/21 09:33:16 Received {n0 n3 {"already_seen":false,"in_reply_to":15,"msg_id":42,"seen_nodes":["n0","n3","n4","n1"],"type":"gossip_ok"}}
2025/04/21 09:33:16 Received {n0 n3 {"data_id":"c10_10","message":14,"msg_id":19,"seen_nodes":["n0","n3"],"type":"gossip"}}
2025/04/21 09:33:16 Sent {"src":"n3","dest":"n4","body":{"data_id":"c10_10","message":14,"msg_id":16,"seen_nodes":["n3","n0","n4"],"type":"gossip"}}
2025/04/21 09:33:16 Sent {"src":"n3","dest":"n0","body":{"already_seen":false,"in_reply_to":19,"msg_id":41,"seen_nodes":["n3","n0","n4"],"type":"gossip_ok"}}
2025/04/21 09:33:16 Received {n4 n3 {"already_seen":false,"in_reply_to":16,"msg_id":43,"seen_nodes":["n4","n3","n0","n1"],"type":"gossip_ok"}}
2025/04/21 09:33:16 Received {n0 n3 {"data_id":"c10_11","message":15,"msg_id":21,"seen_nodes":["n0","n3"],"type":"gossip"}}
2025/04/21 09:33:16 Sent {"src":"n3","dest":"n4","body":{"data_id":"c10_11","message":15,"msg_id":17,"seen_nodes":["n3","n0","n4"],"type":"gossip"}}
2025/04/21 09:33:16 Sent {"src":"n3","dest":"n0","body":{"already_seen":false,"in_reply_to":21,"msg_id":43,"seen_nodes":["n3","n0","n4"],"type":"gossip_ok"}}
2025/04/21 09:33:16 Received {n4 n3 {"already_seen":false,"in_reply_to":17,"msg_id":46,"seen_nodes":["n4","n3","n0","n1"],"type":"gossip_ok"}}
2025/04/21 09:33:16 Received {n4 n3 {"data_id":"c12_6","message":16,"msg_id":18,"seen_nodes":["n4","n1","n2","n3"],"type":"gossip"}}
2025/04/21 09:33:16 Received {n0 n3 {"data_id":"c12_6","message":16,"msg_id":23,"seen_nodes":["n0","n1","n2","n4","n3"],"type":"gossip"}}
2025/04/21 09:33:16 Sent {"src":"n3","dest":"n0","body":{"data_id":"c12_6","message":16,"msg_id":18,"seen_nodes":["n3","n4","n1","n2","n0"],"type":"gossip"}}
2025/04/21 09:33:16 Sent {"src":"n3","dest":"n4","body":{"already_seen":false,"in_reply_to":18,"msg_id":46,"seen_nodes":["n3","n4","n1","n2","n0"],"type":"gossip_ok"}}
2025/04/21 09:33:16 Sent {"src":"n3","dest":"n0","body":{"already_seen":true,"in_reply_to":23,"msg_id":45,"seen_nodes":["n3","n4","n1","n2","n0"],"type":"gossip_ok"}}
2025/04/21 09:33:16 Received {n0 n3 {"already_seen":true,"in_reply_to":18,"msg_id":52,"seen_nodes":["n0","n1","n2","n4","n3"],"type":"gossip_ok"}}
2025/04/21 09:33:16 Received {c13 n3 {"type":"read","msg_id":6}}
2025/04/21 09:33:16 Sent {"src":"n3","dest":"c13","body":{"in_reply_to":6,"messages":[4,5,6,8,9,16,1,7,11,14,15,2,13,0,3,10,12],"msg_id":47,"type":"read_ok"}}
2025/04/21 09:33:16 Received {n0 n3 {"data_id":"c10_13","message":17,"msg_id":24,"seen_nodes":["n0","n3"],"type":"gossip"}}
2025/04/21 09:33:16 Sent {"src":"n3","dest":"n4","body":{"data_id":"c10_13","message":17,"msg_id":19,"seen_nodes":["n3","n0","n4"],"type":"gossip"}}
2025/04/21 09:33:16 Sent {"src":"n3","dest":"n0","body":{"already_seen":false,"in_reply_to":24,"msg_id":49,"seen_nodes":["n3","n0","n4"],"type":"gossip_ok"}}
2025/04/21 09:33:16 Received {n4 n3 {"already_seen":false,"in_reply_to":19,"msg_id":52,"seen_nodes":["n4","n3","n0","n1"],"type":"gossip_ok"}}
2025/04/21 09:33:17 Received {n4 n3 {"data_id":"c11_7","message":18,"msg_id":20,"seen_nodes":["n4","n1","n3"],"type":"gossip"}}
2025/04/21 09:33:17 Received {n0 n3 {"data_id":"c11_7","message":18,"msg_id":26,"seen_nodes":["n0","n1","n4","n2","n3"],"type":"gossip"}}
2025/04/21 09:33:17 Sent {"src":"n3","dest":"n0","body":{"data_id":"c11_7","message":18,"msg_id":20,"seen_nodes":["n3","n4","n1","n0"],"type":"gossip"}}
2025/04/21 09:33:17 Sent {"src":"n3","dest":"n4","body":{"already_seen":false,"in_reply_to":20,"msg_id":51,"seen_nodes":["n3","n4","n1","n0"],"type":"gossip_ok"}}
2025/04/21 09:33:17 Sent {"src":"n3","dest":"n0","body":{"already_seen":true,"in_reply_to":26,"msg_id":52,"seen_nodes":["n3","n4","n1","n0"],"type":"gossip_ok"}}
2025/04/21 09:33:17 Received {n0 n3 {"already_seen":true,"in_reply_to":20,"msg_id":59,"seen_nodes":["n0","n1","n4","n2","n3"],"type":"gossip_ok"}}
2025/04/21 09:33:17 Received {n4 n3 {"data_id":"c12_7","message":19,"msg_id":21,"seen_nodes":["n4","n1","n2","n3"],"type":"gossip"}}
2025/04/21 09:33:17 Received {n0 n3 {"data_id":"c12_7","message":19,"msg_id":27,"seen_nodes":["n0","n1","n2","n4","n3"],"type":"gossip"}}
2025/04/21 09:33:17 Sent {"src":"n3","dest":"n0","body":{"data_id":"c12_7","message":19,"msg_id":21,"seen_nodes":["n3","n4","n1","n2","n0"],"type":"gossip"}}
2025/04/21 09:33:17 Sent {"src":"n3","dest":"n4","body":{"already_seen":false,"in_reply_to":21,"msg_id":54,"seen_nodes":["n3","n4","n1","n2","n0"],"type":"gossip_ok"}}
2025/04/21 09:33:17 Sent {"src":"n3","dest":"n0","body":{"already_seen":true,"in_reply_to":27,"msg_id":55,"seen_nodes":["n3","n4","n1","n2","n0"],"type":"gossip_ok"}}
2025/04/21 09:33:17 Received {n0 n3 {"already_seen":true,"in_reply_to":21,"msg_id":62,"seen_nodes":["n0","n1","n2","n4","n3"],"type":"gossip_ok"}}
2025/04/21 09:33:17 Received {c13 n3 {"type":"read","msg_id":7}}
2025/04/21 09:33:17 Sent {"src":"n3","dest":"c13","body":{"in_reply_to":7,"messages":[17,2,13,10,12,19,0,3,6,8,9,18,4,5,11,14,15,16,1,7],"msg_id":56,"type":"read_ok"}}
2025/04/21 09:33:17 Received {n4 n3 {"data_id":"c14_7","message":20,"msg_id":23,"seen_nodes":["n4","n1","n3"],"type":"gossip"}}
2025/04/21 09:33:17 Sent {"src":"n3","dest":"n0","body":{"data_id":"c14_7","message":20,"msg_id":22,"seen_nodes":["n3","n4","n1","n0"],"type":"gossip"}}
2025/04/21 09:33:17 Sent {"src":"n3","dest":"n4","body":{"already_seen":false,"in_reply_to":23,"msg_id":58,"seen_nodes":["n3","n4","n1","n0"],"type":"gossip_ok"}}
2025/04/21 09:33:17 Received {n0 n3 {"data_id":"c14_7","message":20,"msg_id":28,"seen_nodes":["n0","n1","n4","n2","n3"],"type":"gossip"}}
2025/04/21 09:33:17 Sent {"src":"n3","dest":"n0","body":{"already_seen":true,"in_reply_to":28,"msg_id":59,"seen_nodes":["n3","n4","n1","n0"],"type":"gossip_ok"}}
2025/04/21 09:33:17 Received {n0 n3 {"already_seen":true,"in_reply_to":22,"msg_id":65,"seen_nodes":["n0","n1","n4","n2","n3"],"type":"gossip_ok"}}
2025/04/21 09:33:17 Received {n0 n3 {"data_id":"c10_14","message":21,"msg_id":29,"seen_nodes":["n0","n3"],"type":"gossip"}}
2025/04/21 09:33:17 Sent {"src":"n3","dest":"n4","body":{"data_id":"c10_14","message":21,"msg_id":23,"seen_nodes":["n3","n0","n4"],"type":"gossip"}}
2025/04/21 09:33:17 Sent {"src":"n3","dest":"n0","body":{"already_seen":false,"in_reply_to":29,"msg_id":61,"seen_nodes":["n3","n0","n4"],"type":"gossip_ok"}}
2025/04/21 09:33:17 Received {n4 n3 {"already_seen":true,"in_reply_to":23,"msg_id":61,"seen_nodes":["n4","n1","n0","n3"],"type":"gossip_ok"}}
2025/04/21 09:33:17 Received {n4 n3 {"data_id":"c11_8","message":22,"msg_id":24,"seen_nodes":["n4","n1","n3"],"type":"gossip"}}
2025/04/21 09:33:17 Received {n0 n3 {"data_id":"c11_8","message":22,"msg_id":31,"seen_nodes":["n0","n1","n4","n2","n3"],"type":"gossip"}}
2025/04/21 09:33:17 Sent {"src":"n3","dest":"n0","body":{"data_id":"c11_8","message":22,"msg_id":24,"seen_nodes":["n3","n4","n1","n0"],"type":"gossip"}}
2025/04/21 09:33:17 Sent {"src":"n3","dest":"n4","body":{"already_seen":false,"in_reply_to":24,"msg_id":64,"seen_nodes":["n3","n4","n1","n0"],"type":"gossip_ok"}}
2025/04/21 09:33:17 Sent {"src":"n3","dest":"n0","body":{"already_seen":true,"in_reply_to":31,"msg_id":63,"seen_nodes":["n3","n4","n1","n0"],"type":"gossip_ok"}}
2025/04/21 09:33:17 Received {n0 n3 {"already_seen":true,"in_reply_to":24,"msg_id":72,"seen_nodes":["n0","n1","n4","n2","n3"],"type":"gossip_ok"}}
2025/04/21 09:33:17 Received {n0 n3 {"data_id":"c12_8","message":23,"msg_id":32,"seen_nodes":["n0","n1","n2","n4","n3"],"type":"gossip"}}
2025/04/21 09:33:17 Received {n4 n3 {"data_id":"c12_8","message":23,"msg_id":25,"seen_nodes":["n4","n1","n2","n3"],"type":"gossip"}}
2025/04/21 09:33:17 Received {c13 n3 {"type":"broadcast","message":24,"msg_id":8}}
2025/04/21 09:33:17 Sent {"src":"n3","dest":"n0","body":{"already_seen":false,"in_reply_to":32,"msg_id":66,"seen_nodes":["n3","n0","n1","n2","n4"],"type":"gossip_ok"}}
2025/04/21 09:33:17 Sent {"src":"n3","dest":"n0","body":{"data_id":"c13_8","message":24,"msg_id":25,"seen_nodes":["n3","n0"],"type":"gossip"}}
2025/04/21 09:33:17 Sent {"src":"n3","dest":"n4","body":{"data_id":"c13_8","message":24,"msg_id":26,"seen_nodes":["n3","n0","n4"],"type":"gossip"}}
2025/04/21 09:33:17 Sent {"src":"n3","dest":"c13","body":{"in_reply_to":8,"msg_id":69,"type":"broadcast_ok"}}
2025/04/21 09:33:17 Sent {"src":"n3","dest":"n4","body":{"already_seen":true,"in_reply_to":25,"msg_id":65,"seen_nodes":["n3","n0","n1","n2","n4"],"type":"gossip_ok"}}
2025/04/21 09:33:17 Received {n0 n3 {"already_seen":false,"in_reply_to":25,"msg_id":76,"seen_nodes":["n0","n3","n1"],"type":"gossip_ok"}}
2025/04/21 09:33:17 Received {n4 n3 {"already_seen":false,"in_reply_to":26,"msg_id":67,"seen_nodes":["n4","n3","n0","n1"],"type":"gossip_ok"}}
2025/04/21 09:33:18 Received {n0 n3 {"data_id":"c10_16","message":25,"msg_id":34,"seen_nodes":["n0","n3"],"type":"gossip"}}
2025/04/21 09:33:18 Sent {"src":"n3","dest":"n4","body":{"data_id":"c10_16","message":25,"msg_id":27,"seen_nodes":["n3","n0","n4"],"type":"gossip"}}
2025/04/21 09:33:18 Sent {"src":"n3","dest":"n0","body":{"already_seen":false,"in_reply_to":34,"msg_id":71,"seen_nodes":["n3","n0","n4"],"type":"gossip_ok"}}
2025/04/21 09:33:18 Received {n4 n3 {"already_seen":true,"in_reply_to":27,"msg_id":70,"seen_nodes":["n4","n1","n0","n3"],"type":"gossip_ok"}}
2025/04/21 09:33:18 Received {n4 n3 {"data_id":"c11_9","message":26,"msg_id":27,"seen_nodes":["n4","n1","n3"],"type":"gossip"}}
2025/04/21 09:33:18 Received {n0 n3 {"data_id":"c11_9","message":26,"msg_id":36,"seen_nodes":["n0","n1","n4","n2","n3"],"type":"gossip"}}
2025/04/21 09:33:18 Sent {"src":"n3","dest":"n0","body":{"data_id":"c11_9","message":26,"msg_id":28,"seen_nodes":["n3","n4","n1","n0"],"type":"gossip"}}
2025/04/21 09:33:18 Sent {"src":"n3","dest":"n0","body":{"already_seen":true,"in_reply_to":36,"msg_id":73,"seen_nodes":["n3","n4","n1","n0"],"type":"gossip_ok"}}
2025/04/21 09:33:18 Sent {"src":"n3","dest":"n4","body":{"already_seen":false,"in_reply_to":27,"msg_id":74,"seen_nodes":["n3","n4","n1","n0"],"type":"gossip_ok"}}
2025/04/21 09:33:18 Received {n0 n3 {"already_seen":true,"in_reply_to":28,"msg_id":83,"seen_nodes":["n0","n1","n4","n2","n3"],"type":"gossip_ok"}}
2025/04/21 09:33:18 Received {c13 n3 {"type":"broadcast","message":27,"msg_id":9}}
2025/04/21 09:33:18 Sent {"src":"n3","dest":"n0","body":{"data_id":"c13_9","message":27,"msg_id":29,"seen_nodes":["n3","n0"],"type":"gossip"}}
2025/04/21 09:33:18 Sent {"src":"n3","dest":"n4","body":{"data_id":"c13_9","message":27,"msg_id":30,"seen_nodes":["n3","n0","n4"],"type":"gossip"}}
2025/04/21 09:33:18 Sent {"src":"n3","dest":"c13","body":{"in_reply_to":9,"msg_id":77,"type":"broadcast_ok"}}
2025/04/21 09:33:18 Received {n0 n3 {"already_seen":false,"in_reply_to":29,"msg_id":85,"seen_nodes":["n0","n3","n1"],"type":"gossip_ok"}}
2025/04/21 09:33:18 Received {n4 n3 {"already_seen":false,"in_reply_to":30,"msg_id":75,"seen_nodes":["n4","n3","n0","n1"],"type":"gossip_ok"}}
2025/04/21 09:33:18 Received {n4 n3 {"data_id":"c14_9","message":28,"msg_id":30,"seen_nodes":["n4","n1","n3"],"type":"gossip"}}
2025/04/21 09:33:18 Sent {"src":"n3","dest":"n0","body":{"data_id":"c14_9","message":28,"msg_id":31,"seen_nodes":["n3","n4","n1","n0"],"type":"gossip"}}
2025/04/21 09:33:18 Sent {"src":"n3","dest":"n4","body":{"already_seen":false,"in_reply_to":30,"msg_id":79,"seen_nodes":["n3","n4","n1","n0"],"type":"gossip_ok"}}
2025/04/21 09:33:18 Received {n0 n3 {"already_seen":false,"in_reply_to":31,"msg_id":86,"seen_nodes":["n0","n3","n4","n1"],"type":"gossip_ok"}}
2025/04/21 09:33:18 Received {n0 n3 {"data_id":"c10_18","message":29,"msg_id":38,"seen_nodes":["n0","n3"],"type":"gossip"}}
2025/04/21 09:33:18 Sent {"src":"n3","dest":"n4","body":{"data_id":"c10_18","message":29,"msg_id":32,"seen_nodes":["n3","n0","n4"],"type":"gossip"}}
2025/04/21 09:33:18 Sent {"src":"n3","dest":"n0","body":{"already_seen":false,"in_reply_to":38,"msg_id":81,"seen_nodes":["n3","n0","n4"],"type":"gossip_ok"}}
2025/04/21 09:33:18 Received {n4 n3 {"already_seen":false,"in_reply_to":32,"msg_id":82,"seen_nodes":["n4","n3","n0","n1"],"type":"gossip_ok"}}
2025/04/21 09:33:19 Received {c13 n3 {"type":"read","msg_id":10}}
2025/04/21 09:33:19 Sent {"src":"n3","dest":"c13","body":{"in_reply_to":10,"messages":[19,20,5,1,7,11,14,2,22,23,24,26,0,3,10,12,18,21,29,4,6,8,9,15,16,25,27,13,17,28],"msg_id":82,"type":"read_ok"}}
2025/04/21 09:33:19 Received {n4 n3 {"data_id":"c12_11","message":30,"msg_id":32,"seen_nodes":["n4","n1","n2","n3"],"type":"gossip"}}
2025/04/21 09:33:19 Received {n0 n3 {"data_id":"c12_11","message":30,"msg_id":40,"seen_nodes":["n0","n1","n2","n4","n3"],"type":"gossip"}}
2025/04/21 09:33:19 Sent {"src":"n3","dest":"n0","body":{"already_seen":true,"in_reply_to":40,"msg_id":84,"seen_nodes":["n3","n4","n1","n2","n0"],"type":"gossip_ok"}}
2025/04/21 09:33:19 Sent {"src":"n3","dest":"n0","body":{"data_id":"c12_11","message":30,"msg_id":33,"seen_nodes":["n3","n4","n1","n2","n0"],"type":"gossip"}}
2025/04/21 09:33:19 Sent {"src":"n3","dest":"n4","body":{"already_seen":false,"in_reply_to":32,"msg_id":85,"seen_nodes":["n3","n4","n1","n2","n0"],"type":"gossip_ok"}}
2025/04/21 09:33:19 Received {n0 n3 {"already_seen":true,"in_reply_to":33,"msg_id":96,"seen_nodes":["n0","n1","n2","n4","n3"],"type":"gossip_ok"}}
2025/04/21 09:33:19 Received {c13 n3 {"type":"read","msg_id":11}}
2025/04/21 09:33:19 Sent {"src":"n3","dest":"c13","body":{"in_reply_to":11,"messages":[29,4,6,8,9,18,21,15,16,25,27,13,17,28,30,19,20,5,1,7,11,14,2,22,26,0,3,10,12,23,24],"msg_id":86,"type":"read_ok"}}
2025/04/21 09:33:20 Received {n0 n3 {"data_id":"c10_22","message":31,"msg_id":41,"seen_nodes":["n0","n3"],"type":"gossip"}}
2025/04/21 09:33:20 Sent {"src":"n3","dest":"n4","body":{"data_id":"c10_22","message":31,"msg_id":34,"seen_nodes":["n3","n0","n4"],"type":"gossip"}}
2025/04/21 09:33:20 Sent {"src":"n3","dest":"n0","body":{"already_seen":false,"in_reply_to":41,"msg_id":88,"seen_nodes":["n3","n0","n4"],"type":"gossip_ok"}}
2025/04/21 09:33:20 Received {n4 n3 {"already_seen":true,"in_reply_to":34,"msg_id":88,"seen_nodes":["n4","n1","n0","n3"],"type":"gossip_ok"}}
2025/04/21 09:33:20 Received {n4 n3 {"data_id":"c11_12","message":32,"msg_id":33,"seen_nodes":["n4","n1","n3"],"type":"gossip"}}
2025/04/21 09:33:20 Received {n0 n3 {"data_id":"c11_12","message":32,"msg_id":43,"seen_nodes":["n0","n1","n4","n2","n3"],"type":"gossip"}}
2025/04/21 09:33:20 Sent {"src":"n3","dest":"n0","body":{"data_id":"c11_12","message":32,"msg_id":35,"seen_nodes":["n3","n4","n1","n0"],"type":"gossip"}}
2025/04/21 09:33:20 Sent {"src":"n3","dest":"n4","body":{"already_seen":false,"in_reply_to":33,"msg_id":91,"seen_nodes":["n3","n4","n1","n0"],"type":"gossip_ok"}}
2025/04/21 09:33:20 Sent {"src":"n3","dest":"n0","body":{"already_seen":true,"in_reply_to":43,"msg_id":90,"seen_nodes":["n3","n4","n1","n0"],"type":"gossip_ok"}}
2025/04/21 09:33:20 Received {n0 n3 {"already_seen":true,"in_reply_to":35,"msg_id":102,"seen_nodes":["n0","n1","n4","n2","n3"],"type":"gossip_ok"}}
2025/04/21 09:33:20 Received {c13 n3 {"type":"broadcast","message":33,"msg_id":12}}
2025/04/21 09:33:20 Sent {"src":"n3","dest":"n0","body":{"data_id":"c13_12","message":33,"msg_id":36,"seen_nodes":["n3","n0"],"type":"gossip"}}
2025/04/21 09:33:20 Sent {"src":"n3","dest":"n4","body":{"data_id":"c13_12","message":33,"msg_id":37,"seen_nodes":["n3","n0","n4"],"type":"gossip"}}
2025/04/21 09:33:20 Sent {"src":"n3","dest":"c13","body":{"in_reply_to":12,"msg_id":94,"type":"broadcast_ok"}}
2025/04/21 09:33:20 Received {n0 n3 {"already_seen":false,"in_reply_to":36,"msg_id":104,"seen_nodes":["n0","n3","n1"],"type":"gossip_ok"}}
2025/04/21 09:33:20 Received {n4 n3 {"already_seen":false,"in_reply_to":37,"msg_id":92,"seen_nodes":["n4","n3","n0","n1"],"type":"gossip_ok"}}
2025/04/21 09:33:20 Received {n4 n3 {"data_id":"c12_13","message":34,"msg_id":35,"seen_nodes":["n4","n1","n2","n3"],"type":"gossip"}}
2025/04/21 09:33:20 Received {n0 n3 {"data_id":"c12_13","message":34,"msg_id":45,"seen_nodes":["n0","n1","n2","n4","n3"],"type":"gossip"}}
2025/04/21 09:33:20 Sent {"src":"n3","dest":"n0","body":{"data_id":"c12_13","message":34,"msg_id":38,"seen_nodes":["n3","n4","n1","n2","n0"],"type":"gossip"}}
2025/04/21 09:33:20 Sent {"src":"n3","dest":"n0","body":{"already_seen":true,"in_reply_to":45,"msg_id":96,"seen_nodes":["n3","n4","n1","n2","n0"],"type":"gossip_ok"}}
2025/04/21 09:33:20 Sent {"src":"n3","dest":"n4","body":{"already_seen":false,"in_reply_to":35,"msg_id":97,"seen_nodes":["n3","n4","n1","n2","n0"],"type":"gossip_ok"}}
2025/04/21 09:33:20 Received {n0 n3 {"already_seen":true,"in_reply_to":38,"msg_id":109,"seen_nodes":["n0","n1","n2","n4","n3"],"type":"gossip_ok"}}
2025/04/21 09:33:20 Received {c13 n3 {"type":"read","msg_id":13}}
2025/04/21 09:33:20 Sent {"src":"n3","dest":"c13","body":{"in_reply_to":13,"messages":[21,29,4,6,8,9,18,15,16,25,27,13,17,28,30,19,20,33,5,32,1,7,11,14,2,22,31,34,24,26,0,3,10,12,23],"msg_id":98,"type":"read_ok"}}
2025/04/21 09:33:21 Received {n4 n3 {"data_id":"c12_14","message":35,"msg_id":36,"seen_nodes":["n4","n1","n2","n3"],"type":"gossip"}}
2025/04/21 09:33:21 Received {n0 n3 {"data_id":"c12_14","message":35,"msg_id":46,"seen_nodes":["n0","n1","n2","n4","n3"],"type":"gossip"}}
2025/04/21 09:33:21 Sent {"src":"n3","dest":"n0","body":{"already_seen":true,"in_reply_to":46,"msg_id":99,"seen_nodes":["n3","n4","n1","n2"],"type":"gossip_ok"}}
2025/04/21 09:33:21 Sent {"src":"n3","dest":"n0","body":{"data_id":"c12_14","message":35,"msg_id":39,"seen_nodes":["n3","n4","n1","n2","n0"],"type":"gossip"}}
2025/04/21 09:33:21 Sent {"src":"n3","dest":"n4","body":{"already_seen":false,"in_reply_to":36,"msg_id":101,"seen_nodes":["n3","n4","n1","n2","n0"],"type":"gossip_ok"}}
2025/04/21 09:33:21 Received {n0 n3 {"already_seen":true,"in_reply_to":39,"msg_id":114,"seen_nodes":["n0","n1","n2","n4","n3"],"type":"gossip_ok"}}
2025/04/21 09:33:21 Received {c13 n3 {"type":"broadcast","message":36,"msg_id":14}}
2025/04/21 09:33:21 Sent {"src":"n3","dest":"n0","body":{"data_id":"c13_14","message":36,"msg_id":40,"seen_nodes":["n3","n0"],"type":"gossip"}}
2025/04/21 09:33:21 Sent {"src":"n3","dest":"n4","body":{"data_id":"c13_14","message":36,"msg_id":41,"seen_nodes":["n3","n0","n4"],"type":"gossip"}}
2025/04/21 09:33:21 Sent {"src":"n3","dest":"c13","body":{"in_reply_to":14,"msg_id":104,"type":"broadcast_ok"}}
2025/04/21 09:33:21 Received {n0 n3 {"already_seen":false,"in_reply_to":40,"msg_id":116,"seen_nodes":["n0","n3","n1"],"type":"gossip_ok"}}
2025/04/21 09:33:21 Received {n4 n3 {"already_seen":false,"in_reply_to":41,"msg_id":101,"seen_nodes":["n4","n3","n0","n1"],"type":"gossip_ok"}}
2025/04/21 09:33:21 Received {n4 n3 {"data_id":"c14_14","message":37,"msg_id":39,"seen_nodes":["n4","n1","n3"],"type":"gossip"}}
2025/04/21 09:33:21 Sent {"src":"n3","dest":"n0","body":{"data_id":"c14_14","message":37,"msg_id":42,"seen_nodes":["n3","n4","n1","n0"],"type":"gossip"}}
2025/04/21 09:33:21 Sent {"src":"n3","dest":"n4","body":{"already_seen":false,"in_reply_to":39,"msg_id":106,"seen_nodes":["n3","n4","n1","n0"],"type":"gossip_ok"}}
2025/04/21 09:33:21 Received {n0 n3 {"already_seen":true,"in_reply_to":42,"msg_id":118,"seen_nodes":["n0","n1","n4","n2","n3"],"type":"gossip_ok"}}
2025/04/21 09:33:21 Received {n0 n3 {"data_id":"c14_14","message":37,"msg_id":48,"seen_nodes":["n0","n1","n4","n2","n3"],"type":"gossip"}}
2025/04/21 09:33:21 Sent {"src":"n3","dest":"n0","body":{"already_seen":true,"in_reply_to":48,"msg_id":107,"seen_nodes":["n3","n4","n1","n0","n2"],"type":"gossip_ok"}}
2025/04/21 09:33:22 Received {n4 n3 {"data_id":"c12_15","message":38,"msg_id":40,"seen_nodes":["n4","n1","n2","n3"],"type":"gossip"}}
2025/04/21 09:33:22 Received {n0 n3 {"data_id":"c12_15","message":38,"msg_id":49,"seen_nodes":["n0","n1","n2","n4","n3"],"type":"gossip"}}
2025/04/21 09:33:22 Sent {"src":"n3","dest":"n0","body":{"data_id":"c12_15","message":38,"msg_id":43,"seen_nodes":["n3","n4","n1","n2","n0"],"type":"gossip"}}
2025/04/21 09:33:22 Sent {"src":"n3","dest":"n4","body":{"already_seen":false,"in_reply_to":40,"msg_id":109,"seen_nodes":["n3","n4","n1","n2","n0"],"type":"gossip_ok"}}
2025/04/21 09:33:22 Sent {"src":"n3","dest":"n0","body":{"already_seen":true,"in_reply_to":49,"msg_id":110,"seen_nodes":["n3","n4","n1","n2","n0"],"type":"gossip_ok"}}
2025/04/21 09:33:22 Received {n0 n3 {"already_seen":true,"in_reply_to":43,"msg_id":124,"seen_nodes":["n0","n1","n2","n4","n3"],"type":"gossip_ok"}}
2025/04/21 09:33:22 Received {c13 n3 {"type":"broadcast","message":39,"msg_id":15}}
2025/04/21 09:33:22 Sent {"src":"n3","dest":"n0","body":{"data_id":"c13_15","message":39,"msg_id":44,"seen_nodes":["n3","n0"],"type":"gossip"}}
2025/04/21 09:33:22 Sent {"src":"n3","dest":"n4","body":{"data_id":"c13_15","message":39,"msg_id":45,"seen_nodes":["n3","n0","n4"],"type":"gossip"}}
2025/04/21 09:33:22 Sent {"src":"n3","dest":"c13","body":{"in_reply_to":15,"msg_id":113,"type":"broadcast_ok"}}
2025/04/21 09:33:22 Received {n0 n3 {"already_seen":false,"in_reply_to":44,"msg_id":126,"seen_nodes":["n0","n3","n1"],"type":"gossip_ok"}}
2025/04/21 09:33:22 Received {n4 n3 {"already_seen":false,"in_reply_to":45,"msg_id":109,"seen_nodes":["n4","n3","n0","n1"],"type":"gossip_ok"}}
2025/04/21 09:33:22 Received {n0 n3 {"data_id":"c10_29","message":40,"msg_id":51,"seen_nodes":["n0","n3"],"type":"gossip"}}
2025/04/21 09:33:22 Sent {"src":"n3","dest":"n4","body":{"data_id":"c10_29","message":40,"msg_id":46,"seen_nodes":["n3","n0","n4"],"type":"gossip"}}
2025/04/21 09:33:22 Sent {"src":"n3","dest":"n0","body":{"already_seen":false,"in_reply_to":51,"msg_id":115,"seen_nodes":["n3","n0","n4"],"type":"gossip_ok"}}
2025/04/21 09:33:22 Received {n4 n3 {"already_seen":true,"in_reply_to":46,"msg_id":113,"seen_nodes":["n4","n1","n0","n3"],"type":"gossip_ok"}}
2025/04/21 09:33:22 Received {n0 n3 {"data_id":"c10_30","message":41,"msg_id":53,"seen_nodes":["n0","n3"],"type":"gossip"}}
2025/04/21 09:33:22 Sent {"src":"n3","dest":"n4","body":{"data_id":"c10_30","message":41,"msg_id":47,"seen_nodes":["n3","n0","n4"],"type":"gossip"}}
2025/04/21 09:33:22 Sent {"src":"n3","dest":"n0","body":{"already_seen":false,"in_reply_to":53,"msg_id":117,"seen_nodes":["n3","n0","n4"],"type":"gossip_ok"}}
2025/04/21 09:33:22 Received {n4 n3 {"already_seen":false,"in_reply_to":47,"msg_id":116,"seen_nodes":["n4","n3","n0","n1"],"type":"gossip_ok"}}
2025/04/21 09:33:23 Received {c13 n3 {"type":"read","msg_id":16}}
2025/04/21 09:33:23 Sent {"src":"n3","dest":"c13","body":{"in_reply_to":16,"messages":[0,3,10,12,23,24,26,4,6,8,9,18,21,29,40,15,16,25,27,13,17,28,30,19,20,33,35,5,32,37,1,7,11,14,38,39,41,2,22,31,34,36],"msg_id":118,"type":"read_ok"}}
2025/04/21 09:33:23 Received {n4 n3 {"data_id":"c11_18","message":42,"msg_id":43,"seen_nodes":["n4","n1","n3"],"type":"gossip"}}
2025/04/21 09:33:23 Sent {"src":"n3","dest":"n0","body":{"data_id":"c11_18","message":42,"msg_id":48,"seen_nodes":["n3","n4","n1","n0"],"type":"gossip"}}
2025/04/21 09:33:23 Sent {"src":"n3","dest":"n4","body":{"already_seen":false,"in_reply_to":43,"msg_id":120,"seen_nodes":["n3","n4","n1","n0"],"type":"gossip_ok"}}
2025/04/21 09:33:23 Received {n0 n3 {"data_id":"c11_18","message":42,"msg_id":55,"seen_nodes":["n0","n1","n4","n2","n3"],"type":"gossip"}}
2025/04/21 09:33:23 Sent {"src":"n3","dest":"n0","body":{"already_seen":true,"in_reply_to":55,"msg_id":121,"seen_nodes":["n3","n4","n1","n0"],"type":"gossip_ok"}}
2025/04/21 09:33:23 Received {n0 n3 {"already_seen":true,"in_reply_to":48,"msg_id":137,"seen_nodes":["n0","n1","n4","n2","n3"],"type":"gossip_ok"}}
2025/04/21 09:33:23 Received {c13 n3 {"type":"broadcast","message":43,"msg_id":17}}
2025/04/21 09:33:23 Sent {"src":"n3","dest":"n0","body":{"data_id":"c13_17","message":43,"msg_id":49,"seen_nodes":["n3","n0"],"type":"gossip"}}
2025/04/21 09:33:23 Sent {"src":"n3","dest":"n4","body":{"data_id":"c13_17","message":43,"msg_id":50,"seen_nodes":["n3","n0","n4"],"type":"gossip"}}
2025/04/21 09:33:23 Sent {"src":"n3","dest":"c13","body":{"in_reply_to":17,"msg_id":124,"type":"broadcast_ok"}}
2025/04/21 09:33:23 Received {n4 n3 {"already_seen":false,"in_reply_to":50,"msg_id":121,"seen_nodes":["n4","n3","n0","n1"],"type":"gossip_ok"}}
2025/04/21 09:33:23 Received {n0 n3 {"already_seen":false,"in_reply_to":49,"msg_id":139,"seen_nodes":["n0","n3","n1"],"type":"gossip_ok"}}
2025/04/21 09:33:24 Received {n4 n3 {"data_id":"c14_17","message":44,"msg_id":46,"seen_nodes":["n4","n1","n3"],"type":"gossip"}}
2025/04/21 09:33:24 Sent {"src":"n3","dest":"n0","body":{"data_id":"c14_17","message":44,"msg_id":51,"seen_nodes":["n3","n4","n1","n0"],"type":"gossip"}}
2025/04/21 09:33:24 Sent {"src":"n3","dest":"n4","body":{"already_seen":false,"in_reply_to":46,"msg_id":126,"seen_nodes":["n3","n4","n1","n0"],"type":"gossip_ok"}}
2025/04/21 09:33:24 Received {n0 n3 {"already_seen":false,"in_reply_to":51,"msg_id":140,"seen_nodes":["n0","n3","n4","n1"],"type":"gossip_ok"}}
2025/04/21 09:33:24 Received {n0 n3 {"data_id":"c10_33","message":45,"msg_id":57,"seen_nodes":["n0","n3"],"type":"gossip"}}
2025/04/21 09:33:24 Sent {"src":"n3","dest":"n4","body":{"data_id":"c10_33","message":45,"msg_id":52,"seen_nodes":["n3","n0","n4"],"type":"gossip"}}
2025/04/21 09:33:24 Sent {"src":"n3","dest":"n0","body":{"already_seen":false,"in_reply_to":57,"msg_id":128,"seen_nodes":["n3","n0","n4"],"type":"gossip_ok"}}
2025/04/21 09:33:24 Received {n4 n3 {"already_seen":false,"in_reply_to":52,"msg_id":127,"seen_nodes":["n4","n3","n0","n1"],"type":"gossip_ok"}}
2025/04/21 09:33:24 Received {n0 n3 {"data_id":"c10_34","message":46,"msg_id":59,"seen_nodes":["n0","n3"],"type":"gossip"}}
2025/04/21 09:33:24 Sent {"src":"n3","dest":"n4","body":{"data_id":"c10_34","message":46,"msg_id":53,"seen_nodes":["n3","n0","n4"],"type":"gossip"}}
2025/04/21 09:33:24 Sent {"src":"n3","dest":"n0","body":{"already_seen":false,"in_reply_to":59,"msg_id":130,"seen_nodes":["n3","n0","n4"],"type":"gossip_ok"}}
2025/04/21 09:33:24 Received {n4 n3 {"already_seen":false,"in_reply_to":53,"msg_id":131,"seen_nodes":["n4","n3","n0","n1"],"type":"gossip_ok"}}
2025/04/21 09:33:24 Received {n0 n3 {"data_id":"c12_18","message":47,"msg_id":61,"seen_nodes":["n0","n1","n2","n4","n3"],"type":"gossip"}}
2025/04/21 09:33:24 Received {n4 n3 {"data_id":"c12_18","message":47,"msg_id":49,"seen_nodes":["n4","n1","n2","n3"],"type":"gossip"}}
2025/04/21 09:33:24 Sent {"src":"n3","dest":"n0","body":{"already_seen":false,"in_reply_to":61,"msg_id":131,"seen_nodes":["n3","n0","n1","n2","n4"],"type":"gossip_ok"}}
2025/04/21 09:33:24 Sent {"src":"n3","dest":"n4","body":{"already_seen":true,"in_reply_to":49,"msg_id":132,"seen_nodes":["n3","n0","n1","n2","n4"],"type":"gossip_ok"}}
2025/04/21 09:33:24 Received {c13 n3 {"type":"read","msg_id":18}}
2025/04/21 09:33:24 Sent {"src":"n3","dest":"c13","body":{"in_reply_to":18,"messages":[40,4,6,8,9,18,21,29,43,46,15,16,25,27,13,17,28,30,19,20,33,35,5,32,37,44,47,1,7,11,14,38,39,41,2,22,31,34,36,45,42,0,3,10,12,23,24,26],"msg_id":133,"type":"read_ok"}}
2025/04/21 09:33:24 Received {n4 n3 {"data_id":"c14_18","message":48,"msg_id":51,"seen_nodes":["n4","n1","n3"],"type":"gossip"}}
2025/04/21 09:33:24 Sent {"src":"n3","dest":"n0","body":{"data_id":"c14_18","message":48,"msg_id":54,"seen_nodes":["n3","n4","n1","n0"],"type":"gossip"}}
2025/04/21 09:33:24 Sent {"src":"n3","dest":"n4","body":{"already_seen":false,"in_reply_to":51,"msg_id":135,"seen_nodes":["n3","n4","n1","n0"],"type":"gossip_ok"}}
2025/04/21 09:33:24 Received {n0 n3 {"already_seen":false,"in_reply_to":54,"msg_id":150,"seen_nodes":["n0","n3","n4","n1"],"type":"gossip_ok"}}
2025/04/21 09:33:24 Received {n0 n3 {"data_id":"c10_35","message":49,"msg_id":62,"seen_nodes":["n0","n3"],"type":"gossip"}}
2025/04/21 09:33:24 Sent {"src":"n3","dest":"n4","body":{"data_id":"c10_35","message":49,"msg_id":55,"seen_nodes":["n3","n0","n4"],"type":"gossip"}}
2025/04/21 09:33:24 Sent {"src":"n3","dest":"n0","body":{"already_seen":false,"in_reply_to":62,"msg_id":137,"seen_nodes":["n3","n0","n4"],"type":"gossip_ok"}}
2025/04/21 09:33:24 Received {n4 n3 {"already_seen":false,"in_reply_to":55,"msg_id":138,"seen_nodes":["n4","n3","n0","n1"],"type":"gossip_ok"}}
2025/04/21 09:33:24 Received {n0 n3 {"data_id":"c10_36","message":50,"msg_id":64,"seen_nodes":["n0","n3"],"type":"gossip"}}
2025/04/21 09:33:24 Sent {"src":"n3","dest":"n4","body":{"data_id":"c10_36","message":50,"msg_id":56,"seen_nodes":["n3","n0","n4"],"type":"gossip"}}
2025/04/21 09:33:24 Sent {"src":"n3","dest":"n0","body":{"already_seen":false,"in_reply_to":64,"msg_id":139,"seen_nodes":["n3","n0","n4"],"type":"gossip_ok"}}
2025/04/21 09:33:24 Received {n4 n3 {"already_seen":false,"in_reply_to":56,"msg_id":141,"seen_nodes":["n4","n3","n0","n1"],"type":"gossip_ok"}}
2025/04/21 09:33:25 Received {n4 n3 {"data_id":"c12_19","message":51,"msg_id":54,"seen_nodes":["n4","n1","n2","n3"],"type":"gossip"}}
2025/04/21 09:33:25 Received {n0 n3 {"data_id":"c12_19","message":51,"msg_id":66,"seen_nodes":["n0","n1","n2","n4","n3"],"type":"gossip"}}
2025/04/21 09:33:25 Sent {"src":"n3","dest":"n0","body":{"data_id":"c12_19","message":51,"msg_id":57,"seen_nodes":["n3","n4","n1","n2","n0"],"type":"gossip"}}
2025/04/21 09:33:25 Sent {"src":"n3","dest":"n4","body":{"already_seen":false,"in_reply_to":54,"msg_id":142,"seen_nodes":["n3","n4","n1","n2","n0"],"type":"gossip_ok"}}
2025/04/21 09:33:25 Sent {"src":"n3","dest":"n0","body":{"already_seen":true,"in_reply_to":66,"msg_id":140,"seen_nodes":["n3","n4","n1","n2"],"type":"gossip_ok"}}
2025/04/21 09:33:25 Received {n0 n3 {"already_seen":true,"in_reply_to":57,"msg_id":160,"seen_nodes":["n0","n1","n2","n4","n3"],"type":"gossip_ok"}}
2025/04/21 09:33:25 Received {c13 n3 {"type":"broadcast","message":52,"msg_id":19}}
2025/04/21 09:33:25 Sent {"src":"n3","dest":"n0","body":{"data_id":"c13_19","message":52,"msg_id":58,"seen_nodes":["n3","n0"],"type":"gossip"}}
2025/04/21 09:33:25 Sent {"src":"n3","dest":"n4","body":{"data_id":"c13_19","message":52,"msg_id":59,"seen_nodes":["n3","n0","n4"],"type":"gossip"}}
2025/04/21 09:33:25 Sent {"src":"n3","dest":"c13","body":{"in_reply_to":19,"msg_id":145,"type":"broadcast_ok"}}
2025/04/21 09:33:25 Received {n0 n3 {"already_seen":false,"in_reply_to":58,"msg_id":162,"seen_nodes":["n0","n3","n1"],"type":"gossip_ok"}}
2025/04/21 09:33:25 Received {n4 n3 {"already_seen":false,"in_reply_to":59,"msg_id":146,"seen_nodes":["n4","n3","n0","n1"],"type":"gossip_ok"}}
2025/04/21 09:33:25 Received {n0 n3 {"data_id":"c11_21","message":53,"msg_id":68,"seen_nodes":["n0","n1","n4","n2","n3"],"type":"gossip"}}
2025/04/21 09:33:25 Received {n4 n3 {"data_id":"c11_21","message":53,"msg_id":56,"seen_nodes":["n4","n1","n3"],"type":"gossip"}}
2025/04/21 09:33:25 Sent {"src":"n3","dest":"n0","body":{"already_seen":false,"in_reply_to":68,"msg_id":146,"seen_nodes":["n3","n0","n1","n4","n2"],"type":"gossip_ok"}}
2025/04/21 09:33:25 Sent {"src":"n3","dest":"n4","body":{"already_seen":true,"in_reply_to":56,"msg_id":147,"seen_nodes":["n3","n0","n1","n4","n2"],"type":"gossip_ok"}}
2025/04/21 09:33:25 Received {c13 n3 {"type":"read","msg_id":20}}
2025/04/21 09:33:25 Sent {"src":"n3","dest":"c13","body":{"in_reply_to":20,"messages":[5,32,1,11,38,39,41,47,51,2,34,0,10,23,26,42,52,4,8,18,21,40,43,46,49,15,16,13,17,30,20,33,35,37,44,7,14,22,31,36,45,3,12,24,50,6,9,29,25,27,28,53,19,48],"msg_id":148,"type":"read_ok"}}
2025/04/21 09:33:25 Received {n4 n3 {"data_id":"c14_20","message":54,"msg_id":58,"seen_nodes":["n4","n1","n3"],"type":"gossip"}}
2025/04/21 09:33:25 Sent {"src":"n3","dest":"n0","body":{"data_id":"c14_20","message":54,"msg_id":60,"seen_nodes":["n3","n4","n1","n0"],"type":"gossip"}}
2025/04/21 09:33:25 Sent {"src":"n3","dest":"n4","body":{"already_seen":false,"in_reply_to":58,"msg_id":150,"seen_nodes":["n3","n4","n1","n0"],"type":"gossip_ok"}}
2025/04/21 09:33:25 Received {n0 n3 {"already_seen":false,"in_reply_to":60,"msg_id":167,"seen_nodes":["n0","n3","n4","n1"],"type":"gossip_ok"}}
2025/04/21 09:33:26 Received {n0 n3 {"data_id":"c10_39","message":55,"msg_id":69,"seen_nodes":["n0","n3"],"type":"gossip"}}
2025/04/21 09:33:26 Sent {"src":"n3","dest":"n4","body":{"data_id":"c10_39","message":55,"msg_id":61,"seen_nodes":["n3","n0","n4"],"type":"gossip"}}
2025/04/21 09:33:26 Sent {"src":"n3","dest":"n0","body":{"already_seen":false,"in_reply_to":69,"msg_id":152,"seen_nodes":["n3","n0","n4"],"type":"gossip_ok"}}
2025/04/21 09:33:26 Received {n4 n3 {"already_seen":false,"in_reply_to":61,"msg_id":156,"seen_nodes":["n4","n3","n0","n1"],"type":"gossip_ok"}}
2025/04/21 09:33:26 Received {n4 n3 {"data_id":"c11_22","message":56,"msg_id":60,"seen_nodes":["n4","n1","n3"],"type":"gossip"}}
2025/04/21 09:33:26 Received {n0 n3 {"data_id":"c11_22","message":56,"msg_id":71,"seen_nodes":["n0","n1","n4","n2","n3"],"type":"gossip"}}
2025/04/21 09:33:26 Sent {"src":"n3","dest":"n0","body":{"already_seen":false,"in_reply_to":71,"msg_id":154,"seen_nodes":["n3","n0","n1","n4","n2"],"type":"gossip_ok"}}
2025/04/21 09:33:26 Sent {"src":"n3","dest":"n4","body":{"already_seen":true,"in_reply_to":60,"msg_id":153,"seen_nodes":["n3","n0","n1","n4","n2"],"type":"gossip_ok"}}
2025/04/21 09:33:26 Received {n4 n3 {"data_id":"c12_21","message":57,"msg_id":61,"seen_nodes":["n4","n1","n2","n3"],"type":"gossip"}}
2025/04/21 09:33:26 Received {n0 n3 {"data_id":"c12_21","message":57,"msg_id":72,"seen_nodes":["n0","n1","n2","n4","n3"],"type":"gossip"}}
2025/04/21 09:33:26 Sent {"src":"n3","dest":"n0","body":{"data_id":"c12_21","message":57,"msg_id":62,"seen_nodes":["n3","n4","n1","n2","n0"],"type":"gossip"}}
2025/04/21 09:33:26 Sent {"src":"n3","dest":"n0","body":{"already_seen":true,"in_reply_to":72,"msg_id":156,"seen_nodes":["n3","n4","n1","n2","n0"],"type":"gossip_ok"}}
2025/04/21 09:33:26 Sent {"src":"n3","dest":"n4","body":{"already_seen":false,"in_reply_to":61,"msg_id":157,"seen_nodes":["n3","n4","n1","n2","n0"],"type":"gossip_ok"}}
2025/04/21 09:33:26 Received {n0 n3 {"already_seen":true,"in_reply_to":62,"msg_id":177,"seen_nodes":["n0","n1","n2","n4","n3"],"type":"gossip_ok"}}
2025/04/21 09:33:26 Received {c13 n3 {"type":"broadcast","message":58,"msg_id":21}}
2025/04/21 09:33:26 Sent {"src":"n3","dest":"n0","body":{"data_id":"c13_21","message":58,"msg_id":63,"seen_nodes":["n3","n0"],"type":"gossip"}}
2025/04/21 09:33:26 Sent {"src":"n3","dest":"n4","body":{"data_id":"c13_21","message":58,"msg_id":64,"seen_nodes":["n3","n0","n4"],"type":"gossip"}}
2025/04/21 09:33:26 Sent {"src":"n3","dest":"c13","body":{"in_reply_to":21,"msg_id":160,"type":"broadcast_ok"}}
2025/04/21 09:33:26 Received {n4 n3 {"already_seen":false,"in_reply_to":64,"msg_id":162,"seen_nodes":["n4","n3","n0","n1"],"type":"gossip_ok"}}
2025/04/21 09:33:26 Received {n0 n3 {"already_seen":false,"in_reply_to":63,"msg_id":179,"seen_nodes":["n0","n3","n1"],"type":"gossip_ok"}}
2025/04/21 09:33:26 Received {n4 n3 {"data_id":"c14_21","message":59,"msg_id":64,"seen_nodes":["n4","n1","n3"],"type":"gossip"}}
2025/04/21 09:33:26 Sent {"src":"n3","dest":"n0","body":{"data_id":"c14_21","message":59,"msg_id":65,"seen_nodes":["n3","n4","n1","n0"],"type":"gossip"}}
2025/04/21 09:33:26 Sent {"src":"n3","dest":"n4","body":{"already_seen":false,"in_reply_to":64,"msg_id":162,"seen_nodes":["n3","n4","n1","n0"],"type":"gossip_ok"}}
2025/04/21 09:33:26 Received {n0 n3 {"data_id":"c14_21","message":59,"msg_id":74,"seen_nodes":["n0","n1","n4","n2","n3"],"type":"gossip"}}
2025/04/21 09:33:26 Sent {"src":"n3","dest":"n0","body":{"already_seen":true,"in_reply_to":74,"msg_id":163,"seen_nodes":["n3","n4","n1","n0"],"type":"gossip_ok"}}
2025/04/21 09:33:26 Received {n0 n3 {"already_seen":true,"in_reply_to":65,"msg_id":181,"seen_nodes":["n0","n1","n4","n2","n3"],"type":"gossip_ok"}}
2025/04/21 09:33:26 Received {n0 n3 {"data_id":"c10_42","message":60,"msg_id":75,"seen_nodes":["n0","n3"],"type":"gossip"}}
2025/04/21 09:33:26 Sent {"src":"n3","dest":"n4","body":{"data_id":"c10_42","message":60,"msg_id":66,"seen_nodes":["n3","n0","n4"],"type":"gossip"}}
2025/04/21 09:33:26 Sent {"src":"n3","dest":"n0","body":{"already_seen":false,"in_reply_to":75,"msg_id":165,"seen_nodes":["n3","n0","n4"],"type":"gossip_ok"}}
2025/04/21 09:33:26 Received {n4 n3 {"already_seen":false,"in_reply_to":66,"msg_id":168,"seen_nodes":["n4","n3","n0","n1"],"type":"gossip_ok"}}
2025/04/21 09:33:27 Received {c13 n3 {"type":"broadcast","message":61,"msg_id":22}}
2025/04/21 09:33:27 Sent {"src":"n3","dest":"n0","body":{"data_id":"c13_22","message":61,"msg_id":67,"seen_nodes":["n3","n0"],"type":"gossip"}}
2025/04/21 09:33:27 Sent {"src":"n3","dest":"n4","body":{"data_id":"c13_22","message":61,"msg_id":68,"seen_nodes":["n3","n0","n4"],"type":"gossip"}}
2025/04/21 09:33:27 Sent {"src":"n3","dest":"c13","body":{"in_reply_to":22,"msg_id":168,"type":"broadcast_ok"}}
2025/04/21 09:33:27 Received {n0 n3 {"already_seen":false,"in_reply_to":67,"msg_id":188,"seen_nodes":["n0","n3","n1"],"type":"gossip_ok"}}
2025/04/21 09:33:27 Received {n4 n3 {"already_seen":false,"in_reply_to":68,"msg_id":170,"seen_nodes":["n4","n3","n0","n1"],"type":"gossip_ok"}}
2025/04/21 09:33:27 Received {n4 n3 {"data_id":"c14_22","message":62,"msg_id":68,"seen_nodes":["n4","n1","n3"],"type":"gossip"}}
2025/04/21 09:33:27 Sent {"src":"n3","dest":"n0","body":{"data_id":"c14_22","message":62,"msg_id":69,"seen_nodes":["n3","n4","n1","n0"],"type":"gossip"}}
2025/04/21 09:33:27 Sent {"src":"n3","dest":"n4","body":{"already_seen":false,"in_reply_to":68,"msg_id":170,"seen_nodes":["n3","n4","n1","n0"],"type":"gossip_ok"}}
2025/04/21 09:33:27 Received {n0 n3 {"already_seen":false,"in_reply_to":69,"msg_id":189,"seen_nodes":["n0","n3","n4","n1"],"type":"gossip_ok"}}
2025/04/21 09:33:27 Received {n0 n3 {"data_id":"c10_43","message":63,"msg_id":78,"seen_nodes":["n0","n3"],"type":"gossip"}}
2025/04/21 09:33:27 Sent {"src":"n3","dest":"n4","body":{"data_id":"c10_43","message":63,"msg_id":70,"seen_nodes":["n3","n0","n4"],"type":"gossip"}}
2025/04/21 09:33:27 Sent {"src":"n3","dest":"n0","body":{"already_seen":false,"in_reply_to":78,"msg_id":172,"seen_nodes":["n3","n0","n4"],"type":"gossip_ok"}}
2025/04/21 09:33:27 Received {n4 n3 {"already_seen":false,"in_reply_to":70,"msg_id":177,"seen_nodes":["n4","n3","n0","n1"],"type":"gossip_ok"}}
2025/04/21 09:33:27 Received {n4 n3 {"data_id":"c12_23","message":64,"msg_id":70,"seen_nodes":["n4","n1","n2","n3"],"type":"gossip"}}
2025/04/21 09:33:27 Sent {"src":"n3","dest":"n0","body":{"data_id":"c12_23","message":64,"msg_id":71,"seen_nodes":["n3","n4","n1","n2","n0"],"type":"gossip"}}
2025/04/21 09:33:27 Sent {"src":"n3","dest":"n4","body":{"already_seen":false,"in_reply_to":70,"msg_id":174,"seen_nodes":["n3","n4","n1","n2","n0"],"type":"gossip_ok"}}
2025/04/21 09:33:27 Received {n0 n3 {"data_id":"c12_23","message":64,"msg_id":80,"seen_nodes":["n0","n1","n2","n4","n3"],"type":"gossip"}}
2025/04/21 09:33:27 Sent {"src":"n3","dest":"n0","body":{"already_seen":true,"in_reply_to":80,"msg_id":175,"seen_nodes":["n3","n4","n1","n2","n0"],"type":"gossip_ok"}}
2025/04/21 09:33:27 Received {n0 n3 {"already_seen":true,"in_reply_to":71,"msg_id":197,"seen_nodes":["n0","n1","n2","n4","n3"],"type":"gossip_ok"}}
2025/04/21 09:33:27 Received {c13 n3 {"type":"broadcast","message":65,"msg_id":23}}
2025/04/21 09:33:27 Sent {"src":"n3","dest":"n0","body":{"data_id":"c13_23","message":65,"msg_id":72,"seen_nodes":["n3","n0"],"type":"gossip"}}
2025/04/21 09:33:27 Sent {"src":"n3","dest":"n4","body":{"data_id":"c13_23","message":65,"msg_id":73,"seen_nodes":["n3","n0","n4"],"type":"gossip"}}
2025/04/21 09:33:27 Sent {"src":"n3","dest":"c13","body":{"in_reply_to":23,"msg_id":178,"type":"broadcast_ok"}}
2025/04/21 09:33:27 Received {n0 n3 {"already_seen":false,"in_reply_to":72,"msg_id":199,"seen_nodes":["n0","n3","n1"],"type":"gossip_ok"}}
2025/04/21 09:33:27 Received {n4 n3 {"already_seen":false,"in_reply_to":73,"msg_id":181,"seen_nodes":["n4","n3","n0","n1"],"type":"gossip_ok"}}
2025/04/21 09:33:27 Received {n0 n3 {"data_id":"c10_46","message":66,"msg_id":82,"seen_nodes":["n0","n3"],"type":"gossip"}}
2025/04/21 09:33:27 Sent {"src":"n3","dest":"n4","body":{"data_id":"c10_46","message":66,"msg_id":74,"seen_nodes":["n3","n0","n4"],"type":"gossip"}}
2025/04/21 09:33:27 Sent {"src":"n3","dest":"n0","body":{"already_seen":false,"in_reply_to":82,"msg_id":180,"seen_nodes":["n3","n0","n4"],"type":"gossip_ok"}}
2025/04/21 09:33:27 Received {n4 n3 {"already_seen":true,"in_reply_to":74,"msg_id":185,"seen_nodes":["n4","n1","n0","n3"],"type":"gossip_ok"}}
2025/04/21 09:33:28 Received {c13 n3 {"type":"read","msg_id":24}}
2025/04/21 09:33:28 Sent {"src":"n3","dest":"c13","body":{"in_reply_to":24,"messages":[19,48,5,32,1,11,38,39,41,47,51,2,34,0,10,23,26,42,52,4,8,18,21,40,43,46,49,15,16,13,17,30,20,33,35,55,60,62,37,44,66,7,14,22,31,36,45,61,3,12,24,50,57,58,6,9,29,63,25,27,28,53,54,56,59,64,65],"msg_id":181,"type":"read_ok"}}
2025/04/21 09:33:28 Received {n4 n3 {"data_id":"c14_24","message":67,"msg_id":73,"seen_nodes":["n4","n1","n3"],"type":"gossip"}}
2025/04/21 09:33:28 Sent {"src":"n3","dest":"n0","body":{"data_id":"c14_24","message":67,"msg_id":75,"seen_nodes":["n3","n4","n1","n0"],"type":"gossip"}}
2025/04/21 09:33:28 Sent {"src":"n3","dest":"n4","body":{"already_seen":false,"in_reply_to":73,"msg_id":183,"seen_nodes":["n3","n4","n1","n0"],"type":"gossip_ok"}}
2025/04/21 09:33:28 Received {n0 n3 {"already_seen":false,"in_reply_to":75,"msg_id":204,"seen_nodes":["n0","n3","n4","n1"],"type":"gossip_ok"}}
2025/04/21 09:33:28 Received {n0 n3 {"data_id":"c10_48","message":68,"msg_id":84,"seen_nodes":["n0","n3"],"type":"gossip"}}
2025/04/21 09:33:28 Sent {"src":"n3","dest":"n4","body":{"data_id":"c10_48","message":68,"msg_id":76,"seen_nodes":["n3","n0","n4"],"type":"gossip"}}
2025/04/21 09:33:28 Sent {"src":"n3","dest":"n0","body":{"already_seen":false,"in_reply_to":84,"msg_id":185,"seen_nodes":["n3","n0","n4"],"type":"gossip_ok"}}
2025/04/21 09:33:28 Received {n4 n3 {"already_seen":false,"in_reply_to":76,"msg_id":191,"seen_nodes":["n4","n3","n0","n1"],"type":"gossip_ok"}}
2025/04/21 09:33:28 Received {n4 n3 {"data_id":"c11_26","message":69,"msg_id":75,"seen_nodes":["n4","n1","n3"],"type":"gossip"}}
2025/04/21 09:33:28 Received {n0 n3 {"data_id":"c11_26","message":69,"msg_id":86,"seen_nodes":["n0","n1","n4","n2","n3"],"type":"gossip"}}
2025/04/21 09:33:28 Sent {"src":"n3","dest":"n0","body":{"data_id":"c11_26","message":69,"msg_id":77,"seen_nodes":["n3","n4","n1","n0"],"type":"gossip"}}
2025/04/21 09:33:28 Sent {"src":"n3","dest":"n4","body":{"already_seen":false,"in_reply_to":75,"msg_id":187,"seen_nodes":["n3","n4","n1","n0"],"type":"gossip_ok"}}
2025/04/21 09:33:28 Sent {"src":"n3","dest":"n0","body":{"already_seen":true,"in_reply_to":86,"msg_id":188,"seen_nodes":["n3","n4","n1","n0"],"type":"gossip_ok"}}
2025/04/21 09:33:28 Received {n0 n3 {"already_seen":true,"in_reply_to":77,"msg_id":212,"seen_nodes":["n0","n1","n4","n2","n3"],"type":"gossip_ok"}}
2025/04/21 09:33:28 Received {n4 n3 {"data_id":"c12_25","message":70,"msg_id":76,"seen_nodes":["n4","n1","n2","n3"],"type":"gossip"}}
2025/04/21 09:33:28 Received {n0 n3 {"data_id":"c12_25","message":70,"msg_id":87,"seen_nodes":["n0","n1","n2","n4","n3"],"type":"gossip"}}
2025/04/21 09:33:28 Sent {"src":"n3","dest":"n0","body":{"data_id":"c12_25","message":70,"msg_id":78,"seen_nodes":["n3","n4","n1","n2","n0"],"type":"gossip"}}
2025/04/21 09:33:28 Sent {"src":"n3","dest":"n0","body":{"already_seen":true,"in_reply_to":87,"msg_id":190,"seen_nodes":["n3","n4","n1","n2","n0"],"type":"gossip_ok"}}
2025/04/21 09:33:28 Sent {"src":"n3","dest":"n4","body":{"already_seen":false,"in_reply_to":76,"msg_id":191,"seen_nodes":["n3","n4","n1","n2","n0"],"type":"gossip_ok"}}
2025/04/21 09:33:28 Received {n0 n3 {"already_seen":true,"in_reply_to":78,"msg_id":215,"seen_nodes":["n0","n1","n2","n4","n3"],"type":"gossip_ok"}}
2025/04/21 09:33:28 Received {c13 n3 {"type":"broadcast","message":71,"msg_id":25}}
2025/04/21 09:33:28 Sent {"src":"n3","dest":"n0","body":{"data_id":"c13_25","message":71,"msg_id":79,"seen_nodes":["n3","n0"],"type":"gossip"}}
2025/04/21 09:33:28 Sent {"src":"n3","dest":"n4","body":{"data_id":"c13_25","message":71,"msg_id":80,"seen_nodes":["n3","n0","n4"],"type":"gossip"}}
2025/04/21 09:33:28 Sent {"src":"n3","dest":"c13","body":{"in_reply_to":25,"msg_id":194,"type":"broadcast_ok"}}
2025/04/21 09:33:28 Received {n0 n3 {"already_seen":false,"in_reply_to":79,"msg_id":217,"seen_nodes":["n0","n3","n1"],"type":"gossip_ok"}}
2025/04/21 09:33:28 Received {n4 n3 {"already_seen":false,"in_reply_to":80,"msg_id":197,"seen_nodes":["n4","n3","n0","n1"],"type":"gossip_ok"}}
2025/04/21 09:33:28 Received {n4 n3 {"data_id":"c14_25","message":72,"msg_id":79,"seen_nodes":["n4","n1","n3"],"type":"gossip"}}
2025/04/21 09:33:28 Sent {"src":"n3","dest":"n0","body":{"data_id":"c14_25","message":72,"msg_id":81,"seen_nodes":["n3","n4","n1","n0"],"type":"gossip"}}
2025/04/21 09:33:28 Sent {"src":"n3","dest":"n4","body":{"already_seen":false,"in_reply_to":79,"msg_id":196,"seen_nodes":["n3","n4","n1","n0"],"type":"gossip_ok"}}
2025/04/21 09:33:28 Received {n0 n3 {"already_seen":false,"in_reply_to":81,"msg_id":218,"seen_nodes":["n0","n3","n4","n1"],"type":"gossip_ok"}}
2025/04/21 09:33:29 Received {n4 n3 {"data_id":"c12_26","message":73,"msg_id":80,"seen_nodes":["n4","n1","n2","n3"],"type":"gossip"}}
2025/04/21 09:33:29 Received {n0 n3 {"data_id":"c12_26","message":73,"msg_id":89,"seen_nodes":["n0","n1","n2","n4","n3"],"type":"gossip"}}
2025/04/21 09:33:29 Sent {"src":"n3","dest":"n0","body":{"data_id":"c12_26","message":73,"msg_id":82,"seen_nodes":["n3","n4","n1","n2","n0"],"type":"gossip"}}
2025/04/21 09:33:29 Sent {"src":"n3","dest":"n0","body":{"already_seen":true,"in_reply_to":89,"msg_id":198,"seen_nodes":["n3","n4","n1","n2","n0"],"type":"gossip_ok"}}
2025/04/21 09:33:29 Sent {"src":"n3","dest":"n4","body":{"already_seen":false,"in_reply_to":80,"msg_id":199,"seen_nodes":["n3","n4","n1","n2","n0"],"type":"gossip_ok"}}
2025/04/21 09:33:29 Received {n0 n3 {"already_seen":true,"in_reply_to":82,"msg_id":224,"seen_nodes":["n0","n1","n2","n4","n3"],"type":"gossip_ok"}}
2025/04/21 09:33:29 Received {c13 n3 {"type":"broadcast","message":74,"msg_id":26}}
2025/04/21 09:33:29 Sent {"src":"n3","dest":"n0","body":{"data_id":"c13_26","message":74,"msg_id":83,"seen_nodes":["n3","n0"],"type":"gossip"}}
2025/04/21 09:33:29 Sent {"src":"n3","dest":"n4","body":{"data_id":"c13_26","message":74,"msg_id":84,"seen_nodes":["n3","n0","n4"],"type":"gossip"}}
2025/04/21 09:33:29 Sent {"src":"n3","dest":"c13","body":{"in_reply_to":26,"msg_id":202,"type":"broadcast_ok"}}
2025/04/21 09:33:29 Received {n0 n3 {"already_seen":false,"in_reply_to":83,"msg_id":226,"seen_nodes":["n0","n3","n1"],"type":"gossip_ok"}}
2025/04/21 09:33:29 Received {n4 n3 {"already_seen":false,"in_reply_to":84,"msg_id":205,"seen_nodes":["n4","n3","n0","n1"],"type":"gossip_ok"}}
2025/04/21 09:33:29 Received {n4 n3 {"data_id":"c14_26","message":75,"msg_id":83,"seen_nodes":["n4","n1","n3"],"type":"gossip"}}
2025/04/21 09:33:29 Sent {"src":"n3","dest":"n0","body":{"data_id":"c14_26","message":75,"msg_id":85,"seen_nodes":["n3","n4","n1","n0"],"type":"gossip"}}
2025/04/21 09:33:29 Sent {"src":"n3","dest":"n4","body":{"already_seen":false,"in_reply_to":83,"msg_id":204,"seen_nodes":["n3","n4","n1","n0"],"type":"gossip_ok"}}
2025/04/21 09:33:29 Received {n0 n3 {"already_seen":false,"in_reply_to":85,"msg_id":227,"seen_nodes":["n0","n3","n4","n1"],"type":"gossip_ok"}}
2025/04/21 09:33:29 Received {n0 n3 {"data_id":"c10_52","message":76,"msg_id":91,"seen_nodes":["n0","n3"],"type":"gossip"}}
2025/04/21 09:33:29 Sent {"src":"n3","dest":"n4","body":{"data_id":"c10_52","message":76,"msg_id":86,"seen_nodes":["n3","n0","n4"],"type":"gossip"}}
2025/04/21 09:33:29 Sent {"src":"n3","dest":"n0","body":{"already_seen":false,"in_reply_to":91,"msg_id":206,"seen_nodes":["n3","n0","n4"],"type":"gossip_ok"}}
2025/04/21 09:33:29 Received {n4 n3 {"already_seen":false,"in_reply_to":86,"msg_id":212,"seen_nodes":["n4","n3","n0","n1"],"type":"gossip_ok"}}
2025/04/21 09:33:29 Received {n0 n3 {"data_id":"c12_27","message":77,"msg_id":93,"seen_nodes":["n0","n1","n2","n4","n3"],"type":"gossip"}}
2025/04/21 09:33:29 Received {n4 n3 {"data_id":"c12_27","message":77,"msg_id":85,"seen_nodes":["n4","n1","n2","n3"],"type":"gossip"}}
2025/04/21 09:33:29 Sent {"src":"n3","dest":"n0","body":{"already_seen":false,"in_reply_to":93,"msg_id":207,"seen_nodes":["n3","n0","n1","n2","n4"],"type":"gossip_ok"}}
2025/04/21 09:33:29 Sent {"src":"n3","dest":"n4","body":{"already_seen":true,"in_reply_to":85,"msg_id":208,"seen_nodes":["n3","n0","n1","n2","n4"],"type":"gossip_ok"}}
2025/04/21 09:33:30 Received {c13 n3 {"type":"read","msg_id":27}}
2025/04/21 09:33:30 Sent {"src":"n3","dest":"c13","body":{"in_reply_to":27,"messages":[21,40,43,46,49,4,8,18,15,16,69,73,13,17,30,55,60,62,20,33,35,37,44,66,7,14,45,61,70,22,31,36,50,57,58,3,12,24,63,6,9,29,25,27,77,56,59,64,65,67,28,53,54,71,74,19,48,72,5,32,76,39,41,47,51,68,1,11,38,2,34,26,42,52,75,0,10,23],"msg_id":209,"type":"read_ok"}}
2025/04/21 09:33:30 Received {n4 n3 {"data_id":"c14_27","message":78,"msg_id":87,"seen_nodes":["n4","n1","n3"],"type":"gossip"}}
2025/04/21 09:33:30 Sent {"src":"n3","dest":"n0","body":{"data_id":"c14_27","message":78,"msg_id":87,"seen_nodes":["n3","n4","n1","n0"],"type":"gossip"}}
2025/04/21 09:33:30 Sent {"src":"n3","dest":"n4","body":{"already_seen":false,"in_reply_to":87,"msg_id":211,"seen_nodes":["n3","n4","n1","n0"],"type":"gossip_ok"}}
2025/04/21 09:33:30 Received {n0 n3 {"data_id":"c14_27","message":78,"msg_id":94,"seen_nodes":["n0","n1","n4","n2","n3"],"type":"gossip"}}
2025/04/21 09:33:30 Received {n0 n3 {"already_seen":true,"in_reply_to":87,"msg_id":236,"seen_nodes":["n0","n1","n4","n2","n3"],"type":"gossip_ok"}}
2025/04/21 09:33:30 Sent {"src":"n3","dest":"n0","body":{"already_seen":true,"in_reply_to":94,"msg_id":212,"seen_nodes":["n3","n4","n1","n0"],"type":"gossip_ok"}}
2025/04/21 09:33:30 Received {n4 n3 {"data_id":"c11_29","message":79,"msg_id":88,"seen_nodes":["n4","n1","n3"],"type":"gossip"}}
2025/04/21 09:33:30 Sent {"src":"n3","dest":"n0","body":{"data_id":"c11_29","message":79,"msg_id":88,"seen_nodes":["n3","n4","n1","n0"],"type":"gossip"}}
2025/04/21 09:33:30 Received {n0 n3 {"data_id":"c11_29","message":79,"msg_id":95,"seen_nodes":["n0","n1","n4","n2","n3"],"type":"gossip"}}
2025/04/21 09:33:30 Sent {"src":"n3","dest":"n4","body":{"already_seen":false,"in_reply_to":88,"msg_id":214,"seen_nodes":["n3","n4","n1","n0"],"type":"gossip_ok"}}
2025/04/21 09:33:30 Sent {"src":"n3","dest":"n0","body":{"already_seen":true,"in_reply_to":95,"msg_id":215,"seen_nodes":["n3","n4","n1","n0"],"type":"gossip_ok"}}
2025/04/21 09:33:30 Received {n0 n3 {"already_seen":true,"in_reply_to":88,"msg_id":242,"seen_nodes":["n0","n1","n4","n2","n3"],"type":"gossip_ok"}}
2025/04/21 09:33:30 Received {n4 n3 {"data_id":"c12_28","message":80,"msg_id":89,"seen_nodes":["n4","n1","n2","n3"],"type":"gossip"}}
2025/04/21 09:33:30 Received {n0 n3 {"data_id":"c12_28","message":80,"msg_id":96,"seen_nodes":["n0","n1","n2","n4","n3"],"type":"gossip"}}
2025/04/21 09:33:30 Sent {"src":"n3","dest":"n0","body":{"data_id":"c12_28","message":80,"msg_id":89,"seen_nodes":["n3","n4","n1","n2","n0"],"type":"gossip"}}
2025/04/21 09:33:30 Sent {"src":"n3","dest":"n4","body":{"already_seen":false,"in_reply_to":89,"msg_id":218,"seen_nodes":["n3","n4","n1","n2","n0"],"type":"gossip_ok"}}
2025/04/21 09:33:30 Sent {"src":"n3","dest":"n0","body":{"already_seen":true,"in_reply_to":96,"msg_id":217,"seen_nodes":["n3","n4","n1","n2","n0"],"type":"gossip_ok"}}
2025/04/21 09:33:30 Received {n0 n3 {"already_seen":true,"in_reply_to":89,"msg_id":245,"seen_nodes":["n0","n1","n2","n4","n3"],"type":"gossip_ok"}}
2025/04/21 09:33:30 Received {c13 n3 {"type":"read","msg_id":28}}
2025/04/21 09:33:30 Sent {"src":"n3","dest":"c13","body":{"in_reply_to":28,"messages":[4,8,18,21,40,43,46,49,15,16,13,17,30,69,73,80,20,33,35,55,60,62,37,44,66,7,14,22,31,36,45,61,70,78,3,12,24,50,57,58,79,6,9,29,63,25,27,77,28,53,54,56,59,64,65,67,71,74,19,48,72,5,32,76,1,11,38,39,41,47,51,68,2,34,0,10,23,26,42,52,75],"msg_id":219,"type":"read_ok"}}
2025/04/21 09:33:31 Received {n4 n3 {"data_id":"c11_30","message":81,"msg_id":90,"seen_nodes":["n4","n1","n3"],"type":"gossip"}}
2025/04/21 09:33:31 Sent {"src":"n3","dest":"n0","body":{"data_id":"c11_30","message":81,"msg_id":90,"seen_nodes":["n3","n4","n1","n0"],"type":"gossip"}}
2025/04/21 09:33:31 Received {n0 n3 {"data_id":"c11_30","message":81,"msg_id":97,"seen_nodes":["n0","n1","n4","n2","n3"],"type":"gossip"}}
2025/04/21 09:33:31 Sent {"src":"n3","dest":"n4","body":{"already_seen":false,"in_reply_to":90,"msg_id":221,"seen_nodes":["n3","n4","n1","n0"],"type":"gossip_ok"}}
2025/04/21 09:33:31 Sent {"src":"n3","dest":"n0","body":{"already_seen":true,"in_reply_to":97,"msg_id":222,"seen_nodes":["n3","n4","n1","n0"],"type":"gossip_ok"}}
2025/04/21 09:33:31 Received {n0 n3 {"already_seen":true,"in_reply_to":90,"msg_id":250,"seen_nodes":["n0","n1","n4","n2","n3"],"type":"gossip_ok"}}
2025/04/21 09:33:31 Received {n4 n3 {"data_id":"c12_29","message":82,"msg_id":91,"seen_nodes":["n4","n1","n2","n3"],"type":"gossip"}}
2025/04/21 09:33:31 Sent {"src":"n3","dest":"n0","body":{"data_id":"c12_29","message":82,"msg_id":91,"seen_nodes":["n3","n4","n1","n2","n0"],"type":"gossip"}}
2025/04/21 09:33:31 Sent {"src":"n3","dest":"n4","body":{"already_seen":false,"in_reply_to":91,"msg_id":224,"seen_nodes":["n3","n4","n1","n2","n0"],"type":"gossip_ok"}}
2025/04/21 09:33:31 Received {n0 n3 {"data_id":"c12_29","message":82,"msg_id":98,"seen_nodes":["n0","n1","n2","n4","n3"],"type":"gossip"}}
2025/04/21 09:33:31 Sent {"src":"n3","dest":"n0","body":{"already_seen":true,"in_reply_to":98,"msg_id":225,"seen_nodes":["n3","n4","n1","n2","n0"],"type":"gossip_ok"}}
2025/04/21 09:33:31 Received {n0 n3 {"already_seen":true,"in_reply_to":91,"msg_id":253,"seen_nodes":["n0","n1","n2","n4","n3"],"type":"gossip_ok"}}
2025/04/21 09:33:31 Received {c13 n3 {"type":"broadcast","message":83,"msg_id":29}}
2025/04/21 09:33:31 Sent {"src":"n3","dest":"n0","body":{"data_id":"c13_29","message":83,"msg_id":92,"seen_nodes":["n3","n0"],"type":"gossip"}}
2025/04/21 09:33:31 Sent {"src":"n3","dest":"n4","body":{"data_id":"c13_29","message":83,"msg_id":93,"seen_nodes":["n3","n0","n4"],"type":"gossip"}}
2025/04/21 09:33:31 Sent {"src":"n3","dest":"c13","body":{"in_reply_to":29,"msg_id":228,"type":"broadcast_ok"}}
2025/04/21 09:33:31 Received {n0 n3 {"already_seen":false,"in_reply_to":92,"msg_id":255,"seen_nodes":["n0","n3","n1"],"type":"gossip_ok"}}
2025/04/21 09:33:31 Received {n4 n3 {"already_seen":false,"in_reply_to":93,"msg_id":228,"seen_nodes":["n4","n3","n0","n1"],"type":"gossip_ok"}}
2025/04/21 09:33:31 Received {n4 n3 {"data_id":"c14_29","message":84,"msg_id":94,"seen_nodes":["n4","n1","n3"],"type":"gossip"}}
2025/04/21 09:33:31 Sent {"src":"n3","dest":"n0","body":{"data_id":"c14_29","message":84,"msg_id":94,"seen_nodes":["n3","n4","n1","n0"],"type":"gossip"}}
2025/04/21 09:33:31 Sent {"src":"n3","dest":"n4","body":{"already_seen":false,"in_reply_to":94,"msg_id":230,"seen_nodes":["n3","n4","n1","n0"],"type":"gossip_ok"}}
2025/04/21 09:33:31 Received {n0 n3 {"already_seen":false,"in_reply_to":94,"msg_id":256,"seen_nodes":["n0","n3","n4","n1"],"type":"gossip_ok"}}
2025/04/21 09:33:31 Received {n0 n3 {"data_id":"c10_58","message":85,"msg_id":100,"seen_nodes":["n0","n3"],"type":"gossip"}}
2025/04/21 09:33:31 Sent {"src":"n3","dest":"n4","body":{"data_id":"c10_58","message":85,"msg_id":95,"seen_nodes":["n3","n0","n4"],"type":"gossip"}}
2025/04/21 09:33:31 Sent {"src":"n3","dest":"n0","body":{"already_seen":false,"in_reply_to":100,"msg_id":232,"seen_nodes":["n3","n0","n4"],"type":"gossip_ok"}}
2025/04/21 09:33:31 Received {n4 n3 {"already_seen":false,"in_reply_to":95,"msg_id":234,"seen_nodes":["n4","n3","n0","n1"],"type":"gossip_ok"}}
2025/04/21 09:33:32 Received {c13 n3 {"type":"broadcast","message":86,"msg_id":30}}
2025/04/21 09:33:32 Sent {"src":"n3","dest":"n0","body":{"data_id":"c13_30","message":86,"msg_id":96,"seen_nodes":["n3","n0"],"type":"gossip"}}
2025/04/21 09:33:32 Sent {"src":"n3","dest":"n4","body":{"data_id":"c13_30","message":86,"msg_id":97,"seen_nodes":["n3","n0","n4"],"type":"gossip"}}
2025/04/21 09:33:32 Sent {"src":"n3","dest":"c13","body":{"in_reply_to":30,"msg_id":235,"type":"broadcast_ok"}}
2025/04/21 09:33:32 Received {n0 n3 {"already_seen":false,"in_reply_to":96,"msg_id":263,"seen_nodes":["n0","n3","n1"],"type":"gossip_ok"}}
2025/04/21 09:33:32 Received {n4 n3 {"already_seen":false,"in_reply_to":97,"msg_id":237,"seen_nodes":["n4","n3","n0","n1"],"type":"gossip_ok"}}
2025/04/21 09:33:32 Received {n0 n3 {"data_id":"c10_59","message":87,"msg_id":103,"seen_nodes":["n0","n3"],"type":"gossip"}}
2025/04/21 09:33:32 Sent {"src":"n3","dest":"n4","body":{"data_id":"c10_59","message":87,"msg_id":98,"seen_nodes":["n3","n0","n4"],"type":"gossip"}}
2025/04/21 09:33:32 Sent {"src":"n3","dest":"n0","body":{"already_seen":false,"in_reply_to":103,"msg_id":237,"seen_nodes":["n3","n0","n4"],"type":"gossip_ok"}}
2025/04/21 09:33:32 Received {n4 n3 {"already_seen":false,"in_reply_to":98,"msg_id":242,"seen_nodes":["n4","n3","n0","n1"],"type":"gossip_ok"}}
2025/04/21 09:33:32 Received {n0 n3 {"data_id":"c10_60","message":88,"msg_id":105,"seen_nodes":["n0","n3"],"type":"gossip"}}
2025/04/21 09:33:32 Sent {"src":"n3","dest":"n4","body":{"data_id":"c10_60","message":88,"msg_id":99,"seen_nodes":["n3","n0","n4"],"type":"gossip"}}
2025/04/21 09:33:32 Sent {"src":"n3","dest":"n0","body":{"already_seen":false,"in_reply_to":105,"msg_id":239,"seen_nodes":["n3","n0","n4"],"type":"gossip_ok"}}
2025/04/21 09:33:32 Received {n4 n3 {"already_seen":false,"in_reply_to":99,"msg_id":245,"seen_nodes":["n4","n3","n0","n1"],"type":"gossip_ok"}}
2025/04/21 09:33:32 Received {n0 n3 {"data_id":"c12_31","message":89,"msg_id":107,"seen_nodes":["n0","n1","n2","n4","n3"],"type":"gossip"}}
2025/04/21 09:33:32 Received {n4 n3 {"data_id":"c12_31","message":89,"msg_id":99,"seen_nodes":["n4","n1","n2","n3"],"type":"gossip"}}
2025/04/21 09:33:32 Sent {"src":"n3","dest":"n4","body":{"already_seen":true,"in_reply_to":99,"msg_id":241,"seen_nodes":["n3","n0","n1","n2","n4"],"type":"gossip_ok"}}
2025/04/21 09:33:32 Sent {"src":"n3","dest":"n0","body":{"already_seen":false,"in_reply_to":107,"msg_id":240,"seen_nodes":["n3","n0","n1","n2","n4"],"type":"gossip_ok"}}
2025/04/21 09:33:32 Received {c13 n3 {"type":"broadcast","message":90,"msg_id":31}}
2025/04/21 09:33:32 Sent {"src":"n3","dest":"n0","body":{"data_id":"c13_31","message":90,"msg_id":100,"seen_nodes":["n3","n0"],"type":"gossip"}}
2025/04/21 09:33:32 Sent {"src":"n3","dest":"n4","body":{"data_id":"c13_31","message":90,"msg_id":101,"seen_nodes":["n3","n0","n4"],"type":"gossip"}}
2025/04/21 09:33:32 Sent {"src":"n3","dest":"c13","body":{"in_reply_to":31,"msg_id":244,"type":"broadcast_ok"}}
2025/04/21 09:33:32 Received {n0 n3 {"already_seen":false,"in_reply_to":100,"msg_id":273,"seen_nodes":["n0","n3","n1"],"type":"gossip_ok"}}
2025/04/21 09:33:32 Received {n4 n3 {"already_seen":false,"in_reply_to":101,"msg_id":249,"seen_nodes":["n4","n3","n0","n1"],"type":"gossip_ok"}}
2025/04/21 09:33:32 Received {n4 n3 {"data_id":"c14_31","message":91,"msg_id":102,"seen_nodes":["n4","n1","n3"],"type":"gossip"}}
2025/04/21 09:33:32 Sent {"src":"n3","dest":"n0","body":{"data_id":"c14_31","message":91,"msg_id":102,"seen_nodes":["n3","n4","n1","n0"],"type":"gossip"}}
2025/04/21 09:33:32 Sent {"src":"n3","dest":"n4","body":{"already_seen":false,"in_reply_to":102,"msg_id":246,"seen_nodes":["n3","n4","n1","n0"],"type":"gossip_ok"}}
2025/04/21 09:33:32 Received {n0 n3 {"already_seen":false,"in_reply_to":102,"msg_id":274,"seen_nodes":["n0","n3","n4","n1"],"type":"gossip_ok"}}
2025/04/21 09:33:32 Received {n0 n3 {"data_id":"c10_62","message":92,"msg_id":109,"seen_nodes":["n0","n3"],"type":"gossip"}}
2025/04/21 09:33:32 Sent {"src":"n3","dest":"n4","body":{"data_id":"c10_62","message":92,"msg_id":103,"seen_nodes":["n3","n0","n4"],"type":"gossip"}}
2025/04/21 09:33:32 Sent {"src":"n3","dest":"n0","body":{"already_seen":false,"in_reply_to":109,"msg_id":248,"seen_nodes":["n3","n0","n4"],"type":"gossip_ok"}}
2025/04/21 09:33:32 Received {n4 n3 {"already_seen":true,"in_reply_to":103,"msg_id":255,"seen_nodes":["n4","n1","n0","n3"],"type":"gossip_ok"}}
2025/04/21 09:33:33 Received {n4 n3 {"data_id":"c12_32","message":93,"msg_id":103,"seen_nodes":["n4","n1","n2","n3"],"type":"gossip"}}
2025/04/21 09:33:33 Received {n0 n3 {"data_id":"c12_32","message":93,"msg_id":111,"seen_nodes":["n0","n1","n2","n4","n3"],"type":"gossip"}}
2025/04/21 09:33:33 Sent {"src":"n3","dest":"n0","body":{"data_id":"c12_32","message":93,"msg_id":104,"seen_nodes":["n3","n4","n1","n2","n0"],"type":"gossip"}}
2025/04/21 09:33:33 Sent {"src":"n3","dest":"n0","body":{"already_seen":true,"in_reply_to":111,"msg_id":250,"seen_nodes":["n3","n4","n1","n2","n0"],"type":"gossip_ok"}}
2025/04/21 09:33:33 Sent {"src":"n3","dest":"n4","body":{"already_seen":false,"in_reply_to":103,"msg_id":251,"seen_nodes":["n3","n4","n1","n2","n0"],"type":"gossip_ok"}}
2025/04/21 09:33:33 Received {n0 n3 {"already_seen":true,"in_reply_to":104,"msg_id":282,"seen_nodes":["n0","n1","n2","n4","n3"],"type":"gossip_ok"}}
2025/04/21 09:33:33 Received {c13 n3 {"type":"read","msg_id":32}}
2025/04/21 09:33:33 Sent {"src":"n3","dest":"c13","body":{"in_reply_to":32,"messages":[19,48,72,90,5,32,76,82,47,51,68,1,11,38,39,41,81,85,93,2,34,83,89,52,75,0,10,23,26,42,43,46,49,4,8,18,21,40,15,16,80,88,92,13,17,30,69,73,62,20,33,35,55,60,37,44,66,7,14,84,70,78,22,31,36,45,61,58,79,3,12,24,50,57,6,9,29,63,87,25,27,77,91,64,65,67,28,53,54,56,59,71,74,86],"msg_id":252,"type":"read_ok"}}
2025/04/21 09:33:43 Received {c13 n3 {"type":"read","msg_id":33}}
2025/04/21 09:33:43 Sent {"src":"n3","dest":"c13","body":{"in_reply_to":33,"messages":[90,19,48,72,82,5,32,76,39,41,47,51,68,1,11,38,81,85,93,89,2,34,83,26,42,52,75,0,10,23,21,40,43,46,49,4,8,18,15,16,69,73,80,88,92,13,17,30,55,60,62,20,33,35,37,44,66,7,14,84,45,61,70,78,22,31,36,50,57,58,79,3,12,24,63,87,6,9,29,91,25,27,77,56,59,64,65,67,28,53,54,71,74,86],"msg_id":253,"type":"read_ok"}}
