2025-04-21 09:33:11,412{GMT}	INFO	[jepsen test runner] jepsen.core: Command line:
lein run test -w broadcast --bin fly-io --node-count 5 --time-limit 20 --rate 10
2025-04-21 09:33:11,519{GMT}	INFO	[jepsen test runner] jepsen.core: Running test:
{:args []
 :remote
 #jepsen.control.retry.Remote{:remote #jepsen.control.scp.Remote{:cmd-remote #jepsen.control.sshj.SSHJRemote{:concurrency-limit 6,
                                                                                                             :conn-spec nil,
                                                                                                             :client nil,
                                                                                                             :semaphore nil},
                                                                 :conn-spec nil},
                              :conn nil}
 :log-net-send false
 :node-count 5
 :availability nil
 :max-txn-length 4
 :concurrency 5
 :db
 #object[maelstrom.db$db$reify__16612
         "0x2c9573f1"
         "maelstrom.db$db$reify__16612@2c9573f1"]
 :max-writes-per-key 16
 :leave-db-running? false
 :name "broadcast"
 :logging-json? false
 :start-time
 #object[org.joda.time.DateTime "0x4b954cbb" "2025-04-21T09:33:11.387+05:30"]
 :nemesis-interval 10
 :net
 #object[maelstrom.net$jepsen_net$reify__15721
         "0xbec2d81"
         "maelstrom.net$jepsen_net$reify__15721@bec2d81"]
 :client
 #object[maelstrom.workload.broadcast$client$reify__17142
         "0x5f04449a"
         "maelstrom.workload.broadcast$client$reify__17142@5f04449a"]
 :barrier
 #object[java.util.concurrent.CyclicBarrier
         "0x5634c26c"
         "java.util.concurrent.CyclicBarrier@5634c26c"]
 :log-stderr false
 :pure-generators true
 :ssh {:dummy? true}
 :rate 10.0
 :checker
 #object[jepsen.checker$compose$reify__11089
         "0x37a5ac85"
         "jepsen.checker$compose$reify__11089@37a5ac85"]
 :argv
 ("test"
  "-w"
  "broadcast"
  "--bin"
  "fly-io"
  "--node-count"
  "5"
  "--time-limit"
  "20"
  "--rate"
  "10")
 :nemesis
 (jepsen.nemesis.ReflCompose
  {:fm {:start-partition 0,
        :stop-partition 0,
        :kill 1,
        :start 1,
        :pause 1,
        :resume 1},
   :nemeses [#unprintable "jepsen.nemesis.combined$partition_nemesis$reify__16905@5d4f0fd5"
             #unprintable "jepsen.nemesis.combined$db_nemesis$reify__16886@2092b072"]})
 :nodes ["n0" "n1" "n2" "n3" "n4"]
 :test-count 1
 :latency {:mean 0, :dist :constant}
 :bin "fly-io"
 :generator
 #object[jepsen.util.Forgettable
         "0xe18848d"
         ((jepsen.generator.Synchronize
           {:gen (jepsen.generator.TimeLimit
                  {:limit 20000000000,
                   :cutoff nil,
                   :gen (jepsen.generator.Any
                         {:gens [(jepsen.generator.OnThreads
                                  {:f #{:nemesis},
                                   :context-filter #object[jepsen.generator.context$make_thread_filter$lazy_filter__12077
                                                           "0x6ba6f4e7"
                                                           "jepsen.generator.context$make_thread_filter$lazy_filter__12077@6ba6f4e7"],
                                   :gen nil})
                                 (jepsen.generator.OnThreads
                                  {:f #jepsen.generator.context.AllBut{:element :nemesis},
                                   :context-filter #object[jepsen.generator.context$make_thread_filter$lazy_filter__12077
                                                           "0x3d45ea17"
                                                           "jepsen.generator.context$make_thread_filter$lazy_filter__12077@3d45ea17"],
                                   :gen (jepsen.generator.Stagger
                                         {:dt 200000000,
                                          :next-time nil,
                                          :gen (jepsen.generator.Mix
                                                {:i 1,
                                                 :gens [({:f :broadcast,
                                                          :value 0}
                                                         {:f :broadcast,
                                                          :value 1}
                                                         {:f :broadcast,
                                                          :value 2}
                                                         {:f :broadcast,
                                                          :value 3}
                                                         {:f :broadcast,
                                                          :value 4}
                                                         {:f :broadcast,
                                                          :value 5}
                                                         {:f :broadcast,
                                                          :value 6}
                                                         {:f :broadcast,
                                                          :value 7}
                                                         ...)
                                                        ({:f :read}
                                                         {:f :read}
                                                         {:f :read}
                                                         {:f :read}
                                                         {:f :read}
                                                         {:f :read}
                                                         {:f :read}
                                                         {:f :read}
                                                         ...)]})})})]})})})
          (jepsen.generator.Synchronize
           {:gen (jepsen.generator.OnThreads
                  {:f #{:nemesis},
                   :context-filter #object[jepsen.generator.context$make_thread_filter$lazy_filter__12077
                                           "0x24a696c0"
                                           "jepsen.generator.context$make_thread_filter$lazy_filter__12077@24a696c0"],
                   :gen ()})})
          (jepsen.generator.Synchronize
           {:gen {:type :log, :value "Waiting for recovery..."}})
          (jepsen.generator.Synchronize {:gen {:type :sleep, :value 10}})
          (jepsen.generator.Synchronize
           {:gen (jepsen.generator.OnThreads
                  {:f #jepsen.generator.context.AllBut{:element :nemesis},
                   :context-filter #object[jepsen.generator.context$make_thread_filter$lazy_filter__12077
                                           "0x78fb4f7f"
                                           "jepsen.generator.context$make_thread_filter$lazy_filter__12077@78fb4f7f"],
                   :gen (jepsen.generator.EachThread
                         {:fresh-gen {:f :read, :final? true},
                          :context-filters #object[clojure.core$promise$reify__8621
                                                   "0x6a7c1725"
                                                   {:status :pending, :val nil}],
                          :gens {}})})}))]
 :log-net-recv false
 :os
 #object[maelstrom.net$jepsen_os$reify__15724
         "0x756476a3"
         "maelstrom.net$jepsen_os$reify__15724@756476a3"]
 :time-limit 20
 :workload :broadcast
 :consistency-models [:strict-serializable]
 :topology :grid}

2025-04-21 09:33:13,169{GMT}	INFO	[jepsen node n0] maelstrom.net: Starting Maelstrom network
2025-04-21 09:33:13,170{GMT}	INFO	[jepsen test runner] jepsen.db: Tearing down DB
2025-04-21 09:33:13,176{GMT}	INFO	[jepsen test runner] jepsen.db: Setting up DB
2025-04-21 09:33:13,177{GMT}	INFO	[jepsen node n1] maelstrom.db: Setting up n1
2025-04-21 09:33:13,177{GMT}	INFO	[jepsen node n4] maelstrom.db: Setting up n4
2025-04-21 09:33:13,177{GMT}	INFO	[jepsen node n3] maelstrom.db: Setting up n3
2025-04-21 09:33:13,177{GMT}	INFO	[jepsen node n2] maelstrom.db: Setting up n2
2025-04-21 09:33:13,177{GMT}	INFO	[jepsen node n1] maelstrom.process: launching fly-io []
2025-04-21 09:33:13,178{GMT}	INFO	[jepsen node n3] maelstrom.process: launching fly-io []
2025-04-21 09:33:13,178{GMT}	INFO	[jepsen node n4] maelstrom.process: launching fly-io []
2025-04-21 09:33:13,178{GMT}	INFO	[jepsen node n2] maelstrom.process: launching fly-io []
2025-04-21 09:33:13,180{GMT}	INFO	[jepsen node n0] maelstrom.service: Starting services: (lin-kv lin-tso lww-kv seq-kv)
2025-04-21 09:33:13,184{GMT}	INFO	[jepsen node n0] maelstrom.db: Setting up n0
2025-04-21 09:33:13,185{GMT}	INFO	[jepsen node n0] maelstrom.process: launching fly-io []
2025-04-21 09:33:13,206{GMT}	INFO	[jepsen test runner] jepsen.core: Relative time begins now
2025-04-21 09:33:13,224{GMT}	INFO	[jepsen worker 0] jepsen.util: 0	:invoke	:read	nil
2025-04-21 09:33:13,227{GMT}	INFO	[jepsen worker 0] jepsen.util: 0	:ok	:read	[]
2025-04-21 09:33:13,298{GMT}	INFO	[jepsen worker 1] jepsen.util: 1	:invoke	:read	nil
2025-04-21 09:33:13,302{GMT}	INFO	[jepsen worker 1] jepsen.util: 1	:ok	:read	[]
2025-04-21 09:33:13,491{GMT}	INFO	[jepsen worker 2] jepsen.util: 2	:invoke	:read	nil
2025-04-21 09:33:13,495{GMT}	INFO	[jepsen worker 2] jepsen.util: 2	:ok	:read	[]
2025-04-21 09:33:13,536{GMT}	INFO	[jepsen worker 3] jepsen.util: 3	:invoke	:read	nil
2025-04-21 09:33:13,540{GMT}	INFO	[jepsen worker 3] jepsen.util: 3	:ok	:read	[]
2025-04-21 09:33:13,543{GMT}	INFO	[jepsen worker 4] jepsen.util: 4	:invoke	:read	nil
2025-04-21 09:33:13,547{GMT}	INFO	[jepsen worker 4] jepsen.util: 4	:ok	:read	[]
2025-04-21 09:33:13,725{GMT}	INFO	[jepsen worker 0] jepsen.util: 0	:invoke	:read	nil
2025-04-21 09:33:13,728{GMT}	INFO	[jepsen worker 0] jepsen.util: 0	:ok	:read	[]
2025-04-21 09:33:13,768{GMT}	INFO	[jepsen worker 0] jepsen.util: 0	:invoke	:broadcast	0
2025-04-21 09:33:13,772{GMT}	INFO	[jepsen worker 0] jepsen.util: 0	:ok	:broadcast	0
2025-04-21 09:33:13,815{GMT}	INFO	[jepsen worker 1] jepsen.util: 1	:invoke	:read	nil
2025-04-21 09:33:13,818{GMT}	INFO	[jepsen worker 1] jepsen.util: 1	:ok	:read	[0]
2025-04-21 09:33:13,845{GMT}	INFO	[jepsen worker 2] jepsen.util: 2	:invoke	:broadcast	1
2025-04-21 09:33:13,848{GMT}	INFO	[jepsen worker 2] jepsen.util: 2	:ok	:broadcast	1
2025-04-21 09:33:13,964{GMT}	INFO	[jepsen worker 3] jepsen.util: 3	:invoke	:broadcast	2
2025-04-21 09:33:13,968{GMT}	INFO	[jepsen worker 3] jepsen.util: 3	:ok	:broadcast	2
2025-04-21 09:33:14,154{GMT}	INFO	[jepsen worker 4] jepsen.util: 4	:invoke	:read	nil
2025-04-21 09:33:14,157{GMT}	INFO	[jepsen worker 4] jepsen.util: 4	:ok	:read	[0 1 2]
2025-04-21 09:33:14,353{GMT}	INFO	[jepsen worker 0] jepsen.util: 0	:invoke	:broadcast	3
2025-04-21 09:33:14,356{GMT}	INFO	[jepsen worker 0] jepsen.util: 0	:ok	:broadcast	3
2025-04-21 09:33:14,436{GMT}	INFO	[jepsen worker 0] jepsen.util: 0	:invoke	:read	nil
2025-04-21 09:33:14,438{GMT}	INFO	[jepsen worker 0] jepsen.util: 0	:ok	:read	[3 0 1 2]
2025-04-21 09:33:14,503{GMT}	INFO	[jepsen worker 1] jepsen.util: 1	:invoke	:broadcast	4
2025-04-21 09:33:14,506{GMT}	INFO	[jepsen worker 1] jepsen.util: 1	:ok	:broadcast	4
2025-04-21 09:33:14,663{GMT}	INFO	[jepsen worker 2] jepsen.util: 2	:invoke	:read	nil
2025-04-21 09:33:14,666{GMT}	INFO	[jepsen worker 2] jepsen.util: 2	:ok	:read	[0 1 2 3 4]
2025-04-21 09:33:14,790{GMT}	INFO	[jepsen worker 3] jepsen.util: 3	:invoke	:read	nil
2025-04-21 09:33:14,793{GMT}	INFO	[jepsen worker 3] jepsen.util: 3	:ok	:read	[0 1 2 3 4]
2025-04-21 09:33:14,976{GMT}	INFO	[jepsen worker 4] jepsen.util: 4	:invoke	:read	nil
2025-04-21 09:33:14,979{GMT}	INFO	[jepsen worker 4] jepsen.util: 4	:ok	:read	[0 1 2 3 4]
2025-04-21 09:33:15,016{GMT}	INFO	[jepsen worker 0] jepsen.util: 0	:invoke	:read	nil
2025-04-21 09:33:15,019{GMT}	INFO	[jepsen worker 0] jepsen.util: 0	:ok	:read	[0 1 2 3 4]
2025-04-21 09:33:15,183{GMT}	INFO	[jepsen worker 0] jepsen.util: 0	:invoke	:broadcast	5
2025-04-21 09:33:15,187{GMT}	INFO	[jepsen worker 0] jepsen.util: 0	:ok	:broadcast	5
2025-04-21 09:33:15,360{GMT}	INFO	[jepsen worker 1] jepsen.util: 1	:invoke	:broadcast	6
2025-04-21 09:33:15,361{GMT}	INFO	[jepsen worker 2] jepsen.util: 2	:invoke	:broadcast	7
2025-04-21 09:33:15,364{GMT}	INFO	[jepsen worker 1] jepsen.util: 1	:ok	:broadcast	6
2025-04-21 09:33:15,365{GMT}	INFO	[jepsen worker 2] jepsen.util: 2	:ok	:broadcast	7
2025-04-21 09:33:15,391{GMT}	INFO	[jepsen worker 3] jepsen.util: 3	:invoke	:broadcast	8
2025-04-21 09:33:15,395{GMT}	INFO	[jepsen worker 3] jepsen.util: 3	:ok	:broadcast	8
2025-04-21 09:33:15,526{GMT}	INFO	[jepsen worker 4] jepsen.util: 4	:invoke	:read	nil
2025-04-21 09:33:15,528{GMT}	INFO	[jepsen worker 4] jepsen.util: 4	:ok	:read	[0 5 7 1 2 3 4 6 8]
2025-04-21 09:33:15,576{GMT}	INFO	[jepsen worker 0] jepsen.util: 0	:invoke	:broadcast	9
2025-04-21 09:33:15,579{GMT}	INFO	[jepsen worker 0] jepsen.util: 0	:ok	:broadcast	9
2025-04-21 09:33:15,666{GMT}	INFO	[jepsen worker 0] jepsen.util: 0	:invoke	:broadcast	10
2025-04-21 09:33:15,669{GMT}	INFO	[jepsen worker 0] jepsen.util: 0	:ok	:broadcast	10
2025-04-21 09:33:15,760{GMT}	INFO	[jepsen worker 1] jepsen.util: 1	:invoke	:broadcast	11
2025-04-21 09:33:15,763{GMT}	INFO	[jepsen worker 1] jepsen.util: 1	:ok	:broadcast	11
2025-04-21 09:33:15,831{GMT}	INFO	[jepsen worker 2] jepsen.util: 2	:invoke	:broadcast	12
2025-04-21 09:33:15,833{GMT}	INFO	[jepsen worker 2] jepsen.util: 2	:ok	:broadcast	12
2025-04-21 09:33:15,959{GMT}	INFO	[jepsen worker 3] jepsen.util: 3	:invoke	:read	nil
2025-04-21 09:33:15,962{GMT}	INFO	[jepsen worker 3] jepsen.util: 3	:ok	:read	[2 4 5 6 8 9 12 0 1 3 7 10 11]
2025-04-21 09:33:16,018{GMT}	INFO	[jepsen worker 4] jepsen.util: 4	:invoke	:broadcast	13
2025-04-21 09:33:16,021{GMT}	INFO	[jepsen worker 4] jepsen.util: 4	:ok	:broadcast	13
2025-04-21 09:33:16,152{GMT}	INFO	[jepsen worker 0] jepsen.util: 0	:invoke	:broadcast	14
2025-04-21 09:33:16,155{GMT}	INFO	[jepsen worker 0] jepsen.util: 0	:ok	:broadcast	14
2025-04-21 09:33:16,218{GMT}	INFO	[jepsen worker 0] jepsen.util: 0	:invoke	:broadcast	15
2025-04-21 09:33:16,221{GMT}	INFO	[jepsen worker 0] jepsen.util: 0	:ok	:broadcast	15
2025-04-21 09:33:16,406{GMT}	INFO	[jepsen worker 1] jepsen.util: 1	:invoke	:read	nil
2025-04-21 09:33:16,408{GMT}	INFO	[jepsen worker 1] jepsen.util: 1	:ok	:read	[4 7 11 12 15 2 9 10 13 14 1 3 5 6 0 8]
2025-04-21 09:33:16,445{GMT}	INFO	[jepsen worker 2] jepsen.util: 2	:invoke	:broadcast	16
2025-04-21 09:33:16,446{GMT}	INFO	[jepsen worker 2] jepsen.util: 2	:ok	:broadcast	16
2025-04-21 09:33:16,588{GMT}	INFO	[jepsen worker 3] jepsen.util: 3	:invoke	:read	nil
2025-04-21 09:33:16,590{GMT}	INFO	[jepsen worker 3] jepsen.util: 3	:ok	:read	[4 5 6 8 9 16 1 7 11 14 15 2 13 0 3 10 12]
2025-04-21 09:33:16,692{GMT}	INFO	[jepsen worker 4] jepsen.util: 4	:invoke	:read	nil
2025-04-21 09:33:16,694{GMT}	INFO	[jepsen worker 4] jepsen.util: 4	:ok	:read	[7 12 14 4 8 11 15 16 0 5 13 1 2 3 6 9 10]
2025-04-21 09:33:16,851{GMT}	INFO	[jepsen worker 0] jepsen.util: 0	:invoke	:read	nil
2025-04-21 09:33:16,853{GMT}	INFO	[jepsen worker 0] jepsen.util: 0	:ok	:read	[4 5 9 12 15 16 1 6 13 14 2 3 7 10 11 0 8]
2025-04-21 09:33:16,990{GMT}	INFO	[jepsen worker 0] jepsen.util: 0	:invoke	:broadcast	17
2025-04-21 09:33:16,993{GMT}	INFO	[jepsen worker 0] jepsen.util: 0	:ok	:broadcast	17
2025-04-21 09:33:17,079{GMT}	INFO	[jepsen worker 1] jepsen.util: 1	:invoke	:broadcast	18
2025-04-21 09:33:17,082{GMT}	INFO	[jepsen worker 1] jepsen.util: 1	:ok	:broadcast	18
2025-04-21 09:33:17,127{GMT}	INFO	[jepsen worker 2] jepsen.util: 2	:invoke	:broadcast	19
2025-04-21 09:33:17,129{GMT}	INFO	[jepsen worker 2] jepsen.util: 2	:ok	:broadcast	19
2025-04-21 09:33:17,312{GMT}	INFO	[jepsen worker 3] jepsen.util: 3	:invoke	:read	nil
2025-04-21 09:33:17,314{GMT}	INFO	[jepsen worker 3] jepsen.util: 3	:ok	:read	[17 2 13 10 12 19 0 3 6 8 9 18 4 5 11 14 15 16 1 7]
2025-04-21 09:33:17,405{GMT}	INFO	[jepsen worker 4] jepsen.util: 4	:invoke	:broadcast	20
2025-04-21 09:33:17,407{GMT}	INFO	[jepsen worker 4] jepsen.util: 4	:ok	:broadcast	20
2025-04-21 09:33:17,431{GMT}	INFO	[jepsen worker 0] jepsen.util: 0	:invoke	:broadcast	21
2025-04-21 09:33:17,433{GMT}	INFO	[jepsen worker 0] jepsen.util: 0	:ok	:broadcast	21
2025-04-21 09:33:17,597{GMT}	INFO	[jepsen worker 0] jepsen.util: 0	:invoke	:read	nil
2025-04-21 09:33:17,599{GMT}	INFO	[jepsen worker 0] jepsen.util: 0	:ok	:read	[1 6 13 14 2 3 7 10 11 17 0 8 18 19 21 4 5 9 12 15 16 20]
2025-04-21 09:33:17,713{GMT}	INFO	[jepsen worker 1] jepsen.util: 1	:invoke	:broadcast	22
2025-04-21 09:33:17,715{GMT}	INFO	[jepsen worker 1] jepsen.util: 1	:ok	:broadcast	22
2025-04-21 09:33:17,899{GMT}	INFO	[jepsen worker 2] jepsen.util: 2	:invoke	:broadcast	23
2025-04-21 09:33:17,901{GMT}	INFO	[jepsen worker 2] jepsen.util: 2	:ok	:broadcast	23
2025-04-21 09:33:17,902{GMT}	INFO	[jepsen worker 3] jepsen.util: 3	:invoke	:broadcast	24
2025-04-21 09:33:17,905{GMT}	INFO	[jepsen worker 3] jepsen.util: 3	:ok	:broadcast	24
2025-04-21 09:33:18,008{GMT}	INFO	[jepsen worker 4] jepsen.util: 4	:invoke	:read	nil
2025-04-21 09:33:18,010{GMT}	INFO	[jepsen worker 4] jepsen.util: 4	:ok	:read	[21 22 24 0 5 17 6 9 10 13 18 1 2 3 19 7 12 14 15 16 20 23 4 8 11]
2025-04-21 09:33:18,175{GMT}	INFO	[jepsen worker 0] jepsen.util: 0	:invoke	:broadcast	25
2025-04-21 09:33:18,177{GMT}	INFO	[jepsen worker 0] jepsen.util: 0	:ok	:broadcast	25
2025-04-21 09:33:18,264{GMT}	INFO	[jepsen worker 0] jepsen.util: 0	:invoke	:read	nil
2025-04-21 09:33:18,267{GMT}	INFO	[jepsen worker 0] jepsen.util: 0	:ok	:read	[0 8 18 19 15 16 20 21 4 5 9 12 22 25 24 1 6 13 14 11 17 23 2 3 7 10]
2025-04-21 09:33:18,282{GMT}	INFO	[jepsen worker 1] jepsen.util: 1	:invoke	:broadcast	26
2025-04-21 09:33:18,284{GMT}	INFO	[jepsen worker 1] jepsen.util: 1	:ok	:broadcast	26
2025-04-21 09:33:18,458{GMT}	INFO	[jepsen worker 2] jepsen.util: 2	:invoke	:read	nil
2025-04-21 09:33:18,460{GMT}	INFO	[jepsen worker 2] jepsen.util: 2	:ok	:read	[13 22 26 8 11 14 16 9 2 4 5 24 10 23 17 18 15 6 19 21 3 20 25 0 7 12 1]
2025-04-21 09:33:18,644{GMT}	INFO	[jepsen worker 3] jepsen.util: 3	:invoke	:broadcast	27
2025-04-21 09:33:18,647{GMT}	INFO	[jepsen worker 3] jepsen.util: 3	:ok	:broadcast	27
2025-04-21 09:33:18,823{GMT}	INFO	[jepsen worker 4] jepsen.util: 4	:invoke	:broadcast	28
2025-04-21 09:33:18,826{GMT}	INFO	[jepsen worker 4] jepsen.util: 4	:ok	:broadcast	28
2025-04-21 09:33:18,888{GMT}	INFO	[jepsen worker 0] jepsen.util: 0	:invoke	:broadcast	29
2025-04-21 09:33:18,890{GMT}	INFO	[jepsen worker 0] jepsen.util: 0	:ok	:broadcast	29
2025-04-21 09:33:19,018{GMT}	INFO	[jepsen worker 0] jepsen.util: 0	:invoke	:read	nil
2025-04-21 09:33:19,020{GMT}	INFO	[jepsen worker 0] jepsen.util: 0	:ok	:read	[10 11 7 18 26 29 0 16 20 27 12 24 14 3 17 23 2 19 8 5 9 15 21 22 25 28 4 6 13 1]
2025-04-21 09:33:19,216{GMT}	INFO	[jepsen worker 1] jepsen.util: 1	:invoke	:read	nil
2025-04-21 09:33:19,219{GMT}	INFO	[jepsen worker 1] jepsen.util: 1	:ok	:read	[24 11 22 2 23 26 19 28 3 5 6 18 0 8 21 20 25 29 4 7 12 15 27 9 10 13 14 1 16 17]
2025-04-21 09:33:19,407{GMT}	INFO	[jepsen worker 2] jepsen.util: 2	:invoke	:read	nil
2025-04-21 09:33:19,409{GMT}	INFO	[jepsen worker 2] jepsen.util: 2	:ok	:read	[2 4 5 24 10 23 15 17 18 3 6 19 21 28 29 0 20 25 27 1 7 12 8 13 22 26 9 11 14 16]
2025-04-21 09:33:19,531{GMT}	INFO	[jepsen worker 3] jepsen.util: 3	:invoke	:read	nil
2025-04-21 09:33:19,533{GMT}	INFO	[jepsen worker 3] jepsen.util: 3	:ok	:read	[19 20 5 1 7 11 14 2 22 23 24 26 0 3 10 12 18 21 29 4 6 8 9 15 16 25 27 13 17 28]
2025-04-21 09:33:19,576{GMT}	INFO	[jepsen worker 4] jepsen.util: 4	:invoke	:read	nil
2025-04-21 09:33:19,578{GMT}	INFO	[jepsen worker 4] jepsen.util: 4	:ok	:read	[11 29 5 27 2 3 6 9 18 7 12 19 23 4 8 15 16 20 25 28 0 17 21 22 24 1 10 13 14 26]
2025-04-21 09:33:19,604{GMT}	INFO	[jepsen worker 0] jepsen.util: 0	:invoke	:read	nil
2025-04-21 09:33:19,606{GMT}	INFO	[jepsen worker 0] jepsen.util: 0	:ok	:read	[8 19 15 21 22 25 28 4 5 9 1 6 13 7 10 11 29 0 18 26 27 12 16 20 14 24 23 2 3 17]
2025-04-21 09:33:19,710{GMT}	INFO	[jepsen worker 0] jepsen.util: 0	:invoke	:read	nil
2025-04-21 09:33:19,711{GMT}	INFO	[jepsen worker 0] jepsen.util: 0	:ok	:read	[16 20 27 12 24 14 3 17 23 2 19 8 5 9 15 21 22 25 28 4 6 13 1 10 11 7 18 26 29 0]
2025-04-21 09:33:19,741{GMT}	INFO	[jepsen worker 1] jepsen.util: 1	:invoke	:read	nil
2025-04-21 09:33:19,743{GMT}	INFO	[jepsen worker 1] jepsen.util: 1	:ok	:read	[24 11 22 2 23 26 3 5 6 18 19 28 0 8 21 29 4 7 12 15 20 25 9 10 13 14 27 1 16 17]
2025-04-21 09:33:19,892{GMT}	INFO	[jepsen worker 2] jepsen.util: 2	:invoke	:broadcast	30
2025-04-21 09:33:19,893{GMT}	INFO	[jepsen worker 2] jepsen.util: 2	:ok	:broadcast	30
2025-04-21 09:33:19,976{GMT}	INFO	[jepsen worker 3] jepsen.util: 3	:invoke	:read	nil
2025-04-21 09:33:19,978{GMT}	INFO	[jepsen worker 3] jepsen.util: 3	:ok	:read	[29 4 6 8 9 18 21 15 16 25 27 13 17 28 30 19 20 5 1 7 11 14 2 22 26 0 3 10 12 23 24]
2025-04-21 09:33:20,132{GMT}	INFO	[jepsen worker 4] jepsen.util: 4	:invoke	:read	nil
2025-04-21 09:33:20,133{GMT}	INFO	[jepsen worker 4] jepsen.util: 4	:ok	:read	[14 26 11 29 5 27 2 3 6 9 18 7 12 19 4 8 15 16 20 23 0 17 21 22 24 25 28 30 1 10 13]
2025-04-21 09:33:20,217{GMT}	INFO	[jepsen worker 0] jepsen.util: 0	:invoke	:broadcast	31
2025-04-21 09:33:20,219{GMT}	INFO	[jepsen worker 1] jepsen.util: 1	:invoke	:broadcast	32
2025-04-21 09:33:20,219{GMT}	INFO	[jepsen worker 0] jepsen.util: 0	:ok	:broadcast	31
2025-04-21 09:33:20,221{GMT}	INFO	[jepsen worker 1] jepsen.util: 1	:ok	:broadcast	32
2025-04-21 09:33:20,328{GMT}	INFO	[jepsen worker 1] jepsen.util: 1	:invoke	:read	nil
2025-04-21 09:33:20,329{GMT}	INFO	[jepsen worker 1] jepsen.util: 1	:ok	:read	[9 10 13 14 27 1 16 17 24 11 22 2 23 26 31 3 5 6 18 19 28 30 0 8 21 32 4 7 12 15 20 25 29]
2025-04-21 09:33:20,351{GMT}	INFO	[jepsen worker 2] jepsen.util: 2	:invoke	:read	nil
2025-04-21 09:33:20,353{GMT}	INFO	[jepsen worker 2] jepsen.util: 2	:ok	:read	[24 2 4 5 10 23 15 17 18 21 28 29 3 6 19 27 0 20 25 30 31 1 7 12 26 32 8 13 22 16 9 11 14]
2025-04-21 09:33:20,378{GMT}	INFO	[jepsen worker 3] jepsen.util: 3	:invoke	:broadcast	33
2025-04-21 09:33:20,380{GMT}	INFO	[jepsen worker 3] jepsen.util: 3	:ok	:broadcast	33
2025-04-21 09:33:20,531{GMT}	INFO	[jepsen worker 4] jepsen.util: 4	:invoke	:read	nil
2025-04-21 09:33:20,533{GMT}	INFO	[jepsen worker 4] jepsen.util: 4	:ok	:read	[6 9 18 33 2 3 19 7 12 15 16 20 23 4 8 21 22 24 25 28 30 0 17 31 13 1 10 32 14 26 11 29 5 27]
2025-04-21 09:33:20,593{GMT}	INFO	[jepsen worker 0] jepsen.util: 0	:invoke	:read	nil
2025-04-21 09:33:20,595{GMT}	INFO	[jepsen worker 0] jepsen.util: 0	:ok	:read	[8 19 4 5 9 15 21 22 25 28 1 6 13 7 10 11 0 18 26 29 12 16 20 27 31 33 14 24 2 3 17 23 30 32]
2025-04-21 09:33:20,630{GMT}	INFO	[jepsen worker 0] jepsen.util: 0	:invoke	:read	nil
2025-04-21 09:33:20,632{GMT}	INFO	[jepsen worker 0] jepsen.util: 0	:ok	:read	[26 29 0 18 20 27 31 33 12 16 14 24 17 23 30 32 2 3 8 19 9 15 21 22 25 28 4 5 13 1 6 11 7 10]
2025-04-21 09:33:20,700{GMT}	INFO	[jepsen worker 1] jepsen.util: 1	:invoke	:read	nil
2025-04-21 09:33:20,701{GMT}	INFO	[jepsen worker 1] jepsen.util: 1	:ok	:read	[11 22 2 23 26 18 19 28 30 31 3 5 6 0 8 21 15 20 25 29 32 4 7 12 14 27 9 10 13 1 16 17 24 33]
2025-04-21 09:33:20,860{GMT}	INFO	[jepsen worker 2] jepsen.util: 2	:invoke	:broadcast	34
2025-04-21 09:33:20,862{GMT}	INFO	[jepsen worker 2] jepsen.util: 2	:ok	:broadcast	34
2025-04-21 09:33:20,963{GMT}	INFO	[jepsen worker 3] jepsen.util: 3	:invoke	:read	nil
2025-04-21 09:33:20,965{GMT}	INFO	[jepsen worker 3] jepsen.util: 3	:ok	:read	[21 29 4 6 8 9 18 15 16 25 27 13 17 28 30 19 20 33 5 32 1 7 11 14 2 22 31 34 24 26 0 3 10 12 23]
2025-04-21 09:33:21,076{GMT}	INFO	[jepsen worker 4] jepsen.util: 4	:invoke	:read	nil
2025-04-21 09:33:21,078{GMT}	INFO	[jepsen worker 4] jepsen.util: 4	:ok	:read	[8 15 16 20 23 4 17 21 22 24 25 28 30 0 31 10 13 1 26 32 14 29 11 27 5 3 6 9 18 33 2 12 19 34 7]
2025-04-21 09:33:21,208{GMT}	INFO	[jepsen worker 0] jepsen.util: 0	:invoke	:read	nil
2025-04-21 09:33:21,209{GMT}	INFO	[jepsen worker 0] jepsen.util: 0	:ok	:read	[8 19 21 22 25 28 4 5 9 15 1 6 13 34 7 10 11 0 18 26 29 31 33 12 16 20 27 14 24 30 32 2 3 17 23]
2025-04-21 09:33:21,299{GMT}	INFO	[jepsen worker 0] jepsen.util: 0	:invoke	:read	nil
2025-04-21 09:33:21,301{GMT}	INFO	[jepsen worker 0] jepsen.util: 0	:ok	:read	[7 10 11 0 18 26 29 12 16 20 27 31 33 14 24 2 3 17 23 30 32 8 19 25 28 4 5 9 15 21 22 1 6 13 34]
2025-04-21 09:33:21,427{GMT}	INFO	[jepsen worker 1] jepsen.util: 1	:invoke	:read	nil
2025-04-21 09:33:21,428{GMT}	INFO	[jepsen worker 1] jepsen.util: 1	:ok	:read	[1 16 17 24 33 11 22 2 23 26 34 28 30 31 3 5 6 18 19 0 8 21 25 29 32 4 7 12 15 20 9 10 13 14 27]
2025-04-21 09:33:21,557{GMT}	INFO	[jepsen worker 2] jepsen.util: 2	:invoke	:broadcast	35
2025-04-21 09:33:21,559{GMT}	INFO	[jepsen worker 2] jepsen.util: 2	:ok	:broadcast	35
2025-04-21 09:33:21,726{GMT}	INFO	[jepsen worker 3] jepsen.util: 3	:invoke	:broadcast	36
2025-04-21 09:33:21,728{GMT}	INFO	[jepsen worker 3] jepsen.util: 3	:ok	:broadcast	36
2025-04-21 09:33:21,765{GMT}	INFO	[jepsen worker 4] jepsen.util: 4	:invoke	:broadcast	37
2025-04-21 09:33:21,767{GMT}	INFO	[jepsen worker 4] jepsen.util: 4	:ok	:broadcast	37
2025-04-21 09:33:21,937{GMT}	INFO	[jepsen worker 0] jepsen.util: 0	:invoke	:read	nil
2025-04-21 09:33:21,938{GMT}	INFO	[jepsen worker 0] jepsen.util: 0	:ok	:read	[8 19 35 37 28 4 5 9 15 21 22 25 1 6 13 34 36 7 10 11 0 18 26 29 12 16 20 27 31 33 14 24 2 3 17 23 30 32]
2025-04-21 09:33:22,051{GMT}	INFO	[jepsen worker 0] jepsen.util: 0	:invoke	:read	nil
2025-04-21 09:33:22,053{GMT}	INFO	[jepsen worker 0] jepsen.util: 0	:ok	:read	[17 23 30 32 2 3 35 37 8 19 9 15 21 22 25 28 4 5 13 34 36 1 6 11 7 10 26 29 0 18 20 27 31 33 12 16 14 24]
2025-04-21 09:33:22,207{GMT}	INFO	[jepsen worker 1] jepsen.util: 1	:invoke	:read	nil
2025-04-21 09:33:22,209{GMT}	INFO	[jepsen worker 1] jepsen.util: 1	:ok	:read	[4 7 12 15 20 25 29 32 9 10 13 14 27 35 1 16 17 36 24 33 37 11 22 2 23 26 34 3 5 6 18 19 28 30 31 0 8 21]
2025-04-21 09:33:22,345{GMT}	INFO	[jepsen worker 2] jepsen.util: 2	:invoke	:broadcast	38
2025-04-21 09:33:22,347{GMT}	INFO	[jepsen worker 2] jepsen.util: 2	:ok	:broadcast	38
2025-04-21 09:33:22,463{GMT}	INFO	[jepsen worker 3] jepsen.util: 3	:invoke	:broadcast	39
2025-04-21 09:33:22,465{GMT}	INFO	[jepsen worker 3] jepsen.util: 3	:ok	:broadcast	39
2025-04-21 09:33:22,634{GMT}	INFO	[jepsen worker 4] jepsen.util: 4	:invoke	:read	nil
2025-04-21 09:33:22,636{GMT}	INFO	[jepsen worker 4] jepsen.util: 4	:ok	:read	[20 23 4 8 15 16 24 25 28 30 0 17 21 22 31 37 38 39 1 10 13 36 14 26 32 11 29 35 5 27 18 33 2 3 6 9 7 12 19 34]
2025-04-21 09:33:22,744{GMT}	INFO	[jepsen worker 0] jepsen.util: 0	:invoke	:broadcast	40
2025-04-21 09:33:22,745{GMT}	INFO	[jepsen worker 0] jepsen.util: 0	:ok	:broadcast	40
2025-04-21 09:33:22,937{GMT}	INFO	[jepsen worker 0] jepsen.util: 0	:invoke	:broadcast	41
2025-04-21 09:33:22,940{GMT}	INFO	[jepsen worker 0] jepsen.util: 0	:ok	:broadcast	41
2025-04-21 09:33:23,135{GMT}	INFO	[jepsen worker 1] jepsen.util: 1	:invoke	:read	nil
2025-04-21 09:33:23,137{GMT}	INFO	[jepsen worker 1] jepsen.util: 1	:ok	:read	[26 34 39 2 23 6 18 19 28 30 31 3 5 40 21 38 0 8 12 15 20 25 29 32 4 7 41 13 14 27 35 9 10 17 36 1 16 37 24 33 11 22]
2025-04-21 09:33:23,292{GMT}	INFO	[jepsen worker 2] jepsen.util: 2	:invoke	:read	nil
2025-04-21 09:33:23,293{GMT}	INFO	[jepsen worker 2] jepsen.util: 2	:ok	:read	[10 23 33 37 15 17 18 36 41 3 6 19 21 28 29 38 40 0 20 25 27 1 7 12 30 31 8 13 22 26 32 35 9 11 14 16 39 2 4 5 24 34]
2025-04-21 09:33:23,455{GMT}	INFO	[jepsen worker 3] jepsen.util: 3	:invoke	:read	nil
2025-04-21 09:33:23,457{GMT}	INFO	[jepsen worker 3] jepsen.util: 3	:ok	:read	[0 3 10 12 23 24 26 4 6 8 9 18 21 29 40 15 16 25 27 13 17 28 30 19 20 33 35 5 32 37 1 7 11 14 38 39 41 2 22 31 34 36]
2025-04-21 09:33:23,534{GMT}	INFO	[jepsen worker 4] jepsen.util: 4	:invoke	:read	nil
2025-04-21 09:33:23,536{GMT}	INFO	[jepsen worker 4] jepsen.util: 4	:ok	:read	[40 2 3 6 9 18 33 7 12 19 34 4 8 15 16 20 23 28 30 0 17 21 22 24 25 31 37 41 1 10 13 36 38 39 14 26 32 11 29 35 5 27]
2025-04-21 09:33:23,577{GMT}	INFO	[jepsen worker 0] jepsen.util: 0	:invoke	:read	nil
2025-04-21 09:33:23,578{GMT}	INFO	[jepsen worker 0] jepsen.util: 0	:ok	:read	[31 33 38 12 16 20 27 14 24 30 32 39 2 3 17 23 8 19 35 37 21 22 25 28 4 5 9 15 41 36 1 6 13 34 7 10 11 40 0 18 26 29]
2025-04-21 09:33:23,653{GMT}	INFO	[jepsen worker 0] jepsen.util: 0	:invoke	:read	nil
2025-04-21 09:33:23,654{GMT}	INFO	[jepsen worker 0] jepsen.util: 0	:ok	:read	[5 9 15 21 22 25 28 4 41 6 13 34 36 1 10 11 7 18 26 29 40 0 16 20 27 31 33 38 12 24 14 3 17 23 30 32 39 2 19 35 37 8]
2025-04-21 09:33:23,682{GMT}	INFO	[jepsen worker 1] jepsen.util: 1	:invoke	:broadcast	42
2025-04-21 09:33:23,684{GMT}	INFO	[jepsen worker 1] jepsen.util: 1	:ok	:broadcast	42
2025-04-21 09:33:23,693{GMT}	INFO	[jepsen worker 2] jepsen.util: 2	:invoke	:read	nil
2025-04-21 09:33:23,695{GMT}	INFO	[jepsen worker 2] jepsen.util: 2	:ok	:read	[10 23 33 37 15 17 18 36 41 38 40 3 6 19 21 28 29 0 20 25 27 1 7 12 30 31 8 13 22 26 32 35 9 11 14 16 39 42 2 4 5 24 34]
2025-04-21 09:33:23,862{GMT}	INFO	[jepsen worker 3] jepsen.util: 3	:invoke	:broadcast	43
2025-04-21 09:33:23,864{GMT}	INFO	[jepsen worker 3] jepsen.util: 3	:ok	:broadcast	43
2025-04-21 09:33:24,018{GMT}	INFO	[jepsen worker 4] jepsen.util: 4	:invoke	:broadcast	44
2025-04-21 09:33:24,020{GMT}	INFO	[jepsen worker 4] jepsen.util: 4	:ok	:broadcast	44
2025-04-21 09:33:24,097{GMT}	INFO	[jepsen worker 0] jepsen.util: 0	:invoke	:broadcast	45
2025-04-21 09:33:24,098{GMT}	INFO	[jepsen worker 0] jepsen.util: 0	:ok	:broadcast	45
2025-04-21 09:33:24,173{GMT}	INFO	[jepsen worker 0] jepsen.util: 0	:invoke	:broadcast	46
2025-04-21 09:33:24,175{GMT}	INFO	[jepsen worker 0] jepsen.util: 0	:ok	:broadcast	46
2025-04-21 09:33:24,323{GMT}	INFO	[jepsen worker 1] jepsen.util: 1	:invoke	:read	nil
2025-04-21 09:33:24,325{GMT}	INFO	[jepsen worker 1] jepsen.util: 1	:ok	:read	[24 33 37 11 22 42 43 45 2 23 26 34 39 28 30 31 3 5 6 18 19 40 46 0 8 21 38 25 29 32 4 7 12 15 20 41 35 9 10 13 14 27 1 16 17 36 44]
2025-04-21 09:33:24,384{GMT}	INFO	[jepsen worker 2] jepsen.util: 2	:invoke	:broadcast	47
2025-04-21 09:33:24,386{GMT}	INFO	[jepsen worker 2] jepsen.util: 2	:ok	:broadcast	47
2025-04-21 09:33:24,409{GMT}	INFO	[jepsen worker 3] jepsen.util: 3	:invoke	:read	nil
2025-04-21 09:33:24,411{GMT}	INFO	[jepsen worker 3] jepsen.util: 3	:ok	:read	[40 4 6 8 9 18 21 29 43 46 15 16 25 27 13 17 28 30 19 20 33 35 5 32 37 44 47 1 7 11 14 38 39 41 2 22 31 34 36 45 42 0 3 10 12 23 24 26]
2025-04-21 09:33:24,557{GMT}	INFO	[jepsen worker 4] jepsen.util: 4	:invoke	:broadcast	48
2025-04-21 09:33:24,558{GMT}	INFO	[jepsen worker 4] jepsen.util: 4	:ok	:broadcast	48
2025-04-21 09:33:24,630{GMT}	INFO	[jepsen worker 0] jepsen.util: 0	:invoke	:broadcast	49
2025-04-21 09:33:24,632{GMT}	INFO	[jepsen worker 0] jepsen.util: 0	:ok	:broadcast	49
2025-04-21 09:33:24,744{GMT}	INFO	[jepsen worker 0] jepsen.util: 0	:invoke	:broadcast	50
2025-04-21 09:33:24,745{GMT}	INFO	[jepsen worker 0] jepsen.util: 0	:ok	:broadcast	50
2025-04-21 09:33:24,857{GMT}	INFO	[jepsen worker 1] jepsen.util: 1	:invoke	:read	nil
2025-04-21 09:33:24,859{GMT}	INFO	[jepsen worker 1] jepsen.util: 1	:ok	:read	[32 4 7 12 15 20 25 29 41 50 9 10 13 14 27 35 48 1 16 17 36 44 24 33 37 11 22 47 49 45 2 23 26 34 39 42 43 31 3 5 6 18 19 28 30 40 46 0 8 21 38]
2025-04-21 09:33:25,003{GMT}	INFO	[jepsen worker 2] jepsen.util: 2	:invoke	:broadcast	51
2025-04-21 09:33:25,005{GMT}	INFO	[jepsen worker 2] jepsen.util: 2	:ok	:broadcast	51
2025-04-21 09:33:25,192{GMT}	INFO	[jepsen worker 3] jepsen.util: 3	:invoke	:broadcast	52
2025-04-21 09:33:25,194{GMT}	INFO	[jepsen worker 3] jepsen.util: 3	:ok	:broadcast	52
2025-04-21 09:33:25,359{GMT}	INFO	[jepsen worker 4] jepsen.util: 4	:invoke	:read	nil
2025-04-21 09:33:25,361{GMT}	INFO	[jepsen worker 4] jepsen.util: 4	:ok	:read	[27 46 49 5 3 6 9 2 12 34 7 15 16 20 4 17 21 24 25 0 37 31 13 36 1 45 47 50 14 35 48 33 40 52 18 19 8 23 43 22 28 30 10 38 39 41 42 32 51 26 29 44 11]
2025-04-21 09:33:25,401{GMT}	INFO	[jepsen worker 0] jepsen.util: 0	:invoke	:read	nil
2025-04-21 09:33:25,403{GMT}	INFO	[jepsen worker 0] jepsen.util: 0	:ok	:read	[43 12 16 20 27 31 33 48 24 44 45 47 46 2 23 30 32 39 8 19 35 28 4 21 25 41 51 1 6 13 34 36 42 10 0 26 40 38 50 14 3 17 37 49 5 9 15 22 52 7 11 18 29]
2025-04-21 09:33:25,417{GMT}	INFO	[jepsen worker 0] jepsen.util: 0	:invoke	:read	nil
2025-04-21 09:33:25,418{GMT}	INFO	[jepsen worker 0] jepsen.util: 0	:ok	:read	[37 49 9 15 22 5 52 11 7 29 18 20 27 31 33 43 12 16 48 45 47 24 44 23 30 32 39 46 2 35 8 19 21 25 28 4 41 51 13 34 36 42 1 6 10 26 40 0 38 50 14 17 3]
2025-04-21 09:33:25,476{GMT}	INFO	[jepsen worker 1] jepsen.util: 1	:invoke	:broadcast	53
2025-04-21 09:33:25,477{GMT}	INFO	[jepsen worker 1] jepsen.util: 1	:ok	:broadcast	53
2025-04-21 09:33:25,649{GMT}	INFO	[jepsen worker 2] jepsen.util: 2	:invoke	:read	nil
2025-04-21 09:33:25,651{GMT}	INFO	[jepsen worker 2] jepsen.util: 2	:ok	:read	[23 44 53 10 17 18 41 50 6 19 21 40 51 20 25 0 7 12 30 31 1 26 32 35 22 11 14 39 9 4 5 46 2 37 43 33 36 45 15 28 29 38 3 48 47 27 49 52 13 8 42 16 24 34]
2025-04-21 09:33:25,849{GMT}	INFO	[jepsen worker 3] jepsen.util: 3	:invoke	:read	nil
2025-04-21 09:33:25,851{GMT}	INFO	[jepsen worker 3] jepsen.util: 3	:ok	:read	[5 32 1 11 38 39 41 47 51 2 34 0 10 23 26 42 52 4 8 18 21 40 43 46 49 15 16 13 17 30 20 33 35 37 44 7 14 22 31 36 45 3 12 24 50 6 9 29 25 27 28 53 19 48]
2025-04-21 09:33:25,922{GMT}	INFO	[jepsen worker 4] jepsen.util: 4	:invoke	:broadcast	54
2025-04-21 09:33:25,923{GMT}	INFO	[jepsen worker 4] jepsen.util: 4	:ok	:broadcast	54
2025-04-21 09:33:26,066{GMT}	INFO	[jepsen worker 0] jepsen.util: 0	:invoke	:broadcast	55
2025-04-21 09:33:26,067{GMT}	INFO	[jepsen worker 0] jepsen.util: 0	:ok	:broadcast	55
2025-04-21 09:33:26,228{GMT}	INFO	[jepsen worker 0] jepsen.util: 0	:invoke	:read	nil
2025-04-21 09:33:26,230{GMT}	INFO	[jepsen worker 0] jepsen.util: 0	:ok	:read	[8 19 35 4 21 25 28 41 51 1 6 13 34 36 42 10 0 26 40 38 50 54 14 53 3 17 37 49 5 9 15 22 52 7 11 18 29 55 43 48 12 16 20 27 31 33 24 44 45 47 2 23 30 32 39 46]
2025-04-21 09:33:26,397{GMT}	INFO	[jepsen worker 1] jepsen.util: 1	:invoke	:broadcast	56
2025-04-21 09:33:26,399{GMT}	INFO	[jepsen worker 1] jepsen.util: 1	:ok	:broadcast	56
2025-04-21 09:33:26,451{GMT}	INFO	[jepsen worker 2] jepsen.util: 2	:invoke	:broadcast	57
2025-04-21 09:33:26,453{GMT}	INFO	[jepsen worker 2] jepsen.util: 2	:ok	:broadcast	57
2025-04-21 09:33:26,464{GMT}	INFO	[jepsen worker 3] jepsen.util: 3	:invoke	:broadcast	58
2025-04-21 09:33:26,465{GMT}	INFO	[jepsen worker 3] jepsen.util: 3	:ok	:broadcast	58
2025-04-21 09:33:26,526{GMT}	INFO	[jepsen worker 4] jepsen.util: 4	:invoke	:broadcast	59
2025-04-21 09:33:26,528{GMT}	INFO	[jepsen worker 4] jepsen.util: 4	:ok	:broadcast	59
2025-04-21 09:33:26,636{GMT}	INFO	[jepsen worker 0] jepsen.util: 0	:invoke	:read	nil
2025-04-21 09:33:26,637{GMT}	INFO	[jepsen worker 0] jepsen.util: 0	:ok	:read	[8 19 35 28 41 51 4 21 25 34 36 42 1 6 13 10 0 26 40 38 50 54 14 53 3 17 37 49 22 5 9 15 52 58 7 11 57 18 29 55 27 31 33 43 48 12 16 20 47 56 59 24 44 45 32 39 46 2 23 30]
2025-04-21 09:33:26,797{GMT}	INFO	[jepsen worker 0] jepsen.util: 0	:invoke	:broadcast	60
2025-04-21 09:33:26,799{GMT}	INFO	[jepsen worker 0] jepsen.util: 0	:ok	:broadcast	60
2025-04-21 09:33:26,923{GMT}	INFO	[jepsen worker 1] jepsen.util: 1	:invoke	:read	nil
2025-04-21 09:33:26,925{GMT}	INFO	[jepsen worker 1] jepsen.util: 1	:ok	:read	[50 10 14 27 1 16 24 33 37 47 49 45 59 23 39 42 52 19 30 46 8 32 51 56 7 12 15 48 9 13 35 55 17 36 44 60 11 22 43 54 57 2 26 34 18 28 31 40 58 3 5 6 53 0 21 38 29 41 4 20 25]
2025-04-21 09:33:27,044{GMT}	INFO	[jepsen worker 2] jepsen.util: 2	:invoke	:read	nil
2025-04-21 09:33:27,046{GMT}	INFO	[jepsen worker 2] jepsen.util: 2	:ok	:read	[26 32 35 57 22 11 14 39 9 4 5 46 56 58 2 37 43 33 36 45 15 28 29 38 47 48 3 49 54 59 27 52 13 8 42 16 34 24 23 44 53 55 10 18 41 50 17 19 21 40 51 60 6 20 25 0 7 12 30 31 1]
2025-04-21 09:33:27,155{GMT}	INFO	[jepsen worker 3] jepsen.util: 3	:invoke	:broadcast	61
2025-04-21 09:33:27,156{GMT}	INFO	[jepsen worker 3] jepsen.util: 3	:ok	:broadcast	61
2025-04-21 09:33:27,324{GMT}	INFO	[jepsen worker 4] jepsen.util: 4	:invoke	:broadcast	62
2025-04-21 09:33:27,325{GMT}	INFO	[jepsen worker 4] jepsen.util: 4	:ok	:broadcast	62
2025-04-21 09:33:27,377{GMT}	INFO	[jepsen worker 0] jepsen.util: 0	:invoke	:broadcast	63
2025-04-21 09:33:27,378{GMT}	INFO	[jepsen worker 0] jepsen.util: 0	:ok	:broadcast	63
2025-04-21 09:33:27,472{GMT}	INFO	[jepsen worker 0] jepsen.util: 0	:invoke	:read	nil
2025-04-21 09:33:27,473{GMT}	INFO	[jepsen worker 0] jepsen.util: 0	:ok	:read	[24 44 45 47 56 59 2 23 30 32 39 46 8 19 35 4 21 25 28 41 51 1 6 13 34 36 42 10 62 0 26 40 38 50 54 14 53 61 3 17 37 49 60 63 5 9 15 22 52 58 7 11 57 18 29 55 48 12 16 20 27 31 33 43]
2025-04-21 09:33:27,581{GMT}	INFO	[jepsen worker 1] jepsen.util: 1	:invoke	:read	nil
2025-04-21 09:33:27,583{GMT}	INFO	[jepsen worker 1] jepsen.util: 1	:ok	:read	[5 6 18 28 31 40 58 3 21 38 53 62 0 20 25 29 41 4 14 27 50 63 10 16 1 33 37 24 49 47 39 42 45 59 23 30 46 52 19 8 12 15 32 51 56 61 7 13 35 48 9 36 44 55 17 60 22 11 26 34 43 54 57 2]
2025-04-21 09:33:27,594{GMT}	INFO	[jepsen worker 2] jepsen.util: 2	:invoke	:broadcast	64
2025-04-21 09:33:27,595{GMT}	INFO	[jepsen worker 2] jepsen.util: 2	:ok	:broadcast	64
2025-04-21 09:33:27,759{GMT}	INFO	[jepsen worker 3] jepsen.util: 3	:invoke	:broadcast	65
2025-04-21 09:33:27,761{GMT}	INFO	[jepsen worker 3] jepsen.util: 3	:ok	:broadcast	65
2025-04-21 09:33:27,854{GMT}	INFO	[jepsen worker 4] jepsen.util: 4	:invoke	:read	nil
2025-04-21 09:33:27,856{GMT}	INFO	[jepsen worker 4] jepsen.util: 4	:ok	:read	[53 2 3 6 9 7 12 34 4 15 16 20 25 31 37 59 0 17 21 24 63 64 60 1 13 36 45 14 47 50 62 35 48 56 18 33 40 52 19 54 61 8 23 43 22 28 30 57 42 65 10 38 39 41 26 32 51 11 29 44 55 58 5 27 46 49]
2025-04-21 09:33:27,982{GMT}	INFO	[jepsen worker 0] jepsen.util: 0	:invoke	:read	nil
2025-04-21 09:33:27,984{GMT}	INFO	[jepsen worker 0] jepsen.util: 0	:ok	:read	[8 19 35 4 21 25 28 41 51 1 6 13 34 36 42 10 62 0 26 40 38 50 54 14 53 61 3 17 37 49 60 63 5 9 15 22 64 52 58 7 11 57 18 29 55 12 16 20 27 31 33 43 48 24 44 45 47 56 59 65 2 23 30 32 39 46]
2025-04-21 09:33:27,986{GMT}	INFO	[jepsen worker 0] jepsen.util: 0	:invoke	:broadcast	66
2025-04-21 09:33:27,987{GMT}	INFO	[jepsen worker 0] jepsen.util: 0	:ok	:broadcast	66
2025-04-21 09:33:28,112{GMT}	INFO	[jepsen worker 1] jepsen.util: 1	:invoke	:read	nil
2025-04-21 09:33:28,114{GMT}	INFO	[jepsen worker 1] jepsen.util: 1	:ok	:read	[23 39 42 45 59 65 19 30 46 52 8 66 7 12 15 32 51 56 61 9 13 35 48 17 36 44 55 64 60 11 22 2 26 34 43 54 57 58 3 5 6 18 28 31 40 0 21 38 53 62 4 20 25 29 41 10 14 27 50 63 1 16 24 33 37 47 49]
2025-04-21 09:33:28,119{GMT}	INFO	[jepsen worker 2] jepsen.util: 2	:invoke	:read	nil
2025-04-21 09:33:28,120{GMT}	INFO	[jepsen worker 2] jepsen.util: 2	:ok	:read	[8 13 61 16 42 24 34 10 23 44 53 55 17 18 41 50 6 19 21 40 51 60 0 20 25 66 1 7 12 30 31 65 22 26 32 35 57 9 11 14 39 64 2 4 5 46 56 58 33 37 43 15 36 45 62 63 3 28 29 38 47 48 27 49 54 59 52]
2025-04-21 09:33:28,185{GMT}	INFO	[jepsen worker 3] jepsen.util: 3	:invoke	:read	nil
2025-04-21 09:33:28,187{GMT}	INFO	[jepsen worker 3] jepsen.util: 3	:ok	:read	[19 48 5 32 1 11 38 39 41 47 51 2 34 0 10 23 26 42 52 4 8 18 21 40 43 46 49 15 16 13 17 30 20 33 35 55 60 62 37 44 66 7 14 22 31 36 45 61 3 12 24 50 57 58 6 9 29 63 25 27 28 53 54 56 59 64 65]
2025-04-21 09:33:28,229{GMT}	INFO	[jepsen worker 4] jepsen.util: 4	:invoke	:broadcast	67
2025-04-21 09:33:28,231{GMT}	INFO	[jepsen worker 4] jepsen.util: 4	:ok	:broadcast	67
2025-04-21 09:33:28,244{GMT}	INFO	[jepsen worker 0] jepsen.util: 0	:invoke	:read	nil
2025-04-21 09:33:28,246{GMT}	INFO	[jepsen worker 0] jepsen.util: 0	:ok	:read	[1 6 13 34 36 42 10 62 0 26 40 66 38 50 54 14 53 61 3 17 37 49 60 63 67 5 9 15 22 64 52 58 7 11 57 18 29 55 12 16 20 27 31 33 43 48 24 44 45 47 56 59 65 2 23 30 32 39 46 8 19 35 4 21 25 28 41 51]
2025-04-21 09:33:28,434{GMT}	INFO	[jepsen worker 0] jepsen.util: 0	:invoke	:broadcast	68
2025-04-21 09:33:28,436{GMT}	INFO	[jepsen worker 0] jepsen.util: 0	:ok	:broadcast	68
2025-04-21 09:33:28,459{GMT}	INFO	[jepsen worker 1] jepsen.util: 1	:invoke	:broadcast	69
2025-04-21 09:33:28,461{GMT}	INFO	[jepsen worker 1] jepsen.util: 1	:ok	:broadcast	69
2025-04-21 09:33:28,637{GMT}	INFO	[jepsen worker 2] jepsen.util: 2	:invoke	:broadcast	70
2025-04-21 09:33:28,639{GMT}	INFO	[jepsen worker 2] jepsen.util: 2	:ok	:broadcast	70
2025-04-21 09:33:28,736{GMT}	INFO	[jepsen worker 3] jepsen.util: 3	:invoke	:broadcast	71
2025-04-21 09:33:28,738{GMT}	INFO	[jepsen worker 3] jepsen.util: 3	:ok	:broadcast	71
2025-04-21 09:33:28,767{GMT}	INFO	[jepsen worker 4] jepsen.util: 4	:invoke	:broadcast	72
2025-04-21 09:33:28,769{GMT}	INFO	[jepsen worker 4] jepsen.util: 4	:ok	:broadcast	72
2025-04-21 09:33:28,895{GMT}	INFO	[jepsen worker 0] jepsen.util: 0	:invoke	:read	nil
2025-04-21 09:33:28,897{GMT}	INFO	[jepsen worker 0] jepsen.util: 0	:ok	:read	[0 26 40 66 38 50 54 69 14 53 61 71 3 17 72 37 49 60 63 67 5 9 15 22 64 52 58 7 11 57 18 29 55 33 43 48 12 16 20 27 31 68 59 65 24 44 45 47 56 46 2 23 30 32 39 8 19 35 51 4 21 25 28 41 42 70 1 6 13 34 36 10 62]
2025-04-21 09:33:29,028{GMT}	INFO	[jepsen worker 0] jepsen.util: 0	:invoke	:read	nil
2025-04-21 09:33:29,030{GMT}	INFO	[jepsen worker 0] jepsen.util: 0	:ok	:read	[2 23 30 32 39 46 8 19 35 4 21 25 28 41 51 1 6 13 34 36 42 70 10 62 0 26 40 66 38 50 54 69 14 53 61 71 3 17 72 37 49 60 63 67 5 9 15 22 64 52 58 7 11 57 18 29 55 12 16 20 27 31 33 43 48 68 24 44 45 47 56 59 65]
2025-04-21 09:33:29,090{GMT}	INFO	[jepsen worker 1] jepsen.util: 1	:invoke	:read	nil
2025-04-21 09:33:29,092{GMT}	INFO	[jepsen worker 1] jepsen.util: 1	:ok	:read	[4 20 25 29 41 10 14 27 50 63 1 16 24 33 37 47 49 70 23 39 42 45 59 65 67 19 30 46 52 8 66 72 7 12 15 32 51 56 61 9 13 35 48 68 71 17 36 44 55 64 60 11 22 2 26 34 43 54 57 58 3 5 6 18 28 31 40 0 21 38 53 62 69]
2025-04-21 09:33:29,125{GMT}	INFO	[jepsen worker 2] jepsen.util: 2	:invoke	:broadcast	73
2025-04-21 09:33:29,126{GMT}	INFO	[jepsen worker 2] jepsen.util: 2	:ok	:broadcast	73
2025-04-21 09:33:29,251{GMT}	INFO	[jepsen worker 3] jepsen.util: 3	:invoke	:broadcast	74
2025-04-21 09:33:29,253{GMT}	INFO	[jepsen worker 3] jepsen.util: 3	:ok	:broadcast	74
2025-04-21 09:33:29,350{GMT}	INFO	[jepsen worker 4] jepsen.util: 4	:invoke	:broadcast	75
2025-04-21 09:33:29,352{GMT}	INFO	[jepsen worker 4] jepsen.util: 4	:ok	:broadcast	75
2025-04-21 09:33:29,522{GMT}	INFO	[jepsen worker 0] jepsen.util: 0	:invoke	:read	nil
2025-04-21 09:33:29,524{GMT}	INFO	[jepsen worker 0] jepsen.util: 0	:ok	:read	[12 16 20 27 31 33 43 48 68 24 44 45 47 56 59 65 2 23 30 32 39 46 8 19 35 4 21 25 28 41 51 1 6 13 34 36 42 70 10 62 74 0 26 40 66 38 50 54 69 14 53 61 71 3 17 72 37 49 60 63 67 5 9 15 22 64 52 58 7 11 57 73 18 29 55 75]
2025-04-21 09:33:29,610{GMT}	INFO	[jepsen worker 0] jepsen.util: 0	:invoke	:broadcast	76
2025-04-21 09:33:29,612{GMT}	INFO	[jepsen worker 0] jepsen.util: 0	:ok	:broadcast	76
2025-04-21 09:33:29,769{GMT}	INFO	[jepsen worker 1] jepsen.util: 1	:invoke	:read	nil
2025-04-21 09:33:29,770{GMT}	INFO	[jepsen worker 1] jepsen.util: 1	:ok	:read	[64 17 36 44 55 60 11 22 54 57 2 26 34 43 28 31 40 58 3 5 6 18 62 69 76 0 21 38 53 41 4 20 25 29 63 10 14 27 50 1 16 73 74 24 33 37 47 49 70 59 65 67 75 23 39 42 45 19 30 46 52 8 66 72 51 56 61 7 12 15 32 68 71 9 13 35 48]
2025-04-21 09:33:29,916{GMT}	INFO	[jepsen worker 2] jepsen.util: 2	:invoke	:broadcast	77
2025-04-21 09:33:29,918{GMT}	INFO	[jepsen worker 2] jepsen.util: 2	:ok	:broadcast	77
2025-04-21 09:33:30,057{GMT}	INFO	[jepsen worker 3] jepsen.util: 3	:invoke	:read	nil
2025-04-21 09:33:30,059{GMT}	INFO	[jepsen worker 3] jepsen.util: 3	:ok	:read	[21 40 43 46 49 4 8 18 15 16 69 73 13 17 30 55 60 62 20 33 35 37 44 66 7 14 45 61 70 22 31 36 50 57 58 3 12 24 63 6 9 29 25 27 77 56 59 64 65 67 28 53 54 71 74 19 48 72 5 32 76 39 41 47 51 68 1 11 38 2 34 26 42 52 75 0 10 23]
2025-04-21 09:33:30,141{GMT}	INFO	[jepsen worker 4] jepsen.util: 4	:invoke	:broadcast	78
2025-04-21 09:33:30,143{GMT}	INFO	[jepsen worker 4] jepsen.util: 4	:ok	:broadcast	78
2025-04-21 09:33:30,291{GMT}	INFO	[jepsen worker 0] jepsen.util: 0	:invoke	:read	nil
2025-04-21 09:33:30,293{GMT}	INFO	[jepsen worker 0] jepsen.util: 0	:ok	:read	[47 56 59 65 76 24 44 45 32 39 46 2 23 30 8 19 35 28 41 51 4 21 25 34 36 42 70 77 1 6 13 10 62 74 66 0 26 40 69 38 50 54 71 14 53 61 3 17 72 63 67 37 49 60 22 64 5 9 15 52 58 73 78 7 11 57 75 18 29 55 27 31 33 43 48 12 16 20 68]
2025-04-21 09:33:30,436{GMT}	INFO	[jepsen worker 0] jepsen.util: 0	:invoke	:read	nil
2025-04-21 09:33:30,438{GMT}	INFO	[jepsen worker 0] jepsen.util: 0	:ok	:read	[3 17 72 67 37 49 60 63 64 5 9 15 22 52 58 78 7 11 57 73 18 29 55 75 31 33 43 48 12 16 20 27 68 56 59 65 76 24 44 45 47 39 46 2 23 30 32 8 19 35 41 51 4 21 25 28 36 42 70 77 1 6 13 34 10 62 74 0 26 40 66 38 50 54 69 14 53 61 71]
2025-04-21 09:33:30,537{GMT}	INFO	[jepsen worker 1] jepsen.util: 1	:invoke	:broadcast	79
2025-04-21 09:33:30,539{GMT}	INFO	[jepsen worker 1] jepsen.util: 1	:ok	:broadcast	79
2025-04-21 09:33:30,693{GMT}	INFO	[jepsen worker 2] jepsen.util: 2	:invoke	:broadcast	80
2025-04-21 09:33:30,695{GMT}	INFO	[jepsen worker 2] jepsen.util: 2	:ok	:broadcast	80
2025-04-21 09:33:30,788{GMT}	INFO	[jepsen worker 3] jepsen.util: 3	:invoke	:read	nil
2025-04-21 09:33:30,790{GMT}	INFO	[jepsen worker 3] jepsen.util: 3	:ok	:read	[4 8 18 21 40 43 46 49 15 16 13 17 30 69 73 80 20 33 35 55 60 62 37 44 66 7 14 22 31 36 45 61 70 78 3 12 24 50 57 58 79 6 9 29 63 25 27 77 28 53 54 56 59 64 65 67 71 74 19 48 72 5 32 76 1 11 38 39 41 47 51 68 2 34 0 10 23 26 42 52 75]
2025-04-21 09:33:30,802{GMT}	INFO	[jepsen worker 4] jepsen.util: 4	:invoke	:read	nil
2025-04-21 09:33:30,803{GMT}	INFO	[jepsen worker 4] jepsen.util: 4	:ok	:read	[54 61 73 19 23 43 66 8 28 30 57 22 38 39 41 42 65 69 10 32 51 26 29 44 70 11 27 46 49 55 58 75 5 3 6 9 53 71 77 79 2 12 34 72 7 15 16 20 4 17 21 24 25 31 37 59 0 64 63 13 36 45 60 76 1 47 50 62 74 78 14 48 67 80 35 68 33 40 52 56 18]
2025-04-21 09:33:30,926{GMT}	INFO	[jepsen worker 0] jepsen.util: 0	:invoke	:read	nil
2025-04-21 09:33:30,928{GMT}	INFO	[jepsen worker 0] jepsen.util: 0	:ok	:read	[71 14 53 61 3 17 72 63 67 37 49 60 22 64 5 9 15 52 58 73 78 80 7 11 57 75 18 29 55 27 31 33 43 48 12 16 20 68 47 56 59 65 76 24 44 45 32 39 46 2 23 30 79 8 19 35 28 41 51 4 21 25 34 36 42 70 77 1 6 13 10 62 74 66 0 26 40 69 38 50 54]
2025-04-21 09:33:31,067{GMT}	INFO	[jepsen worker 0] jepsen.util: 0	:invoke	:read	nil
2025-04-21 09:33:31,069{GMT}	INFO	[jepsen worker 0] jepsen.util: 0	:ok	:read	[37 49 60 63 67 5 9 15 22 64 52 58 80 7 11 57 73 78 18 29 55 75 33 43 48 12 16 20 27 31 68 59 65 76 24 44 45 47 56 46 2 23 30 32 39 8 19 35 79 51 4 21 25 28 41 42 70 77 1 6 13 34 36 10 62 74 0 26 40 66 38 50 54 69 14 53 61 71 3 17 72]
2025-04-21 09:33:31,229{GMT}	INFO	[jepsen worker 1] jepsen.util: 1	:invoke	:broadcast	81
2025-04-21 09:33:31,231{GMT}	INFO	[jepsen worker 1] jepsen.util: 1	:ok	:broadcast	81
2025-04-21 09:33:31,414{GMT}	INFO	[jepsen worker 2] jepsen.util: 2	:invoke	:broadcast	82
2025-04-21 09:33:31,416{GMT}	INFO	[jepsen worker 2] jepsen.util: 2	:ok	:broadcast	82
2025-04-21 09:33:31,503{GMT}	INFO	[jepsen worker 3] jepsen.util: 3	:invoke	:broadcast	83
2025-04-21 09:33:31,504{GMT}	INFO	[jepsen worker 3] jepsen.util: 3	:ok	:broadcast	83
2025-04-21 09:33:31,505{GMT}	INFO	[jepsen worker 4] jepsen.util: 4	:invoke	:broadcast	84
2025-04-21 09:33:31,507{GMT}	INFO	[jepsen worker 4] jepsen.util: 4	:ok	:broadcast	84
2025-04-21 09:33:31,617{GMT}	INFO	[jepsen worker 0] jepsen.util: 0	:invoke	:read	nil
2025-04-21 09:33:31,618{GMT}	INFO	[jepsen worker 0] jepsen.util: 0	:ok	:read	[52 58 78 80 7 11 57 73 84 18 29 55 75 31 33 43 48 12 16 20 27 68 56 59 65 76 24 44 45 47 39 46 2 23 30 32 8 19 35 79 41 51 4 21 25 28 36 42 70 77 1 6 13 34 10 62 74 81 0 26 40 66 38 50 54 69 83 14 53 61 71 3 17 72 67 37 49 60 63 64 82 5 9 15 22]
2025-04-21 09:33:31,758{GMT}	INFO	[jepsen worker 0] jepsen.util: 0	:invoke	:broadcast	85
2025-04-21 09:33:31,760{GMT}	INFO	[jepsen worker 0] jepsen.util: 0	:ok	:broadcast	85
2025-04-21 09:33:31,772{GMT}	INFO	[jepsen worker 1] jepsen.util: 1	:invoke	:read	nil
2025-04-21 09:33:31,774{GMT}	INFO	[jepsen worker 1] jepsen.util: 1	:ok	:read	[62 69 76 80 0 21 38 53 83 41 4 20 25 29 63 10 14 27 50 82 85 1 16 73 74 24 33 37 47 49 70 59 65 67 75 23 39 42 45 84 19 30 46 52 8 66 72 81 51 56 61 78 7 12 15 32 68 71 9 13 35 48 64 17 36 44 55 60 11 22 54 57 77 2 26 34 43 28 31 40 58 3 5 6 18 79]
2025-04-21 09:33:31,832{GMT}	INFO	[jepsen worker 2] jepsen.util: 2	:invoke	:read	nil
2025-04-21 09:33:31,833{GMT}	INFO	[jepsen worker 2] jepsen.util: 2	:ok	:read	[45 62 63 78 15 36 29 38 47 48 77 3 28 54 59 73 76 27 49 52 72 61 81 8 13 75 16 42 67 80 83 85 24 34 44 53 55 84 10 23 41 50 79 17 18 21 40 51 60 68 71 6 19 74 25 66 0 20 12 30 31 65 82 1 7 32 35 57 22 26 14 39 64 9 11 5 46 56 58 69 70 2 4 43 33 37]
2025-04-21 09:33:32,003{GMT}	INFO	[jepsen worker 3] jepsen.util: 3	:invoke	:broadcast	86
2025-04-21 09:33:32,005{GMT}	INFO	[jepsen worker 3] jepsen.util: 3	:ok	:broadcast	86
2025-04-21 09:33:32,107{GMT}	INFO	[jepsen worker 4] jepsen.util: 4	:invoke	:read	nil
2025-04-21 09:33:32,109{GMT}	INFO	[jepsen worker 4] jepsen.util: 4	:ok	:read	[21 24 25 31 37 59 0 17 81 84 63 64 36 45 60 76 1 13 50 62 74 78 14 47 67 80 35 48 68 40 52 56 83 86 18 33 61 73 19 54 43 66 8 23 30 57 22 28 39 41 42 65 69 10 38 51 82 26 32 44 70 11 29 46 49 55 58 75 5 27 6 9 53 71 77 79 2 3 85 34 72 7 12 16 20 4 15]
2025-04-21 09:33:32,165{GMT}	INFO	[jepsen worker 0] jepsen.util: 0	:invoke	:broadcast	87
2025-04-21 09:33:32,166{GMT}	INFO	[jepsen worker 0] jepsen.util: 0	:ok	:broadcast	87
2025-04-21 09:33:32,198{GMT}	INFO	[jepsen worker 0] jepsen.util: 0	:invoke	:broadcast	88
2025-04-21 09:33:32,200{GMT}	INFO	[jepsen worker 0] jepsen.util: 0	:ok	:broadcast	88
2025-04-21 09:33:32,212{GMT}	INFO	[jepsen worker 1] jepsen.util: 1	:invoke	:read	nil
2025-04-21 09:33:32,213{GMT}	INFO	[jepsen worker 1] jepsen.util: 1	:ok	:read	[11 22 54 57 77 2 26 34 43 28 31 40 58 3 5 6 18 79 62 69 76 80 0 21 38 53 83 88 41 4 20 25 29 63 10 14 27 50 82 85 86 1 16 73 74 24 33 37 47 49 70 59 65 67 75 23 39 42 45 87 84 19 30 46 52 8 66 72 81 51 56 61 78 7 12 15 32 68 71 9 13 35 48 64 17 36 44 55 60]
2025-04-21 09:33:32,273{GMT}	INFO	[jepsen worker 2] jepsen.util: 2	:invoke	:broadcast	89
2025-04-21 09:33:32,275{GMT}	INFO	[jepsen worker 2] jepsen.util: 2	:ok	:broadcast	89
2025-04-21 09:33:32,436{GMT}	INFO	[jepsen worker 3] jepsen.util: 3	:invoke	:broadcast	90
2025-04-21 09:33:32,437{GMT}	INFO	[jepsen worker 3] jepsen.util: 3	:ok	:broadcast	90
2025-04-21 09:33:32,631{GMT}	INFO	[jepsen worker 4] jepsen.util: 4	:invoke	:broadcast	91
2025-04-21 09:33:32,633{GMT}	INFO	[jepsen worker 4] jepsen.util: 4	:ok	:broadcast	91
2025-04-21 09:33:32,783{GMT}	INFO	[jepsen worker 0] jepsen.util: 0	:invoke	:read	nil
2025-04-21 09:33:32,785{GMT}	INFO	[jepsen worker 0] jepsen.util: 0	:ok	:read	[61 71 83 85 91 14 53 72 3 17 60 63 67 37 49 15 22 64 82 88 5 9 52 58 57 73 78 80 7 11 55 75 84 90 18 29 20 27 31 33 43 48 12 16 68 45 47 56 59 65 76 24 44 87 30 32 39 46 2 23 35 79 8 19 25 28 41 51 4 21 13 34 36 42 70 77 1 6 74 89 10 62 40 66 81 86 0 26 54 69 38 50]
2025-04-21 09:33:32,858{GMT}	INFO	[jepsen worker 0] jepsen.util: 0	:invoke	:broadcast	92
2025-04-21 09:33:32,860{GMT}	INFO	[jepsen worker 0] jepsen.util: 0	:ok	:broadcast	92
2025-04-21 09:33:33,025{GMT}	INFO	[jepsen worker 1] jepsen.util: 1	:invoke	:read	nil
2025-04-21 09:33:33,027{GMT}	INFO	[jepsen worker 2] jepsen.util: 2	:invoke	:broadcast	93
2025-04-21 09:33:33,027{GMT}	INFO	[jepsen worker 1] jepsen.util: 1	:ok	:read	[47 49 70 45 59 65 67 75 23 39 42 87 52 84 19 30 46 81 8 66 72 32 51 56 61 78 7 12 15 48 68 71 9 13 35 55 64 17 36 44 60 91 11 22 92 43 54 57 77 90 2 26 34 18 28 31 40 58 3 5 6 79 53 62 69 76 80 0 21 38 83 88 29 41 4 20 25 50 63 10 14 27 74 82 85 86 89 1 16 73 24 33 37]
2025-04-21 09:33:33,028{GMT}	INFO	[jepsen worker 2] jepsen.util: 2	:ok	:broadcast	93
2025-04-21 09:33:33,205{GMT}	INFO	[jepsen worker 3] jepsen.util: 3	:invoke	:read	nil
2025-04-21 09:33:33,207{GMT}	INFO	[jepsen worker 3] jepsen.util: 3	:ok	:read	[19 48 72 90 5 32 76 82 47 51 68 1 11 38 39 41 81 85 93 2 34 83 89 52 75 0 10 23 26 42 43 46 49 4 8 18 21 40 15 16 80 88 92 13 17 30 69 73 62 20 33 35 55 60 37 44 66 7 14 84 70 78 22 31 36 45 61 58 79 3 12 24 50 57 6 9 29 63 87 25 27 77 91 64 65 67 28 53 54 56 59 71 74 86]
2025-04-21 09:33:33,208{GMT}	INFO	[jepsen worker 4] jepsen.generator.interpreter: Waiting for recovery...
2025-04-21 09:33:43,211{GMT}	INFO	[jepsen worker 1] jepsen.util: 1	:invoke	:read	nil
2025-04-21 09:33:43,211{GMT}	INFO	[jepsen worker 4] jepsen.util: 4	:invoke	:read	nil
2025-04-21 09:33:43,212{GMT}	INFO	[jepsen worker 3] jepsen.util: 3	:invoke	:read	nil
2025-04-21 09:33:43,212{GMT}	INFO	[jepsen worker 2] jepsen.util: 2	:invoke	:read	nil
2025-04-21 09:33:43,212{GMT}	INFO	[jepsen worker 0] jepsen.util: 0	:invoke	:read	nil
2025-04-21 09:33:43,213{GMT}	INFO	[jepsen worker 4] jepsen.util: 4	:ok	:read	[22 28 30 57 88 10 38 39 41 42 65 69 91 26 32 51 82 11 29 44 70 5 27 46 49 55 58 75 2 3 6 9 53 71 77 79 85 89 7 12 34 72 4 15 16 20 0 17 21 24 25 31 37 59 63 64 81 84 92 1 13 36 45 60 76 14 47 50 62 74 78 35 48 67 80 68 18 33 40 52 56 83 86 90 19 54 61 73 87 93 8 23 43 66]
2025-04-21 09:33:43,213{GMT}	INFO	[jepsen worker 2] jepsen.util: 2	:ok	:read	[40 51 60 68 71 6 19 21 92 74 86 89 66 0 20 25 30 31 65 82 90 1 7 12 91 35 57 22 26 32 39 64 88 9 11 14 46 56 58 69 70 2 4 5 33 37 43 62 63 78 15 36 45 38 47 48 77 3 28 29 59 73 76 27 49 54 52 72 81 8 13 61 16 42 75 80 83 85 87 24 34 67 53 55 84 10 23 44 50 79 93 17 18 41]
2025-04-21 09:33:43,213{GMT}	INFO	[jepsen worker 1] jepsen.util: 1	:ok	:read	[62 69 76 80 0 21 38 53 83 88 41 4 20 25 29 63 10 14 27 50 82 85 86 89 1 16 73 74 24 33 37 47 49 70 59 65 67 75 23 39 42 45 87 84 19 30 46 52 8 66 72 81 51 56 61 78 7 12 15 32 68 71 9 13 35 48 64 17 36 44 55 60 91 11 22 92 54 57 77 90 2 26 34 43 28 31 40 58 3 5 6 18 79 93]
2025-04-21 09:33:43,213{GMT}	INFO	[jepsen worker 3] jepsen.util: 3	:ok	:read	[90 19 48 72 82 5 32 76 39 41 47 51 68 1 11 38 81 85 93 89 2 34 83 26 42 52 75 0 10 23 21 40 43 46 49 4 8 18 15 16 69 73 80 88 92 13 17 30 55 60 62 20 33 35 37 44 66 7 14 84 45 61 70 78 22 31 36 50 57 58 79 3 12 24 63 87 6 9 29 91 25 27 77 56 59 64 65 67 28 53 54 71 74 86]
2025-04-21 09:33:43,213{GMT}	INFO	[jepsen worker 0] jepsen.util: 0	:ok	:read	[79 8 19 35 28 41 51 4 21 25 34 36 42 70 77 1 6 13 89 10 62 74 66 81 86 93 0 26 40 69 38 50 54 71 83 85 91 14 53 61 3 17 72 63 67 37 49 60 22 64 82 88 5 9 15 52 58 73 78 80 7 11 57 75 84 90 92 18 29 55 27 31 33 43 48 12 16 20 68 47 56 59 65 76 24 44 45 87 32 39 46 2 23 30]
2025-04-21 09:33:43,234{GMT}	INFO	[jepsen test runner] jepsen.core: Run complete, writing
2025-04-21 09:33:43,319{GMT}	INFO	[jepsen node n0] maelstrom.db: Tearing down n0
2025-04-21 09:33:43,319{GMT}	INFO	[jepsen node n1] maelstrom.db: Tearing down n1
2025-04-21 09:33:43,320{GMT}	INFO	[jepsen node n2] maelstrom.db: Tearing down n2
2025-04-21 09:33:43,320{GMT}	INFO	[jepsen node n3] maelstrom.db: Tearing down n3
2025-04-21 09:33:43,320{GMT}	INFO	[jepsen node n4] maelstrom.db: Tearing down n4
2025-04-21 09:33:45,192{GMT}	INFO	[jepsen node n0] maelstrom.net: Shutting down Maelstrom network
2025-04-21 09:33:45,194{GMT}	INFO	[jepsen test runner] jepsen.core: Analyzing...
2025-04-21 09:33:45,532{GMT}	INFO	[jepsen test runner] jepsen.core: Analysis complete
2025-04-21 09:33:45,544{GMT}	INFO	[jepsen results] jepsen.store: Wrote /home/divi/git/fly.io/store/broadcast/20250421T093311.387+0530/results.edn
2025-04-21 09:33:45,590{GMT}	INFO	[jepsen test runner] jepsen.core: {:perf {:latency-graph {:valid? true},
        :rate-graph {:valid? true},
        :valid? true},
 :timeline {:valid? true},
 :exceptions {:valid? true},
 :stats {:valid? true,
         :count 195,
         :ok-count 195,
         :fail-count 0,
         :info-count 0,
         :by-f {:broadcast {:valid? true,
                            :count 94,
                            :ok-count 94,
                            :fail-count 0,
                            :info-count 0},
                :read {:valid? true,
                       :count 101,
                       :ok-count 101,
                       :fail-count 0,
                       :info-count 0}}},
 :availability {:valid? true, :ok-fraction 1.0},
 :net {:all {:send-count 1486,
             :recv-count 1486,
             :msg-count 1486,
             :msgs-per-op 7.620513},
       :clients {:send-count 410, :recv-count 410, :msg-count 410},
       :servers {:send-count 1076,
                 :recv-count 1076,
                 :msg-count 1076,
                 :msgs-per-op 5.5179486},
       :valid? true},
 :workload {:worst-stale (),
            :duplicated-count 0,
            :valid? true,
            :lost-count 0,
            :lost (),
            :stable-count 94,
            :stale-count 0,
            :stale (),
            :never-read-count 0,
            :stable-latencies {0 0, 0.5 0, 0.95 0, 0.99 0, 1 0},
            :attempt-count 94,
            :never-read (),
            :duplicated {}},
 :valid? true}


Everything looks good! (`)
