2025/04/20 20:57:52 Received {c2 n2 {"type":"init","node_id":"n2","node_ids":["n0","n1","n2","n3","n4"],"msg_id":1}}
2025/04/20 20:57:52 Node n2 initialized
2025/04/20 20:57:52 Sent {"src":"n2","dest":"c2","body":{"in_reply_to":1,"type":"init_ok"}}
2025/04/20 20:57:52 Received {c7 n2 {"type":"topology","topology":{"n0":["n3","n1"],"n1":["n4","n2","n0"],"n2":["n1"],"n3":["n0","n4"],"n4":["n1","n3"]},"msg_id":1}}
2025/04/20 20:57:52 Sent {"src":"n2","dest":"c7","body":{"in_reply_to":1,"type":"topology_ok"}}
2025/04/20 20:57:52 Received {c12 n2 {"type":"broadcast","message":0,"msg_id":1}}
2025/04/20 20:57:52 Sent {"src":"n2","dest":"n1","body":{"message":0,"msg_id":1,"seen_nodes":["n2","n1"],"type":"gossip"}}
2025/04/20 20:57:52 Sent {"src":"n2","dest":"c12","body":{"in_reply_to":1,"type":"broadcast_ok"}}
2025/04/20 20:57:52 Received {n1 n2 {"already_seen":false,"in_reply_to":1,"seen_nodes":["n1","n2"],"type":"gossip_ok"}}
2025/04/20 20:57:52 Received {n1 n2 {"message":1,"msg_id":3,"seen_nodes":["n1","n4","n2"],"type":"gossip"}}
2025/04/20 20:57:52 Sent {"src":"n2","dest":"n1","body":{"already_seen":false,"in_reply_to":3,"seen_nodes":["n2","n1","n4"],"type":"gossip_ok"}}
2025/04/20 20:57:53 Received {c12 n2 {"type":"read","msg_id":2}}
================================ [0 1]
2025/04/20 20:57:53 Sent {"src":"n2","dest":"c12","body":{"in_reply_to":2,"messages":[0,1],"msg_id":2,"type":"read_ok"}}
2025/04/20 20:57:53 Received {n1 n2 {"message":2,"msg_id":6,"seen_nodes":["n1","n0","n3","n4","n2"],"type":"gossip"}}
2025/04/20 20:57:53 Sent {"src":"n2","dest":"n1","body":{"already_seen":false,"in_reply_to":6,"seen_nodes":["n2","n1","n0","n3","n4"],"type":"gossip_ok"}}
2025/04/20 20:57:53 Received {n1 n2 {"message":2,"msg_id":7,"seen_nodes":["n1","n4","n3","n0","n2"],"type":"gossip"}}
2025/04/20 20:57:53 Sent {"src":"n2","dest":"n1","body":{"already_seen":false,"in_reply_to":7,"seen_nodes":["n2","n1","n4","n3","n0"],"type":"gossip_ok"}}
2025/04/20 20:57:53 Received {n1 n2 {"message":3,"msg_id":8,"seen_nodes":["n1","n4","n2"],"type":"gossip"}}
2025/04/20 20:57:53 Sent {"src":"n2","dest":"n1","body":{"already_seen":false,"in_reply_to":8,"seen_nodes":["n2","n1","n4"],"type":"gossip_ok"}}
2025/04/20 20:57:53 Received {n1 n2 {"message":4,"msg_id":11,"seen_nodes":["n1","n0","n3","n4","n2"],"type":"gossip"}}
2025/04/20 20:57:53 Sent {"src":"n2","dest":"n1","body":{"already_seen":false,"in_reply_to":11,"seen_nodes":["n2","n1","n0","n3","n4"],"type":"gossip_ok"}}
2025/04/20 20:57:53 Received {n1 n2 {"message":4,"msg_id":12,"seen_nodes":["n1","n4","n3","n0","n2"],"type":"gossip"}}
2025/04/20 20:57:53 Sent {"src":"n2","dest":"n1","body":{"already_seen":false,"in_reply_to":12,"seen_nodes":["n2","n1","n4","n3","n0"],"type":"gossip_ok"}}
2025/04/20 20:57:53 Received {n1 n2 {"message":5,"msg_id":14,"seen_nodes":["n1","n0","n3","n4","n2"],"type":"gossip"}}
2025/04/20 20:57:53 Sent {"src":"n2","dest":"n1","body":{"already_seen":false,"in_reply_to":14,"seen_nodes":["n2","n1","n0","n3","n4"],"type":"gossip_ok"}}
2025/04/20 20:57:53 Received {n1 n2 {"message":5,"msg_id":15,"seen_nodes":["n1","n4","n3","n0","n2"],"type":"gossip"}}
2025/04/20 20:57:53 Sent {"src":"n2","dest":"n1","body":{"already_seen":false,"in_reply_to":15,"seen_nodes":["n2","n1","n4","n3","n0"],"type":"gossip_ok"}}
2025/04/20 20:57:53 Received {c12 n2 {"type":"broadcast","message":6,"msg_id":3}}
2025/04/20 20:57:53 Sent {"src":"n2","dest":"n1","body":{"message":6,"msg_id":2,"seen_nodes":["n2","n1"],"type":"gossip"}}
2025/04/20 20:57:53 Sent {"src":"n2","dest":"c12","body":{"in_reply_to":3,"type":"broadcast_ok"}}
2025/04/20 20:57:53 Received {n1 n2 {"already_seen":false,"in_reply_to":2,"seen_nodes":["n1","n2"],"type":"gossip_ok"}}
2025/04/20 20:57:54 Received {n1 n2 {"message":7,"msg_id":19,"seen_nodes":["n1","n0","n3","n4","n2"],"type":"gossip"}}
2025/04/20 20:57:54 Sent {"src":"n2","dest":"n1","body":{"already_seen":false,"in_reply_to":19,"seen_nodes":["n2","n1","n0","n3","n4"],"type":"gossip_ok"}}
2025/04/20 20:57:54 Received {n1 n2 {"message":7,"msg_id":20,"seen_nodes":["n1","n4","n3","n0","n2"],"type":"gossip"}}
2025/04/20 20:57:54 Sent {"src":"n2","dest":"n1","body":{"already_seen":false,"in_reply_to":20,"seen_nodes":["n2","n1","n4","n3","n0"],"type":"gossip_ok"}}
2025/04/20 20:57:54 Received {c12 n2 {"type":"read","msg_id":4}}
================================ [0 1 2 2 3 4 4 5 5 6 7 7]
2025/04/20 20:57:54 Sent {"src":"n2","dest":"c12","body":{"in_reply_to":4,"messages":[0,1,2,2,3,4,4,5,5,6,7,7],"msg_id":4,"type":"read_ok"}}
2025/04/20 20:57:54 Received {n1 n2 {"message":8,"msg_id":22,"seen_nodes":["n1","n0","n3","n4","n2"],"type":"gossip"}}
2025/04/20 20:57:54 Sent {"src":"n2","dest":"n1","body":{"already_seen":false,"in_reply_to":22,"seen_nodes":["n2","n1","n0","n3","n4"],"type":"gossip_ok"}}
2025/04/20 20:57:54 Received {n1 n2 {"message":8,"msg_id":23,"seen_nodes":["n1","n4","n3","n0","n2"],"type":"gossip"}}
2025/04/20 20:57:54 Sent {"src":"n2","dest":"n1","body":{"already_seen":false,"in_reply_to":23,"seen_nodes":["n2","n1","n4","n3","n0"],"type":"gossip_ok"}}
2025/04/20 20:57:54 Received {n1 n2 {"message":9,"msg_id":24,"seen_nodes":["n1","n4","n2"],"type":"gossip"}}
2025/04/20 20:57:54 Sent {"src":"n2","dest":"n1","body":{"already_seen":false,"in_reply_to":24,"seen_nodes":["n2","n1","n4"],"type":"gossip_ok"}}
2025/04/20 20:57:54 Received {c12 n2 {"type":"read","msg_id":5}}
================================ [0 1 2 2 3 4 4 5 5 6 7 7 8 8 9]
2025/04/20 20:57:54 Sent {"src":"n2","dest":"c12","body":{"in_reply_to":5,"messages":[0,1,2,2,3,4,4,5,5,6,7,7,8,8,9],"msg_id":5,"type":"read_ok"}}
2025/04/20 20:57:55 Received {n1 n2 {"message":10,"msg_id":27,"seen_nodes":["n1","n0","n3","n4","n2"],"type":"gossip"}}
2025/04/20 20:57:55 Received {n1 n2 {"message":10,"msg_id":28,"seen_nodes":["n1","n4","n3","n0","n2"],"type":"gossip"}}
2025/04/20 20:57:55 Sent {"src":"n2","dest":"n1","body":{"already_seen":false,"in_reply_to":27,"seen_nodes":["n2","n1","n0","n3","n4"],"type":"gossip_ok"}}
2025/04/20 20:57:55 Sent {"src":"n2","dest":"n1","body":{"already_seen":false,"in_reply_to":28,"seen_nodes":["n2","n1","n4","n3","n0"],"type":"gossip_ok"}}
2025/04/20 20:57:55 Received {n1 n2 {"message":11,"msg_id":29,"seen_nodes":["n1","n4","n2"],"type":"gossip"}}
2025/04/20 20:57:55 Sent {"src":"n2","dest":"n1","body":{"already_seen":false,"in_reply_to":29,"seen_nodes":["n2","n1","n4"],"type":"gossip_ok"}}
2025/04/20 20:57:55 Received {n1 n2 {"message":12,"msg_id":32,"seen_nodes":["n1","n0","n3","n4","n2"],"type":"gossip"}}
2025/04/20 20:57:55 Sent {"src":"n2","dest":"n1","body":{"already_seen":false,"in_reply_to":32,"seen_nodes":["n2","n1","n0","n3","n4"],"type":"gossip_ok"}}
2025/04/20 20:57:55 Received {n1 n2 {"message":12,"msg_id":33,"seen_nodes":["n1","n4","n3","n0","n2"],"type":"gossip"}}
2025/04/20 20:57:55 Sent {"src":"n2","dest":"n1","body":{"already_seen":false,"in_reply_to":33,"seen_nodes":["n2","n1","n4","n3","n0"],"type":"gossip_ok"}}
2025/04/20 20:57:55 Received {c12 n2 {"type":"broadcast","message":13,"msg_id":6}}
2025/04/20 20:57:55 Sent {"src":"n2","dest":"n1","body":{"message":13,"msg_id":3,"seen_nodes":["n2","n1"],"type":"gossip"}}
2025/04/20 20:57:55 Sent {"src":"n2","dest":"c12","body":{"in_reply_to":6,"type":"broadcast_ok"}}
2025/04/20 20:57:55 Received {n1 n2 {"already_seen":false,"in_reply_to":3,"seen_nodes":["n1","n2"],"type":"gossip_ok"}}
2025/04/20 20:57:55 Received {n1 n2 {"message":14,"msg_id":38,"seen_nodes":["n1","n0","n3","n4","n2"],"type":"gossip"}}
2025/04/20 20:57:55 Sent {"src":"n2","dest":"n1","body":{"already_seen":false,"in_reply_to":38,"seen_nodes":["n2","n1","n0","n3","n4"],"type":"gossip_ok"}}
2025/04/20 20:57:55 Received {n1 n2 {"message":14,"msg_id":36,"seen_nodes":["n1","n4","n3","n0","n2"],"type":"gossip"}}
2025/04/20 20:57:55 Sent {"src":"n2","dest":"n1","body":{"already_seen":false,"in_reply_to":36,"seen_nodes":["n2","n1","n4","n3","n0"],"type":"gossip_ok"}}
2025/04/20 20:57:55 Received {n1 n2 {"message":15,"msg_id":40,"seen_nodes":["n1","n0","n3","n4","n2"],"type":"gossip"}}
2025/04/20 20:57:55 Sent {"src":"n2","dest":"n1","body":{"already_seen":false,"in_reply_to":40,"seen_nodes":["n2","n1","n0","n3","n4"],"type":"gossip_ok"}}
2025/04/20 20:57:55 Received {n1 n2 {"message":15,"msg_id":41,"seen_nodes":["n1","n4","n3","n0","n2"],"type":"gossip"}}
2025/04/20 20:57:55 Sent {"src":"n2","dest":"n1","body":{"already_seen":false,"in_reply_to":41,"seen_nodes":["n2","n1","n4","n3","n0"],"type":"gossip_ok"}}
2025/04/20 20:57:56 Received {n1 n2 {"message":16,"msg_id":43,"seen_nodes":["n1","n0","n3","n4","n2"],"type":"gossip"}}
2025/04/20 20:57:56 Sent {"src":"n2","dest":"n1","body":{"already_seen":false,"in_reply_to":43,"seen_nodes":["n2","n1","n0","n3","n4"],"type":"gossip_ok"}}
2025/04/20 20:57:56 Received {n1 n2 {"message":16,"msg_id":44,"seen_nodes":["n1","n4","n3","n0","n2"],"type":"gossip"}}
2025/04/20 20:57:56 Sent {"src":"n2","dest":"n1","body":{"already_seen":false,"in_reply_to":44,"seen_nodes":["n2","n1","n4","n3","n0"],"type":"gossip_ok"}}
2025/04/20 20:57:56 Received {c12 n2 {"type":"broadcast","message":17,"msg_id":7}}
2025/04/20 20:57:56 Sent {"src":"n2","dest":"n1","body":{"message":17,"msg_id":4,"seen_nodes":["n2","n1"],"type":"gossip"}}
2025/04/20 20:57:56 Sent {"src":"n2","dest":"c12","body":{"in_reply_to":7,"type":"broadcast_ok"}}
2025/04/20 20:57:56 Received {n1 n2 {"already_seen":false,"in_reply_to":4,"seen_nodes":["n1","n2"],"type":"gossip_ok"}}
2025/04/20 20:57:56 Received {n1 n2 {"message":18,"msg_id":47,"seen_nodes":["n1","n4","n2"],"type":"gossip"}}
2025/04/20 20:57:56 Sent {"src":"n2","dest":"n1","body":{"already_seen":false,"in_reply_to":47,"seen_nodes":["n2","n1","n4"],"type":"gossip_ok"}}
2025/04/20 20:57:57 Received {n1 n2 {"message":19,"msg_id":50,"seen_nodes":["n1","n4","n2"],"type":"gossip"}}
2025/04/20 20:57:57 Sent {"src":"n2","dest":"n1","body":{"already_seen":false,"in_reply_to":50,"seen_nodes":["n2","n1","n4"],"type":"gossip_ok"}}
2025/04/20 20:57:57 Received {c12 n2 {"type":"read","msg_id":8}}
================================ [0 1 2 2 3 4 4 5 5 6 7 7 8 8 9 10 10 11 12 12 13 14 14 15 15 16 16 17 18 19]
2025/04/20 20:57:57 Sent {"src":"n2","dest":"c12","body":{"in_reply_to":8,"messages":[0,1,2,2,3,4,4,5,5,6,7,7,8,8,9,10,10,11,12,12,13,14,14,15,15,16,16,17,18,19],"msg_id":8,"type":"read_ok"}}
2025/04/20 20:57:57 Received {n1 n2 {"message":20,"msg_id":52,"seen_nodes":["n1","n4","n2"],"type":"gossip"}}
2025/04/20 20:57:57 Sent {"src":"n2","dest":"n1","body":{"already_seen":false,"in_reply_to":52,"seen_nodes":["n2","n1","n4"],"type":"gossip_ok"}}
2025/04/20 20:57:57 Received {n1 n2 {"message":21,"msg_id":55,"seen_nodes":["n1","n4","n2"],"type":"gossip"}}
2025/04/20 20:57:57 Sent {"src":"n2","dest":"n1","body":{"already_seen":false,"in_reply_to":55,"seen_nodes":["n2","n1","n4"],"type":"gossip_ok"}}
2025/04/20 20:57:57 Received {c12 n2 {"type":"read","msg_id":9}}
================================ [0 1 2 2 3 4 4 5 5 6 7 7 8 8 9 10 10 11 12 12 13 14 14 15 15 16 16 17 18 19 20 21]
2025/04/20 20:57:57 Sent {"src":"n2","dest":"c12","body":{"in_reply_to":9,"messages":[0,1,2,2,3,4,4,5,5,6,7,7,8,8,9,10,10,11,12,12,13,14,14,15,15,16,16,17,18,19,20,21],"msg_id":9,"type":"read_ok"}}
2025/04/20 20:57:58 Received {n1 n2 {"message":22,"msg_id":58,"seen_nodes":["n1","n0","n3","n4","n2"],"type":"gossip"}}
2025/04/20 20:57:58 Sent {"src":"n2","dest":"n1","body":{"already_seen":false,"in_reply_to":58,"seen_nodes":["n2","n1","n0","n3","n4"],"type":"gossip_ok"}}
2025/04/20 20:57:58 Received {n1 n2 {"message":22,"msg_id":59,"seen_nodes":["n1","n4","n3","n0","n2"],"type":"gossip"}}
2025/04/20 20:57:58 Sent {"src":"n2","dest":"n1","body":{"already_seen":false,"in_reply_to":59,"seen_nodes":["n2","n1","n4","n3","n0"],"type":"gossip_ok"}}
2025/04/20 20:57:58 Received {n1 n2 {"message":23,"msg_id":61,"seen_nodes":["n1","n0","n3","n4","n2"],"type":"gossip"}}
2025/04/20 20:57:58 Sent {"src":"n2","dest":"n1","body":{"already_seen":false,"in_reply_to":61,"seen_nodes":["n2","n1","n0","n3","n4"],"type":"gossip_ok"}}
2025/04/20 20:57:58 Received {n1 n2 {"message":23,"msg_id":62,"seen_nodes":["n1","n4","n3","n0","n2"],"type":"gossip"}}
2025/04/20 20:57:58 Sent {"src":"n2","dest":"n1","body":{"already_seen":false,"in_reply_to":62,"seen_nodes":["n2","n1","n4","n3","n0"],"type":"gossip_ok"}}
2025/04/20 20:57:58 Received {c12 n2 {"type":"broadcast","message":24,"msg_id":10}}
2025/04/20 20:57:58 Sent {"src":"n2","dest":"n1","body":{"message":24,"msg_id":5,"seen_nodes":["n2","n1"],"type":"gossip"}}
2025/04/20 20:57:58 Sent {"src":"n2","dest":"c12","body":{"in_reply_to":10,"type":"broadcast_ok"}}
2025/04/20 20:57:58 Received {n1 n2 {"already_seen":false,"in_reply_to":5,"seen_nodes":["n1","n2"],"type":"gossip_ok"}}
2025/04/20 20:57:58 Received {n1 n2 {"message":25,"msg_id":66,"seen_nodes":["n1","n0","n3","n4","n2"],"type":"gossip"}}
2025/04/20 20:57:58 Received {n1 n2 {"message":25,"msg_id":67,"seen_nodes":["n1","n4","n3","n0","n2"],"type":"gossip"}}
2025/04/20 20:57:58 Sent {"src":"n2","dest":"n1","body":{"already_seen":false,"in_reply_to":66,"seen_nodes":["n2","n1","n0","n3","n4"],"type":"gossip_ok"}}
2025/04/20 20:57:58 Sent {"src":"n2","dest":"n1","body":{"already_seen":false,"in_reply_to":67,"seen_nodes":["n2","n1","n4","n3","n0"],"type":"gossip_ok"}}
2025/04/20 20:57:58 Received {n1 n2 {"message":26,"msg_id":68,"seen_nodes":["n1","n4","n2"],"type":"gossip"}}
2025/04/20 20:57:58 Sent {"src":"n2","dest":"n1","body":{"already_seen":false,"in_reply_to":68,"seen_nodes":["n2","n1","n4"],"type":"gossip_ok"}}
2025/04/20 20:57:58 Received {n1 n2 {"message":27,"msg_id":71,"seen_nodes":["n1","n0","n3","n4","n2"],"type":"gossip"}}
2025/04/20 20:57:58 Sent {"src":"n2","dest":"n1","body":{"already_seen":false,"in_reply_to":71,"seen_nodes":["n2","n1","n0","n3","n4"],"type":"gossip_ok"}}
2025/04/20 20:57:58 Received {n1 n2 {"message":27,"msg_id":72,"seen_nodes":["n1","n4","n3","n0","n2"],"type":"gossip"}}
2025/04/20 20:57:58 Sent {"src":"n2","dest":"n1","body":{"already_seen":false,"in_reply_to":72,"seen_nodes":["n2","n1","n4","n3","n0"],"type":"gossip_ok"}}
2025/04/20 20:57:58 Received {c12 n2 {"type":"broadcast","message":28,"msg_id":11}}
2025/04/20 20:57:58 Sent {"src":"n2","dest":"n1","body":{"message":28,"msg_id":6,"seen_nodes":["n2","n1"],"type":"gossip"}}
2025/04/20 20:57:58 Sent {"src":"n2","dest":"c12","body":{"in_reply_to":11,"type":"broadcast_ok"}}
2025/04/20 20:57:58 Received {n1 n2 {"already_seen":false,"in_reply_to":6,"seen_nodes":["n1","n2"],"type":"gossip_ok"}}
2025/04/20 20:57:59 Received {n1 n2 {"message":29,"msg_id":75,"seen_nodes":["n1","n4","n2"],"type":"gossip"}}
2025/04/20 20:57:59 Sent {"src":"n2","dest":"n1","body":{"already_seen":false,"in_reply_to":75,"seen_nodes":["n2","n1","n4"],"type":"gossip_ok"}}
2025/04/20 20:57:59 Received {n1 n2 {"message":30,"msg_id":78,"seen_nodes":["n1","n4","n2"],"type":"gossip"}}
2025/04/20 20:57:59 Sent {"src":"n2","dest":"n1","body":{"already_seen":false,"in_reply_to":78,"seen_nodes":["n2","n1","n4"],"type":"gossip_ok"}}
2025/04/20 20:57:59 Received {c12 n2 {"type":"read","msg_id":12}}
================================ [0 1 2 2 3 4 4 5 5 6 7 7 8 8 9 10 10 11 12 12 13 14 14 15 15 16 16 17 18 19 20 21 22 22 23 23 24 25 25 26 27 27 28 29 30]
2025/04/20 20:57:59 Sent {"src":"n2","dest":"c12","body":{"in_reply_to":12,"messages":[0,1,2,2,3,4,4,5,5,6,7,7,8,8,9,10,10,11,12,12,13,14,14,15,15,16,16,17,18,19,20,21,22,22,23,23,24,25,25,26,27,27,28,29,30],"msg_id":12,"type":"read_ok"}}
2025/04/20 20:57:59 Received {n1 n2 {"message":31,"msg_id":80,"seen_nodes":["n1","n4","n3","n0","n2"],"type":"gossip"}}
2025/04/20 20:57:59 Received {n1 n2 {"message":31,"msg_id":82,"seen_nodes":["n1","n0","n3","n4","n2"],"type":"gossip"}}
2025/04/20 20:57:59 Sent {"src":"n2","dest":"n1","body":{"already_seen":false,"in_reply_to":82,"seen_nodes":["n2","n1","n0","n3","n4"],"type":"gossip_ok"}}
2025/04/20 20:57:59 Sent {"src":"n2","dest":"n1","body":{"already_seen":false,"in_reply_to":80,"seen_nodes":["n2","n1","n4","n3","n0"],"type":"gossip_ok"}}
2025/04/20 20:57:59 Received {n1 n2 {"message":32,"msg_id":84,"seen_nodes":["n1","n0","n3","n4","n2"],"type":"gossip"}}
2025/04/20 20:57:59 Sent {"src":"n2","dest":"n1","body":{"already_seen":false,"in_reply_to":84,"seen_nodes":["n2","n1","n0","n3","n4"],"type":"gossip_ok"}}
2025/04/20 20:57:59 Received {n1 n2 {"message":32,"msg_id":85,"seen_nodes":["n1","n4","n3","n0","n2"],"type":"gossip"}}
2025/04/20 20:57:59 Sent {"src":"n2","dest":"n1","body":{"already_seen":false,"in_reply_to":85,"seen_nodes":["n2","n1","n4","n3","n0"],"type":"gossip_ok"}}
2025/04/20 20:57:59 Received {n1 n2 {"message":33,"msg_id":87,"seen_nodes":["n1","n4","n2"],"type":"gossip"}}
2025/04/20 20:57:59 Sent {"src":"n2","dest":"n1","body":{"already_seen":false,"in_reply_to":87,"seen_nodes":["n2","n1","n4"],"type":"gossip_ok"}}
2025/04/20 20:57:59 Received {c12 n2 {"type":"broadcast","message":34,"msg_id":13}}
2025/04/20 20:57:59 Sent {"src":"n2","dest":"n1","body":{"message":34,"msg_id":7,"seen_nodes":["n2","n1"],"type":"gossip"}}
2025/04/20 20:57:59 Sent {"src":"n2","dest":"c12","body":{"in_reply_to":13,"type":"broadcast_ok"}}
2025/04/20 20:57:59 Received {n1 n2 {"already_seen":false,"in_reply_to":7,"seen_nodes":["n1","n2"],"type":"gossip_ok"}}
2025/04/20 20:58:00 Received {n1 n2 {"message":35,"msg_id":91,"seen_nodes":["n1","n4","n3","n0","n2"],"type":"gossip"}}
2025/04/20 20:58:00 Received {n1 n2 {"message":35,"msg_id":93,"seen_nodes":["n1","n0","n3","n4","n2"],"type":"gossip"}}
2025/04/20 20:58:00 Sent {"src":"n2","dest":"n1","body":{"already_seen":false,"in_reply_to":91,"seen_nodes":["n2","n1","n4","n3","n0"],"type":"gossip_ok"}}
2025/04/20 20:58:00 Sent {"src":"n2","dest":"n1","body":{"already_seen":false,"in_reply_to":93,"seen_nodes":["n2","n1","n0","n3","n4"],"type":"gossip_ok"}}
2025/04/20 20:58:00 Received {n1 n2 {"message":36,"msg_id":95,"seen_nodes":["n1","n0","n3","n4","n2"],"type":"gossip"}}
2025/04/20 20:58:00 Sent {"src":"n2","dest":"n1","body":{"already_seen":false,"in_reply_to":95,"seen_nodes":["n2","n1","n0","n3","n4"],"type":"gossip_ok"}}
2025/04/20 20:58:00 Received {n1 n2 {"message":36,"msg_id":96,"seen_nodes":["n1","n4","n3","n0","n2"],"type":"gossip"}}
2025/04/20 20:58:00 Sent {"src":"n2","dest":"n1","body":{"already_seen":false,"in_reply_to":96,"seen_nodes":["n2","n1","n4","n3","n0"],"type":"gossip_ok"}}
2025/04/20 20:58:00 Received {n1 n2 {"message":37,"msg_id":98,"seen_nodes":["n1","n0","n3","n4","n2"],"type":"gossip"}}
2025/04/20 20:58:00 Sent {"src":"n2","dest":"n1","body":{"already_seen":false,"in_reply_to":98,"seen_nodes":["n2","n1","n0","n3","n4"],"type":"gossip_ok"}}
2025/04/20 20:58:00 Received {n1 n2 {"message":37,"msg_id":99,"seen_nodes":["n1","n4","n3","n0","n2"],"type":"gossip"}}
2025/04/20 20:58:00 Sent {"src":"n2","dest":"n1","body":{"already_seen":false,"in_reply_to":99,"seen_nodes":["n2","n1","n4","n3","n0"],"type":"gossip_ok"}}
2025/04/20 20:58:00 Received {c12 n2 {"type":"broadcast","message":38,"msg_id":14}}
2025/04/20 20:58:00 Sent {"src":"n2","dest":"n1","body":{"message":38,"msg_id":8,"seen_nodes":["n2","n1"],"type":"gossip"}}
2025/04/20 20:58:00 Sent {"src":"n2","dest":"c12","body":{"in_reply_to":14,"type":"broadcast_ok"}}
2025/04/20 20:58:00 Received {n1 n2 {"already_seen":false,"in_reply_to":8,"seen_nodes":["n1","n2"],"type":"gossip_ok"}}
2025/04/20 20:58:00 Received {n1 n2 {"message":39,"msg_id":103,"seen_nodes":["n1","n4","n3","n0","n2"],"type":"gossip"}}
2025/04/20 20:58:00 Received {n1 n2 {"message":39,"msg_id":104,"seen_nodes":["n1","n0","n3","n4","n2"],"type":"gossip"}}
2025/04/20 20:58:00 Sent {"src":"n2","dest":"n1","body":{"already_seen":false,"in_reply_to":103,"seen_nodes":["n2","n1","n4","n3","n0"],"type":"gossip_ok"}}
2025/04/20 20:58:00 Sent {"src":"n2","dest":"n1","body":{"already_seen":false,"in_reply_to":104,"seen_nodes":["n2","n1","n0","n3","n4"],"type":"gossip_ok"}}
2025/04/20 20:58:00 Received {n1 n2 {"message":40,"msg_id":106,"seen_nodes":["n1","n4","n2"],"type":"gossip"}}
2025/04/20 20:58:00 Sent {"src":"n2","dest":"n1","body":{"already_seen":false,"in_reply_to":106,"seen_nodes":["n2","n1","n4"],"type":"gossip_ok"}}
2025/04/20 20:58:01 Received {c12 n2 {"type":"read","msg_id":15}}
================================ [0 1 2 2 3 4 4 5 5 6 7 7 8 8 9 10 10 11 12 12 13 14 14 15 15 16 16 17 18 19 20 21 22 22 23 23 24 25 25 26 27 27 28 29 30 31 31 32 32 33 34 35 35 36 36 37 37 38 39 39 40]
2025/04/20 20:58:01 Sent {"src":"n2","dest":"c12","body":{"in_reply_to":15,"messages":[0,1,2,2,3,4,4,5,5,6,7,7,8,8,9,10,10,11,12,12,13,14,14,15,15,16,16,17,18,19,20,21,22,22,23,23,24,25,25,26,27,27,28,29,30,31,31,32,32,33,34,35,35,36,36,37,37,38,39,39,40],"msg_id":15,"type":"read_ok"}}
2025/04/20 20:58:01 Received {n1 n2 {"message":41,"msg_id":109,"seen_nodes":["n1","n0","n3","n4","n2"],"type":"gossip"}}
2025/04/20 20:58:01 Received {n1 n2 {"message":41,"msg_id":110,"seen_nodes":["n1","n4","n3","n0","n2"],"type":"gossip"}}
2025/04/20 20:58:01 Sent {"src":"n2","dest":"n1","body":{"already_seen":false,"in_reply_to":110,"seen_nodes":["n2","n1","n4","n3","n0"],"type":"gossip_ok"}}
2025/04/20 20:58:01 Sent {"src":"n2","dest":"n1","body":{"already_seen":false,"in_reply_to":109,"seen_nodes":["n2","n1","n0","n3","n4"],"type":"gossip_ok"}}
2025/04/20 20:58:01 Received {n1 n2 {"message":42,"msg_id":111,"seen_nodes":["n1","n4","n2"],"type":"gossip"}}
2025/04/20 20:58:01 Sent {"src":"n2","dest":"n1","body":{"already_seen":false,"in_reply_to":111,"seen_nodes":["n2","n1","n4"],"type":"gossip_ok"}}
2025/04/20 20:58:01 Received {n1 n2 {"message":43,"msg_id":114,"seen_nodes":["n1","n0","n3","n4","n2"],"type":"gossip"}}
2025/04/20 20:58:01 Sent {"src":"n2","dest":"n1","body":{"already_seen":false,"in_reply_to":114,"seen_nodes":["n2","n1","n0","n3","n4"],"type":"gossip_ok"}}
2025/04/20 20:58:01 Received {n1 n2 {"message":43,"msg_id":115,"seen_nodes":["n1","n4","n3","n0","n2"],"type":"gossip"}}
2025/04/20 20:58:01 Sent {"src":"n2","dest":"n1","body":{"already_seen":false,"in_reply_to":115,"seen_nodes":["n2","n1","n4","n3","n0"],"type":"gossip_ok"}}
2025/04/20 20:58:01 Received {n1 n2 {"message":44,"msg_id":117,"seen_nodes":["n1","n0","n3","n4","n2"],"type":"gossip"}}
2025/04/20 20:58:01 Sent {"src":"n2","dest":"n1","body":{"already_seen":false,"in_reply_to":117,"seen_nodes":["n2","n1","n0","n3","n4"],"type":"gossip_ok"}}
2025/04/20 20:58:01 Received {n1 n2 {"message":44,"msg_id":118,"seen_nodes":["n1","n4","n3","n0","n2"],"type":"gossip"}}
2025/04/20 20:58:01 Sent {"src":"n2","dest":"n1","body":{"already_seen":false,"in_reply_to":118,"seen_nodes":["n2","n1","n4","n3","n0"],"type":"gossip_ok"}}
2025/04/20 20:58:01 Received {c12 n2 {"type":"read","msg_id":16}}
================================ [0 1 2 2 3 4 4 5 5 6 7 7 8 8 9 10 10 11 12 12 13 14 14 15 15 16 16 17 18 19 20 21 22 22 23 23 24 25 25 26 27 27 28 29 30 31 31 32 32 33 34 35 35 36 36 37 37 38 39 39 40 41 41 42 43 43 44 44]
2025/04/20 20:58:01 Sent {"src":"n2","dest":"c12","body":{"in_reply_to":16,"messages":[0,1,2,2,3,4,4,5,5,6,7,7,8,8,9,10,10,11,12,12,13,14,14,15,15,16,16,17,18,19,20,21,22,22,23,23,24,25,25,26,27,27,28,29,30,31,31,32,32,33,34,35,35,36,36,37,37,38,39,39,40,41,41,42,43,43,44,44],"msg_id":16,"type":"read_ok"}}
2025/04/20 20:58:02 Received {n1 n2 {"message":45,"msg_id":120,"seen_nodes":["n1","n0","n3","n4","n2"],"type":"gossip"}}
2025/04/20 20:58:02 Received {n1 n2 {"message":45,"msg_id":121,"seen_nodes":["n1","n4","n3","n0","n2"],"type":"gossip"}}
2025/04/20 20:58:02 Sent {"src":"n2","dest":"n1","body":{"already_seen":false,"in_reply_to":120,"seen_nodes":["n2","n1","n0","n3","n4"],"type":"gossip_ok"}}
2025/04/20 20:58:02 Sent {"src":"n2","dest":"n1","body":{"already_seen":false,"in_reply_to":121,"seen_nodes":["n2","n1","n4","n3","n0"],"type":"gossip_ok"}}
2025/04/20 20:58:02 Received {n1 n2 {"message":46,"msg_id":122,"seen_nodes":["n1","n4","n2"],"type":"gossip"}}
2025/04/20 20:58:02 Sent {"src":"n2","dest":"n1","body":{"already_seen":false,"in_reply_to":122,"seen_nodes":["n2","n1","n4"],"type":"gossip_ok"}}
2025/04/20 20:58:02 Received {n1 n2 {"message":47,"msg_id":125,"seen_nodes":["n1","n0","n3","n4","n2"],"type":"gossip"}}
2025/04/20 20:58:02 Sent {"src":"n2","dest":"n1","body":{"already_seen":false,"in_reply_to":125,"seen_nodes":["n2","n1","n0","n3","n4"],"type":"gossip_ok"}}
2025/04/20 20:58:02 Received {n1 n2 {"message":47,"msg_id":126,"seen_nodes":["n1","n4","n3","n0","n2"],"type":"gossip"}}
2025/04/20 20:58:02 Sent {"src":"n2","dest":"n1","body":{"already_seen":false,"in_reply_to":126,"seen_nodes":["n2","n1","n4","n3","n0"],"type":"gossip_ok"}}
2025/04/20 20:58:02 Received {c12 n2 {"type":"read","msg_id":17}}
================================ [0 1 2 2 3 4 4 5 5 6 7 7 8 8 9 10 10 11 12 12 13 14 14 15 15 16 16 17 18 19 20 21 22 22 23 23 24 25 25 26 27 27 28 29 30 31 31 32 32 33 34 35 35 36 36 37 37 38 39 39 40 41 41 42 43 43 44 44 45 45 46 47 47]
2025/04/20 20:58:02 Sent {"src":"n2","dest":"c12","body":{"in_reply_to":17,"messages":[0,1,2,2,3,4,4,5,5,6,7,7,8,8,9,10,10,11,12,12,13,14,14,15,15,16,16,17,18,19,20,21,22,22,23,23,24,25,25,26,27,27,28,29,30,31,31,32,32,33,34,35,35,36,36,37,37,38,39,39,40,41,41,42,43,43,44,44,45,45,46,47,47],"msg_id":17,"type":"read_ok"}}
2025/04/20 20:58:02 Received {n1 n2 {"message":48,"msg_id":127,"seen_nodes":["n1","n4","n2"],"type":"gossip"}}
2025/04/20 20:58:02 Sent {"src":"n2","dest":"n1","body":{"already_seen":false,"in_reply_to":127,"seen_nodes":["n2","n1","n4"],"type":"gossip_ok"}}
2025/04/20 20:58:02 Received {n1 n2 {"message":49,"msg_id":130,"seen_nodes":["n1","n0","n3","n4","n2"],"type":"gossip"}}
2025/04/20 20:58:02 Sent {"src":"n2","dest":"n1","body":{"already_seen":false,"in_reply_to":130,"seen_nodes":["n2","n1","n0","n3","n4"],"type":"gossip_ok"}}
2025/04/20 20:58:02 Received {n1 n2 {"message":49,"msg_id":131,"seen_nodes":["n1","n4","n3","n0","n2"],"type":"gossip"}}
2025/04/20 20:58:02 Sent {"src":"n2","dest":"n1","body":{"already_seen":false,"in_reply_to":131,"seen_nodes":["n2","n1","n4","n3","n0"],"type":"gossip_ok"}}
2025/04/20 20:58:03 Received {c12 n2 {"type":"read","msg_id":18}}
================================ [0 1 2 2 3 4 4 5 5 6 7 7 8 8 9 10 10 11 12 12 13 14 14 15 15 16 16 17 18 19 20 21 22 22 23 23 24 25 25 26 27 27 28 29 30 31 31 32 32 33 34 35 35 36 36 37 37 38 39 39 40 41 41 42 43 43 44 44 45 45 46 47 47 48 49 49]
2025/04/20 20:58:03 Sent {"src":"n2","dest":"c12","body":{"in_reply_to":18,"messages":[0,1,2,2,3,4,4,5,5,6,7,7,8,8,9,10,10,11,12,12,13,14,14,15,15,16,16,17,18,19,20,21,22,22,23,23,24,25,25,26,27,27,28,29,30,31,31,32,32,33,34,35,35,36,36,37,37,38,39,39,40,41,41,42,43,43,44,44,45,45,46,47,47,48,49,49],"msg_id":18,"type":"read_ok"}}
2025/04/20 20:58:03 Received {n1 n2 {"message":50,"msg_id":132,"seen_nodes":["n1","n4","n2"],"type":"gossip"}}
2025/04/20 20:58:03 Sent {"src":"n2","dest":"n1","body":{"already_seen":false,"in_reply_to":132,"seen_nodes":["n2","n1","n4"],"type":"gossip_ok"}}
2025/04/20 20:58:03 Received {n1 n2 {"message":51,"msg_id":135,"seen_nodes":["n1","n0","n3","n4","n2"],"type":"gossip"}}
2025/04/20 20:58:03 Sent {"src":"n2","dest":"n1","body":{"already_seen":false,"in_reply_to":135,"seen_nodes":["n2","n1","n0","n3","n4"],"type":"gossip_ok"}}
2025/04/20 20:58:03 Received {n1 n2 {"message":51,"msg_id":136,"seen_nodes":["n1","n4","n3","n0","n2"],"type":"gossip"}}
2025/04/20 20:58:03 Sent {"src":"n2","dest":"n1","body":{"already_seen":false,"in_reply_to":136,"seen_nodes":["n2","n1","n4","n3","n0"],"type":"gossip_ok"}}
2025/04/20 20:58:03 Received {c12 n2 {"type":"broadcast","message":52,"msg_id":19}}
2025/04/20 20:58:03 Sent {"src":"n2","dest":"n1","body":{"message":52,"msg_id":9,"seen_nodes":["n2","n1"],"type":"gossip"}}
2025/04/20 20:58:03 Sent {"src":"n2","dest":"c12","body":{"in_reply_to":19,"type":"broadcast_ok"}}
2025/04/20 20:58:03 Received {n1 n2 {"already_seen":false,"in_reply_to":9,"seen_nodes":["n1","n2"],"type":"gossip_ok"}}
2025/04/20 20:58:04 Received {n1 n2 {"message":53,"msg_id":140,"seen_nodes":["n1","n0","n3","n4","n2"],"type":"gossip"}}
2025/04/20 20:58:04 Sent {"src":"n2","dest":"n1","body":{"already_seen":false,"in_reply_to":140,"seen_nodes":["n2","n1","n0","n3","n4"],"type":"gossip_ok"}}
2025/04/20 20:58:04 Received {n1 n2 {"message":53,"msg_id":141,"seen_nodes":["n1","n4","n3","n0","n2"],"type":"gossip"}}
2025/04/20 20:58:04 Sent {"src":"n2","dest":"n1","body":{"already_seen":false,"in_reply_to":141,"seen_nodes":["n2","n1","n4","n3","n0"],"type":"gossip_ok"}}
2025/04/20 20:58:04 Received {n1 n2 {"message":54,"msg_id":143,"seen_nodes":["n1","n0","n3","n4","n2"],"type":"gossip"}}
2025/04/20 20:58:04 Sent {"src":"n2","dest":"n1","body":{"already_seen":false,"in_reply_to":143,"seen_nodes":["n2","n1","n0","n3","n4"],"type":"gossip_ok"}}
2025/04/20 20:58:04 Received {n1 n2 {"message":54,"msg_id":144,"seen_nodes":["n1","n4","n3","n0","n2"],"type":"gossip"}}
2025/04/20 20:58:04 Sent {"src":"n2","dest":"n1","body":{"already_seen":false,"in_reply_to":144,"seen_nodes":["n2","n1","n4","n3","n0"],"type":"gossip_ok"}}
2025/04/20 20:58:04 Received {c12 n2 {"type":"read","msg_id":20}}
================================ [0 1 2 2 3 4 4 5 5 6 7 7 8 8 9 10 10 11 12 12 13 14 14 15 15 16 16 17 18 19 20 21 22 22 23 23 24 25 25 26 27 27 28 29 30 31 31 32 32 33 34 35 35 36 36 37 37 38 39 39 40 41 41 42 43 43 44 44 45 45 46 47 47 48 49 49 50 51 51 52 53 53 54 54]
2025/04/20 20:58:04 Sent {"src":"n2","dest":"c12","body":{"in_reply_to":20,"messages":[0,1,2,2,3,4,4,5,5,6,7,7,8,8,9,10,10,11,12,12,13,14,14,15,15,16,16,17,18,19,20,21,22,22,23,23,24,25,25,26,27,27,28,29,30,31,31,32,32,33,34,35,35,36,36,37,37,38,39,39,40,41,41,42,43,43,44,44,45,45,46,47,47,48,49,49,50,51,51,52,53,53,54,54],"msg_id":20,"type":"read_ok"}}
2025/04/20 20:58:04 Received {n1 n2 {"message":55,"msg_id":146,"seen_nodes":["n1","n0","n3","n4","n2"],"type":"gossip"}}
2025/04/20 20:58:04 Sent {"src":"n2","dest":"n1","body":{"already_seen":false,"in_reply_to":146,"seen_nodes":["n2","n1","n0","n3","n4"],"type":"gossip_ok"}}
2025/04/20 20:58:04 Received {n1 n2 {"message":55,"msg_id":147,"seen_nodes":["n1","n4","n3","n0","n2"],"type":"gossip"}}
2025/04/20 20:58:04 Sent {"src":"n2","dest":"n1","body":{"already_seen":false,"in_reply_to":147,"seen_nodes":["n2","n1","n4","n3","n0"],"type":"gossip_ok"}}
2025/04/20 20:58:04 Received {n1 n2 {"message":56,"msg_id":149,"seen_nodes":["n1","n0","n3","n4","n2"],"type":"gossip"}}
2025/04/20 20:58:04 Sent {"src":"n2","dest":"n1","body":{"already_seen":false,"in_reply_to":149,"seen_nodes":["n2","n1","n0","n3","n4"],"type":"gossip_ok"}}
2025/04/20 20:58:04 Received {n1 n2 {"message":56,"msg_id":150,"seen_nodes":["n1","n4","n3","n0","n2"],"type":"gossip"}}
2025/04/20 20:58:04 Sent {"src":"n2","dest":"n1","body":{"already_seen":false,"in_reply_to":150,"seen_nodes":["n2","n1","n4","n3","n0"],"type":"gossip_ok"}}
2025/04/20 20:58:05 Received {n1 n2 {"message":57,"msg_id":152,"seen_nodes":["n1","n4","n2"],"type":"gossip"}}
2025/04/20 20:58:05 Sent {"src":"n2","dest":"n1","body":{"already_seen":false,"in_reply_to":152,"seen_nodes":["n2","n1","n4"],"type":"gossip_ok"}}
2025/04/20 20:58:05 Received {c12 n2 {"type":"read","msg_id":21}}
================================ [0 1 2 2 3 4 4 5 5 6 7 7 8 8 9 10 10 11 12 12 13 14 14 15 15 16 16 17 18 19 20 21 22 22 23 23 24 25 25 26 27 27 28 29 30 31 31 32 32 33 34 35 35 36 36 37 37 38 39 39 40 41 41 42 43 43 44 44 45 45 46 47 47 48 49 49 50 51 51 52 53 53 54 54 55 55 56 56 57]
2025/04/20 20:58:05 Sent {"src":"n2","dest":"c12","body":{"in_reply_to":21,"messages":[0,1,2,2,3,4,4,5,5,6,7,7,8,8,9,10,10,11,12,12,13,14,14,15,15,16,16,17,18,19,20,21,22,22,23,23,24,25,25,26,27,27,28,29,30,31,31,32,32,33,34,35,35,36,36,37,37,38,39,39,40,41,41,42,43,43,44,44,45,45,46,47,47,48,49,49,50,51,51,52,53,53,54,54,55,55,56,56,57],"msg_id":21,"type":"read_ok"}}
2025/04/20 20:58:05 Received {n1 n2 {"message":58,"msg_id":156,"seen_nodes":["n1","n0","n3","n4","n2"],"type":"gossip"}}
2025/04/20 20:58:05 Received {n1 n2 {"message":58,"msg_id":155,"seen_nodes":["n1","n4","n3","n0","n2"],"type":"gossip"}}
2025/04/20 20:58:05 Sent {"src":"n2","dest":"n1","body":{"already_seen":false,"in_reply_to":156,"seen_nodes":["n2","n1","n0","n3","n4"],"type":"gossip_ok"}}
2025/04/20 20:58:05 Sent {"src":"n2","dest":"n1","body":{"already_seen":false,"in_reply_to":155,"seen_nodes":["n2","n1","n4","n3","n0"],"type":"gossip_ok"}}
2025/04/20 20:58:05 Received {n1 n2 {"message":59,"msg_id":157,"seen_nodes":["n1","n4","n2"],"type":"gossip"}}
2025/04/20 20:58:05 Sent {"src":"n2","dest":"n1","body":{"already_seen":false,"in_reply_to":157,"seen_nodes":["n2","n1","n4"],"type":"gossip_ok"}}
2025/04/20 20:58:05 Received {n1 n2 {"message":60,"msg_id":160,"seen_nodes":["n1","n0","n3","n4","n2"],"type":"gossip"}}
2025/04/20 20:58:05 Sent {"src":"n2","dest":"n1","body":{"already_seen":false,"in_reply_to":160,"seen_nodes":["n2","n1","n0","n3","n4"],"type":"gossip_ok"}}
2025/04/20 20:58:05 Received {n1 n2 {"message":60,"msg_id":161,"seen_nodes":["n1","n4","n3","n0","n2"],"type":"gossip"}}
2025/04/20 20:58:05 Sent {"src":"n2","dest":"n1","body":{"already_seen":false,"in_reply_to":161,"seen_nodes":["n2","n1","n4","n3","n0"],"type":"gossip_ok"}}
2025/04/20 20:58:05 Received {n1 n2 {"message":61,"msg_id":163,"seen_nodes":["n1","n0","n3","n4","n2"],"type":"gossip"}}
2025/04/20 20:58:05 Sent {"src":"n2","dest":"n1","body":{"already_seen":false,"in_reply_to":163,"seen_nodes":["n2","n1","n0","n3","n4"],"type":"gossip_ok"}}
2025/04/20 20:58:05 Received {n1 n2 {"message":61,"msg_id":164,"seen_nodes":["n1","n4","n3","n0","n2"],"type":"gossip"}}
2025/04/20 20:58:05 Sent {"src":"n2","dest":"n1","body":{"already_seen":false,"in_reply_to":164,"seen_nodes":["n2","n1","n4","n3","n0"],"type":"gossip_ok"}}
2025/04/20 20:58:05 Received {n1 n2 {"message":62,"msg_id":166,"seen_nodes":["n1","n4","n2"],"type":"gossip"}}
2025/04/20 20:58:05 Sent {"src":"n2","dest":"n1","body":{"already_seen":false,"in_reply_to":166,"seen_nodes":["n2","n1","n4"],"type":"gossip_ok"}}
2025/04/20 20:58:05 Received {c12 n2 {"type":"read","msg_id":22}}
================================ [0 1 2 2 3 4 4 5 5 6 7 7 8 8 9 10 10 11 12 12 13 14 14 15 15 16 16 17 18 19 20 21 22 22 23 23 24 25 25 26 27 27 28 29 30 31 31 32 32 33 34 35 35 36 36 37 37 38 39 39 40 41 41 42 43 43 44 44 45 45 46 47 47 48 49 49 50 51 51 52 53 53 54 54 55 55 56 56 57 58 58 59 60 60 61 61 62]
2025/04/20 20:58:05 Sent {"src":"n2","dest":"c12","body":{"in_reply_to":22,"messages":[0,1,2,2,3,4,4,5,5,6,7,7,8,8,9,10,10,11,12,12,13,14,14,15,15,16,16,17,18,19,20,21,22,22,23,23,24,25,25,26,27,27,28,29,30,31,31,32,32,33,34,35,35,36,36,37,37,38,39,39,40,41,41,42,43,43,44,44,45,45,46,47,47,48,49,49,50,51,51,52,53,53,54,54,55,55,56,56,57,58,58,59,60,60,61,61,62],"msg_id":22,"type":"read_ok"}}
2025/04/20 20:58:05 Received {n1 n2 {"message":63,"msg_id":170,"seen_nodes":["n1","n0","n3","n4","n2"],"type":"gossip"}}
2025/04/20 20:58:05 Received {n1 n2 {"message":63,"msg_id":169,"seen_nodes":["n1","n4","n3","n0","n2"],"type":"gossip"}}
2025/04/20 20:58:05 Sent {"src":"n2","dest":"n1","body":{"already_seen":false,"in_reply_to":169,"seen_nodes":["n2","n1","n4","n3","n0"],"type":"gossip_ok"}}
2025/04/20 20:58:05 Sent {"src":"n2","dest":"n1","body":{"already_seen":false,"in_reply_to":170,"seen_nodes":["n2","n1","n0","n3","n4"],"type":"gossip_ok"}}
2025/04/20 20:58:06 Received {c12 n2 {"type":"broadcast","message":64,"msg_id":23}}
2025/04/20 20:58:06 Sent {"src":"n2","dest":"n1","body":{"message":64,"msg_id":10,"seen_nodes":["n2","n1"],"type":"gossip"}}
2025/04/20 20:58:06 Sent {"src":"n2","dest":"c12","body":{"in_reply_to":23,"type":"broadcast_ok"}}
2025/04/20 20:58:06 Received {n1 n2 {"already_seen":false,"in_reply_to":10,"seen_nodes":["n1","n2"],"type":"gossip_ok"}}
2025/04/20 20:58:06 Received {n1 n2 {"message":65,"msg_id":173,"seen_nodes":["n1","n4","n3","n0","n2"],"type":"gossip"}}
2025/04/20 20:58:06 Sent {"src":"n2","dest":"n1","body":{"already_seen":false,"in_reply_to":173,"seen_nodes":["n2","n1","n4","n3","n0"],"type":"gossip_ok"}}
2025/04/20 20:58:06 Received {n1 n2 {"message":65,"msg_id":175,"seen_nodes":["n1","n0","n3","n4","n2"],"type":"gossip"}}
2025/04/20 20:58:06 Sent {"src":"n2","dest":"n1","body":{"already_seen":false,"in_reply_to":175,"seen_nodes":["n2","n1","n0","n3","n4"],"type":"gossip_ok"}}
2025/04/20 20:58:06 Received {n1 n2 {"message":66,"msg_id":177,"seen_nodes":["n1","n4","n2"],"type":"gossip"}}
2025/04/20 20:58:06 Sent {"src":"n2","dest":"n1","body":{"already_seen":false,"in_reply_to":177,"seen_nodes":["n2","n1","n4"],"type":"gossip_ok"}}
2025/04/20 20:58:07 Received {c12 n2 {"type":"read","msg_id":24}}
================================ [0 1 2 2 3 4 4 5 5 6 7 7 8 8 9 10 10 11 12 12 13 14 14 15 15 16 16 17 18 19 20 21 22 22 23 23 24 25 25 26 27 27 28 29 30 31 31 32 32 33 34 35 35 36 36 37 37 38 39 39 40 41 41 42 43 43 44 44 45 45 46 47 47 48 49 49 50 51 51 52 53 53 54 54 55 55 56 56 57 58 58 59 60 60 61 61 62 63 63 64 65 65 66]
2025/04/20 20:58:07 Sent {"src":"n2","dest":"c12","body":{"in_reply_to":24,"messages":[0,1,2,2,3,4,4,5,5,6,7,7,8,8,9,10,10,11,12,12,13,14,14,15,15,16,16,17,18,19,20,21,22,22,23,23,24,25,25,26,27,27,28,29,30,31,31,32,32,33,34,35,35,36,36,37,37,38,39,39,40,41,41,42,43,43,44,44,45,45,46,47,47,48,49,49,50,51,51,52,53,53,54,54,55,55,56,56,57,58,58,59,60,60,61,61,62,63,63,64,65,65,66],"msg_id":24,"type":"read_ok"}}
2025/04/20 20:58:07 Received {n1 n2 {"message":67,"msg_id":179,"seen_nodes":["n1","n4","n2"],"type":"gossip"}}
2025/04/20 20:58:07 Sent {"src":"n2","dest":"n1","body":{"already_seen":false,"in_reply_to":179,"seen_nodes":["n2","n1","n4"],"type":"gossip_ok"}}
2025/04/20 20:58:07 Received {n1 n2 {"message":68,"msg_id":182,"seen_nodes":["n1","n0","n3","n4","n2"],"type":"gossip"}}
2025/04/20 20:58:07 Sent {"src":"n2","dest":"n1","body":{"already_seen":false,"in_reply_to":182,"seen_nodes":["n2","n1","n0","n3","n4"],"type":"gossip_ok"}}
2025/04/20 20:58:07 Received {n1 n2 {"message":68,"msg_id":183,"seen_nodes":["n1","n4","n3","n0","n2"],"type":"gossip"}}
2025/04/20 20:58:07 Sent {"src":"n2","dest":"n1","body":{"already_seen":false,"in_reply_to":183,"seen_nodes":["n2","n1","n4","n3","n0"],"type":"gossip_ok"}}
2025/04/20 20:58:07 Received {n1 n2 {"message":69,"msg_id":185,"seen_nodes":["n1","n0","n3","n4","n2"],"type":"gossip"}}
2025/04/20 20:58:07 Sent {"src":"n2","dest":"n1","body":{"already_seen":false,"in_reply_to":185,"seen_nodes":["n2","n1","n0","n3","n4"],"type":"gossip_ok"}}
2025/04/20 20:58:07 Received {n1 n2 {"message":69,"msg_id":186,"seen_nodes":["n1","n4","n3","n0","n2"],"type":"gossip"}}
2025/04/20 20:58:07 Sent {"src":"n2","dest":"n1","body":{"already_seen":false,"in_reply_to":186,"seen_nodes":["n2","n1","n4","n3","n0"],"type":"gossip_ok"}}
2025/04/20 20:58:07 Received {c12 n2 {"type":"read","msg_id":25}}
================================ [0 1 2 2 3 4 4 5 5 6 7 7 8 8 9 10 10 11 12 12 13 14 14 15 15 16 16 17 18 19 20 21 22 22 23 23 24 25 25 26 27 27 28 29 30 31 31 32 32 33 34 35 35 36 36 37 37 38 39 39 40 41 41 42 43 43 44 44 45 45 46 47 47 48 49 49 50 51 51 52 53 53 54 54 55 55 56 56 57 58 58 59 60 60 61 61 62 63 63 64 65 65 66 67 68 68 69 69]
2025/04/20 20:58:07 Sent {"src":"n2","dest":"c12","body":{"in_reply_to":25,"messages":[0,1,2,2,3,4,4,5,5,6,7,7,8,8,9,10,10,11,12,12,13,14,14,15,15,16,16,17,18,19,20,21,22,22,23,23,24,25,25,26,27,27,28,29,30,31,31,32,32,33,34,35,35,36,36,37,37,38,39,39,40,41,41,42,43,43,44,44,45,45,46,47,47,48,49,49,50,51,51,52,53,53,54,54,55,55,56,56,57,58,58,59,60,60,61,61,62,63,63,64,65,65,66,67,68,68,69,69],"msg_id":25,"type":"read_ok"}}
2025/04/20 20:58:08 Received {n1 n2 {"message":70,"msg_id":188,"seen_nodes":["n1","n4","n2"],"type":"gossip"}}
2025/04/20 20:58:08 Sent {"src":"n2","dest":"n1","body":{"already_seen":false,"in_reply_to":188,"seen_nodes":["n2","n1","n4"],"type":"gossip_ok"}}
2025/04/20 20:58:08 Received {c12 n2 {"type":"broadcast","message":71,"msg_id":26}}
2025/04/20 20:58:08 Sent {"src":"n2","dest":"n1","body":{"message":71,"msg_id":11,"seen_nodes":["n2","n1"],"type":"gossip"}}
2025/04/20 20:58:08 Sent {"src":"n2","dest":"c12","body":{"in_reply_to":26,"type":"broadcast_ok"}}
2025/04/20 20:58:08 Received {n1 n2 {"already_seen":false,"in_reply_to":11,"seen_nodes":["n1","n2"],"type":"gossip_ok"}}
2025/04/20 20:58:08 Received {n1 n2 {"message":72,"msg_id":192,"seen_nodes":["n1","n4","n3","n0","n2"],"type":"gossip"}}
2025/04/20 20:58:08 Received {n1 n2 {"message":72,"msg_id":194,"seen_nodes":["n1","n0","n3","n4","n2"],"type":"gossip"}}
2025/04/20 20:58:08 Sent {"src":"n2","dest":"n1","body":{"already_seen":false,"in_reply_to":192,"seen_nodes":["n2","n1","n4","n3","n0"],"type":"gossip_ok"}}
2025/04/20 20:58:08 Sent {"src":"n2","dest":"n1","body":{"already_seen":false,"in_reply_to":194,"seen_nodes":["n2","n1","n0","n3","n4"],"type":"gossip_ok"}}
2025/04/20 20:58:08 Received {n1 n2 {"message":73,"msg_id":195,"seen_nodes":["n1","n4","n2"],"type":"gossip"}}
2025/04/20 20:58:08 Sent {"src":"n2","dest":"n1","body":{"already_seen":false,"in_reply_to":195,"seen_nodes":["n2","n1","n4"],"type":"gossip_ok"}}
2025/04/20 20:58:08 Received {n1 n2 {"message":74,"msg_id":198,"seen_nodes":["n1","n0","n3","n4","n2"],"type":"gossip"}}
2025/04/20 20:58:08 Sent {"src":"n2","dest":"n1","body":{"already_seen":false,"in_reply_to":198,"seen_nodes":["n2","n1","n0","n3","n4"],"type":"gossip_ok"}}
2025/04/20 20:58:08 Received {n1 n2 {"message":74,"msg_id":199,"seen_nodes":["n1","n4","n3","n0","n2"],"type":"gossip"}}
2025/04/20 20:58:08 Sent {"src":"n2","dest":"n1","body":{"already_seen":false,"in_reply_to":199,"seen_nodes":["n2","n1","n4","n3","n0"],"type":"gossip_ok"}}
2025/04/20 20:58:08 Received {c12 n2 {"type":"read","msg_id":27}}
================================ [0 1 2 2 3 4 4 5 5 6 7 7 8 8 9 10 10 11 12 12 13 14 14 15 15 16 16 17 18 19 20 21 22 22 23 23 24 25 25 26 27 27 28 29 30 31 31 32 32 33 34 35 35 36 36 37 37 38 39 39 40 41 41 42 43 43 44 44 45 45 46 47 47 48 49 49 50 51 51 52 53 53 54 54 55 55 56 56 57 58 58 59 60 60 61 61 62 63 63 64 65 65 66 67 68 68 69 69 70 71 72 72 73 74 74]
2025/04/20 20:58:08 Sent {"src":"n2","dest":"c12","body":{"in_reply_to":27,"messages":[0,1,2,2,3,4,4,5,5,6,7,7,8,8,9,10,10,11,12,12,13,14,14,15,15,16,16,17,18,19,20,21,22,22,23,23,24,25,25,26,27,27,28,29,30,31,31,32,32,33,34,35,35,36,36,37,37,38,39,39,40,41,41,42,43,43,44,44,45,45,46,47,47,48,49,49,50,51,51,52,53,53,54,54,55,55,56,56,57,58,58,59,60,60,61,61,62,63,63,64,65,65,66,67,68,68,69,69,70,71,72,72,73,74,74],"msg_id":27,"type":"read_ok"}}
2025/04/20 20:58:09 Received {n1 n2 {"message":75,"msg_id":200,"seen_nodes":["n1","n4","n2"],"type":"gossip"}}
2025/04/20 20:58:09 Sent {"src":"n2","dest":"n1","body":{"already_seen":false,"in_reply_to":200,"seen_nodes":["n2","n1","n4"],"type":"gossip_ok"}}
2025/04/20 20:58:09 Received {n1 n2 {"message":76,"msg_id":203,"seen_nodes":["n1","n4","n2"],"type":"gossip"}}
2025/04/20 20:58:09 Sent {"src":"n2","dest":"n1","body":{"already_seen":false,"in_reply_to":203,"seen_nodes":["n2","n1","n4"],"type":"gossip_ok"}}
2025/04/20 20:58:09 Received {c12 n2 {"type":"read","msg_id":28}}
================================ [0 1 2 2 3 4 4 5 5 6 7 7 8 8 9 10 10 11 12 12 13 14 14 15 15 16 16 17 18 19 20 21 22 22 23 23 24 25 25 26 27 27 28 29 30 31 31 32 32 33 34 35 35 36 36 37 37 38 39 39 40 41 41 42 43 43 44 44 45 45 46 47 47 48 49 49 50 51 51 52 53 53 54 54 55 55 56 56 57 58 58 59 60 60 61 61 62 63 63 64 65 65 66 67 68 68 69 69 70 71 72 72 73 74 74 75 76]
2025/04/20 20:58:09 Sent {"src":"n2","dest":"c12","body":{"in_reply_to":28,"messages":[0,1,2,2,3,4,4,5,5,6,7,7,8,8,9,10,10,11,12,12,13,14,14,15,15,16,16,17,18,19,20,21,22,22,23,23,24,25,25,26,27,27,28,29,30,31,31,32,32,33,34,35,35,36,36,37,37,38,39,39,40,41,41,42,43,43,44,44,45,45,46,47,47,48,49,49,50,51,51,52,53,53,54,54,55,55,56,56,57,58,58,59,60,60,61,61,62,63,63,64,65,65,66,67,68,68,69,69,70,71,72,72,73,74,74,75,76],"msg_id":28,"type":"read_ok"}}
2025/04/20 20:58:09 Received {n1 n2 {"message":77,"msg_id":205,"seen_nodes":["n1","n4","n2"],"type":"gossip"}}
2025/04/20 20:58:09 Sent {"src":"n2","dest":"n1","body":{"already_seen":false,"in_reply_to":205,"seen_nodes":["n2","n1","n4"],"type":"gossip_ok"}}
2025/04/20 20:58:09 Received {n1 n2 {"message":78,"msg_id":208,"seen_nodes":["n1","n0","n3","n4","n2"],"type":"gossip"}}
2025/04/20 20:58:09 Sent {"src":"n2","dest":"n1","body":{"already_seen":false,"in_reply_to":208,"seen_nodes":["n2","n1","n0","n3","n4"],"type":"gossip_ok"}}
2025/04/20 20:58:09 Received {n1 n2 {"message":78,"msg_id":209,"seen_nodes":["n1","n4","n3","n0","n2"],"type":"gossip"}}
2025/04/20 20:58:09 Sent {"src":"n2","dest":"n1","body":{"already_seen":false,"in_reply_to":209,"seen_nodes":["n2","n1","n4","n3","n0"],"type":"gossip_ok"}}
2025/04/20 20:58:09 Received {c12 n2 {"type":"broadcast","message":79,"msg_id":29}}
2025/04/20 20:58:09 Sent {"src":"n2","dest":"n1","body":{"message":79,"msg_id":12,"seen_nodes":["n2","n1"],"type":"gossip"}}
2025/04/20 20:58:09 Sent {"src":"n2","dest":"c12","body":{"in_reply_to":29,"type":"broadcast_ok"}}
2025/04/20 20:58:09 Received {n1 n2 {"already_seen":false,"in_reply_to":12,"seen_nodes":["n1","n2"],"type":"gossip_ok"}}
2025/04/20 20:58:10 Received {n1 n2 {"message":80,"msg_id":212,"seen_nodes":["n1","n4","n2"],"type":"gossip"}}
2025/04/20 20:58:10 Sent {"src":"n2","dest":"n1","body":{"already_seen":false,"in_reply_to":212,"seen_nodes":["n2","n1","n4"],"type":"gossip_ok"}}
2025/04/20 20:58:10 Received {n1 n2 {"message":81,"msg_id":215,"seen_nodes":["n1","n0","n3","n4","n2"],"type":"gossip"}}
2025/04/20 20:58:10 Sent {"src":"n2","dest":"n1","body":{"already_seen":false,"in_reply_to":215,"seen_nodes":["n2","n1","n0","n3","n4"],"type":"gossip_ok"}}
2025/04/20 20:58:10 Received {n1 n2 {"message":81,"msg_id":216,"seen_nodes":["n1","n4","n3","n0","n2"],"type":"gossip"}}
2025/04/20 20:58:10 Sent {"src":"n2","dest":"n1","body":{"already_seen":false,"in_reply_to":216,"seen_nodes":["n2","n1","n4","n3","n0"],"type":"gossip_ok"}}
2025/04/20 20:58:10 Received {c12 n2 {"type":"broadcast","message":82,"msg_id":30}}
2025/04/20 20:58:10 Sent {"src":"n2","dest":"n1","body":{"message":82,"msg_id":13,"seen_nodes":["n2","n1"],"type":"gossip"}}
2025/04/20 20:58:10 Sent {"src":"n2","dest":"c12","body":{"in_reply_to":30,"type":"broadcast_ok"}}
2025/04/20 20:58:10 Received {n1 n2 {"already_seen":false,"in_reply_to":13,"seen_nodes":["n1","n2"],"type":"gossip_ok"}}
2025/04/20 20:58:10 Received {n1 n2 {"message":83,"msg_id":220,"seen_nodes":["n1","n4","n3","n0","n2"],"type":"gossip"}}
2025/04/20 20:58:10 Received {n1 n2 {"message":83,"msg_id":221,"seen_nodes":["n1","n0","n3","n4","n2"],"type":"gossip"}}
2025/04/20 20:58:10 Sent {"src":"n2","dest":"n1","body":{"already_seen":false,"in_reply_to":220,"seen_nodes":["n2","n1","n4","n3","n0"],"type":"gossip_ok"}}
2025/04/20 20:58:10 Sent {"src":"n2","dest":"n1","body":{"already_seen":false,"in_reply_to":221,"seen_nodes":["n2","n1","n0","n3","n4"],"type":"gossip_ok"}}
2025/04/20 20:58:11 Received {n1 n2 {"message":84,"msg_id":223,"seen_nodes":["n1","n0","n3","n4","n2"],"type":"gossip"}}
2025/04/20 20:58:11 Sent {"src":"n2","dest":"n1","body":{"already_seen":false,"in_reply_to":223,"seen_nodes":["n2","n1","n0","n3","n4"],"type":"gossip_ok"}}
2025/04/20 20:58:11 Received {n1 n2 {"message":84,"msg_id":224,"seen_nodes":["n1","n4","n3","n0","n2"],"type":"gossip"}}
2025/04/20 20:58:11 Sent {"src":"n2","dest":"n1","body":{"already_seen":false,"in_reply_to":224,"seen_nodes":["n2","n1","n4","n3","n0"],"type":"gossip_ok"}}
2025/04/20 20:58:11 Received {n1 n2 {"message":85,"msg_id":226,"seen_nodes":["n1","n4","n2"],"type":"gossip"}}
2025/04/20 20:58:11 Sent {"src":"n2","dest":"n1","body":{"already_seen":false,"in_reply_to":226,"seen_nodes":["n2","n1","n4"],"type":"gossip_ok"}}
2025/04/20 20:58:11 Received {c12 n2 {"type":"broadcast","message":86,"msg_id":31}}
2025/04/20 20:58:11 Sent {"src":"n2","dest":"n1","body":{"message":86,"msg_id":14,"seen_nodes":["n2","n1"],"type":"gossip"}}
2025/04/20 20:58:11 Sent {"src":"n2","dest":"c12","body":{"in_reply_to":31,"type":"broadcast_ok"}}
2025/04/20 20:58:11 Received {n1 n2 {"already_seen":false,"in_reply_to":14,"seen_nodes":["n1","n2"],"type":"gossip_ok"}}
2025/04/20 20:58:11 Received {n1 n2 {"message":87,"msg_id":230,"seen_nodes":["n1","n4","n2"],"type":"gossip"}}
2025/04/20 20:58:11 Sent {"src":"n2","dest":"n1","body":{"already_seen":false,"in_reply_to":230,"seen_nodes":["n2","n1","n4"],"type":"gossip_ok"}}
2025/04/20 20:58:11 Received {c12 n2 {"type":"broadcast","message":88,"msg_id":32}}
2025/04/20 20:58:11 Sent {"src":"n2","dest":"n1","body":{"message":88,"msg_id":15,"seen_nodes":["n2","n1"],"type":"gossip"}}
2025/04/20 20:58:11 Sent {"src":"n2","dest":"c12","body":{"in_reply_to":32,"type":"broadcast_ok"}}
2025/04/20 20:58:11 Received {n1 n2 {"already_seen":false,"in_reply_to":15,"seen_nodes":["n1","n2"],"type":"gossip_ok"}}
2025/04/20 20:58:11 Received {n1 n2 {"message":89,"msg_id":234,"seen_nodes":["n1","n4","n2"],"type":"gossip"}}
2025/04/20 20:58:11 Sent {"src":"n2","dest":"n1","body":{"already_seen":false,"in_reply_to":234,"seen_nodes":["n2","n1","n4"],"type":"gossip_ok"}}
2025/04/20 20:58:12 Received {n1 n2 {"message":90,"msg_id":237,"seen_nodes":["n1","n0","n3","n4","n2"],"type":"gossip"}}
2025/04/20 20:58:12 Sent {"src":"n2","dest":"n1","body":{"already_seen":false,"in_reply_to":237,"seen_nodes":["n2","n1","n0","n3","n4"],"type":"gossip_ok"}}
2025/04/20 20:58:12 Received {n1 n2 {"message":90,"msg_id":238,"seen_nodes":["n1","n4","n3","n0","n2"],"type":"gossip"}}
2025/04/20 20:58:12 Sent {"src":"n2","dest":"n1","body":{"already_seen":false,"in_reply_to":238,"seen_nodes":["n2","n1","n4","n3","n0"],"type":"gossip_ok"}}
2025/04/20 20:58:12 Received {n1 n2 {"message":91,"msg_id":240,"seen_nodes":["n1","n0","n3","n4","n2"],"type":"gossip"}}
2025/04/20 20:58:12 Sent {"src":"n2","dest":"n1","body":{"already_seen":false,"in_reply_to":240,"seen_nodes":["n2","n1","n0","n3","n4"],"type":"gossip_ok"}}
2025/04/20 20:58:12 Received {n1 n2 {"message":91,"msg_id":241,"seen_nodes":["n1","n4","n3","n0","n2"],"type":"gossip"}}
2025/04/20 20:58:12 Sent {"src":"n2","dest":"n1","body":{"already_seen":false,"in_reply_to":241,"seen_nodes":["n2","n1","n4","n3","n0"],"type":"gossip_ok"}}
2025/04/20 20:58:12 Received {n1 n2 {"message":92,"msg_id":243,"seen_nodes":["n1","n4","n2"],"type":"gossip"}}
2025/04/20 20:58:12 Sent {"src":"n2","dest":"n1","body":{"already_seen":false,"in_reply_to":243,"seen_nodes":["n2","n1","n4"],"type":"gossip_ok"}}
2025/04/20 20:58:12 Received {c12 n2 {"type":"read","msg_id":33}}
================================ [0 1 2 2 3 4 4 5 5 6 7 7 8 8 9 10 10 11 12 12 13 14 14 15 15 16 16 17 18 19 20 21 22 22 23 23 24 25 25 26 27 27 28 29 30 31 31 32 32 33 34 35 35 36 36 37 37 38 39 39 40 41 41 42 43 43 44 44 45 45 46 47 47 48 49 49 50 51 51 52 53 53 54 54 55 55 56 56 57 58 58 59 60 60 61 61 62 63 63 64 65 65 66 67 68 68 69 69 70 71 72 72 73 74 74 75 76 77 78 78 79 80 81 81 82 83 83 84 84 85 86 87 88 89 90 90 91 91 92]
2025/04/20 20:58:12 Sent {"src":"n2","dest":"c12","body":{"in_reply_to":33,"messages":[0,1,2,2,3,4,4,5,5,6,7,7,8,8,9,10,10,11,12,12,13,14,14,15,15,16,16,17,18,19,20,21,22,22,23,23,24,25,25,26,27,27,28,29,30,31,31,32,32,33,34,35,35,36,36,37,37,38,39,39,40,41,41,42,43,43,44,44,45,45,46,47,47,48,49,49,50,51,51,52,53,53,54,54,55,55,56,56,57,58,58,59,60,60,61,61,62,63,63,64,65,65,66,67,68,68,69,69,70,71,72,72,73,74,74,75,76,77,78,78,79,80,81,81,82,83,83,84,84,85,86,87,88,89,90,90,91,91,92],"msg_id":33,"type":"read_ok"}}
2025/04/20 20:58:22 Received {c12 n2 {"type":"read","msg_id":34}}
================================ [0 1 2 2 3 4 4 5 5 6 7 7 8 8 9 10 10 11 12 12 13 14 14 15 15 16 16 17 18 19 20 21 22 22 23 23 24 25 25 26 27 27 28 29 30 31 31 32 32 33 34 35 35 36 36 37 37 38 39 39 40 41 41 42 43 43 44 44 45 45 46 47 47 48 49 49 50 51 51 52 53 53 54 54 55 55 56 56 57 58 58 59 60 60 61 61 62 63 63 64 65 65 66 67 68 68 69 69 70 71 72 72 73 74 74 75 76 77 78 78 79 80 81 81 82 83 83 84 84 85 86 87 88 89 90 90 91 91 92]
2025/04/20 20:58:22 Sent {"src":"n2","dest":"c12","body":{"in_reply_to":34,"messages":[0,1,2,2,3,4,4,5,5,6,7,7,8,8,9,10,10,11,12,12,13,14,14,15,15,16,16,17,18,19,20,21,22,22,23,23,24,25,25,26,27,27,28,29,30,31,31,32,32,33,34,35,35,36,36,37,37,38,39,39,40,41,41,42,43,43,44,44,45,45,46,47,47,48,49,49,50,51,51,52,53,53,54,54,55,55,56,56,57,58,58,59,60,60,61,61,62,63,63,64,65,65,66,67,68,68,69,69,70,71,72,72,73,74,74,75,76,77,78,78,79,80,81,81,82,83,83,84,84,85,86,87,88,89,90,90,91,91,92],"msg_id":34,"type":"read_ok"}}
