2025-04-20 20:34:11,435{GMT}	INFO	[jepsen test runner] jepsen.core: Command line:
lein run test -w broadcast --bin fly-io --node-count 1 --time-limit 2 --rate 1
2025-04-20 20:34:11,531{GMT}	INFO	[jepsen test runner] jepsen.core: Running test:
{:args []
 :remote
 #jepsen.control.retry.Remote{:remote #jepsen.control.scp.Remote{:cmd-remote #jepsen.control.sshj.SSHJRemote{:concurrency-limit 6,
                                                                                                             :conn-spec nil,
                                                                                                             :client nil,
                                                                                                             :semaphore nil},
                                                                 :conn-spec nil},
                              :conn nil}
 :log-net-send false
 :node-count 1
 :availability nil
 :max-txn-length 4
 :concurrency 1
 :db
 #object[maelstrom.db$db$reify__16612
         "0xb997735"
         "maelstrom.db$db$reify__16612@b997735"]
 :max-writes-per-key 16
 :leave-db-running? false
 :name "broadcast"
 :logging-json? false
 :start-time
 #object[org.joda.time.DateTime "0x6cf58989" "2025-04-20T20:34:11.414+05:30"]
 :nemesis-interval 10
 :net
 #object[maelstrom.net$jepsen_net$reify__15721
         "0x3a1dc432"
         "maelstrom.net$jepsen_net$reify__15721@3a1dc432"]
 :client
 #object[maelstrom.workload.broadcast$client$reify__17142
         "0x4c18b432"
         "maelstrom.workload.broadcast$client$reify__17142@4c18b432"]
 :barrier
 #object[java.util.concurrent.CyclicBarrier
         "0x4b954cbb"
         "java.util.concurrent.CyclicBarrier@4b954cbb"]
 :log-stderr false
 :pure-generators true
 :ssh {:dummy? true}
 :rate 1.0
 :checker
 #object[jepsen.checker$compose$reify__11089
         "0xbec2d81"
         "jepsen.checker$compose$reify__11089@bec2d81"]
 :argv
 ("test"
  "-w"
  "broadcast"
  "--bin"
  "fly-io"
  "--node-count"
  "1"
  "--time-limit"
  "2"
  "--rate"
  "1")
 :nemesis
 (jepsen.nemesis.ReflCompose
  {:fm {:start-partition 0,
        :stop-partition 0,
        :kill 1,
        :start 1,
        :pause 1,
        :resume 1},
   :nemeses [#unprintable "jepsen.nemesis.combined$partition_nemesis$reify__16905@5f04449a"
             #unprintable "jepsen.nemesis.combined$db_nemesis$reify__16886@5634c26c"]})
 :nodes ["n0"]
 :test-count 1
 :latency {:mean 0, :dist :constant}
 :bin "fly-io"
 :generator
 #object[jepsen.util.Forgettable
         "0x239fdf8f"
         ((jepsen.generator.Synchronize
           {:gen (jepsen.generator.TimeLimit
                  {:limit 2000000000,
                   :cutoff nil,
                   :gen (jepsen.generator.Any
                         {:gens [(jepsen.generator.OnThreads
                                  {:f #{:nemesis},
                                   :context-filter #object[jepsen.generator.context$make_thread_filter$lazy_filter__12077
                                                           "0x578036a2"
                                                           "jepsen.generator.context$make_thread_filter$lazy_filter__12077@578036a2"],
                                   :gen nil})
                                 (jepsen.generator.OnThreads
                                  {:f #jepsen.generator.context.AllBut{:element :nemesis},
                                   :context-filter #object[jepsen.generator.context$make_thread_filter$lazy_filter__12077
                                                           "0x36cc6055"
                                                           "jepsen.generator.context$make_thread_filter$lazy_filter__12077@36cc6055"],
                                   :gen (jepsen.generator.Stagger
                                         {:dt 2000000000,
                                          :next-time nil,
                                          :gen (jepsen.generator.Mix
                                                {:i 1,
                                                 :gens [({:f :broadcast,
                                                          :value 0}
                                                         {:f :broadcast,
                                                          :value 1}
                                                         {:f :broadcast,
                                                          :value 2}
                                                         {:f :broadcast,
                                                          :value 3}
                                                         {:f :broadcast,
                                                          :value 4}
                                                         {:f :broadcast,
                                                          :value 5}
                                                         {:f :broadcast,
                                                          :value 6}
                                                         {:f :broadcast,
                                                          :value 7}
                                                         ...)
                                                        ({:f :read}
                                                         {:f :read}
                                                         {:f :read}
                                                         {:f :read}
                                                         {:f :read}
                                                         {:f :read}
                                                         {:f :read}
                                                         {:f :read}
                                                         ...)]})})})]})})})
          (jepsen.generator.Synchronize
           {:gen (jepsen.generator.OnThreads
                  {:f #{:nemesis},
                   :context-filter #object[jepsen.generator.context$make_thread_filter$lazy_filter__12077
                                           "0x6ba6f4e7"
                                           "jepsen.generator.context$make_thread_filter$lazy_filter__12077@6ba6f4e7"],
                   :gen ()})})
          (jepsen.generator.Synchronize
           {:gen {:type :log, :value "Waiting for recovery..."}})
          (jepsen.generator.Synchronize {:gen {:type :sleep, :value 10}})
          (jepsen.generator.Synchronize
           {:gen (jepsen.generator.OnThreads
                  {:f #jepsen.generator.context.AllBut{:element :nemesis},
                   :context-filter #object[jepsen.generator.context$make_thread_filter$lazy_filter__12077
                                           "0x3d45ea17"
                                           "jepsen.generator.context$make_thread_filter$lazy_filter__12077@3d45ea17"],
                   :gen (jepsen.generator.EachThread
                         {:fresh-gen {:f :read, :final? true},
                          :context-filters #object[clojure.core$promise$reify__8621
                                                   "0x685efb22"
                                                   {:status :pending, :val nil}],
                          :gens {}})})}))]
 :log-net-recv false
 :os
 #object[maelstrom.net$jepsen_os$reify__15724
         "0x24a696c0"
         "maelstrom.net$jepsen_os$reify__15724@24a696c0"]
 :time-limit 2
 :workload :broadcast
 :consistency-models [:strict-serializable]
 :topology :grid}

2025-04-20 20:34:13,092{GMT}	INFO	[jepsen node n0] maelstrom.net: Starting Maelstrom network
2025-04-20 20:34:13,093{GMT}	INFO	[jepsen test runner] jepsen.db: Tearing down DB
2025-04-20 20:34:13,094{GMT}	INFO	[jepsen test runner] jepsen.db: Setting up DB
2025-04-20 20:34:13,096{GMT}	INFO	[jepsen node n0] maelstrom.service: Starting services: (lin-kv lin-tso lww-kv seq-kv)
2025-04-20 20:34:13,097{GMT}	INFO	[jepsen node n0] maelstrom.db: Setting up n0
2025-04-20 20:34:13,098{GMT}	INFO	[jepsen node n0] maelstrom.process: launching fly-io []
2025-04-20 20:34:13,122{GMT}	INFO	[jepsen test runner] jepsen.core: Relative time begins now
2025-04-20 20:34:13,139{GMT}	INFO	[jepsen worker 0] jepsen.util: 0	:invoke	:read	nil
2025-04-20 20:34:13,143{GMT}	INFO	[jepsen worker 0] jepsen.util: 0	:ok	:read	[]
2025-04-20 20:34:14,698{GMT}	INFO	[jepsen worker 0] jepsen.util: 0	:invoke	:read	nil
2025-04-20 20:34:14,701{GMT}	INFO	[jepsen worker 0] jepsen.util: 0	:ok	:read	[]
2025-04-20 20:34:14,701{GMT}	INFO	[jepsen worker 0] jepsen.generator.interpreter: Waiting for recovery...
2025-04-20 20:34:24,705{GMT}	INFO	[jepsen worker 0] jepsen.util: 0	:invoke	:read	nil
2025-04-20 20:34:24,708{GMT}	INFO	[jepsen worker 0] jepsen.util: 0	:ok	:read	[]
2025-04-20 20:34:24,729{GMT}	INFO	[jepsen test runner] jepsen.core: Run complete, writing
2025-04-20 20:34:24,764{GMT}	INFO	[jepsen node n0] maelstrom.db: Tearing down n0
2025-04-20 20:34:26,104{GMT}	INFO	[jepsen node n0] maelstrom.net: Shutting down Maelstrom network
2025-04-20 20:34:26,105{GMT}	INFO	[jepsen test runner] jepsen.core: Analyzing...
2025-04-20 20:34:26,296{GMT}	INFO	[jepsen test runner] jepsen.core: Analysis complete
2025-04-20 20:34:26,313{GMT}	INFO	[jepsen results] jepsen.store: Wrote /home/divi/git/fly.io/store/broadcast/20250420T203411.414+0530/results.edn
2025-04-20 20:34:26,331{GMT}	INFO	[jepsen test runner] jepsen.core: {:perf {:latency-graph {:valid? true},
        :rate-graph {:valid? true},
        :valid? true},
 :timeline {:valid? true},
 :exceptions {:valid? true},
 :stats {:valid? true,
         :count 3,
         :ok-count 3,
         :fail-count 0,
         :info-count 0,
         :by-f {:read {:valid? true,
                       :count 3,
                       :ok-count 3,
                       :fail-count 0,
                       :info-count 0}}},
 :availability {:valid? true, :ok-fraction 1.0},
 :net {:all {:send-count 10,
             :recv-count 10,
             :msg-count 10,
             :msgs-per-op 3.3333333},
       :clients {:send-count 10, :recv-count 10, :msg-count 10},
       :servers {:send-count 0,
                 :recv-count 0,
                 :msg-count 0,
                 :msgs-per-op 0.0},
       :valid? true},
 :workload {:worst-stale (),
            :duplicated-count 0,
            :valid? :unknown,
            :lost-count 0,
            :lost (),
            :stable-count 0,
            :stale-count 0,
            :stale (),
            :never-read-count 0,
            :attempt-count 0,
            :never-read (),
            :duplicated {}},
 :valid? :unknown}


Errors occurred during analysis, but no anomalies found. ಠ~ಠ
