2025-04-20 17:08:53,118{GMT}	INFO	[jepsen test runner] jepsen.core: Command line:
lein run test -w unique-ids --bin ./fly-io --time-limit 1 --rate 10 --node-count 1 --availability total --nemesis partition
2025-04-20 17:08:53,189{GMT}	INFO	[jepsen test runner] jepsen.core: Running test:
{:args []
 :remote
 #jepsen.control.retry.Remote{:remote #jepsen.control.scp.Remote{:cmd-remote #jepsen.control.sshj.SSHJRemote{:concurrency-limit 6,
                                                                                                             :conn-spec nil,
                                                                                                             :client nil,
                                                                                                             :semaphore nil},
                                                                 :conn-spec nil},
                              :conn nil}
 :log-net-send false
 :node-count 1
 :availability :total
 :max-txn-length 4
 :concurrency 1
 :db
 #object[maelstrom.db$db$reify__16612
         "0x11303cb"
         "maelstrom.db$db$reify__16612@11303cb"]
 :max-writes-per-key 16
 :leave-db-running? false
 :name "unique-ids"
 :logging-json? false
 :start-time
 #object[org.joda.time.DateTime "0x1f299fc3" "2025-04-20T17:08:53.098+05:30"]
 :nemesis-interval 10
 :net
 #object[maelstrom.net$jepsen_net$reify__15721
         "0xb997735"
         "maelstrom.net$jepsen_net$reify__15721@b997735"]
 :client
 #object[maelstrom.workload.unique_ids$client$reify__21401
         "0x178826db"
         "maelstrom.workload.unique_ids$client$reify__21401@178826db"]
 :barrier
 #object[java.util.concurrent.CyclicBarrier
         "0x7f913c47"
         "java.util.concurrent.CyclicBarrier@7f913c47"]
 :log-stderr false
 :pure-generators true
 :ssh {:dummy? true}
 :rate 10.0
 :checker
 #object[jepsen.checker$compose$reify__11089
         "0x2c9573f1"
         "jepsen.checker$compose$reify__11089@2c9573f1"]
 :argv
 ("test"
  "-w"
  "unique-ids"
  "--bin"
  "./fly-io"
  "--time-limit"
  "1"
  "--rate"
  "10"
  "--node-count"
  "1"
  "--availability"
  "total"
  "--nemesis"
  "partition")
 :nemesis
 (jepsen.nemesis.ReflCompose
  {:fm {:start-partition 0,
        :stop-partition 0,
        :kill 1,
        :start 1,
        :pause 1,
        :resume 1},
   :nemeses [#unprintable "jepsen.nemesis.combined$partition_nemesis$reify__16905@6cf58989"
             #unprintable "jepsen.nemesis.combined$db_nemesis$reify__16886@3a1dc432"]})
 :nodes ["n0"]
 :test-count 1
 :latency {:mean 0, :dist :constant}
 :bin "./fly-io"
 :generator
 #object[jepsen.util.Forgettable
         "0x2092b072"
         (jepsen.generator.TimeLimit
          {:limit 1000000000,
           :cutoff nil,
           :gen (jepsen.generator.Any
                 {:gens [(jepsen.generator.OnThreads
                          {:f #{:nemesis},
                           :context-filter #object[jepsen.generator.context$make_thread_filter$lazy_filter__12077
                                                   "0x22f3b213"
                                                   "jepsen.generator.context$make_thread_filter$lazy_filter__12077@22f3b213"],
                           :gen (jepsen.generator.Stagger
                                 {:dt 20000000000,
                                  :next-time nil,
                                  :gen (jepsen.generator.FlipFlop
                                        {:gens [#object[jepsen.nemesis.combined$partition_package$start__16909
                                                        "0xe18848d"
                                                        "jepsen.nemesis.combined$partition_package$start__16909@e18848d"]
                                                (jepsen.generator.Repeat
                                                 {:remaining -1,
                                                  :gen {:type :info,
                                                        :f :stop-partition,
                                                        :value nil}})],
                                         :i 0})})})
                         (jepsen.generator.OnThreads
                          {:f #jepsen.generator.context.AllBut{:element :nemesis},
                           :context-filter #object[jepsen.generator.context$make_thread_filter$lazy_filter__12077
                                                   "0x53a65166"
                                                   "jepsen.generator.context$make_thread_filter$lazy_filter__12077@53a65166"],
                           :gen (jepsen.generator.Stagger
                                 {:dt 200000000,
                                  :next-time nil,
                                  :gen (jepsen.generator.Repeat
                                        {:remaining -1, :gen {:f :generate}})})})]})})]
 :log-net-recv false
 :os
 #object[maelstrom.net$jepsen_os$reify__15724
         "0x22aaa811"
         "maelstrom.net$jepsen_os$reify__15724@22aaa811"]
 :time-limit 1
 :workload :unique-ids
 :consistency-models [:strict-serializable]
 :topology :grid}

2025-04-20 17:08:54,751{GMT}	INFO	[jepsen node n0] maelstrom.net: Starting Maelstrom network
2025-04-20 17:08:54,752{GMT}	INFO	[jepsen test runner] jepsen.db: Tearing down DB
2025-04-20 17:08:54,753{GMT}	INFO	[jepsen test runner] jepsen.db: Setting up DB
2025-04-20 17:08:54,754{GMT}	INFO	[jepsen node n0] maelstrom.service: Starting services: (lin-kv lin-tso lww-kv seq-kv)
2025-04-20 17:08:54,756{GMT}	INFO	[jepsen node n0] maelstrom.db: Setting up n0
2025-04-20 17:08:54,756{GMT}	INFO	[jepsen node n0] maelstrom.process: launching ./fly-io []
2025-04-20 17:08:54,778{GMT}	INFO	[jepsen test runner] jepsen.core: Relative time begins now
2025-04-20 17:08:54,792{GMT}	INFO	[jepsen worker nemesis] jepsen.util: :nemesis	:info	:start-partition	:one
2025-04-20 17:08:54,792{GMT}	INFO	[jepsen worker 0] jepsen.util: 0	:invoke	:generate	nil
2025-04-20 17:08:54,797{GMT}	INFO	[jepsen worker nemesis] jepsen.util: :nemesis	:info	:start-partition	[:isolated {"n0" #{}}]
2025-04-20 17:08:59,796{GMT}	INFO	[jepsen worker 0] jepsen.util: 0	:info	:generate	nil	:net-timeout
2025-04-20 17:08:59,818{GMT}	INFO	[jepsen test runner] jepsen.core: Run complete, writing
2025-04-20 17:08:59,866{GMT}	INFO	[jepsen node n0] maelstrom.db: Tearing down n0
2025-04-20 17:09:00,799{GMT}	INFO	[jepsen node n0] maelstrom.net: Shutting down Maelstrom network
2025-04-20 17:09:00,802{GMT}	WARN	[jepsen test runner] jepsen.core: Test crashed!
clojure.lang.ExceptionInfo: Node n0 crashed with exit status 1. Before crashing, it wrote to STDOUT:

{"src":"n0","dest":"c0","body":{"in_reply_to":1,"type":"init_ok"}}

And to STDERR:

2025/04/20 17:08:54 Received {c0 n0 {"type":"init","node_id":"n0","node_ids":["n0"],"msg_id":1}}
2025/04/20 17:08:54 Node n0 initialized
2025/04/20 17:08:54 Sent {"src":"n0","dest":"c0","body":{"in_reply_to":1,"type":"init_ok"}}
2025/04/20 17:08:54 Received {c2 n0 {"type":"generate","msg_id":1}}
2025/04/20 17:08:54 No handler for {"id":2,"src":"c2","dest":"n0","body":{"type":"generate","msg_id":1}}

Full STDERR logs are available in /home/divi/git/fly.io/store/unique-ids/20250420T170853.098+0530/node-logs/n0.log
	at slingshot.support$stack_trace.invoke(support.clj:201)
	at maelstrom.process$stop_node_BANG_.invokeStatic(process.clj:239)
	at maelstrom.process$stop_node_BANG_.invoke(process.clj:217)
	at maelstrom.db$db$reify__16612.teardown_BANG_(db.clj:75)
	at jepsen.db$fn__11629$G__11610__11633.invoke(db.clj:12)
	at jepsen.db$fn__11629$G__11609__11638.invoke(db.clj:12)
	at clojure.core$partial$fn__5927.invoke(core.clj:2642)
	at jepsen.control$on_nodes$fn__9552.invoke(control.clj:319)
	at clojure.lang.AFn.applyToHelper(AFn.java:154)
	at clojure.lang.AFn.applyTo(AFn.java:144)
	at clojure.core$apply.invokeStatic(core.clj:667)
	at clojure.core$with_bindings_STAR_.invokeStatic(core.clj:1990)
	at clojure.core$with_bindings_STAR_.doInvoke(core.clj:1990)
	at clojure.lang.RestFn.applyTo(RestFn.java:145)
	at clojure.core$apply.invokeStatic(core.clj:671)
	at clojure.core$bound_fn_STAR_$fn__5837.doInvoke(core.clj:2020)
	at clojure.lang.RestFn.invoke(RestFn.java:411)
	at clojure.core$mapv$fn__8565.invoke(core.clj:7059)
	at clojure.lang.ArrayChunk.reduce(ArrayChunk.java:60)
	at clojure.core.protocols$fn__8270.invokeStatic(protocols.clj:135)
	at clojure.core.protocols$fn__8270.invoke(protocols.clj:123)
	at clojure.core.protocols$fn__8229$G__8224__8238.invoke(protocols.clj:19)
	at clojure.core.protocols$seq_reduce.invokeStatic(protocols.clj:31)
	at clojure.core.protocols$fn__8262.invokeStatic(protocols.clj:74)
	at clojure.core.protocols$fn__8262.invoke(protocols.clj:74)
	at clojure.core.protocols$fn__8203$G__8198__8216.invoke(protocols.clj:13)
	at clojure.core$reduce.invokeStatic(core.clj:6965)
	at clojure.core$mapv.invokeStatic(core.clj:7050)
	at clojure.core$mapv.invoke(core.clj:7050)
	at jepsen.control$on_nodes.invokeStatic(control.clj:316)
	at jepsen.control$on_nodes.invoke(control.clj:299)
	at jepsen.control$on_nodes.invokeStatic(control.clj:304)
	at jepsen.control$on_nodes.invoke(control.clj:299)
	at jepsen.core$run_BANG_$fn__13912$fn__13915.invoke(core.clj:399)
	at jepsen.core$run_BANG_$fn__13912.invoke(core.clj:398)
	at jepsen.core$run_BANG_.invokeStatic(core.clj:396)
	at jepsen.core$run_BANG_.invoke(core.clj:322)
	at jepsen.cli$single_test_cmd$fn__15082.invoke(cli.clj:396)
	at jepsen.cli$run_BANG_.invokeStatic(cli.clj:329)
	at jepsen.cli$run_BANG_.invoke(cli.clj:258)
	at maelstrom.core$_main.invokeStatic(core.clj:269)
	at maelstrom.core$_main.doInvoke(core.clj:267)
	at clojure.lang.RestFn.applyTo(RestFn.java:140)
	at maelstrom.core.main(Unknown Source)
