2025/04/21 09:45:55 Received {c4 n0 {"type":"init","node_id":"n0","node_ids":["n0","n1","n2","n3","n4"],"msg_id":1}}
2025/04/21 09:45:55 Node n0 initialized
2025/04/21 09:45:55 Sent {"src":"n0","dest":"c4","body":{"in_reply_to":1,"type":"init_ok"}}
2025/04/21 09:45:55 Received {c5 n0 {"type":"topology","topology":{"n0":["n3","n1"],"n1":["n4","n2","n0"],"n2":["n1"],"n3":["n0","n4"],"n4":["n1","n3"]},"msg_id":1}}
2025/04/21 09:45:55 Sent {"src":"n0","dest":"c5","body":{"in_reply_to":1,"msg_id":1,"type":"topology_ok"}}
2025/04/21 09:45:55 Received {c10 n0 {"type":"read","msg_id":1}}
2025/04/21 09:45:55 Sent {"src":"n0","dest":"c10","body":{"in_reply_to":1,"messages":[],"msg_id":2,"type":"read_ok"}}
2025/04/21 09:45:55 Received {n1 n0 {"data_id":"c11_1","message":0,"msg_id":2,"seen_nodes":["n1","n2","n4","n0"],"type":"gossip"}}
2025/04/21 09:45:55 Sent {"src":"n0","dest":"n3","body":{"data_id":"c11_1","message":0,"msg_id":1,"seen_nodes":["n0","n1","n2","n4","n3"],"type":"gossip"}}
2025/04/21 09:45:55 Sent {"src":"n0","dest":"n1","body":{"already_seen":false,"in_reply_to":2,"msg_id":4,"seen_nodes":["n0","n1","n2","n4","n3"],"type":"gossip_ok"}}
2025/04/21 09:45:57 Received {c10 n0 {"type":"read","msg_id":2}}
2025/04/21 09:45:57 Sent {"src":"n0","dest":"c10","body":{"in_reply_to":2,"messages":[0],"msg_id":5,"type":"read_ok"}}
2025/04/21 09:45:57 Received {c10 n0 {"type":"broadcast","message":1,"msg_id":3}}
2025/04/21 09:45:57 Sent {"src":"n0","dest":"n3","body":{"data_id":"c10_3","message":1,"msg_id":2,"seen_nodes":["n0","n3"],"type":"gossip"}}
2025/04/21 09:45:57 Sent {"src":"n0","dest":"n1","body":{"data_id":"c10_3","message":1,"msg_id":3,"seen_nodes":["n0","n3","n1"],"type":"gossip"}}
2025/04/21 09:45:57 Sent {"src":"n0","dest":"c10","body":{"in_reply_to":3,"msg_id":8,"type":"broadcast_ok"}}
2025/04/21 09:45:57 Received {n1 n0 {"already_seen":false,"in_reply_to":3,"msg_id":7,"seen_nodes":["n1","n0","n3","n4","n2"],"type":"gossip_ok"}}
2025/04/21 09:45:58 Received {n1 n0 {"data_id":"c14_1","message":2,"msg_id":7,"seen_nodes":["n1","n4","n2","n0"],"type":"gossip"}}
2025/04/21 09:45:58 Sent {"src":"n0","dest":"n3","body":{"data_id":"c14_1","message":2,"msg_id":4,"seen_nodes":["n0","n1","n4","n2","n3"],"type":"gossip"}}
2025/04/21 09:45:58 Sent {"src":"n0","dest":"n1","body":{"already_seen":false,"in_reply_to":7,"msg_id":10,"seen_nodes":["n0","n1","n4","n2","n3"],"type":"gossip_ok"}}
2025/04/21 09:46:09 Received {c10 n0 {"type":"read","msg_id":4}}
2025/04/21 09:46:09 Sent {"src":"n0","dest":"c10","body":{"in_reply_to":4,"messages":[1,2,0],"msg_id":11,"type":"read_ok"}}
